2025-01-23 18:07:58,783 - INFO - Starting training...
2025-01-23 18:09:27,022 - INFO - Epoch 1: val_loss=1.8839, val_acc=0.00%
2025-01-23 18:09:41,496 - INFO - Epoch 1: val_loss=1.8973, val_acc=0.00%
2025-01-23 18:09:41,805 - INFO - ####################Training epoch 0####################
2025-01-23 18:09:57,138 - INFO - Epoch 1: train_loss=1.8050
2025-01-23 18:10:30,023 - INFO - Epoch 1: train_loss=1.2838
2025-01-23 18:11:04,507 - INFO - Epoch 1: train_loss=0.8221
2025-01-23 18:11:38,336 - INFO - Epoch 1: train_loss=0.5518
2025-01-23 18:12:15,817 - INFO - Epoch 1: train_loss=0.3510
2025-01-23 18:12:53,247 - INFO - Epoch 1: train_loss=0.1908
2025-01-23 18:13:28,194 - INFO - Epoch 1: train_loss=0.1188
2025-01-23 18:14:01,998 - INFO - Epoch 1: train_loss=0.0717
2025-01-23 18:14:39,729 - INFO - Epoch 1: train_loss=0.0426
2025-01-23 18:15:17,288 - INFO - Epoch 1: train_loss=0.0404
2025-01-23 18:15:53,478 - INFO - Epoch 1: train_loss=0.0184
2025-01-23 18:16:28,073 - INFO - Epoch 1: train_loss=0.0153
2025-01-23 18:17:03,032 - INFO - Epoch 1: train_loss=0.0132
2025-01-23 18:17:39,095 - INFO - Epoch 1: train_loss=0.0094
2025-01-23 18:18:14,480 - INFO - Epoch 1: train_loss=0.0063
2025-01-23 18:18:49,536 - INFO - Epoch 1: train_loss=0.0054
2025-01-23 18:19:26,420 - INFO - Epoch 1: train_loss=0.0053
2025-01-23 18:20:00,385 - INFO - Epoch 1: train_loss=nan
2025-01-23 18:20:31,112 - INFO - Epoch 1: train_loss=nan
2025-01-23 18:20:54,679 - INFO - Epoch 1: train_loss=nan
2025-01-23 18:21:18,118 - INFO - Epoch 1: train_loss=nan
2025-01-23 18:46:32,851 - INFO - Starting training...
2025-01-23 18:46:48,837 - INFO - Epoch 1: val_loss=1.3929, val_acc=3.12%
2025-01-23 18:47:01,956 - INFO - Epoch 1: val_loss=1.4085, val_acc=3.12%
2025-01-23 18:47:02,585 - INFO - ####################Training epoch 0####################
2025-01-23 18:47:17,649 - INFO - Epoch 1: train_loss=1.3421
2025-01-23 18:47:46,798 - INFO - Epoch 1: train_loss=1.0345
2025-01-23 18:48:16,591 - INFO - Epoch 1: train_loss=0.7098
2025-01-23 18:48:48,128 - INFO - Epoch 1: train_loss=0.5158
2025-01-23 18:49:17,438 - INFO - Epoch 1: train_loss=0.3665
2025-01-23 18:49:46,669 - INFO - Epoch 1: train_loss=0.2492
2025-01-23 18:50:15,934 - INFO - Epoch 1: train_loss=0.1708
2025-01-23 18:50:46,405 - INFO - Epoch 1: train_loss=0.1229
2025-01-23 18:51:15,931 - INFO - Epoch 1: train_loss=0.0925
