2025-01-23 18:46:35,671 - INFO - ==============Entering Encoder Block 0==============
2025-01-23 18:46:40,912 - INFO - ---------- attention(Innocent) ---------- 
2025-01-23 18:46:40,921 - INFO - attn_output has nan: False
2025-01-23 18:46:41,084 - INFO - ---------Layer Normalisation-----------
2025-01-23 18:46:41,088 - INFO - x has nan: False
2025-01-23 18:46:41,088 - INFO - mu has nan: False
2025-01-23 18:46:41,089 - INFO - var has nan: False
2025-01-23 18:46:41,092 - INFO - x_normalised has nan: False
2025-01-23 18:46:41,096 - INFO - x_tilde has nan: False
2025-01-23 18:46:41,169 - INFO - ---------FFN-----------
2025-01-23 18:46:41,181 - INFO - s_i has nan : False
2025-01-23 18:46:41,187 - INFO - h_i has nan : False
2025-01-23 18:46:41,191 - INFO - x_next has nan : False
2025-01-23 18:46:41,264 - INFO - ---------Layer Normalisation-----------
2025-01-23 18:46:41,267 - INFO - x has nan: False
2025-01-23 18:46:41,268 - INFO - mu has nan: False
2025-01-23 18:46:41,268 - INFO - var has nan: False
2025-01-23 18:46:41,271 - INFO - x_normalised has nan: False
2025-01-23 18:46:41,274 - INFO - x_tilde has nan: False
2025-01-23 18:46:41,278 - INFO - Encoder Block 0 output has nan: False
2025-01-23 18:46:41,278 - INFO - ==============Entering Encoder Block 1==============
2025-01-23 18:46:44,783 - INFO - ---------- attention(Innocent) ---------- 
2025-01-23 18:46:44,786 - INFO - attn_output has nan: False
2025-01-23 18:46:44,900 - INFO - ---------Layer Normalisation-----------
2025-01-23 18:46:44,903 - INFO - x has nan: False
2025-01-23 18:46:44,904 - INFO - mu has nan: False
2025-01-23 18:46:44,904 - INFO - var has nan: False
2025-01-23 18:46:44,907 - INFO - x_normalised has nan: False
2025-01-23 18:46:44,910 - INFO - x_tilde has nan: False
2025-01-23 18:46:44,979 - INFO - ---------FFN-----------
2025-01-23 18:46:44,986 - INFO - s_i has nan : False
2025-01-23 18:46:44,991 - INFO - h_i has nan : False
2025-01-23 18:46:44,995 - INFO - x_next has nan : False
2025-01-23 18:46:45,050 - INFO - ---------Layer Normalisation-----------
2025-01-23 18:46:45,053 - INFO - x has nan: False
2025-01-23 18:46:45,054 - INFO - mu has nan: False
2025-01-23 18:46:45,054 - INFO - var has nan: False
2025-01-23 18:46:45,057 - INFO - x_normalised has nan: False
2025-01-23 18:46:45,060 - INFO - x_tilde has nan: False
2025-01-23 18:46:45,063 - INFO - Encoder Block 1 output has nan: False
2025-01-23 18:46:45,063 - INFO - ==============Entering Encoder Block 2==============
2025-01-23 18:46:48,565 - INFO - ---------- attention(Innocent) ---------- 
2025-01-23 18:46:48,568 - INFO - attn_output has nan: False
2025-01-23 18:46:48,683 - INFO - ---------Layer Normalisation-----------
2025-01-23 18:46:48,687 - INFO - x has nan: False
2025-01-23 18:46:48,687 - INFO - mu has nan: False
2025-01-23 18:46:48,688 - INFO - var has nan: False
2025-01-23 18:46:48,691 - INFO - x_normalised has nan: False
2025-01-23 18:46:48,694 - INFO - x_tilde has nan: False
2025-01-23 18:46:48,764 - INFO - ---------FFN-----------
2025-01-23 18:46:48,770 - INFO - s_i has nan : False
2025-01-23 18:46:48,776 - INFO - h_i has nan : False
2025-01-23 18:46:48,779 - INFO - x_next has nan : False
2025-01-23 18:46:48,820 - INFO - ---------Layer Normalisation-----------
2025-01-23 18:46:48,824 - INFO - x has nan: False
2025-01-23 18:46:48,824 - INFO - mu has nan: False
2025-01-23 18:46:48,825 - INFO - var has nan: False
2025-01-23 18:46:48,827 - INFO - x_normalised has nan: False
2025-01-23 18:46:48,830 - INFO - x_tilde has nan: False
2025-01-23 18:46:48,834 - INFO - Encoder Block 2 output has nan: False
2025-01-23 18:46:48,836 - INFO - ---------Classification Head-----------
2025-01-23 18:46:48,836 - INFO - logits has nan: False
2025-01-23 18:46:48,861 - INFO - ==============Entering Encoder Block 0==============
2025-01-23 18:46:54,098 - INFO - ---------- attention(Innocent) ---------- 
2025-01-23 18:46:54,101 - INFO - attn_output has nan: False
2025-01-23 18:46:54,217 - INFO - ---------Layer Normalisation-----------
2025-01-23 18:46:54,221 - INFO - x has nan: False
2025-01-23 18:46:54,221 - INFO - mu has nan: False
2025-01-23 18:46:54,221 - INFO - var has nan: False
2025-01-23 18:46:54,224 - INFO - x_normalised has nan: False
2025-01-23 18:46:54,227 - INFO - x_tilde has nan: False
2025-01-23 18:46:54,297 - INFO - ---------FFN-----------
2025-01-23 18:46:54,304 - INFO - s_i has nan : False
2025-01-23 18:46:54,309 - INFO - h_i has nan : False
2025-01-23 18:46:54,313 - INFO - x_next has nan : False
2025-01-23 18:46:54,352 - INFO - ---------Layer Normalisation-----------
2025-01-23 18:46:54,355 - INFO - x has nan: False
2025-01-23 18:46:54,356 - INFO - mu has nan: False
2025-01-23 18:46:54,356 - INFO - var has nan: False
2025-01-23 18:46:54,359 - INFO - x_normalised has nan: False
2025-01-23 18:46:54,362 - INFO - x_tilde has nan: False
2025-01-23 18:46:54,365 - INFO - Encoder Block 0 output has nan: False
2025-01-23 18:46:54,365 - INFO - ==============Entering Encoder Block 1==============
2025-01-23 18:46:57,885 - INFO - ---------- attention(Innocent) ---------- 
2025-01-23 18:46:57,888 - INFO - attn_output has nan: False
2025-01-23 18:46:58,003 - INFO - ---------Layer Normalisation-----------
2025-01-23 18:46:58,007 - INFO - x has nan: False
2025-01-23 18:46:58,007 - INFO - mu has nan: False
2025-01-23 18:46:58,008 - INFO - var has nan: False
2025-01-23 18:46:58,011 - INFO - x_normalised has nan: False
2025-01-23 18:46:58,014 - INFO - x_tilde has nan: False
2025-01-23 18:46:58,083 - INFO - ---------FFN-----------
2025-01-23 18:46:58,091 - INFO - s_i has nan : False
2025-01-23 18:46:58,097 - INFO - h_i has nan : False
2025-01-23 18:46:58,100 - INFO - x_next has nan : False
2025-01-23 18:46:58,141 - INFO - ---------Layer Normalisation-----------
2025-01-23 18:46:58,145 - INFO - x has nan: False
2025-01-23 18:46:58,145 - INFO - mu has nan: False
2025-01-23 18:46:58,146 - INFO - var has nan: False
2025-01-23 18:46:58,149 - INFO - x_normalised has nan: False
2025-01-23 18:46:58,152 - INFO - x_tilde has nan: False
2025-01-23 18:46:58,155 - INFO - Encoder Block 1 output has nan: False
2025-01-23 18:46:58,156 - INFO - ==============Entering Encoder Block 2==============
2025-01-23 18:47:01,676 - INFO - ---------- attention(Innocent) ---------- 
2025-01-23 18:47:01,679 - INFO - attn_output has nan: False
2025-01-23 18:47:01,794 - INFO - ---------Layer Normalisation-----------
2025-01-23 18:47:01,797 - INFO - x has nan: False
2025-01-23 18:47:01,798 - INFO - mu has nan: False
2025-01-23 18:47:01,798 - INFO - var has nan: False
2025-01-23 18:47:01,801 - INFO - x_normalised has nan: False
2025-01-23 18:47:01,805 - INFO - x_tilde has nan: False
2025-01-23 18:47:01,880 - INFO - ---------FFN-----------
2025-01-23 18:47:01,888 - INFO - s_i has nan : False
2025-01-23 18:47:01,894 - INFO - h_i has nan : False
2025-01-23 18:47:01,898 - INFO - x_next has nan : False
2025-01-23 18:47:01,940 - INFO - ---------Layer Normalisation-----------
2025-01-23 18:47:01,943 - INFO - x has nan: False
2025-01-23 18:47:01,944 - INFO - mu has nan: False
2025-01-23 18:47:01,944 - INFO - var has nan: False
2025-01-23 18:47:01,947 - INFO - x_normalised has nan: False
2025-01-23 18:47:01,950 - INFO - x_tilde has nan: False
2025-01-23 18:47:01,953 - INFO - Encoder Block 2 output has nan: False
2025-01-23 18:47:01,955 - INFO - ---------Classification Head-----------
2025-01-23 18:47:01,955 - INFO - logits has nan: False
2025-01-23 18:47:02,584 - INFO - ####################Training epoch 0####################
2025-01-23 18:47:02,698 - INFO - ==============Entering Encoder Block 0==============
2025-01-23 18:47:08,902 - INFO - ---------- attention(Innocent) ---------- 
2025-01-23 18:47:08,911 - INFO - attn_output has nan: False
2025-01-23 18:47:09,138 - INFO - ---------Layer Normalisation-----------
2025-01-23 18:47:09,148 - INFO - x has nan: False
2025-01-23 18:47:09,148 - INFO - mu has nan: False
2025-01-23 18:47:09,149 - INFO - var has nan: False
2025-01-23 18:47:09,152 - INFO - x_normalised has nan: False
2025-01-23 18:47:09,156 - INFO - x_tilde has nan: False
2025-01-23 18:47:09,266 - INFO - ---------FFN-----------
2025-01-23 18:47:09,279 - INFO - s_i has nan : False
2025-01-23 18:47:09,295 - INFO - h_i has nan : False
2025-01-23 18:47:09,298 - INFO - x_next has nan : False
2025-01-23 18:47:09,444 - INFO - ---------Layer Normalisation-----------
2025-01-23 18:47:09,448 - INFO - x has nan: False
2025-01-23 18:47:09,448 - INFO - mu has nan: False
2025-01-23 18:47:09,449 - INFO - var has nan: False
2025-01-23 18:47:09,452 - INFO - x_normalised has nan: False
2025-01-23 18:47:09,456 - INFO - x_tilde has nan: False
2025-01-23 18:47:09,459 - INFO - Encoder Block 0 output has nan: False
2025-01-23 18:47:09,460 - INFO - ==============Entering Encoder Block 1==============
2025-01-23 18:47:13,072 - INFO - ---------- attention(Innocent) ---------- 
2025-01-23 18:47:13,075 - INFO - attn_output has nan: False
2025-01-23 18:47:13,259 - INFO - ---------Layer Normalisation-----------
2025-01-23 18:47:13,262 - INFO - x has nan: False
2025-01-23 18:47:13,263 - INFO - mu has nan: False
2025-01-23 18:47:13,263 - INFO - var has nan: False
2025-01-23 18:47:13,266 - INFO - x_normalised has nan: False
2025-01-23 18:47:13,269 - INFO - x_tilde has nan: False
2025-01-23 18:47:13,383 - INFO - ---------FFN-----------
2025-01-23 18:47:13,390 - INFO - s_i has nan : False
2025-01-23 18:47:13,397 - INFO - h_i has nan : False
2025-01-23 18:47:13,400 - INFO - x_next has nan : False
2025-01-23 18:47:13,540 - INFO - ---------Layer Normalisation-----------
2025-01-23 18:47:13,544 - INFO - x has nan: False
2025-01-23 18:47:13,544 - INFO - mu has nan: False
2025-01-23 18:47:13,545 - INFO - var has nan: False
2025-01-23 18:47:13,548 - INFO - x_normalised has nan: False
2025-01-23 18:47:13,552 - INFO - x_tilde has nan: False
2025-01-23 18:47:13,556 - INFO - Encoder Block 1 output has nan: False
2025-01-23 18:47:13,556 - INFO - ==============Entering Encoder Block 2==============
2025-01-23 18:47:17,297 - INFO - ---------- attention(Innocent) ---------- 
2025-01-23 18:47:17,300 - INFO - attn_output has nan: False
2025-01-23 18:47:17,408 - INFO - ---------Layer Normalisation-----------
2025-01-23 18:47:17,412 - INFO - x has nan: False
2025-01-23 18:47:17,413 - INFO - mu has nan: False
2025-01-23 18:47:17,413 - INFO - var has nan: False
2025-01-23 18:47:17,416 - INFO - x_normalised has nan: False
2025-01-23 18:47:17,419 - INFO - x_tilde has nan: False
2025-01-23 18:47:17,524 - INFO - ---------FFN-----------
2025-01-23 18:47:17,539 - INFO - s_i has nan : False
2025-01-23 18:47:17,553 - INFO - h_i has nan : False
2025-01-23 18:47:17,556 - INFO - x_next has nan : False
2025-01-23 18:47:17,619 - INFO - ---------Layer Normalisation-----------
2025-01-23 18:47:17,628 - INFO - x has nan: False
2025-01-23 18:47:17,629 - INFO - mu has nan: False
2025-01-23 18:47:17,629 - INFO - var has nan: False
2025-01-23 18:47:17,639 - INFO - x_normalised has nan: False
2025-01-23 18:47:17,642 - INFO - x_tilde has nan: False
2025-01-23 18:47:17,645 - INFO - Encoder Block 2 output has nan: False
2025-01-23 18:47:17,648 - INFO - ---------Classification Head-----------
2025-01-23 18:47:17,649 - INFO - logits has nan: False
2025-01-23 18:47:33,771 - INFO - ==============Entering Encoder Block 0==============
2025-01-23 18:47:38,819 - INFO - ---------- attention(Innocent) ---------- 
2025-01-23 18:47:38,828 - INFO - attn_output has nan: False
2025-01-23 18:47:38,927 - INFO - ---------Layer Normalisation-----------
2025-01-23 18:47:38,931 - INFO - x has nan: False
2025-01-23 18:47:38,931 - INFO - mu has nan: False
2025-01-23 18:47:38,932 - INFO - var has nan: False
2025-01-23 18:47:38,935 - INFO - x_normalised has nan: False
2025-01-23 18:47:38,938 - INFO - x_tilde has nan: False
2025-01-23 18:47:39,037 - INFO - ---------FFN-----------
2025-01-23 18:47:39,044 - INFO - s_i has nan : False
2025-01-23 18:47:39,050 - INFO - h_i has nan : False
2025-01-23 18:47:39,054 - INFO - x_next has nan : False
2025-01-23 18:47:39,109 - INFO - ---------Layer Normalisation-----------
2025-01-23 18:47:39,113 - INFO - x has nan: False
2025-01-23 18:47:39,114 - INFO - mu has nan: False
2025-01-23 18:47:39,114 - INFO - var has nan: False
2025-01-23 18:47:39,117 - INFO - x_normalised has nan: False
2025-01-23 18:47:39,120 - INFO - x_tilde has nan: False
2025-01-23 18:47:39,123 - INFO - Encoder Block 0 output has nan: False
2025-01-23 18:47:39,123 - INFO - ==============Entering Encoder Block 1==============
2025-01-23 18:47:42,634 - INFO - ---------- attention(Innocent) ---------- 
2025-01-23 18:47:42,637 - INFO - attn_output has nan: False
2025-01-23 18:47:42,735 - INFO - ---------Layer Normalisation-----------
2025-01-23 18:47:42,739 - INFO - x has nan: False
2025-01-23 18:47:42,739 - INFO - mu has nan: False
2025-01-23 18:47:42,740 - INFO - var has nan: False
2025-01-23 18:47:42,743 - INFO - x_normalised has nan: False
2025-01-23 18:47:42,746 - INFO - x_tilde has nan: False
2025-01-23 18:47:42,843 - INFO - ---------FFN-----------
2025-01-23 18:47:42,849 - INFO - s_i has nan : False
2025-01-23 18:47:42,855 - INFO - h_i has nan : False
2025-01-23 18:47:42,859 - INFO - x_next has nan : False
2025-01-23 18:47:42,914 - INFO - ---------Layer Normalisation-----------
2025-01-23 18:47:42,918 - INFO - x has nan: False
2025-01-23 18:47:42,918 - INFO - mu has nan: False
2025-01-23 18:47:42,919 - INFO - var has nan: False
2025-01-23 18:47:42,922 - INFO - x_normalised has nan: False
2025-01-23 18:47:42,925 - INFO - x_tilde has nan: False
2025-01-23 18:47:42,928 - INFO - Encoder Block 1 output has nan: False
2025-01-23 18:47:42,929 - INFO - ==============Entering Encoder Block 2==============
2025-01-23 18:47:46,454 - INFO - ---------- attention(Innocent) ---------- 
2025-01-23 18:47:46,458 - INFO - attn_output has nan: False
2025-01-23 18:47:46,564 - INFO - ---------Layer Normalisation-----------
2025-01-23 18:47:46,567 - INFO - x has nan: False
2025-01-23 18:47:46,568 - INFO - mu has nan: False
2025-01-23 18:47:46,568 - INFO - var has nan: False
2025-01-23 18:47:46,571 - INFO - x_normalised has nan: False
2025-01-23 18:47:46,574 - INFO - x_tilde has nan: False
2025-01-23 18:47:46,674 - INFO - ---------FFN-----------
2025-01-23 18:47:46,689 - INFO - s_i has nan : False
2025-01-23 18:47:46,704 - INFO - h_i has nan : False
2025-01-23 18:47:46,707 - INFO - x_next has nan : False
2025-01-23 18:47:46,779 - INFO - ---------Layer Normalisation-----------
2025-01-23 18:47:46,783 - INFO - x has nan: False
2025-01-23 18:47:46,784 - INFO - mu has nan: False
2025-01-23 18:47:46,784 - INFO - var has nan: False
2025-01-23 18:47:46,787 - INFO - x_normalised has nan: False
2025-01-23 18:47:46,791 - INFO - x_tilde has nan: False
2025-01-23 18:47:46,795 - INFO - Encoder Block 2 output has nan: False
2025-01-23 18:47:46,798 - INFO - ---------Classification Head-----------
2025-01-23 18:47:46,798 - INFO - logits has nan: False
2025-01-23 18:48:01,548 - INFO - ==============Entering Encoder Block 0==============
2025-01-23 18:48:08,270 - INFO - ---------- attention(Innocent) ---------- 
2025-01-23 18:48:08,274 - INFO - attn_output has nan: False
2025-01-23 18:48:08,375 - INFO - ---------Layer Normalisation-----------
2025-01-23 18:48:08,379 - INFO - x has nan: False
2025-01-23 18:48:08,379 - INFO - mu has nan: False
2025-01-23 18:48:08,380 - INFO - var has nan: False
2025-01-23 18:48:08,383 - INFO - x_normalised has nan: False
2025-01-23 18:48:08,386 - INFO - x_tilde has nan: False
2025-01-23 18:48:08,496 - INFO - ---------FFN-----------
2025-01-23 18:48:08,508 - INFO - s_i has nan : False
2025-01-23 18:48:08,514 - INFO - h_i has nan : False
2025-01-23 18:48:08,518 - INFO - x_next has nan : False
2025-01-23 18:48:08,574 - INFO - ---------Layer Normalisation-----------
2025-01-23 18:48:08,578 - INFO - x has nan: False
2025-01-23 18:48:08,578 - INFO - mu has nan: False
2025-01-23 18:48:08,579 - INFO - var has nan: False
2025-01-23 18:48:08,582 - INFO - x_normalised has nan: False
2025-01-23 18:48:08,585 - INFO - x_tilde has nan: False
2025-01-23 18:48:08,589 - INFO - Encoder Block 0 output has nan: False
2025-01-23 18:48:08,589 - INFO - ==============Entering Encoder Block 1==============
2025-01-23 18:48:12,229 - INFO - ---------- attention(Innocent) ---------- 
2025-01-23 18:48:12,233 - INFO - attn_output has nan: False
2025-01-23 18:48:12,335 - INFO - ---------Layer Normalisation-----------
2025-01-23 18:48:12,339 - INFO - x has nan: False
2025-01-23 18:48:12,340 - INFO - mu has nan: False
2025-01-23 18:48:12,340 - INFO - var has nan: False
2025-01-23 18:48:12,343 - INFO - x_normalised has nan: False
2025-01-23 18:48:12,346 - INFO - x_tilde has nan: False
2025-01-23 18:48:12,449 - INFO - ---------FFN-----------
2025-01-23 18:48:12,455 - INFO - s_i has nan : False
2025-01-23 18:48:12,461 - INFO - h_i has nan : False
2025-01-23 18:48:12,464 - INFO - x_next has nan : False
2025-01-23 18:48:12,522 - INFO - ---------Layer Normalisation-----------
2025-01-23 18:48:12,525 - INFO - x has nan: False
2025-01-23 18:48:12,526 - INFO - mu has nan: False
2025-01-23 18:48:12,526 - INFO - var has nan: False
2025-01-23 18:48:12,529 - INFO - x_normalised has nan: False
2025-01-23 18:48:12,532 - INFO - x_tilde has nan: False
2025-01-23 18:48:12,535 - INFO - Encoder Block 1 output has nan: False
2025-01-23 18:48:12,535 - INFO - ==============Entering Encoder Block 2==============
2025-01-23 18:48:16,264 - INFO - ---------- attention(Innocent) ---------- 
2025-01-23 18:48:16,267 - INFO - attn_output has nan: False
2025-01-23 18:48:16,386 - INFO - ---------Layer Normalisation-----------
2025-01-23 18:48:16,389 - INFO - x has nan: False
2025-01-23 18:48:16,390 - INFO - mu has nan: False
2025-01-23 18:48:16,390 - INFO - var has nan: False
2025-01-23 18:48:16,393 - INFO - x_normalised has nan: False
2025-01-23 18:48:16,396 - INFO - x_tilde has nan: False
2025-01-23 18:48:16,497 - INFO - ---------FFN-----------
2025-01-23 18:48:16,504 - INFO - s_i has nan : False
2025-01-23 18:48:16,510 - INFO - h_i has nan : False
2025-01-23 18:48:16,514 - INFO - x_next has nan : False
2025-01-23 18:48:16,573 - INFO - ---------Layer Normalisation-----------
2025-01-23 18:48:16,577 - INFO - x has nan: False
2025-01-23 18:48:16,578 - INFO - mu has nan: False
2025-01-23 18:48:16,578 - INFO - var has nan: False
2025-01-23 18:48:16,581 - INFO - x_normalised has nan: False
2025-01-23 18:48:16,584 - INFO - x_tilde has nan: False
2025-01-23 18:48:16,588 - INFO - Encoder Block 2 output has nan: False
2025-01-23 18:48:16,590 - INFO - ---------Classification Head-----------
2025-01-23 18:48:16,590 - INFO - logits has nan: False
2025-01-23 18:48:32,315 - INFO - ==============Entering Encoder Block 0==============
2025-01-23 18:48:39,737 - INFO - ---------- attention(Innocent) ---------- 
2025-01-23 18:48:39,741 - INFO - attn_output has nan: False
2025-01-23 18:48:39,844 - INFO - ---------Layer Normalisation-----------
2025-01-23 18:48:39,848 - INFO - x has nan: False
2025-01-23 18:48:39,848 - INFO - mu has nan: False
2025-01-23 18:48:39,849 - INFO - var has nan: False
2025-01-23 18:48:39,852 - INFO - x_normalised has nan: False
2025-01-23 18:48:39,856 - INFO - x_tilde has nan: False
2025-01-23 18:48:39,966 - INFO - ---------FFN-----------
2025-01-23 18:48:39,974 - INFO - s_i has nan : False
2025-01-23 18:48:39,981 - INFO - h_i has nan : False
2025-01-23 18:48:39,984 - INFO - x_next has nan : False
2025-01-23 18:48:40,041 - INFO - ---------Layer Normalisation-----------
2025-01-23 18:48:40,045 - INFO - x has nan: False
2025-01-23 18:48:40,046 - INFO - mu has nan: False
2025-01-23 18:48:40,046 - INFO - var has nan: False
2025-01-23 18:48:40,049 - INFO - x_normalised has nan: False
2025-01-23 18:48:40,053 - INFO - x_tilde has nan: False
2025-01-23 18:48:40,056 - INFO - Encoder Block 0 output has nan: False
2025-01-23 18:48:40,057 - INFO - ==============Entering Encoder Block 1==============
2025-01-23 18:48:43,873 - INFO - ---------- attention(Innocent) ---------- 
2025-01-23 18:48:43,877 - INFO - attn_output has nan: False
2025-01-23 18:48:43,978 - INFO - ---------Layer Normalisation-----------
2025-01-23 18:48:43,982 - INFO - x has nan: False
2025-01-23 18:48:43,982 - INFO - mu has nan: False
2025-01-23 18:48:43,983 - INFO - var has nan: False
2025-01-23 18:48:43,986 - INFO - x_normalised has nan: False
2025-01-23 18:48:43,989 - INFO - x_tilde has nan: False
2025-01-23 18:48:44,090 - INFO - ---------FFN-----------
2025-01-23 18:48:44,096 - INFO - s_i has nan : False
2025-01-23 18:48:44,102 - INFO - h_i has nan : False
2025-01-23 18:48:44,106 - INFO - x_next has nan : False
2025-01-23 18:48:44,169 - INFO - ---------Layer Normalisation-----------
2025-01-23 18:48:44,173 - INFO - x has nan: False
2025-01-23 18:48:44,173 - INFO - mu has nan: False
2025-01-23 18:48:44,174 - INFO - var has nan: False
2025-01-23 18:48:44,177 - INFO - x_normalised has nan: False
2025-01-23 18:48:44,181 - INFO - x_tilde has nan: False
2025-01-23 18:48:44,184 - INFO - Encoder Block 1 output has nan: False
2025-01-23 18:48:44,184 - INFO - ==============Entering Encoder Block 2==============
2025-01-23 18:48:47,802 - INFO - ---------- attention(Innocent) ---------- 
2025-01-23 18:48:47,805 - INFO - attn_output has nan: False
2025-01-23 18:48:47,922 - INFO - ---------Layer Normalisation-----------
2025-01-23 18:48:47,926 - INFO - x has nan: False
2025-01-23 18:48:47,927 - INFO - mu has nan: False
2025-01-23 18:48:47,927 - INFO - var has nan: False
2025-01-23 18:48:47,930 - INFO - x_normalised has nan: False
2025-01-23 18:48:47,933 - INFO - x_tilde has nan: False
2025-01-23 18:48:48,032 - INFO - ---------FFN-----------
2025-01-23 18:48:48,039 - INFO - s_i has nan : False
2025-01-23 18:48:48,045 - INFO - h_i has nan : False
2025-01-23 18:48:48,049 - INFO - x_next has nan : False
2025-01-23 18:48:48,112 - INFO - ---------Layer Normalisation-----------
2025-01-23 18:48:48,116 - INFO - x has nan: False
2025-01-23 18:48:48,116 - INFO - mu has nan: False
2025-01-23 18:48:48,117 - INFO - var has nan: False
2025-01-23 18:48:48,120 - INFO - x_normalised has nan: False
2025-01-23 18:48:48,123 - INFO - x_tilde has nan: False
2025-01-23 18:48:48,126 - INFO - Encoder Block 2 output has nan: False
2025-01-23 18:48:48,128 - INFO - ---------Classification Head-----------
2025-01-23 18:48:48,128 - INFO - logits has nan: False
2025-01-23 18:49:03,780 - INFO - ==============Entering Encoder Block 0==============
2025-01-23 18:49:09,236 - INFO - ---------- attention(Innocent) ---------- 
2025-01-23 18:49:09,245 - INFO - attn_output has nan: False
2025-01-23 18:49:09,348 - INFO - ---------Layer Normalisation-----------
2025-01-23 18:49:09,352 - INFO - x has nan: False
2025-01-23 18:49:09,353 - INFO - mu has nan: False
2025-01-23 18:49:09,353 - INFO - var has nan: False
2025-01-23 18:49:09,357 - INFO - x_normalised has nan: False
2025-01-23 18:49:09,360 - INFO - x_tilde has nan: False
2025-01-23 18:49:09,460 - INFO - ---------FFN-----------
2025-01-23 18:49:09,466 - INFO - s_i has nan : False
2025-01-23 18:49:09,472 - INFO - h_i has nan : False
2025-01-23 18:49:09,476 - INFO - x_next has nan : False
2025-01-23 18:49:09,532 - INFO - ---------Layer Normalisation-----------
2025-01-23 18:49:09,536 - INFO - x has nan: False
2025-01-23 18:49:09,537 - INFO - mu has nan: False
2025-01-23 18:49:09,537 - INFO - var has nan: False
2025-01-23 18:49:09,541 - INFO - x_normalised has nan: False
2025-01-23 18:49:09,544 - INFO - x_tilde has nan: False
2025-01-23 18:49:09,547 - INFO - Encoder Block 0 output has nan: False
2025-01-23 18:49:09,548 - INFO - ==============Entering Encoder Block 1==============
2025-01-23 18:49:13,190 - INFO - ---------- attention(Innocent) ---------- 
2025-01-23 18:49:13,193 - INFO - attn_output has nan: False
2025-01-23 18:49:13,291 - INFO - ---------Layer Normalisation-----------
2025-01-23 18:49:13,295 - INFO - x has nan: False
2025-01-23 18:49:13,295 - INFO - mu has nan: False
2025-01-23 18:49:13,296 - INFO - var has nan: False
2025-01-23 18:49:13,299 - INFO - x_normalised has nan: False
2025-01-23 18:49:13,302 - INFO - x_tilde has nan: False
2025-01-23 18:49:13,401 - INFO - ---------FFN-----------
2025-01-23 18:49:13,407 - INFO - s_i has nan : False
2025-01-23 18:49:13,412 - INFO - h_i has nan : False
2025-01-23 18:49:13,416 - INFO - x_next has nan : False
2025-01-23 18:49:13,470 - INFO - ---------Layer Normalisation-----------
2025-01-23 18:49:13,474 - INFO - x has nan: False
2025-01-23 18:49:13,474 - INFO - mu has nan: False
2025-01-23 18:49:13,475 - INFO - var has nan: False
2025-01-23 18:49:13,478 - INFO - x_normalised has nan: False
2025-01-23 18:49:13,481 - INFO - x_tilde has nan: False
2025-01-23 18:49:13,485 - INFO - Encoder Block 1 output has nan: False
2025-01-23 18:49:13,485 - INFO - ==============Entering Encoder Block 2==============
2025-01-23 18:49:17,126 - INFO - ---------- attention(Innocent) ---------- 
2025-01-23 18:49:17,129 - INFO - attn_output has nan: False
2025-01-23 18:49:17,234 - INFO - ---------Layer Normalisation-----------
2025-01-23 18:49:17,237 - INFO - x has nan: False
2025-01-23 18:49:17,238 - INFO - mu has nan: False
2025-01-23 18:49:17,238 - INFO - var has nan: False
2025-01-23 18:49:17,241 - INFO - x_normalised has nan: False
2025-01-23 18:49:17,244 - INFO - x_tilde has nan: False
2025-01-23 18:49:17,343 - INFO - ---------FFN-----------
2025-01-23 18:49:17,350 - INFO - s_i has nan : False
2025-01-23 18:49:17,357 - INFO - h_i has nan : False
2025-01-23 18:49:17,360 - INFO - x_next has nan : False
2025-01-23 18:49:17,420 - INFO - ---------Layer Normalisation-----------
2025-01-23 18:49:17,424 - INFO - x has nan: False
2025-01-23 18:49:17,425 - INFO - mu has nan: False
2025-01-23 18:49:17,425 - INFO - var has nan: False
2025-01-23 18:49:17,428 - INFO - x_normalised has nan: False
2025-01-23 18:49:17,432 - INFO - x_tilde has nan: False
2025-01-23 18:49:17,435 - INFO - Encoder Block 2 output has nan: False
2025-01-23 18:49:17,438 - INFO - ---------Classification Head-----------
2025-01-23 18:49:17,438 - INFO - logits has nan: False
2025-01-23 18:49:32,568 - INFO - ==============Entering Encoder Block 0==============
2025-01-23 18:49:38,465 - INFO - ---------- attention(Innocent) ---------- 
2025-01-23 18:49:38,469 - INFO - attn_output has nan: False
2025-01-23 18:49:38,568 - INFO - ---------Layer Normalisation-----------
2025-01-23 18:49:38,572 - INFO - x has nan: False
2025-01-23 18:49:38,573 - INFO - mu has nan: False
2025-01-23 18:49:38,573 - INFO - var has nan: False
2025-01-23 18:49:38,576 - INFO - x_normalised has nan: False
2025-01-23 18:49:38,579 - INFO - x_tilde has nan: False
2025-01-23 18:49:38,677 - INFO - ---------FFN-----------
2025-01-23 18:49:38,683 - INFO - s_i has nan : False
2025-01-23 18:49:38,689 - INFO - h_i has nan : False
2025-01-23 18:49:38,693 - INFO - x_next has nan : False
2025-01-23 18:49:38,746 - INFO - ---------Layer Normalisation-----------
2025-01-23 18:49:38,750 - INFO - x has nan: False
2025-01-23 18:49:38,751 - INFO - mu has nan: False
2025-01-23 18:49:38,751 - INFO - var has nan: False
2025-01-23 18:49:38,754 - INFO - x_normalised has nan: False
2025-01-23 18:49:38,758 - INFO - x_tilde has nan: False
2025-01-23 18:49:38,761 - INFO - Encoder Block 0 output has nan: False
2025-01-23 18:49:38,761 - INFO - ==============Entering Encoder Block 1==============
2025-01-23 18:49:42,456 - INFO - ---------- attention(Innocent) ---------- 
2025-01-23 18:49:42,459 - INFO - attn_output has nan: False
2025-01-23 18:49:42,561 - INFO - ---------Layer Normalisation-----------
2025-01-23 18:49:42,565 - INFO - x has nan: False
2025-01-23 18:49:42,565 - INFO - mu has nan: False
2025-01-23 18:49:42,566 - INFO - var has nan: False
2025-01-23 18:49:42,569 - INFO - x_normalised has nan: False
2025-01-23 18:49:42,572 - INFO - x_tilde has nan: False
2025-01-23 18:49:42,670 - INFO - ---------FFN-----------
2025-01-23 18:49:42,677 - INFO - s_i has nan : False
2025-01-23 18:49:42,683 - INFO - h_i has nan : False
2025-01-23 18:49:42,686 - INFO - x_next has nan : False
2025-01-23 18:49:42,743 - INFO - ---------Layer Normalisation-----------
2025-01-23 18:49:42,747 - INFO - x has nan: False
2025-01-23 18:49:42,747 - INFO - mu has nan: False
2025-01-23 18:49:42,748 - INFO - var has nan: False
2025-01-23 18:49:42,751 - INFO - x_normalised has nan: False
2025-01-23 18:49:42,754 - INFO - x_tilde has nan: False
2025-01-23 18:49:42,758 - INFO - Encoder Block 1 output has nan: False
2025-01-23 18:49:42,758 - INFO - ==============Entering Encoder Block 2==============
2025-01-23 18:49:46,359 - INFO - ---------- attention(Innocent) ---------- 
2025-01-23 18:49:46,362 - INFO - attn_output has nan: False
2025-01-23 18:49:46,468 - INFO - ---------Layer Normalisation-----------
2025-01-23 18:49:46,471 - INFO - x has nan: False
2025-01-23 18:49:46,472 - INFO - mu has nan: False
2025-01-23 18:49:46,472 - INFO - var has nan: False
2025-01-23 18:49:46,475 - INFO - x_normalised has nan: False
2025-01-23 18:49:46,478 - INFO - x_tilde has nan: False
2025-01-23 18:49:46,575 - INFO - ---------FFN-----------
2025-01-23 18:49:46,581 - INFO - s_i has nan : False
2025-01-23 18:49:46,587 - INFO - h_i has nan : False
2025-01-23 18:49:46,590 - INFO - x_next has nan : False
2025-01-23 18:49:46,651 - INFO - ---------Layer Normalisation-----------
2025-01-23 18:49:46,655 - INFO - x has nan: False
2025-01-23 18:49:46,655 - INFO - mu has nan: False
2025-01-23 18:49:46,655 - INFO - var has nan: False
2025-01-23 18:49:46,659 - INFO - x_normalised has nan: False
2025-01-23 18:49:46,662 - INFO - x_tilde has nan: False
2025-01-23 18:49:46,665 - INFO - Encoder Block 2 output has nan: False
2025-01-23 18:49:46,668 - INFO - ---------Classification Head-----------
2025-01-23 18:49:46,668 - INFO - logits has nan: False
2025-01-23 18:50:01,462 - INFO - ==============Entering Encoder Block 0==============
2025-01-23 18:50:07,724 - INFO - ---------- attention(Innocent) ---------- 
2025-01-23 18:50:07,728 - INFO - attn_output has nan: False
2025-01-23 18:50:07,847 - INFO - ---------Layer Normalisation-----------
2025-01-23 18:50:07,851 - INFO - x has nan: False
2025-01-23 18:50:07,851 - INFO - mu has nan: False
2025-01-23 18:50:07,852 - INFO - var has nan: False
2025-01-23 18:50:07,855 - INFO - x_normalised has nan: False
2025-01-23 18:50:07,859 - INFO - x_tilde has nan: False
2025-01-23 18:50:07,968 - INFO - ---------FFN-----------
2025-01-23 18:50:07,975 - INFO - s_i has nan : False
2025-01-23 18:50:07,982 - INFO - h_i has nan : False
2025-01-23 18:50:07,986 - INFO - x_next has nan : False
2025-01-23 18:50:08,047 - INFO - ---------Layer Normalisation-----------
2025-01-23 18:50:08,051 - INFO - x has nan: False
2025-01-23 18:50:08,052 - INFO - mu has nan: False
2025-01-23 18:50:08,052 - INFO - var has nan: False
2025-01-23 18:50:08,055 - INFO - x_normalised has nan: False
2025-01-23 18:50:08,059 - INFO - x_tilde has nan: False
2025-01-23 18:50:08,063 - INFO - Encoder Block 0 output has nan: False
2025-01-23 18:50:08,063 - INFO - ==============Entering Encoder Block 1==============
2025-01-23 18:50:11,706 - INFO - ---------- attention(Innocent) ---------- 
2025-01-23 18:50:11,709 - INFO - attn_output has nan: False
2025-01-23 18:50:11,811 - INFO - ---------Layer Normalisation-----------
2025-01-23 18:50:11,815 - INFO - x has nan: False
2025-01-23 18:50:11,816 - INFO - mu has nan: False
2025-01-23 18:50:11,816 - INFO - var has nan: False
2025-01-23 18:50:11,819 - INFO - x_normalised has nan: False
2025-01-23 18:50:11,822 - INFO - x_tilde has nan: False
2025-01-23 18:50:11,920 - INFO - ---------FFN-----------
2025-01-23 18:50:11,928 - INFO - s_i has nan : False
2025-01-23 18:50:11,934 - INFO - h_i has nan : False
2025-01-23 18:50:11,938 - INFO - x_next has nan : False
2025-01-23 18:50:11,994 - INFO - ---------Layer Normalisation-----------
2025-01-23 18:50:11,998 - INFO - x has nan: False
2025-01-23 18:50:11,999 - INFO - mu has nan: False
2025-01-23 18:50:11,999 - INFO - var has nan: False
2025-01-23 18:50:12,002 - INFO - x_normalised has nan: False
2025-01-23 18:50:12,006 - INFO - x_tilde has nan: False
2025-01-23 18:50:12,009 - INFO - Encoder Block 1 output has nan: False
2025-01-23 18:50:12,009 - INFO - ==============Entering Encoder Block 2==============
2025-01-23 18:50:15,621 - INFO - ---------- attention(Innocent) ---------- 
2025-01-23 18:50:15,624 - INFO - attn_output has nan: False
2025-01-23 18:50:15,728 - INFO - ---------Layer Normalisation-----------
2025-01-23 18:50:15,732 - INFO - x has nan: False
2025-01-23 18:50:15,732 - INFO - mu has nan: False
2025-01-23 18:50:15,732 - INFO - var has nan: False
2025-01-23 18:50:15,735 - INFO - x_normalised has nan: False
2025-01-23 18:50:15,738 - INFO - x_tilde has nan: False
2025-01-23 18:50:15,834 - INFO - ---------FFN-----------
2025-01-23 18:50:15,840 - INFO - s_i has nan : False
2025-01-23 18:50:15,846 - INFO - h_i has nan : False
2025-01-23 18:50:15,850 - INFO - x_next has nan : False
2025-01-23 18:50:15,915 - INFO - ---------Layer Normalisation-----------
2025-01-23 18:50:15,919 - INFO - x has nan: False
2025-01-23 18:50:15,920 - INFO - mu has nan: False
2025-01-23 18:50:15,920 - INFO - var has nan: False
2025-01-23 18:50:15,924 - INFO - x_normalised has nan: False
2025-01-23 18:50:15,927 - INFO - x_tilde has nan: False
2025-01-23 18:50:15,931 - INFO - Encoder Block 2 output has nan: False
2025-01-23 18:50:15,933 - INFO - ---------Classification Head-----------
2025-01-23 18:50:15,934 - INFO - logits has nan: False
2025-01-23 18:50:32,305 - INFO - ==============Entering Encoder Block 0==============
2025-01-23 18:50:38,330 - INFO - ---------- attention(Innocent) ---------- 
2025-01-23 18:50:38,334 - INFO - attn_output has nan: False
2025-01-23 18:50:38,436 - INFO - ---------Layer Normalisation-----------
2025-01-23 18:50:38,440 - INFO - x has nan: False
2025-01-23 18:50:38,440 - INFO - mu has nan: False
2025-01-23 18:50:38,440 - INFO - var has nan: False
2025-01-23 18:50:38,444 - INFO - x_normalised has nan: False
2025-01-23 18:50:38,447 - INFO - x_tilde has nan: False
2025-01-23 18:50:38,548 - INFO - ---------FFN-----------
2025-01-23 18:50:38,555 - INFO - s_i has nan : False
2025-01-23 18:50:38,561 - INFO - h_i has nan : False
2025-01-23 18:50:38,564 - INFO - x_next has nan : False
2025-01-23 18:50:38,620 - INFO - ---------Layer Normalisation-----------
2025-01-23 18:50:38,624 - INFO - x has nan: False
2025-01-23 18:50:38,625 - INFO - mu has nan: False
2025-01-23 18:50:38,625 - INFO - var has nan: False
2025-01-23 18:50:38,628 - INFO - x_normalised has nan: False
2025-01-23 18:50:38,631 - INFO - x_tilde has nan: False
2025-01-23 18:50:38,635 - INFO - Encoder Block 0 output has nan: False
2025-01-23 18:50:38,635 - INFO - ==============Entering Encoder Block 1==============
2025-01-23 18:50:42,205 - INFO - ---------- attention(Innocent) ---------- 
2025-01-23 18:50:42,209 - INFO - attn_output has nan: False
2025-01-23 18:50:42,308 - INFO - ---------Layer Normalisation-----------
2025-01-23 18:50:42,312 - INFO - x has nan: False
2025-01-23 18:50:42,312 - INFO - mu has nan: False
2025-01-23 18:50:42,312 - INFO - var has nan: False
2025-01-23 18:50:42,315 - INFO - x_normalised has nan: False
2025-01-23 18:50:42,318 - INFO - x_tilde has nan: False
2025-01-23 18:50:42,418 - INFO - ---------FFN-----------
2025-01-23 18:50:42,424 - INFO - s_i has nan : False
2025-01-23 18:50:42,431 - INFO - h_i has nan : False
2025-01-23 18:50:42,435 - INFO - x_next has nan : False
2025-01-23 18:50:42,490 - INFO - ---------Layer Normalisation-----------
2025-01-23 18:50:42,493 - INFO - x has nan: False
2025-01-23 18:50:42,494 - INFO - mu has nan: False
2025-01-23 18:50:42,494 - INFO - var has nan: False
2025-01-23 18:50:42,498 - INFO - x_normalised has nan: False
2025-01-23 18:50:42,501 - INFO - x_tilde has nan: False
2025-01-23 18:50:42,504 - INFO - Encoder Block 1 output has nan: False
2025-01-23 18:50:42,504 - INFO - ==============Entering Encoder Block 2==============
2025-01-23 18:50:46,079 - INFO - ---------- attention(Innocent) ---------- 
2025-01-23 18:50:46,082 - INFO - attn_output has nan: False
2025-01-23 18:50:46,187 - INFO - ---------Layer Normalisation-----------
2025-01-23 18:50:46,191 - INFO - x has nan: False
2025-01-23 18:50:46,191 - INFO - mu has nan: False
2025-01-23 18:50:46,192 - INFO - var has nan: False
2025-01-23 18:50:46,194 - INFO - x_normalised has nan: False
2025-01-23 18:50:46,197 - INFO - x_tilde has nan: False
2025-01-23 18:50:46,295 - INFO - ---------FFN-----------
2025-01-23 18:50:46,302 - INFO - s_i has nan : False
2025-01-23 18:50:46,308 - INFO - h_i has nan : False
2025-01-23 18:50:46,311 - INFO - x_next has nan : False
2025-01-23 18:50:46,375 - INFO - ---------Layer Normalisation-----------
2025-01-23 18:50:46,379 - INFO - x has nan: False
2025-01-23 18:50:46,379 - INFO - mu has nan: False
2025-01-23 18:50:46,379 - INFO - var has nan: False
2025-01-23 18:50:46,388 - INFO - x_normalised has nan: False
2025-01-23 18:50:46,397 - INFO - x_tilde has nan: False
2025-01-23 18:50:46,401 - INFO - Encoder Block 2 output has nan: False
2025-01-23 18:50:46,404 - INFO - ---------Classification Head-----------
2025-01-23 18:50:46,404 - INFO - logits has nan: False
2025-01-23 18:51:01,307 - INFO - ==============Entering Encoder Block 0==============
2025-01-23 18:51:07,766 - INFO - ---------- attention(Innocent) ---------- 
2025-01-23 18:51:07,769 - INFO - attn_output has nan: False
2025-01-23 18:51:07,873 - INFO - ---------Layer Normalisation-----------
2025-01-23 18:51:07,877 - INFO - x has nan: False
2025-01-23 18:51:07,878 - INFO - mu has nan: False
2025-01-23 18:51:07,878 - INFO - var has nan: False
2025-01-23 18:51:07,881 - INFO - x_normalised has nan: False
2025-01-23 18:51:07,884 - INFO - x_tilde has nan: False
2025-01-23 18:51:07,982 - INFO - ---------FFN-----------
2025-01-23 18:51:07,989 - INFO - s_i has nan : False
2025-01-23 18:51:07,995 - INFO - h_i has nan : False
2025-01-23 18:51:07,999 - INFO - x_next has nan : False
2025-01-23 18:51:08,055 - INFO - ---------Layer Normalisation-----------
2025-01-23 18:51:08,059 - INFO - x has nan: False
2025-01-23 18:51:08,059 - INFO - mu has nan: False
2025-01-23 18:51:08,060 - INFO - var has nan: False
2025-01-23 18:51:08,063 - INFO - x_normalised has nan: False
2025-01-23 18:51:08,067 - INFO - x_tilde has nan: False
2025-01-23 18:51:08,070 - INFO - Encoder Block 0 output has nan: False
2025-01-23 18:51:08,070 - INFO - ==============Entering Encoder Block 1==============
2025-01-23 18:51:11,691 - INFO - ---------- attention(Innocent) ---------- 
2025-01-23 18:51:11,694 - INFO - attn_output has nan: False
2025-01-23 18:51:11,793 - INFO - ---------Layer Normalisation-----------
2025-01-23 18:51:11,797 - INFO - x has nan: False
2025-01-23 18:51:11,797 - INFO - mu has nan: False
2025-01-23 18:51:11,798 - INFO - var has nan: False
2025-01-23 18:51:11,801 - INFO - x_normalised has nan: False
2025-01-23 18:51:11,804 - INFO - x_tilde has nan: False
2025-01-23 18:51:11,907 - INFO - ---------FFN-----------
2025-01-23 18:51:11,914 - INFO - s_i has nan : False
2025-01-23 18:51:11,920 - INFO - h_i has nan : False
2025-01-23 18:51:11,924 - INFO - x_next has nan : False
2025-01-23 18:51:11,979 - INFO - ---------Layer Normalisation-----------
2025-01-23 18:51:11,983 - INFO - x has nan: False
2025-01-23 18:51:11,983 - INFO - mu has nan: False
2025-01-23 18:51:11,983 - INFO - var has nan: False
2025-01-23 18:51:11,987 - INFO - x_normalised has nan: False
2025-01-23 18:51:11,990 - INFO - x_tilde has nan: False
2025-01-23 18:51:11,993 - INFO - Encoder Block 1 output has nan: False
2025-01-23 18:51:11,994 - INFO - ==============Entering Encoder Block 2==============
2025-01-23 18:51:15,611 - INFO - ---------- attention(Innocent) ---------- 
2025-01-23 18:51:15,614 - INFO - attn_output has nan: False
2025-01-23 18:51:15,722 - INFO - ---------Layer Normalisation-----------
2025-01-23 18:51:15,725 - INFO - x has nan: False
2025-01-23 18:51:15,726 - INFO - mu has nan: False
2025-01-23 18:51:15,726 - INFO - var has nan: False
2025-01-23 18:51:15,729 - INFO - x_normalised has nan: False
2025-01-23 18:51:15,732 - INFO - x_tilde has nan: False
2025-01-23 18:51:15,831 - INFO - ---------FFN-----------
2025-01-23 18:51:15,838 - INFO - s_i has nan : False
2025-01-23 18:51:15,845 - INFO - h_i has nan : False
2025-01-23 18:51:15,848 - INFO - x_next has nan : False
2025-01-23 18:51:15,913 - INFO - ---------Layer Normalisation-----------
2025-01-23 18:51:15,917 - INFO - x has nan: False
2025-01-23 18:51:15,917 - INFO - mu has nan: False
2025-01-23 18:51:15,918 - INFO - var has nan: False
2025-01-23 18:51:15,921 - INFO - x_normalised has nan: False
2025-01-23 18:51:15,924 - INFO - x_tilde has nan: False
2025-01-23 18:51:15,928 - INFO - Encoder Block 2 output has nan: False
2025-01-23 18:51:15,931 - INFO - ---------Classification Head-----------
2025-01-23 18:51:15,931 - INFO - logits has nan: False
