wandb: Currently logged in as: cyans (cyans-k-benhavns-universitet). Use `wandb login --relogin` to force relogin
wandb: wandb version 0.19.6 is available!  To upgrade, please run:
wandb:  $ pip install wandb --upgrade
wandb: Tracking run with wandb version 0.17.5
wandb: Run data is saved locally in ./wandb/run-20250217_174707-kyeabhv3
wandb: Run `wandb offline` to turn off syncing.
wandb: Syncing run soft-meadow-7
wandb: ⭐️ View project at https://wandb.ai/cyans-k-benhavns-universitet/%5B20250217%5D%20Flavour%20Classification
wandb: 🚀 View run at https://wandb.ai/cyans-k-benhavns-universitet/%5B20250217%5D%20Flavour%20Classification/runs/kyeabhv3
Traceback (most recent call last):
  File "/lustre/hpc/icecube/cyan/IceCube_project_share/icecube-projects/luc/training_script.py", line 114, in <module>
    ).to(device)
      ^^^^^^^^^^
  File "/groups/icecube/cyan/miniconda3/lib/python3.12/site-packages/torch/nn/modules/module.py", line 1152, in to
    return self._apply(convert)
           ^^^^^^^^^^^^^^^^^^^^
  File "/groups/icecube/cyan/miniconda3/lib/python3.12/site-packages/torch/nn/modules/module.py", line 802, in _apply
    module._apply(fn)
  File "/groups/icecube/cyan/miniconda3/lib/python3.12/site-packages/torch/nn/modules/module.py", line 825, in _apply
    param_applied = fn(param)
                    ^^^^^^^^^
  File "/groups/icecube/cyan/miniconda3/lib/python3.12/site-packages/torch/nn/modules/module.py", line 1150, in convert
    return t.to(device, dtype if t.is_floating_point() or t.is_complex() else None, non_blocking)
           ^^^^^^^^^^^^^^^^^^^^^^^^^^^^^^^^^^^^^^^^^^^^^^^^^^^^^^^^^^^^^^^^^^^^^^^^^^^^^^^^^^^^^^
RuntimeError: CUDA error: invalid device ordinal
CUDA kernel errors might be asynchronously reported at some other API call, so the stacktrace below might be incorrect.
For debugging consider passing CUDA_LAUNCH_BLOCKING=1.
Compile with `TORCH_USE_CUDA_DSA` to enable device-side assertions.

wandb: - 0.006 MB of 0.006 MB uploadedwandb: \ 0.006 MB of 0.018 MB uploadedwandb: | 0.018 MB of 0.018 MB uploadedwandb: 🚀 View run soft-meadow-7 at: https://wandb.ai/cyans-k-benhavns-universitet/%5B20250217%5D%20Flavour%20Classification/runs/kyeabhv3
wandb: ⭐️ View project at: https://wandb.ai/cyans-k-benhavns-universitet/%5B20250217%5D%20Flavour%20Classification
wandb: Synced 6 W&B file(s), 0 media file(s), 0 artifact file(s) and 0 other file(s)
wandb: Find logs at: ./wandb/run-20250217_174707-kyeabhv3/logs
wandb: WARNING The new W&B backend becomes opt-out in version 0.18.0; try it out with `wandb.require("core")`! See https://wandb.me/wandb-core for more information.
