GPU available: True (cuda), used: True
TPU available: False, using: 0 TPU cores
HPU available: False, using: 0 HPUs
You are using a CUDA device ('NVIDIA GeForce RTX 3070') that has Tensor Cores. To properly utilize them, you should set `torch.set_float32_matmul_precision('medium' | 'high')` which will trade-off precision for performance. For more details, read https://pytorch.org/docs/stable/generated/torch.set_float32_matmul_precision.html#torch.set_float32_matmul_precision
Restoring states from the checkpoint path at /groups/icecube/cyan/factory/IceCubeTransformer/ImportLuc/checkpoints/2025-02-18_13:46:38_22011_TRUTH_7_VAL_epoch50.ckpt
Traceback (most recent call last):
  File "/lustre/hpc/icecube/cyan/factory/IceCubeTransformer/ImportLuc/inference.py", line 83, in <module>
    predictions = trainer.predict(
                  ^^^^^^^^^^^^^^^^
  File "/groups/icecube/cyan/.local/lib/python3.12/site-packages/pytorch_lightning/trainer/trainer.py", line 863, in predict
    return call._call_and_handle_interrupt(
           ^^^^^^^^^^^^^^^^^^^^^^^^^^^^^^^^
  File "/groups/icecube/cyan/.local/lib/python3.12/site-packages/pytorch_lightning/trainer/call.py", line 44, in _call_and_handle_interrupt
    return trainer_fn(*args, **kwargs)
           ^^^^^^^^^^^^^^^^^^^^^^^^^^^
  File "/groups/icecube/cyan/.local/lib/python3.12/site-packages/pytorch_lightning/trainer/trainer.py", line 902, in _predict_impl
    results = self._run(model, ckpt_path=ckpt_path)
              ^^^^^^^^^^^^^^^^^^^^^^^^^^^^^^^^^^^^^
  File "/groups/icecube/cyan/.local/lib/python3.12/site-packages/pytorch_lightning/trainer/trainer.py", line 955, in _run
    self._checkpoint_connector._restore_modules_and_callbacks(ckpt_path)
  File "/groups/icecube/cyan/.local/lib/python3.12/site-packages/pytorch_lightning/trainer/connectors/checkpoint_connector.py", line 397, in _restore_modules_and_callbacks
    self.resume_start(checkpoint_path)
  File "/groups/icecube/cyan/.local/lib/python3.12/site-packages/pytorch_lightning/trainer/connectors/checkpoint_connector.py", line 79, in resume_start
    loaded_checkpoint = self.trainer.strategy.load_checkpoint(checkpoint_path)
                        ^^^^^^^^^^^^^^^^^^^^^^^^^^^^^^^^^^^^^^^^^^^^^^^^^^^^^^
  File "/groups/icecube/cyan/.local/lib/python3.12/site-packages/pytorch_lightning/strategies/strategy.py", line 367, in load_checkpoint
    return self.checkpoint_io.load_checkpoint(checkpoint_path)
           ^^^^^^^^^^^^^^^^^^^^^^^^^^^^^^^^^^^^^^^^^^^^^^^^^^^
  File "/groups/icecube/cyan/.local/lib/python3.12/site-packages/lightning_fabric/plugins/io/torch_io.py", line 81, in load_checkpoint
    raise FileNotFoundError(f"Checkpoint file not found: {path}")
FileNotFoundError: Checkpoint file not found: /groups/icecube/cyan/factory/IceCubeTransformer/ImportLuc/checkpoints/2025-02-18_13:46:38_22011_TRUTH_7_VAL_epoch50.ckpt
