2025-02-19 19:07:07,031 - INFO - ==============Entering Encoder Block 0==============
2025-02-19 19:07:07,078 - INFO - ---------- attention(Scaled Dot-Product) ---------- 
2025-02-19 19:07:07,083 - INFO - attn_output hasn't NaN: True
2025-02-19 19:07:07,093 - INFO - ---------Layer Normalisation-----------
2025-02-19 19:07:07,093 - INFO - x hasn't nan: True
2025-02-19 19:07:07,093 - INFO - mu hasn't nan: True
2025-02-19 19:07:07,093 - INFO - var hasn't nan: True
2025-02-19 19:07:07,093 - INFO - x_normalised hasn't nan: True
2025-02-19 19:07:07,093 - INFO - x_tilde hasn't nan: True
2025-02-19 19:07:07,094 - INFO - ---------FFN-----------
2025-02-19 19:07:07,094 - INFO - s_i hasn't nan : True
2025-02-19 19:07:07,094 - INFO - h_i hasm't nan : True
2025-02-19 19:07:07,094 - INFO - x_next hasn't nan : True
2025-02-19 19:07:07,094 - INFO - ---------Layer Normalisation-----------
2025-02-19 19:07:07,094 - INFO - x hasn't nan: True
2025-02-19 19:07:07,095 - INFO - mu hasn't nan: True
2025-02-19 19:07:07,095 - INFO - var hasn't nan: True
2025-02-19 19:07:07,095 - INFO - x_normalised hasn't nan: True
2025-02-19 19:07:07,095 - INFO - x_tilde hasn't nan: True
2025-02-19 19:07:07,095 - INFO - Encoder Block 0 output hasn't nan: True
2025-02-19 19:07:07,095 - INFO - ==============Entering Encoder Block 1==============
2025-02-19 19:07:07,096 - INFO - ---------- attention(Scaled Dot-Product) ---------- 
2025-02-19 19:07:07,097 - INFO - attn_output hasn't NaN: True
2025-02-19 19:07:07,098 - INFO - ---------Layer Normalisation-----------
2025-02-19 19:07:07,098 - INFO - x hasn't nan: True
2025-02-19 19:07:07,098 - INFO - mu hasn't nan: True
2025-02-19 19:07:07,098 - INFO - var hasn't nan: True
2025-02-19 19:07:07,098 - INFO - x_normalised hasn't nan: True
2025-02-19 19:07:07,098 - INFO - x_tilde hasn't nan: True
2025-02-19 19:07:07,098 - INFO - ---------FFN-----------
2025-02-19 19:07:07,099 - INFO - s_i hasn't nan : True
2025-02-19 19:07:07,099 - INFO - h_i hasm't nan : True
2025-02-19 19:07:07,099 - INFO - x_next hasn't nan : True
2025-02-19 19:07:07,099 - INFO - ---------Layer Normalisation-----------
2025-02-19 19:07:07,099 - INFO - x hasn't nan: True
2025-02-19 19:07:07,099 - INFO - mu hasn't nan: True
2025-02-19 19:07:07,099 - INFO - var hasn't nan: True
2025-02-19 19:07:07,099 - INFO - x_normalised hasn't nan: True
2025-02-19 19:07:07,099 - INFO - x_tilde hasn't nan: True
2025-02-19 19:07:07,100 - INFO - Encoder Block 1 output hasn't nan: True
2025-02-19 19:07:07,100 - INFO - ==============Entering Encoder Block 2==============
2025-02-19 19:07:07,100 - INFO - ---------- attention(Scaled Dot-Product) ---------- 
2025-02-19 19:07:07,102 - INFO - attn_output hasn't NaN: True
2025-02-19 19:07:07,102 - INFO - ---------Layer Normalisation-----------
2025-02-19 19:07:07,103 - INFO - x hasn't nan: True
2025-02-19 19:07:07,103 - INFO - mu hasn't nan: True
2025-02-19 19:07:07,103 - INFO - var hasn't nan: True
2025-02-19 19:07:07,103 - INFO - x_normalised hasn't nan: True
2025-02-19 19:07:07,103 - INFO - x_tilde hasn't nan: True
2025-02-19 19:07:07,103 - INFO - ---------FFN-----------
2025-02-19 19:07:07,103 - INFO - s_i hasn't nan : True
2025-02-19 19:07:07,103 - INFO - h_i hasm't nan : True
2025-02-19 19:07:07,103 - INFO - x_next hasn't nan : True
2025-02-19 19:07:07,104 - INFO - ---------Layer Normalisation-----------
2025-02-19 19:07:07,104 - INFO - x hasn't nan: True
2025-02-19 19:07:07,104 - INFO - mu hasn't nan: True
2025-02-19 19:07:07,104 - INFO - var hasn't nan: True
2025-02-19 19:07:07,104 - INFO - x_normalised hasn't nan: True
2025-02-19 19:07:07,104 - INFO - x_tilde hasn't nan: True
2025-02-19 19:07:07,104 - INFO - Encoder Block 2 output hasn't nan: True
2025-02-19 19:07:07,104 - INFO - ==============Entering Encoder Block 3==============
2025-02-19 19:07:07,105 - INFO - ---------- attention(Scaled Dot-Product) ---------- 
2025-02-19 19:07:07,107 - INFO - attn_output hasn't NaN: True
2025-02-19 19:07:07,107 - INFO - ---------Layer Normalisation-----------
2025-02-19 19:07:07,107 - INFO - x hasn't nan: True
2025-02-19 19:07:07,107 - INFO - mu hasn't nan: True
2025-02-19 19:07:07,107 - INFO - var hasn't nan: True
2025-02-19 19:07:07,108 - INFO - x_normalised hasn't nan: True
2025-02-19 19:07:07,108 - INFO - x_tilde hasn't nan: True
2025-02-19 19:07:07,108 - INFO - ---------FFN-----------
2025-02-19 19:07:07,108 - INFO - s_i hasn't nan : True
2025-02-19 19:07:07,108 - INFO - h_i hasm't nan : True
2025-02-19 19:07:07,108 - INFO - x_next hasn't nan : True
2025-02-19 19:07:07,108 - INFO - ---------Layer Normalisation-----------
2025-02-19 19:07:07,109 - INFO - x hasn't nan: True
2025-02-19 19:07:07,109 - INFO - mu hasn't nan: True
2025-02-19 19:07:07,109 - INFO - var hasn't nan: True
2025-02-19 19:07:07,109 - INFO - x_normalised hasn't nan: True
2025-02-19 19:07:07,109 - INFO - x_tilde hasn't nan: True
2025-02-19 19:07:07,109 - INFO - Encoder Block 3 output hasn't nan: True
2025-02-19 19:07:07,109 - INFO - ==============Entering Encoder Block 4==============
2025-02-19 19:07:07,109 - INFO - ---------- attention(Scaled Dot-Product) ---------- 
2025-02-19 19:07:07,112 - INFO - attn_output hasn't NaN: True
2025-02-19 19:07:07,112 - INFO - ---------Layer Normalisation-----------
2025-02-19 19:07:07,112 - INFO - x hasn't nan: True
2025-02-19 19:07:07,112 - INFO - mu hasn't nan: True
2025-02-19 19:07:07,112 - INFO - var hasn't nan: True
2025-02-19 19:07:07,112 - INFO - x_normalised hasn't nan: True
2025-02-19 19:07:07,112 - INFO - x_tilde hasn't nan: True
2025-02-19 19:07:07,112 - INFO - ---------FFN-----------
2025-02-19 19:07:07,113 - INFO - s_i hasn't nan : True
2025-02-19 19:07:07,113 - INFO - h_i hasm't nan : True
2025-02-19 19:07:07,113 - INFO - x_next hasn't nan : True
2025-02-19 19:07:07,113 - INFO - ---------Layer Normalisation-----------
2025-02-19 19:07:07,113 - INFO - x hasn't nan: True
2025-02-19 19:07:07,113 - INFO - mu hasn't nan: True
2025-02-19 19:07:07,113 - INFO - var hasn't nan: True
2025-02-19 19:07:07,113 - INFO - x_normalised hasn't nan: True
2025-02-19 19:07:07,114 - INFO - x_tilde hasn't nan: True
2025-02-19 19:07:07,114 - INFO - Encoder Block 4 output hasn't nan: True
2025-02-19 19:07:07,114 - INFO - ==============Entering Encoder Block 5==============
2025-02-19 19:07:07,114 - INFO - ---------- attention(Scaled Dot-Product) ---------- 
2025-02-19 19:07:07,116 - INFO - attn_output hasn't NaN: True
2025-02-19 19:07:07,116 - INFO - ---------Layer Normalisation-----------
2025-02-19 19:07:07,117 - INFO - x hasn't nan: True
2025-02-19 19:07:07,117 - INFO - mu hasn't nan: True
2025-02-19 19:07:07,117 - INFO - var hasn't nan: True
2025-02-19 19:07:07,117 - INFO - x_normalised hasn't nan: True
2025-02-19 19:07:07,117 - INFO - x_tilde hasn't nan: True
2025-02-19 19:07:07,117 - INFO - ---------FFN-----------
2025-02-19 19:07:07,117 - INFO - s_i hasn't nan : True
2025-02-19 19:07:07,117 - INFO - h_i hasm't nan : True
2025-02-19 19:07:07,117 - INFO - x_next hasn't nan : True
2025-02-19 19:07:07,118 - INFO - ---------Layer Normalisation-----------
2025-02-19 19:07:07,118 - INFO - x hasn't nan: True
2025-02-19 19:07:07,118 - INFO - mu hasn't nan: True
2025-02-19 19:07:07,118 - INFO - var hasn't nan: True
2025-02-19 19:07:07,118 - INFO - x_normalised hasn't nan: True
2025-02-19 19:07:07,118 - INFO - x_tilde hasn't nan: True
2025-02-19 19:07:07,118 - INFO - Encoder Block 5 output hasn't nan: True
