2025-02-19 19:17:43,465 - INFO - ==============Entering Encoder Block 0==============
2025-02-19 19:17:43,504 - INFO - ---------- attention(Scaled Dot-Product) ---------- 
2025-02-19 19:17:43,510 - INFO - attn_output hasn't NaN: True
2025-02-19 19:17:43,519 - INFO - ---------Layer Normalisation-----------
2025-02-19 19:17:43,520 - INFO - x hasn't nan: True
2025-02-19 19:17:43,520 - INFO - mu hasn't nan: True
2025-02-19 19:17:43,520 - INFO - var hasn't nan: True
2025-02-19 19:17:43,520 - INFO - x_normalised hasn't nan: True
2025-02-19 19:17:43,520 - INFO - x_tilde hasn't nan: True
2025-02-19 19:17:43,520 - INFO - ---------FFN-----------
2025-02-19 19:17:43,520 - INFO - s_i hasn't nan : True
2025-02-19 19:17:43,520 - INFO - h_i hasm't nan : True
2025-02-19 19:17:43,521 - INFO - x_next hasn't nan : True
2025-02-19 19:17:43,521 - INFO - ---------Layer Normalisation-----------
2025-02-19 19:17:43,521 - INFO - x hasn't nan: True
2025-02-19 19:17:43,521 - INFO - mu hasn't nan: True
2025-02-19 19:17:43,521 - INFO - var hasn't nan: True
2025-02-19 19:17:43,521 - INFO - x_normalised hasn't nan: True
2025-02-19 19:17:43,521 - INFO - x_tilde hasn't nan: True
2025-02-19 19:17:43,521 - INFO - Encoder Block 0 output hasn't nan: True
2025-02-19 19:17:43,521 - INFO - ==============Entering Encoder Block 1==============
2025-02-19 19:17:43,522 - INFO - ---------- attention(Scaled Dot-Product) ---------- 
2025-02-19 19:17:43,524 - INFO - attn_output hasn't NaN: True
2025-02-19 19:17:43,524 - INFO - ---------Layer Normalisation-----------
2025-02-19 19:17:43,524 - INFO - x hasn't nan: True
2025-02-19 19:17:43,525 - INFO - mu hasn't nan: True
2025-02-19 19:17:43,525 - INFO - var hasn't nan: True
2025-02-19 19:17:43,525 - INFO - x_normalised hasn't nan: True
2025-02-19 19:17:43,525 - INFO - x_tilde hasn't nan: True
2025-02-19 19:17:43,525 - INFO - ---------FFN-----------
2025-02-19 19:17:43,525 - INFO - s_i hasn't nan : True
2025-02-19 19:17:43,525 - INFO - h_i hasm't nan : True
2025-02-19 19:17:43,525 - INFO - x_next hasn't nan : True
2025-02-19 19:17:43,525 - INFO - ---------Layer Normalisation-----------
2025-02-19 19:17:43,526 - INFO - x hasn't nan: True
2025-02-19 19:17:43,526 - INFO - mu hasn't nan: True
2025-02-19 19:17:43,526 - INFO - var hasn't nan: True
2025-02-19 19:17:43,526 - INFO - x_normalised hasn't nan: True
2025-02-19 19:17:43,526 - INFO - x_tilde hasn't nan: True
2025-02-19 19:17:43,526 - INFO - Encoder Block 1 output hasn't nan: True
2025-02-19 19:17:43,526 - INFO - ==============Entering Encoder Block 2==============
2025-02-19 19:17:43,526 - INFO - ---------- attention(Scaled Dot-Product) ---------- 
2025-02-19 19:17:43,529 - INFO - attn_output hasn't NaN: True
2025-02-19 19:17:43,529 - INFO - ---------Layer Normalisation-----------
2025-02-19 19:17:43,529 - INFO - x hasn't nan: True
2025-02-19 19:17:43,529 - INFO - mu hasn't nan: True
2025-02-19 19:17:43,529 - INFO - var hasn't nan: True
2025-02-19 19:17:43,529 - INFO - x_normalised hasn't nan: True
2025-02-19 19:17:43,529 - INFO - x_tilde hasn't nan: True
2025-02-19 19:17:43,530 - INFO - ---------FFN-----------
2025-02-19 19:17:43,530 - INFO - s_i hasn't nan : True
2025-02-19 19:17:43,530 - INFO - h_i hasm't nan : True
2025-02-19 19:17:43,530 - INFO - x_next hasn't nan : True
2025-02-19 19:17:43,530 - INFO - ---------Layer Normalisation-----------
2025-02-19 19:17:43,530 - INFO - x hasn't nan: True
2025-02-19 19:17:43,530 - INFO - mu hasn't nan: True
2025-02-19 19:17:43,530 - INFO - var hasn't nan: True
2025-02-19 19:17:43,531 - INFO - x_normalised hasn't nan: True
2025-02-19 19:17:43,531 - INFO - x_tilde hasn't nan: True
2025-02-19 19:17:43,531 - INFO - Encoder Block 2 output hasn't nan: True
2025-02-19 19:17:43,531 - INFO - ==============Entering Encoder Block 3==============
2025-02-19 19:17:43,531 - INFO - ---------- attention(Scaled Dot-Product) ---------- 
2025-02-19 19:17:43,533 - INFO - attn_output hasn't NaN: True
2025-02-19 19:17:43,533 - INFO - ---------Layer Normalisation-----------
2025-02-19 19:17:43,534 - INFO - x hasn't nan: True
2025-02-19 19:17:43,534 - INFO - mu hasn't nan: True
2025-02-19 19:17:43,534 - INFO - var hasn't nan: True
2025-02-19 19:17:43,534 - INFO - x_normalised hasn't nan: True
2025-02-19 19:17:43,534 - INFO - x_tilde hasn't nan: True
2025-02-19 19:17:43,534 - INFO - ---------FFN-----------
2025-02-19 19:17:43,534 - INFO - s_i hasn't nan : True
2025-02-19 19:17:43,534 - INFO - h_i hasm't nan : True
2025-02-19 19:17:43,535 - INFO - x_next hasn't nan : True
2025-02-19 19:17:43,535 - INFO - ---------Layer Normalisation-----------
2025-02-19 19:17:43,535 - INFO - x hasn't nan: True
2025-02-19 19:17:43,535 - INFO - mu hasn't nan: True
2025-02-19 19:17:43,535 - INFO - var hasn't nan: True
2025-02-19 19:17:43,535 - INFO - x_normalised hasn't nan: True
2025-02-19 19:17:43,535 - INFO - x_tilde hasn't nan: True
2025-02-19 19:17:43,536 - INFO - Encoder Block 3 output hasn't nan: True
2025-02-19 19:17:43,536 - INFO - ==============Entering Encoder Block 4==============
2025-02-19 19:17:43,536 - INFO - ---------- attention(Scaled Dot-Product) ---------- 
2025-02-19 19:17:43,538 - INFO - attn_output hasn't NaN: True
2025-02-19 19:17:43,538 - INFO - ---------Layer Normalisation-----------
2025-02-19 19:17:43,539 - INFO - x hasn't nan: True
2025-02-19 19:17:43,539 - INFO - mu hasn't nan: True
2025-02-19 19:17:43,539 - INFO - var hasn't nan: True
2025-02-19 19:17:43,539 - INFO - x_normalised hasn't nan: True
2025-02-19 19:17:43,539 - INFO - x_tilde hasn't nan: True
2025-02-19 19:17:43,539 - INFO - ---------FFN-----------
2025-02-19 19:17:43,539 - INFO - s_i hasn't nan : True
2025-02-19 19:17:43,539 - INFO - h_i hasm't nan : True
2025-02-19 19:17:43,539 - INFO - x_next hasn't nan : True
2025-02-19 19:17:43,540 - INFO - ---------Layer Normalisation-----------
2025-02-19 19:17:43,540 - INFO - x hasn't nan: True
2025-02-19 19:17:43,540 - INFO - mu hasn't nan: True
2025-02-19 19:17:43,540 - INFO - var hasn't nan: True
2025-02-19 19:17:43,540 - INFO - x_normalised hasn't nan: True
2025-02-19 19:17:43,540 - INFO - x_tilde hasn't nan: True
2025-02-19 19:17:43,540 - INFO - Encoder Block 4 output hasn't nan: True
2025-02-19 19:17:43,540 - INFO - ==============Entering Encoder Block 5==============
2025-02-19 19:17:43,541 - INFO - ---------- attention(Scaled Dot-Product) ---------- 
2025-02-19 19:17:43,543 - INFO - attn_output hasn't NaN: True
2025-02-19 19:17:43,543 - INFO - ---------Layer Normalisation-----------
2025-02-19 19:17:43,543 - INFO - x hasn't nan: True
2025-02-19 19:17:43,543 - INFO - mu hasn't nan: True
2025-02-19 19:17:43,543 - INFO - var hasn't nan: True
2025-02-19 19:17:43,544 - INFO - x_normalised hasn't nan: True
2025-02-19 19:17:43,544 - INFO - x_tilde hasn't nan: True
2025-02-19 19:17:43,544 - INFO - ---------FFN-----------
2025-02-19 19:17:43,544 - INFO - s_i hasn't nan : True
2025-02-19 19:17:43,544 - INFO - h_i hasm't nan : True
2025-02-19 19:17:43,544 - INFO - x_next hasn't nan : True
2025-02-19 19:17:43,544 - INFO - ---------Layer Normalisation-----------
2025-02-19 19:17:43,544 - INFO - x hasn't nan: True
2025-02-19 19:17:43,545 - INFO - mu hasn't nan: True
2025-02-19 19:17:43,545 - INFO - var hasn't nan: True
2025-02-19 19:17:43,545 - INFO - x_normalised hasn't nan: True
2025-02-19 19:17:43,545 - INFO - x_tilde hasn't nan: True
2025-02-19 19:17:43,545 - INFO - Encoder Block 5 output hasn't nan: True
