2025-02-19 22:33:12,334 - INFO - ==============Entering Encoder Block 0==============
2025-02-19 22:33:12,368 - INFO - ---------- attention(Scaled Dot-Product) ---------- 
2025-02-19 22:33:12,374 - INFO - attn_output hasn't NaN: True
2025-02-19 22:33:12,384 - INFO - ---------Layer Normalisation-----------
2025-02-19 22:33:12,384 - INFO - x hasn't nan: True
2025-02-19 22:33:12,384 - INFO - mu hasn't nan: True
2025-02-19 22:33:12,384 - INFO - var hasn't nan: True
2025-02-19 22:33:12,384 - INFO - x_normalised hasn't nan: True
2025-02-19 22:33:12,384 - INFO - x_tilde hasn't nan: True
2025-02-19 22:33:12,385 - INFO - ---------FFN-----------
2025-02-19 22:33:12,385 - INFO - s_i hasn't nan : True
2025-02-19 22:33:12,385 - INFO - h_i hasm't nan : True
2025-02-19 22:33:12,385 - INFO - x_next hasn't nan : True
2025-02-19 22:33:12,385 - INFO - ---------Layer Normalisation-----------
2025-02-19 22:33:12,386 - INFO - x hasn't nan: True
2025-02-19 22:33:12,386 - INFO - mu hasn't nan: True
2025-02-19 22:33:12,386 - INFO - var hasn't nan: True
2025-02-19 22:33:12,386 - INFO - x_normalised hasn't nan: True
2025-02-19 22:33:12,386 - INFO - x_tilde hasn't nan: True
2025-02-19 22:33:12,386 - INFO - Encoder Block 0 output hasn't nan: True
2025-02-19 22:33:12,386 - INFO - ==============Entering Encoder Block 1==============
2025-02-19 22:33:12,387 - INFO - ---------- attention(Scaled Dot-Product) ---------- 
2025-02-19 22:33:12,389 - INFO - attn_output hasn't NaN: True
2025-02-19 22:33:12,389 - INFO - ---------Layer Normalisation-----------
2025-02-19 22:33:12,389 - INFO - x hasn't nan: True
2025-02-19 22:33:12,389 - INFO - mu hasn't nan: True
2025-02-19 22:33:12,389 - INFO - var hasn't nan: True
2025-02-19 22:33:12,389 - INFO - x_normalised hasn't nan: True
2025-02-19 22:33:12,389 - INFO - x_tilde hasn't nan: True
2025-02-19 22:33:12,390 - INFO - ---------FFN-----------
2025-02-19 22:33:12,390 - INFO - s_i hasn't nan : True
2025-02-19 22:33:12,390 - INFO - h_i hasm't nan : True
2025-02-19 22:33:12,390 - INFO - x_next hasn't nan : True
2025-02-19 22:33:12,390 - INFO - ---------Layer Normalisation-----------
2025-02-19 22:33:12,390 - INFO - x hasn't nan: True
2025-02-19 22:33:12,390 - INFO - mu hasn't nan: True
2025-02-19 22:33:12,391 - INFO - var hasn't nan: True
2025-02-19 22:33:12,391 - INFO - x_normalised hasn't nan: True
2025-02-19 22:33:12,391 - INFO - x_tilde hasn't nan: True
2025-02-19 22:33:12,391 - INFO - Encoder Block 1 output hasn't nan: True
2025-02-19 22:33:12,391 - INFO - ==============Entering Encoder Block 2==============
2025-02-19 22:33:12,391 - INFO - ---------- attention(Scaled Dot-Product) ---------- 
2025-02-19 22:33:12,393 - INFO - attn_output hasn't NaN: True
2025-02-19 22:33:12,394 - INFO - ---------Layer Normalisation-----------
2025-02-19 22:33:12,394 - INFO - x hasn't nan: True
2025-02-19 22:33:12,394 - INFO - mu hasn't nan: True
2025-02-19 22:33:12,394 - INFO - var hasn't nan: True
2025-02-19 22:33:12,394 - INFO - x_normalised hasn't nan: True
2025-02-19 22:33:12,394 - INFO - x_tilde hasn't nan: True
2025-02-19 22:33:12,394 - INFO - ---------FFN-----------
2025-02-19 22:33:12,394 - INFO - s_i hasn't nan : True
2025-02-19 22:33:12,395 - INFO - h_i hasm't nan : True
2025-02-19 22:33:12,395 - INFO - x_next hasn't nan : True
2025-02-19 22:33:12,395 - INFO - ---------Layer Normalisation-----------
2025-02-19 22:33:12,395 - INFO - x hasn't nan: True
2025-02-19 22:33:12,395 - INFO - mu hasn't nan: True
2025-02-19 22:33:12,395 - INFO - var hasn't nan: True
2025-02-19 22:33:12,395 - INFO - x_normalised hasn't nan: True
2025-02-19 22:33:12,395 - INFO - x_tilde hasn't nan: True
2025-02-19 22:33:12,396 - INFO - Encoder Block 2 output hasn't nan: True
2025-02-19 22:33:12,396 - INFO - ==============Entering Encoder Block 3==============
2025-02-19 22:33:12,396 - INFO - ---------- attention(Scaled Dot-Product) ---------- 
2025-02-19 22:33:12,398 - INFO - attn_output hasn't NaN: True
2025-02-19 22:33:12,398 - INFO - ---------Layer Normalisation-----------
2025-02-19 22:33:12,399 - INFO - x hasn't nan: True
2025-02-19 22:33:12,399 - INFO - mu hasn't nan: True
2025-02-19 22:33:12,399 - INFO - var hasn't nan: True
2025-02-19 22:33:12,399 - INFO - x_normalised hasn't nan: True
2025-02-19 22:33:12,399 - INFO - x_tilde hasn't nan: True
2025-02-19 22:33:12,399 - INFO - ---------FFN-----------
2025-02-19 22:33:12,399 - INFO - s_i hasn't nan : True
2025-02-19 22:33:12,399 - INFO - h_i hasm't nan : True
2025-02-19 22:33:12,399 - INFO - x_next hasn't nan : True
2025-02-19 22:33:12,400 - INFO - ---------Layer Normalisation-----------
2025-02-19 22:33:12,400 - INFO - x hasn't nan: True
2025-02-19 22:33:12,400 - INFO - mu hasn't nan: True
2025-02-19 22:33:12,400 - INFO - var hasn't nan: True
2025-02-19 22:33:12,400 - INFO - x_normalised hasn't nan: True
2025-02-19 22:33:12,400 - INFO - x_tilde hasn't nan: True
2025-02-19 22:33:12,400 - INFO - Encoder Block 3 output hasn't nan: True
2025-02-19 22:33:12,400 - INFO - ==============Entering Encoder Block 4==============
2025-02-19 22:33:12,401 - INFO - ---------- attention(Scaled Dot-Product) ---------- 
2025-02-19 22:33:12,403 - INFO - attn_output hasn't NaN: True
2025-02-19 22:33:12,403 - INFO - ---------Layer Normalisation-----------
2025-02-19 22:33:12,403 - INFO - x hasn't nan: True
2025-02-19 22:33:12,403 - INFO - mu hasn't nan: True
2025-02-19 22:33:12,403 - INFO - var hasn't nan: True
2025-02-19 22:33:12,403 - INFO - x_normalised hasn't nan: True
2025-02-19 22:33:12,404 - INFO - x_tilde hasn't nan: True
2025-02-19 22:33:12,404 - INFO - ---------FFN-----------
2025-02-19 22:33:12,404 - INFO - s_i hasn't nan : True
2025-02-19 22:33:12,404 - INFO - h_i hasm't nan : True
2025-02-19 22:33:12,404 - INFO - x_next hasn't nan : True
2025-02-19 22:33:12,404 - INFO - ---------Layer Normalisation-----------
2025-02-19 22:33:12,404 - INFO - x hasn't nan: True
2025-02-19 22:33:12,405 - INFO - mu hasn't nan: True
2025-02-19 22:33:12,405 - INFO - var hasn't nan: True
2025-02-19 22:33:12,405 - INFO - x_normalised hasn't nan: True
2025-02-19 22:33:12,405 - INFO - x_tilde hasn't nan: True
2025-02-19 22:33:12,405 - INFO - Encoder Block 4 output hasn't nan: True
2025-02-19 22:33:12,405 - INFO - ==============Entering Encoder Block 5==============
2025-02-19 22:33:12,405 - INFO - ---------- attention(Scaled Dot-Product) ---------- 
2025-02-19 22:33:12,407 - INFO - attn_output hasn't NaN: True
2025-02-19 22:33:12,408 - INFO - ---------Layer Normalisation-----------
2025-02-19 22:33:12,408 - INFO - x hasn't nan: True
2025-02-19 22:33:12,408 - INFO - mu hasn't nan: True
2025-02-19 22:33:12,408 - INFO - var hasn't nan: True
2025-02-19 22:33:12,408 - INFO - x_normalised hasn't nan: True
2025-02-19 22:33:12,408 - INFO - x_tilde hasn't nan: True
2025-02-19 22:33:12,408 - INFO - ---------FFN-----------
2025-02-19 22:33:12,409 - INFO - s_i hasn't nan : True
2025-02-19 22:33:12,409 - INFO - h_i hasm't nan : True
2025-02-19 22:33:12,409 - INFO - x_next hasn't nan : True
2025-02-19 22:33:12,409 - INFO - ---------Layer Normalisation-----------
2025-02-19 22:33:12,409 - INFO - x hasn't nan: True
2025-02-19 22:33:12,409 - INFO - mu hasn't nan: True
2025-02-19 22:33:12,409 - INFO - var hasn't nan: True
2025-02-19 22:33:12,409 - INFO - x_normalised hasn't nan: True
2025-02-19 22:33:12,409 - INFO - x_tilde hasn't nan: True
2025-02-19 22:33:12,410 - INFO - Encoder Block 5 output hasn't nan: True
