2025-02-19 22:40:22,277 - INFO - ==============Entering Encoder Block 0==============
2025-02-19 22:40:22,313 - INFO - ---------- attention(Scaled Dot-Product) ---------- 
2025-02-19 22:40:22,319 - INFO - attn_output hasn't NaN: True
2025-02-19 22:40:22,329 - INFO - ---------Layer Normalisation-----------
2025-02-19 22:40:22,329 - INFO - x hasn't nan: True
2025-02-19 22:40:22,329 - INFO - mu hasn't nan: True
2025-02-19 22:40:22,329 - INFO - var hasn't nan: True
2025-02-19 22:40:22,329 - INFO - x_normalised hasn't nan: True
2025-02-19 22:40:22,329 - INFO - x_tilde hasn't nan: True
2025-02-19 22:40:22,330 - INFO - ---------FFN-----------
2025-02-19 22:40:22,330 - INFO - s_i hasn't nan : True
2025-02-19 22:40:22,330 - INFO - h_i hasm't nan : True
2025-02-19 22:40:22,330 - INFO - x_next hasn't nan : True
2025-02-19 22:40:22,330 - INFO - ---------Layer Normalisation-----------
2025-02-19 22:40:22,330 - INFO - x hasn't nan: True
2025-02-19 22:40:22,330 - INFO - mu hasn't nan: True
2025-02-19 22:40:22,330 - INFO - var hasn't nan: True
2025-02-19 22:40:22,331 - INFO - x_normalised hasn't nan: True
2025-02-19 22:40:22,331 - INFO - x_tilde hasn't nan: True
2025-02-19 22:40:22,331 - INFO - Encoder Block 0 output hasn't nan: True
2025-02-19 22:40:22,331 - INFO - ==============Entering Encoder Block 1==============
2025-02-19 22:40:22,331 - INFO - ---------- attention(Scaled Dot-Product) ---------- 
2025-02-19 22:40:22,333 - INFO - attn_output hasn't NaN: True
2025-02-19 22:40:22,334 - INFO - ---------Layer Normalisation-----------
2025-02-19 22:40:22,334 - INFO - x hasn't nan: True
2025-02-19 22:40:22,334 - INFO - mu hasn't nan: True
2025-02-19 22:40:22,334 - INFO - var hasn't nan: True
2025-02-19 22:40:22,334 - INFO - x_normalised hasn't nan: True
2025-02-19 22:40:22,334 - INFO - x_tilde hasn't nan: True
2025-02-19 22:40:22,334 - INFO - ---------FFN-----------
2025-02-19 22:40:22,334 - INFO - s_i hasn't nan : True
2025-02-19 22:40:22,335 - INFO - h_i hasm't nan : True
2025-02-19 22:40:22,335 - INFO - x_next hasn't nan : True
2025-02-19 22:40:22,335 - INFO - ---------Layer Normalisation-----------
2025-02-19 22:40:22,335 - INFO - x hasn't nan: True
2025-02-19 22:40:22,335 - INFO - mu hasn't nan: True
2025-02-19 22:40:22,335 - INFO - var hasn't nan: True
2025-02-19 22:40:22,335 - INFO - x_normalised hasn't nan: True
2025-02-19 22:40:22,335 - INFO - x_tilde hasn't nan: True
2025-02-19 22:40:22,335 - INFO - Encoder Block 1 output hasn't nan: True
2025-02-19 22:40:22,336 - INFO - ==============Entering Encoder Block 2==============
2025-02-19 22:40:22,336 - INFO - ---------- attention(Scaled Dot-Product) ---------- 
2025-02-19 22:40:22,338 - INFO - attn_output hasn't NaN: True
2025-02-19 22:40:22,338 - INFO - ---------Layer Normalisation-----------
2025-02-19 22:40:22,339 - INFO - x hasn't nan: True
2025-02-19 22:40:22,339 - INFO - mu hasn't nan: True
2025-02-19 22:40:22,339 - INFO - var hasn't nan: True
2025-02-19 22:40:22,339 - INFO - x_normalised hasn't nan: True
2025-02-19 22:40:22,339 - INFO - x_tilde hasn't nan: True
2025-02-19 22:40:22,339 - INFO - ---------FFN-----------
2025-02-19 22:40:22,339 - INFO - s_i hasn't nan : True
2025-02-19 22:40:22,339 - INFO - h_i hasm't nan : True
2025-02-19 22:40:22,339 - INFO - x_next hasn't nan : True
2025-02-19 22:40:22,339 - INFO - ---------Layer Normalisation-----------
2025-02-19 22:40:22,340 - INFO - x hasn't nan: True
2025-02-19 22:40:22,340 - INFO - mu hasn't nan: True
2025-02-19 22:40:22,340 - INFO - var hasn't nan: True
2025-02-19 22:40:22,340 - INFO - x_normalised hasn't nan: True
2025-02-19 22:40:22,340 - INFO - x_tilde hasn't nan: True
2025-02-19 22:40:22,340 - INFO - Encoder Block 2 output hasn't nan: True
2025-02-19 22:40:22,340 - INFO - ==============Entering Encoder Block 3==============
2025-02-19 22:40:22,341 - INFO - ---------- attention(Scaled Dot-Product) ---------- 
2025-02-19 22:40:22,343 - INFO - attn_output hasn't NaN: True
2025-02-19 22:40:22,343 - INFO - ---------Layer Normalisation-----------
2025-02-19 22:40:22,343 - INFO - x hasn't nan: True
2025-02-19 22:40:22,343 - INFO - mu hasn't nan: True
2025-02-19 22:40:22,343 - INFO - var hasn't nan: True
2025-02-19 22:40:22,343 - INFO - x_normalised hasn't nan: True
2025-02-19 22:40:22,344 - INFO - x_tilde hasn't nan: True
2025-02-19 22:40:22,344 - INFO - ---------FFN-----------
2025-02-19 22:40:22,344 - INFO - s_i hasn't nan : True
2025-02-19 22:40:22,344 - INFO - h_i hasm't nan : True
2025-02-19 22:40:22,344 - INFO - x_next hasn't nan : True
2025-02-19 22:40:22,344 - INFO - ---------Layer Normalisation-----------
2025-02-19 22:40:22,344 - INFO - x hasn't nan: True
2025-02-19 22:40:22,345 - INFO - mu hasn't nan: True
2025-02-19 22:40:22,345 - INFO - var hasn't nan: True
2025-02-19 22:40:22,345 - INFO - x_normalised hasn't nan: True
2025-02-19 22:40:22,345 - INFO - x_tilde hasn't nan: True
2025-02-19 22:40:22,345 - INFO - Encoder Block 3 output hasn't nan: True
2025-02-19 22:40:22,345 - INFO - ==============Entering Encoder Block 4==============
2025-02-19 22:40:22,345 - INFO - ---------- attention(Scaled Dot-Product) ---------- 
2025-02-19 22:40:22,347 - INFO - attn_output hasn't NaN: True
2025-02-19 22:40:22,348 - INFO - ---------Layer Normalisation-----------
2025-02-19 22:40:22,348 - INFO - x hasn't nan: True
2025-02-19 22:40:22,348 - INFO - mu hasn't nan: True
2025-02-19 22:40:22,348 - INFO - var hasn't nan: True
2025-02-19 22:40:22,348 - INFO - x_normalised hasn't nan: True
2025-02-19 22:40:22,348 - INFO - x_tilde hasn't nan: True
2025-02-19 22:40:22,348 - INFO - ---------FFN-----------
2025-02-19 22:40:22,349 - INFO - s_i hasn't nan : True
2025-02-19 22:40:22,349 - INFO - h_i hasm't nan : True
2025-02-19 22:40:22,349 - INFO - x_next hasn't nan : True
2025-02-19 22:40:22,349 - INFO - ---------Layer Normalisation-----------
2025-02-19 22:40:22,349 - INFO - x hasn't nan: True
2025-02-19 22:40:22,349 - INFO - mu hasn't nan: True
2025-02-19 22:40:22,349 - INFO - var hasn't nan: True
2025-02-19 22:40:22,349 - INFO - x_normalised hasn't nan: True
2025-02-19 22:40:22,349 - INFO - x_tilde hasn't nan: True
2025-02-19 22:40:22,350 - INFO - Encoder Block 4 output hasn't nan: True
2025-02-19 22:40:22,350 - INFO - ==============Entering Encoder Block 5==============
2025-02-19 22:40:22,350 - INFO - ---------- attention(Scaled Dot-Product) ---------- 
2025-02-19 22:40:22,352 - INFO - attn_output hasn't NaN: True
2025-02-19 22:40:22,352 - INFO - ---------Layer Normalisation-----------
2025-02-19 22:40:22,353 - INFO - x hasn't nan: True
2025-02-19 22:40:22,353 - INFO - mu hasn't nan: True
2025-02-19 22:40:22,353 - INFO - var hasn't nan: True
2025-02-19 22:40:22,353 - INFO - x_normalised hasn't nan: True
2025-02-19 22:40:22,353 - INFO - x_tilde hasn't nan: True
2025-02-19 22:40:22,353 - INFO - ---------FFN-----------
2025-02-19 22:40:22,353 - INFO - s_i hasn't nan : True
2025-02-19 22:40:22,353 - INFO - h_i hasm't nan : True
2025-02-19 22:40:22,353 - INFO - x_next hasn't nan : True
2025-02-19 22:40:22,354 - INFO - ---------Layer Normalisation-----------
2025-02-19 22:40:22,354 - INFO - x hasn't nan: True
2025-02-19 22:40:22,354 - INFO - mu hasn't nan: True
2025-02-19 22:40:22,354 - INFO - var hasn't nan: True
2025-02-19 22:40:22,354 - INFO - x_normalised hasn't nan: True
2025-02-19 22:40:22,354 - INFO - x_tilde hasn't nan: True
2025-02-19 22:40:22,354 - INFO - Encoder Block 5 output hasn't nan: True
