2025-02-19 22:41:51,307 - INFO - ==============Entering Encoder Block 0==============
2025-02-19 22:41:51,343 - INFO - ---------- attention(Scaled Dot-Product) ---------- 
2025-02-19 22:41:51,349 - INFO - attn_output hasn't NaN: True
2025-02-19 22:41:51,358 - INFO - ---------Layer Normalisation-----------
2025-02-19 22:41:51,358 - INFO - x hasn't nan: True
2025-02-19 22:41:51,358 - INFO - mu hasn't nan: True
2025-02-19 22:41:51,359 - INFO - var hasn't nan: True
2025-02-19 22:41:51,359 - INFO - x_normalised hasn't nan: True
2025-02-19 22:41:51,359 - INFO - x_tilde hasn't nan: True
2025-02-19 22:41:51,359 - INFO - ---------FFN-----------
2025-02-19 22:41:51,359 - INFO - s_i hasn't nan : True
2025-02-19 22:41:51,359 - INFO - h_i hasm't nan : True
2025-02-19 22:41:51,359 - INFO - x_next hasn't nan : True
2025-02-19 22:41:51,360 - INFO - ---------Layer Normalisation-----------
2025-02-19 22:41:51,360 - INFO - x hasn't nan: True
2025-02-19 22:41:51,360 - INFO - mu hasn't nan: True
2025-02-19 22:41:51,360 - INFO - var hasn't nan: True
2025-02-19 22:41:51,360 - INFO - x_normalised hasn't nan: True
2025-02-19 22:41:51,360 - INFO - x_tilde hasn't nan: True
2025-02-19 22:41:51,360 - INFO - Encoder Block 0 output hasn't nan: True
2025-02-19 22:41:51,360 - INFO - ==============Entering Encoder Block 1==============
2025-02-19 22:41:51,361 - INFO - ---------- attention(Scaled Dot-Product) ---------- 
2025-02-19 22:41:51,363 - INFO - attn_output hasn't NaN: True
2025-02-19 22:41:51,363 - INFO - ---------Layer Normalisation-----------
2025-02-19 22:41:51,363 - INFO - x hasn't nan: True
2025-02-19 22:41:51,363 - INFO - mu hasn't nan: True
2025-02-19 22:41:51,363 - INFO - var hasn't nan: True
2025-02-19 22:41:51,364 - INFO - x_normalised hasn't nan: True
2025-02-19 22:41:51,364 - INFO - x_tilde hasn't nan: True
2025-02-19 22:41:51,364 - INFO - ---------FFN-----------
2025-02-19 22:41:51,364 - INFO - s_i hasn't nan : True
2025-02-19 22:41:51,364 - INFO - h_i hasm't nan : True
2025-02-19 22:41:51,364 - INFO - x_next hasn't nan : True
2025-02-19 22:41:51,364 - INFO - ---------Layer Normalisation-----------
2025-02-19 22:41:51,364 - INFO - x hasn't nan: True
2025-02-19 22:41:51,365 - INFO - mu hasn't nan: True
2025-02-19 22:41:51,365 - INFO - var hasn't nan: True
2025-02-19 22:41:51,365 - INFO - x_normalised hasn't nan: True
2025-02-19 22:41:51,365 - INFO - x_tilde hasn't nan: True
2025-02-19 22:41:51,365 - INFO - Encoder Block 1 output hasn't nan: True
2025-02-19 22:41:51,365 - INFO - ==============Entering Encoder Block 2==============
2025-02-19 22:41:51,365 - INFO - ---------- attention(Scaled Dot-Product) ---------- 
2025-02-19 22:41:51,368 - INFO - attn_output hasn't NaN: True
2025-02-19 22:41:51,368 - INFO - ---------Layer Normalisation-----------
2025-02-19 22:41:51,368 - INFO - x hasn't nan: True
2025-02-19 22:41:51,368 - INFO - mu hasn't nan: True
2025-02-19 22:41:51,368 - INFO - var hasn't nan: True
2025-02-19 22:41:51,368 - INFO - x_normalised hasn't nan: True
2025-02-19 22:41:51,368 - INFO - x_tilde hasn't nan: True
2025-02-19 22:41:51,368 - INFO - ---------FFN-----------
2025-02-19 22:41:51,369 - INFO - s_i hasn't nan : True
2025-02-19 22:41:51,369 - INFO - h_i hasm't nan : True
2025-02-19 22:41:51,369 - INFO - x_next hasn't nan : True
2025-02-19 22:41:51,369 - INFO - ---------Layer Normalisation-----------
2025-02-19 22:41:51,369 - INFO - x hasn't nan: True
2025-02-19 22:41:51,369 - INFO - mu hasn't nan: True
2025-02-19 22:41:51,369 - INFO - var hasn't nan: True
2025-02-19 22:41:51,369 - INFO - x_normalised hasn't nan: True
2025-02-19 22:41:51,370 - INFO - x_tilde hasn't nan: True
2025-02-19 22:41:51,370 - INFO - Encoder Block 2 output hasn't nan: True
2025-02-19 22:41:51,370 - INFO - ==============Entering Encoder Block 3==============
2025-02-19 22:41:51,370 - INFO - ---------- attention(Scaled Dot-Product) ---------- 
2025-02-19 22:41:51,372 - INFO - attn_output hasn't NaN: True
2025-02-19 22:41:51,372 - INFO - ---------Layer Normalisation-----------
2025-02-19 22:41:51,373 - INFO - x hasn't nan: True
2025-02-19 22:41:51,373 - INFO - mu hasn't nan: True
2025-02-19 22:41:51,373 - INFO - var hasn't nan: True
2025-02-19 22:41:51,373 - INFO - x_normalised hasn't nan: True
2025-02-19 22:41:51,373 - INFO - x_tilde hasn't nan: True
2025-02-19 22:41:51,373 - INFO - ---------FFN-----------
2025-02-19 22:41:51,373 - INFO - s_i hasn't nan : True
2025-02-19 22:41:51,373 - INFO - h_i hasm't nan : True
2025-02-19 22:41:51,374 - INFO - x_next hasn't nan : True
2025-02-19 22:41:51,374 - INFO - ---------Layer Normalisation-----------
2025-02-19 22:41:51,374 - INFO - x hasn't nan: True
2025-02-19 22:41:51,374 - INFO - mu hasn't nan: True
2025-02-19 22:41:51,374 - INFO - var hasn't nan: True
2025-02-19 22:41:51,374 - INFO - x_normalised hasn't nan: True
2025-02-19 22:41:51,374 - INFO - x_tilde hasn't nan: True
2025-02-19 22:41:51,374 - INFO - Encoder Block 3 output hasn't nan: True
2025-02-19 22:41:51,374 - INFO - ==============Entering Encoder Block 4==============
2025-02-19 22:41:51,375 - INFO - ---------- attention(Scaled Dot-Product) ---------- 
2025-02-19 22:41:51,377 - INFO - attn_output hasn't NaN: True
2025-02-19 22:41:51,377 - INFO - ---------Layer Normalisation-----------
2025-02-19 22:41:51,377 - INFO - x hasn't nan: True
2025-02-19 22:41:51,377 - INFO - mu hasn't nan: True
2025-02-19 22:41:51,378 - INFO - var hasn't nan: True
2025-02-19 22:41:51,378 - INFO - x_normalised hasn't nan: True
2025-02-19 22:41:51,378 - INFO - x_tilde hasn't nan: True
2025-02-19 22:41:51,378 - INFO - ---------FFN-----------
2025-02-19 22:41:51,378 - INFO - s_i hasn't nan : True
2025-02-19 22:41:51,378 - INFO - h_i hasm't nan : True
2025-02-19 22:41:51,378 - INFO - x_next hasn't nan : True
2025-02-19 22:41:51,378 - INFO - ---------Layer Normalisation-----------
2025-02-19 22:41:51,379 - INFO - x hasn't nan: True
2025-02-19 22:41:51,379 - INFO - mu hasn't nan: True
2025-02-19 22:41:51,379 - INFO - var hasn't nan: True
2025-02-19 22:41:51,379 - INFO - x_normalised hasn't nan: True
2025-02-19 22:41:51,379 - INFO - x_tilde hasn't nan: True
2025-02-19 22:41:51,379 - INFO - Encoder Block 4 output hasn't nan: True
2025-02-19 22:41:51,379 - INFO - ==============Entering Encoder Block 5==============
2025-02-19 22:41:51,379 - INFO - ---------- attention(Scaled Dot-Product) ---------- 
2025-02-19 22:41:51,382 - INFO - attn_output hasn't NaN: True
2025-02-19 22:41:51,382 - INFO - ---------Layer Normalisation-----------
2025-02-19 22:41:51,382 - INFO - x hasn't nan: True
2025-02-19 22:41:51,382 - INFO - mu hasn't nan: True
2025-02-19 22:41:51,382 - INFO - var hasn't nan: True
2025-02-19 22:41:51,382 - INFO - x_normalised hasn't nan: True
2025-02-19 22:41:51,382 - INFO - x_tilde hasn't nan: True
2025-02-19 22:41:51,383 - INFO - ---------FFN-----------
2025-02-19 22:41:51,383 - INFO - s_i hasn't nan : True
2025-02-19 22:41:51,383 - INFO - h_i hasm't nan : True
2025-02-19 22:41:51,383 - INFO - x_next hasn't nan : True
2025-02-19 22:41:51,383 - INFO - ---------Layer Normalisation-----------
2025-02-19 22:41:51,383 - INFO - x hasn't nan: True
2025-02-19 22:41:51,383 - INFO - mu hasn't nan: True
2025-02-19 22:41:51,383 - INFO - var hasn't nan: True
2025-02-19 22:41:51,384 - INFO - x_normalised hasn't nan: True
2025-02-19 22:41:51,384 - INFO - x_tilde hasn't nan: True
2025-02-19 22:41:51,384 - INFO - Encoder Block 5 output hasn't nan: True
