2025-02-19 22:52:37,267 - INFO - ==============Entering Encoder Block 0==============
2025-02-19 22:52:37,303 - INFO - ---------- attention(Scaled Dot-Product) ---------- 
2025-02-19 22:52:37,308 - INFO - attn_output hasn't NaN: True
2025-02-19 22:52:37,318 - INFO - ---------Layer Normalisation-----------
2025-02-19 22:52:37,318 - INFO - x hasn't nan: True
2025-02-19 22:52:37,318 - INFO - mu hasn't nan: True
2025-02-19 22:52:37,318 - INFO - var hasn't nan: True
2025-02-19 22:52:37,318 - INFO - x_normalised hasn't nan: True
2025-02-19 22:52:37,319 - INFO - x_tilde hasn't nan: True
2025-02-19 22:52:37,319 - INFO - ---------FFN-----------
2025-02-19 22:52:37,319 - INFO - s_i hasn't nan : True
2025-02-19 22:52:37,319 - INFO - h_i hasm't nan : True
2025-02-19 22:52:37,319 - INFO - x_next hasn't nan : True
2025-02-19 22:52:37,319 - INFO - ---------Layer Normalisation-----------
2025-02-19 22:52:37,320 - INFO - x hasn't nan: True
2025-02-19 22:52:37,320 - INFO - mu hasn't nan: True
2025-02-19 22:52:37,320 - INFO - var hasn't nan: True
2025-02-19 22:52:37,320 - INFO - x_normalised hasn't nan: True
2025-02-19 22:52:37,320 - INFO - x_tilde hasn't nan: True
2025-02-19 22:52:37,320 - INFO - Encoder Block 0 output hasn't nan: True
2025-02-19 22:52:37,320 - INFO - ==============Entering Encoder Block 1==============
2025-02-19 22:52:37,321 - INFO - ---------- attention(Scaled Dot-Product) ---------- 
2025-02-19 22:52:37,323 - INFO - attn_output hasn't NaN: True
2025-02-19 22:52:37,323 - INFO - ---------Layer Normalisation-----------
2025-02-19 22:52:37,323 - INFO - x hasn't nan: True
2025-02-19 22:52:37,323 - INFO - mu hasn't nan: True
2025-02-19 22:52:37,323 - INFO - var hasn't nan: True
2025-02-19 22:52:37,323 - INFO - x_normalised hasn't nan: True
2025-02-19 22:52:37,323 - INFO - x_tilde hasn't nan: True
2025-02-19 22:52:37,324 - INFO - ---------FFN-----------
2025-02-19 22:52:37,324 - INFO - s_i hasn't nan : True
2025-02-19 22:52:37,324 - INFO - h_i hasm't nan : True
2025-02-19 22:52:37,324 - INFO - x_next hasn't nan : True
2025-02-19 22:52:37,324 - INFO - ---------Layer Normalisation-----------
2025-02-19 22:52:37,324 - INFO - x hasn't nan: True
2025-02-19 22:52:37,324 - INFO - mu hasn't nan: True
2025-02-19 22:52:37,324 - INFO - var hasn't nan: True
2025-02-19 22:52:37,324 - INFO - x_normalised hasn't nan: True
2025-02-19 22:52:37,325 - INFO - x_tilde hasn't nan: True
2025-02-19 22:52:37,325 - INFO - Encoder Block 1 output hasn't nan: True
2025-02-19 22:52:37,325 - INFO - ==============Entering Encoder Block 2==============
2025-02-19 22:52:37,325 - INFO - ---------- attention(Scaled Dot-Product) ---------- 
2025-02-19 22:52:37,327 - INFO - attn_output hasn't NaN: True
2025-02-19 22:52:37,327 - INFO - ---------Layer Normalisation-----------
2025-02-19 22:52:37,328 - INFO - x hasn't nan: True
2025-02-19 22:52:37,328 - INFO - mu hasn't nan: True
2025-02-19 22:52:37,328 - INFO - var hasn't nan: True
2025-02-19 22:52:37,328 - INFO - x_normalised hasn't nan: True
2025-02-19 22:52:37,328 - INFO - x_tilde hasn't nan: True
2025-02-19 22:52:37,328 - INFO - ---------FFN-----------
2025-02-19 22:52:37,328 - INFO - s_i hasn't nan : True
2025-02-19 22:52:37,328 - INFO - h_i hasm't nan : True
2025-02-19 22:52:37,329 - INFO - x_next hasn't nan : True
2025-02-19 22:52:37,329 - INFO - ---------Layer Normalisation-----------
2025-02-19 22:52:37,329 - INFO - x hasn't nan: True
2025-02-19 22:52:37,329 - INFO - mu hasn't nan: True
2025-02-19 22:52:37,329 - INFO - var hasn't nan: True
2025-02-19 22:52:37,329 - INFO - x_normalised hasn't nan: True
2025-02-19 22:52:37,329 - INFO - x_tilde hasn't nan: True
2025-02-19 22:52:37,329 - INFO - Encoder Block 2 output hasn't nan: True
2025-02-19 22:52:37,329 - INFO - ==============Entering Encoder Block 3==============
2025-02-19 22:52:37,330 - INFO - ---------- attention(Scaled Dot-Product) ---------- 
2025-02-19 22:52:37,332 - INFO - attn_output hasn't NaN: True
2025-02-19 22:52:37,332 - INFO - ---------Layer Normalisation-----------
2025-02-19 22:52:37,332 - INFO - x hasn't nan: True
2025-02-19 22:52:37,333 - INFO - mu hasn't nan: True
2025-02-19 22:52:37,333 - INFO - var hasn't nan: True
2025-02-19 22:52:37,333 - INFO - x_normalised hasn't nan: True
2025-02-19 22:52:37,333 - INFO - x_tilde hasn't nan: True
2025-02-19 22:52:37,333 - INFO - ---------FFN-----------
2025-02-19 22:52:37,333 - INFO - s_i hasn't nan : True
2025-02-19 22:52:37,333 - INFO - h_i hasm't nan : True
2025-02-19 22:52:37,333 - INFO - x_next hasn't nan : True
2025-02-19 22:52:37,333 - INFO - ---------Layer Normalisation-----------
2025-02-19 22:52:37,334 - INFO - x hasn't nan: True
2025-02-19 22:52:37,334 - INFO - mu hasn't nan: True
2025-02-19 22:52:37,334 - INFO - var hasn't nan: True
2025-02-19 22:52:37,334 - INFO - x_normalised hasn't nan: True
2025-02-19 22:52:37,334 - INFO - x_tilde hasn't nan: True
2025-02-19 22:52:37,334 - INFO - Encoder Block 3 output hasn't nan: True
2025-02-19 22:52:37,334 - INFO - ==============Entering Encoder Block 4==============
2025-02-19 22:52:37,334 - INFO - ---------- attention(Scaled Dot-Product) ---------- 
2025-02-19 22:52:37,337 - INFO - attn_output hasn't NaN: True
2025-02-19 22:52:37,337 - INFO - ---------Layer Normalisation-----------
2025-02-19 22:52:37,337 - INFO - x hasn't nan: True
2025-02-19 22:52:37,337 - INFO - mu hasn't nan: True
2025-02-19 22:52:37,337 - INFO - var hasn't nan: True
2025-02-19 22:52:37,337 - INFO - x_normalised hasn't nan: True
2025-02-19 22:52:37,337 - INFO - x_tilde hasn't nan: True
2025-02-19 22:52:37,338 - INFO - ---------FFN-----------
2025-02-19 22:52:37,338 - INFO - s_i hasn't nan : True
2025-02-19 22:52:37,338 - INFO - h_i hasm't nan : True
2025-02-19 22:52:37,338 - INFO - x_next hasn't nan : True
2025-02-19 22:52:37,338 - INFO - ---------Layer Normalisation-----------
2025-02-19 22:52:37,338 - INFO - x hasn't nan: True
2025-02-19 22:52:37,338 - INFO - mu hasn't nan: True
2025-02-19 22:52:37,339 - INFO - var hasn't nan: True
2025-02-19 22:52:37,339 - INFO - x_normalised hasn't nan: True
2025-02-19 22:52:37,339 - INFO - x_tilde hasn't nan: True
2025-02-19 22:52:37,339 - INFO - Encoder Block 4 output hasn't nan: True
2025-02-19 22:52:37,339 - INFO - ==============Entering Encoder Block 5==============
2025-02-19 22:52:37,339 - INFO - ---------- attention(Scaled Dot-Product) ---------- 
2025-02-19 22:52:37,341 - INFO - attn_output hasn't NaN: True
2025-02-19 22:52:37,342 - INFO - ---------Layer Normalisation-----------
2025-02-19 22:52:37,342 - INFO - x hasn't nan: True
2025-02-19 22:52:37,342 - INFO - mu hasn't nan: True
2025-02-19 22:52:37,342 - INFO - var hasn't nan: True
2025-02-19 22:52:37,342 - INFO - x_normalised hasn't nan: True
2025-02-19 22:52:37,342 - INFO - x_tilde hasn't nan: True
2025-02-19 22:52:37,342 - INFO - ---------FFN-----------
2025-02-19 22:52:37,342 - INFO - s_i hasn't nan : True
2025-02-19 22:52:37,343 - INFO - h_i hasm't nan : True
2025-02-19 22:52:37,343 - INFO - x_next hasn't nan : True
2025-02-19 22:52:37,343 - INFO - ---------Layer Normalisation-----------
2025-02-19 22:52:37,343 - INFO - x hasn't nan: True
2025-02-19 22:52:37,343 - INFO - mu hasn't nan: True
2025-02-19 22:52:37,343 - INFO - var hasn't nan: True
2025-02-19 22:52:37,343 - INFO - x_normalised hasn't nan: True
2025-02-19 22:52:37,343 - INFO - x_tilde hasn't nan: True
2025-02-19 22:52:37,343 - INFO - Encoder Block 5 output hasn't nan: True
