2025-02-19 22:52:33,893 - INFO - Starting training with the following parameters:
2025-02-19 22:52:33,894 - INFO - | Parameter       | Value               |
    |-----------------|---------------------|
    | batch_size                     | 64                   |
| num_workers                    | 4                    |
| embedding_dim                  | 128                  |
| d_input                        | 32                   |
| event_length                   | 256                  |
| n_layers                       | 6                    |
| n_heads                        | 4                    |
| output_dim                     | 3                    |
| n_epochs                       | 50                   |
| patience                       | 50                   |
| dropout                        | 0.1                  |
| attention                      | scaled_dot           |
| train_data -> 22011            | [1]                  |
| train_data -> 22014            | [1]                  |
| train_data -> 22017            | [1]                  |
| validate_data -> 22011         | [3]                  |
| validate_data -> 22014         | [3]                  |
| validate_data -> 22017         | [3]                  |
| sample_weights                 | [1, 1, 1]            |
| gpu                            | [0]                  |
| optimizer -> lr                | 0.0005               |
| optimizer -> betas             | [0.9, 0.999]         |
| optimizer -> eps               | 1e-08                |
| optimizer -> weight_decay      | 0                    |
| optimizer -> amsgrad           | True                 |
| optimizer -> pct_start         | 0.3                  |
| optimizer -> final_div_factor  | 10000.0              |
| optimizer -> anneal_strategy   | cos                  |
| optimizer -> interval          | step                 |
| optimizer -> frequency         | 1                    |

