2025-02-19 23:14:46,334 - INFO - ==============Entering Encoder Block 0==============
2025-02-19 23:14:46,371 - INFO - ---------- attention(Scaled Dot-Product) ---------- 
2025-02-19 23:14:46,376 - INFO - attn_output hasn't NaN: True
2025-02-19 23:14:46,386 - INFO - ---------Layer Normalisation-----------
2025-02-19 23:14:46,386 - INFO - x hasn't nan: True
2025-02-19 23:14:46,386 - INFO - mu hasn't nan: True
2025-02-19 23:14:46,386 - INFO - var hasn't nan: True
2025-02-19 23:14:46,386 - INFO - x_normalised hasn't nan: True
2025-02-19 23:14:46,386 - INFO - x_tilde hasn't nan: True
2025-02-19 23:14:46,387 - INFO - ---------FFN-----------
2025-02-19 23:14:46,387 - INFO - s_i hasn't nan : True
2025-02-19 23:14:46,387 - INFO - h_i hasm't nan : True
2025-02-19 23:14:46,387 - INFO - x_next hasn't nan : True
2025-02-19 23:14:46,387 - INFO - ---------Layer Normalisation-----------
2025-02-19 23:14:46,387 - INFO - x hasn't nan: True
2025-02-19 23:14:46,387 - INFO - mu hasn't nan: True
2025-02-19 23:14:46,387 - INFO - var hasn't nan: True
2025-02-19 23:14:46,388 - INFO - x_normalised hasn't nan: True
2025-02-19 23:14:46,388 - INFO - x_tilde hasn't nan: True
2025-02-19 23:14:46,388 - INFO - Encoder Block 0 output hasn't nan: True
2025-02-19 23:14:46,388 - INFO - ==============Entering Encoder Block 1==============
2025-02-19 23:14:46,388 - INFO - ---------- attention(Scaled Dot-Product) ---------- 
2025-02-19 23:14:46,390 - INFO - attn_output hasn't NaN: True
2025-02-19 23:14:46,390 - INFO - ---------Layer Normalisation-----------
2025-02-19 23:14:46,391 - INFO - x hasn't nan: True
2025-02-19 23:14:46,391 - INFO - mu hasn't nan: True
2025-02-19 23:14:46,391 - INFO - var hasn't nan: True
2025-02-19 23:14:46,391 - INFO - x_normalised hasn't nan: True
2025-02-19 23:14:46,391 - INFO - x_tilde hasn't nan: True
2025-02-19 23:14:46,391 - INFO - ---------FFN-----------
2025-02-19 23:14:46,391 - INFO - s_i hasn't nan : True
2025-02-19 23:14:46,391 - INFO - h_i hasm't nan : True
2025-02-19 23:14:46,392 - INFO - x_next hasn't nan : True
2025-02-19 23:14:46,392 - INFO - ---------Layer Normalisation-----------
2025-02-19 23:14:46,392 - INFO - x hasn't nan: True
2025-02-19 23:14:46,392 - INFO - mu hasn't nan: True
2025-02-19 23:14:46,392 - INFO - var hasn't nan: True
2025-02-19 23:14:46,392 - INFO - x_normalised hasn't nan: True
2025-02-19 23:14:46,392 - INFO - x_tilde hasn't nan: True
2025-02-19 23:14:46,392 - INFO - Encoder Block 1 output hasn't nan: True
2025-02-19 23:14:46,392 - INFO - ==============Entering Encoder Block 2==============
2025-02-19 23:14:46,393 - INFO - ---------- attention(Scaled Dot-Product) ---------- 
2025-02-19 23:14:46,395 - INFO - attn_output hasn't NaN: True
2025-02-19 23:14:46,395 - INFO - ---------Layer Normalisation-----------
2025-02-19 23:14:46,395 - INFO - x hasn't nan: True
2025-02-19 23:14:46,396 - INFO - mu hasn't nan: True
2025-02-19 23:14:46,396 - INFO - var hasn't nan: True
2025-02-19 23:14:46,396 - INFO - x_normalised hasn't nan: True
2025-02-19 23:14:46,396 - INFO - x_tilde hasn't nan: True
2025-02-19 23:14:46,396 - INFO - ---------FFN-----------
2025-02-19 23:14:46,396 - INFO - s_i hasn't nan : True
2025-02-19 23:14:46,396 - INFO - h_i hasm't nan : True
2025-02-19 23:14:46,396 - INFO - x_next hasn't nan : True
2025-02-19 23:14:46,396 - INFO - ---------Layer Normalisation-----------
2025-02-19 23:14:46,397 - INFO - x hasn't nan: True
2025-02-19 23:14:46,397 - INFO - mu hasn't nan: True
2025-02-19 23:14:46,397 - INFO - var hasn't nan: True
2025-02-19 23:14:46,397 - INFO - x_normalised hasn't nan: True
2025-02-19 23:14:46,397 - INFO - x_tilde hasn't nan: True
2025-02-19 23:14:46,397 - INFO - Encoder Block 2 output hasn't nan: True
2025-02-19 23:14:46,397 - INFO - ==============Entering Encoder Block 3==============
2025-02-19 23:14:46,397 - INFO - ---------- attention(Scaled Dot-Product) ---------- 
2025-02-19 23:14:46,400 - INFO - attn_output hasn't NaN: True
2025-02-19 23:14:46,400 - INFO - ---------Layer Normalisation-----------
2025-02-19 23:14:46,400 - INFO - x hasn't nan: True
2025-02-19 23:14:46,400 - INFO - mu hasn't nan: True
2025-02-19 23:14:46,400 - INFO - var hasn't nan: True
2025-02-19 23:14:46,400 - INFO - x_normalised hasn't nan: True
2025-02-19 23:14:46,401 - INFO - x_tilde hasn't nan: True
2025-02-19 23:14:46,401 - INFO - ---------FFN-----------
2025-02-19 23:14:46,401 - INFO - s_i hasn't nan : True
2025-02-19 23:14:46,401 - INFO - h_i hasm't nan : True
2025-02-19 23:14:46,401 - INFO - x_next hasn't nan : True
2025-02-19 23:14:46,401 - INFO - ---------Layer Normalisation-----------
2025-02-19 23:14:46,401 - INFO - x hasn't nan: True
2025-02-19 23:14:46,401 - INFO - mu hasn't nan: True
2025-02-19 23:14:46,402 - INFO - var hasn't nan: True
2025-02-19 23:14:46,402 - INFO - x_normalised hasn't nan: True
2025-02-19 23:14:46,402 - INFO - x_tilde hasn't nan: True
2025-02-19 23:14:46,402 - INFO - Encoder Block 3 output hasn't nan: True
2025-02-19 23:14:46,402 - INFO - ==============Entering Encoder Block 4==============
2025-02-19 23:14:46,402 - INFO - ---------- attention(Scaled Dot-Product) ---------- 
2025-02-19 23:14:46,404 - INFO - attn_output hasn't NaN: True
2025-02-19 23:14:46,405 - INFO - ---------Layer Normalisation-----------
2025-02-19 23:14:46,405 - INFO - x hasn't nan: True
2025-02-19 23:14:46,405 - INFO - mu hasn't nan: True
2025-02-19 23:14:46,405 - INFO - var hasn't nan: True
2025-02-19 23:14:46,405 - INFO - x_normalised hasn't nan: True
2025-02-19 23:14:46,405 - INFO - x_tilde hasn't nan: True
2025-02-19 23:14:46,405 - INFO - ---------FFN-----------
2025-02-19 23:14:46,405 - INFO - s_i hasn't nan : True
2025-02-19 23:14:46,406 - INFO - h_i hasm't nan : True
2025-02-19 23:14:46,406 - INFO - x_next hasn't nan : True
2025-02-19 23:14:46,406 - INFO - ---------Layer Normalisation-----------
2025-02-19 23:14:46,406 - INFO - x hasn't nan: True
2025-02-19 23:14:46,406 - INFO - mu hasn't nan: True
2025-02-19 23:14:46,406 - INFO - var hasn't nan: True
2025-02-19 23:14:46,406 - INFO - x_normalised hasn't nan: True
2025-02-19 23:14:46,406 - INFO - x_tilde hasn't nan: True
2025-02-19 23:14:46,407 - INFO - Encoder Block 4 output hasn't nan: True
2025-02-19 23:14:46,407 - INFO - ==============Entering Encoder Block 5==============
2025-02-19 23:14:46,407 - INFO - ---------- attention(Scaled Dot-Product) ---------- 
2025-02-19 23:14:46,409 - INFO - attn_output hasn't NaN: True
2025-02-19 23:14:46,409 - INFO - ---------Layer Normalisation-----------
2025-02-19 23:14:46,410 - INFO - x hasn't nan: True
2025-02-19 23:14:46,410 - INFO - mu hasn't nan: True
2025-02-19 23:14:46,410 - INFO - var hasn't nan: True
2025-02-19 23:14:46,410 - INFO - x_normalised hasn't nan: True
2025-02-19 23:14:46,410 - INFO - x_tilde hasn't nan: True
2025-02-19 23:14:46,410 - INFO - ---------FFN-----------
2025-02-19 23:14:46,410 - INFO - s_i hasn't nan : True
2025-02-19 23:14:46,410 - INFO - h_i hasm't nan : True
2025-02-19 23:14:46,410 - INFO - x_next hasn't nan : True
2025-02-19 23:14:46,410 - INFO - ---------Layer Normalisation-----------
2025-02-19 23:14:46,411 - INFO - x hasn't nan: True
2025-02-19 23:14:46,411 - INFO - mu hasn't nan: True
2025-02-19 23:14:46,411 - INFO - var hasn't nan: True
2025-02-19 23:14:46,411 - INFO - x_normalised hasn't nan: True
2025-02-19 23:14:46,411 - INFO - x_tilde hasn't nan: True
2025-02-19 23:14:46,411 - INFO - Encoder Block 5 output hasn't nan: True
