2025-02-19 23:32:36,403 - INFO - ==============Entering Encoder Block 0==============
2025-02-19 23:32:36,441 - INFO - ---------- attention(Scaled Dot-Product) ---------- 
2025-02-19 23:32:36,447 - INFO - attn_output hasn't NaN: True
2025-02-19 23:32:36,457 - INFO - ---------Layer Normalisation-----------
2025-02-19 23:32:36,457 - INFO - x hasn't nan: True
2025-02-19 23:32:36,457 - INFO - mu hasn't nan: True
2025-02-19 23:32:36,457 - INFO - var hasn't nan: True
2025-02-19 23:32:36,457 - INFO - x_normalised hasn't nan: True
2025-02-19 23:32:36,457 - INFO - x_tilde hasn't nan: True
2025-02-19 23:32:36,458 - INFO - ---------FFN-----------
2025-02-19 23:32:36,458 - INFO - s_i hasn't nan : True
2025-02-19 23:32:36,458 - INFO - h_i hasm't nan : True
2025-02-19 23:32:36,458 - INFO - x_next hasn't nan : True
2025-02-19 23:32:36,458 - INFO - ---------Layer Normalisation-----------
2025-02-19 23:32:36,458 - INFO - x hasn't nan: True
2025-02-19 23:32:36,458 - INFO - mu hasn't nan: True
2025-02-19 23:32:36,458 - INFO - var hasn't nan: True
2025-02-19 23:32:36,459 - INFO - x_normalised hasn't nan: True
2025-02-19 23:32:36,459 - INFO - x_tilde hasn't nan: True
2025-02-19 23:32:36,459 - INFO - Encoder Block 0 output hasn't nan: True
2025-02-19 23:32:36,459 - INFO - ==============Entering Encoder Block 1==============
2025-02-19 23:32:36,460 - INFO - ---------- attention(Scaled Dot-Product) ---------- 
2025-02-19 23:32:36,461 - INFO - attn_output hasn't NaN: True
2025-02-19 23:32:36,462 - INFO - ---------Layer Normalisation-----------
2025-02-19 23:32:36,462 - INFO - x hasn't nan: True
2025-02-19 23:32:36,462 - INFO - mu hasn't nan: True
2025-02-19 23:32:36,462 - INFO - var hasn't nan: True
2025-02-19 23:32:36,462 - INFO - x_normalised hasn't nan: True
2025-02-19 23:32:36,462 - INFO - x_tilde hasn't nan: True
2025-02-19 23:32:36,462 - INFO - ---------FFN-----------
2025-02-19 23:32:36,463 - INFO - s_i hasn't nan : True
2025-02-19 23:32:36,463 - INFO - h_i hasm't nan : True
2025-02-19 23:32:36,463 - INFO - x_next hasn't nan : True
2025-02-19 23:32:36,463 - INFO - ---------Layer Normalisation-----------
2025-02-19 23:32:36,463 - INFO - x hasn't nan: True
2025-02-19 23:32:36,463 - INFO - mu hasn't nan: True
2025-02-19 23:32:36,463 - INFO - var hasn't nan: True
2025-02-19 23:32:36,463 - INFO - x_normalised hasn't nan: True
2025-02-19 23:32:36,463 - INFO - x_tilde hasn't nan: True
2025-02-19 23:32:36,464 - INFO - Encoder Block 1 output hasn't nan: True
2025-02-19 23:32:36,464 - INFO - ==============Entering Encoder Block 2==============
2025-02-19 23:32:36,464 - INFO - ---------- attention(Scaled Dot-Product) ---------- 
2025-02-19 23:32:36,466 - INFO - attn_output hasn't NaN: True
2025-02-19 23:32:36,466 - INFO - ---------Layer Normalisation-----------
2025-02-19 23:32:36,467 - INFO - x hasn't nan: True
2025-02-19 23:32:36,467 - INFO - mu hasn't nan: True
2025-02-19 23:32:36,467 - INFO - var hasn't nan: True
2025-02-19 23:32:36,467 - INFO - x_normalised hasn't nan: True
2025-02-19 23:32:36,467 - INFO - x_tilde hasn't nan: True
2025-02-19 23:32:36,467 - INFO - ---------FFN-----------
2025-02-19 23:32:36,467 - INFO - s_i hasn't nan : True
2025-02-19 23:32:36,467 - INFO - h_i hasm't nan : True
2025-02-19 23:32:36,467 - INFO - x_next hasn't nan : True
2025-02-19 23:32:36,468 - INFO - ---------Layer Normalisation-----------
2025-02-19 23:32:36,468 - INFO - x hasn't nan: True
2025-02-19 23:32:36,468 - INFO - mu hasn't nan: True
2025-02-19 23:32:36,468 - INFO - var hasn't nan: True
2025-02-19 23:32:36,468 - INFO - x_normalised hasn't nan: True
2025-02-19 23:32:36,468 - INFO - x_tilde hasn't nan: True
2025-02-19 23:32:36,468 - INFO - Encoder Block 2 output hasn't nan: True
2025-02-19 23:32:36,468 - INFO - ==============Entering Encoder Block 3==============
2025-02-19 23:32:36,469 - INFO - ---------- attention(Scaled Dot-Product) ---------- 
2025-02-19 23:32:36,471 - INFO - attn_output hasn't NaN: True
2025-02-19 23:32:36,471 - INFO - ---------Layer Normalisation-----------
2025-02-19 23:32:36,471 - INFO - x hasn't nan: True
2025-02-19 23:32:36,471 - INFO - mu hasn't nan: True
2025-02-19 23:32:36,471 - INFO - var hasn't nan: True
2025-02-19 23:32:36,472 - INFO - x_normalised hasn't nan: True
2025-02-19 23:32:36,472 - INFO - x_tilde hasn't nan: True
2025-02-19 23:32:36,472 - INFO - ---------FFN-----------
2025-02-19 23:32:36,472 - INFO - s_i hasn't nan : True
2025-02-19 23:32:36,472 - INFO - h_i hasm't nan : True
2025-02-19 23:32:36,472 - INFO - x_next hasn't nan : True
2025-02-19 23:32:36,472 - INFO - ---------Layer Normalisation-----------
2025-02-19 23:32:36,473 - INFO - x hasn't nan: True
2025-02-19 23:32:36,473 - INFO - mu hasn't nan: True
2025-02-19 23:32:36,473 - INFO - var hasn't nan: True
2025-02-19 23:32:36,473 - INFO - x_normalised hasn't nan: True
2025-02-19 23:32:36,473 - INFO - x_tilde hasn't nan: True
2025-02-19 23:32:36,473 - INFO - Encoder Block 3 output hasn't nan: True
2025-02-19 23:32:36,473 - INFO - ==============Entering Encoder Block 4==============
2025-02-19 23:32:36,473 - INFO - ---------- attention(Scaled Dot-Product) ---------- 
2025-02-19 23:32:36,476 - INFO - attn_output hasn't NaN: True
2025-02-19 23:32:36,476 - INFO - ---------Layer Normalisation-----------
2025-02-19 23:32:36,476 - INFO - x hasn't nan: True
2025-02-19 23:32:36,476 - INFO - mu hasn't nan: True
2025-02-19 23:32:36,476 - INFO - var hasn't nan: True
2025-02-19 23:32:36,476 - INFO - x_normalised hasn't nan: True
2025-02-19 23:32:36,476 - INFO - x_tilde hasn't nan: True
2025-02-19 23:32:36,477 - INFO - ---------FFN-----------
2025-02-19 23:32:36,477 - INFO - s_i hasn't nan : True
2025-02-19 23:32:36,477 - INFO - h_i hasm't nan : True
2025-02-19 23:32:36,477 - INFO - x_next hasn't nan : True
2025-02-19 23:32:36,477 - INFO - ---------Layer Normalisation-----------
2025-02-19 23:32:36,477 - INFO - x hasn't nan: True
2025-02-19 23:32:36,477 - INFO - mu hasn't nan: True
2025-02-19 23:32:36,477 - INFO - var hasn't nan: True
2025-02-19 23:32:36,477 - INFO - x_normalised hasn't nan: True
2025-02-19 23:32:36,478 - INFO - x_tilde hasn't nan: True
2025-02-19 23:32:36,478 - INFO - Encoder Block 4 output hasn't nan: True
2025-02-19 23:32:36,478 - INFO - ==============Entering Encoder Block 5==============
2025-02-19 23:32:36,478 - INFO - ---------- attention(Scaled Dot-Product) ---------- 
2025-02-19 23:32:36,480 - INFO - attn_output hasn't NaN: True
2025-02-19 23:32:36,480 - INFO - ---------Layer Normalisation-----------
2025-02-19 23:32:36,481 - INFO - x hasn't nan: True
2025-02-19 23:32:36,481 - INFO - mu hasn't nan: True
2025-02-19 23:32:36,481 - INFO - var hasn't nan: True
2025-02-19 23:32:36,481 - INFO - x_normalised hasn't nan: True
2025-02-19 23:32:36,481 - INFO - x_tilde hasn't nan: True
2025-02-19 23:32:36,481 - INFO - ---------FFN-----------
2025-02-19 23:32:36,481 - INFO - s_i hasn't nan : True
2025-02-19 23:32:36,481 - INFO - h_i hasm't nan : True
2025-02-19 23:32:36,482 - INFO - x_next hasn't nan : True
2025-02-19 23:32:36,482 - INFO - ---------Layer Normalisation-----------
2025-02-19 23:32:36,482 - INFO - x hasn't nan: True
2025-02-19 23:32:36,482 - INFO - mu hasn't nan: True
2025-02-19 23:32:36,482 - INFO - var hasn't nan: True
2025-02-19 23:32:36,482 - INFO - x_normalised hasn't nan: True
2025-02-19 23:32:36,482 - INFO - x_tilde hasn't nan: True
2025-02-19 23:32:36,482 - INFO - Encoder Block 5 output hasn't nan: True
2025-02-19 23:32:36,661 - INFO - ==============Entering Encoder Block 0==============
2025-02-19 23:32:36,662 - INFO - ---------- attention(Scaled Dot-Product) ---------- 
2025-02-19 23:32:36,664 - INFO - attn_output hasn't NaN: True
2025-02-19 23:32:36,664 - INFO - ---------Layer Normalisation-----------
2025-02-19 23:32:36,664 - INFO - x hasn't nan: True
2025-02-19 23:32:36,664 - INFO - mu hasn't nan: True
2025-02-19 23:32:36,664 - INFO - var hasn't nan: True
2025-02-19 23:32:36,665 - INFO - x_normalised hasn't nan: True
2025-02-19 23:32:36,665 - INFO - x_tilde hasn't nan: True
2025-02-19 23:32:36,665 - INFO - ---------FFN-----------
2025-02-19 23:32:36,665 - INFO - s_i hasn't nan : True
2025-02-19 23:32:36,665 - INFO - h_i hasm't nan : True
2025-02-19 23:32:36,665 - INFO - x_next hasn't nan : True
2025-02-19 23:32:36,665 - INFO - ---------Layer Normalisation-----------
2025-02-19 23:32:36,665 - INFO - x hasn't nan: True
2025-02-19 23:32:36,666 - INFO - mu hasn't nan: True
2025-02-19 23:32:36,666 - INFO - var hasn't nan: True
2025-02-19 23:32:36,666 - INFO - x_normalised hasn't nan: True
2025-02-19 23:32:36,666 - INFO - x_tilde hasn't nan: True
2025-02-19 23:32:36,666 - INFO - Encoder Block 0 output hasn't nan: True
2025-02-19 23:32:36,666 - INFO - ==============Entering Encoder Block 1==============
2025-02-19 23:32:36,666 - INFO - ---------- attention(Scaled Dot-Product) ---------- 
2025-02-19 23:32:36,668 - INFO - attn_output hasn't NaN: True
2025-02-19 23:32:36,669 - INFO - ---------Layer Normalisation-----------
2025-02-19 23:32:36,669 - INFO - x hasn't nan: True
2025-02-19 23:32:36,669 - INFO - mu hasn't nan: True
2025-02-19 23:32:36,669 - INFO - var hasn't nan: True
2025-02-19 23:32:36,669 - INFO - x_normalised hasn't nan: True
2025-02-19 23:32:36,669 - INFO - x_tilde hasn't nan: True
2025-02-19 23:32:36,669 - INFO - ---------FFN-----------
2025-02-19 23:32:36,670 - INFO - s_i hasn't nan : True
2025-02-19 23:32:36,670 - INFO - h_i hasm't nan : True
2025-02-19 23:32:36,670 - INFO - x_next hasn't nan : True
2025-02-19 23:32:36,670 - INFO - ---------Layer Normalisation-----------
2025-02-19 23:32:36,670 - INFO - x hasn't nan: True
2025-02-19 23:32:36,670 - INFO - mu hasn't nan: True
2025-02-19 23:32:36,670 - INFO - var hasn't nan: True
2025-02-19 23:32:36,670 - INFO - x_normalised hasn't nan: True
2025-02-19 23:32:36,670 - INFO - x_tilde hasn't nan: True
2025-02-19 23:32:36,671 - INFO - Encoder Block 1 output hasn't nan: True
2025-02-19 23:32:36,671 - INFO - ==============Entering Encoder Block 2==============
2025-02-19 23:32:36,671 - INFO - ---------- attention(Scaled Dot-Product) ---------- 
2025-02-19 23:32:36,673 - INFO - attn_output hasn't NaN: True
2025-02-19 23:32:36,673 - INFO - ---------Layer Normalisation-----------
2025-02-19 23:32:36,674 - INFO - x hasn't nan: True
2025-02-19 23:32:36,674 - INFO - mu hasn't nan: True
2025-02-19 23:32:36,674 - INFO - var hasn't nan: True
2025-02-19 23:32:36,674 - INFO - x_normalised hasn't nan: True
2025-02-19 23:32:36,674 - INFO - x_tilde hasn't nan: True
2025-02-19 23:32:36,674 - INFO - ---------FFN-----------
2025-02-19 23:32:36,674 - INFO - s_i hasn't nan : True
2025-02-19 23:32:36,674 - INFO - h_i hasm't nan : True
2025-02-19 23:32:36,674 - INFO - x_next hasn't nan : True
2025-02-19 23:32:36,675 - INFO - ---------Layer Normalisation-----------
2025-02-19 23:32:36,675 - INFO - x hasn't nan: True
2025-02-19 23:32:36,675 - INFO - mu hasn't nan: True
2025-02-19 23:32:36,675 - INFO - var hasn't nan: True
2025-02-19 23:32:36,675 - INFO - x_normalised hasn't nan: True
2025-02-19 23:32:36,675 - INFO - x_tilde hasn't nan: True
2025-02-19 23:32:36,675 - INFO - Encoder Block 2 output hasn't nan: True
2025-02-19 23:32:36,675 - INFO - ==============Entering Encoder Block 3==============
2025-02-19 23:32:36,676 - INFO - ---------- attention(Scaled Dot-Product) ---------- 
2025-02-19 23:32:36,678 - INFO - attn_output hasn't NaN: True
2025-02-19 23:32:36,678 - INFO - ---------Layer Normalisation-----------
2025-02-19 23:32:36,678 - INFO - x hasn't nan: True
2025-02-19 23:32:36,678 - INFO - mu hasn't nan: True
2025-02-19 23:32:36,678 - INFO - var hasn't nan: True
2025-02-19 23:32:36,679 - INFO - x_normalised hasn't nan: True
2025-02-19 23:32:36,679 - INFO - x_tilde hasn't nan: True
2025-02-19 23:32:36,679 - INFO - ---------FFN-----------
2025-02-19 23:32:36,679 - INFO - s_i hasn't nan : True
2025-02-19 23:32:36,679 - INFO - h_i hasm't nan : True
2025-02-19 23:32:36,679 - INFO - x_next hasn't nan : True
2025-02-19 23:32:36,679 - INFO - ---------Layer Normalisation-----------
2025-02-19 23:32:36,680 - INFO - x hasn't nan: True
2025-02-19 23:32:36,680 - INFO - mu hasn't nan: True
2025-02-19 23:32:36,680 - INFO - var hasn't nan: True
2025-02-19 23:32:36,680 - INFO - x_normalised hasn't nan: True
2025-02-19 23:32:36,680 - INFO - x_tilde hasn't nan: True
2025-02-19 23:32:36,680 - INFO - Encoder Block 3 output hasn't nan: True
2025-02-19 23:32:36,680 - INFO - ==============Entering Encoder Block 4==============
2025-02-19 23:32:36,680 - INFO - ---------- attention(Scaled Dot-Product) ---------- 
2025-02-19 23:32:36,683 - INFO - attn_output hasn't NaN: True
2025-02-19 23:32:36,683 - INFO - ---------Layer Normalisation-----------
2025-02-19 23:32:36,683 - INFO - x hasn't nan: True
2025-02-19 23:32:36,683 - INFO - mu hasn't nan: True
2025-02-19 23:32:36,683 - INFO - var hasn't nan: True
2025-02-19 23:32:36,683 - INFO - x_normalised hasn't nan: True
2025-02-19 23:32:36,683 - INFO - x_tilde hasn't nan: True
2025-02-19 23:32:36,683 - INFO - ---------FFN-----------
2025-02-19 23:32:36,684 - INFO - s_i hasn't nan : True
2025-02-19 23:32:36,684 - INFO - h_i hasm't nan : True
2025-02-19 23:32:36,684 - INFO - x_next hasn't nan : True
2025-02-19 23:32:36,684 - INFO - ---------Layer Normalisation-----------
2025-02-19 23:32:36,684 - INFO - x hasn't nan: True
2025-02-19 23:32:36,684 - INFO - mu hasn't nan: True
2025-02-19 23:32:36,684 - INFO - var hasn't nan: True
2025-02-19 23:32:36,684 - INFO - x_normalised hasn't nan: True
2025-02-19 23:32:36,685 - INFO - x_tilde hasn't nan: True
2025-02-19 23:32:36,685 - INFO - Encoder Block 4 output hasn't nan: True
2025-02-19 23:32:36,685 - INFO - ==============Entering Encoder Block 5==============
2025-02-19 23:32:36,685 - INFO - ---------- attention(Scaled Dot-Product) ---------- 
2025-02-19 23:32:36,687 - INFO - attn_output hasn't NaN: True
2025-02-19 23:32:36,687 - INFO - ---------Layer Normalisation-----------
2025-02-19 23:32:36,688 - INFO - x hasn't nan: True
2025-02-19 23:32:36,688 - INFO - mu hasn't nan: True
2025-02-19 23:32:36,688 - INFO - var hasn't nan: True
2025-02-19 23:32:36,688 - INFO - x_normalised hasn't nan: True
2025-02-19 23:32:36,688 - INFO - x_tilde hasn't nan: True
2025-02-19 23:32:36,688 - INFO - ---------FFN-----------
2025-02-19 23:32:36,688 - INFO - s_i hasn't nan : True
2025-02-19 23:32:36,688 - INFO - h_i hasm't nan : True
2025-02-19 23:32:36,688 - INFO - x_next hasn't nan : True
2025-02-19 23:32:36,689 - INFO - ---------Layer Normalisation-----------
2025-02-19 23:32:36,689 - INFO - x hasn't nan: True
2025-02-19 23:32:36,689 - INFO - mu hasn't nan: True
2025-02-19 23:32:36,689 - INFO - var hasn't nan: True
2025-02-19 23:32:36,689 - INFO - x_normalised hasn't nan: True
2025-02-19 23:32:36,689 - INFO - x_tilde hasn't nan: True
2025-02-19 23:32:36,689 - INFO - Encoder Block 5 output hasn't nan: True
2025-02-19 23:32:36,867 - INFO - #################### Training epoch 0 ####################
2025-02-19 23:33:08,946 - INFO - ==============Entering Encoder Block 0==============
2025-02-19 23:33:09,079 - INFO - ---------- attention(Scaled Dot-Product) ---------- 
2025-02-19 23:33:09,079 - INFO - attn_output hasn't NaN: True
2025-02-19 23:33:09,110 - INFO - ---------Layer Normalisation-----------
2025-02-19 23:33:09,110 - INFO - x hasn't nan: True
2025-02-19 23:33:09,110 - INFO - mu hasn't nan: True
2025-02-19 23:33:09,110 - INFO - var hasn't nan: True
2025-02-19 23:33:09,110 - INFO - x_normalised hasn't nan: True
2025-02-19 23:33:09,110 - INFO - x_tilde hasn't nan: True
2025-02-19 23:33:09,111 - INFO - ---------FFN-----------
2025-02-19 23:33:09,111 - INFO - s_i hasn't nan : True
2025-02-19 23:33:09,111 - INFO - h_i hasm't nan : True
2025-02-19 23:33:09,111 - INFO - x_next hasn't nan : True
2025-02-19 23:33:09,112 - INFO - ---------Layer Normalisation-----------
2025-02-19 23:33:09,112 - INFO - x hasn't nan: True
2025-02-19 23:33:09,112 - INFO - mu hasn't nan: True
2025-02-19 23:33:09,112 - INFO - var hasn't nan: True
2025-02-19 23:33:09,112 - INFO - x_normalised hasn't nan: True
2025-02-19 23:33:09,112 - INFO - x_tilde hasn't nan: True
2025-02-19 23:33:09,112 - INFO - Encoder Block 0 output hasn't nan: True
2025-02-19 23:33:09,112 - INFO - ==============Entering Encoder Block 1==============
2025-02-19 23:33:09,184 - INFO - ---------- attention(Scaled Dot-Product) ---------- 
2025-02-19 23:33:09,184 - INFO - attn_output hasn't NaN: True
2025-02-19 23:33:09,185 - INFO - ---------Layer Normalisation-----------
2025-02-19 23:33:09,186 - INFO - x hasn't nan: True
2025-02-19 23:33:09,186 - INFO - mu hasn't nan: True
2025-02-19 23:33:09,186 - INFO - var hasn't nan: True
2025-02-19 23:33:09,186 - INFO - x_normalised hasn't nan: True
2025-02-19 23:33:09,186 - INFO - x_tilde hasn't nan: True
2025-02-19 23:33:09,187 - INFO - ---------FFN-----------
2025-02-19 23:33:09,187 - INFO - s_i hasn't nan : True
2025-02-19 23:33:09,187 - INFO - h_i hasm't nan : True
2025-02-19 23:33:09,187 - INFO - x_next hasn't nan : True
2025-02-19 23:33:09,188 - INFO - ---------Layer Normalisation-----------
2025-02-19 23:33:09,188 - INFO - x hasn't nan: True
2025-02-19 23:33:09,188 - INFO - mu hasn't nan: True
2025-02-19 23:33:09,188 - INFO - var hasn't nan: True
2025-02-19 23:33:09,188 - INFO - x_normalised hasn't nan: True
2025-02-19 23:33:09,188 - INFO - x_tilde hasn't nan: True
2025-02-19 23:33:09,188 - INFO - Encoder Block 1 output hasn't nan: True
2025-02-19 23:33:09,188 - INFO - ==============Entering Encoder Block 2==============
2025-02-19 23:33:09,190 - INFO - ---------- attention(Scaled Dot-Product) ---------- 
2025-02-19 23:33:09,192 - INFO - attn_output hasn't NaN: True
2025-02-19 23:33:09,193 - INFO - ---------Layer Normalisation-----------
2025-02-19 23:33:09,193 - INFO - x hasn't nan: True
2025-02-19 23:33:09,193 - INFO - mu hasn't nan: True
2025-02-19 23:33:09,193 - INFO - var hasn't nan: True
2025-02-19 23:33:09,193 - INFO - x_normalised hasn't nan: True
2025-02-19 23:33:09,193 - INFO - x_tilde hasn't nan: True
2025-02-19 23:33:09,194 - INFO - ---------FFN-----------
2025-02-19 23:33:09,194 - INFO - s_i hasn't nan : True
2025-02-19 23:33:09,194 - INFO - h_i hasm't nan : True
2025-02-19 23:33:09,194 - INFO - x_next hasn't nan : True
2025-02-19 23:33:09,195 - INFO - ---------Layer Normalisation-----------
2025-02-19 23:33:09,195 - INFO - x hasn't nan: True
2025-02-19 23:33:09,195 - INFO - mu hasn't nan: True
2025-02-19 23:33:09,195 - INFO - var hasn't nan: True
2025-02-19 23:33:09,195 - INFO - x_normalised hasn't nan: True
2025-02-19 23:33:09,195 - INFO - x_tilde hasn't nan: True
2025-02-19 23:33:09,195 - INFO - Encoder Block 2 output hasn't nan: True
2025-02-19 23:33:09,196 - INFO - ==============Entering Encoder Block 3==============
2025-02-19 23:33:09,197 - INFO - ---------- attention(Scaled Dot-Product) ---------- 
2025-02-19 23:33:09,199 - INFO - attn_output hasn't NaN: True
2025-02-19 23:33:09,200 - INFO - ---------Layer Normalisation-----------
2025-02-19 23:33:09,200 - INFO - x hasn't nan: True
2025-02-19 23:33:09,200 - INFO - mu hasn't nan: True
2025-02-19 23:33:09,200 - INFO - var hasn't nan: True
2025-02-19 23:33:09,200 - INFO - x_normalised hasn't nan: True
2025-02-19 23:33:09,200 - INFO - x_tilde hasn't nan: True
2025-02-19 23:33:09,200 - INFO - ---------FFN-----------
2025-02-19 23:33:09,201 - INFO - s_i hasn't nan : True
2025-02-19 23:33:09,201 - INFO - h_i hasm't nan : True
2025-02-19 23:33:09,201 - INFO - x_next hasn't nan : True
2025-02-19 23:33:09,201 - INFO - ---------Layer Normalisation-----------
2025-02-19 23:33:09,202 - INFO - x hasn't nan: True
2025-02-19 23:33:09,202 - INFO - mu hasn't nan: True
2025-02-19 23:33:09,202 - INFO - var hasn't nan: True
2025-02-19 23:33:09,202 - INFO - x_normalised hasn't nan: True
2025-02-19 23:33:09,202 - INFO - x_tilde hasn't nan: True
2025-02-19 23:33:09,202 - INFO - Encoder Block 3 output hasn't nan: True
2025-02-19 23:33:09,202 - INFO - ==============Entering Encoder Block 4==============
2025-02-19 23:33:09,204 - INFO - ---------- attention(Scaled Dot-Product) ---------- 
2025-02-19 23:33:09,205 - INFO - attn_output hasn't NaN: True
2025-02-19 23:33:09,206 - INFO - ---------Layer Normalisation-----------
2025-02-19 23:33:09,206 - INFO - x hasn't nan: True
2025-02-19 23:33:09,206 - INFO - mu hasn't nan: True
2025-02-19 23:33:09,206 - INFO - var hasn't nan: True
2025-02-19 23:33:09,207 - INFO - x_normalised hasn't nan: True
2025-02-19 23:33:09,207 - INFO - x_tilde hasn't nan: True
2025-02-19 23:33:09,207 - INFO - ---------FFN-----------
2025-02-19 23:33:09,207 - INFO - s_i hasn't nan : True
2025-02-19 23:33:09,207 - INFO - h_i hasm't nan : True
2025-02-19 23:33:09,207 - INFO - x_next hasn't nan : True
2025-02-19 23:33:09,208 - INFO - ---------Layer Normalisation-----------
2025-02-19 23:33:09,208 - INFO - x hasn't nan: True
2025-02-19 23:33:09,208 - INFO - mu hasn't nan: True
2025-02-19 23:33:09,208 - INFO - var hasn't nan: True
2025-02-19 23:33:09,208 - INFO - x_normalised hasn't nan: True
2025-02-19 23:33:09,208 - INFO - x_tilde hasn't nan: True
2025-02-19 23:33:09,209 - INFO - Encoder Block 4 output hasn't nan: True
2025-02-19 23:33:09,209 - INFO - ==============Entering Encoder Block 5==============
2025-02-19 23:33:09,210 - INFO - ---------- attention(Scaled Dot-Product) ---------- 
2025-02-19 23:33:09,212 - INFO - attn_output hasn't NaN: True
2025-02-19 23:33:09,213 - INFO - ---------Layer Normalisation-----------
2025-02-19 23:33:09,213 - INFO - x hasn't nan: True
2025-02-19 23:33:09,213 - INFO - mu hasn't nan: True
2025-02-19 23:33:09,213 - INFO - var hasn't nan: True
2025-02-19 23:33:09,213 - INFO - x_normalised hasn't nan: True
2025-02-19 23:33:09,213 - INFO - x_tilde hasn't nan: True
2025-02-19 23:33:09,214 - INFO - ---------FFN-----------
2025-02-19 23:33:09,214 - INFO - s_i hasn't nan : True
2025-02-19 23:33:09,214 - INFO - h_i hasm't nan : True
2025-02-19 23:33:09,214 - INFO - x_next hasn't nan : True
2025-02-19 23:33:09,215 - INFO - ---------Layer Normalisation-----------
2025-02-19 23:33:09,215 - INFO - x hasn't nan: True
2025-02-19 23:33:09,215 - INFO - mu hasn't nan: True
2025-02-19 23:33:09,215 - INFO - var hasn't nan: True
2025-02-19 23:33:09,215 - INFO - x_normalised hasn't nan: True
2025-02-19 23:33:09,215 - INFO - x_tilde hasn't nan: True
2025-02-19 23:33:09,215 - INFO - Encoder Block 5 output hasn't nan: True
