2025-02-03 12:01:43,784 - INFO - Starting training with the following parameters:
2025-02-03 12:01:43,785 - INFO - | Parameter       | Value               |
|-----------------|---------------------|
| attention       | Scaled Dot-Product |
| d_model         | 128            |
| n_heads         | 8              |
| d_f             | 128            |
| num_layers      | 3              |
| d_input         | 32             |
| num_classes     | 3              |
| dropout         | 0.1            |
| learning_rate   | 0.001          |
| epochs          | 100            |

2025-02-03 12:01:49,703 - INFO - Epoch 0: val_loss=1.4241, val_acc=33.33%
2025-02-03 12:01:50,740 - INFO - ####################Training epoch 0####################
2025-02-03 12:01:50,888 - INFO - Epoch 0: train_loss=1.2390
2025-02-03 12:01:53,262 - INFO - Epoch 0: train_loss=1.4848
2025-02-03 12:01:53,488 - INFO - Epoch 0: train_loss=1.8496
2025-02-03 12:01:55,063 - INFO - Epoch 0: val_loss=1.9635, val_acc=33.33%
2025-02-03 12:01:55,183 - INFO - ####################Training epoch 1####################
2025-02-03 12:01:56,764 - INFO - Epoch 1: train_loss=1.7735
2025-02-03 12:01:57,035 - INFO - Epoch 1: train_loss=1.0924
2025-02-03 12:01:57,281 - INFO - Epoch 1: train_loss=1.1187
2025-02-03 12:01:58,895 - INFO - Epoch 1: val_loss=2.1449, val_acc=33.33%
2025-02-03 12:01:58,934 - INFO - ####################Training epoch 2####################
2025-02-03 12:02:00,486 - INFO - Epoch 2: train_loss=1.3219
2025-02-03 12:02:00,766 - INFO - Epoch 2: train_loss=1.1821
2025-02-03 12:02:01,009 - INFO - Epoch 2: train_loss=1.2121
2025-02-03 12:02:02,573 - INFO - Epoch 2: val_loss=1.9041, val_acc=33.33%
2025-02-03 12:02:02,604 - INFO - ####################Training epoch 3####################
2025-02-03 12:02:04,131 - INFO - Epoch 3: train_loss=1.0833
2025-02-03 12:02:04,388 - INFO - Epoch 3: train_loss=0.9949
2025-02-03 12:02:04,634 - INFO - Epoch 3: train_loss=1.2657
2025-02-03 12:02:06,243 - INFO - Epoch 3: val_loss=2.0349, val_acc=33.33%
2025-02-03 12:02:06,276 - INFO - ####################Training epoch 4####################
2025-02-03 12:02:07,869 - INFO - Epoch 4: train_loss=1.1344
2025-02-03 12:02:08,151 - INFO - Epoch 4: train_loss=1.0876
2025-02-03 12:02:08,379 - INFO - Epoch 4: train_loss=0.8315
2025-02-03 12:02:10,001 - INFO - Epoch 4: val_loss=1.9913, val_acc=33.33%
2025-02-03 12:02:10,061 - INFO - ####################Training epoch 5####################
2025-02-03 12:02:11,692 - INFO - Epoch 5: train_loss=1.0219
2025-02-03 12:02:11,975 - INFO - Epoch 5: train_loss=0.9500
2025-02-03 12:02:12,203 - INFO - Epoch 5: train_loss=0.9572
2025-02-03 12:02:13,848 - INFO - Epoch 5: val_loss=2.1196, val_acc=33.33%
2025-02-03 12:02:13,853 - INFO - ####################Training epoch 6####################
2025-02-03 12:02:15,487 - INFO - Epoch 6: train_loss=1.1056
2025-02-03 12:02:15,769 - INFO - Epoch 6: train_loss=0.8778
2025-02-03 12:02:16,016 - INFO - Epoch 6: train_loss=1.0741
2025-02-03 12:02:17,639 - INFO - Epoch 6: val_loss=2.3756, val_acc=33.33%
2025-02-03 12:02:17,645 - INFO - ####################Training epoch 7####################
2025-02-03 12:02:19,289 - INFO - Epoch 7: train_loss=1.1191
2025-02-03 12:02:19,577 - INFO - Epoch 7: train_loss=0.7387
2025-02-03 12:02:19,821 - INFO - Epoch 7: train_loss=0.8232
2025-02-03 12:02:21,511 - INFO - Epoch 7: val_loss=2.5520, val_acc=0.00%
2025-02-03 12:02:21,518 - INFO - ####################Training epoch 8####################
2025-02-03 12:02:23,128 - INFO - Epoch 8: train_loss=0.9887
2025-02-03 12:02:23,386 - INFO - Epoch 8: train_loss=0.8485
2025-02-03 12:02:23,630 - INFO - Epoch 8: train_loss=0.7902
2025-02-03 12:02:25,221 - INFO - Epoch 8: val_loss=2.8745, val_acc=33.33%
2025-02-03 12:02:25,226 - INFO - ####################Training epoch 9####################
2025-02-03 12:02:26,851 - INFO - Epoch 9: train_loss=0.7222
2025-02-03 12:02:27,108 - INFO - Epoch 9: train_loss=0.9368
2025-02-03 12:02:27,353 - INFO - Epoch 9: train_loss=0.8250
2025-02-03 12:02:28,951 - INFO - Epoch 9: val_loss=3.0386, val_acc=33.33%
2025-02-03 12:02:28,956 - INFO - ####################Training epoch 10####################
2025-02-03 12:02:30,556 - INFO - Epoch 10: train_loss=0.6347
2025-02-03 12:02:30,839 - INFO - Epoch 10: train_loss=0.8107
2025-02-03 12:02:31,067 - INFO - Epoch 10: train_loss=1.0032
2025-02-03 12:02:32,663 - INFO - Epoch 10: val_loss=3.1934, val_acc=0.00%
2025-02-03 12:02:32,673 - INFO - ####################Training epoch 11####################
2025-02-03 12:02:34,282 - INFO - Epoch 11: train_loss=0.5376
2025-02-03 12:02:34,565 - INFO - Epoch 11: train_loss=0.9935
2025-02-03 12:02:34,792 - INFO - Epoch 11: train_loss=0.6092
2025-02-03 12:02:36,360 - INFO - Epoch 11: val_loss=3.4256, val_acc=33.33%
2025-02-03 12:02:36,364 - INFO - ####################Training epoch 12####################
2025-02-03 12:02:37,960 - INFO - Epoch 12: train_loss=0.3654
2025-02-03 12:02:38,239 - INFO - Epoch 12: train_loss=1.1538
2025-02-03 12:02:38,480 - INFO - Epoch 12: train_loss=0.6986
2025-02-03 12:02:40,130 - INFO - Epoch 12: val_loss=3.5674, val_acc=33.33%
2025-02-03 12:02:40,136 - INFO - ####################Training epoch 13####################
2025-02-03 12:02:41,748 - INFO - Epoch 13: train_loss=0.4166
2025-02-03 12:02:42,005 - INFO - Epoch 13: train_loss=1.1546
2025-02-03 12:02:42,250 - INFO - Epoch 13: train_loss=0.5942
2025-02-03 12:02:43,792 - INFO - Epoch 13: val_loss=3.6864, val_acc=33.33%
2025-02-03 12:02:43,798 - INFO - ####################Training epoch 14####################
2025-02-03 12:02:45,297 - INFO - Epoch 14: train_loss=0.3713
2025-02-03 12:02:45,579 - INFO - Epoch 14: train_loss=1.4597
2025-02-03 12:02:45,821 - INFO - Epoch 14: train_loss=0.2003
2025-02-03 12:02:47,447 - INFO - Epoch 14: val_loss=3.6188, val_acc=33.33%
2025-02-03 12:02:47,453 - INFO - ####################Training epoch 15####################
2025-02-03 12:02:48,988 - INFO - Epoch 15: train_loss=0.9679
2025-02-03 12:02:49,269 - INFO - Epoch 15: train_loss=0.7847
2025-02-03 12:02:49,513 - INFO - Epoch 15: train_loss=0.2122
2025-02-03 12:02:51,141 - INFO - Epoch 15: val_loss=3.5637, val_acc=33.33%
2025-02-03 12:02:51,146 - INFO - ####################Training epoch 16####################
2025-02-03 12:02:52,776 - INFO - Epoch 16: train_loss=1.0054
2025-02-03 12:02:53,058 - INFO - Epoch 16: train_loss=0.5450
2025-02-03 12:02:53,300 - INFO - Epoch 16: train_loss=0.6985
2025-02-03 12:02:54,939 - INFO - Epoch 16: val_loss=3.5123, val_acc=33.33%
2025-02-03 12:02:54,948 - INFO - ####################Training epoch 17####################
2025-02-03 12:02:56,548 - INFO - Epoch 17: train_loss=0.9836
2025-02-03 12:02:56,806 - INFO - Epoch 17: train_loss=0.5463
2025-02-03 12:02:57,051 - INFO - Epoch 17: train_loss=0.6902
2025-02-03 12:02:58,743 - INFO - Epoch 17: val_loss=3.4647, val_acc=0.00%
2025-02-03 12:02:58,749 - INFO - ####################Training epoch 18####################
2025-02-03 12:03:00,387 - INFO - Epoch 18: train_loss=1.0845
2025-02-03 12:03:00,645 - INFO - Epoch 18: train_loss=0.5822
2025-02-03 12:03:00,891 - INFO - Epoch 18: train_loss=0.3454
2025-02-03 12:03:02,485 - INFO - Epoch 18: val_loss=3.4837, val_acc=0.00%
2025-02-03 12:03:02,489 - INFO - ####################Training epoch 19####################
2025-02-03 12:03:04,090 - INFO - Epoch 19: train_loss=0.9816
2025-02-03 12:03:04,372 - INFO - Epoch 19: train_loss=0.6536
2025-02-03 12:03:04,619 - INFO - Epoch 19: train_loss=0.5737
2025-02-03 12:03:06,235 - INFO - Epoch 19: val_loss=3.4535, val_acc=0.00%
2025-02-03 12:03:06,241 - INFO - ####################Training epoch 20####################
2025-02-03 12:03:07,841 - INFO - Epoch 20: train_loss=0.4676
2025-02-03 12:03:08,123 - INFO - Epoch 20: train_loss=0.9804
2025-02-03 12:03:08,368 - INFO - Epoch 20: train_loss=0.8892
2025-02-03 12:03:09,992 - INFO - Epoch 20: val_loss=3.4728, val_acc=0.00%
2025-02-03 12:03:09,997 - INFO - ####################Training epoch 21####################
2025-02-03 12:03:11,568 - INFO - Epoch 21: train_loss=0.9140
2025-02-03 12:03:11,848 - INFO - Epoch 21: train_loss=0.5302
2025-02-03 12:03:12,090 - INFO - Epoch 21: train_loss=0.8557
2025-02-03 12:03:13,699 - INFO - Epoch 21: val_loss=3.4821, val_acc=0.00%
2025-02-03 12:03:13,705 - INFO - ####################Training epoch 22####################
2025-02-03 12:03:15,326 - INFO - Epoch 22: train_loss=1.0951
2025-02-03 12:03:15,584 - INFO - Epoch 22: train_loss=0.4816
2025-02-03 12:03:15,830 - INFO - Epoch 22: train_loss=0.4313
2025-02-03 12:03:17,507 - INFO - Epoch 22: val_loss=3.5160, val_acc=0.00%
2025-02-03 12:03:17,512 - INFO - ####################Training epoch 23####################
2025-02-03 12:03:19,107 - INFO - Epoch 23: train_loss=0.6016
2025-02-03 12:03:19,388 - INFO - Epoch 23: train_loss=0.9269
2025-02-03 12:03:19,636 - INFO - Epoch 23: train_loss=0.4850
2025-02-03 12:03:21,246 - INFO - Epoch 23: val_loss=3.5205, val_acc=0.00%
2025-02-03 12:03:21,399 - INFO - ####################Training epoch 24####################
2025-02-03 12:03:22,669 - INFO - Epoch 24: train_loss=0.5892
2025-02-03 12:03:22,954 - INFO - Epoch 24: train_loss=0.9048
2025-02-03 12:03:23,183 - INFO - Epoch 24: train_loss=0.5244
2025-02-03 12:03:24,766 - INFO - Epoch 24: val_loss=3.5674, val_acc=0.00%
2025-02-03 12:03:24,771 - INFO - ####################Training epoch 25####################
2025-02-03 12:03:25,814 - INFO - Epoch 25: train_loss=0.8104
2025-02-03 12:03:26,096 - INFO - Epoch 25: train_loss=0.7112
2025-02-03 12:03:26,338 - INFO - Epoch 25: train_loss=0.4733
2025-02-03 12:03:27,441 - INFO - Epoch 25: val_loss=3.5875, val_acc=33.33%
2025-02-03 12:03:27,445 - INFO - ####################Training epoch 26####################
2025-02-03 12:03:28,506 - INFO - Epoch 26: train_loss=0.4602
2025-02-03 12:03:28,789 - INFO - Epoch 26: train_loss=1.1050
2025-02-03 12:03:29,036 - INFO - Epoch 26: train_loss=0.3163
2025-02-03 12:03:30,074 - INFO - Epoch 26: val_loss=3.5850, val_acc=33.33%
2025-02-03 12:03:30,084 - INFO - ####################Training epoch 27####################
2025-02-03 12:03:31,128 - INFO - Epoch 27: train_loss=0.4188
2025-02-03 12:03:31,405 - INFO - Epoch 27: train_loss=0.6991
2025-02-03 12:03:31,650 - INFO - Epoch 27: train_loss=1.4448
2025-02-03 12:03:32,719 - INFO - Epoch 27: val_loss=3.5846, val_acc=33.33%
2025-02-03 12:03:32,724 - INFO - ####################Training epoch 28####################
2025-02-03 12:03:33,783 - INFO - Epoch 28: train_loss=1.0778
2025-02-03 12:03:34,059 - INFO - Epoch 28: train_loss=0.5717
2025-02-03 12:03:34,301 - INFO - Epoch 28: train_loss=0.1542
2025-02-03 12:03:35,396 - INFO - Epoch 28: val_loss=3.6189, val_acc=33.33%
2025-02-03 12:03:35,402 - INFO - ####################Training epoch 29####################
2025-02-03 12:03:36,471 - INFO - Epoch 29: train_loss=0.5206
2025-02-03 12:03:36,751 - INFO - Epoch 29: train_loss=1.0791
2025-02-03 12:03:36,999 - INFO - Epoch 29: train_loss=0.3177
2025-02-03 12:03:38,093 - INFO - Epoch 29: val_loss=3.6672, val_acc=33.33%
2025-02-03 12:03:38,098 - INFO - ####################Training epoch 30####################
2025-02-03 12:03:39,191 - INFO - Epoch 30: train_loss=0.8708
2025-02-03 12:03:39,474 - INFO - Epoch 30: train_loss=0.3987
2025-02-03 12:03:39,704 - INFO - Epoch 30: train_loss=1.2774
2025-02-03 12:03:40,805 - INFO - Epoch 30: val_loss=3.6845, val_acc=33.33%
2025-02-03 12:03:40,810 - INFO - ####################Training epoch 31####################
2025-02-03 12:03:41,861 - INFO - Epoch 31: train_loss=0.7651
2025-02-03 12:03:42,146 - INFO - Epoch 31: train_loss=0.9045
2025-02-03 12:03:42,374 - INFO - Epoch 31: train_loss=0.3530
2025-02-03 12:03:43,430 - INFO - Epoch 31: val_loss=3.7112, val_acc=33.33%
2025-02-03 12:03:43,436 - INFO - ####################Training epoch 32####################
2025-02-03 12:03:44,410 - INFO - Epoch 32: train_loss=0.9251
2025-02-03 12:03:44,691 - INFO - Epoch 32: train_loss=0.7072
2025-02-03 12:03:44,933 - INFO - Epoch 32: train_loss=0.5082
2025-02-03 12:03:45,961 - INFO - Epoch 32: val_loss=3.7422, val_acc=33.33%
2025-02-03 12:03:45,967 - INFO - ####################Training epoch 33####################
2025-02-03 12:03:47,045 - INFO - Epoch 33: train_loss=0.8188
2025-02-03 12:03:47,323 - INFO - Epoch 33: train_loss=0.5713
2025-02-03 12:03:47,567 - INFO - Epoch 33: train_loss=1.1168
2025-02-03 12:03:48,605 - INFO - Epoch 33: val_loss=3.7515, val_acc=33.33%
2025-02-03 12:03:48,611 - INFO - ####################Training epoch 34####################
2025-02-03 12:03:49,647 - INFO - Epoch 34: train_loss=0.6863
2025-02-03 12:03:49,929 - INFO - Epoch 34: train_loss=0.7325
2025-02-03 12:03:50,177 - INFO - Epoch 34: train_loss=1.0433
2025-02-03 12:03:51,202 - INFO - Epoch 34: val_loss=3.7542, val_acc=33.33%
2025-02-03 12:03:51,208 - INFO - ####################Training epoch 35####################
2025-02-03 12:03:52,249 - INFO - Epoch 35: train_loss=0.7621
2025-02-03 12:03:52,531 - INFO - Epoch 35: train_loss=0.4645
2025-02-03 12:03:52,771 - INFO - Epoch 35: train_loss=1.5181
2025-02-03 12:03:53,814 - INFO - Epoch 35: val_loss=3.7431, val_acc=33.33%
2025-02-03 12:03:53,823 - INFO - ####################Training epoch 36####################
2025-02-03 12:03:54,844 - INFO - Epoch 36: train_loss=0.7520
2025-02-03 12:03:55,127 - INFO - Epoch 36: train_loss=0.6320
2025-02-03 12:03:55,354 - INFO - Epoch 36: train_loss=1.1801
2025-02-03 12:03:56,414 - INFO - Epoch 36: val_loss=3.7431, val_acc=33.33%
2025-02-03 12:03:56,420 - INFO - ####################Training epoch 37####################
2025-02-03 12:03:57,460 - INFO - Epoch 37: train_loss=0.9945
2025-02-03 12:03:57,743 - INFO - Epoch 37: train_loss=0.7145
2025-02-03 12:03:57,988 - INFO - Epoch 37: train_loss=0.3491
2025-02-03 12:03:59,058 - INFO - Epoch 37: val_loss=3.7492, val_acc=33.33%
2025-02-03 12:03:59,068 - INFO - ####################Training epoch 38####################
2025-02-03 12:04:00,097 - INFO - Epoch 38: train_loss=0.9290
2025-02-03 12:04:00,379 - INFO - Epoch 38: train_loss=0.6631
2025-02-03 12:04:00,624 - INFO - Epoch 38: train_loss=0.6460
2025-02-03 12:04:01,705 - INFO - Epoch 38: val_loss=3.7434, val_acc=33.33%
2025-02-03 12:04:01,710 - INFO - ####################Training epoch 39####################
2025-02-03 12:04:02,764 - INFO - Epoch 39: train_loss=0.7088
2025-02-03 12:04:03,046 - INFO - Epoch 39: train_loss=0.4637
2025-02-03 12:04:03,289 - INFO - Epoch 39: train_loss=1.6863
2025-02-03 12:04:04,331 - INFO - Epoch 39: val_loss=3.7483, val_acc=33.33%
2025-02-03 12:04:04,341 - INFO - ####################Training epoch 40####################
2025-02-03 12:04:05,374 - INFO - Epoch 40: train_loss=0.6174
2025-02-03 12:04:05,654 - INFO - Epoch 40: train_loss=0.7834
2025-02-03 12:04:05,897 - INFO - Epoch 40: train_loss=1.1179
2025-02-03 12:04:06,927 - INFO - Epoch 40: val_loss=3.7438, val_acc=33.33%
2025-02-03 12:04:06,933 - INFO - ####################Training epoch 41####################
2025-02-03 12:04:07,953 - INFO - Epoch 41: train_loss=1.3224
2025-02-03 12:04:08,228 - INFO - Epoch 41: train_loss=0.4532
2025-02-03 12:04:08,474 - INFO - Epoch 41: train_loss=0.1771
2025-02-03 12:04:09,533 - INFO - Epoch 41: val_loss=3.7390, val_acc=33.33%
2025-02-03 12:04:09,537 - INFO - ####################Training epoch 42####################
2025-02-03 12:04:10,576 - INFO - Epoch 42: train_loss=0.4777
2025-02-03 12:04:10,833 - INFO - Epoch 42: train_loss=1.1611
2025-02-03 12:04:11,080 - INFO - Epoch 42: train_loss=0.4733
2025-02-03 12:04:12,140 - INFO - Epoch 42: val_loss=3.7271, val_acc=33.33%
2025-02-03 12:04:12,143 - INFO - ####################Training epoch 43####################
2025-02-03 12:04:13,186 - INFO - Epoch 43: train_loss=0.8565
2025-02-03 12:04:13,444 - INFO - Epoch 43: train_loss=0.7554
2025-02-03 12:04:13,689 - INFO - Epoch 43: train_loss=0.5608
2025-02-03 12:04:14,749 - INFO - Epoch 43: val_loss=3.7285, val_acc=33.33%
2025-02-03 12:04:14,753 - INFO - ####################Training epoch 44####################
2025-02-03 12:04:15,753 - INFO - Epoch 44: train_loss=0.4076
2025-02-03 12:04:16,033 - INFO - Epoch 44: train_loss=0.8968
2025-02-03 12:04:16,277 - INFO - Epoch 44: train_loss=1.3294
2025-02-03 12:04:17,305 - INFO - Epoch 44: val_loss=3.7219, val_acc=33.33%
2025-02-03 12:04:17,311 - INFO - ####################Training epoch 45####################
2025-02-03 12:04:18,374 - INFO - Epoch 45: train_loss=0.9779
2025-02-03 12:04:18,657 - INFO - Epoch 45: train_loss=0.5988
2025-02-03 12:04:18,885 - INFO - Epoch 45: train_loss=0.6232
2025-02-03 12:04:19,954 - INFO - Epoch 45: val_loss=3.7128, val_acc=33.33%
2025-02-03 12:04:19,964 - INFO - ####################Training epoch 46####################
2025-02-03 12:04:20,994 - INFO - Epoch 46: train_loss=1.0131
2025-02-03 12:04:21,274 - INFO - Epoch 46: train_loss=0.6569
2025-02-03 12:04:21,523 - INFO - Epoch 46: train_loss=0.3837
2025-02-03 12:04:22,586 - INFO - Epoch 46: val_loss=3.6887, val_acc=33.33%
2025-02-03 12:04:22,590 - INFO - ####################Training epoch 47####################
2025-02-03 12:04:23,628 - INFO - Epoch 47: train_loss=0.6485
2025-02-03 12:04:23,885 - INFO - Epoch 47: train_loss=0.6016
2025-02-03 12:04:24,131 - INFO - Epoch 47: train_loss=1.4293
2025-02-03 12:04:25,158 - INFO - Epoch 47: val_loss=3.7095, val_acc=33.33%
2025-02-03 12:04:25,167 - INFO - ####################Training epoch 48####################
2025-02-03 12:04:26,193 - INFO - Epoch 48: train_loss=0.8844
2025-02-03 12:04:26,474 - INFO - Epoch 48: train_loss=0.8021
2025-02-03 12:04:26,717 - INFO - Epoch 48: train_loss=0.3348
2025-02-03 12:04:27,755 - INFO - Epoch 48: val_loss=3.7023, val_acc=33.33%
2025-02-03 12:04:27,766 - INFO - ####################Training epoch 49####################
2025-02-03 12:04:28,867 - INFO - Epoch 49: train_loss=1.0182
2025-02-03 12:04:29,124 - INFO - Epoch 49: train_loss=0.3078
2025-02-03 12:04:29,369 - INFO - Epoch 49: train_loss=1.2301
2025-02-03 12:04:30,395 - INFO - Epoch 49: val_loss=3.7129, val_acc=33.33%
2025-02-03 12:04:30,405 - INFO - ####################Training epoch 50####################
2025-02-03 12:04:31,429 - INFO - Epoch 50: train_loss=0.4015
2025-02-03 12:04:31,711 - INFO - Epoch 50: train_loss=0.8380
2025-02-03 12:04:31,958 - INFO - Epoch 50: train_loss=1.4251
2025-02-03 12:04:32,981 - INFO - Epoch 50: val_loss=3.6992, val_acc=33.33%
2025-02-03 12:04:32,987 - INFO - ####################Training epoch 51####################
2025-02-03 12:04:34,004 - INFO - Epoch 51: train_loss=0.9745
2025-02-03 12:04:34,263 - INFO - Epoch 51: train_loss=0.6811
2025-02-03 12:04:34,507 - INFO - Epoch 51: train_loss=0.3856
2025-02-03 12:04:35,540 - INFO - Epoch 51: val_loss=3.6926, val_acc=33.33%
2025-02-03 12:04:35,549 - INFO - ####################Training epoch 52####################
2025-02-03 12:04:36,554 - INFO - Epoch 52: train_loss=1.1654
2025-02-03 12:04:36,838 - INFO - Epoch 52: train_loss=0.6260
2025-02-03 12:04:37,066 - INFO - Epoch 52: train_loss=0.0408
2025-02-03 12:04:38,139 - INFO - Epoch 52: val_loss=3.6895, val_acc=33.33%
2025-02-03 12:04:38,149 - INFO - ####################Training epoch 53####################
2025-02-03 12:04:39,234 - INFO - Epoch 53: train_loss=0.7036
2025-02-03 12:04:39,492 - INFO - Epoch 53: train_loss=0.6213
2025-02-03 12:04:39,737 - INFO - Epoch 53: train_loss=1.2129
2025-02-03 12:04:40,804 - INFO - Epoch 53: val_loss=3.7070, val_acc=33.33%
2025-02-03 12:04:40,809 - INFO - ####################Training epoch 54####################
2025-02-03 12:04:41,858 - INFO - Epoch 54: train_loss=1.2090
2025-02-03 12:04:42,141 - INFO - Epoch 54: train_loss=0.4334
2025-02-03 12:04:42,385 - INFO - Epoch 54: train_loss=0.4321
2025-02-03 12:04:43,411 - INFO - Epoch 54: val_loss=3.7156, val_acc=33.33%
2025-02-03 12:04:43,416 - INFO - ####################Training epoch 55####################
2025-02-03 12:04:44,446 - INFO - Epoch 55: train_loss=1.0150
2025-02-03 12:04:44,730 - INFO - Epoch 55: train_loss=0.5609
2025-02-03 12:04:44,959 - INFO - Epoch 55: train_loss=0.5869
2025-02-03 12:04:46,088 - INFO - Epoch 55: val_loss=3.6894, val_acc=33.33%
2025-02-03 12:04:46,095 - INFO - ####################Training epoch 56####################
2025-02-03 12:04:47,207 - INFO - Epoch 56: train_loss=1.1948
2025-02-03 12:04:47,487 - INFO - Epoch 56: train_loss=0.5503
2025-02-03 12:04:47,735 - INFO - Epoch 56: train_loss=0.1544
2025-02-03 12:04:48,840 - INFO - Epoch 56: val_loss=3.7069, val_acc=33.33%
2025-02-03 12:04:48,845 - INFO - ####################Training epoch 57####################
2025-02-03 12:04:49,968 - INFO - Epoch 57: train_loss=0.8390
2025-02-03 12:04:50,250 - INFO - Epoch 57: train_loss=0.9593
2025-02-03 12:04:50,492 - INFO - Epoch 57: train_loss=0.0436
2025-02-03 12:04:51,594 - INFO - Epoch 57: val_loss=3.7046, val_acc=33.33%
2025-02-03 12:04:51,602 - INFO - ####################Training epoch 58####################
2025-02-03 12:04:52,705 - INFO - Epoch 58: train_loss=0.7217
2025-02-03 12:04:52,987 - INFO - Epoch 58: train_loss=0.8867
2025-02-03 12:04:53,211 - INFO - Epoch 58: train_loss=0.5173
2025-02-03 12:04:54,274 - INFO - Epoch 58: val_loss=3.7011, val_acc=33.33%
2025-02-03 12:04:54,284 - INFO - ####################Training epoch 59####################
2025-02-03 12:04:55,309 - INFO - Epoch 59: train_loss=0.6214
2025-02-03 12:04:55,590 - INFO - Epoch 59: train_loss=0.9516
2025-02-03 12:04:55,825 - INFO - Epoch 59: train_loss=0.6202
2025-02-03 12:04:56,874 - INFO - Epoch 59: val_loss=3.6958, val_acc=33.33%
2025-02-03 12:04:56,884 - INFO - ####################Training epoch 60####################
2025-02-03 12:04:57,950 - INFO - Epoch 60: train_loss=0.6303
2025-02-03 12:04:58,208 - INFO - Epoch 60: train_loss=0.7527
2025-02-03 12:04:58,454 - INFO - Epoch 60: train_loss=1.0891
2025-02-03 12:04:59,562 - INFO - Epoch 60: val_loss=3.6958, val_acc=33.33%
2025-02-03 12:04:59,568 - INFO - ####################Training epoch 61####################
2025-02-03 12:05:00,615 - INFO - Epoch 61: train_loss=0.5971
2025-02-03 12:05:00,887 - INFO - Epoch 61: train_loss=0.9102
2025-02-03 12:05:01,112 - INFO - Epoch 61: train_loss=0.7537
2025-02-03 12:05:02,180 - INFO - Epoch 61: val_loss=3.7036, val_acc=33.33%
2025-02-03 12:05:02,190 - INFO - ####################Training epoch 62####################
2025-02-03 12:05:03,271 - INFO - Epoch 62: train_loss=0.8513
2025-02-03 12:05:03,553 - INFO - Epoch 62: train_loss=0.4434
2025-02-03 12:05:03,796 - INFO - Epoch 62: train_loss=1.2998
2025-02-03 12:05:04,889 - INFO - Epoch 62: val_loss=3.6918, val_acc=33.33%
2025-02-03 12:05:04,895 - INFO - ####################Training epoch 63####################
2025-02-03 12:05:05,939 - INFO - Epoch 63: train_loss=1.2423
2025-02-03 12:05:06,219 - INFO - Epoch 63: train_loss=0.4097
2025-02-03 12:05:06,464 - INFO - Epoch 63: train_loss=0.3961
2025-02-03 12:05:07,546 - INFO - Epoch 63: val_loss=3.6905, val_acc=33.33%
2025-02-03 12:05:07,556 - INFO - ####################Training epoch 64####################
2025-02-03 12:05:08,625 - INFO - Epoch 64: train_loss=0.8243
2025-02-03 12:05:08,874 - INFO - Epoch 64: train_loss=0.5521
2025-02-03 12:05:09,125 - INFO - Epoch 64: train_loss=1.0888
2025-02-03 12:05:10,268 - INFO - Epoch 64: val_loss=3.6943, val_acc=33.33%
2025-02-03 12:05:10,272 - INFO - ####################Training epoch 65####################
2025-02-03 12:05:11,336 - INFO - Epoch 65: train_loss=0.3560
2025-02-03 12:05:11,618 - INFO - Epoch 65: train_loss=1.0448
2025-02-03 12:05:11,865 - INFO - Epoch 65: train_loss=1.0433
2025-02-03 12:05:12,934 - INFO - Epoch 65: val_loss=3.7133, val_acc=33.33%
2025-02-03 12:05:12,938 - INFO - ####################Training epoch 66####################
2025-02-03 12:05:13,988 - INFO - Epoch 66: train_loss=0.7017
2025-02-03 12:05:14,272 - INFO - Epoch 66: train_loss=0.6492
2025-02-03 12:05:14,500 - INFO - Epoch 66: train_loss=1.1375
2025-02-03 12:05:15,568 - INFO - Epoch 66: val_loss=3.6915, val_acc=33.33%
2025-02-03 12:05:15,578 - INFO - ####################Training epoch 67####################
2025-02-03 12:05:16,613 - INFO - Epoch 67: train_loss=0.8402
2025-02-03 12:05:16,893 - INFO - Epoch 67: train_loss=0.7005
2025-02-03 12:05:17,139 - INFO - Epoch 67: train_loss=0.6719
2025-02-03 12:05:18,177 - INFO - Epoch 67: val_loss=3.7128, val_acc=33.33%
2025-02-03 12:05:18,187 - INFO - ####################Training epoch 68####################
2025-02-03 12:05:19,286 - INFO - Epoch 68: train_loss=0.6745
2025-02-03 12:05:19,568 - INFO - Epoch 68: train_loss=1.0160
2025-02-03 12:05:19,795 - INFO - Epoch 68: train_loss=0.3112
2025-02-03 12:05:20,916 - INFO - Epoch 68: val_loss=3.7012, val_acc=33.33%
2025-02-03 12:05:20,922 - INFO - ####################Training epoch 69####################
2025-02-03 12:05:21,960 - INFO - Epoch 69: train_loss=1.0483
2025-02-03 12:05:22,241 - INFO - Epoch 69: train_loss=0.5363
2025-02-03 12:05:22,488 - INFO - Epoch 69: train_loss=0.5446
2025-02-03 12:05:23,580 - INFO - Epoch 69: val_loss=3.7116, val_acc=33.33%
2025-02-03 12:05:23,590 - INFO - ####################Training epoch 70####################
2025-02-03 12:05:24,672 - INFO - Epoch 70: train_loss=0.8079
2025-02-03 12:05:24,955 - INFO - Epoch 70: train_loss=0.4312
2025-02-03 12:05:25,182 - INFO - Epoch 70: train_loss=1.4093
2025-02-03 12:05:26,246 - INFO - Epoch 70: val_loss=3.6853, val_acc=33.33%
2025-02-03 12:05:26,253 - INFO - ####################Training epoch 71####################
2025-02-03 12:05:27,381 - INFO - Epoch 71: train_loss=0.8362
2025-02-03 12:05:27,651 - INFO - Epoch 71: train_loss=0.5785
2025-02-03 12:05:27,897 - INFO - Epoch 71: train_loss=0.9782
2025-02-03 12:05:28,977 - INFO - Epoch 71: val_loss=3.6862, val_acc=33.33%
2025-02-03 12:05:28,983 - INFO - ####################Training epoch 72####################
2025-02-03 12:05:30,047 - INFO - Epoch 72: train_loss=0.7595
2025-02-03 12:05:30,329 - INFO - Epoch 72: train_loss=0.5676
2025-02-03 12:05:30,576 - INFO - Epoch 72: train_loss=1.2071
2025-02-03 12:05:31,651 - INFO - Epoch 72: val_loss=3.6888, val_acc=33.33%
2025-02-03 12:05:31,656 - INFO - ####################Training epoch 73####################
2025-02-03 12:05:32,686 - INFO - Epoch 73: train_loss=0.3639
2025-02-03 12:05:32,943 - INFO - Epoch 73: train_loss=1.1420
2025-02-03 12:05:33,189 - INFO - Epoch 73: train_loss=0.7566
2025-02-03 12:05:34,269 - INFO - Epoch 73: val_loss=3.6804, val_acc=33.33%
2025-02-03 12:05:34,275 - INFO - ####################Training epoch 74####################
2025-02-03 12:05:35,352 - INFO - Epoch 74: train_loss=0.8270
2025-02-03 12:05:35,609 - INFO - Epoch 74: train_loss=0.6145
2025-02-03 12:05:35,854 - INFO - Epoch 74: train_loss=0.9047
2025-02-03 12:05:36,933 - INFO - Epoch 74: val_loss=3.6982, val_acc=33.33%
2025-02-03 12:05:36,939 - INFO - ####################Training epoch 75####################
2025-02-03 12:05:37,976 - INFO - Epoch 75: train_loss=0.7769
2025-02-03 12:05:38,258 - INFO - Epoch 75: train_loss=0.7646
2025-02-03 12:05:38,500 - INFO - Epoch 75: train_loss=0.6567
2025-02-03 12:05:39,626 - INFO - Epoch 75: val_loss=3.6980, val_acc=33.33%
2025-02-03 12:05:39,631 - INFO - ####################Training epoch 76####################
2025-02-03 12:05:40,677 - INFO - Epoch 76: train_loss=0.6353
2025-02-03 12:05:40,952 - INFO - Epoch 76: train_loss=1.0493
2025-02-03 12:05:41,198 - INFO - Epoch 76: train_loss=0.2877
2025-02-03 12:05:42,284 - INFO - Epoch 76: val_loss=3.6907, val_acc=33.33%
2025-02-03 12:05:42,289 - INFO - ####################Training epoch 77####################
2025-02-03 12:05:43,350 - INFO - Epoch 77: train_loss=1.0569
2025-02-03 12:05:43,621 - INFO - Epoch 77: train_loss=0.7165
2025-02-03 12:05:43,867 - INFO - Epoch 77: train_loss=0.0897
2025-02-03 12:05:44,944 - INFO - Epoch 77: val_loss=3.6983, val_acc=33.33%
2025-02-03 12:05:44,950 - INFO - ####################Training epoch 78####################
2025-02-03 12:05:46,000 - INFO - Epoch 78: train_loss=0.7459
2025-02-03 12:05:46,284 - INFO - Epoch 78: train_loss=0.5938
2025-02-03 12:05:46,530 - INFO - Epoch 78: train_loss=1.1633
2025-02-03 12:05:47,606 - INFO - Epoch 78: val_loss=3.7103, val_acc=33.33%
2025-02-03 12:05:47,612 - INFO - ####################Training epoch 79####################
2025-02-03 12:05:48,650 - INFO - Epoch 79: train_loss=0.7706
2025-02-03 12:05:48,931 - INFO - Epoch 79: train_loss=0.9752
2025-02-03 12:05:49,165 - INFO - Epoch 79: train_loss=0.1546
2025-02-03 12:05:50,265 - INFO - Epoch 79: val_loss=3.6931, val_acc=33.33%
2025-02-03 12:05:50,269 - INFO - ####################Training epoch 80####################
2025-02-03 12:05:51,312 - INFO - Epoch 80: train_loss=1.0666
2025-02-03 12:05:51,570 - INFO - Epoch 80: train_loss=0.5988
2025-02-03 12:05:51,816 - INFO - Epoch 80: train_loss=0.3498
2025-02-03 12:05:52,848 - INFO - Epoch 80: val_loss=3.7060, val_acc=33.33%
2025-02-03 12:05:52,858 - INFO - ####################Training epoch 81####################
2025-02-03 12:05:53,938 - INFO - Epoch 81: train_loss=0.7408
2025-02-03 12:05:54,219 - INFO - Epoch 81: train_loss=0.8642
2025-02-03 12:05:54,467 - INFO - Epoch 81: train_loss=0.5202
2025-02-03 12:05:55,551 - INFO - Epoch 81: val_loss=3.7070, val_acc=33.33%
2025-02-03 12:05:55,557 - INFO - ####################Training epoch 82####################
2025-02-03 12:05:56,605 - INFO - Epoch 82: train_loss=0.6778
2025-02-03 12:05:56,878 - INFO - Epoch 82: train_loss=0.7649
2025-02-03 12:05:57,124 - INFO - Epoch 82: train_loss=0.9265
2025-02-03 12:05:58,196 - INFO - Epoch 82: val_loss=3.6951, val_acc=33.33%
2025-02-03 12:05:58,201 - INFO - ####################Training epoch 83####################
2025-02-03 12:05:59,290 - INFO - Epoch 83: train_loss=0.7423
2025-02-03 12:05:59,576 - INFO - Epoch 83: train_loss=1.0000
2025-02-03 12:05:59,822 - INFO - Epoch 83: train_loss=0.1748
2025-02-03 12:06:00,922 - INFO - Epoch 83: val_loss=3.6857, val_acc=33.33%
2025-02-03 12:06:00,933 - INFO - ####################Training epoch 84####################
2025-02-03 12:06:01,957 - INFO - Epoch 84: train_loss=0.5839
2025-02-03 12:06:02,238 - INFO - Epoch 84: train_loss=0.9720
2025-02-03 12:06:02,486 - INFO - Epoch 84: train_loss=0.6389
2025-02-03 12:06:03,579 - INFO - Epoch 84: val_loss=3.6907, val_acc=33.33%
2025-02-03 12:06:03,585 - INFO - ####################Training epoch 85####################
2025-02-03 12:06:04,633 - INFO - Epoch 85: train_loss=0.7335
2025-02-03 12:06:04,916 - INFO - Epoch 85: train_loss=0.7406
2025-02-03 12:06:05,155 - INFO - Epoch 85: train_loss=0.8288
2025-02-03 12:06:06,252 - INFO - Epoch 85: val_loss=3.7081, val_acc=33.33%
2025-02-03 12:06:06,257 - INFO - ####################Training epoch 86####################
2025-02-03 12:06:07,299 - INFO - Epoch 86: train_loss=1.2653
2025-02-03 12:06:07,580 - INFO - Epoch 86: train_loss=0.3504
2025-02-03 12:06:07,823 - INFO - Epoch 86: train_loss=0.4847
2025-02-03 12:06:08,926 - INFO - Epoch 86: val_loss=3.6978, val_acc=33.33%
2025-02-03 12:06:08,931 - INFO - ####################Training epoch 87####################
2025-02-03 12:06:10,003 - INFO - Epoch 87: train_loss=0.7139
2025-02-03 12:06:10,276 - INFO - Epoch 87: train_loss=0.6727
2025-02-03 12:06:10,500 - INFO - Epoch 87: train_loss=1.0609
2025-02-03 12:06:11,558 - INFO - Epoch 87: val_loss=3.7021, val_acc=33.33%
2025-02-03 12:06:11,562 - INFO - ####################Training epoch 88####################
2025-02-03 12:06:12,605 - INFO - Epoch 88: train_loss=0.9690
2025-02-03 12:06:12,886 - INFO - Epoch 88: train_loss=0.6859
2025-02-03 12:06:13,133 - INFO - Epoch 88: train_loss=0.3947
2025-02-03 12:06:14,228 - INFO - Epoch 88: val_loss=3.6920, val_acc=33.33%
2025-02-03 12:06:14,234 - INFO - ####################Training epoch 89####################
2025-02-03 12:06:15,304 - INFO - Epoch 89: train_loss=0.2547
2025-02-03 12:06:15,575 - INFO - Epoch 89: train_loss=0.8868
2025-02-03 12:06:15,821 - INFO - Epoch 89: train_loss=1.6747
2025-02-03 12:06:16,903 - INFO - Epoch 89: val_loss=3.7035, val_acc=33.33%
2025-02-03 12:06:16,909 - INFO - ####################Training epoch 90####################
2025-02-03 12:06:17,950 - INFO - Epoch 90: train_loss=0.5855
2025-02-03 12:06:18,233 - INFO - Epoch 90: train_loss=0.6659
2025-02-03 12:06:18,476 - INFO - Epoch 90: train_loss=1.3949
2025-02-03 12:06:19,588 - INFO - Epoch 90: val_loss=3.7037, val_acc=33.33%
2025-02-03 12:06:19,594 - INFO - ####################Training epoch 91####################
2025-02-03 12:06:20,648 - INFO - Epoch 91: train_loss=0.3430
2025-02-03 12:06:20,930 - INFO - Epoch 91: train_loss=0.8384
2025-02-03 12:06:21,176 - INFO - Epoch 91: train_loss=1.5526
2025-02-03 12:06:22,270 - INFO - Epoch 91: val_loss=3.7156, val_acc=33.33%
2025-02-03 12:06:22,276 - INFO - ####################Training epoch 92####################
2025-02-03 12:06:23,323 - INFO - Epoch 92: train_loss=0.6080
2025-02-03 12:06:23,598 - INFO - Epoch 92: train_loss=0.6332
2025-02-03 12:06:23,845 - INFO - Epoch 92: train_loss=1.4144
2025-02-03 12:06:24,891 - INFO - Epoch 92: val_loss=3.6904, val_acc=33.33%
2025-02-03 12:06:24,900 - INFO - ####################Training epoch 93####################
2025-02-03 12:06:25,946 - INFO - Epoch 93: train_loss=0.8975
2025-02-03 12:06:26,225 - INFO - Epoch 93: train_loss=0.6217
2025-02-03 12:06:26,464 - INFO - Epoch 93: train_loss=0.7217
2025-02-03 12:06:27,550 - INFO - Epoch 93: val_loss=3.7160, val_acc=33.33%
2025-02-03 12:06:27,556 - INFO - ####################Training epoch 94####################
2025-02-03 12:06:28,598 - INFO - Epoch 94: train_loss=1.0336
2025-02-03 12:06:28,881 - INFO - Epoch 94: train_loss=0.5999
2025-02-03 12:06:29,110 - INFO - Epoch 94: train_loss=0.4359
2025-02-03 12:06:30,150 - INFO - Epoch 94: val_loss=3.6952, val_acc=33.33%
2025-02-03 12:06:30,154 - INFO - ####################Training epoch 95####################
2025-02-03 12:06:31,263 - INFO - Epoch 95: train_loss=0.5264
2025-02-03 12:06:31,544 - INFO - Epoch 95: train_loss=1.0242
2025-02-03 12:06:31,791 - INFO - Epoch 95: train_loss=0.6484
2025-02-03 12:06:32,933 - INFO - Epoch 95: val_loss=3.6956, val_acc=33.33%
2025-02-03 12:06:32,938 - INFO - ####################Training epoch 96####################
2025-02-03 12:06:34,033 - INFO - Epoch 96: train_loss=1.0960
2025-02-03 12:06:34,291 - INFO - Epoch 96: train_loss=0.5046
2025-02-03 12:06:34,534 - INFO - Epoch 96: train_loss=0.5141
2025-02-03 12:06:35,561 - INFO - Epoch 96: val_loss=3.7011, val_acc=33.33%
2025-02-03 12:06:35,570 - INFO - ####################Training epoch 97####################
2025-02-03 12:06:36,601 - INFO - Epoch 97: train_loss=1.0445
2025-02-03 12:06:36,879 - INFO - Epoch 97: train_loss=0.5947
2025-02-03 12:06:37,126 - INFO - Epoch 97: train_loss=0.4313
2025-02-03 12:06:38,196 - INFO - Epoch 97: val_loss=3.6968, val_acc=33.33%
2025-02-03 12:06:38,200 - INFO - ####################Training epoch 98####################
2025-02-03 12:06:39,260 - INFO - Epoch 98: train_loss=0.6323
2025-02-03 12:06:39,541 - INFO - Epoch 98: train_loss=0.8614
2025-02-03 12:06:39,788 - INFO - Epoch 98: train_loss=0.7746
2025-02-03 12:06:40,903 - INFO - Epoch 98: val_loss=3.6955, val_acc=33.33%
2025-02-03 12:06:40,909 - INFO - ####################Training epoch 99####################
2025-02-03 12:06:41,949 - INFO - Epoch 99: train_loss=1.3425
2025-02-03 12:06:42,231 - INFO - Epoch 99: train_loss=0.2978
2025-02-03 12:06:42,479 - INFO - Epoch 99: train_loss=0.4331
2025-02-03 12:06:43,564 - INFO - Epoch 99: val_loss=3.6952, val_acc=33.33%
2025-02-03 12:06:44,096 - INFO - Model saved.
