2025-02-03 12:07:56,187 - INFO - Starting training with the following parameters:
2025-02-03 12:07:56,187 - INFO - | Parameter       | Value               |
|-----------------|---------------------|
| attention       | Scaled Dot-Product |
| d_model         | 128            |
| n_heads         | 8              |
| d_f             | 128            |
| num_layers      | 3              |
| d_input         | 32             |
| num_classes     | 3              |
| dropout         | 0.1            |
| learning_rate   | 0.0001         |
| epochs          | 100            |

2025-02-03 12:07:57,712 - INFO - Epoch 0: val_loss=1.2973, val_acc=33.33%
2025-02-03 12:07:58,616 - INFO - ####################Training epoch 0####################
2025-02-03 12:07:58,827 - INFO - Epoch 0: train_loss=0.9963
2025-02-03 12:07:59,362 - INFO - Epoch 0: train_loss=1.2999
2025-02-03 12:07:59,606 - INFO - Epoch 0: train_loss=1.4937
2025-02-03 12:08:01,062 - INFO - Epoch 0: val_loss=1.4828, val_acc=0.00%
2025-02-03 12:08:01,107 - INFO - ####################Training epoch 1####################
2025-02-03 12:08:02,546 - INFO - Epoch 1: train_loss=1.1915
2025-02-03 12:08:02,917 - INFO - Epoch 1: train_loss=1.1355
2025-02-03 12:08:03,290 - INFO - Epoch 1: train_loss=0.9726
2025-02-03 12:08:04,922 - INFO - Epoch 1: val_loss=1.3449, val_acc=33.33%
2025-02-03 12:08:04,952 - INFO - ####################Training epoch 2####################
2025-02-03 12:08:06,466 - INFO - Epoch 2: train_loss=1.0276
2025-02-03 12:08:06,740 - INFO - Epoch 2: train_loss=1.0494
2025-02-03 12:08:07,036 - INFO - Epoch 2: train_loss=0.9815
2025-02-03 12:08:08,619 - INFO - Epoch 2: val_loss=1.2778, val_acc=33.33%
2025-02-03 12:08:08,650 - INFO - ####################Training epoch 3####################
2025-02-03 12:08:10,197 - INFO - Epoch 3: train_loss=0.9162
2025-02-03 12:08:10,457 - INFO - Epoch 3: train_loss=1.0481
2025-02-03 12:08:10,706 - INFO - Epoch 3: train_loss=1.0278
2025-02-03 12:08:12,249 - INFO - Epoch 3: val_loss=1.3302, val_acc=33.33%
2025-02-03 12:08:12,282 - INFO - ####################Training epoch 4####################
2025-02-03 12:08:13,801 - INFO - Epoch 4: train_loss=0.9318
2025-02-03 12:08:14,079 - INFO - Epoch 4: train_loss=0.9297
2025-02-03 12:08:14,328 - INFO - Epoch 4: train_loss=1.2802
2025-02-03 12:08:15,887 - INFO - Epoch 4: val_loss=1.5454, val_acc=0.00%
2025-02-03 12:08:15,892 - INFO - ####################Training epoch 5####################
2025-02-03 12:08:17,419 - INFO - Epoch 5: train_loss=0.9771
2025-02-03 12:08:17,699 - INFO - Epoch 5: train_loss=1.0153
2025-02-03 12:08:17,949 - INFO - Epoch 5: train_loss=1.0228
2025-02-03 12:08:19,535 - INFO - Epoch 5: val_loss=1.6161, val_acc=0.00%
2025-02-03 12:08:19,546 - INFO - ####################Training epoch 6####################
2025-02-03 12:08:21,080 - INFO - Epoch 6: train_loss=1.0085
2025-02-03 12:08:21,378 - INFO - Epoch 6: train_loss=0.8719
2025-02-03 12:08:21,617 - INFO - Epoch 6: train_loss=1.0457
2025-02-03 12:08:23,185 - INFO - Epoch 6: val_loss=1.5732, val_acc=33.33%
2025-02-03 12:08:23,189 - INFO - ####################Training epoch 7####################
2025-02-03 12:08:24,751 - INFO - Epoch 7: train_loss=0.9280
2025-02-03 12:08:25,009 - INFO - Epoch 7: train_loss=0.8952
2025-02-03 12:08:25,241 - INFO - Epoch 7: train_loss=0.9130
2025-02-03 12:08:26,824 - INFO - Epoch 7: val_loss=1.6987, val_acc=33.33%
2025-02-03 12:08:26,830 - INFO - ####################Training epoch 8####################
2025-02-03 12:08:28,395 - INFO - Epoch 8: train_loss=0.9366
2025-02-03 12:08:28,677 - INFO - Epoch 8: train_loss=0.8310
2025-02-03 12:08:28,905 - INFO - Epoch 8: train_loss=1.1129
2025-02-03 12:08:30,531 - INFO - Epoch 8: val_loss=1.7773, val_acc=0.00%
2025-02-03 12:08:30,536 - INFO - ####################Training epoch 9####################
2025-02-03 12:08:32,043 - INFO - Epoch 9: train_loss=0.9025
2025-02-03 12:08:32,325 - INFO - Epoch 9: train_loss=1.0155
2025-02-03 12:08:32,567 - INFO - Epoch 9: train_loss=0.6905
2025-02-03 12:08:34,169 - INFO - Epoch 9: val_loss=1.7899, val_acc=0.00%
2025-02-03 12:08:34,174 - INFO - ####################Training epoch 10####################
2025-02-03 12:08:35,771 - INFO - Epoch 10: train_loss=0.8801
2025-02-03 12:08:36,098 - INFO - Epoch 10: train_loss=0.9549
2025-02-03 12:08:36,346 - INFO - Epoch 10: train_loss=0.8520
2025-02-03 12:08:37,804 - INFO - Epoch 10: val_loss=1.8077, val_acc=33.33%
2025-02-03 12:08:37,813 - INFO - ####################Training epoch 11####################
2025-02-03 12:08:39,445 - INFO - Epoch 11: train_loss=0.9049
2025-02-03 12:08:39,866 - INFO - Epoch 11: train_loss=0.8828
2025-02-03 12:08:40,255 - INFO - Epoch 11: train_loss=0.8947
2025-02-03 12:08:41,851 - INFO - Epoch 11: val_loss=1.8322, val_acc=33.33%
2025-02-03 12:08:41,858 - INFO - ####################Training epoch 12####################
2025-02-03 12:08:43,426 - INFO - Epoch 12: train_loss=0.8326
2025-02-03 12:08:43,733 - INFO - Epoch 12: train_loss=0.9587
2025-02-03 12:08:44,147 - INFO - Epoch 12: train_loss=0.8353
2025-02-03 12:08:45,656 - INFO - Epoch 12: val_loss=1.8256, val_acc=33.33%
2025-02-03 12:08:45,660 - INFO - ####################Training epoch 13####################
2025-02-03 12:08:47,218 - INFO - Epoch 13: train_loss=0.9401
2025-02-03 12:08:47,500 - INFO - Epoch 13: train_loss=0.7961
2025-02-03 12:08:47,741 - INFO - Epoch 13: train_loss=0.8562
2025-02-03 12:08:49,302 - INFO - Epoch 13: val_loss=1.8266, val_acc=33.33%
2025-02-03 12:08:49,308 - INFO - ####################Training epoch 14####################
2025-02-03 12:08:50,839 - INFO - Epoch 14: train_loss=0.8562
2025-02-03 12:08:51,120 - INFO - Epoch 14: train_loss=0.8176
2025-02-03 12:08:51,363 - INFO - Epoch 14: train_loss=0.9120
2025-02-03 12:08:52,923 - INFO - Epoch 14: val_loss=1.8147, val_acc=33.33%
2025-02-03 12:08:52,929 - INFO - ####################Training epoch 15####################
2025-02-03 12:08:54,536 - INFO - Epoch 15: train_loss=0.9221
2025-02-03 12:08:54,819 - INFO - Epoch 15: train_loss=0.7512
2025-02-03 12:08:55,048 - INFO - Epoch 15: train_loss=0.8699
2025-02-03 12:08:56,644 - INFO - Epoch 15: val_loss=1.8034, val_acc=33.33%
2025-02-03 12:08:56,649 - INFO - ####################Training epoch 16####################
2025-02-03 12:08:58,181 - INFO - Epoch 16: train_loss=0.7991
2025-02-03 12:08:58,464 - INFO - Epoch 16: train_loss=0.8571
2025-02-03 12:08:58,706 - INFO - Epoch 16: train_loss=0.8879
2025-02-03 12:09:00,296 - INFO - Epoch 16: val_loss=1.8056, val_acc=33.33%
2025-02-03 12:09:00,307 - INFO - ####################Training epoch 17####################
2025-02-03 12:09:01,786 - INFO - Epoch 17: train_loss=0.8181
2025-02-03 12:09:02,078 - INFO - Epoch 17: train_loss=0.7591
2025-02-03 12:09:02,320 - INFO - Epoch 17: train_loss=1.0499
2025-02-03 12:09:03,940 - INFO - Epoch 17: val_loss=1.8211, val_acc=33.33%
2025-02-03 12:09:03,957 - INFO - ####################Training epoch 18####################
2025-02-03 12:09:05,555 - INFO - Epoch 18: train_loss=1.0700
2025-02-03 12:09:05,836 - INFO - Epoch 18: train_loss=0.5723
2025-02-03 12:09:06,102 - INFO - Epoch 18: train_loss=0.7903
2025-02-03 12:09:07,649 - INFO - Epoch 18: val_loss=1.8441, val_acc=33.33%
2025-02-03 12:09:07,655 - INFO - ####################Training epoch 19####################
2025-02-03 12:09:09,174 - INFO - Epoch 19: train_loss=0.7803
2025-02-03 12:09:09,454 - INFO - Epoch 19: train_loss=0.8302
2025-02-03 12:09:09,695 - INFO - Epoch 19: train_loss=0.8638
2025-02-03 12:09:11,278 - INFO - Epoch 19: val_loss=1.8462, val_acc=33.33%
2025-02-03 12:09:11,283 - INFO - ####################Training epoch 20####################
2025-02-03 12:09:12,833 - INFO - Epoch 20: train_loss=0.8703
2025-02-03 12:09:13,090 - INFO - Epoch 20: train_loss=0.8322
2025-02-03 12:09:13,336 - INFO - Epoch 20: train_loss=0.5791
2025-02-03 12:09:14,915 - INFO - Epoch 20: val_loss=1.8498, val_acc=33.33%
2025-02-03 12:09:14,920 - INFO - ####################Training epoch 21####################
2025-02-03 12:09:16,528 - INFO - Epoch 21: train_loss=0.7915
2025-02-03 12:09:16,810 - INFO - Epoch 21: train_loss=0.7966
2025-02-03 12:09:17,050 - INFO - Epoch 21: train_loss=0.8568
2025-02-03 12:09:18,641 - INFO - Epoch 21: val_loss=1.8483, val_acc=33.33%
2025-02-03 12:09:18,648 - INFO - ####################Training epoch 22####################
2025-02-03 12:09:20,217 - INFO - Epoch 22: train_loss=0.7588
2025-02-03 12:09:20,522 - INFO - Epoch 22: train_loss=0.8110
2025-02-03 12:09:20,768 - INFO - Epoch 22: train_loss=0.8882
2025-02-03 12:09:22,293 - INFO - Epoch 22: val_loss=1.8559, val_acc=33.33%
2025-02-03 12:09:22,302 - INFO - ####################Training epoch 23####################
2025-02-03 12:09:23,926 - INFO - Epoch 23: train_loss=0.9494
2025-02-03 12:09:24,259 - INFO - Epoch 23: train_loss=0.6663
2025-02-03 12:09:24,486 - INFO - Epoch 23: train_loss=0.7529
2025-02-03 12:09:26,043 - INFO - Epoch 23: val_loss=1.8669, val_acc=33.33%
2025-02-03 12:09:26,205 - INFO - ####################Training epoch 24####################
2025-02-03 12:09:27,439 - INFO - Epoch 24: train_loss=0.7649
2025-02-03 12:09:27,721 - INFO - Epoch 24: train_loss=0.8315
2025-02-03 12:09:27,949 - INFO - Epoch 24: train_loss=0.7973
2025-02-03 12:09:29,611 - INFO - Epoch 24: val_loss=1.8740, val_acc=33.33%
2025-02-03 12:09:29,622 - INFO - ####################Training epoch 25####################
2025-02-03 12:09:30,552 - INFO - Epoch 25: train_loss=0.6761
2025-02-03 12:09:30,833 - INFO - Epoch 25: train_loss=0.8250
2025-02-03 12:09:31,073 - INFO - Epoch 25: train_loss=1.0218
2025-02-03 12:09:32,113 - INFO - Epoch 25: val_loss=1.8782, val_acc=33.33%
2025-02-03 12:09:32,122 - INFO - ####################Training epoch 26####################
2025-02-03 12:09:33,080 - INFO - Epoch 26: train_loss=0.6979
2025-02-03 12:09:33,339 - INFO - Epoch 26: train_loss=0.8413
2025-02-03 12:09:33,584 - INFO - Epoch 26: train_loss=0.9118
2025-02-03 12:09:34,606 - INFO - Epoch 26: val_loss=1.8673, val_acc=33.33%
2025-02-03 12:09:34,611 - INFO - ####################Training epoch 27####################
2025-02-03 12:09:35,606 - INFO - Epoch 27: train_loss=0.7793
2025-02-03 12:09:35,886 - INFO - Epoch 27: train_loss=0.8938
2025-02-03 12:09:36,130 - INFO - Epoch 27: train_loss=0.5628
2025-02-03 12:09:37,170 - INFO - Epoch 27: val_loss=1.8745, val_acc=33.33%
2025-02-03 12:09:37,175 - INFO - ####################Training epoch 28####################
2025-02-03 12:09:38,193 - INFO - Epoch 28: train_loss=0.7744
2025-02-03 12:09:38,454 - INFO - Epoch 28: train_loss=0.8471
2025-02-03 12:09:38,702 - INFO - Epoch 28: train_loss=0.6793
2025-02-03 12:09:39,734 - INFO - Epoch 28: val_loss=1.8786, val_acc=33.33%
2025-02-03 12:09:39,740 - INFO - ####################Training epoch 29####################
2025-02-03 12:09:40,844 - INFO - Epoch 29: train_loss=0.9148
2025-02-03 12:09:41,158 - INFO - Epoch 29: train_loss=0.7511
2025-02-03 12:09:41,399 - INFO - Epoch 29: train_loss=0.5638
2025-02-03 12:09:42,422 - INFO - Epoch 29: val_loss=1.8832, val_acc=33.33%
2025-02-03 12:09:42,426 - INFO - ####################Training epoch 30####################
2025-02-03 12:09:43,472 - INFO - Epoch 30: train_loss=0.7202
2025-02-03 12:09:43,880 - INFO - Epoch 30: train_loss=0.8637
2025-02-03 12:09:44,177 - INFO - Epoch 30: train_loss=0.7613
2025-02-03 12:09:45,212 - INFO - Epoch 30: val_loss=1.8926, val_acc=33.33%
2025-02-03 12:09:45,218 - INFO - ####################Training epoch 31####################
2025-02-03 12:09:46,260 - INFO - Epoch 31: train_loss=0.7935
2025-02-03 12:09:46,708 - INFO - Epoch 31: train_loss=0.7971
2025-02-03 12:09:47,070 - INFO - Epoch 31: train_loss=0.7349
2025-02-03 12:09:48,176 - INFO - Epoch 31: val_loss=1.8935, val_acc=33.33%
2025-02-03 12:09:48,182 - INFO - ####################Training epoch 32####################
2025-02-03 12:09:49,180 - INFO - Epoch 32: train_loss=0.7029
2025-02-03 12:09:49,620 - INFO - Epoch 32: train_loss=0.8722
2025-02-03 12:09:50,009 - INFO - Epoch 32: train_loss=0.7743
2025-02-03 12:09:51,037 - INFO - Epoch 32: val_loss=1.8989, val_acc=33.33%
2025-02-03 12:09:51,042 - INFO - ####################Training epoch 33####################
2025-02-03 12:09:51,980 - INFO - Epoch 33: train_loss=0.7892
2025-02-03 12:09:52,253 - INFO - Epoch 33: train_loss=0.8758
2025-02-03 12:09:52,609 - INFO - Epoch 33: train_loss=0.5326
2025-02-03 12:09:53,664 - INFO - Epoch 33: val_loss=1.8969, val_acc=33.33%
2025-02-03 12:09:53,670 - INFO - ####################Training epoch 34####################
2025-02-03 12:09:54,671 - INFO - Epoch 34: train_loss=0.7901
2025-02-03 12:09:54,952 - INFO - Epoch 34: train_loss=0.7150
2025-02-03 12:09:55,202 - INFO - Epoch 34: train_loss=0.9505
2025-02-03 12:09:56,231 - INFO - Epoch 34: val_loss=1.8977, val_acc=33.33%
2025-02-03 12:09:56,241 - INFO - ####################Training epoch 35####################
2025-02-03 12:09:57,228 - INFO - Epoch 35: train_loss=0.8516
2025-02-03 12:09:57,508 - INFO - Epoch 35: train_loss=0.7393
2025-02-03 12:09:57,750 - INFO - Epoch 35: train_loss=0.7179
2025-02-03 12:09:58,783 - INFO - Epoch 35: val_loss=1.8972, val_acc=33.33%
2025-02-03 12:09:58,790 - INFO - ####################Training epoch 36####################
2025-02-03 12:09:59,724 - INFO - Epoch 36: train_loss=0.8128
2025-02-03 12:10:00,003 - INFO - Epoch 36: train_loss=0.8441
2025-02-03 12:10:00,247 - INFO - Epoch 36: train_loss=0.5628
2025-02-03 12:10:01,297 - INFO - Epoch 36: val_loss=1.9039, val_acc=33.33%
2025-02-03 12:10:01,302 - INFO - ####################Training epoch 37####################
2025-02-03 12:10:02,256 - INFO - Epoch 37: train_loss=0.6360
2025-02-03 12:10:02,553 - INFO - Epoch 37: train_loss=0.8779
2025-02-03 12:10:02,772 - INFO - Epoch 37: train_loss=0.9035
2025-02-03 12:10:03,899 - INFO - Epoch 37: val_loss=1.9033, val_acc=33.33%
2025-02-03 12:10:03,910 - INFO - ####################Training epoch 38####################
2025-02-03 12:10:04,840 - INFO - Epoch 38: train_loss=0.6365
2025-02-03 12:10:05,121 - INFO - Epoch 38: train_loss=0.8238
2025-02-03 12:10:05,363 - INFO - Epoch 38: train_loss=1.0417
2025-02-03 12:10:06,441 - INFO - Epoch 38: val_loss=1.8991, val_acc=33.33%
2025-02-03 12:10:06,452 - INFO - ####################Training epoch 39####################
2025-02-03 12:10:07,452 - INFO - Epoch 39: train_loss=0.7969
2025-02-03 12:10:07,736 - INFO - Epoch 39: train_loss=0.8432
2025-02-03 12:10:07,964 - INFO - Epoch 39: train_loss=0.5801
2025-02-03 12:10:08,994 - INFO - Epoch 39: val_loss=1.9084, val_acc=33.33%
2025-02-03 12:10:09,004 - INFO - ####################Training epoch 40####################
2025-02-03 12:10:09,963 - INFO - Epoch 40: train_loss=0.7144
2025-02-03 12:10:10,243 - INFO - Epoch 40: train_loss=0.8894
2025-02-03 12:10:10,486 - INFO - Epoch 40: train_loss=0.6703
2025-02-03 12:10:11,535 - INFO - Epoch 40: val_loss=1.9082, val_acc=33.33%
2025-02-03 12:10:11,541 - INFO - ####################Training epoch 41####################
2025-02-03 12:10:12,524 - INFO - Epoch 41: train_loss=0.7331
2025-02-03 12:10:12,806 - INFO - Epoch 41: train_loss=0.6648
2025-02-03 12:10:13,053 - INFO - Epoch 41: train_loss=1.1772
2025-02-03 12:10:14,009 - INFO - Epoch 41: val_loss=1.9073, val_acc=33.33%
2025-02-03 12:10:14,013 - INFO - ####################Training epoch 42####################
2025-02-03 12:10:15,031 - INFO - Epoch 42: train_loss=0.7391
2025-02-03 12:10:15,358 - INFO - Epoch 42: train_loss=0.8491
2025-02-03 12:10:15,598 - INFO - Epoch 42: train_loss=0.7043
2025-02-03 12:10:16,622 - INFO - Epoch 42: val_loss=1.9092, val_acc=33.33%
2025-02-03 12:10:16,632 - INFO - ####################Training epoch 43####################
2025-02-03 12:10:17,656 - INFO - Epoch 43: train_loss=0.8327
2025-02-03 12:10:18,077 - INFO - Epoch 43: train_loss=0.7392
2025-02-03 12:10:18,352 - INFO - Epoch 43: train_loss=0.7593
2025-02-03 12:10:19,301 - INFO - Epoch 43: val_loss=1.9103, val_acc=33.33%
2025-02-03 12:10:19,307 - INFO - ####################Training epoch 44####################
2025-02-03 12:10:20,309 - INFO - Epoch 44: train_loss=0.8710
2025-02-03 12:10:20,760 - INFO - Epoch 44: train_loss=0.7667
2025-02-03 12:10:21,134 - INFO - Epoch 44: train_loss=0.5895
2025-02-03 12:10:22,191 - INFO - Epoch 44: val_loss=1.9143, val_acc=33.33%
2025-02-03 12:10:22,197 - INFO - ####################Training epoch 45####################
2025-02-03 12:10:23,199 - INFO - Epoch 45: train_loss=0.8391
2025-02-03 12:10:23,608 - INFO - Epoch 45: train_loss=0.7314
2025-02-03 12:10:24,003 - INFO - Epoch 45: train_loss=0.7463
2025-02-03 12:10:25,019 - INFO - Epoch 45: val_loss=1.9125, val_acc=33.33%
2025-02-03 12:10:25,027 - INFO - ####################Training epoch 46####################
2025-02-03 12:10:26,019 - INFO - Epoch 46: train_loss=0.6727
2025-02-03 12:10:26,320 - INFO - Epoch 46: train_loss=0.7509
2025-02-03 12:10:26,735 - INFO - Epoch 46: train_loss=1.1083
2025-02-03 12:10:27,798 - INFO - Epoch 46: val_loss=1.9132, val_acc=33.33%
2025-02-03 12:10:27,804 - INFO - ####################Training epoch 47####################
2025-02-03 12:10:28,794 - INFO - Epoch 47: train_loss=0.8620
2025-02-03 12:10:29,076 - INFO - Epoch 47: train_loss=0.7050
2025-02-03 12:10:29,367 - INFO - Epoch 47: train_loss=0.7437
2025-02-03 12:10:30,412 - INFO - Epoch 47: val_loss=1.9109, val_acc=33.33%
2025-02-03 12:10:30,417 - INFO - ####################Training epoch 48####################
2025-02-03 12:10:31,395 - INFO - Epoch 48: train_loss=0.7845
2025-02-03 12:10:31,652 - INFO - Epoch 48: train_loss=0.7574
2025-02-03 12:10:31,897 - INFO - Epoch 48: train_loss=0.8178
2025-02-03 12:10:32,912 - INFO - Epoch 48: val_loss=1.9173, val_acc=33.33%
2025-02-03 12:10:32,918 - INFO - ####################Training epoch 49####################
2025-02-03 12:10:33,901 - INFO - Epoch 49: train_loss=0.8810
2025-02-03 12:10:34,184 - INFO - Epoch 49: train_loss=0.6542
2025-02-03 12:10:34,411 - INFO - Epoch 49: train_loss=0.8362
2025-02-03 12:10:35,418 - INFO - Epoch 49: val_loss=1.9169, val_acc=33.33%
2025-02-03 12:10:35,432 - INFO - ####################Training epoch 50####################
2025-02-03 12:10:36,399 - INFO - Epoch 50: train_loss=0.7737
2025-02-03 12:10:36,683 - INFO - Epoch 50: train_loss=0.8118
2025-02-03 12:10:36,929 - INFO - Epoch 50: train_loss=0.7012
2025-02-03 12:10:38,016 - INFO - Epoch 50: val_loss=1.9190, val_acc=33.33%
2025-02-03 12:10:38,023 - INFO - ####################Training epoch 51####################
2025-02-03 12:10:39,018 - INFO - Epoch 51: train_loss=0.8453
2025-02-03 12:10:39,316 - INFO - Epoch 51: train_loss=0.7849
2025-02-03 12:10:39,543 - INFO - Epoch 51: train_loss=0.5905
2025-02-03 12:10:40,645 - INFO - Epoch 51: val_loss=1.9156, val_acc=33.33%
2025-02-03 12:10:40,655 - INFO - ####################Training epoch 52####################
2025-02-03 12:10:41,623 - INFO - Epoch 52: train_loss=0.8126
2025-02-03 12:10:41,892 - INFO - Epoch 52: train_loss=0.6370
2025-02-03 12:10:42,155 - INFO - Epoch 52: train_loss=1.0443
2025-02-03 12:10:43,191 - INFO - Epoch 52: val_loss=1.9133, val_acc=33.33%
2025-02-03 12:10:43,210 - INFO - ####################Training epoch 53####################
2025-02-03 12:10:44,200 - INFO - Epoch 53: train_loss=0.8246
2025-02-03 12:10:44,485 - INFO - Epoch 53: train_loss=0.7800
2025-02-03 12:10:44,713 - INFO - Epoch 53: train_loss=0.6540
2025-02-03 12:10:45,766 - INFO - Epoch 53: val_loss=1.9176, val_acc=33.33%
2025-02-03 12:10:45,771 - INFO - ####################Training epoch 54####################
2025-02-03 12:10:46,773 - INFO - Epoch 54: train_loss=0.8517
2025-02-03 12:10:47,054 - INFO - Epoch 54: train_loss=0.6397
2025-02-03 12:10:47,301 - INFO - Epoch 54: train_loss=0.9416
2025-02-03 12:10:48,354 - INFO - Epoch 54: val_loss=1.9198, val_acc=33.33%
2025-02-03 12:10:48,359 - INFO - ####################Training epoch 55####################
2025-02-03 12:10:49,400 - INFO - Epoch 55: train_loss=0.8258
2025-02-03 12:10:49,684 - INFO - Epoch 55: train_loss=0.7556
2025-02-03 12:10:49,925 - INFO - Epoch 55: train_loss=0.7186
2025-02-03 12:10:50,979 - INFO - Epoch 55: val_loss=1.9218, val_acc=33.33%
2025-02-03 12:10:50,984 - INFO - ####################Training epoch 56####################
2025-02-03 12:10:52,067 - INFO - Epoch 56: train_loss=0.7355
2025-02-03 12:10:52,325 - INFO - Epoch 56: train_loss=0.5999
2025-02-03 12:10:52,570 - INFO - Epoch 56: train_loss=1.3261
2025-02-03 12:10:53,627 - INFO - Epoch 56: val_loss=1.9221, val_acc=33.33%
2025-02-03 12:10:53,633 - INFO - ####################Training epoch 57####################
2025-02-03 12:10:54,759 - INFO - Epoch 57: train_loss=0.7865
2025-02-03 12:10:55,097 - INFO - Epoch 57: train_loss=0.8134
2025-02-03 12:10:55,345 - INFO - Epoch 57: train_loss=0.6731
2025-02-03 12:10:56,393 - INFO - Epoch 57: val_loss=1.9166, val_acc=33.33%
2025-02-03 12:10:56,399 - INFO - ####################Training epoch 58####################
2025-02-03 12:10:57,502 - INFO - Epoch 58: train_loss=0.8428
2025-02-03 12:10:57,947 - INFO - Epoch 58: train_loss=0.7605
2025-02-03 12:10:58,201 - INFO - Epoch 58: train_loss=0.6538
2025-02-03 12:10:59,284 - INFO - Epoch 58: val_loss=1.9204, val_acc=33.33%
2025-02-03 12:10:59,290 - INFO - ####################Training epoch 59####################
2025-02-03 12:11:00,455 - INFO - Epoch 59: train_loss=0.7964
2025-02-03 12:11:00,900 - INFO - Epoch 59: train_loss=0.7867
2025-02-03 12:11:01,198 - INFO - Epoch 59: train_loss=0.7128
2025-02-03 12:11:02,254 - INFO - Epoch 59: val_loss=1.9187, val_acc=33.33%
2025-02-03 12:11:02,260 - INFO - ####################Training epoch 60####################
2025-02-03 12:11:03,293 - INFO - Epoch 60: train_loss=0.6842
2025-02-03 12:11:03,747 - INFO - Epoch 60: train_loss=0.9399
2025-02-03 12:11:04,136 - INFO - Epoch 60: train_loss=0.5955
2025-02-03 12:11:05,313 - INFO - Epoch 60: val_loss=1.9185, val_acc=33.33%
2025-02-03 12:11:05,324 - INFO - ####################Training epoch 61####################
2025-02-03 12:11:06,325 - INFO - Epoch 61: train_loss=0.7687
2025-02-03 12:11:06,728 - INFO - Epoch 61: train_loss=0.7850
2025-02-03 12:11:07,119 - INFO - Epoch 61: train_loss=0.7799
2025-02-03 12:11:08,213 - INFO - Epoch 61: val_loss=1.9167, val_acc=33.33%
2025-02-03 12:11:08,220 - INFO - ####################Training epoch 62####################
2025-02-03 12:11:09,259 - INFO - Epoch 62: train_loss=0.7414
2025-02-03 12:11:09,533 - INFO - Epoch 62: train_loss=0.7774
2025-02-03 12:11:09,952 - INFO - Epoch 62: train_loss=0.8553
2025-02-03 12:11:10,980 - INFO - Epoch 62: val_loss=1.9160, val_acc=33.33%
2025-02-03 12:11:10,985 - INFO - ####################Training epoch 63####################
2025-02-03 12:11:11,995 - INFO - Epoch 63: train_loss=0.7117
2025-02-03 12:11:12,277 - INFO - Epoch 63: train_loss=0.8105
2025-02-03 12:11:12,559 - INFO - Epoch 63: train_loss=0.8533
2025-02-03 12:11:13,553 - INFO - Epoch 63: val_loss=1.9186, val_acc=33.33%
2025-02-03 12:11:13,558 - INFO - ####################Training epoch 64####################
2025-02-03 12:11:14,556 - INFO - Epoch 64: train_loss=0.9044
2025-02-03 12:11:14,840 - INFO - Epoch 64: train_loss=0.7034
2025-02-03 12:11:15,080 - INFO - Epoch 64: train_loss=0.6460
2025-02-03 12:11:16,111 - INFO - Epoch 64: val_loss=1.9208, val_acc=33.33%
2025-02-03 12:11:16,117 - INFO - ####################Training epoch 65####################
2025-02-03 12:11:17,149 - INFO - Epoch 65: train_loss=0.8373
2025-02-03 12:11:17,426 - INFO - Epoch 65: train_loss=0.7957
2025-02-03 12:11:17,674 - INFO - Epoch 65: train_loss=0.5705
2025-02-03 12:11:18,724 - INFO - Epoch 65: val_loss=1.9201, val_acc=33.33%
2025-02-03 12:11:18,740 - INFO - ####################Training epoch 66####################
2025-02-03 12:11:19,746 - INFO - Epoch 66: train_loss=0.7820
2025-02-03 12:11:20,046 - INFO - Epoch 66: train_loss=0.6389
2025-02-03 12:11:20,296 - INFO - Epoch 66: train_loss=1.1220
2025-02-03 12:11:21,454 - INFO - Epoch 66: val_loss=1.9140, val_acc=33.33%
2025-02-03 12:11:21,472 - INFO - ####################Training epoch 67####################
2025-02-03 12:11:22,490 - INFO - Epoch 67: train_loss=0.7525
2025-02-03 12:11:22,791 - INFO - Epoch 67: train_loss=0.7427
2025-02-03 12:11:23,043 - INFO - Epoch 67: train_loss=0.9133
2025-02-03 12:11:24,121 - INFO - Epoch 67: val_loss=1.9195, val_acc=33.33%
2025-02-03 12:11:24,127 - INFO - ####################Training epoch 68####################
2025-02-03 12:11:25,144 - INFO - Epoch 68: train_loss=0.7377
2025-02-03 12:11:25,402 - INFO - Epoch 68: train_loss=0.8685
2025-02-03 12:11:25,674 - INFO - Epoch 68: train_loss=0.6545
2025-02-03 12:11:26,724 - INFO - Epoch 68: val_loss=1.9186, val_acc=33.33%
2025-02-03 12:11:26,730 - INFO - ####################Training epoch 69####################
2025-02-03 12:11:27,722 - INFO - Epoch 69: train_loss=0.9316
2025-02-03 12:11:28,004 - INFO - Epoch 69: train_loss=0.6948
2025-02-03 12:11:28,249 - INFO - Epoch 69: train_loss=0.6031
2025-02-03 12:11:29,347 - INFO - Epoch 69: val_loss=1.9180, val_acc=33.33%
2025-02-03 12:11:29,358 - INFO - ####################Training epoch 70####################
2025-02-03 12:11:30,378 - INFO - Epoch 70: train_loss=0.6822
2025-02-03 12:11:30,661 - INFO - Epoch 70: train_loss=0.9043
2025-02-03 12:11:30,910 - INFO - Epoch 70: train_loss=0.6988
2025-02-03 12:11:31,899 - INFO - Epoch 70: val_loss=1.9143, val_acc=33.33%
2025-02-03 12:11:31,909 - INFO - ####################Training epoch 71####################
2025-02-03 12:11:32,974 - INFO - Epoch 71: train_loss=0.7230
2025-02-03 12:11:33,231 - INFO - Epoch 71: train_loss=0.7561
2025-02-03 12:11:33,477 - INFO - Epoch 71: train_loss=0.9734
2025-02-03 12:11:34,520 - INFO - Epoch 71: val_loss=1.9189, val_acc=33.33%
2025-02-03 12:11:34,527 - INFO - ####################Training epoch 72####################
2025-02-03 12:11:35,625 - INFO - Epoch 72: train_loss=0.7456
2025-02-03 12:11:35,931 - INFO - Epoch 72: train_loss=0.8038
2025-02-03 12:11:36,176 - INFO - Epoch 72: train_loss=0.7879
2025-02-03 12:11:37,218 - INFO - Epoch 72: val_loss=1.9161, val_acc=33.33%
2025-02-03 12:11:37,224 - INFO - ####################Training epoch 73####################
2025-02-03 12:11:38,344 - INFO - Epoch 73: train_loss=0.7041
2025-02-03 12:11:38,700 - INFO - Epoch 73: train_loss=0.9543
2025-02-03 12:11:38,942 - INFO - Epoch 73: train_loss=0.5198
2025-02-03 12:11:39,978 - INFO - Epoch 73: val_loss=1.9180, val_acc=33.33%
2025-02-03 12:11:39,984 - INFO - ####################Training epoch 74####################
2025-02-03 12:11:41,175 - INFO - Epoch 74: train_loss=0.8072
2025-02-03 12:11:41,619 - INFO - Epoch 74: train_loss=0.8104
2025-02-03 12:11:41,916 - INFO - Epoch 74: train_loss=0.6245
2025-02-03 12:11:42,907 - INFO - Epoch 74: val_loss=1.9161, val_acc=33.33%
2025-02-03 12:11:42,915 - INFO - ####################Training epoch 75####################
2025-02-03 12:11:43,903 - INFO - Epoch 75: train_loss=0.8471
2025-02-03 12:11:44,357 - INFO - Epoch 75: train_loss=0.6804
2025-02-03 12:11:44,766 - INFO - Epoch 75: train_loss=0.8447
2025-02-03 12:11:45,754 - INFO - Epoch 75: val_loss=1.9225, val_acc=33.33%
2025-02-03 12:11:45,758 - INFO - ####################Training epoch 76####################
2025-02-03 12:11:46,777 - INFO - Epoch 76: train_loss=0.8589
2025-02-03 12:11:47,109 - INFO - Epoch 76: train_loss=0.6483
2025-02-03 12:11:47,490 - INFO - Epoch 76: train_loss=0.8934
2025-02-03 12:11:48,484 - INFO - Epoch 76: val_loss=1.9196, val_acc=33.33%
2025-02-03 12:11:48,490 - INFO - ####################Training epoch 77####################
2025-02-03 12:11:49,515 - INFO - Epoch 77: train_loss=0.6998
2025-02-03 12:11:49,784 - INFO - Epoch 77: train_loss=0.8259
2025-02-03 12:11:50,078 - INFO - Epoch 77: train_loss=0.8476
2025-02-03 12:11:51,156 - INFO - Epoch 77: val_loss=1.9182, val_acc=33.33%
2025-02-03 12:11:51,160 - INFO - ####################Training epoch 78####################
2025-02-03 12:11:52,122 - INFO - Epoch 78: train_loss=0.6702
2025-02-03 12:11:52,404 - INFO - Epoch 78: train_loss=0.8528
2025-02-03 12:11:52,642 - INFO - Epoch 78: train_loss=0.8436
2025-02-03 12:11:53,670 - INFO - Epoch 78: val_loss=1.9178, val_acc=33.33%
2025-02-03 12:11:53,676 - INFO - ####################Training epoch 79####################
2025-02-03 12:11:54,677 - INFO - Epoch 79: train_loss=0.7760
2025-02-03 12:11:54,960 - INFO - Epoch 79: train_loss=0.7737
2025-02-03 12:11:55,202 - INFO - Epoch 79: train_loss=0.7893
2025-02-03 12:11:56,236 - INFO - Epoch 79: val_loss=1.9191, val_acc=33.33%
2025-02-03 12:11:56,242 - INFO - ####################Training epoch 80####################
2025-02-03 12:11:57,247 - INFO - Epoch 80: train_loss=0.7252
2025-02-03 12:11:57,526 - INFO - Epoch 80: train_loss=0.8796
2025-02-03 12:11:57,772 - INFO - Epoch 80: train_loss=0.6502
2025-02-03 12:11:58,816 - INFO - Epoch 80: val_loss=1.9121, val_acc=33.33%
2025-02-03 12:11:58,829 - INFO - ####################Training epoch 81####################
2025-02-03 12:11:59,840 - INFO - Epoch 81: train_loss=0.7522
2025-02-03 12:12:00,139 - INFO - Epoch 81: train_loss=0.8273
2025-02-03 12:12:00,379 - INFO - Epoch 81: train_loss=0.7096
2025-02-03 12:12:01,555 - INFO - Epoch 81: val_loss=1.9177, val_acc=33.33%
2025-02-03 12:12:01,569 - INFO - ####################Training epoch 82####################
2025-02-03 12:12:02,570 - INFO - Epoch 82: train_loss=0.8619
2025-02-03 12:12:02,870 - INFO - Epoch 82: train_loss=0.7318
2025-02-03 12:12:03,099 - INFO - Epoch 82: train_loss=0.6770
2025-02-03 12:12:04,210 - INFO - Epoch 82: val_loss=1.9166, val_acc=33.33%
2025-02-03 12:12:04,218 - INFO - ####################Training epoch 83####################
2025-02-03 12:12:05,229 - INFO - Epoch 83: train_loss=0.9869
2025-02-03 12:12:05,512 - INFO - Epoch 83: train_loss=0.5656
2025-02-03 12:12:05,756 - INFO - Epoch 83: train_loss=0.7732
2025-02-03 12:12:06,855 - INFO - Epoch 83: val_loss=1.9158, val_acc=33.33%
2025-02-03 12:12:06,869 - INFO - ####################Training epoch 84####################
2025-02-03 12:12:07,843 - INFO - Epoch 84: train_loss=0.8189
2025-02-03 12:12:08,100 - INFO - Epoch 84: train_loss=0.6485
2025-02-03 12:12:08,346 - INFO - Epoch 84: train_loss=0.9884
2025-02-03 12:12:09,382 - INFO - Epoch 84: val_loss=1.9175, val_acc=33.33%
2025-02-03 12:12:09,388 - INFO - ####################Training epoch 85####################
2025-02-03 12:12:10,405 - INFO - Epoch 85: train_loss=0.8608
2025-02-03 12:12:10,663 - INFO - Epoch 85: train_loss=0.8600
2025-02-03 12:12:10,907 - INFO - Epoch 85: train_loss=0.3598
2025-02-03 12:12:11,944 - INFO - Epoch 85: val_loss=1.9175, val_acc=33.33%
2025-02-03 12:12:11,950 - INFO - ####################Training epoch 86####################
2025-02-03 12:12:12,997 - INFO - Epoch 86: train_loss=0.7709
2025-02-03 12:12:13,277 - INFO - Epoch 86: train_loss=0.8695
2025-02-03 12:12:13,519 - INFO - Epoch 86: train_loss=0.5664
2025-02-03 12:12:14,572 - INFO - Epoch 86: val_loss=1.9199, val_acc=33.33%
2025-02-03 12:12:14,578 - INFO - ####################Training epoch 87####################
2025-02-03 12:12:15,679 - INFO - Epoch 87: train_loss=0.7234
2025-02-03 12:12:16,022 - INFO - Epoch 87: train_loss=0.7839
2025-02-03 12:12:16,250 - INFO - Epoch 87: train_loss=0.8874
2025-02-03 12:12:17,342 - INFO - Epoch 87: val_loss=1.9174, val_acc=33.33%
2025-02-03 12:12:17,346 - INFO - ####################Training epoch 88####################
2025-02-03 12:12:18,447 - INFO - Epoch 88: train_loss=0.7713
2025-02-03 12:12:18,843 - INFO - Epoch 88: train_loss=0.8160
2025-02-03 12:12:19,087 - INFO - Epoch 88: train_loss=0.6945
2025-02-03 12:12:20,126 - INFO - Epoch 88: val_loss=1.9168, val_acc=33.33%
2025-02-03 12:12:20,131 - INFO - ####################Training epoch 89####################
2025-02-03 12:12:21,236 - INFO - Epoch 89: train_loss=0.9136
2025-02-03 12:12:21,683 - INFO - Epoch 89: train_loss=0.6642
2025-02-03 12:12:21,989 - INFO - Epoch 89: train_loss=0.7246
2025-02-03 12:12:23,027 - INFO - Epoch 89: val_loss=1.9173, val_acc=33.33%
2025-02-03 12:12:23,033 - INFO - ####################Training epoch 90####################
2025-02-03 12:12:24,122 - INFO - Epoch 90: train_loss=0.9163
2025-02-03 12:12:24,541 - INFO - Epoch 90: train_loss=0.6625
2025-02-03 12:12:24,930 - INFO - Epoch 90: train_loss=0.7135
2025-02-03 12:12:25,967 - INFO - Epoch 90: val_loss=1.9203, val_acc=33.33%
2025-02-03 12:12:25,972 - INFO - ####################Training epoch 91####################
2025-02-03 12:12:26,954 - INFO - Epoch 91: train_loss=0.7484
2025-02-03 12:12:27,261 - INFO - Epoch 91: train_loss=0.8016
2025-02-03 12:12:27,673 - INFO - Epoch 91: train_loss=0.7843
2025-02-03 12:12:28,673 - INFO - Epoch 91: val_loss=1.9197, val_acc=33.33%
2025-02-03 12:12:28,679 - INFO - ####################Training epoch 92####################
2025-02-03 12:12:29,762 - INFO - Epoch 92: train_loss=0.7691
2025-02-03 12:12:30,042 - INFO - Epoch 92: train_loss=0.8110
2025-02-03 12:12:30,323 - INFO - Epoch 92: train_loss=0.7177
2025-02-03 12:12:31,434 - INFO - Epoch 92: val_loss=1.9206, val_acc=33.33%
2025-02-03 12:12:31,440 - INFO - ####################Training epoch 93####################
2025-02-03 12:12:32,492 - INFO - Epoch 93: train_loss=0.8743
2025-02-03 12:12:32,750 - INFO - Epoch 93: train_loss=0.7652
2025-02-03 12:12:32,995 - INFO - Epoch 93: train_loss=0.5612
2025-02-03 12:12:34,016 - INFO - Epoch 93: val_loss=1.9177, val_acc=33.33%
2025-02-03 12:12:34,021 - INFO - ####################Training epoch 94####################
2025-02-03 12:12:35,027 - INFO - Epoch 94: train_loss=0.7703
2025-02-03 12:12:35,309 - INFO - Epoch 94: train_loss=0.6887
2025-02-03 12:12:35,554 - INFO - Epoch 94: train_loss=1.0135
2025-02-03 12:12:36,589 - INFO - Epoch 94: val_loss=1.9224, val_acc=33.33%
2025-02-03 12:12:36,594 - INFO - ####################Training epoch 95####################
2025-02-03 12:12:37,600 - INFO - Epoch 95: train_loss=0.8682
2025-02-03 12:12:37,881 - INFO - Epoch 95: train_loss=0.7141
2025-02-03 12:12:38,128 - INFO - Epoch 95: train_loss=0.7158
2025-02-03 12:12:39,167 - INFO - Epoch 95: val_loss=1.9138, val_acc=33.33%
2025-02-03 12:12:39,176 - INFO - ####################Training epoch 96####################
2025-02-03 12:12:40,195 - INFO - Epoch 96: train_loss=0.7375
2025-02-03 12:12:40,458 - INFO - Epoch 96: train_loss=0.7236
2025-02-03 12:12:40,702 - INFO - Epoch 96: train_loss=1.0170
2025-02-03 12:12:41,898 - INFO - Epoch 96: val_loss=1.9202, val_acc=33.33%
2025-02-03 12:12:41,910 - INFO - ####################Training epoch 97####################
2025-02-03 12:12:42,917 - INFO - Epoch 97: train_loss=0.6184
2025-02-03 12:12:43,193 - INFO - Epoch 97: train_loss=0.8731
2025-02-03 12:12:43,438 - INFO - Epoch 97: train_loss=0.9328
2025-02-03 12:12:44,521 - INFO - Epoch 97: val_loss=1.9223, val_acc=33.33%
2025-02-03 12:12:44,532 - INFO - ####################Training epoch 98####################
2025-02-03 12:12:45,551 - INFO - Epoch 98: train_loss=0.9354
2025-02-03 12:12:45,808 - INFO - Epoch 98: train_loss=0.6793
2025-02-03 12:12:46,072 - INFO - Epoch 98: train_loss=0.6347
2025-02-03 12:12:47,134 - INFO - Epoch 98: val_loss=1.9221, val_acc=33.33%
2025-02-03 12:12:47,140 - INFO - ####################Training epoch 99####################
2025-02-03 12:12:48,070 - INFO - Epoch 99: train_loss=0.7668
2025-02-03 12:12:48,351 - INFO - Epoch 99: train_loss=0.7790
2025-02-03 12:12:48,592 - INFO - Epoch 99: train_loss=0.7994
2025-02-03 12:12:49,591 - INFO - Epoch 99: val_loss=1.9192, val_acc=33.33%
2025-02-03 12:12:50,182 - INFO - Model saved.
