2025-02-03 12:30:56,984 - INFO - ==============Entering Encoder Block 0==============
2025-02-03 12:30:57,008 - INFO - ---------- attention(scaled dot-product) ---------- 
2025-02-03 12:30:57,019 - INFO - attn_output hasn't nan: True
2025-02-03 12:30:57,071 - INFO - ---------Layer Normalisation-----------
2025-02-03 12:30:57,072 - INFO - x hasn't nan: True
2025-02-03 12:30:57,073 - INFO - mu hasn't nan: True
2025-02-03 12:30:57,073 - INFO - var hasn't nan: True
2025-02-03 12:30:57,074 - INFO - x_normalised hasn't nan: True
2025-02-03 12:30:57,074 - INFO - x_tilde hasn't nan: True
2025-02-03 12:30:57,093 - INFO - ---------FFN-----------
2025-02-03 12:30:57,094 - INFO - s_i hasn't nan : True
2025-02-03 12:30:57,096 - INFO - h_i hasm't nan : True
2025-02-03 12:30:57,098 - INFO - x_next hasn't nan : True
2025-02-03 12:30:57,099 - INFO - ---------Layer Normalisation-----------
2025-02-03 12:30:57,101 - INFO - x hasn't nan: True
2025-02-03 12:30:57,103 - INFO - mu hasn't nan: True
2025-02-03 12:30:57,105 - INFO - var hasn't nan: True
2025-02-03 12:30:57,108 - INFO - x_normalised hasn't nan: True
2025-02-03 12:30:57,110 - INFO - x_tilde hasn't nan: True
2025-02-03 12:30:57,112 - INFO - Encoder Block 0 output hasn't nan: True
2025-02-03 12:30:57,112 - INFO - ==============Entering Encoder Block 1==============
2025-02-03 12:30:57,113 - INFO - ---------- attention(scaled dot-product) ---------- 
2025-02-03 12:30:57,121 - INFO - attn_output hasn't nan: True
2025-02-03 12:30:57,121 - INFO - ---------Layer Normalisation-----------
2025-02-03 12:30:57,124 - INFO - x hasn't nan: True
2025-02-03 12:30:57,126 - INFO - mu hasn't nan: True
2025-02-03 12:30:57,128 - INFO - var hasn't nan: True
2025-02-03 12:30:57,131 - INFO - x_normalised hasn't nan: True
2025-02-03 12:30:57,133 - INFO - x_tilde hasn't nan: True
2025-02-03 12:30:57,133 - INFO - ---------FFN-----------
2025-02-03 12:30:57,135 - INFO - s_i hasn't nan : True
2025-02-03 12:30:57,135 - INFO - h_i hasm't nan : True
2025-02-03 12:30:57,135 - INFO - x_next hasn't nan : True
2025-02-03 12:30:57,135 - INFO - ---------Layer Normalisation-----------
2025-02-03 12:30:57,135 - INFO - x hasn't nan: True
2025-02-03 12:30:57,135 - INFO - mu hasn't nan: True
2025-02-03 12:30:57,136 - INFO - var hasn't nan: True
2025-02-03 12:30:57,136 - INFO - x_normalised hasn't nan: True
2025-02-03 12:30:57,136 - INFO - x_tilde hasn't nan: True
2025-02-03 12:30:57,136 - INFO - Encoder Block 1 output hasn't nan: True
2025-02-03 12:30:57,136 - INFO - ==============Entering Encoder Block 2==============
2025-02-03 12:30:57,136 - INFO - ---------- attention(scaled dot-product) ---------- 
2025-02-03 12:30:57,140 - INFO - attn_output hasn't nan: True
2025-02-03 12:30:57,141 - INFO - ---------Layer Normalisation-----------
2025-02-03 12:30:57,141 - INFO - x hasn't nan: True
2025-02-03 12:30:57,141 - INFO - mu hasn't nan: True
2025-02-03 12:30:57,142 - INFO - var hasn't nan: True
2025-02-03 12:30:57,142 - INFO - x_normalised hasn't nan: True
2025-02-03 12:30:57,143 - INFO - x_tilde hasn't nan: True
2025-02-03 12:30:57,144 - INFO - ---------FFN-----------
2025-02-03 12:30:57,144 - INFO - s_i hasn't nan : True
2025-02-03 12:30:57,145 - INFO - h_i hasm't nan : True
2025-02-03 12:30:57,146 - INFO - x_next hasn't nan : True
2025-02-03 12:30:57,147 - INFO - ---------Layer Normalisation-----------
2025-02-03 12:30:57,148 - INFO - x hasn't nan: True
2025-02-03 12:30:57,148 - INFO - mu hasn't nan: True
2025-02-03 12:30:57,149 - INFO - var hasn't nan: True
2025-02-03 12:30:57,149 - INFO - x_normalised hasn't nan: True
2025-02-03 12:30:57,150 - INFO - x_tilde hasn't nan: True
2025-02-03 12:30:57,150 - INFO - Encoder Block 2 output hasn't nan: True
2025-02-03 12:30:57,150 - INFO - ---------Classification Head-----------
2025-02-03 12:30:57,152 - INFO - logits hasn't nan: True
2025-02-03 12:30:58,419 - INFO - ####################Training epoch 0####################
2025-02-03 12:30:58,444 - INFO - ==============Entering Encoder Block 0==============
2025-02-03 12:30:58,445 - INFO - ---------- attention(scaled dot-product) ---------- 
2025-02-03 12:30:58,472 - INFO - attn_output hasn't nan: True
2025-02-03 12:30:58,482 - INFO - ---------Layer Normalisation-----------
2025-02-03 12:30:58,484 - INFO - x hasn't nan: True
2025-02-03 12:30:58,486 - INFO - mu hasn't nan: True
2025-02-03 12:30:58,488 - INFO - var hasn't nan: True
2025-02-03 12:30:58,491 - INFO - x_normalised hasn't nan: True
2025-02-03 12:30:58,493 - INFO - x_tilde hasn't nan: True
2025-02-03 12:30:58,494 - INFO - ---------FFN-----------
2025-02-03 12:30:58,496 - INFO - s_i hasn't nan : True
2025-02-03 12:30:58,498 - INFO - h_i hasm't nan : True
2025-02-03 12:30:58,500 - INFO - x_next hasn't nan : True
2025-02-03 12:30:58,501 - INFO - ---------Layer Normalisation-----------
2025-02-03 12:30:58,503 - INFO - x hasn't nan: True
2025-02-03 12:30:58,505 - INFO - mu hasn't nan: True
2025-02-03 12:30:58,508 - INFO - var hasn't nan: True
2025-02-03 12:30:58,510 - INFO - x_normalised hasn't nan: True
2025-02-03 12:30:58,512 - INFO - x_tilde hasn't nan: True
2025-02-03 12:30:58,512 - INFO - Encoder Block 0 output hasn't nan: True
2025-02-03 12:30:58,512 - INFO - ==============Entering Encoder Block 1==============
2025-02-03 12:30:58,513 - INFO - ---------- attention(scaled dot-product) ---------- 
2025-02-03 12:30:58,537 - INFO - attn_output hasn't nan: True
2025-02-03 12:30:58,539 - INFO - ---------Layer Normalisation-----------
2025-02-03 12:30:58,540 - INFO - x hasn't nan: True
2025-02-03 12:30:58,541 - INFO - mu hasn't nan: True
2025-02-03 12:30:58,542 - INFO - var hasn't nan: True
2025-02-03 12:30:58,542 - INFO - x_normalised hasn't nan: True
2025-02-03 12:30:58,543 - INFO - x_tilde hasn't nan: True
2025-02-03 12:30:58,543 - INFO - ---------FFN-----------
2025-02-03 12:30:58,544 - INFO - s_i hasn't nan : True
2025-02-03 12:30:58,544 - INFO - h_i hasm't nan : True
2025-02-03 12:30:58,546 - INFO - x_next hasn't nan : True
2025-02-03 12:30:58,547 - INFO - ---------Layer Normalisation-----------
2025-02-03 12:30:58,548 - INFO - x hasn't nan: True
2025-02-03 12:30:58,548 - INFO - mu hasn't nan: True
2025-02-03 12:30:58,549 - INFO - var hasn't nan: True
2025-02-03 12:30:58,549 - INFO - x_normalised hasn't nan: True
2025-02-03 12:30:58,550 - INFO - x_tilde hasn't nan: True
2025-02-03 12:30:58,550 - INFO - Encoder Block 1 output hasn't nan: True
2025-02-03 12:30:58,550 - INFO - ==============Entering Encoder Block 2==============
2025-02-03 12:30:58,551 - INFO - ---------- attention(scaled dot-product) ---------- 
2025-02-03 12:30:58,579 - INFO - attn_output hasn't nan: True
2025-02-03 12:30:58,580 - INFO - ---------Layer Normalisation-----------
2025-02-03 12:30:58,581 - INFO - x hasn't nan: True
2025-02-03 12:30:58,581 - INFO - mu hasn't nan: True
2025-02-03 12:30:58,582 - INFO - var hasn't nan: True
2025-02-03 12:30:58,582 - INFO - x_normalised hasn't nan: True
2025-02-03 12:30:58,584 - INFO - x_tilde hasn't nan: True
2025-02-03 12:30:58,585 - INFO - ---------FFN-----------
2025-02-03 12:30:58,585 - INFO - s_i hasn't nan : True
2025-02-03 12:30:58,585 - INFO - h_i hasm't nan : True
2025-02-03 12:30:58,586 - INFO - x_next hasn't nan : True
2025-02-03 12:30:58,587 - INFO - ---------Layer Normalisation-----------
2025-02-03 12:30:58,588 - INFO - x hasn't nan: True
2025-02-03 12:30:58,588 - INFO - mu hasn't nan: True
2025-02-03 12:30:58,589 - INFO - var hasn't nan: True
2025-02-03 12:30:58,589 - INFO - x_normalised hasn't nan: True
2025-02-03 12:30:58,590 - INFO - x_tilde hasn't nan: True
2025-02-03 12:30:58,590 - INFO - Encoder Block 2 output hasn't nan: True
2025-02-03 12:30:58,590 - INFO - ---------Classification Head-----------
2025-02-03 12:30:58,590 - INFO - logits hasn't nan: True
2025-02-03 12:30:59,057 - INFO - ==============Entering Encoder Block 0==============
2025-02-03 12:30:59,058 - INFO - ---------- attention(scaled dot-product) ---------- 
2025-02-03 12:30:59,083 - INFO - attn_output hasn't nan: True
2025-02-03 12:30:59,084 - INFO - ---------Layer Normalisation-----------
2025-02-03 12:30:59,085 - INFO - x hasn't nan: True
2025-02-03 12:30:59,088 - INFO - mu hasn't nan: True
2025-02-03 12:30:59,090 - INFO - var hasn't nan: True
2025-02-03 12:30:59,092 - INFO - x_normalised hasn't nan: True
2025-02-03 12:30:59,095 - INFO - x_tilde hasn't nan: True
2025-02-03 12:30:59,095 - INFO - ---------FFN-----------
2025-02-03 12:30:59,097 - INFO - s_i hasn't nan : True
2025-02-03 12:30:59,099 - INFO - h_i hasm't nan : True
2025-02-03 12:30:59,100 - INFO - x_next hasn't nan : True
2025-02-03 12:30:59,100 - INFO - ---------Layer Normalisation-----------
2025-02-03 12:30:59,100 - INFO - x hasn't nan: True
2025-02-03 12:30:59,100 - INFO - mu hasn't nan: True
2025-02-03 12:30:59,100 - INFO - var hasn't nan: True
2025-02-03 12:30:59,100 - INFO - x_normalised hasn't nan: True
2025-02-03 12:30:59,101 - INFO - x_tilde hasn't nan: True
2025-02-03 12:30:59,101 - INFO - Encoder Block 0 output hasn't nan: True
2025-02-03 12:30:59,101 - INFO - ==============Entering Encoder Block 1==============
2025-02-03 12:30:59,101 - INFO - ---------- attention(scaled dot-product) ---------- 
2025-02-03 12:30:59,113 - INFO - attn_output hasn't nan: True
2025-02-03 12:30:59,114 - INFO - ---------Layer Normalisation-----------
2025-02-03 12:30:59,114 - INFO - x hasn't nan: True
2025-02-03 12:30:59,115 - INFO - mu hasn't nan: True
2025-02-03 12:30:59,115 - INFO - var hasn't nan: True
2025-02-03 12:30:59,116 - INFO - x_normalised hasn't nan: True
2025-02-03 12:30:59,116 - INFO - x_tilde hasn't nan: True
2025-02-03 12:30:59,116 - INFO - ---------FFN-----------
2025-02-03 12:30:59,118 - INFO - s_i hasn't nan : True
2025-02-03 12:30:59,118 - INFO - h_i hasm't nan : True
2025-02-03 12:30:59,119 - INFO - x_next hasn't nan : True
2025-02-03 12:30:59,119 - INFO - ---------Layer Normalisation-----------
2025-02-03 12:30:59,120 - INFO - x hasn't nan: True
2025-02-03 12:30:59,120 - INFO - mu hasn't nan: True
2025-02-03 12:30:59,121 - INFO - var hasn't nan: True
2025-02-03 12:30:59,121 - INFO - x_normalised hasn't nan: True
2025-02-03 12:30:59,123 - INFO - x_tilde hasn't nan: True
2025-02-03 12:30:59,123 - INFO - Encoder Block 1 output hasn't nan: True
2025-02-03 12:30:59,124 - INFO - ==============Entering Encoder Block 2==============
2025-02-03 12:30:59,124 - INFO - ---------- attention(scaled dot-product) ---------- 
2025-02-03 12:30:59,137 - INFO - attn_output hasn't nan: True
2025-02-03 12:30:59,138 - INFO - ---------Layer Normalisation-----------
2025-02-03 12:30:59,139 - INFO - x hasn't nan: True
2025-02-03 12:30:59,140 - INFO - mu hasn't nan: True
2025-02-03 12:30:59,140 - INFO - var hasn't nan: True
2025-02-03 12:30:59,141 - INFO - x_normalised hasn't nan: True
2025-02-03 12:30:59,142 - INFO - x_tilde hasn't nan: True
2025-02-03 12:30:59,142 - INFO - ---------FFN-----------
2025-02-03 12:30:59,143 - INFO - s_i hasn't nan : True
2025-02-03 12:30:59,143 - INFO - h_i hasm't nan : True
2025-02-03 12:30:59,145 - INFO - x_next hasn't nan : True
2025-02-03 12:30:59,145 - INFO - ---------Layer Normalisation-----------
2025-02-03 12:30:59,146 - INFO - x hasn't nan: True
2025-02-03 12:30:59,146 - INFO - mu hasn't nan: True
2025-02-03 12:30:59,147 - INFO - var hasn't nan: True
2025-02-03 12:30:59,147 - INFO - x_normalised hasn't nan: True
2025-02-03 12:30:59,148 - INFO - x_tilde hasn't nan: True
2025-02-03 12:30:59,148 - INFO - Encoder Block 2 output hasn't nan: True
2025-02-03 12:30:59,148 - INFO - ---------Classification Head-----------
2025-02-03 12:30:59,150 - INFO - logits hasn't nan: True
2025-02-03 12:31:00,916 - INFO - ==============Entering Encoder Block 0==============
2025-02-03 12:31:00,917 - INFO - ---------- attention(scaled dot-product) ---------- 
2025-02-03 12:31:00,923 - INFO - attn_output hasn't nan: True
2025-02-03 12:31:00,924 - INFO - ---------Layer Normalisation-----------
2025-02-03 12:31:00,924 - INFO - x hasn't nan: True
2025-02-03 12:31:00,925 - INFO - mu hasn't nan: True
2025-02-03 12:31:00,926 - INFO - var hasn't nan: True
2025-02-03 12:31:00,926 - INFO - x_normalised hasn't nan: True
2025-02-03 12:31:00,928 - INFO - x_tilde hasn't nan: True
2025-02-03 12:31:00,928 - INFO - ---------FFN-----------
2025-02-03 12:31:00,929 - INFO - s_i hasn't nan : True
2025-02-03 12:31:00,929 - INFO - h_i hasm't nan : True
2025-02-03 12:31:00,930 - INFO - x_next hasn't nan : True
2025-02-03 12:31:00,930 - INFO - ---------Layer Normalisation-----------
2025-02-03 12:31:00,931 - INFO - x hasn't nan: True
2025-02-03 12:31:00,931 - INFO - mu hasn't nan: True
2025-02-03 12:31:00,933 - INFO - var hasn't nan: True
2025-02-03 12:31:00,933 - INFO - x_normalised hasn't nan: True
2025-02-03 12:31:00,934 - INFO - x_tilde hasn't nan: True
2025-02-03 12:31:00,934 - INFO - Encoder Block 0 output hasn't nan: True
2025-02-03 12:31:00,934 - INFO - ==============Entering Encoder Block 1==============
2025-02-03 12:31:00,935 - INFO - ---------- attention(scaled dot-product) ---------- 
2025-02-03 12:31:00,939 - INFO - attn_output hasn't nan: True
2025-02-03 12:31:00,940 - INFO - ---------Layer Normalisation-----------
2025-02-03 12:31:00,940 - INFO - x hasn't nan: True
2025-02-03 12:31:00,941 - INFO - mu hasn't nan: True
2025-02-03 12:31:00,942 - INFO - var hasn't nan: True
2025-02-03 12:31:00,943 - INFO - x_normalised hasn't nan: True
2025-02-03 12:31:00,943 - INFO - x_tilde hasn't nan: True
2025-02-03 12:31:00,944 - INFO - ---------FFN-----------
2025-02-03 12:31:00,944 - INFO - s_i hasn't nan : True
2025-02-03 12:31:00,945 - INFO - h_i hasm't nan : True
2025-02-03 12:31:00,945 - INFO - x_next hasn't nan : True
2025-02-03 12:31:00,946 - INFO - ---------Layer Normalisation-----------
2025-02-03 12:31:00,947 - INFO - x hasn't nan: True
2025-02-03 12:31:00,947 - INFO - mu hasn't nan: True
2025-02-03 12:31:00,947 - INFO - var hasn't nan: True
2025-02-03 12:31:00,947 - INFO - x_normalised hasn't nan: True
2025-02-03 12:31:00,948 - INFO - x_tilde hasn't nan: True
2025-02-03 12:31:00,948 - INFO - Encoder Block 1 output hasn't nan: True
2025-02-03 12:31:00,948 - INFO - ==============Entering Encoder Block 2==============
2025-02-03 12:31:00,948 - INFO - ---------- attention(scaled dot-product) ---------- 
2025-02-03 12:31:00,953 - INFO - attn_output hasn't nan: True
2025-02-03 12:31:00,953 - INFO - ---------Layer Normalisation-----------
2025-02-03 12:31:00,953 - INFO - x hasn't nan: True
2025-02-03 12:31:00,953 - INFO - mu hasn't nan: True
2025-02-03 12:31:00,953 - INFO - var hasn't nan: True
2025-02-03 12:31:00,954 - INFO - x_normalised hasn't nan: True
2025-02-03 12:31:00,954 - INFO - x_tilde hasn't nan: True
2025-02-03 12:31:00,954 - INFO - ---------FFN-----------
2025-02-03 12:31:00,954 - INFO - s_i hasn't nan : True
2025-02-03 12:31:00,954 - INFO - h_i hasm't nan : True
2025-02-03 12:31:00,955 - INFO - x_next hasn't nan : True
2025-02-03 12:31:00,955 - INFO - ---------Layer Normalisation-----------
2025-02-03 12:31:00,957 - INFO - x hasn't nan: True
2025-02-03 12:31:00,960 - INFO - mu hasn't nan: True
2025-02-03 12:31:00,962 - INFO - var hasn't nan: True
2025-02-03 12:31:00,964 - INFO - x_normalised hasn't nan: True
2025-02-03 12:31:00,966 - INFO - x_tilde hasn't nan: True
2025-02-03 12:31:00,969 - INFO - Encoder Block 2 output hasn't nan: True
2025-02-03 12:31:00,969 - INFO - ---------Classification Head-----------
2025-02-03 12:31:00,971 - INFO - logits hasn't nan: True
2025-02-03 12:31:01,035 - INFO - ####################Training epoch 1####################
2025-02-03 12:31:02,591 - INFO - ==============Entering Encoder Block 0==============
2025-02-03 12:31:02,595 - INFO - ---------- attention(scaled dot-product) ---------- 
2025-02-03 12:31:02,624 - INFO - attn_output hasn't nan: True
2025-02-03 12:31:02,627 - INFO - ---------Layer Normalisation-----------
2025-02-03 12:31:02,628 - INFO - x hasn't nan: True
2025-02-03 12:31:02,628 - INFO - mu hasn't nan: True
2025-02-03 12:31:02,629 - INFO - var hasn't nan: True
2025-02-03 12:31:02,629 - INFO - x_normalised hasn't nan: True
2025-02-03 12:31:02,631 - INFO - x_tilde hasn't nan: True
2025-02-03 12:31:02,631 - INFO - ---------FFN-----------
2025-02-03 12:31:02,633 - INFO - s_i hasn't nan : True
2025-02-03 12:31:02,635 - INFO - h_i hasm't nan : True
2025-02-03 12:31:02,636 - INFO - x_next hasn't nan : True
2025-02-03 12:31:02,636 - INFO - ---------Layer Normalisation-----------
2025-02-03 12:31:02,637 - INFO - x hasn't nan: True
2025-02-03 12:31:02,637 - INFO - mu hasn't nan: True
2025-02-03 12:31:02,638 - INFO - var hasn't nan: True
2025-02-03 12:31:02,639 - INFO - x_normalised hasn't nan: True
2025-02-03 12:31:02,640 - INFO - x_tilde hasn't nan: True
2025-02-03 12:31:02,641 - INFO - Encoder Block 0 output hasn't nan: True
2025-02-03 12:31:02,641 - INFO - ==============Entering Encoder Block 1==============
2025-02-03 12:31:02,641 - INFO - ---------- attention(scaled dot-product) ---------- 
2025-02-03 12:31:02,669 - INFO - attn_output hasn't nan: True
2025-02-03 12:31:02,670 - INFO - ---------Layer Normalisation-----------
2025-02-03 12:31:02,671 - INFO - x hasn't nan: True
2025-02-03 12:31:02,671 - INFO - mu hasn't nan: True
2025-02-03 12:31:02,673 - INFO - var hasn't nan: True
2025-02-03 12:31:02,673 - INFO - x_normalised hasn't nan: True
2025-02-03 12:31:02,673 - INFO - x_tilde hasn't nan: True
2025-02-03 12:31:02,673 - INFO - ---------FFN-----------
2025-02-03 12:31:02,674 - INFO - s_i hasn't nan : True
2025-02-03 12:31:02,674 - INFO - h_i hasm't nan : True
2025-02-03 12:31:02,674 - INFO - x_next hasn't nan : True
2025-02-03 12:31:02,674 - INFO - ---------Layer Normalisation-----------
2025-02-03 12:31:02,675 - INFO - x hasn't nan: True
2025-02-03 12:31:02,675 - INFO - mu hasn't nan: True
2025-02-03 12:31:02,675 - INFO - var hasn't nan: True
2025-02-03 12:31:02,675 - INFO - x_normalised hasn't nan: True
2025-02-03 12:31:02,675 - INFO - x_tilde hasn't nan: True
2025-02-03 12:31:02,676 - INFO - Encoder Block 1 output hasn't nan: True
2025-02-03 12:31:02,676 - INFO - ==============Entering Encoder Block 2==============
2025-02-03 12:31:02,676 - INFO - ---------- attention(scaled dot-product) ---------- 
2025-02-03 12:31:02,721 - INFO - attn_output hasn't nan: True
2025-02-03 12:31:02,721 - INFO - ---------Layer Normalisation-----------
2025-02-03 12:31:02,724 - INFO - x hasn't nan: True
2025-02-03 12:31:02,726 - INFO - mu hasn't nan: True
2025-02-03 12:31:02,729 - INFO - var hasn't nan: True
2025-02-03 12:31:02,731 - INFO - x_normalised hasn't nan: True
2025-02-03 12:31:02,733 - INFO - x_tilde hasn't nan: True
2025-02-03 12:31:02,734 - INFO - ---------FFN-----------
2025-02-03 12:31:02,736 - INFO - s_i hasn't nan : True
2025-02-03 12:31:02,736 - INFO - h_i hasm't nan : True
2025-02-03 12:31:02,737 - INFO - x_next hasn't nan : True
2025-02-03 12:31:02,737 - INFO - ---------Layer Normalisation-----------
2025-02-03 12:31:02,737 - INFO - x hasn't nan: True
2025-02-03 12:31:02,737 - INFO - mu hasn't nan: True
2025-02-03 12:31:02,738 - INFO - var hasn't nan: True
2025-02-03 12:31:02,738 - INFO - x_normalised hasn't nan: True
2025-02-03 12:31:02,738 - INFO - x_tilde hasn't nan: True
2025-02-03 12:31:02,738 - INFO - Encoder Block 2 output hasn't nan: True
2025-02-03 12:31:02,739 - INFO - ---------Classification Head-----------
2025-02-03 12:31:02,739 - INFO - logits hasn't nan: True
2025-02-03 12:31:03,006 - INFO - ==============Entering Encoder Block 0==============
2025-02-03 12:31:03,007 - INFO - ---------- attention(scaled dot-product) ---------- 
2025-02-03 12:31:03,020 - INFO - attn_output hasn't nan: True
2025-02-03 12:31:03,021 - INFO - ---------Layer Normalisation-----------
2025-02-03 12:31:03,022 - INFO - x hasn't nan: True
2025-02-03 12:31:03,022 - INFO - mu hasn't nan: True
2025-02-03 12:31:03,023 - INFO - var hasn't nan: True
2025-02-03 12:31:03,023 - INFO - x_normalised hasn't nan: True
2025-02-03 12:31:03,024 - INFO - x_tilde hasn't nan: True
2025-02-03 12:31:03,024 - INFO - ---------FFN-----------
2025-02-03 12:31:03,025 - INFO - s_i hasn't nan : True
2025-02-03 12:31:03,025 - INFO - h_i hasm't nan : True
2025-02-03 12:31:03,027 - INFO - x_next hasn't nan : True
2025-02-03 12:31:03,027 - INFO - ---------Layer Normalisation-----------
2025-02-03 12:31:03,028 - INFO - x hasn't nan: True
2025-02-03 12:31:03,028 - INFO - mu hasn't nan: True
2025-02-03 12:31:03,029 - INFO - var hasn't nan: True
2025-02-03 12:31:03,030 - INFO - x_normalised hasn't nan: True
2025-02-03 12:31:03,030 - INFO - x_tilde hasn't nan: True
2025-02-03 12:31:03,031 - INFO - Encoder Block 0 output hasn't nan: True
2025-02-03 12:31:03,031 - INFO - ==============Entering Encoder Block 1==============
2025-02-03 12:31:03,031 - INFO - ---------- attention(scaled dot-product) ---------- 
2025-02-03 12:31:03,048 - INFO - attn_output hasn't nan: True
2025-02-03 12:31:03,048 - INFO - ---------Layer Normalisation-----------
2025-02-03 12:31:03,050 - INFO - x hasn't nan: True
2025-02-03 12:31:03,052 - INFO - mu hasn't nan: True
2025-02-03 12:31:03,055 - INFO - var hasn't nan: True
2025-02-03 12:31:03,057 - INFO - x_normalised hasn't nan: True
2025-02-03 12:31:03,059 - INFO - x_tilde hasn't nan: True
2025-02-03 12:31:03,060 - INFO - ---------FFN-----------
2025-02-03 12:31:03,062 - INFO - s_i hasn't nan : True
2025-02-03 12:31:03,064 - INFO - h_i hasm't nan : True
2025-02-03 12:31:03,067 - INFO - x_next hasn't nan : True
2025-02-03 12:31:03,067 - INFO - ---------Layer Normalisation-----------
2025-02-03 12:31:03,069 - INFO - x hasn't nan: True
2025-02-03 12:31:03,071 - INFO - mu hasn't nan: True
2025-02-03 12:31:03,074 - INFO - var hasn't nan: True
2025-02-03 12:31:03,076 - INFO - x_normalised hasn't nan: True
2025-02-03 12:31:03,078 - INFO - x_tilde hasn't nan: True
2025-02-03 12:31:03,081 - INFO - Encoder Block 1 output hasn't nan: True
2025-02-03 12:31:03,081 - INFO - ==============Entering Encoder Block 2==============
2025-02-03 12:31:03,081 - INFO - ---------- attention(scaled dot-product) ---------- 
2025-02-03 12:31:03,094 - INFO - attn_output hasn't nan: True
2025-02-03 12:31:03,094 - INFO - ---------Layer Normalisation-----------
2025-02-03 12:31:03,095 - INFO - x hasn't nan: True
2025-02-03 12:31:03,095 - INFO - mu hasn't nan: True
2025-02-03 12:31:03,096 - INFO - var hasn't nan: True
2025-02-03 12:31:03,096 - INFO - x_normalised hasn't nan: True
2025-02-03 12:31:03,098 - INFO - x_tilde hasn't nan: True
2025-02-03 12:31:03,099 - INFO - ---------FFN-----------
2025-02-03 12:31:03,100 - INFO - s_i hasn't nan : True
2025-02-03 12:31:03,100 - INFO - h_i hasm't nan : True
2025-02-03 12:31:03,101 - INFO - x_next hasn't nan : True
2025-02-03 12:31:03,101 - INFO - ---------Layer Normalisation-----------
2025-02-03 12:31:03,103 - INFO - x hasn't nan: True
2025-02-03 12:31:03,103 - INFO - mu hasn't nan: True
2025-02-03 12:31:03,104 - INFO - var hasn't nan: True
2025-02-03 12:31:03,104 - INFO - x_normalised hasn't nan: True
2025-02-03 12:31:03,105 - INFO - x_tilde hasn't nan: True
2025-02-03 12:31:03,105 - INFO - Encoder Block 2 output hasn't nan: True
2025-02-03 12:31:03,106 - INFO - ---------Classification Head-----------
2025-02-03 12:31:03,106 - INFO - logits hasn't nan: True
2025-02-03 12:31:04,778 - INFO - ==============Entering Encoder Block 0==============
2025-02-03 12:31:04,779 - INFO - ---------- attention(scaled dot-product) ---------- 
2025-02-03 12:31:04,785 - INFO - attn_output hasn't nan: True
2025-02-03 12:31:04,786 - INFO - ---------Layer Normalisation-----------
2025-02-03 12:31:04,788 - INFO - x hasn't nan: True
2025-02-03 12:31:04,790 - INFO - mu hasn't nan: True
2025-02-03 12:31:04,792 - INFO - var hasn't nan: True
2025-02-03 12:31:04,795 - INFO - x_normalised hasn't nan: True
2025-02-03 12:31:04,797 - INFO - x_tilde hasn't nan: True
2025-02-03 12:31:04,797 - INFO - ---------FFN-----------
2025-02-03 12:31:04,799 - INFO - s_i hasn't nan : True
2025-02-03 12:31:04,802 - INFO - h_i hasm't nan : True
2025-02-03 12:31:04,804 - INFO - x_next hasn't nan : True
2025-02-03 12:31:04,804 - INFO - ---------Layer Normalisation-----------
2025-02-03 12:31:04,807 - INFO - x hasn't nan: True
2025-02-03 12:31:04,809 - INFO - mu hasn't nan: True
2025-02-03 12:31:04,811 - INFO - var hasn't nan: True
2025-02-03 12:31:04,813 - INFO - x_normalised hasn't nan: True
2025-02-03 12:31:04,816 - INFO - x_tilde hasn't nan: True
2025-02-03 12:31:04,818 - INFO - Encoder Block 0 output hasn't nan: True
2025-02-03 12:31:04,818 - INFO - ==============Entering Encoder Block 1==============
2025-02-03 12:31:04,819 - INFO - ---------- attention(scaled dot-product) ---------- 
2025-02-03 12:31:04,825 - INFO - attn_output hasn't nan: True
2025-02-03 12:31:04,825 - INFO - ---------Layer Normalisation-----------
2025-02-03 12:31:04,825 - INFO - x hasn't nan: True
2025-02-03 12:31:04,825 - INFO - mu hasn't nan: True
2025-02-03 12:31:04,825 - INFO - var hasn't nan: True
2025-02-03 12:31:04,826 - INFO - x_normalised hasn't nan: True
2025-02-03 12:31:04,826 - INFO - x_tilde hasn't nan: True
2025-02-03 12:31:04,827 - INFO - ---------FFN-----------
2025-02-03 12:31:04,827 - INFO - s_i hasn't nan : True
2025-02-03 12:31:04,827 - INFO - h_i hasm't nan : True
2025-02-03 12:31:04,828 - INFO - x_next hasn't nan : True
2025-02-03 12:31:04,829 - INFO - ---------Layer Normalisation-----------
2025-02-03 12:31:04,829 - INFO - x hasn't nan: True
2025-02-03 12:31:04,830 - INFO - mu hasn't nan: True
2025-02-03 12:31:04,831 - INFO - var hasn't nan: True
2025-02-03 12:31:04,832 - INFO - x_normalised hasn't nan: True
2025-02-03 12:31:04,833 - INFO - x_tilde hasn't nan: True
2025-02-03 12:31:04,833 - INFO - Encoder Block 1 output hasn't nan: True
2025-02-03 12:31:04,833 - INFO - ==============Entering Encoder Block 2==============
2025-02-03 12:31:04,833 - INFO - ---------- attention(scaled dot-product) ---------- 
2025-02-03 12:31:04,839 - INFO - attn_output hasn't nan: True
2025-02-03 12:31:04,839 - INFO - ---------Layer Normalisation-----------
2025-02-03 12:31:04,841 - INFO - x hasn't nan: True
2025-02-03 12:31:04,841 - INFO - mu hasn't nan: True
2025-02-03 12:31:04,842 - INFO - var hasn't nan: True
2025-02-03 12:31:04,842 - INFO - x_normalised hasn't nan: True
2025-02-03 12:31:04,843 - INFO - x_tilde hasn't nan: True
2025-02-03 12:31:04,843 - INFO - ---------FFN-----------
2025-02-03 12:31:04,844 - INFO - s_i hasn't nan : True
2025-02-03 12:31:04,844 - INFO - h_i hasm't nan : True
2025-02-03 12:31:04,846 - INFO - x_next hasn't nan : True
2025-02-03 12:31:04,846 - INFO - ---------Layer Normalisation-----------
2025-02-03 12:31:04,847 - INFO - x hasn't nan: True
2025-02-03 12:31:04,847 - INFO - mu hasn't nan: True
2025-02-03 12:31:04,848 - INFO - var hasn't nan: True
2025-02-03 12:31:04,848 - INFO - x_normalised hasn't nan: True
2025-02-03 12:31:04,849 - INFO - x_tilde hasn't nan: True
2025-02-03 12:31:04,850 - INFO - Encoder Block 2 output hasn't nan: True
2025-02-03 12:31:04,850 - INFO - ---------Classification Head-----------
2025-02-03 12:31:04,851 - INFO - logits hasn't nan: True
2025-02-03 12:31:04,892 - INFO - ####################Training epoch 2####################
2025-02-03 12:31:06,458 - INFO - ==============Entering Encoder Block 0==============
2025-02-03 12:31:06,459 - INFO - ---------- attention(scaled dot-product) ---------- 
2025-02-03 12:31:06,501 - INFO - attn_output hasn't nan: True
2025-02-03 12:31:06,503 - INFO - ---------Layer Normalisation-----------
2025-02-03 12:31:06,504 - INFO - x hasn't nan: True
2025-02-03 12:31:06,506 - INFO - mu hasn't nan: True
2025-02-03 12:31:06,509 - INFO - var hasn't nan: True
2025-02-03 12:31:06,511 - INFO - x_normalised hasn't nan: True
2025-02-03 12:31:06,513 - INFO - x_tilde hasn't nan: True
2025-02-03 12:31:06,514 - INFO - ---------FFN-----------
2025-02-03 12:31:06,516 - INFO - s_i hasn't nan : True
2025-02-03 12:31:06,518 - INFO - h_i hasm't nan : True
2025-02-03 12:31:06,519 - INFO - x_next hasn't nan : True
2025-02-03 12:31:06,519 - INFO - ---------Layer Normalisation-----------
2025-02-03 12:31:06,519 - INFO - x hasn't nan: True
2025-02-03 12:31:06,519 - INFO - mu hasn't nan: True
2025-02-03 12:31:06,519 - INFO - var hasn't nan: True
2025-02-03 12:31:06,520 - INFO - x_normalised hasn't nan: True
2025-02-03 12:31:06,520 - INFO - x_tilde hasn't nan: True
2025-02-03 12:31:06,520 - INFO - Encoder Block 0 output hasn't nan: True
2025-02-03 12:31:06,520 - INFO - ==============Entering Encoder Block 1==============
2025-02-03 12:31:06,521 - INFO - ---------- attention(scaled dot-product) ---------- 
2025-02-03 12:31:06,546 - INFO - attn_output hasn't nan: True
2025-02-03 12:31:06,546 - INFO - ---------Layer Normalisation-----------
2025-02-03 12:31:06,548 - INFO - x hasn't nan: True
2025-02-03 12:31:06,548 - INFO - mu hasn't nan: True
2025-02-03 12:31:06,549 - INFO - var hasn't nan: True
2025-02-03 12:31:06,549 - INFO - x_normalised hasn't nan: True
2025-02-03 12:31:06,550 - INFO - x_tilde hasn't nan: True
2025-02-03 12:31:06,551 - INFO - ---------FFN-----------
2025-02-03 12:31:06,551 - INFO - s_i hasn't nan : True
2025-02-03 12:31:06,552 - INFO - h_i hasm't nan : True
2025-02-03 12:31:06,554 - INFO - x_next hasn't nan : True
2025-02-03 12:31:06,554 - INFO - ---------Layer Normalisation-----------
2025-02-03 12:31:06,554 - INFO - x hasn't nan: True
2025-02-03 12:31:06,555 - INFO - mu hasn't nan: True
2025-02-03 12:31:06,555 - INFO - var hasn't nan: True
2025-02-03 12:31:06,556 - INFO - x_normalised hasn't nan: True
2025-02-03 12:31:06,556 - INFO - x_tilde hasn't nan: True
2025-02-03 12:31:06,557 - INFO - Encoder Block 1 output hasn't nan: True
2025-02-03 12:31:06,557 - INFO - ==============Entering Encoder Block 2==============
2025-02-03 12:31:06,558 - INFO - ---------- attention(scaled dot-product) ---------- 
2025-02-03 12:31:06,587 - INFO - attn_output hasn't nan: True
2025-02-03 12:31:06,588 - INFO - ---------Layer Normalisation-----------
2025-02-03 12:31:06,588 - INFO - x hasn't nan: True
2025-02-03 12:31:06,588 - INFO - mu hasn't nan: True
2025-02-03 12:31:06,589 - INFO - var hasn't nan: True
2025-02-03 12:31:06,589 - INFO - x_normalised hasn't nan: True
2025-02-03 12:31:06,591 - INFO - x_tilde hasn't nan: True
2025-02-03 12:31:06,591 - INFO - ---------FFN-----------
2025-02-03 12:31:06,592 - INFO - s_i hasn't nan : True
2025-02-03 12:31:06,592 - INFO - h_i hasm't nan : True
2025-02-03 12:31:06,593 - INFO - x_next hasn't nan : True
2025-02-03 12:31:06,594 - INFO - ---------Layer Normalisation-----------
2025-02-03 12:31:06,594 - INFO - x hasn't nan: True
2025-02-03 12:31:06,595 - INFO - mu hasn't nan: True
2025-02-03 12:31:06,595 - INFO - var hasn't nan: True
2025-02-03 12:31:06,597 - INFO - x_normalised hasn't nan: True
2025-02-03 12:31:06,597 - INFO - x_tilde hasn't nan: True
2025-02-03 12:31:06,597 - INFO - Encoder Block 2 output hasn't nan: True
2025-02-03 12:31:06,597 - INFO - ---------Classification Head-----------
2025-02-03 12:31:06,597 - INFO - logits hasn't nan: True
2025-02-03 12:31:06,886 - INFO - ==============Entering Encoder Block 0==============
2025-02-03 12:31:06,887 - INFO - ---------- attention(scaled dot-product) ---------- 
2025-02-03 12:31:06,898 - INFO - attn_output hasn't nan: True
2025-02-03 12:31:06,898 - INFO - ---------Layer Normalisation-----------
2025-02-03 12:31:06,899 - INFO - x hasn't nan: True
2025-02-03 12:31:06,899 - INFO - mu hasn't nan: True
2025-02-03 12:31:06,900 - INFO - var hasn't nan: True
2025-02-03 12:31:06,900 - INFO - x_normalised hasn't nan: True
2025-02-03 12:31:06,901 - INFO - x_tilde hasn't nan: True
2025-02-03 12:31:06,901 - INFO - ---------FFN-----------
2025-02-03 12:31:06,903 - INFO - s_i hasn't nan : True
2025-02-03 12:31:06,903 - INFO - h_i hasm't nan : True
2025-02-03 12:31:06,904 - INFO - x_next hasn't nan : True
2025-02-03 12:31:06,904 - INFO - ---------Layer Normalisation-----------
2025-02-03 12:31:06,905 - INFO - x hasn't nan: True
2025-02-03 12:31:06,905 - INFO - mu hasn't nan: True
2025-02-03 12:31:06,906 - INFO - var hasn't nan: True
2025-02-03 12:31:06,906 - INFO - x_normalised hasn't nan: True
2025-02-03 12:31:06,908 - INFO - x_tilde hasn't nan: True
2025-02-03 12:31:06,909 - INFO - Encoder Block 0 output hasn't nan: True
2025-02-03 12:31:06,910 - INFO - ==============Entering Encoder Block 1==============
2025-02-03 12:31:06,911 - INFO - ---------- attention(scaled dot-product) ---------- 
2025-02-03 12:31:06,925 - INFO - attn_output hasn't nan: True
2025-02-03 12:31:06,926 - INFO - ---------Layer Normalisation-----------
2025-02-03 12:31:06,926 - INFO - x hasn't nan: True
2025-02-03 12:31:06,926 - INFO - mu hasn't nan: True
2025-02-03 12:31:06,928 - INFO - var hasn't nan: True
2025-02-03 12:31:06,928 - INFO - x_normalised hasn't nan: True
2025-02-03 12:31:06,929 - INFO - x_tilde hasn't nan: True
2025-02-03 12:31:06,930 - INFO - ---------FFN-----------
2025-02-03 12:31:06,933 - INFO - s_i hasn't nan : True
2025-02-03 12:31:06,934 - INFO - h_i hasm't nan : True
2025-02-03 12:31:06,935 - INFO - x_next hasn't nan : True
2025-02-03 12:31:06,935 - INFO - ---------Layer Normalisation-----------
2025-02-03 12:31:06,936 - INFO - x hasn't nan: True
2025-02-03 12:31:06,937 - INFO - mu hasn't nan: True
2025-02-03 12:31:06,938 - INFO - var hasn't nan: True
2025-02-03 12:31:06,938 - INFO - x_normalised hasn't nan: True
2025-02-03 12:31:06,938 - INFO - x_tilde hasn't nan: True
2025-02-03 12:31:06,938 - INFO - Encoder Block 1 output hasn't nan: True
2025-02-03 12:31:06,938 - INFO - ==============Entering Encoder Block 2==============
2025-02-03 12:31:06,939 - INFO - ---------- attention(scaled dot-product) ---------- 
2025-02-03 12:31:06,952 - INFO - attn_output hasn't nan: True
2025-02-03 12:31:06,952 - INFO - ---------Layer Normalisation-----------
2025-02-03 12:31:06,955 - INFO - x hasn't nan: True
2025-02-03 12:31:06,957 - INFO - mu hasn't nan: True
2025-02-03 12:31:06,959 - INFO - var hasn't nan: True
2025-02-03 12:31:06,961 - INFO - x_normalised hasn't nan: True
2025-02-03 12:31:06,964 - INFO - x_tilde hasn't nan: True
2025-02-03 12:31:06,964 - INFO - ---------FFN-----------
2025-02-03 12:31:06,966 - INFO - s_i hasn't nan : True
2025-02-03 12:31:06,969 - INFO - h_i hasm't nan : True
2025-02-03 12:31:06,971 - INFO - x_next hasn't nan : True
2025-02-03 12:31:06,971 - INFO - ---------Layer Normalisation-----------
2025-02-03 12:31:06,973 - INFO - x hasn't nan: True
2025-02-03 12:31:06,976 - INFO - mu hasn't nan: True
2025-02-03 12:31:06,978 - INFO - var hasn't nan: True
2025-02-03 12:31:06,980 - INFO - x_normalised hasn't nan: True
2025-02-03 12:31:06,983 - INFO - x_tilde hasn't nan: True
2025-02-03 12:31:06,985 - INFO - Encoder Block 2 output hasn't nan: True
2025-02-03 12:31:06,985 - INFO - ---------Classification Head-----------
2025-02-03 12:31:06,987 - INFO - logits hasn't nan: True
