2025-02-03 12:31:02,343 - INFO - Starting training with the following parameters:
2025-02-03 12:31:02,344 - INFO - | Parameter       | Value               |
|-----------------|---------------------|
| attention       | Scaled Dot-Product|
| d_model         | 128            |
| n_heads         | 8              |
| d_f             | 128            |
| num_layers      | 3              |
| d_input         | 32             |
| num_classes     | 3              |
| dropout         | 0.1            |
| learning_rate   | 0.005          |
| epochs          | 100            |
| batch_size      | 16             |

2025-02-03 12:31:04,029 - INFO - Epoch 0: val_loss=0.9197, val_acc=66.67%
2025-02-03 12:31:04,993 - INFO - ####################Training epoch 0####################
2025-02-03 12:31:05,170 - INFO - Epoch 0: train_loss=1.1883
2025-02-03 12:31:05,688 - INFO - Epoch 0: train_loss=3.0427
2025-02-03 12:31:07,242 - INFO - Epoch 0: val_loss=1.8729, val_acc=33.33%
2025-02-03 12:31:07,290 - INFO - ####################Training epoch 1####################
2025-02-03 12:31:08,815 - INFO - Epoch 1: train_loss=2.5425
2025-02-03 12:31:09,171 - INFO - Epoch 1: train_loss=2.4082
2025-02-03 12:31:10,754 - INFO - Epoch 1: val_loss=1.8593, val_acc=0.00%
2025-02-03 12:31:10,792 - INFO - ####################Training epoch 2####################
2025-02-03 12:31:12,373 - INFO - Epoch 2: train_loss=1.1775
2025-02-03 12:31:12,731 - INFO - Epoch 2: train_loss=1.2041
