2025-02-03 12:31:11,704 - INFO - ==============Entering Encoder Block 0==============
2025-02-03 12:31:11,724 - INFO - ---------- attention(scaled dot-product) ---------- 
2025-02-03 12:31:11,740 - INFO - attn_output hasn't nan: True
2025-02-03 12:31:11,788 - INFO - ---------Layer Normalisation-----------
2025-02-03 12:31:11,791 - INFO - x hasn't nan: True
2025-02-03 12:31:11,793 - INFO - mu hasn't nan: True
2025-02-03 12:31:11,795 - INFO - var hasn't nan: True
2025-02-03 12:31:11,798 - INFO - x_normalised hasn't nan: True
2025-02-03 12:31:11,800 - INFO - x_tilde hasn't nan: True
2025-02-03 12:31:11,813 - INFO - ---------FFN-----------
2025-02-03 12:31:11,813 - INFO - s_i hasn't nan : True
2025-02-03 12:31:11,813 - INFO - h_i hasm't nan : True
2025-02-03 12:31:11,814 - INFO - x_next hasn't nan : True
2025-02-03 12:31:11,814 - INFO - ---------Layer Normalisation-----------
2025-02-03 12:31:11,814 - INFO - x hasn't nan: True
2025-02-03 12:31:11,814 - INFO - mu hasn't nan: True
2025-02-03 12:31:11,814 - INFO - var hasn't nan: True
2025-02-03 12:31:11,814 - INFO - x_normalised hasn't nan: True
2025-02-03 12:31:11,814 - INFO - x_tilde hasn't nan: True
2025-02-03 12:31:11,814 - INFO - Encoder Block 0 output hasn't nan: True
2025-02-03 12:31:11,814 - INFO - ==============Entering Encoder Block 1==============
2025-02-03 12:31:11,815 - INFO - ---------- attention(scaled dot-product) ---------- 
2025-02-03 12:31:11,819 - INFO - attn_output hasn't nan: True
2025-02-03 12:31:11,819 - INFO - ---------Layer Normalisation-----------
2025-02-03 12:31:11,820 - INFO - x hasn't nan: True
2025-02-03 12:31:11,820 - INFO - mu hasn't nan: True
2025-02-03 12:31:11,821 - INFO - var hasn't nan: True
2025-02-03 12:31:11,821 - INFO - x_normalised hasn't nan: True
2025-02-03 12:31:11,822 - INFO - x_tilde hasn't nan: True
2025-02-03 12:31:11,822 - INFO - ---------FFN-----------
2025-02-03 12:31:11,823 - INFO - s_i hasn't nan : True
2025-02-03 12:31:11,823 - INFO - h_i hasm't nan : True
2025-02-03 12:31:11,825 - INFO - x_next hasn't nan : True
2025-02-03 12:31:11,825 - INFO - ---------Layer Normalisation-----------
2025-02-03 12:31:11,826 - INFO - x hasn't nan: True
2025-02-03 12:31:11,826 - INFO - mu hasn't nan: True
2025-02-03 12:31:11,827 - INFO - var hasn't nan: True
2025-02-03 12:31:11,827 - INFO - x_normalised hasn't nan: True
2025-02-03 12:31:11,828 - INFO - x_tilde hasn't nan: True
2025-02-03 12:31:11,829 - INFO - Encoder Block 1 output hasn't nan: True
2025-02-03 12:31:11,829 - INFO - ==============Entering Encoder Block 2==============
2025-02-03 12:31:11,829 - INFO - ---------- attention(scaled dot-product) ---------- 
2025-02-03 12:31:11,836 - INFO - attn_output hasn't nan: True
2025-02-03 12:31:11,836 - INFO - ---------Layer Normalisation-----------
2025-02-03 12:31:11,837 - INFO - x hasn't nan: True
2025-02-03 12:31:11,837 - INFO - mu hasn't nan: True
2025-02-03 12:31:11,838 - INFO - var hasn't nan: True
2025-02-03 12:31:11,838 - INFO - x_normalised hasn't nan: True
2025-02-03 12:31:11,840 - INFO - x_tilde hasn't nan: True
2025-02-03 12:31:11,840 - INFO - ---------FFN-----------
2025-02-03 12:31:11,841 - INFO - s_i hasn't nan : True
2025-02-03 12:31:11,841 - INFO - h_i hasm't nan : True
2025-02-03 12:31:11,842 - INFO - x_next hasn't nan : True
2025-02-03 12:31:11,842 - INFO - ---------Layer Normalisation-----------
2025-02-03 12:31:11,843 - INFO - x hasn't nan: True
2025-02-03 12:31:11,843 - INFO - mu hasn't nan: True
2025-02-03 12:31:11,845 - INFO - var hasn't nan: True
2025-02-03 12:31:11,845 - INFO - x_normalised hasn't nan: True
2025-02-03 12:31:11,846 - INFO - x_tilde hasn't nan: True
2025-02-03 12:31:11,846 - INFO - Encoder Block 2 output hasn't nan: True
2025-02-03 12:31:11,847 - INFO - ---------Classification Head-----------
2025-02-03 12:31:11,848 - INFO - logits hasn't nan: True
2025-02-03 12:31:12,771 - INFO - ####################Training epoch 0####################
2025-02-03 12:31:12,790 - INFO - ==============Entering Encoder Block 0==============
2025-02-03 12:31:12,792 - INFO - ---------- attention(scaled dot-product) ---------- 
2025-02-03 12:31:12,820 - INFO - attn_output hasn't nan: True
2025-02-03 12:31:12,828 - INFO - ---------Layer Normalisation-----------
2025-02-03 12:31:12,829 - INFO - x hasn't nan: True
2025-02-03 12:31:12,829 - INFO - mu hasn't nan: True
2025-02-03 12:31:12,830 - INFO - var hasn't nan: True
2025-02-03 12:31:12,830 - INFO - x_normalised hasn't nan: True
2025-02-03 12:31:12,832 - INFO - x_tilde hasn't nan: True
2025-02-03 12:31:12,833 - INFO - ---------FFN-----------
2025-02-03 12:31:12,833 - INFO - s_i hasn't nan : True
2025-02-03 12:31:12,833 - INFO - h_i hasm't nan : True
2025-02-03 12:31:12,834 - INFO - x_next hasn't nan : True
2025-02-03 12:31:12,835 - INFO - ---------Layer Normalisation-----------
2025-02-03 12:31:12,836 - INFO - x hasn't nan: True
2025-02-03 12:31:12,836 - INFO - mu hasn't nan: True
2025-02-03 12:31:12,838 - INFO - var hasn't nan: True
2025-02-03 12:31:12,838 - INFO - x_normalised hasn't nan: True
2025-02-03 12:31:12,839 - INFO - x_tilde hasn't nan: True
2025-02-03 12:31:12,839 - INFO - Encoder Block 0 output hasn't nan: True
2025-02-03 12:31:12,839 - INFO - ==============Entering Encoder Block 1==============
2025-02-03 12:31:12,840 - INFO - ---------- attention(scaled dot-product) ---------- 
2025-02-03 12:31:12,868 - INFO - attn_output hasn't nan: True
2025-02-03 12:31:12,869 - INFO - ---------Layer Normalisation-----------
2025-02-03 12:31:12,870 - INFO - x hasn't nan: True
2025-02-03 12:31:12,870 - INFO - mu hasn't nan: True
2025-02-03 12:31:12,870 - INFO - var hasn't nan: True
2025-02-03 12:31:12,870 - INFO - x_normalised hasn't nan: True
2025-02-03 12:31:12,870 - INFO - x_tilde hasn't nan: True
2025-02-03 12:31:12,871 - INFO - ---------FFN-----------
2025-02-03 12:31:12,871 - INFO - s_i hasn't nan : True
2025-02-03 12:31:12,871 - INFO - h_i hasm't nan : True
2025-02-03 12:31:12,872 - INFO - x_next hasn't nan : True
2025-02-03 12:31:12,872 - INFO - ---------Layer Normalisation-----------
2025-02-03 12:31:12,873 - INFO - x hasn't nan: True
2025-02-03 12:31:12,873 - INFO - mu hasn't nan: True
2025-02-03 12:31:12,873 - INFO - var hasn't nan: True
2025-02-03 12:31:12,873 - INFO - x_normalised hasn't nan: True
2025-02-03 12:31:12,873 - INFO - x_tilde hasn't nan: True
2025-02-03 12:31:12,873 - INFO - Encoder Block 1 output hasn't nan: True
2025-02-03 12:31:12,874 - INFO - ==============Entering Encoder Block 2==============
2025-02-03 12:31:12,874 - INFO - ---------- attention(scaled dot-product) ---------- 
2025-02-03 12:31:12,919 - INFO - attn_output hasn't nan: True
2025-02-03 12:31:12,920 - INFO - ---------Layer Normalisation-----------
2025-02-03 12:31:12,921 - INFO - x hasn't nan: True
2025-02-03 12:31:12,924 - INFO - mu hasn't nan: True
2025-02-03 12:31:12,926 - INFO - var hasn't nan: True
2025-02-03 12:31:12,928 - INFO - x_normalised hasn't nan: True
2025-02-03 12:31:12,931 - INFO - x_tilde hasn't nan: True
2025-02-03 12:31:12,931 - INFO - ---------FFN-----------
2025-02-03 12:31:12,933 - INFO - s_i hasn't nan : True
2025-02-03 12:31:12,934 - INFO - h_i hasm't nan : True
2025-02-03 12:31:12,934 - INFO - x_next hasn't nan : True
2025-02-03 12:31:12,934 - INFO - ---------Layer Normalisation-----------
2025-02-03 12:31:12,935 - INFO - x hasn't nan: True
2025-02-03 12:31:12,935 - INFO - mu hasn't nan: True
2025-02-03 12:31:12,935 - INFO - var hasn't nan: True
2025-02-03 12:31:12,935 - INFO - x_normalised hasn't nan: True
2025-02-03 12:31:12,935 - INFO - x_tilde hasn't nan: True
2025-02-03 12:31:12,935 - INFO - Encoder Block 2 output hasn't nan: True
2025-02-03 12:31:12,936 - INFO - ---------Classification Head-----------
2025-02-03 12:31:12,936 - INFO - logits hasn't nan: True
2025-02-03 12:31:13,361 - INFO - ==============Entering Encoder Block 0==============
2025-02-03 12:31:13,361 - INFO - ---------- attention(scaled dot-product) ---------- 
2025-02-03 12:31:13,386 - INFO - attn_output hasn't nan: True
2025-02-03 12:31:13,386 - INFO - ---------Layer Normalisation-----------
2025-02-03 12:31:13,388 - INFO - x hasn't nan: True
2025-02-03 12:31:13,391 - INFO - mu hasn't nan: True
2025-02-03 12:31:13,393 - INFO - var hasn't nan: True
2025-02-03 12:31:13,395 - INFO - x_normalised hasn't nan: True
2025-02-03 12:31:13,398 - INFO - x_tilde hasn't nan: True
2025-02-03 12:31:13,398 - INFO - ---------FFN-----------
2025-02-03 12:31:13,400 - INFO - s_i hasn't nan : True
2025-02-03 12:31:13,402 - INFO - h_i hasm't nan : True
2025-02-03 12:31:13,405 - INFO - x_next hasn't nan : True
2025-02-03 12:31:13,405 - INFO - ---------Layer Normalisation-----------
2025-02-03 12:31:13,407 - INFO - x hasn't nan: True
2025-02-03 12:31:13,407 - INFO - mu hasn't nan: True
2025-02-03 12:31:13,408 - INFO - var hasn't nan: True
2025-02-03 12:31:13,408 - INFO - x_normalised hasn't nan: True
2025-02-03 12:31:13,408 - INFO - x_tilde hasn't nan: True
2025-02-03 12:31:13,408 - INFO - Encoder Block 0 output hasn't nan: True
2025-02-03 12:31:13,408 - INFO - ==============Entering Encoder Block 1==============
2025-02-03 12:31:13,408 - INFO - ---------- attention(scaled dot-product) ---------- 
2025-02-03 12:31:13,421 - INFO - attn_output hasn't nan: True
2025-02-03 12:31:13,421 - INFO - ---------Layer Normalisation-----------
2025-02-03 12:31:13,422 - INFO - x hasn't nan: True
2025-02-03 12:31:13,422 - INFO - mu hasn't nan: True
2025-02-03 12:31:13,423 - INFO - var hasn't nan: True
2025-02-03 12:31:13,423 - INFO - x_normalised hasn't nan: True
2025-02-03 12:31:13,425 - INFO - x_tilde hasn't nan: True
2025-02-03 12:31:13,426 - INFO - ---------FFN-----------
2025-02-03 12:31:13,426 - INFO - s_i hasn't nan : True
2025-02-03 12:31:13,427 - INFO - h_i hasm't nan : True
2025-02-03 12:31:13,428 - INFO - x_next hasn't nan : True
2025-02-03 12:31:13,428 - INFO - ---------Layer Normalisation-----------
2025-02-03 12:31:13,429 - INFO - x hasn't nan: True
2025-02-03 12:31:13,429 - INFO - mu hasn't nan: True
2025-02-03 12:31:13,431 - INFO - var hasn't nan: True
2025-02-03 12:31:13,431 - INFO - x_normalised hasn't nan: True
2025-02-03 12:31:13,432 - INFO - x_tilde hasn't nan: True
2025-02-03 12:31:13,432 - INFO - Encoder Block 1 output hasn't nan: True
2025-02-03 12:31:13,432 - INFO - ==============Entering Encoder Block 2==============
2025-02-03 12:31:13,433 - INFO - ---------- attention(scaled dot-product) ---------- 
2025-02-03 12:31:13,447 - INFO - attn_output hasn't nan: True
2025-02-03 12:31:13,448 - INFO - ---------Layer Normalisation-----------
2025-02-03 12:31:13,448 - INFO - x hasn't nan: True
2025-02-03 12:31:13,448 - INFO - mu hasn't nan: True
2025-02-03 12:31:13,449 - INFO - var hasn't nan: True
2025-02-03 12:31:13,450 - INFO - x_normalised hasn't nan: True
2025-02-03 12:31:13,450 - INFO - x_tilde hasn't nan: True
2025-02-03 12:31:13,451 - INFO - ---------FFN-----------
2025-02-03 12:31:13,452 - INFO - s_i hasn't nan : True
2025-02-03 12:31:13,453 - INFO - h_i hasm't nan : True
2025-02-03 12:31:13,454 - INFO - x_next hasn't nan : True
2025-02-03 12:31:13,454 - INFO - ---------Layer Normalisation-----------
2025-02-03 12:31:13,455 - INFO - x hasn't nan: True
2025-02-03 12:31:13,455 - INFO - mu hasn't nan: True
2025-02-03 12:31:13,456 - INFO - var hasn't nan: True
2025-02-03 12:31:13,456 - INFO - x_normalised hasn't nan: True
2025-02-03 12:31:13,458 - INFO - x_tilde hasn't nan: True
2025-02-03 12:31:13,458 - INFO - Encoder Block 2 output hasn't nan: True
2025-02-03 12:31:13,459 - INFO - ---------Classification Head-----------
2025-02-03 12:31:13,459 - INFO - logits hasn't nan: True
2025-02-03 12:31:14,936 - INFO - ==============Entering Encoder Block 0==============
2025-02-03 12:31:14,937 - INFO - ---------- attention(scaled dot-product) ---------- 
2025-02-03 12:31:14,941 - INFO - attn_output hasn't nan: True
2025-02-03 12:31:14,942 - INFO - ---------Layer Normalisation-----------
2025-02-03 12:31:14,942 - INFO - x hasn't nan: True
2025-02-03 12:31:14,942 - INFO - mu hasn't nan: True
2025-02-03 12:31:14,943 - INFO - var hasn't nan: True
2025-02-03 12:31:14,943 - INFO - x_normalised hasn't nan: True
2025-02-03 12:31:14,943 - INFO - x_tilde hasn't nan: True
2025-02-03 12:31:14,943 - INFO - ---------FFN-----------
2025-02-03 12:31:14,943 - INFO - s_i hasn't nan : True
2025-02-03 12:31:14,944 - INFO - h_i hasm't nan : True
2025-02-03 12:31:14,946 - INFO - x_next hasn't nan : True
2025-02-03 12:31:14,946 - INFO - ---------Layer Normalisation-----------
2025-02-03 12:31:14,948 - INFO - x hasn't nan: True
2025-02-03 12:31:14,951 - INFO - mu hasn't nan: True
2025-02-03 12:31:14,953 - INFO - var hasn't nan: True
2025-02-03 12:31:14,955 - INFO - x_normalised hasn't nan: True
2025-02-03 12:31:14,958 - INFO - x_tilde hasn't nan: True
2025-02-03 12:31:14,960 - INFO - Encoder Block 0 output hasn't nan: True
2025-02-03 12:31:14,960 - INFO - ==============Entering Encoder Block 1==============
2025-02-03 12:31:14,961 - INFO - ---------- attention(scaled dot-product) ---------- 
2025-02-03 12:31:14,971 - INFO - attn_output hasn't nan: True
2025-02-03 12:31:14,972 - INFO - ---------Layer Normalisation-----------
2025-02-03 12:31:14,974 - INFO - x hasn't nan: True
2025-02-03 12:31:14,976 - INFO - mu hasn't nan: True
2025-02-03 12:31:14,978 - INFO - var hasn't nan: True
2025-02-03 12:31:14,981 - INFO - x_normalised hasn't nan: True
2025-02-03 12:31:14,983 - INFO - x_tilde hasn't nan: True
2025-02-03 12:31:14,983 - INFO - ---------FFN-----------
2025-02-03 12:31:14,985 - INFO - s_i hasn't nan : True
2025-02-03 12:31:14,985 - INFO - h_i hasm't nan : True
2025-02-03 12:31:14,985 - INFO - x_next hasn't nan : True
2025-02-03 12:31:14,986 - INFO - ---------Layer Normalisation-----------
2025-02-03 12:31:14,986 - INFO - x hasn't nan: True
2025-02-03 12:31:14,986 - INFO - mu hasn't nan: True
2025-02-03 12:31:14,986 - INFO - var hasn't nan: True
2025-02-03 12:31:14,986 - INFO - x_normalised hasn't nan: True
2025-02-03 12:31:14,986 - INFO - x_tilde hasn't nan: True
2025-02-03 12:31:14,987 - INFO - Encoder Block 1 output hasn't nan: True
2025-02-03 12:31:14,987 - INFO - ==============Entering Encoder Block 2==============
2025-02-03 12:31:14,987 - INFO - ---------- attention(scaled dot-product) ---------- 
2025-02-03 12:31:14,991 - INFO - attn_output hasn't nan: True
2025-02-03 12:31:14,992 - INFO - ---------Layer Normalisation-----------
2025-02-03 12:31:14,992 - INFO - x hasn't nan: True
2025-02-03 12:31:14,992 - INFO - mu hasn't nan: True
2025-02-03 12:31:14,993 - INFO - var hasn't nan: True
2025-02-03 12:31:14,993 - INFO - x_normalised hasn't nan: True
2025-02-03 12:31:14,994 - INFO - x_tilde hasn't nan: True
2025-02-03 12:31:14,994 - INFO - ---------FFN-----------
2025-02-03 12:31:14,995 - INFO - s_i hasn't nan : True
2025-02-03 12:31:14,995 - INFO - h_i hasm't nan : True
2025-02-03 12:31:14,997 - INFO - x_next hasn't nan : True
2025-02-03 12:31:14,997 - INFO - ---------Layer Normalisation-----------
2025-02-03 12:31:14,998 - INFO - x hasn't nan: True
2025-02-03 12:31:14,998 - INFO - mu hasn't nan: True
2025-02-03 12:31:14,999 - INFO - var hasn't nan: True
2025-02-03 12:31:15,000 - INFO - x_normalised hasn't nan: True
2025-02-03 12:31:15,000 - INFO - x_tilde hasn't nan: True
2025-02-03 12:31:15,001 - INFO - Encoder Block 2 output hasn't nan: True
2025-02-03 12:31:15,001 - INFO - ---------Classification Head-----------
2025-02-03 12:31:15,003 - INFO - logits hasn't nan: True
2025-02-03 12:31:15,046 - INFO - ####################Training epoch 1####################
2025-02-03 12:31:16,410 - INFO - ==============Entering Encoder Block 0==============
2025-02-03 12:31:16,411 - INFO - ---------- attention(scaled dot-product) ---------- 
2025-02-03 12:31:16,460 - INFO - attn_output hasn't nan: True
2025-02-03 12:31:16,460 - INFO - ---------Layer Normalisation-----------
2025-02-03 12:31:16,462 - INFO - x hasn't nan: True
2025-02-03 12:31:16,464 - INFO - mu hasn't nan: True
2025-02-03 12:31:16,466 - INFO - var hasn't nan: True
2025-02-03 12:31:16,469 - INFO - x_normalised hasn't nan: True
2025-02-03 12:31:16,470 - INFO - x_tilde hasn't nan: True
2025-02-03 12:31:16,470 - INFO - ---------FFN-----------
2025-02-03 12:31:16,470 - INFO - s_i hasn't nan : True
2025-02-03 12:31:16,471 - INFO - h_i hasm't nan : True
2025-02-03 12:31:16,471 - INFO - x_next hasn't nan : True
2025-02-03 12:31:16,471 - INFO - ---------Layer Normalisation-----------
2025-02-03 12:31:16,471 - INFO - x hasn't nan: True
2025-02-03 12:31:16,472 - INFO - mu hasn't nan: True
2025-02-03 12:31:16,472 - INFO - var hasn't nan: True
2025-02-03 12:31:16,472 - INFO - x_normalised hasn't nan: True
2025-02-03 12:31:16,472 - INFO - x_tilde hasn't nan: True
2025-02-03 12:31:16,472 - INFO - Encoder Block 0 output hasn't nan: True
2025-02-03 12:31:16,472 - INFO - ==============Entering Encoder Block 1==============
2025-02-03 12:31:16,473 - INFO - ---------- attention(scaled dot-product) ---------- 
2025-02-03 12:31:16,500 - INFO - attn_output hasn't nan: True
2025-02-03 12:31:16,501 - INFO - ---------Layer Normalisation-----------
2025-02-03 12:31:16,502 - INFO - x hasn't nan: True
2025-02-03 12:31:16,502 - INFO - mu hasn't nan: True
2025-02-03 12:31:16,503 - INFO - var hasn't nan: True
2025-02-03 12:31:16,503 - INFO - x_normalised hasn't nan: True
2025-02-03 12:31:16,504 - INFO - x_tilde hasn't nan: True
2025-02-03 12:31:16,504 - INFO - ---------FFN-----------
2025-02-03 12:31:16,506 - INFO - s_i hasn't nan : True
2025-02-03 12:31:16,506 - INFO - h_i hasm't nan : True
2025-02-03 12:31:16,507 - INFO - x_next hasn't nan : True
2025-02-03 12:31:16,507 - INFO - ---------Layer Normalisation-----------
2025-02-03 12:31:16,508 - INFO - x hasn't nan: True
2025-02-03 12:31:16,509 - INFO - mu hasn't nan: True
2025-02-03 12:31:16,509 - INFO - var hasn't nan: True
2025-02-03 12:31:16,510 - INFO - x_normalised hasn't nan: True
2025-02-03 12:31:16,512 - INFO - x_tilde hasn't nan: True
2025-02-03 12:31:16,512 - INFO - Encoder Block 1 output hasn't nan: True
2025-02-03 12:31:16,512 - INFO - ==============Entering Encoder Block 2==============
2025-02-03 12:31:16,513 - INFO - ---------- attention(scaled dot-product) ---------- 
2025-02-03 12:31:16,541 - INFO - attn_output hasn't nan: True
2025-02-03 12:31:16,542 - INFO - ---------Layer Normalisation-----------
2025-02-03 12:31:16,542 - INFO - x hasn't nan: True
2025-02-03 12:31:16,542 - INFO - mu hasn't nan: True
2025-02-03 12:31:16,544 - INFO - var hasn't nan: True
2025-02-03 12:31:16,544 - INFO - x_normalised hasn't nan: True
2025-02-03 12:31:16,545 - INFO - x_tilde hasn't nan: True
2025-02-03 12:31:16,546 - INFO - ---------FFN-----------
2025-02-03 12:31:16,546 - INFO - s_i hasn't nan : True
2025-02-03 12:31:16,547 - INFO - h_i hasm't nan : True
2025-02-03 12:31:16,548 - INFO - x_next hasn't nan : True
2025-02-03 12:31:16,548 - INFO - ---------Layer Normalisation-----------
2025-02-03 12:31:16,549 - INFO - x hasn't nan: True
2025-02-03 12:31:16,550 - INFO - mu hasn't nan: True
2025-02-03 12:31:16,550 - INFO - var hasn't nan: True
2025-02-03 12:31:16,550 - INFO - x_normalised hasn't nan: True
2025-02-03 12:31:16,550 - INFO - x_tilde hasn't nan: True
2025-02-03 12:31:16,550 - INFO - Encoder Block 2 output hasn't nan: True
2025-02-03 12:31:16,551 - INFO - ---------Classification Head-----------
2025-02-03 12:31:16,551 - INFO - logits hasn't nan: True
2025-02-03 12:31:16,841 - INFO - ==============Entering Encoder Block 0==============
2025-02-03 12:31:16,841 - INFO - ---------- attention(scaled dot-product) ---------- 
2025-02-03 12:31:16,855 - INFO - attn_output hasn't nan: True
2025-02-03 12:31:16,856 - INFO - ---------Layer Normalisation-----------
2025-02-03 12:31:16,856 - INFO - x hasn't nan: True
2025-02-03 12:31:16,856 - INFO - mu hasn't nan: True
2025-02-03 12:31:16,857 - INFO - var hasn't nan: True
2025-02-03 12:31:16,858 - INFO - x_normalised hasn't nan: True
2025-02-03 12:31:16,858 - INFO - x_tilde hasn't nan: True
2025-02-03 12:31:16,859 - INFO - ---------FFN-----------
2025-02-03 12:31:16,860 - INFO - s_i hasn't nan : True
2025-02-03 12:31:16,861 - INFO - h_i hasm't nan : True
2025-02-03 12:31:16,861 - INFO - x_next hasn't nan : True
2025-02-03 12:31:16,862 - INFO - ---------Layer Normalisation-----------
2025-02-03 12:31:16,863 - INFO - x hasn't nan: True
2025-02-03 12:31:16,863 - INFO - mu hasn't nan: True
2025-02-03 12:31:16,864 - INFO - var hasn't nan: True
2025-02-03 12:31:16,864 - INFO - x_normalised hasn't nan: True
2025-02-03 12:31:16,866 - INFO - x_tilde hasn't nan: True
2025-02-03 12:31:16,866 - INFO - Encoder Block 0 output hasn't nan: True
2025-02-03 12:31:16,866 - INFO - ==============Entering Encoder Block 1==============
2025-02-03 12:31:16,866 - INFO - ---------- attention(scaled dot-product) ---------- 
2025-02-03 12:31:16,879 - INFO - attn_output hasn't nan: True
2025-02-03 12:31:16,880 - INFO - ---------Layer Normalisation-----------
2025-02-03 12:31:16,881 - INFO - x hasn't nan: True
2025-02-03 12:31:16,882 - INFO - mu hasn't nan: True
2025-02-03 12:31:16,883 - INFO - var hasn't nan: True
2025-02-03 12:31:16,883 - INFO - x_normalised hasn't nan: True
2025-02-03 12:31:16,884 - INFO - x_tilde hasn't nan: True
2025-02-03 12:31:16,884 - INFO - ---------FFN-----------
2025-02-03 12:31:16,885 - INFO - s_i hasn't nan : True
2025-02-03 12:31:16,885 - INFO - h_i hasm't nan : True
2025-02-03 12:31:16,887 - INFO - x_next hasn't nan : True
2025-02-03 12:31:16,887 - INFO - ---------Layer Normalisation-----------
2025-02-03 12:31:16,888 - INFO - x hasn't nan: True
2025-02-03 12:31:16,888 - INFO - mu hasn't nan: True
2025-02-03 12:31:16,889 - INFO - var hasn't nan: True
2025-02-03 12:31:16,889 - INFO - x_normalised hasn't nan: True
2025-02-03 12:31:16,890 - INFO - x_tilde hasn't nan: True
2025-02-03 12:31:16,890 - INFO - Encoder Block 1 output hasn't nan: True
2025-02-03 12:31:16,890 - INFO - ==============Entering Encoder Block 2==============
2025-02-03 12:31:16,891 - INFO - ---------- attention(scaled dot-product) ---------- 
2025-02-03 12:31:16,910 - INFO - attn_output hasn't nan: True
2025-02-03 12:31:16,910 - INFO - ---------Layer Normalisation-----------
2025-02-03 12:31:16,912 - INFO - x hasn't nan: True
2025-02-03 12:31:16,915 - INFO - mu hasn't nan: True
2025-02-03 12:31:16,917 - INFO - var hasn't nan: True
2025-02-03 12:31:16,919 - INFO - x_normalised hasn't nan: True
2025-02-03 12:31:16,922 - INFO - x_tilde hasn't nan: True
2025-02-03 12:31:16,922 - INFO - ---------FFN-----------
2025-02-03 12:31:16,924 - INFO - s_i hasn't nan : True
2025-02-03 12:31:16,926 - INFO - h_i hasm't nan : True
2025-02-03 12:31:16,929 - INFO - x_next hasn't nan : True
2025-02-03 12:31:16,929 - INFO - ---------Layer Normalisation-----------
2025-02-03 12:31:16,931 - INFO - x hasn't nan: True
2025-02-03 12:31:16,934 - INFO - mu hasn't nan: True
2025-02-03 12:31:16,936 - INFO - var hasn't nan: True
2025-02-03 12:31:16,938 - INFO - x_normalised hasn't nan: True
2025-02-03 12:31:16,941 - INFO - x_tilde hasn't nan: True
2025-02-03 12:31:16,941 - INFO - Encoder Block 2 output hasn't nan: True
2025-02-03 12:31:16,941 - INFO - ---------Classification Head-----------
2025-02-03 12:31:16,941 - INFO - logits hasn't nan: True
2025-02-03 12:31:18,448 - INFO - ==============Entering Encoder Block 0==============
2025-02-03 12:31:18,449 - INFO - ---------- attention(scaled dot-product) ---------- 
2025-02-03 12:31:18,455 - INFO - attn_output hasn't nan: True
2025-02-03 12:31:18,456 - INFO - ---------Layer Normalisation-----------
2025-02-03 12:31:18,456 - INFO - x hasn't nan: True
2025-02-03 12:31:18,456 - INFO - mu hasn't nan: True
2025-02-03 12:31:18,457 - INFO - var hasn't nan: True
2025-02-03 12:31:18,457 - INFO - x_normalised hasn't nan: True
2025-02-03 12:31:18,459 - INFO - x_tilde hasn't nan: True
2025-02-03 12:31:18,459 - INFO - ---------FFN-----------
2025-02-03 12:31:18,459 - INFO - s_i hasn't nan : True
2025-02-03 12:31:18,459 - INFO - h_i hasm't nan : True
2025-02-03 12:31:18,460 - INFO - x_next hasn't nan : True
2025-02-03 12:31:18,460 - INFO - ---------Layer Normalisation-----------
2025-02-03 12:31:18,460 - INFO - x hasn't nan: True
2025-02-03 12:31:18,460 - INFO - mu hasn't nan: True
2025-02-03 12:31:18,461 - INFO - var hasn't nan: True
2025-02-03 12:31:18,461 - INFO - x_normalised hasn't nan: True
2025-02-03 12:31:18,461 - INFO - x_tilde hasn't nan: True
2025-02-03 12:31:18,461 - INFO - Encoder Block 0 output hasn't nan: True
2025-02-03 12:31:18,461 - INFO - ==============Entering Encoder Block 1==============
2025-02-03 12:31:18,462 - INFO - ---------- attention(scaled dot-product) ---------- 
2025-02-03 12:31:18,471 - INFO - attn_output hasn't nan: True
2025-02-03 12:31:18,472 - INFO - ---------Layer Normalisation-----------
2025-02-03 12:31:18,474 - INFO - x hasn't nan: True
2025-02-03 12:31:18,476 - INFO - mu hasn't nan: True
2025-02-03 12:31:18,478 - INFO - var hasn't nan: True
2025-02-03 12:31:18,480 - INFO - x_normalised hasn't nan: True
2025-02-03 12:31:18,483 - INFO - x_tilde hasn't nan: True
2025-02-03 12:31:18,483 - INFO - ---------FFN-----------
2025-02-03 12:31:18,485 - INFO - s_i hasn't nan : True
2025-02-03 12:31:18,487 - INFO - h_i hasm't nan : True
2025-02-03 12:31:18,490 - INFO - x_next hasn't nan : True
2025-02-03 12:31:18,490 - INFO - ---------Layer Normalisation-----------
2025-02-03 12:31:18,492 - INFO - x hasn't nan: True
2025-02-03 12:31:18,495 - INFO - mu hasn't nan: True
2025-02-03 12:31:18,497 - INFO - var hasn't nan: True
2025-02-03 12:31:18,499 - INFO - x_normalised hasn't nan: True
2025-02-03 12:31:18,501 - INFO - x_tilde hasn't nan: True
2025-02-03 12:31:18,504 - INFO - Encoder Block 1 output hasn't nan: True
2025-02-03 12:31:18,504 - INFO - ==============Entering Encoder Block 2==============
2025-02-03 12:31:18,504 - INFO - ---------- attention(scaled dot-product) ---------- 
2025-02-03 12:31:18,509 - INFO - attn_output hasn't nan: True
2025-02-03 12:31:18,509 - INFO - ---------Layer Normalisation-----------
2025-02-03 12:31:18,509 - INFO - x hasn't nan: True
2025-02-03 12:31:18,510 - INFO - mu hasn't nan: True
2025-02-03 12:31:18,510 - INFO - var hasn't nan: True
2025-02-03 12:31:18,511 - INFO - x_normalised hasn't nan: True
2025-02-03 12:31:18,512 - INFO - x_tilde hasn't nan: True
2025-02-03 12:31:18,512 - INFO - ---------FFN-----------
2025-02-03 12:31:18,513 - INFO - s_i hasn't nan : True
2025-02-03 12:31:18,513 - INFO - h_i hasm't nan : True
2025-02-03 12:31:18,515 - INFO - x_next hasn't nan : True
2025-02-03 12:31:18,515 - INFO - ---------Layer Normalisation-----------
2025-02-03 12:31:18,516 - INFO - x hasn't nan: True
2025-02-03 12:31:18,516 - INFO - mu hasn't nan: True
2025-02-03 12:31:18,517 - INFO - var hasn't nan: True
2025-02-03 12:31:18,517 - INFO - x_normalised hasn't nan: True
2025-02-03 12:31:18,518 - INFO - x_tilde hasn't nan: True
2025-02-03 12:31:18,518 - INFO - Encoder Block 2 output hasn't nan: True
2025-02-03 12:31:18,518 - INFO - ---------Classification Head-----------
2025-02-03 12:31:18,520 - INFO - logits hasn't nan: True
2025-02-03 12:31:18,559 - INFO - ####################Training epoch 2####################
2025-02-03 12:31:19,925 - INFO - ==============Entering Encoder Block 0==============
2025-02-03 12:31:19,927 - INFO - ---------- attention(scaled dot-product) ---------- 
2025-02-03 12:31:19,955 - INFO - attn_output hasn't nan: True
2025-02-03 12:31:19,956 - INFO - ---------Layer Normalisation-----------
2025-02-03 12:31:19,958 - INFO - x hasn't nan: True
2025-02-03 12:31:19,958 - INFO - mu hasn't nan: True
2025-02-03 12:31:19,959 - INFO - var hasn't nan: True
2025-02-03 12:31:19,959 - INFO - x_normalised hasn't nan: True
2025-02-03 12:31:19,960 - INFO - x_tilde hasn't nan: True
2025-02-03 12:31:19,960 - INFO - ---------FFN-----------
2025-02-03 12:31:19,961 - INFO - s_i hasn't nan : True
2025-02-03 12:31:19,961 - INFO - h_i hasm't nan : True
2025-02-03 12:31:19,963 - INFO - x_next hasn't nan : True
2025-02-03 12:31:19,963 - INFO - ---------Layer Normalisation-----------
2025-02-03 12:31:19,964 - INFO - x hasn't nan: True
2025-02-03 12:31:19,964 - INFO - mu hasn't nan: True
2025-02-03 12:31:19,965 - INFO - var hasn't nan: True
2025-02-03 12:31:19,966 - INFO - x_normalised hasn't nan: True
2025-02-03 12:31:19,966 - INFO - x_tilde hasn't nan: True
2025-02-03 12:31:19,967 - INFO - Encoder Block 0 output hasn't nan: True
2025-02-03 12:31:19,967 - INFO - ==============Entering Encoder Block 1==============
2025-02-03 12:31:19,967 - INFO - ---------- attention(scaled dot-product) ---------- 
2025-02-03 12:31:19,996 - INFO - attn_output hasn't nan: True
2025-02-03 12:31:19,997 - INFO - ---------Layer Normalisation-----------
2025-02-03 12:31:19,998 - INFO - x hasn't nan: True
2025-02-03 12:31:19,998 - INFO - mu hasn't nan: True
2025-02-03 12:31:19,999 - INFO - var hasn't nan: True
2025-02-03 12:31:19,999 - INFO - x_normalised hasn't nan: True
2025-02-03 12:31:20,000 - INFO - x_tilde hasn't nan: True
2025-02-03 12:31:20,001 - INFO - ---------FFN-----------
2025-02-03 12:31:20,001 - INFO - s_i hasn't nan : True
2025-02-03 12:31:20,001 - INFO - h_i hasm't nan : True
2025-02-03 12:31:20,001 - INFO - x_next hasn't nan : True
2025-02-03 12:31:20,001 - INFO - ---------Layer Normalisation-----------
2025-02-03 12:31:20,002 - INFO - x hasn't nan: True
2025-02-03 12:31:20,002 - INFO - mu hasn't nan: True
2025-02-03 12:31:20,002 - INFO - var hasn't nan: True
2025-02-03 12:31:20,002 - INFO - x_normalised hasn't nan: True
2025-02-03 12:31:20,003 - INFO - x_tilde hasn't nan: True
2025-02-03 12:31:20,003 - INFO - Encoder Block 1 output hasn't nan: True
2025-02-03 12:31:20,003 - INFO - ==============Entering Encoder Block 2==============
2025-02-03 12:31:20,003 - INFO - ---------- attention(scaled dot-product) ---------- 
2025-02-03 12:31:20,045 - INFO - attn_output hasn't nan: True
2025-02-03 12:31:20,046 - INFO - ---------Layer Normalisation-----------
2025-02-03 12:31:20,048 - INFO - x hasn't nan: True
2025-02-03 12:31:20,050 - INFO - mu hasn't nan: True
2025-02-03 12:31:20,053 - INFO - var hasn't nan: True
2025-02-03 12:31:20,055 - INFO - x_normalised hasn't nan: True
2025-02-03 12:31:20,058 - INFO - x_tilde hasn't nan: True
2025-02-03 12:31:20,058 - INFO - ---------FFN-----------
2025-02-03 12:31:20,060 - INFO - s_i hasn't nan : True
2025-02-03 12:31:20,062 - INFO - h_i hasm't nan : True
2025-02-03 12:31:20,063 - INFO - x_next hasn't nan : True
2025-02-03 12:31:20,063 - INFO - ---------Layer Normalisation-----------
2025-02-03 12:31:20,063 - INFO - x hasn't nan: True
2025-02-03 12:31:20,063 - INFO - mu hasn't nan: True
2025-02-03 12:31:20,063 - INFO - var hasn't nan: True
2025-02-03 12:31:20,064 - INFO - x_normalised hasn't nan: True
2025-02-03 12:31:20,064 - INFO - x_tilde hasn't nan: True
2025-02-03 12:31:20,064 - INFO - Encoder Block 2 output hasn't nan: True
2025-02-03 12:31:20,064 - INFO - ---------Classification Head-----------
2025-02-03 12:31:20,064 - INFO - logits hasn't nan: True
2025-02-03 12:31:20,330 - INFO - ==============Entering Encoder Block 0==============
2025-02-03 12:31:20,331 - INFO - ---------- attention(scaled dot-product) ---------- 
2025-02-03 12:31:20,344 - INFO - attn_output hasn't nan: True
2025-02-03 12:31:20,345 - INFO - ---------Layer Normalisation-----------
2025-02-03 12:31:20,345 - INFO - x hasn't nan: True
2025-02-03 12:31:20,345 - INFO - mu hasn't nan: True
2025-02-03 12:31:20,346 - INFO - var hasn't nan: True
2025-02-03 12:31:20,346 - INFO - x_normalised hasn't nan: True
2025-02-03 12:31:20,348 - INFO - x_tilde hasn't nan: True
2025-02-03 12:31:20,349 - INFO - ---------FFN-----------
2025-02-03 12:31:20,349 - INFO - s_i hasn't nan : True
2025-02-03 12:31:20,349 - INFO - h_i hasm't nan : True
2025-02-03 12:31:20,350 - INFO - x_next hasn't nan : True
2025-02-03 12:31:20,351 - INFO - ---------Layer Normalisation-----------
2025-02-03 12:31:20,352 - INFO - x hasn't nan: True
2025-02-03 12:31:20,352 - INFO - mu hasn't nan: True
2025-02-03 12:31:20,354 - INFO - var hasn't nan: True
2025-02-03 12:31:20,354 - INFO - x_normalised hasn't nan: True
2025-02-03 12:31:20,355 - INFO - x_tilde hasn't nan: True
2025-02-03 12:31:20,355 - INFO - Encoder Block 0 output hasn't nan: True
2025-02-03 12:31:20,355 - INFO - ==============Entering Encoder Block 1==============
2025-02-03 12:31:20,355 - INFO - ---------- attention(scaled dot-product) ---------- 
2025-02-03 12:31:20,369 - INFO - attn_output hasn't nan: True
2025-02-03 12:31:20,369 - INFO - ---------Layer Normalisation-----------
2025-02-03 12:31:20,369 - INFO - x hasn't nan: True
2025-02-03 12:31:20,370 - INFO - mu hasn't nan: True
2025-02-03 12:31:20,370 - INFO - var hasn't nan: True
2025-02-03 12:31:20,370 - INFO - x_normalised hasn't nan: True
2025-02-03 12:31:20,370 - INFO - x_tilde hasn't nan: True
2025-02-03 12:31:20,371 - INFO - ---------FFN-----------
2025-02-03 12:31:20,374 - INFO - s_i hasn't nan : True
2025-02-03 12:31:20,376 - INFO - h_i hasm't nan : True
2025-02-03 12:31:20,378 - INFO - x_next hasn't nan : True
2025-02-03 12:31:20,379 - INFO - ---------Layer Normalisation-----------
2025-02-03 12:31:20,381 - INFO - x hasn't nan: True
2025-02-03 12:31:20,383 - INFO - mu hasn't nan: True
2025-02-03 12:31:20,385 - INFO - var hasn't nan: True
2025-02-03 12:31:20,388 - INFO - x_normalised hasn't nan: True
2025-02-03 12:31:20,390 - INFO - x_tilde hasn't nan: True
2025-02-03 12:31:20,392 - INFO - Encoder Block 1 output hasn't nan: True
2025-02-03 12:31:20,392 - INFO - ==============Entering Encoder Block 2==============
2025-02-03 12:31:20,393 - INFO - ---------- attention(scaled dot-product) ---------- 
2025-02-03 12:31:20,417 - INFO - attn_output hasn't nan: True
2025-02-03 12:31:20,418 - INFO - ---------Layer Normalisation-----------
2025-02-03 12:31:20,419 - INFO - x hasn't nan: True
2025-02-03 12:31:20,419 - INFO - mu hasn't nan: True
2025-02-03 12:31:20,420 - INFO - var hasn't nan: True
2025-02-03 12:31:20,420 - INFO - x_normalised hasn't nan: True
2025-02-03 12:31:20,420 - INFO - x_tilde hasn't nan: True
2025-02-03 12:31:20,420 - INFO - ---------FFN-----------
2025-02-03 12:31:20,420 - INFO - s_i hasn't nan : True
2025-02-03 12:31:20,420 - INFO - h_i hasm't nan : True
2025-02-03 12:31:20,421 - INFO - x_next hasn't nan : True
2025-02-03 12:31:20,421 - INFO - ---------Layer Normalisation-----------
2025-02-03 12:31:20,421 - INFO - x hasn't nan: True
2025-02-03 12:31:20,421 - INFO - mu hasn't nan: True
2025-02-03 12:31:20,421 - INFO - var hasn't nan: True
2025-02-03 12:31:20,422 - INFO - x_normalised hasn't nan: True
2025-02-03 12:31:20,422 - INFO - x_tilde hasn't nan: True
2025-02-03 12:31:20,422 - INFO - Encoder Block 2 output hasn't nan: True
2025-02-03 12:31:20,422 - INFO - ---------Classification Head-----------
2025-02-03 12:31:20,422 - INFO - logits hasn't nan: True
