2025-02-03 12:59:02,416 - INFO - Starting training with the following parameters:
2025-02-03 12:59:02,416 - INFO - | Parameter       | Value               |
|-----------------|---------------------|
| attention       | Scaled Dot-Product|
| d_model         | 128            |
| n_heads         | 8              |
| d_f             | 128            |
| num_layers      | 3              |
| d_input         | 32             |
| num_classes     | 3              |
| dropout         | 0.1            |
| learning_rate   | 0.0005         |
| epochs          | 100            |
| batch_size      | 16             |

2025-02-03 12:59:05,814 - INFO - Epoch 0: val_loss=1.1854, val_acc=33.33%
2025-02-03 12:59:07,177 - INFO - ####################Training epoch 0####################
2025-02-03 12:59:07,445 - INFO - Epoch 0: train_loss=1.1833
2025-02-03 12:59:08,401 - INFO - Epoch 0: train_loss=1.0598
2025-02-03 12:59:09,963 - INFO - Epoch 0: val_loss=1.9390, val_acc=0.00%
2025-02-03 12:59:10,062 - INFO - ####################Training epoch 1####################
2025-02-03 12:59:11,560 - INFO - Epoch 1: train_loss=1.2415
2025-02-03 12:59:11,950 - INFO - Epoch 1: train_loss=0.9412
2025-02-03 12:59:14,005 - INFO - Epoch 1: val_loss=1.6504, val_acc=0.00%
2025-02-03 12:59:14,123 - INFO - ####################Training epoch 2####################
2025-02-03 12:59:18,565 - INFO - Epoch 2: train_loss=0.9613
2025-02-03 12:59:18,794 - INFO - Epoch 2: train_loss=1.1649
2025-02-03 12:59:20,768 - INFO - Epoch 2: val_loss=1.9675, val_acc=0.00%
2025-02-03 12:59:20,799 - INFO - ####################Training epoch 3####################
2025-02-03 12:59:22,602 - INFO - Epoch 3: train_loss=0.9894
2025-02-03 12:59:22,952 - INFO - Epoch 3: train_loss=0.8619
2025-02-03 12:59:24,591 - INFO - Epoch 3: val_loss=2.0431, val_acc=33.33%
2025-02-03 12:59:24,597 - INFO - ####################Training epoch 4####################
2025-02-03 12:59:26,330 - INFO - Epoch 4: train_loss=0.7405
2025-02-03 12:59:26,797 - INFO - Epoch 4: train_loss=1.1063
2025-02-03 12:59:28,667 - INFO - Epoch 4: val_loss=2.1718, val_acc=33.33%
2025-02-03 12:59:28,672 - INFO - ####################Training epoch 5####################
2025-02-03 12:59:31,009 - INFO - Epoch 5: train_loss=0.8306
2025-02-03 12:59:31,904 - INFO - Epoch 5: train_loss=0.8226
2025-02-03 12:59:33,812 - INFO - Epoch 5: val_loss=2.2379, val_acc=33.33%
2025-02-03 12:59:33,828 - INFO - ####################Training epoch 6####################
2025-02-03 12:59:35,407 - INFO - Epoch 6: train_loss=0.7437
2025-02-03 12:59:35,729 - INFO - Epoch 6: train_loss=0.8711
2025-02-03 12:59:37,473 - INFO - Epoch 6: val_loss=2.3757, val_acc=33.33%
2025-02-03 12:59:37,486 - INFO - ####################Training epoch 7####################
2025-02-03 12:59:39,030 - INFO - Epoch 7: train_loss=0.8278
2025-02-03 12:59:39,385 - INFO - Epoch 7: train_loss=0.5092
2025-02-03 12:59:41,127 - INFO - Epoch 7: val_loss=2.5367, val_acc=33.33%
2025-02-03 12:59:41,137 - INFO - ####################Training epoch 8####################
2025-02-03 12:59:42,778 - INFO - Epoch 8: train_loss=0.6767
2025-02-03 12:59:43,151 - INFO - Epoch 8: train_loss=0.7551
2025-02-03 12:59:44,907 - INFO - Epoch 8: val_loss=2.6088, val_acc=33.33%
2025-02-03 12:59:44,914 - INFO - ####################Training epoch 9####################
2025-02-03 12:59:46,737 - INFO - Epoch 9: train_loss=0.6439
2025-02-03 12:59:47,343 - INFO - Epoch 9: train_loss=0.7756
2025-02-03 12:59:48,993 - INFO - Epoch 9: val_loss=2.6563, val_acc=33.33%
2025-02-03 12:59:49,000 - INFO - ####################Training epoch 10####################
2025-02-03 12:59:50,624 - INFO - Epoch 10: train_loss=0.7782
2025-02-03 12:59:51,050 - INFO - Epoch 10: train_loss=0.5392
2025-02-03 12:59:53,004 - INFO - Epoch 10: val_loss=2.6340, val_acc=33.33%
2025-02-03 12:59:53,010 - INFO - ####################Training epoch 11####################
2025-02-03 12:59:54,626 - INFO - Epoch 11: train_loss=0.6283
2025-02-03 12:59:54,982 - INFO - Epoch 11: train_loss=0.8167
2025-02-03 12:59:56,780 - INFO - Epoch 11: val_loss=2.7025, val_acc=33.33%
2025-02-03 12:59:56,788 - INFO - ####################Training epoch 12####################
2025-02-03 12:59:58,539 - INFO - Epoch 12: train_loss=0.7517
2025-02-03 12:59:58,909 - INFO - Epoch 12: train_loss=0.4884
2025-02-03 13:00:00,591 - INFO - Epoch 12: val_loss=2.8557, val_acc=33.33%
2025-02-03 13:00:00,606 - INFO - ####################Training epoch 13####################
2025-02-03 13:00:02,507 - INFO - Epoch 13: train_loss=0.7083
2025-02-03 13:00:03,251 - INFO - Epoch 13: train_loss=0.5928
2025-02-03 13:00:05,013 - INFO - Epoch 13: val_loss=3.0686, val_acc=33.33%
2025-02-03 13:00:05,020 - INFO - ####################Training epoch 14####################
2025-02-03 13:00:06,767 - INFO - Epoch 14: train_loss=0.5344
2025-02-03 13:00:07,353 - INFO - Epoch 14: train_loss=0.9908
2025-02-03 13:00:09,121 - INFO - Epoch 14: val_loss=3.1269, val_acc=33.33%
2025-02-03 13:00:09,127 - INFO - ####################Training epoch 15####################
2025-02-03 13:00:10,786 - INFO - Epoch 15: train_loss=0.7434
2025-02-03 13:00:11,184 - INFO - Epoch 15: train_loss=0.5737
2025-02-03 13:00:12,995 - INFO - Epoch 15: val_loss=3.1398, val_acc=33.33%
2025-02-03 13:00:13,005 - INFO - ####################Training epoch 16####################
2025-02-03 13:00:14,754 - INFO - Epoch 16: train_loss=0.6244
2025-02-03 13:00:15,107 - INFO - Epoch 16: train_loss=0.7713
2025-02-03 13:00:16,861 - INFO - Epoch 16: val_loss=3.1037, val_acc=33.33%
2025-02-03 13:00:16,868 - INFO - ####################Training epoch 17####################
2025-02-03 13:00:18,572 - INFO - Epoch 17: train_loss=0.6235
2025-02-03 13:00:19,176 - INFO - Epoch 17: train_loss=0.7651
2025-02-03 13:00:20,911 - INFO - Epoch 17: val_loss=3.0216, val_acc=33.33%
2025-02-03 13:00:20,916 - INFO - ####################Training epoch 18####################
2025-02-03 13:00:22,472 - INFO - Epoch 18: train_loss=0.6231
2025-02-03 13:00:22,905 - INFO - Epoch 18: train_loss=0.7021
2025-02-03 13:00:24,906 - INFO - Epoch 18: val_loss=2.9660, val_acc=0.00%
2025-02-03 13:00:24,919 - INFO - ####################Training epoch 19####################
2025-02-03 13:00:26,616 - INFO - Epoch 19: train_loss=0.6915
2025-02-03 13:00:26,988 - INFO - Epoch 19: train_loss=0.5370
2025-02-03 13:00:29,002 - INFO - Epoch 19: val_loss=2.9397, val_acc=33.33%
2025-02-03 13:00:29,038 - INFO - ####################Training epoch 20####################
2025-02-03 13:00:30,592 - INFO - Epoch 20: train_loss=0.5505
2025-02-03 13:00:30,957 - INFO - Epoch 20: train_loss=0.8089
2025-02-03 13:00:32,748 - INFO - Epoch 20: val_loss=2.9561, val_acc=33.33%
2025-02-03 13:00:32,759 - INFO - ####################Training epoch 21####################
2025-02-03 13:00:34,597 - INFO - Epoch 21: train_loss=0.6371
2025-02-03 13:00:35,058 - INFO - Epoch 21: train_loss=0.6105
2025-02-03 13:00:36,858 - INFO - Epoch 21: val_loss=2.9939, val_acc=33.33%
2025-02-03 13:00:36,865 - INFO - ####################Training epoch 22####################
2025-02-03 13:00:38,688 - INFO - Epoch 22: train_loss=0.6539
2025-02-03 13:00:39,509 - INFO - Epoch 22: train_loss=0.5793
2025-02-03 13:00:41,765 - INFO - Epoch 22: val_loss=3.0323, val_acc=33.33%
2025-02-03 13:00:41,805 - INFO - ####################Training epoch 23####################
2025-02-03 13:00:43,687 - INFO - Epoch 23: train_loss=0.6824
2025-02-03 13:00:44,411 - INFO - Epoch 23: train_loss=0.4916
2025-02-03 13:00:46,465 - INFO - Epoch 23: val_loss=3.0604, val_acc=33.33%
2025-02-03 13:00:46,500 - INFO - ####################Training epoch 24####################
2025-02-03 13:00:48,376 - INFO - Epoch 24: train_loss=0.4678
2025-02-03 13:00:48,762 - INFO - Epoch 24: train_loss=0.9214
2025-02-03 13:00:50,773 - INFO - Epoch 24: val_loss=3.0863, val_acc=33.33%
2025-02-03 13:00:50,806 - INFO - ####################Training epoch 25####################
2025-02-03 13:00:52,509 - INFO - Epoch 25: train_loss=0.5791
2025-02-03 13:00:52,877 - INFO - Epoch 25: train_loss=0.7031
2025-02-03 13:00:54,514 - INFO - Epoch 25: val_loss=3.1305, val_acc=33.33%
2025-02-03 13:00:54,524 - INFO - ####################Training epoch 26####################
2025-02-03 13:00:56,197 - INFO - Epoch 26: train_loss=0.6846
2025-02-03 13:00:56,746 - INFO - Epoch 26: train_loss=0.4754
2025-02-03 13:00:58,628 - INFO - Epoch 26: val_loss=3.1421, val_acc=33.33%
2025-02-03 13:00:58,636 - INFO - ####################Training epoch 27####################
2025-02-03 13:01:00,438 - INFO - Epoch 27: train_loss=0.6141
2025-02-03 13:01:00,910 - INFO - Epoch 27: train_loss=0.6188
2025-02-03 13:01:02,811 - INFO - Epoch 27: val_loss=3.1161, val_acc=33.33%
2025-02-03 13:01:02,818 - INFO - ####################Training epoch 28####################
2025-02-03 13:01:04,487 - INFO - Epoch 28: train_loss=0.6173
2025-02-03 13:01:04,962 - INFO - Epoch 28: train_loss=0.6105
2025-02-03 13:01:06,971 - INFO - Epoch 28: val_loss=3.0926, val_acc=33.33%
2025-02-03 13:01:07,007 - INFO - ####################Training epoch 29####################
2025-02-03 13:01:08,246 - INFO - Epoch 29: train_loss=0.5624
2025-02-03 13:01:08,848 - INFO - Epoch 29: train_loss=0.7185
2025-02-03 13:01:10,179 - INFO - Epoch 29: val_loss=3.0904, val_acc=33.33%
2025-02-03 13:01:10,192 - INFO - ####################Training epoch 30####################
2025-02-03 13:01:11,471 - INFO - Epoch 30: train_loss=0.5477
2025-02-03 13:01:12,355 - INFO - Epoch 30: train_loss=0.7347
2025-02-03 13:01:14,987 - INFO - Epoch 30: val_loss=3.0980, val_acc=33.33%
2025-02-03 13:01:15,372 - INFO - ####################Training epoch 31####################
2025-02-03 13:01:19,716 - INFO - Epoch 31: train_loss=0.7086
2025-02-03 13:01:20,289 - INFO - Epoch 31: train_loss=0.4110
2025-02-03 13:01:21,612 - INFO - Epoch 31: val_loss=3.0957, val_acc=33.33%
2025-02-03 13:01:21,619 - INFO - ####################Training epoch 32####################
2025-02-03 13:01:22,838 - INFO - Epoch 32: train_loss=0.6911
2025-02-03 13:01:23,417 - INFO - Epoch 32: train_loss=0.4407
2025-02-03 13:01:24,604 - INFO - Epoch 32: val_loss=3.1249, val_acc=33.33%
2025-02-03 13:01:24,611 - INFO - ####################Training epoch 33####################
2025-02-03 13:01:26,001 - INFO - Epoch 33: train_loss=0.6408
2025-02-03 13:01:26,747 - INFO - Epoch 33: train_loss=0.5394
2025-02-03 13:01:27,968 - INFO - Epoch 33: val_loss=3.1020, val_acc=33.33%
2025-02-03 13:01:27,975 - INFO - ####################Training epoch 34####################
2025-02-03 13:01:29,099 - INFO - Epoch 34: train_loss=0.5446
2025-02-03 13:01:29,612 - INFO - Epoch 34: train_loss=0.7371
2025-02-03 13:01:30,846 - INFO - Epoch 34: val_loss=3.0986, val_acc=33.33%
2025-02-03 13:01:30,857 - INFO - ####################Training epoch 35####################
2025-02-03 13:01:31,927 - INFO - Epoch 35: train_loss=0.7100
2025-02-03 13:01:32,539 - INFO - Epoch 35: train_loss=0.3949
2025-02-03 13:01:33,821 - INFO - Epoch 35: val_loss=3.0964, val_acc=33.33%
2025-02-03 13:01:33,827 - INFO - ####################Training epoch 36####################
2025-02-03 13:01:34,979 - INFO - Epoch 36: train_loss=0.6688
2025-02-03 13:01:35,343 - INFO - Epoch 36: train_loss=0.4788
2025-02-03 13:01:36,539 - INFO - Epoch 36: val_loss=3.1135, val_acc=33.33%
2025-02-03 13:01:36,550 - INFO - ####################Training epoch 37####################
2025-02-03 13:01:37,675 - INFO - Epoch 37: train_loss=0.4726
2025-02-03 13:01:38,614 - INFO - Epoch 37: train_loss=0.8693
2025-02-03 13:01:39,894 - INFO - Epoch 37: val_loss=3.1185, val_acc=33.33%
2025-02-03 13:01:39,904 - INFO - ####################Training epoch 38####################
2025-02-03 13:01:41,094 - INFO - Epoch 38: train_loss=0.7214
2025-02-03 13:01:41,668 - INFO - Epoch 38: train_loss=0.3737
2025-02-03 13:01:43,336 - INFO - Epoch 38: val_loss=3.1100, val_acc=33.33%
2025-02-03 13:01:43,376 - INFO - ####################Training epoch 39####################
2025-02-03 13:01:44,536 - INFO - Epoch 39: train_loss=0.7210
2025-02-03 13:01:44,909 - INFO - Epoch 39: train_loss=0.3712
2025-02-03 13:01:46,273 - INFO - Epoch 39: val_loss=3.1536, val_acc=33.33%
2025-02-03 13:01:46,293 - INFO - ####################Training epoch 40####################
2025-02-03 13:01:47,454 - INFO - Epoch 40: train_loss=0.7030
2025-02-03 13:01:47,833 - INFO - Epoch 40: train_loss=0.4094
2025-02-03 13:01:49,342 - INFO - Epoch 40: val_loss=3.1589, val_acc=33.33%
2025-02-03 13:01:49,366 - INFO - ####################Training epoch 41####################
2025-02-03 13:01:50,680 - INFO - Epoch 41: train_loss=0.5161
2025-02-03 13:01:51,054 - INFO - Epoch 41: train_loss=0.7840
2025-02-03 13:01:52,325 - INFO - Epoch 41: val_loss=3.1474, val_acc=33.33%
2025-02-03 13:01:52,331 - INFO - ####################Training epoch 42####################
2025-02-03 13:01:53,825 - INFO - Epoch 42: train_loss=0.7191
2025-02-03 13:01:54,905 - INFO - Epoch 42: train_loss=0.3668
2025-02-03 13:01:56,240 - INFO - Epoch 42: val_loss=3.1632, val_acc=33.33%
2025-02-03 13:01:56,252 - INFO - ####################Training epoch 43####################
2025-02-03 13:01:57,592 - INFO - Epoch 43: train_loss=0.4569
2025-02-03 13:01:58,177 - INFO - Epoch 43: train_loss=0.8920
2025-02-03 13:01:59,537 - INFO - Epoch 43: val_loss=3.1692, val_acc=33.33%
2025-02-03 13:01:59,554 - INFO - ####################Training epoch 44####################
2025-02-03 13:02:00,925 - INFO - Epoch 44: train_loss=0.5528
2025-02-03 13:02:01,710 - INFO - Epoch 44: train_loss=0.7116
2025-02-03 13:02:03,086 - INFO - Epoch 44: val_loss=3.1657, val_acc=33.33%
2025-02-03 13:02:03,099 - INFO - ####################Training epoch 45####################
2025-02-03 13:02:04,204 - INFO - Epoch 45: train_loss=0.4194
2025-02-03 13:02:05,029 - INFO - Epoch 45: train_loss=0.9684
2025-02-03 13:02:06,578 - INFO - Epoch 45: val_loss=3.1651, val_acc=33.33%
2025-02-03 13:02:06,592 - INFO - ####################Training epoch 46####################
2025-02-03 13:02:07,662 - INFO - Epoch 46: train_loss=0.5638
2025-02-03 13:02:08,272 - INFO - Epoch 46: train_loss=0.6806
2025-02-03 13:02:09,647 - INFO - Epoch 46: val_loss=3.1625, val_acc=33.33%
2025-02-03 13:02:09,659 - INFO - ####################Training epoch 47####################
2025-02-03 13:02:11,107 - INFO - Epoch 47: train_loss=0.6834
2025-02-03 13:02:11,711 - INFO - Epoch 47: train_loss=0.4397
2025-02-03 13:02:13,071 - INFO - Epoch 47: val_loss=3.1704, val_acc=33.33%
2025-02-03 13:02:13,078 - INFO - ####################Training epoch 48####################
2025-02-03 13:02:14,202 - INFO - Epoch 48: train_loss=0.3830
2025-02-03 13:02:14,585 - INFO - Epoch 48: train_loss=1.0306
2025-02-03 13:02:16,104 - INFO - Epoch 48: val_loss=3.1848, val_acc=33.33%
2025-02-03 13:02:16,138 - INFO - ####################Training epoch 49####################
2025-02-03 13:02:17,339 - INFO - Epoch 49: train_loss=0.5750
2025-02-03 13:02:17,918 - INFO - Epoch 49: train_loss=0.6580
2025-02-03 13:02:19,087 - INFO - Epoch 49: val_loss=3.1830, val_acc=33.33%
2025-02-03 13:02:19,097 - INFO - ####################Training epoch 50####################
2025-02-03 13:02:20,387 - INFO - Epoch 50: train_loss=0.6264
2025-02-03 13:02:21,118 - INFO - Epoch 50: train_loss=0.5618
2025-02-03 13:02:22,366 - INFO - Epoch 50: val_loss=3.2015, val_acc=33.33%
2025-02-03 13:02:22,378 - INFO - ####################Training epoch 51####################
2025-02-03 13:02:23,769 - INFO - Epoch 51: train_loss=0.4633
2025-02-03 13:02:24,378 - INFO - Epoch 51: train_loss=0.8791
2025-02-03 13:02:25,740 - INFO - Epoch 51: val_loss=3.1908, val_acc=33.33%
2025-02-03 13:02:25,755 - INFO - ####################Training epoch 52####################
2025-02-03 13:02:27,285 - INFO - Epoch 52: train_loss=0.6808
2025-02-03 13:02:27,940 - INFO - Epoch 52: train_loss=0.4494
2025-02-03 13:02:29,253 - INFO - Epoch 52: val_loss=3.1825, val_acc=33.33%
2025-02-03 13:02:29,271 - INFO - ####################Training epoch 53####################
2025-02-03 13:02:30,473 - INFO - Epoch 53: train_loss=0.5448
2025-02-03 13:02:31,198 - INFO - Epoch 53: train_loss=0.7062
2025-02-03 13:02:32,549 - INFO - Epoch 53: val_loss=3.1636, val_acc=33.33%
2025-02-03 13:02:32,557 - INFO - ####################Training epoch 54####################
2025-02-03 13:02:33,918 - INFO - Epoch 54: train_loss=0.6162
2025-02-03 13:02:34,843 - INFO - Epoch 54: train_loss=0.5703
2025-02-03 13:02:36,281 - INFO - Epoch 54: val_loss=3.1838, val_acc=33.33%
2025-02-03 13:02:36,294 - INFO - ####################Training epoch 55####################
2025-02-03 13:02:37,675 - INFO - Epoch 55: train_loss=0.3042
2025-02-03 13:02:38,479 - INFO - Epoch 55: train_loss=1.2083
2025-02-03 13:02:39,937 - INFO - Epoch 55: val_loss=3.1876, val_acc=33.33%
2025-02-03 13:02:39,958 - INFO - ####################Training epoch 56####################
2025-02-03 13:02:41,087 - INFO - Epoch 56: train_loss=0.5356
2025-02-03 13:02:42,029 - INFO - Epoch 56: train_loss=0.7406
2025-02-03 13:02:43,651 - INFO - Epoch 56: val_loss=3.1949, val_acc=33.33%
2025-02-03 13:02:43,668 - INFO - ####################Training epoch 57####################
2025-02-03 13:02:44,762 - INFO - Epoch 57: train_loss=0.4822
2025-02-03 13:02:45,509 - INFO - Epoch 57: train_loss=0.8349
2025-02-03 13:02:47,091 - INFO - Epoch 57: val_loss=3.1862, val_acc=33.33%
2025-02-03 13:02:47,100 - INFO - ####################Training epoch 58####################
2025-02-03 13:02:48,408 - INFO - Epoch 58: train_loss=0.5354
2025-02-03 13:02:49,059 - INFO - Epoch 58: train_loss=0.7355
2025-02-03 13:02:50,525 - INFO - Epoch 58: val_loss=3.1926, val_acc=33.33%
2025-02-03 13:02:50,546 - INFO - ####################Training epoch 59####################
2025-02-03 13:02:51,666 - INFO - Epoch 59: train_loss=0.5262
2025-02-03 13:02:52,068 - INFO - Epoch 59: train_loss=0.7553
2025-02-03 13:02:53,681 - INFO - Epoch 59: val_loss=3.1645, val_acc=33.33%
2025-02-03 13:02:53,719 - INFO - ####################Training epoch 60####################
2025-02-03 13:02:55,121 - INFO - Epoch 60: train_loss=0.7391
2025-02-03 13:02:55,503 - INFO - Epoch 60: train_loss=0.3205
2025-02-03 13:02:56,675 - INFO - Epoch 60: val_loss=3.1545, val_acc=33.33%
2025-02-03 13:02:56,685 - INFO - ####################Training epoch 61####################
2025-02-03 13:02:58,280 - INFO - Epoch 61: train_loss=0.6037
2025-02-03 13:02:59,361 - INFO - Epoch 61: train_loss=0.5981
2025-02-03 13:03:00,672 - INFO - Epoch 61: val_loss=3.1735, val_acc=33.33%
2025-02-03 13:03:00,680 - INFO - ####################Training epoch 62####################
2025-02-03 13:03:02,037 - INFO - Epoch 62: train_loss=0.6146
2025-02-03 13:03:03,143 - INFO - Epoch 62: train_loss=0.5736
2025-02-03 13:03:04,644 - INFO - Epoch 62: val_loss=3.1677, val_acc=33.33%
2025-02-03 13:03:04,656 - INFO - ####################Training epoch 63####################
2025-02-03 13:03:05,865 - INFO - Epoch 63: train_loss=0.5593
2025-02-03 13:03:06,784 - INFO - Epoch 63: train_loss=0.6890
2025-02-03 13:03:08,294 - INFO - Epoch 63: val_loss=3.1943, val_acc=33.33%
2025-02-03 13:03:08,315 - INFO - ####################Training epoch 64####################
2025-02-03 13:03:09,546 - INFO - Epoch 64: train_loss=0.5706
2025-02-03 13:03:10,345 - INFO - Epoch 64: train_loss=0.6735
2025-02-03 13:03:11,819 - INFO - Epoch 64: val_loss=3.1876, val_acc=33.33%
2025-02-03 13:03:11,841 - INFO - ####################Training epoch 65####################
2025-02-03 13:03:12,936 - INFO - Epoch 65: train_loss=0.6235
2025-02-03 13:03:13,403 - INFO - Epoch 65: train_loss=0.5566
2025-02-03 13:03:14,915 - INFO - Epoch 65: val_loss=3.1893, val_acc=33.33%
2025-02-03 13:03:14,936 - INFO - ####################Training epoch 66####################
2025-02-03 13:03:16,066 - INFO - Epoch 66: train_loss=0.5470
2025-02-03 13:03:16,498 - INFO - Epoch 66: train_loss=0.7072
2025-02-03 13:03:17,828 - INFO - Epoch 66: val_loss=3.1781, val_acc=33.33%
2025-02-03 13:03:17,838 - INFO - ####################Training epoch 67####################
2025-02-03 13:03:19,408 - INFO - Epoch 67: train_loss=0.6679
2025-02-03 13:03:20,097 - INFO - Epoch 67: train_loss=0.4720
2025-02-03 13:03:21,343 - INFO - Epoch 67: val_loss=3.1818, val_acc=33.33%
2025-02-03 13:03:21,351 - INFO - ####################Training epoch 68####################
2025-02-03 13:03:22,638 - INFO - Epoch 68: train_loss=0.4944
2025-02-03 13:03:23,370 - INFO - Epoch 68: train_loss=0.8158
2025-02-03 13:03:24,694 - INFO - Epoch 68: val_loss=3.2030, val_acc=33.33%
2025-02-03 13:03:24,707 - INFO - ####################Training epoch 69####################
2025-02-03 13:03:26,098 - INFO - Epoch 69: train_loss=0.5762
2025-02-03 13:03:26,760 - INFO - Epoch 69: train_loss=0.6555
2025-02-03 13:03:28,097 - INFO - Epoch 69: val_loss=3.1899, val_acc=33.33%
2025-02-03 13:03:28,108 - INFO - ####################Training epoch 70####################
2025-02-03 13:03:29,508 - INFO - Epoch 70: train_loss=0.6113
2025-02-03 13:03:30,327 - INFO - Epoch 70: train_loss=0.5888
2025-02-03 13:03:31,654 - INFO - Epoch 70: val_loss=3.1726, val_acc=33.33%
2025-02-03 13:03:31,673 - INFO - ####################Training epoch 71####################
2025-02-03 13:03:32,962 - INFO - Epoch 71: train_loss=0.6342
2025-02-03 13:03:33,577 - INFO - Epoch 71: train_loss=0.5447
2025-02-03 13:03:34,935 - INFO - Epoch 71: val_loss=3.1836, val_acc=33.33%
2025-02-03 13:03:34,955 - INFO - ####################Training epoch 72####################
2025-02-03 13:03:36,275 - INFO - Epoch 72: train_loss=0.4696
2025-02-03 13:03:36,998 - INFO - Epoch 72: train_loss=0.8687
2025-02-03 13:03:38,414 - INFO - Epoch 72: val_loss=3.1863, val_acc=33.33%
2025-02-03 13:03:38,426 - INFO - ####################Training epoch 73####################
2025-02-03 13:03:39,906 - INFO - Epoch 73: train_loss=0.6021
2025-02-03 13:03:40,600 - INFO - Epoch 73: train_loss=0.6126
2025-02-03 13:03:41,937 - INFO - Epoch 73: val_loss=3.1752, val_acc=33.33%
2025-02-03 13:03:41,945 - INFO - ####################Training epoch 74####################
2025-02-03 13:03:43,224 - INFO - Epoch 74: train_loss=0.5387
2025-02-03 13:03:43,937 - INFO - Epoch 74: train_loss=0.7339
2025-02-03 13:03:45,256 - INFO - Epoch 74: val_loss=3.1939, val_acc=33.33%
2025-02-03 13:03:45,266 - INFO - ####################Training epoch 75####################
2025-02-03 13:03:46,544 - INFO - Epoch 75: train_loss=0.6423
2025-02-03 13:03:47,534 - INFO - Epoch 75: train_loss=0.5186
2025-02-03 13:03:49,024 - INFO - Epoch 75: val_loss=3.1924, val_acc=33.33%
2025-02-03 13:03:49,031 - INFO - ####################Training epoch 76####################
2025-02-03 13:03:50,155 - INFO - Epoch 76: train_loss=0.7185
2025-02-03 13:03:50,958 - INFO - Epoch 76: train_loss=0.3688
2025-02-03 13:03:52,418 - INFO - Epoch 76: val_loss=3.1518, val_acc=33.33%
2025-02-03 13:03:52,430 - INFO - ####################Training epoch 77####################
2025-02-03 13:03:53,564 - INFO - Epoch 77: train_loss=0.5563
2025-02-03 13:03:53,958 - INFO - Epoch 77: train_loss=0.6959
2025-02-03 13:03:55,359 - INFO - Epoch 77: val_loss=3.1954, val_acc=33.33%
2025-02-03 13:03:55,395 - INFO - ####################Training epoch 78####################
2025-02-03 13:03:56,600 - INFO - Epoch 78: train_loss=0.6824
2025-02-03 13:03:57,212 - INFO - Epoch 78: train_loss=0.4367
2025-02-03 13:03:58,630 - INFO - Epoch 78: val_loss=3.1983, val_acc=33.33%
2025-02-03 13:03:58,642 - INFO - ####################Training epoch 79####################
2025-02-03 13:03:59,919 - INFO - Epoch 79: train_loss=0.5301
2025-02-03 13:04:00,671 - INFO - Epoch 79: train_loss=0.7361
2025-02-03 13:04:02,007 - INFO - Epoch 79: val_loss=3.2029, val_acc=33.33%
2025-02-03 13:04:02,029 - INFO - ####################Training epoch 80####################
2025-02-03 13:04:03,439 - INFO - Epoch 80: train_loss=0.6783
2025-02-03 13:04:04,322 - INFO - Epoch 80: train_loss=0.4473
2025-02-03 13:04:05,857 - INFO - Epoch 80: val_loss=3.1737, val_acc=33.33%
2025-02-03 13:04:05,871 - INFO - ####################Training epoch 81####################
2025-02-03 13:04:07,012 - INFO - Epoch 81: train_loss=0.5775
2025-02-03 13:04:07,540 - INFO - Epoch 81: train_loss=0.6545
2025-02-03 13:04:08,920 - INFO - Epoch 81: val_loss=3.1819, val_acc=33.33%
2025-02-03 13:04:08,943 - INFO - ####################Training epoch 82####################
2025-02-03 13:04:10,159 - INFO - Epoch 82: train_loss=0.8083
2025-02-03 13:04:10,732 - INFO - Epoch 82: train_loss=0.1883
2025-02-03 13:04:12,163 - INFO - Epoch 82: val_loss=3.1768, val_acc=33.33%
2025-02-03 13:04:12,182 - INFO - ####################Training epoch 83####################
2025-02-03 13:04:13,548 - INFO - Epoch 83: train_loss=0.5385
2025-02-03 13:04:14,109 - INFO - Epoch 83: train_loss=0.7272
2025-02-03 13:04:15,449 - INFO - Epoch 83: val_loss=3.1687, val_acc=33.33%
2025-02-03 13:04:15,473 - INFO - ####################Training epoch 84####################
2025-02-03 13:04:16,821 - INFO - Epoch 84: train_loss=0.6085
2025-02-03 13:04:17,306 - INFO - Epoch 84: train_loss=0.5989
2025-02-03 13:04:18,684 - INFO - Epoch 84: val_loss=3.1756, val_acc=33.33%
2025-02-03 13:04:18,704 - INFO - ####################Training epoch 85####################
2025-02-03 13:04:20,127 - INFO - Epoch 85: train_loss=0.4295
2025-02-03 13:04:20,830 - INFO - Epoch 85: train_loss=0.9526
2025-02-03 13:04:22,205 - INFO - Epoch 85: val_loss=3.1923, val_acc=33.33%
2025-02-03 13:04:22,217 - INFO - ####################Training epoch 86####################
2025-02-03 13:04:23,524 - INFO - Epoch 86: train_loss=0.6137
2025-02-03 13:04:24,770 - INFO - Epoch 86: train_loss=0.5753
2025-02-03 13:04:26,208 - INFO - Epoch 86: val_loss=3.1829, val_acc=33.33%
2025-02-03 13:04:26,223 - INFO - ####################Training epoch 87####################
2025-02-03 13:04:27,411 - INFO - Epoch 87: train_loss=0.4467
2025-02-03 13:04:27,887 - INFO - Epoch 87: train_loss=0.9076
2025-02-03 13:04:29,420 - INFO - Epoch 87: val_loss=3.1945, val_acc=33.33%
2025-02-03 13:04:29,431 - INFO - ####################Training epoch 88####################
2025-02-03 13:04:30,643 - INFO - Epoch 88: train_loss=0.6597
2025-02-03 13:04:31,098 - INFO - Epoch 88: train_loss=0.4824
2025-02-03 13:04:32,621 - INFO - Epoch 88: val_loss=3.1844, val_acc=33.33%
2025-02-03 13:04:32,643 - INFO - ####################Training epoch 89####################
2025-02-03 13:04:33,705 - INFO - Epoch 89: train_loss=0.5695
2025-02-03 13:04:34,227 - INFO - Epoch 89: train_loss=0.6680
2025-02-03 13:04:35,569 - INFO - Epoch 89: val_loss=3.1833, val_acc=33.33%
2025-02-03 13:04:35,590 - INFO - ####################Training epoch 90####################
2025-02-03 13:04:37,000 - INFO - Epoch 90: train_loss=0.6647
2025-02-03 13:04:37,647 - INFO - Epoch 90: train_loss=0.4716
2025-02-03 13:04:39,011 - INFO - Epoch 90: val_loss=3.1793, val_acc=33.33%
2025-02-03 13:04:39,025 - INFO - ####################Training epoch 91####################
2025-02-03 13:04:40,604 - INFO - Epoch 91: train_loss=0.6702
2025-02-03 13:04:41,672 - INFO - Epoch 91: train_loss=0.4542
2025-02-03 13:04:43,049 - INFO - Epoch 91: val_loss=3.1821, val_acc=33.33%
2025-02-03 13:04:43,062 - INFO - ####################Training epoch 92####################
2025-02-03 13:04:44,599 - INFO - Epoch 92: train_loss=0.6792
2025-02-03 13:04:45,768 - INFO - Epoch 92: train_loss=0.4459
2025-02-03 13:04:47,067 - INFO - Epoch 92: val_loss=3.1814, val_acc=33.33%
2025-02-03 13:04:47,072 - INFO - ####################Training epoch 93####################
2025-02-03 13:04:48,454 - INFO - Epoch 93: train_loss=0.7326
2025-02-03 13:04:49,482 - INFO - Epoch 93: train_loss=0.3484
2025-02-03 13:04:50,879 - INFO - Epoch 93: val_loss=3.1616, val_acc=33.33%
2025-02-03 13:04:50,898 - INFO - ####################Training epoch 94####################
2025-02-03 13:04:52,269 - INFO - Epoch 94: train_loss=0.6343
2025-02-03 13:04:53,094 - INFO - Epoch 94: train_loss=0.5417
2025-02-03 13:04:54,558 - INFO - Epoch 94: val_loss=3.1744, val_acc=33.33%
2025-02-03 13:04:54,580 - INFO - ####################Training epoch 95####################
2025-02-03 13:04:55,829 - INFO - Epoch 95: train_loss=0.7178
2025-02-03 13:04:56,551 - INFO - Epoch 95: train_loss=0.3670
2025-02-03 13:04:58,057 - INFO - Epoch 95: val_loss=3.1936, val_acc=33.33%
2025-02-03 13:04:58,078 - INFO - ####################Training epoch 96####################
2025-02-03 13:04:59,342 - INFO - Epoch 96: train_loss=0.7165
2025-02-03 13:05:00,043 - INFO - Epoch 96: train_loss=0.3670
2025-02-03 13:05:01,348 - INFO - Epoch 96: val_loss=3.1777, val_acc=33.33%
2025-02-03 13:05:01,358 - INFO - ####################Training epoch 97####################
2025-02-03 13:05:02,901 - INFO - Epoch 97: train_loss=0.4727
2025-02-03 13:05:03,794 - INFO - Epoch 97: train_loss=0.8563
2025-02-03 13:05:05,133 - INFO - Epoch 97: val_loss=3.1924, val_acc=33.33%
2025-02-03 13:05:05,140 - INFO - ####################Training epoch 98####################
2025-02-03 13:05:06,578 - INFO - Epoch 98: train_loss=0.6320
2025-02-03 13:05:07,523 - INFO - Epoch 98: train_loss=0.5434
2025-02-03 13:05:09,138 - INFO - Epoch 98: val_loss=3.1645, val_acc=33.33%
2025-02-03 13:05:09,155 - INFO - ####################Training epoch 99####################
2025-02-03 13:05:10,473 - INFO - Epoch 99: train_loss=0.4020
2025-02-03 13:05:11,325 - INFO - Epoch 99: train_loss=1.0022
2025-02-03 13:05:12,778 - INFO - Epoch 99: val_loss=3.1969, val_acc=33.33%
2025-02-03 13:05:13,394 - INFO - Model saved.
