2025-02-03 12:58:53,631 - INFO - Starting training with the following parameters:
2025-02-03 12:58:53,632 - INFO - | Parameter       | Value               |
|-----------------|---------------------|
| attention       | Scaled Dot-Product|
| d_model         | 128            |
| n_heads         | 8              |
| d_f             | 128            |
| num_layers      | 3              |
| d_input         | 32             |
| num_classes     | 3              |
| dropout         | 0.1            |
| learning_rate   | 0.001          |
| epochs          | 100            |
| batch_size      | 16             |

2025-02-03 12:58:55,420 - INFO - Epoch 0: val_loss=1.0999, val_acc=33.33%
2025-02-03 12:58:56,513 - INFO - ####################Training epoch 0####################
2025-02-03 12:58:56,698 - INFO - Epoch 0: train_loss=1.1945
2025-02-03 12:58:57,204 - INFO - Epoch 0: train_loss=1.5119
2025-02-03 12:58:58,912 - INFO - Epoch 0: val_loss=1.8881, val_acc=0.00%
2025-02-03 12:58:58,955 - INFO - ####################Training epoch 1####################
2025-02-03 12:59:00,603 - INFO - Epoch 1: train_loss=1.1109
2025-02-03 12:59:00,970 - INFO - Epoch 1: train_loss=0.9829
2025-02-03 12:59:02,945 - INFO - Epoch 1: val_loss=1.5663, val_acc=33.33%
2025-02-03 12:59:02,997 - INFO - ####################Training epoch 2####################
2025-02-03 12:59:05,021 - INFO - Epoch 2: train_loss=1.2369
2025-02-03 12:59:05,570 - INFO - Epoch 2: train_loss=1.2044
2025-02-03 12:59:07,599 - INFO - Epoch 2: val_loss=1.7084, val_acc=33.33%
2025-02-03 12:59:07,647 - INFO - ####################Training epoch 3####################
2025-02-03 12:59:09,308 - INFO - Epoch 3: train_loss=1.2452
2025-02-03 12:59:09,662 - INFO - Epoch 3: train_loss=0.9040
2025-02-03 12:59:11,415 - INFO - Epoch 3: val_loss=2.0932, val_acc=0.00%
2025-02-03 12:59:11,436 - INFO - ####################Training epoch 4####################
2025-02-03 12:59:13,261 - INFO - Epoch 4: train_loss=1.0885
2025-02-03 12:59:13,619 - INFO - Epoch 4: train_loss=1.0271
2025-02-03 12:59:17,261 - INFO - Epoch 4: val_loss=2.3352, val_acc=0.00%
2025-02-03 12:59:17,266 - INFO - ####################Training epoch 5####################
2025-02-03 12:59:19,451 - INFO - Epoch 5: train_loss=1.1665
2025-02-03 12:59:19,682 - INFO - Epoch 5: train_loss=0.8734
2025-02-03 12:59:21,582 - INFO - Epoch 5: val_loss=2.1515, val_acc=33.33%
2025-02-03 12:59:21,592 - INFO - ####################Training epoch 6####################
2025-02-03 12:59:23,438 - INFO - Epoch 6: train_loss=0.8887
2025-02-03 12:59:23,802 - INFO - Epoch 6: train_loss=1.0985
2025-02-03 12:59:25,503 - INFO - Epoch 6: val_loss=2.2725, val_acc=33.33%
2025-02-03 12:59:25,513 - INFO - ####################Training epoch 7####################
2025-02-03 12:59:27,143 - INFO - Epoch 7: train_loss=0.8867
2025-02-03 12:59:27,494 - INFO - Epoch 7: train_loss=0.8787
2025-02-03 12:59:29,606 - INFO - Epoch 7: val_loss=2.2979, val_acc=0.00%
2025-02-03 12:59:29,623 - INFO - ####################Training epoch 8####################
2025-02-03 12:59:31,768 - INFO - Epoch 8: train_loss=0.8966
2025-02-03 12:59:32,544 - INFO - Epoch 8: train_loss=0.7364
2025-02-03 12:59:34,406 - INFO - Epoch 8: val_loss=2.3919, val_acc=0.00%
2025-02-03 12:59:34,416 - INFO - ####################Training epoch 9####################
2025-02-03 12:59:36,221 - INFO - Epoch 9: train_loss=0.9753
2025-02-03 12:59:36,796 - INFO - Epoch 9: train_loss=0.7508
2025-02-03 12:59:38,574 - INFO - Epoch 9: val_loss=2.4544, val_acc=0.00%
2025-02-03 12:59:38,581 - INFO - ####################Training epoch 10####################
2025-02-03 12:59:40,273 - INFO - Epoch 10: train_loss=0.7800
2025-02-03 12:59:40,867 - INFO - Epoch 10: train_loss=0.9733
2025-02-03 12:59:42,651 - INFO - Epoch 10: val_loss=2.5818, val_acc=33.33%
2025-02-03 12:59:42,663 - INFO - ####################Training epoch 11####################
2025-02-03 12:59:44,300 - INFO - Epoch 11: train_loss=0.6688
2025-02-03 12:59:44,683 - INFO - Epoch 11: train_loss=0.8871
2025-02-03 12:59:46,510 - INFO - Epoch 11: val_loss=2.9783, val_acc=33.33%
2025-02-03 12:59:46,519 - INFO - ####################Training epoch 12####################
2025-02-03 12:59:48,205 - INFO - Epoch 12: train_loss=0.7879
2025-02-03 12:59:48,559 - INFO - Epoch 12: train_loss=0.9578
2025-02-03 12:59:50,340 - INFO - Epoch 12: val_loss=3.2064, val_acc=33.33%
2025-02-03 12:59:50,349 - INFO - ####################Training epoch 13####################
2025-02-03 12:59:51,954 - INFO - Epoch 13: train_loss=0.8987
2025-02-03 12:59:52,468 - INFO - Epoch 13: train_loss=0.7238
2025-02-03 12:59:54,331 - INFO - Epoch 13: val_loss=3.2510, val_acc=33.33%
2025-02-03 12:59:54,336 - INFO - ####################Training epoch 14####################
2025-02-03 12:59:56,120 - INFO - Epoch 14: train_loss=0.5658
2025-02-03 12:59:56,601 - INFO - Epoch 14: train_loss=1.0127
2025-02-03 12:59:58,513 - INFO - Epoch 14: val_loss=3.2356, val_acc=33.33%
2025-02-03 12:59:58,520 - INFO - ####################Training epoch 15####################
2025-02-03 13:00:00,169 - INFO - Epoch 15: train_loss=0.7151
2025-02-03 13:00:00,621 - INFO - Epoch 15: train_loss=0.6287
2025-02-03 13:00:02,602 - INFO - Epoch 15: val_loss=3.2367, val_acc=33.33%
2025-02-03 13:00:02,624 - INFO - ####################Training epoch 16####################
2025-02-03 13:00:04,317 - INFO - Epoch 16: train_loss=0.5596
2025-02-03 13:00:04,671 - INFO - Epoch 16: train_loss=0.9885
2025-02-03 13:00:06,401 - INFO - Epoch 16: val_loss=3.2606, val_acc=0.00%
2025-02-03 13:00:06,411 - INFO - ####################Training epoch 17####################
2025-02-03 13:00:08,238 - INFO - Epoch 17: train_loss=0.7871
2025-02-03 13:00:08,732 - INFO - Epoch 17: train_loss=0.5331
2025-02-03 13:00:10,483 - INFO - Epoch 17: val_loss=3.2504, val_acc=33.33%
2025-02-03 13:00:10,492 - INFO - ####################Training epoch 18####################
2025-02-03 13:00:12,193 - INFO - Epoch 18: train_loss=0.7100
2025-02-03 13:00:12,560 - INFO - Epoch 18: train_loss=0.6026
2025-02-03 13:00:14,345 - INFO - Epoch 18: val_loss=3.3485, val_acc=33.33%
2025-02-03 13:00:14,364 - INFO - ####################Training epoch 19####################
2025-02-03 13:00:16,354 - INFO - Epoch 19: train_loss=0.6306
2025-02-03 13:00:16,729 - INFO - Epoch 19: train_loss=0.7489
2025-02-03 13:00:18,546 - INFO - Epoch 19: val_loss=3.4329, val_acc=33.33%
2025-02-03 13:00:18,552 - INFO - ####################Training epoch 20####################
2025-02-03 13:00:20,220 - INFO - Epoch 20: train_loss=0.6474
2025-02-03 13:00:20,592 - INFO - Epoch 20: train_loss=0.7991
2025-02-03 13:00:22,462 - INFO - Epoch 20: val_loss=3.4510, val_acc=33.33%
2025-02-03 13:00:22,470 - INFO - ####################Training epoch 21####################
2025-02-03 13:00:24,417 - INFO - Epoch 21: train_loss=0.6583
2025-02-03 13:00:24,935 - INFO - Epoch 21: train_loss=0.8292
2025-02-03 13:00:26,781 - INFO - Epoch 21: val_loss=3.4254, val_acc=33.33%
2025-02-03 13:00:26,800 - INFO - ####################Training epoch 22####################
2025-02-03 13:00:28,719 - INFO - Epoch 22: train_loss=0.7055
2025-02-03 13:00:29,546 - INFO - Epoch 22: train_loss=0.6746
2025-02-03 13:00:31,401 - INFO - Epoch 22: val_loss=3.3777, val_acc=33.33%
2025-02-03 13:00:31,409 - INFO - ####################Training epoch 23####################
2025-02-03 13:00:33,154 - INFO - Epoch 23: train_loss=0.7302
2025-02-03 13:00:33,902 - INFO - Epoch 23: train_loss=0.5751
2025-02-03 13:00:35,768 - INFO - Epoch 23: val_loss=3.3163, val_acc=33.33%
2025-02-03 13:00:35,773 - INFO - ####################Training epoch 24####################
2025-02-03 13:00:37,633 - INFO - Epoch 24: train_loss=0.8098
2025-02-03 13:00:38,095 - INFO - Epoch 24: train_loss=0.3235
2025-02-03 13:00:40,117 - INFO - Epoch 24: val_loss=3.2767, val_acc=33.33%
2025-02-03 13:00:40,143 - INFO - ####################Training epoch 25####################
2025-02-03 13:00:42,137 - INFO - Epoch 25: train_loss=0.6881
2025-02-03 13:00:42,561 - INFO - Epoch 25: train_loss=0.5378
2025-02-03 13:00:44,731 - INFO - Epoch 25: val_loss=3.2730, val_acc=33.33%
2025-02-03 13:00:44,761 - INFO - ####################Training epoch 26####################
2025-02-03 13:00:46,665 - INFO - Epoch 26: train_loss=0.5212
2025-02-03 13:00:47,079 - INFO - Epoch 26: train_loss=0.8726
2025-02-03 13:00:49,065 - INFO - Epoch 26: val_loss=3.2960, val_acc=33.33%
2025-02-03 13:00:49,110 - INFO - ####################Training epoch 27####################
2025-02-03 13:00:51,023 - INFO - Epoch 27: train_loss=0.5414
2025-02-03 13:00:51,500 - INFO - Epoch 27: train_loss=0.8306
2025-02-03 13:00:53,211 - INFO - Epoch 27: val_loss=3.3170, val_acc=33.33%
2025-02-03 13:00:53,392 - INFO - ####################Training epoch 28####################
2025-02-03 13:00:54,653 - INFO - Epoch 28: train_loss=0.6641
2025-02-03 13:00:55,226 - INFO - Epoch 28: train_loss=0.5591
2025-02-03 13:00:57,053 - INFO - Epoch 28: val_loss=3.3741, val_acc=33.33%
2025-02-03 13:00:57,090 - INFO - ####################Training epoch 29####################
2025-02-03 13:00:58,327 - INFO - Epoch 29: train_loss=0.5298
2025-02-03 13:00:58,701 - INFO - Epoch 29: train_loss=0.8133
2025-02-03 13:01:00,037 - INFO - Epoch 29: val_loss=3.4097, val_acc=33.33%
2025-02-03 13:01:00,050 - INFO - ####################Training epoch 30####################
2025-02-03 13:01:01,210 - INFO - Epoch 30: train_loss=0.7216
2025-02-03 13:01:01,819 - INFO - Epoch 30: train_loss=0.4177
2025-02-03 13:01:03,153 - INFO - Epoch 30: val_loss=3.4023, val_acc=33.33%
2025-02-03 13:01:03,161 - INFO - ####################Training epoch 31####################
2025-02-03 13:01:04,852 - INFO - Epoch 31: train_loss=0.6019
2025-02-03 13:01:05,416 - INFO - Epoch 31: train_loss=0.6575
2025-02-03 13:01:07,025 - INFO - Epoch 31: val_loss=3.4166, val_acc=33.33%
2025-02-03 13:01:07,034 - INFO - ####################Training epoch 32####################
2025-02-03 13:01:08,246 - INFO - Epoch 32: train_loss=0.7292
2025-02-03 13:01:08,848 - INFO - Epoch 32: train_loss=0.3924
2025-02-03 13:01:10,235 - INFO - Epoch 32: val_loss=3.4276, val_acc=33.33%
2025-02-03 13:01:10,243 - INFO - ####################Training epoch 33####################
2025-02-03 13:01:11,635 - INFO - Epoch 33: train_loss=0.6731
2025-02-03 13:01:12,547 - INFO - Epoch 33: train_loss=0.5107
2025-02-03 13:01:14,987 - INFO - Epoch 33: val_loss=3.4318, val_acc=33.33%
2025-02-03 13:01:15,371 - INFO - ####################Training epoch 34####################
2025-02-03 13:01:19,716 - INFO - Epoch 34: train_loss=0.4471
2025-02-03 13:01:20,290 - INFO - Epoch 34: train_loss=0.9524
2025-02-03 13:01:21,660 - INFO - Epoch 34: val_loss=3.4154, val_acc=33.33%
2025-02-03 13:01:21,679 - INFO - ####################Training epoch 35####################
2025-02-03 13:01:22,867 - INFO - Epoch 35: train_loss=0.6902
2025-02-03 13:01:23,480 - INFO - Epoch 35: train_loss=0.4563
2025-02-03 13:01:24,762 - INFO - Epoch 35: val_loss=3.4286, val_acc=33.33%
2025-02-03 13:01:24,769 - INFO - ####################Training epoch 36####################
2025-02-03 13:01:26,225 - INFO - Epoch 36: train_loss=0.5847
2025-02-03 13:01:26,902 - INFO - Epoch 36: train_loss=0.6670
2025-02-03 13:01:28,188 - INFO - Epoch 36: val_loss=3.4301, val_acc=33.33%
2025-02-03 13:01:28,196 - INFO - ####################Training epoch 37####################
2025-02-03 13:01:29,487 - INFO - Epoch 37: train_loss=0.7155
2025-02-03 13:01:29,978 - INFO - Epoch 37: train_loss=0.4069
2025-02-03 13:01:31,136 - INFO - Epoch 37: val_loss=3.4182, val_acc=33.33%
2025-02-03 13:01:31,146 - INFO - ####################Training epoch 38####################
2025-02-03 13:01:32,491 - INFO - Epoch 38: train_loss=0.5387
2025-02-03 13:01:33,196 - INFO - Epoch 38: train_loss=0.7572
2025-02-03 13:01:34,467 - INFO - Epoch 38: val_loss=3.4226, val_acc=33.33%
2025-02-03 13:01:34,485 - INFO - ####################Training epoch 39####################
2025-02-03 13:01:35,620 - INFO - Epoch 39: train_loss=0.6590
2025-02-03 13:01:35,942 - INFO - Epoch 39: train_loss=0.5075
2025-02-03 13:01:37,100 - INFO - Epoch 39: val_loss=3.4214, val_acc=33.33%
2025-02-03 13:01:37,111 - INFO - ####################Training epoch 40####################
2025-02-03 13:01:38,637 - INFO - Epoch 40: train_loss=0.6764
2025-02-03 13:01:39,342 - INFO - Epoch 40: train_loss=0.4765
2025-02-03 13:01:40,549 - INFO - Epoch 40: val_loss=3.4252, val_acc=33.33%
2025-02-03 13:01:40,555 - INFO - ####################Training epoch 41####################
2025-02-03 13:01:42,071 - INFO - Epoch 41: train_loss=0.5309
2025-02-03 13:01:43,106 - INFO - Epoch 41: train_loss=0.7640
2025-02-03 13:01:44,632 - INFO - Epoch 41: val_loss=3.4070, val_acc=33.33%
2025-02-03 13:01:44,651 - INFO - ####################Training epoch 42####################
2025-02-03 13:01:45,785 - INFO - Epoch 42: train_loss=0.6238
2025-02-03 13:01:46,448 - INFO - Epoch 42: train_loss=0.5745
2025-02-03 13:01:47,783 - INFO - Epoch 42: val_loss=3.4051, val_acc=33.33%
2025-02-03 13:01:47,798 - INFO - ####################Training epoch 43####################
2025-02-03 13:01:49,385 - INFO - Epoch 43: train_loss=0.6382
2025-02-03 13:01:50,218 - INFO - Epoch 43: train_loss=0.5570
2025-02-03 13:01:51,581 - INFO - Epoch 43: val_loss=3.4320, val_acc=33.33%
2025-02-03 13:01:51,587 - INFO - ####################Training epoch 44####################
2025-02-03 13:01:52,729 - INFO - Epoch 44: train_loss=0.4899
2025-02-03 13:01:53,212 - INFO - Epoch 44: train_loss=0.8491
2025-02-03 13:01:54,842 - INFO - Epoch 44: val_loss=3.4154, val_acc=33.33%
2025-02-03 13:01:54,863 - INFO - ####################Training epoch 45####################
2025-02-03 13:01:55,994 - INFO - Epoch 45: train_loss=0.6491
2025-02-03 13:01:56,367 - INFO - Epoch 45: train_loss=0.5260
2025-02-03 13:01:57,832 - INFO - Epoch 45: val_loss=3.4282, val_acc=33.33%
2025-02-03 13:01:57,862 - INFO - ####################Training epoch 46####################
2025-02-03 13:01:58,961 - INFO - Epoch 46: train_loss=0.6847
2025-02-03 13:01:59,588 - INFO - Epoch 46: train_loss=0.4482
2025-02-03 13:02:01,234 - INFO - Epoch 46: val_loss=3.4048, val_acc=33.33%
2025-02-03 13:02:01,253 - INFO - ####################Training epoch 47####################
2025-02-03 13:02:02,538 - INFO - Epoch 47: train_loss=0.4587
2025-02-03 13:02:03,221 - INFO - Epoch 47: train_loss=0.8979
2025-02-03 13:02:04,682 - INFO - Epoch 47: val_loss=3.4070, val_acc=33.33%
2025-02-03 13:02:04,716 - INFO - ####################Training epoch 48####################
2025-02-03 13:02:06,110 - INFO - Epoch 48: train_loss=0.6111
2025-02-03 13:02:06,734 - INFO - Epoch 48: train_loss=0.5982
2025-02-03 13:02:08,096 - INFO - Epoch 48: val_loss=3.4111, val_acc=33.33%
2025-02-03 13:02:08,123 - INFO - ####################Training epoch 49####################
2025-02-03 13:02:09,299 - INFO - Epoch 49: train_loss=0.6605
2025-02-03 13:02:09,673 - INFO - Epoch 49: train_loss=0.5126
2025-02-03 13:02:11,164 - INFO - Epoch 49: val_loss=3.4259, val_acc=33.33%
2025-02-03 13:02:11,186 - INFO - ####################Training epoch 50####################
2025-02-03 13:02:12,510 - INFO - Epoch 50: train_loss=0.7721
2025-02-03 13:02:13,082 - INFO - Epoch 50: train_loss=0.2753
2025-02-03 13:02:14,413 - INFO - Epoch 50: val_loss=3.4083, val_acc=33.33%
2025-02-03 13:02:14,425 - INFO - ####################Training epoch 51####################
2025-02-03 13:02:15,997 - INFO - Epoch 51: train_loss=0.5893
2025-02-03 13:02:16,892 - INFO - Epoch 51: train_loss=0.6449
2025-02-03 13:02:18,120 - INFO - Epoch 51: val_loss=3.4271, val_acc=33.33%
2025-02-03 13:02:18,130 - INFO - ####################Training epoch 52####################
2025-02-03 13:02:19,307 - INFO - Epoch 52: train_loss=0.7402
2025-02-03 13:02:19,918 - INFO - Epoch 52: train_loss=0.3280
2025-02-03 13:02:21,372 - INFO - Epoch 52: val_loss=3.4216, val_acc=33.33%
2025-02-03 13:02:21,384 - INFO - ####################Training epoch 53####################
2025-02-03 13:02:22,498 - INFO - Epoch 53: train_loss=0.6024
2025-02-03 13:02:23,051 - INFO - Epoch 53: train_loss=0.6131
2025-02-03 13:02:24,478 - INFO - Epoch 53: val_loss=3.4034, val_acc=33.33%
2025-02-03 13:02:24,491 - INFO - ####################Training epoch 54####################
2025-02-03 13:02:25,852 - INFO - Epoch 54: train_loss=0.6143
2025-02-03 13:02:26,921 - INFO - Epoch 54: train_loss=0.5881
2025-02-03 13:02:28,283 - INFO - Epoch 54: val_loss=3.4363, val_acc=33.33%
2025-02-03 13:02:28,290 - INFO - ####################Training epoch 55####################
2025-02-03 13:02:29,641 - INFO - Epoch 55: train_loss=0.6215
2025-02-03 13:02:30,143 - INFO - Epoch 55: train_loss=0.5794
2025-02-03 13:02:31,625 - INFO - Epoch 55: val_loss=3.4290, val_acc=33.33%
2025-02-03 13:02:31,637 - INFO - ####################Training epoch 56####################
2025-02-03 13:02:32,744 - INFO - Epoch 56: train_loss=0.4310
2025-02-03 13:02:33,226 - INFO - Epoch 56: train_loss=0.9473
2025-02-03 13:02:34,758 - INFO - Epoch 56: val_loss=3.4192, val_acc=33.33%
2025-02-03 13:02:34,783 - INFO - ####################Training epoch 57####################
2025-02-03 13:02:35,928 - INFO - Epoch 57: train_loss=0.4741
2025-02-03 13:02:36,420 - INFO - Epoch 57: train_loss=0.8725
2025-02-03 13:02:38,102 - INFO - Epoch 57: val_loss=3.4370, val_acc=33.33%
2025-02-03 13:02:38,124 - INFO - ####################Training epoch 58####################
2025-02-03 13:02:39,252 - INFO - Epoch 58: train_loss=0.6210
2025-02-03 13:02:39,861 - INFO - Epoch 58: train_loss=0.5820
2025-02-03 13:02:41,518 - INFO - Epoch 58: val_loss=3.4222, val_acc=33.33%
2025-02-03 13:02:41,559 - INFO - ####################Training epoch 59####################
2025-02-03 13:02:42,931 - INFO - Epoch 59: train_loss=0.7754
2025-02-03 13:02:43,654 - INFO - Epoch 59: train_loss=0.2624
2025-02-03 13:02:45,068 - INFO - Epoch 59: val_loss=3.4735, val_acc=33.33%
2025-02-03 13:02:45,083 - INFO - ####################Training epoch 60####################
2025-02-03 13:02:46,468 - INFO - Epoch 60: train_loss=0.6661
2025-02-03 13:02:47,118 - INFO - Epoch 60: train_loss=0.4869
2025-02-03 13:02:48,584 - INFO - Epoch 60: val_loss=3.4483, val_acc=33.33%
2025-02-03 13:02:48,604 - INFO - ####################Training epoch 61####################
2025-02-03 13:02:49,948 - INFO - Epoch 61: train_loss=0.4566
2025-02-03 13:02:50,772 - INFO - Epoch 61: train_loss=0.9014
2025-02-03 13:02:52,284 - INFO - Epoch 61: val_loss=3.4356, val_acc=33.33%
2025-02-03 13:02:52,299 - INFO - ####################Training epoch 62####################
2025-02-03 13:02:53,872 - INFO - Epoch 62: train_loss=0.5615
2025-02-03 13:02:54,987 - INFO - Epoch 62: train_loss=0.6909
2025-02-03 13:02:56,354 - INFO - Epoch 62: val_loss=3.4736, val_acc=33.33%
2025-02-03 13:02:56,366 - INFO - ####################Training epoch 63####################
2025-02-03 13:02:57,847 - INFO - Epoch 63: train_loss=0.7102
2025-02-03 13:02:58,984 - INFO - Epoch 63: train_loss=0.3969
2025-02-03 13:03:00,367 - INFO - Epoch 63: val_loss=3.4626, val_acc=33.33%
2025-02-03 13:03:00,375 - INFO - ####################Training epoch 64####################
2025-02-03 13:03:01,578 - INFO - Epoch 64: train_loss=0.5641
2025-02-03 13:03:02,535 - INFO - Epoch 64: train_loss=0.6880
2025-02-03 13:03:03,911 - INFO - Epoch 64: val_loss=3.4131, val_acc=33.33%
2025-02-03 13:03:03,917 - INFO - ####################Training epoch 65####################
2025-02-03 13:03:05,115 - INFO - Epoch 65: train_loss=0.6324
2025-02-03 13:03:05,489 - INFO - Epoch 65: train_loss=0.5546
2025-02-03 13:03:06,922 - INFO - Epoch 65: val_loss=3.4432, val_acc=33.33%
2025-02-03 13:03:06,952 - INFO - ####################Training epoch 66####################
2025-02-03 13:03:08,186 - INFO - Epoch 66: train_loss=0.7235
2025-02-03 13:03:08,862 - INFO - Epoch 66: train_loss=0.3682
2025-02-03 13:03:10,296 - INFO - Epoch 66: val_loss=3.4379, val_acc=33.33%
2025-02-03 13:03:10,325 - INFO - ####################Training epoch 67####################
2025-02-03 13:03:11,645 - INFO - Epoch 67: train_loss=0.4842
2025-02-03 13:03:12,258 - INFO - Epoch 67: train_loss=0.8369
2025-02-03 13:03:13,733 - INFO - Epoch 67: val_loss=3.4224, val_acc=33.33%
2025-02-03 13:03:13,755 - INFO - ####################Training epoch 68####################
2025-02-03 13:03:15,149 - INFO - Epoch 68: train_loss=0.6219
2025-02-03 13:03:15,778 - INFO - Epoch 68: train_loss=0.5708
2025-02-03 13:03:17,114 - INFO - Epoch 68: val_loss=3.4340, val_acc=33.33%
2025-02-03 13:03:17,122 - INFO - ####################Training epoch 69####################
2025-02-03 13:03:18,462 - INFO - Epoch 69: train_loss=0.5603
2025-02-03 13:03:19,477 - INFO - Epoch 69: train_loss=0.6883
2025-02-03 13:03:20,968 - INFO - Epoch 69: val_loss=3.4284, val_acc=33.33%
2025-02-03 13:03:20,976 - INFO - ####################Training epoch 70####################
2025-02-03 13:03:22,204 - INFO - Epoch 70: train_loss=0.6634
2025-02-03 13:03:22,834 - INFO - Epoch 70: train_loss=0.4853
2025-02-03 13:03:24,460 - INFO - Epoch 70: val_loss=3.4458, val_acc=33.33%
2025-02-03 13:03:24,479 - INFO - ####################Training epoch 71####################
2025-02-03 13:03:25,745 - INFO - Epoch 71: train_loss=0.6705
2025-02-03 13:03:26,335 - INFO - Epoch 71: train_loss=0.4710
2025-02-03 13:03:27,859 - INFO - Epoch 71: val_loss=3.4354, val_acc=33.33%
2025-02-03 13:03:27,887 - INFO - ####################Training epoch 72####################
2025-02-03 13:03:29,153 - INFO - Epoch 72: train_loss=0.5509
2025-02-03 13:03:30,076 - INFO - Epoch 72: train_loss=0.7133
2025-02-03 13:03:31,574 - INFO - Epoch 72: val_loss=3.4330, val_acc=33.33%
2025-02-03 13:03:31,584 - INFO - ####################Training epoch 73####################
2025-02-03 13:03:32,768 - INFO - Epoch 73: train_loss=0.6573
2025-02-03 13:03:33,416 - INFO - Epoch 73: train_loss=0.4988
2025-02-03 13:03:34,790 - INFO - Epoch 73: val_loss=3.4256, val_acc=33.33%
2025-02-03 13:03:34,813 - INFO - ####################Training epoch 74####################
2025-02-03 13:03:36,222 - INFO - Epoch 74: train_loss=0.5925
2025-02-03 13:03:36,921 - INFO - Epoch 74: train_loss=0.6255
2025-02-03 13:03:38,377 - INFO - Epoch 74: val_loss=3.4383, val_acc=33.33%
2025-02-03 13:03:38,389 - INFO - ####################Training epoch 75####################
2025-02-03 13:03:39,894 - INFO - Epoch 75: train_loss=0.6001
2025-02-03 13:03:40,584 - INFO - Epoch 75: train_loss=0.6077
2025-02-03 13:03:42,012 - INFO - Epoch 75: val_loss=3.4492, val_acc=33.33%
2025-02-03 13:03:42,024 - INFO - ####################Training epoch 76####################
2025-02-03 13:03:43,391 - INFO - Epoch 76: train_loss=0.6665
2025-02-03 13:03:44,064 - INFO - Epoch 76: train_loss=0.4811
2025-02-03 13:03:45,342 - INFO - Epoch 76: val_loss=3.4680, val_acc=33.33%
2025-02-03 13:03:45,352 - INFO - ####################Training epoch 77####################
2025-02-03 13:03:46,717 - INFO - Epoch 77: train_loss=0.6962
2025-02-03 13:03:47,763 - INFO - Epoch 77: train_loss=0.4176
2025-02-03 13:03:49,173 - INFO - Epoch 77: val_loss=3.4472, val_acc=33.33%
2025-02-03 13:03:49,181 - INFO - ####################Training epoch 78####################
2025-02-03 13:03:50,542 - INFO - Epoch 78: train_loss=0.6536
2025-02-03 13:03:51,619 - INFO - Epoch 78: train_loss=0.4970
2025-02-03 13:03:53,225 - INFO - Epoch 78: val_loss=3.4295, val_acc=33.33%
2025-02-03 13:03:53,237 - INFO - ####################Training epoch 79####################
2025-02-03 13:03:54,498 - INFO - Epoch 79: train_loss=0.5287
2025-02-03 13:03:55,253 - INFO - Epoch 79: train_loss=0.7610
2025-02-03 13:03:56,818 - INFO - Epoch 79: val_loss=3.4255, val_acc=33.33%
2025-02-03 13:03:56,842 - INFO - ####################Training epoch 80####################
2025-02-03 13:03:58,123 - INFO - Epoch 80: train_loss=0.4934
2025-02-03 13:03:58,747 - INFO - Epoch 80: train_loss=0.8084
2025-02-03 13:04:00,397 - INFO - Epoch 80: val_loss=3.4435, val_acc=33.33%
2025-02-03 13:04:00,418 - INFO - ####################Training epoch 81####################
2025-02-03 13:04:01,642 - INFO - Epoch 81: train_loss=0.6771
2025-02-03 13:04:02,162 - INFO - Epoch 81: train_loss=0.4648
2025-02-03 13:04:03,747 - INFO - Epoch 81: val_loss=3.4528, val_acc=33.33%
2025-02-03 13:04:03,777 - INFO - ####################Training epoch 82####################
2025-02-03 13:04:04,901 - INFO - Epoch 82: train_loss=0.4358
2025-02-03 13:04:05,492 - INFO - Epoch 82: train_loss=0.9452
2025-02-03 13:04:06,828 - INFO - Epoch 82: val_loss=3.4503, val_acc=33.33%
2025-02-03 13:04:06,836 - INFO - ####################Training epoch 83####################
2025-02-03 13:04:08,313 - INFO - Epoch 83: train_loss=0.5076
2025-02-03 13:04:08,998 - INFO - Epoch 83: train_loss=0.8031
2025-02-03 13:04:10,494 - INFO - Epoch 83: val_loss=3.4390, val_acc=33.33%
2025-02-03 13:04:10,506 - INFO - ####################Training epoch 84####################
2025-02-03 13:04:11,760 - INFO - Epoch 84: train_loss=0.4205
2025-02-03 13:04:12,370 - INFO - Epoch 84: train_loss=0.9688
2025-02-03 13:04:13,799 - INFO - Epoch 84: val_loss=3.4371, val_acc=33.33%
2025-02-03 13:04:13,818 - INFO - ####################Training epoch 85####################
2025-02-03 13:04:14,941 - INFO - Epoch 85: train_loss=0.6444
2025-02-03 13:04:15,560 - INFO - Epoch 85: train_loss=0.5193
2025-02-03 13:04:17,073 - INFO - Epoch 85: val_loss=3.4509, val_acc=33.33%
2025-02-03 13:04:17,100 - INFO - ####################Training epoch 86####################
2025-02-03 13:04:18,371 - INFO - Epoch 86: train_loss=0.6039
2025-02-03 13:04:19,053 - INFO - Epoch 86: train_loss=0.6009
2025-02-03 13:04:20,615 - INFO - Epoch 86: val_loss=3.4080, val_acc=33.33%
2025-02-03 13:04:20,636 - INFO - ####################Training epoch 87####################
2025-02-03 13:04:21,844 - INFO - Epoch 87: train_loss=0.6844
2025-02-03 13:04:22,253 - INFO - Epoch 87: train_loss=0.4500
2025-02-03 13:04:23,871 - INFO - Epoch 87: val_loss=3.4426, val_acc=33.33%
2025-02-03 13:04:23,902 - INFO - ####################Training epoch 88####################
2025-02-03 13:04:25,385 - INFO - Epoch 88: train_loss=0.5440
2025-02-03 13:04:25,857 - INFO - Epoch 88: train_loss=0.7216
2025-02-03 13:04:27,089 - INFO - Epoch 88: val_loss=3.4353, val_acc=33.33%
2025-02-03 13:04:27,096 - INFO - ####################Training epoch 89####################
2025-02-03 13:04:28,576 - INFO - Epoch 89: train_loss=0.6645
2025-02-03 13:04:29,447 - INFO - Epoch 89: train_loss=0.4885
2025-02-03 13:04:30,839 - INFO - Epoch 89: val_loss=3.4370, val_acc=33.33%
2025-02-03 13:04:30,858 - INFO - ####################Training epoch 90####################
2025-02-03 13:04:32,244 - INFO - Epoch 90: train_loss=0.6706
2025-02-03 13:04:33,020 - INFO - Epoch 90: train_loss=0.4657
2025-02-03 13:04:34,510 - INFO - Epoch 90: val_loss=3.4529, val_acc=33.33%
2025-02-03 13:04:34,529 - INFO - ####################Training epoch 91####################
2025-02-03 13:04:35,963 - INFO - Epoch 91: train_loss=0.5259
2025-02-03 13:04:36,959 - INFO - Epoch 91: train_loss=0.7572
2025-02-03 13:04:38,334 - INFO - Epoch 91: val_loss=3.4525, val_acc=33.33%
2025-02-03 13:04:38,344 - INFO - ####################Training epoch 92####################
2025-02-03 13:04:39,922 - INFO - Epoch 92: train_loss=0.6668
2025-02-03 13:04:41,188 - INFO - Epoch 92: train_loss=0.4666
2025-02-03 13:04:42,689 - INFO - Epoch 92: val_loss=3.4493, val_acc=33.33%
2025-02-03 13:04:42,708 - INFO - ####################Training epoch 93####################
2025-02-03 13:04:44,239 - INFO - Epoch 93: train_loss=0.5427
2025-02-03 13:04:45,367 - INFO - Epoch 93: train_loss=0.7249
2025-02-03 13:04:46,731 - INFO - Epoch 93: val_loss=3.4443, val_acc=33.33%
2025-02-03 13:04:46,742 - INFO - ####################Training epoch 94####################
2025-02-03 13:04:48,190 - INFO - Epoch 94: train_loss=0.6112
2025-02-03 13:04:49,142 - INFO - Epoch 94: train_loss=0.5872
2025-02-03 13:04:50,706 - INFO - Epoch 94: val_loss=3.4479, val_acc=33.33%
2025-02-03 13:04:50,716 - INFO - ####################Training epoch 95####################
2025-02-03 13:04:51,970 - INFO - Epoch 95: train_loss=0.6640
2025-02-03 13:04:52,811 - INFO - Epoch 95: train_loss=0.4714
2025-02-03 13:04:54,386 - INFO - Epoch 95: val_loss=3.4331, val_acc=33.33%
2025-02-03 13:04:54,405 - INFO - ####################Training epoch 96####################
2025-02-03 13:04:55,689 - INFO - Epoch 96: train_loss=0.4886
2025-02-03 13:04:56,391 - INFO - Epoch 96: train_loss=0.8302
2025-02-03 13:04:57,841 - INFO - Epoch 96: val_loss=3.4159, val_acc=33.33%
2025-02-03 13:04:57,863 - INFO - ####################Training epoch 97####################
2025-02-03 13:04:59,198 - INFO - Epoch 97: train_loss=0.6994
2025-02-03 13:04:59,910 - INFO - Epoch 97: train_loss=0.4168
2025-02-03 13:05:01,285 - INFO - Epoch 97: val_loss=3.4559, val_acc=33.33%
2025-02-03 13:05:01,291 - INFO - ####################Training epoch 98####################
2025-02-03 13:05:02,857 - INFO - Epoch 98: train_loss=0.5550
2025-02-03 13:05:03,739 - INFO - Epoch 98: train_loss=0.7011
2025-02-03 13:05:05,128 - INFO - Epoch 98: val_loss=3.4731, val_acc=33.33%
2025-02-03 13:05:05,135 - INFO - ####################Training epoch 99####################
2025-02-03 13:05:06,610 - INFO - Epoch 99: train_loss=0.6060
2025-02-03 13:05:07,566 - INFO - Epoch 99: train_loss=0.5973
2025-02-03 13:05:09,138 - INFO - Epoch 99: val_loss=3.4511, val_acc=33.33%
2025-02-03 13:05:09,768 - INFO - Model saved.
