2025-02-03 12:59:41,371 - INFO - Starting training with the following parameters:
2025-02-03 12:59:41,371 - INFO - | Parameter       | Value               |
|-----------------|---------------------|
| attention       | Scaled Dot-Product|
| d_model         | 128            |
| n_heads         | 8              |
| d_f             | 128            |
| num_layers      | 3              |
| d_input         | 32             |
| num_classes     | 3              |
| dropout         | 0.1            |
| learning_rate   | 1e-05          |
| epochs          | 100            |
| batch_size      | 16             |

2025-02-03 12:59:44,725 - INFO - Epoch 0: val_loss=1.2430, val_acc=33.33%
2025-02-03 12:59:46,336 - INFO - ####################Training epoch 0####################
2025-02-03 12:59:46,737 - INFO - Epoch 0: train_loss=1.1525
2025-02-03 12:59:47,606 - INFO - Epoch 0: train_loss=1.2504
2025-02-03 12:59:49,923 - INFO - Epoch 0: val_loss=1.2385, val_acc=33.33%
2025-02-03 12:59:50,001 - INFO - ####################Training epoch 1####################
2025-02-03 12:59:52,355 - INFO - Epoch 1: train_loss=1.2222
2025-02-03 12:59:52,828 - INFO - Epoch 1: train_loss=1.0673
2025-02-03 12:59:55,155 - INFO - Epoch 1: val_loss=1.2317, val_acc=33.33%
2025-02-03 12:59:55,194 - INFO - ####################Training epoch 2####################
2025-02-03 12:59:57,356 - INFO - Epoch 2: train_loss=1.2487
2025-02-03 12:59:57,761 - INFO - Epoch 2: train_loss=0.9876
2025-02-03 13:00:00,097 - INFO - Epoch 2: val_loss=1.2307, val_acc=33.33%
2025-02-03 13:00:00,149 - INFO - ####################Training epoch 3####################
2025-02-03 13:00:02,536 - INFO - Epoch 3: train_loss=1.1593
2025-02-03 13:00:03,252 - INFO - Epoch 3: train_loss=1.1394
2025-02-03 13:00:05,678 - INFO - Epoch 3: val_loss=1.2293, val_acc=33.33%
2025-02-03 13:00:05,724 - INFO - ####################Training epoch 4####################
2025-02-03 13:00:07,910 - INFO - Epoch 4: train_loss=1.2505
2025-02-03 13:00:08,480 - INFO - Epoch 4: train_loss=0.9310
2025-02-03 13:00:10,792 - INFO - Epoch 4: val_loss=1.2281, val_acc=33.33%
2025-02-03 13:00:10,857 - INFO - ####################Training epoch 5####################
2025-02-03 13:00:13,033 - INFO - Epoch 5: train_loss=1.1043
2025-02-03 13:00:13,393 - INFO - Epoch 5: train_loss=1.1988
2025-02-03 13:00:15,750 - INFO - Epoch 5: val_loss=1.2257, val_acc=33.33%
2025-02-03 13:00:15,795 - INFO - ####################Training epoch 6####################
2025-02-03 13:00:17,939 - INFO - Epoch 6: train_loss=1.1293
2025-02-03 13:00:18,299 - INFO - Epoch 6: train_loss=1.1280
2025-02-03 13:00:20,559 - INFO - Epoch 6: val_loss=1.2252, val_acc=33.33%
2025-02-03 13:00:20,622 - INFO - ####################Training epoch 7####################
2025-02-03 13:00:22,898 - INFO - Epoch 7: train_loss=1.1674
2025-02-03 13:00:23,351 - INFO - Epoch 7: train_loss=1.0323
2025-02-03 13:00:25,600 - INFO - Epoch 7: val_loss=1.2237, val_acc=33.33%
2025-02-03 13:00:25,657 - INFO - ####################Training epoch 8####################
2025-02-03 13:00:27,856 - INFO - Epoch 8: train_loss=1.1896
2025-02-03 13:00:28,211 - INFO - Epoch 8: train_loss=0.9805
2025-02-03 13:00:30,458 - INFO - Epoch 8: val_loss=1.2249, val_acc=33.33%
2025-02-03 13:00:30,512 - INFO - ####################Training epoch 9####################
2025-02-03 13:00:32,727 - INFO - Epoch 9: train_loss=1.0385
2025-02-03 13:00:33,190 - INFO - Epoch 9: train_loss=1.2603
2025-02-03 13:00:35,473 - INFO - Epoch 9: val_loss=1.2260, val_acc=33.33%
2025-02-03 13:00:35,481 - INFO - ####################Training epoch 10####################
2025-02-03 13:00:38,040 - INFO - Epoch 10: train_loss=1.0647
2025-02-03 13:00:38,715 - INFO - Epoch 10: train_loss=1.1948
2025-02-03 13:00:41,765 - INFO - Epoch 10: val_loss=1.2325, val_acc=33.33%
2025-02-03 13:00:41,805 - INFO - ####################Training epoch 11####################
2025-02-03 13:00:44,455 - INFO - Epoch 11: train_loss=1.1086
2025-02-03 13:00:45,206 - INFO - Epoch 11: train_loss=1.1029
2025-02-03 13:00:47,885 - INFO - Epoch 11: val_loss=1.2367, val_acc=33.33%
2025-02-03 13:00:47,921 - INFO - ####################Training epoch 12####################
2025-02-03 13:00:50,469 - INFO - Epoch 12: train_loss=1.0569
2025-02-03 13:00:51,056 - INFO - Epoch 12: train_loss=1.1895
2025-02-03 13:00:53,550 - INFO - Epoch 12: val_loss=1.2410, val_acc=33.33%
2025-02-03 13:00:53,562 - INFO - ####################Training epoch 13####################
2025-02-03 13:00:55,766 - INFO - Epoch 13: train_loss=1.0284
2025-02-03 13:00:56,209 - INFO - Epoch 13: train_loss=1.2324
2025-02-03 13:00:58,857 - INFO - Epoch 13: val_loss=1.2472, val_acc=33.33%
2025-02-03 13:00:58,870 - INFO - ####################Training epoch 14####################
2025-02-03 13:01:01,335 - INFO - Epoch 14: train_loss=1.0906
2025-02-03 13:01:01,923 - INFO - Epoch 14: train_loss=1.1013
2025-02-03 13:01:04,512 - INFO - Epoch 14: val_loss=1.2502, val_acc=33.33%
2025-02-03 13:01:04,533 - INFO - ####################Training epoch 15####################
2025-02-03 13:01:07,061 - INFO - Epoch 15: train_loss=1.1091
2025-02-03 13:01:07,594 - INFO - Epoch 15: train_loss=1.0597
2025-02-03 13:01:09,995 - INFO - Epoch 15: val_loss=1.2513, val_acc=33.33%
2025-02-03 13:01:10,004 - INFO - ####################Training epoch 16####################
2025-02-03 13:01:12,874 - INFO - Epoch 16: train_loss=1.1350
2025-02-03 13:01:13,847 - INFO - Epoch 16: train_loss=0.9954
2025-02-03 13:01:19,723 - INFO - Epoch 16: val_loss=1.2552, val_acc=33.33%
2025-02-03 13:01:19,753 - INFO - ####################Training epoch 17####################
2025-02-03 13:01:22,032 - INFO - Epoch 17: train_loss=1.0730
2025-02-03 13:01:22,386 - INFO - Epoch 17: train_loss=1.1182
2025-02-03 13:01:24,694 - INFO - Epoch 17: val_loss=1.2583, val_acc=33.33%
2025-02-03 13:01:24,703 - INFO - ####################Training epoch 18####################
2025-02-03 13:01:27,140 - INFO - Epoch 18: train_loss=1.0948
2025-02-03 13:01:27,489 - INFO - Epoch 18: train_loss=1.0659
2025-02-03 13:01:29,926 - INFO - Epoch 18: val_loss=1.2610, val_acc=33.33%
2025-02-03 13:01:29,946 - INFO - ####################Training epoch 19####################
2025-02-03 13:01:32,336 - INFO - Epoch 19: train_loss=1.0715
2025-02-03 13:01:33,071 - INFO - Epoch 19: train_loss=1.1043
2025-02-03 13:01:35,510 - INFO - Epoch 19: val_loss=1.2647, val_acc=33.33%
2025-02-03 13:01:35,523 - INFO - ####################Training epoch 20####################
2025-02-03 13:01:37,889 - INFO - Epoch 20: train_loss=1.0884
2025-02-03 13:01:38,912 - INFO - Epoch 20: train_loss=1.0619
2025-02-03 13:01:41,588 - INFO - Epoch 20: val_loss=1.2664, val_acc=33.33%
2025-02-03 13:01:41,621 - INFO - ####################Training epoch 21####################
2025-02-03 13:01:43,899 - INFO - Epoch 21: train_loss=1.0646
2025-02-03 13:01:44,255 - INFO - Epoch 21: train_loss=1.1001
2025-02-03 13:01:46,723 - INFO - Epoch 21: val_loss=1.2675, val_acc=33.33%
2025-02-03 13:01:46,736 - INFO - ####################Training epoch 22####################
2025-02-03 13:01:49,401 - INFO - Epoch 22: train_loss=1.0359
2025-02-03 13:01:50,234 - INFO - Epoch 22: train_loss=1.1516
2025-02-03 13:01:52,852 - INFO - Epoch 22: val_loss=1.2689, val_acc=33.33%
2025-02-03 13:01:52,864 - INFO - ####################Training epoch 23####################
2025-02-03 13:01:55,149 - INFO - Epoch 23: train_loss=1.0507
2025-02-03 13:01:55,517 - INFO - Epoch 23: train_loss=1.1188
2025-02-03 13:01:58,067 - INFO - Epoch 23: val_loss=1.2701, val_acc=33.33%
2025-02-03 13:01:58,086 - INFO - ####################Training epoch 24####################
2025-02-03 13:02:00,595 - INFO - Epoch 24: train_loss=1.0479
2025-02-03 13:02:01,447 - INFO - Epoch 24: train_loss=1.1193
2025-02-03 13:02:03,906 - INFO - Epoch 24: val_loss=1.2677, val_acc=33.33%
2025-02-03 13:02:03,913 - INFO - ####################Training epoch 25####################
2025-02-03 13:02:06,296 - INFO - Epoch 25: train_loss=1.0621
2025-02-03 13:02:06,888 - INFO - Epoch 25: train_loss=1.0814
2025-02-03 13:02:09,307 - INFO - Epoch 25: val_loss=1.2706, val_acc=33.33%
2025-02-03 13:02:09,319 - INFO - ####################Training epoch 26####################
2025-02-03 13:02:11,649 - INFO - Epoch 26: train_loss=1.0894
2025-02-03 13:02:12,409 - INFO - Epoch 26: train_loss=1.0258
2025-02-03 13:02:14,824 - INFO - Epoch 26: val_loss=1.2703, val_acc=33.33%
2025-02-03 13:02:14,832 - INFO - ####################Training epoch 27####################
2025-02-03 13:02:17,154 - INFO - Epoch 27: train_loss=1.0413
2025-02-03 13:02:17,749 - INFO - Epoch 27: train_loss=1.1224
2025-02-03 13:02:19,749 - INFO - Epoch 27: val_loss=1.2705, val_acc=33.33%
2025-02-03 13:02:19,765 - INFO - ####################Training epoch 28####################
2025-02-03 13:02:21,823 - INFO - Epoch 28: train_loss=1.0418
2025-02-03 13:02:22,179 - INFO - Epoch 28: train_loss=1.1190
2025-02-03 13:02:23,882 - INFO - Epoch 28: val_loss=1.2732, val_acc=33.33%
2025-02-03 13:02:23,906 - INFO - ####################Training epoch 29####################
2025-02-03 13:02:25,258 - INFO - Epoch 29: train_loss=1.0558
2025-02-03 13:02:25,912 - INFO - Epoch 29: train_loss=1.0849
2025-02-03 13:02:27,716 - INFO - Epoch 29: val_loss=1.2696, val_acc=33.33%
2025-02-03 13:02:27,744 - INFO - ####################Training epoch 30####################
2025-02-03 13:02:29,278 - INFO - Epoch 30: train_loss=1.0811
2025-02-03 13:02:29,879 - INFO - Epoch 30: train_loss=1.0383
2025-02-03 13:02:31,636 - INFO - Epoch 30: val_loss=1.2721, val_acc=33.33%
2025-02-03 13:02:31,656 - INFO - ####################Training epoch 31####################
2025-02-03 13:02:33,174 - INFO - Epoch 31: train_loss=0.9916
2025-02-03 13:02:33,675 - INFO - Epoch 31: train_loss=1.2098
2025-02-03 13:02:35,229 - INFO - Epoch 31: val_loss=1.2724, val_acc=33.33%
2025-02-03 13:02:35,241 - INFO - ####################Training epoch 32####################
2025-02-03 13:02:36,904 - INFO - Epoch 32: train_loss=1.0120
2025-02-03 13:02:37,720 - INFO - Epoch 32: train_loss=1.1724
2025-02-03 13:02:39,595 - INFO - Epoch 32: val_loss=1.2728, val_acc=33.33%
2025-02-03 13:02:39,623 - INFO - ####################Training epoch 33####################
2025-02-03 13:02:41,084 - INFO - Epoch 33: train_loss=1.0340
2025-02-03 13:02:42,019 - INFO - Epoch 33: train_loss=1.1230
2025-02-03 13:02:43,757 - INFO - Epoch 33: val_loss=1.2725, val_acc=33.33%
2025-02-03 13:02:43,769 - INFO - ####################Training epoch 34####################
2025-02-03 13:02:45,486 - INFO - Epoch 34: train_loss=1.0813
2025-02-03 13:02:46,461 - INFO - Epoch 34: train_loss=1.0288
2025-02-03 13:02:48,014 - INFO - Epoch 34: val_loss=1.2719, val_acc=33.33%
2025-02-03 13:02:48,029 - INFO - ####################Training epoch 35####################
2025-02-03 13:02:49,380 - INFO - Epoch 35: train_loss=1.0444
2025-02-03 13:02:50,083 - INFO - Epoch 35: train_loss=1.1008
2025-02-03 13:02:51,840 - INFO - Epoch 35: val_loss=1.2726, val_acc=33.33%
2025-02-03 13:02:51,853 - INFO - ####################Training epoch 36####################
2025-02-03 13:02:53,384 - INFO - Epoch 36: train_loss=1.1286
2025-02-03 13:02:54,499 - INFO - Epoch 36: train_loss=0.9375
2025-02-03 13:02:56,310 - INFO - Epoch 36: val_loss=1.2720, val_acc=33.33%
2025-02-03 13:02:56,323 - INFO - ####################Training epoch 37####################
2025-02-03 13:02:58,234 - INFO - Epoch 37: train_loss=1.0394
2025-02-03 13:02:59,338 - INFO - Epoch 37: train_loss=1.1144
2025-02-03 13:03:00,989 - INFO - Epoch 37: val_loss=1.2728, val_acc=33.33%
2025-02-03 13:03:01,001 - INFO - ####################Training epoch 38####################
2025-02-03 13:03:02,834 - INFO - Epoch 38: train_loss=1.0644
2025-02-03 13:03:03,734 - INFO - Epoch 38: train_loss=1.0611
2025-02-03 13:03:05,329 - INFO - Epoch 38: val_loss=1.2724, val_acc=33.33%
2025-02-03 13:03:05,347 - INFO - ####################Training epoch 39####################
2025-02-03 13:03:07,105 - INFO - Epoch 39: train_loss=1.0870
2025-02-03 13:03:07,578 - INFO - Epoch 39: train_loss=1.0139
2025-02-03 13:03:09,050 - INFO - Epoch 39: val_loss=1.2742, val_acc=33.33%
2025-02-03 13:03:09,056 - INFO - ####################Training epoch 40####################
2025-02-03 13:03:10,694 - INFO - Epoch 40: train_loss=1.0651
2025-02-03 13:03:11,289 - INFO - Epoch 40: train_loss=1.0602
2025-02-03 13:03:12,828 - INFO - Epoch 40: val_loss=1.2755, val_acc=33.33%
2025-02-03 13:03:12,835 - INFO - ####################Training epoch 41####################
2025-02-03 13:03:14,358 - INFO - Epoch 41: train_loss=1.0794
2025-02-03 13:03:15,141 - INFO - Epoch 41: train_loss=1.0296
2025-02-03 13:03:16,908 - INFO - Epoch 41: val_loss=1.2722, val_acc=33.33%
2025-02-03 13:03:16,920 - INFO - ####################Training epoch 42####################
2025-02-03 13:03:18,482 - INFO - Epoch 42: train_loss=1.0230
2025-02-03 13:03:19,509 - INFO - Epoch 42: train_loss=1.1445
2025-02-03 13:03:21,196 - INFO - Epoch 42: val_loss=1.2735, val_acc=33.33%
2025-02-03 13:03:21,202 - INFO - ####################Training epoch 43####################
2025-02-03 13:03:22,809 - INFO - Epoch 43: train_loss=1.0776
2025-02-03 13:03:23,552 - INFO - Epoch 43: train_loss=1.0343
2025-02-03 13:03:25,174 - INFO - Epoch 43: val_loss=1.2738, val_acc=33.33%
2025-02-03 13:03:25,187 - INFO - ####################Training epoch 44####################
2025-02-03 13:03:26,865 - INFO - Epoch 44: train_loss=1.0263
2025-02-03 13:03:27,693 - INFO - Epoch 44: train_loss=1.1362
2025-02-03 13:03:29,542 - INFO - Epoch 44: val_loss=1.2754, val_acc=33.33%
2025-02-03 13:03:29,579 - INFO - ####################Training epoch 45####################
2025-02-03 13:03:31,002 - INFO - Epoch 45: train_loss=1.0556
2025-02-03 13:03:31,633 - INFO - Epoch 45: train_loss=1.0780
2025-02-03 13:03:33,349 - INFO - Epoch 45: val_loss=1.2741, val_acc=33.33%
2025-02-03 13:03:33,368 - INFO - ####################Training epoch 46####################
2025-02-03 13:03:34,985 - INFO - Epoch 46: train_loss=1.0334
2025-02-03 13:03:35,715 - INFO - Epoch 46: train_loss=1.1196
2025-02-03 13:03:37,409 - INFO - Epoch 46: val_loss=1.2734, val_acc=33.33%
2025-02-03 13:03:37,421 - INFO - ####################Training epoch 47####################
2025-02-03 13:03:38,854 - INFO - Epoch 47: train_loss=1.0786
2025-02-03 13:03:39,518 - INFO - Epoch 47: train_loss=1.0318
2025-02-03 13:03:41,270 - INFO - Epoch 47: val_loss=1.2735, val_acc=33.33%
2025-02-03 13:03:41,281 - INFO - ####################Training epoch 48####################
2025-02-03 13:03:42,678 - INFO - Epoch 48: train_loss=1.0639
2025-02-03 13:03:43,187 - INFO - Epoch 48: train_loss=1.0578
2025-02-03 13:03:44,995 - INFO - Epoch 48: val_loss=1.2743, val_acc=33.33%
2025-02-03 13:03:45,013 - INFO - ####################Training epoch 49####################
2025-02-03 13:03:46,544 - INFO - Epoch 49: train_loss=1.0872
2025-02-03 13:03:47,537 - INFO - Epoch 49: train_loss=1.0120
2025-02-03 13:03:49,259 - INFO - Epoch 49: val_loss=1.2740, val_acc=33.33%
2025-02-03 13:03:49,266 - INFO - ####################Training epoch 50####################
2025-02-03 13:03:50,983 - INFO - Epoch 50: train_loss=1.0925
2025-02-03 13:03:52,109 - INFO - Epoch 50: train_loss=1.0030
2025-02-03 13:03:53,773 - INFO - Epoch 50: val_loss=1.2750, val_acc=33.33%
2025-02-03 13:03:53,792 - INFO - ####################Training epoch 51####################
2025-02-03 13:03:55,554 - INFO - Epoch 51: train_loss=1.0509
2025-02-03 13:03:56,165 - INFO - Epoch 51: train_loss=1.0860
2025-02-03 13:03:57,685 - INFO - Epoch 51: val_loss=1.2747, val_acc=33.33%
2025-02-03 13:03:57,691 - INFO - ####################Training epoch 52####################
2025-02-03 13:03:59,229 - INFO - Epoch 52: train_loss=1.0810
2025-02-03 13:03:59,910 - INFO - Epoch 52: train_loss=1.0194
2025-02-03 13:04:01,710 - INFO - Epoch 52: val_loss=1.2745, val_acc=33.33%
2025-02-03 13:04:01,726 - INFO - ####################Training epoch 53####################
2025-02-03 13:04:03,437 - INFO - Epoch 53: train_loss=1.0880
2025-02-03 13:04:04,322 - INFO - Epoch 53: train_loss=1.0113
2025-02-03 13:04:05,996 - INFO - Epoch 53: val_loss=1.2744, val_acc=33.33%
2025-02-03 13:04:06,008 - INFO - ####################Training epoch 54####################
2025-02-03 13:04:07,586 - INFO - Epoch 54: train_loss=1.0585
2025-02-03 13:04:08,491 - INFO - Epoch 54: train_loss=1.0687
2025-02-03 13:04:10,131 - INFO - Epoch 54: val_loss=1.2741, val_acc=33.33%
2025-02-03 13:04:10,143 - INFO - ####################Training epoch 55####################
2025-02-03 13:04:11,553 - INFO - Epoch 55: train_loss=1.1128
2025-02-03 13:04:12,185 - INFO - Epoch 55: train_loss=0.9571
2025-02-03 13:04:13,805 - INFO - Epoch 55: val_loss=1.2738, val_acc=33.33%
2025-02-03 13:04:13,825 - INFO - ####################Training epoch 56####################
2025-02-03 13:04:15,318 - INFO - Epoch 56: train_loss=1.0522
2025-02-03 13:04:16,067 - INFO - Epoch 56: train_loss=1.0831
2025-02-03 13:04:17,653 - INFO - Epoch 56: val_loss=1.2738, val_acc=33.33%
2025-02-03 13:04:17,664 - INFO - ####################Training epoch 57####################
2025-02-03 13:04:19,349 - INFO - Epoch 57: train_loss=1.0731
2025-02-03 13:04:20,149 - INFO - Epoch 57: train_loss=1.0402
2025-02-03 13:04:21,828 - INFO - Epoch 57: val_loss=1.2741, val_acc=33.33%
2025-02-03 13:04:21,836 - INFO - ####################Training epoch 58####################
2025-02-03 13:04:23,472 - INFO - Epoch 58: train_loss=1.0889
2025-02-03 13:04:24,727 - INFO - Epoch 58: train_loss=1.0093
2025-02-03 13:04:26,421 - INFO - Epoch 58: val_loss=1.2749, val_acc=33.33%
2025-02-03 13:04:26,432 - INFO - ####################Training epoch 59####################
2025-02-03 13:04:28,023 - INFO - Epoch 59: train_loss=1.0460
2025-02-03 13:04:28,933 - INFO - Epoch 59: train_loss=1.0936
2025-02-03 13:04:30,645 - INFO - Epoch 59: val_loss=1.2735, val_acc=33.33%
2025-02-03 13:04:30,656 - INFO - ####################Training epoch 60####################
2025-02-03 13:04:32,307 - INFO - Epoch 60: train_loss=1.0639
2025-02-03 13:04:33,057 - INFO - Epoch 60: train_loss=1.0599
2025-02-03 13:04:34,797 - INFO - Epoch 60: val_loss=1.2760, val_acc=33.33%
2025-02-03 13:04:34,818 - INFO - ####################Training epoch 61####################
2025-02-03 13:04:36,601 - INFO - Epoch 61: train_loss=1.0377
2025-02-03 13:04:37,439 - INFO - Epoch 61: train_loss=1.1132
2025-02-03 13:04:39,153 - INFO - Epoch 61: val_loss=1.2737, val_acc=33.33%
2025-02-03 13:04:39,172 - INFO - ####################Training epoch 62####################
2025-02-03 13:04:40,933 - INFO - Epoch 62: train_loss=1.0308
2025-02-03 13:04:41,815 - INFO - Epoch 62: train_loss=1.1261
2025-02-03 13:04:43,461 - INFO - Epoch 62: val_loss=1.2747, val_acc=33.33%
2025-02-03 13:04:43,485 - INFO - ####################Training epoch 63####################
2025-02-03 13:04:45,304 - INFO - Epoch 63: train_loss=1.0892
2025-02-03 13:04:46,177 - INFO - Epoch 63: train_loss=1.0074
2025-02-03 13:04:48,022 - INFO - Epoch 63: val_loss=1.2745, val_acc=33.33%
2025-02-03 13:04:48,039 - INFO - ####################Training epoch 64####################
2025-02-03 13:04:49,770 - INFO - Epoch 64: train_loss=1.0446
2025-02-03 13:04:50,443 - INFO - Epoch 64: train_loss=1.0983
2025-02-03 13:04:52,202 - INFO - Epoch 64: val_loss=1.2740, val_acc=33.33%
2025-02-03 13:04:52,226 - INFO - ####################Training epoch 65####################
2025-02-03 13:04:53,748 - INFO - Epoch 65: train_loss=1.0211
2025-02-03 13:04:54,515 - INFO - Epoch 65: train_loss=1.1391
2025-02-03 13:04:56,242 - INFO - Epoch 65: val_loss=1.2734, val_acc=33.33%
2025-02-03 13:04:56,267 - INFO - ####################Training epoch 66####################
2025-02-03 13:04:57,808 - INFO - Epoch 66: train_loss=1.0730
2025-02-03 13:04:58,570 - INFO - Epoch 66: train_loss=1.0416
2025-02-03 13:05:00,339 - INFO - Epoch 66: val_loss=1.2738, val_acc=33.33%
2025-02-03 13:05:00,348 - INFO - ####################Training epoch 67####################
2025-02-03 13:05:01,790 - INFO - Epoch 67: train_loss=1.0627
2025-02-03 13:05:02,693 - INFO - Epoch 67: train_loss=1.0572
2025-02-03 13:05:04,497 - INFO - Epoch 67: val_loss=1.2735, val_acc=33.33%
2025-02-03 13:05:04,519 - INFO - ####################Training epoch 68####################
2025-02-03 13:05:05,989 - INFO - Epoch 68: train_loss=1.0838
2025-02-03 13:05:06,770 - INFO - Epoch 68: train_loss=1.0164
2025-02-03 13:05:08,745 - INFO - Epoch 68: val_loss=1.2756, val_acc=33.33%
2025-02-03 13:05:08,767 - INFO - ####################Training epoch 69####################
2025-02-03 13:05:10,233 - INFO - Epoch 69: train_loss=1.0788
2025-02-03 13:05:11,025 - INFO - Epoch 69: train_loss=1.0253
2025-02-03 13:05:12,728 - INFO - Epoch 69: val_loss=1.2748, val_acc=33.33%
2025-02-03 13:05:12,746 - INFO - ####################Training epoch 70####################
2025-02-03 13:05:14,152 - INFO - Epoch 70: train_loss=1.0547
2025-02-03 13:05:14,705 - INFO - Epoch 70: train_loss=1.0772
2025-02-03 13:05:16,341 - INFO - Epoch 70: val_loss=1.2735, val_acc=33.33%
2025-02-03 13:05:16,362 - INFO - ####################Training epoch 71####################
2025-02-03 13:05:17,863 - INFO - Epoch 71: train_loss=1.0323
2025-02-03 13:05:18,508 - INFO - Epoch 71: train_loss=1.1203
2025-02-03 13:05:20,139 - INFO - Epoch 71: val_loss=1.2738, val_acc=33.33%
2025-02-03 13:05:20,150 - INFO - ####################Training epoch 72####################
2025-02-03 13:05:21,562 - INFO - Epoch 72: train_loss=1.0591
2025-02-03 13:05:21,865 - INFO - Epoch 72: train_loss=1.0644
2025-02-03 13:05:23,412 - INFO - Epoch 72: val_loss=1.2738, val_acc=33.33%
2025-02-03 13:05:23,424 - INFO - ####################Training epoch 73####################
2025-02-03 13:05:24,796 - INFO - Epoch 73: train_loss=1.0459
2025-02-03 13:05:25,100 - INFO - Epoch 73: train_loss=1.0910
2025-02-03 13:05:26,657 - INFO - Epoch 73: val_loss=1.2746, val_acc=33.33%
2025-02-03 13:05:26,663 - INFO - ####################Training epoch 74####################
2025-02-03 13:05:28,027 - INFO - Epoch 74: train_loss=1.0841
2025-02-03 13:05:28,366 - INFO - Epoch 74: train_loss=1.0188
2025-02-03 13:05:29,968 - INFO - Epoch 74: val_loss=1.2734, val_acc=33.33%
2025-02-03 13:05:29,980 - INFO - ####################Training epoch 75####################
2025-02-03 13:05:31,318 - INFO - Epoch 75: train_loss=1.0340
2025-02-03 13:05:31,698 - INFO - Epoch 75: train_loss=1.1152
2025-02-03 13:05:33,362 - INFO - Epoch 75: val_loss=1.2759, val_acc=33.33%
2025-02-03 13:05:33,374 - INFO - ####################Training epoch 76####################
2025-02-03 13:05:34,782 - INFO - Epoch 76: train_loss=1.0837
2025-02-03 13:05:35,382 - INFO - Epoch 76: train_loss=1.0158
2025-02-03 13:05:36,993 - INFO - Epoch 76: val_loss=1.2748, val_acc=33.33%
2025-02-03 13:05:36,999 - INFO - ####################Training epoch 77####################
2025-02-03 13:05:38,486 - INFO - Epoch 77: train_loss=1.0098
2025-02-03 13:05:39,219 - INFO - Epoch 77: train_loss=1.1636
2025-02-03 13:05:40,741 - INFO - Epoch 77: val_loss=1.2744, val_acc=33.33%
2025-02-03 13:05:40,746 - INFO - ####################Training epoch 78####################
2025-02-03 13:05:42,280 - INFO - Epoch 78: train_loss=1.0881
2025-02-03 13:05:42,691 - INFO - Epoch 78: train_loss=1.0124
2025-02-03 13:05:44,158 - INFO - Epoch 78: val_loss=1.2742, val_acc=33.33%
2025-02-03 13:05:44,164 - INFO - ####################Training epoch 79####################
2025-02-03 13:05:45,569 - INFO - Epoch 79: train_loss=1.0620
2025-02-03 13:05:45,871 - INFO - Epoch 79: train_loss=1.0588
2025-02-03 13:05:47,433 - INFO - Epoch 79: val_loss=1.2742, val_acc=33.33%
2025-02-03 13:05:47,440 - INFO - ####################Training epoch 80####################
2025-02-03 13:05:48,800 - INFO - Epoch 80: train_loss=1.0760
2025-02-03 13:05:49,212 - INFO - Epoch 80: train_loss=1.0297
2025-02-03 13:05:50,776 - INFO - Epoch 80: val_loss=1.2737, val_acc=33.33%
2025-02-03 13:05:50,783 - INFO - ####################Training epoch 81####################
2025-02-03 13:05:52,146 - INFO - Epoch 81: train_loss=1.0435
2025-02-03 13:05:52,651 - INFO - Epoch 81: train_loss=1.0935
2025-02-03 13:05:54,129 - INFO - Epoch 81: val_loss=1.2748, val_acc=33.33%
2025-02-03 13:05:54,135 - INFO - ####################Training epoch 82####################
2025-02-03 13:05:55,482 - INFO - Epoch 82: train_loss=1.0681
2025-02-03 13:05:55,966 - INFO - Epoch 82: train_loss=1.0526
2025-02-03 13:05:57,494 - INFO - Epoch 82: val_loss=1.2732, val_acc=33.33%
2025-02-03 13:05:57,505 - INFO - ####################Training epoch 83####################
2025-02-03 13:05:58,878 - INFO - Epoch 83: train_loss=1.0482
2025-02-03 13:05:59,351 - INFO - Epoch 83: train_loss=1.0856
2025-02-03 13:06:00,962 - INFO - Epoch 83: val_loss=1.2765, val_acc=33.33%
2025-02-03 13:06:00,975 - INFO - ####################Training epoch 84####################
2025-02-03 13:06:02,312 - INFO - Epoch 84: train_loss=1.0575
2025-02-03 13:06:02,918 - INFO - Epoch 84: train_loss=1.0706
2025-02-03 13:06:04,439 - INFO - Epoch 84: val_loss=1.2726, val_acc=33.33%
2025-02-03 13:06:04,447 - INFO - ####################Training epoch 85####################
2025-02-03 13:06:05,876 - INFO - Epoch 85: train_loss=1.0238
2025-02-03 13:06:06,482 - INFO - Epoch 85: train_loss=1.1382
2025-02-03 13:06:08,034 - INFO - Epoch 85: val_loss=1.2744, val_acc=33.33%
2025-02-03 13:06:08,041 - INFO - ####################Training epoch 86####################
2025-02-03 13:06:09,414 - INFO - Epoch 86: train_loss=1.0588
2025-02-03 13:06:09,947 - INFO - Epoch 86: train_loss=1.0610
2025-02-03 13:06:11,461 - INFO - Epoch 86: val_loss=1.2747, val_acc=33.33%
2025-02-03 13:06:11,473 - INFO - ####################Training epoch 87####################
2025-02-03 13:06:12,901 - INFO - Epoch 87: train_loss=1.0616
2025-02-03 13:06:13,309 - INFO - Epoch 87: train_loss=1.0609
2025-02-03 13:06:14,761 - INFO - Epoch 87: val_loss=1.2760, val_acc=33.33%
2025-02-03 13:06:14,767 - INFO - ####################Training epoch 88####################
2025-02-03 13:06:16,126 - INFO - Epoch 88: train_loss=1.0913
2025-02-03 13:06:16,460 - INFO - Epoch 88: train_loss=1.0057
2025-02-03 13:06:18,026 - INFO - Epoch 88: val_loss=1.2746, val_acc=33.33%
2025-02-03 13:06:18,033 - INFO - ####################Training epoch 89####################
2025-02-03 13:06:19,492 - INFO - Epoch 89: train_loss=1.0569
2025-02-03 13:06:19,950 - INFO - Epoch 89: train_loss=1.0692
2025-02-03 13:06:21,485 - INFO - Epoch 89: val_loss=1.2756, val_acc=33.33%
2025-02-03 13:06:21,492 - INFO - ####################Training epoch 90####################
2025-02-03 13:06:22,897 - INFO - Epoch 90: train_loss=1.0552
2025-02-03 13:06:23,450 - INFO - Epoch 90: train_loss=1.0728
2025-02-03 13:06:24,949 - INFO - Epoch 90: val_loss=1.2738, val_acc=33.33%
2025-02-03 13:06:24,954 - INFO - ####################Training epoch 91####################
2025-02-03 13:06:26,482 - INFO - Epoch 91: train_loss=1.0556
2025-02-03 13:06:27,036 - INFO - Epoch 91: train_loss=1.0741
2025-02-03 13:06:28,438 - INFO - Epoch 91: val_loss=1.2761, val_acc=33.33%
2025-02-03 13:06:28,444 - INFO - ####################Training epoch 92####################
2025-02-03 13:06:29,994 - INFO - Epoch 92: train_loss=1.0889
2025-02-03 13:06:30,326 - INFO - Epoch 92: train_loss=1.0041
2025-02-03 13:06:31,743 - INFO - Epoch 92: val_loss=1.2748, val_acc=33.33%
2025-02-03 13:06:31,750 - INFO - ####################Training epoch 93####################
2025-02-03 13:06:33,316 - INFO - Epoch 93: train_loss=1.0674
2025-02-03 13:06:33,619 - INFO - Epoch 93: train_loss=1.0481
2025-02-03 13:06:35,062 - INFO - Epoch 93: val_loss=1.2741, val_acc=33.33%
2025-02-03 13:06:35,069 - INFO - ####################Training epoch 94####################
2025-02-03 13:06:36,523 - INFO - Epoch 94: train_loss=1.0283
2025-02-03 13:06:36,824 - INFO - Epoch 94: train_loss=1.1258
2025-02-03 13:06:38,301 - INFO - Epoch 94: val_loss=1.2748, val_acc=33.33%
2025-02-03 13:06:38,307 - INFO - ####################Training epoch 95####################
2025-02-03 13:06:39,783 - INFO - Epoch 95: train_loss=1.0738
2025-02-03 13:06:40,141 - INFO - Epoch 95: train_loss=1.0404
2025-02-03 13:06:41,604 - INFO - Epoch 95: val_loss=1.2747, val_acc=33.33%
2025-02-03 13:06:41,612 - INFO - ####################Training epoch 96####################
2025-02-03 13:06:43,013 - INFO - Epoch 96: train_loss=1.0554
2025-02-03 13:06:43,405 - INFO - Epoch 96: train_loss=1.0766
2025-02-03 13:06:44,881 - INFO - Epoch 96: val_loss=1.2727, val_acc=33.33%
2025-02-03 13:06:44,887 - INFO - ####################Training epoch 97####################
2025-02-03 13:06:46,316 - INFO - Epoch 97: train_loss=1.0303
2025-02-03 13:06:46,749 - INFO - Epoch 97: train_loss=1.1281
2025-02-03 13:06:48,231 - INFO - Epoch 97: val_loss=1.2750, val_acc=33.33%
2025-02-03 13:06:48,237 - INFO - ####################Training epoch 98####################
2025-02-03 13:06:49,607 - INFO - Epoch 98: train_loss=1.1039
2025-02-03 13:06:50,017 - INFO - Epoch 98: train_loss=0.9765
2025-02-03 13:06:51,489 - INFO - Epoch 98: val_loss=1.2756, val_acc=33.33%
2025-02-03 13:06:51,496 - INFO - ####################Training epoch 99####################
2025-02-03 13:06:52,961 - INFO - Epoch 99: train_loss=1.0277
2025-02-03 13:06:53,341 - INFO - Epoch 99: train_loss=1.1304
2025-02-03 13:06:54,762 - INFO - Epoch 99: val_loss=1.2740, val_acc=33.33%
2025-02-03 13:06:55,438 - INFO - Model saved.
