2025-02-03 12:59:16,138 - INFO - Starting training with the following parameters:
2025-02-03 12:59:16,139 - INFO - | Parameter       | Value               |
|-----------------|---------------------|
| attention       | Scaled Dot-Product|
| d_model         | 128            |
| n_heads         | 8              |
| d_f             | 128            |
| num_layers      | 3              |
| d_input         | 32             |
| num_classes     | 3              |
| dropout         | 0.1            |
| learning_rate   | 0.0001         |
| epochs          | 100            |
| batch_size      | 16             |

2025-02-03 12:59:19,945 - INFO - Epoch 0: val_loss=1.4572, val_acc=0.00%
2025-02-03 12:59:21,465 - INFO - ####################Training epoch 0####################
2025-02-03 12:59:21,633 - INFO - Epoch 0: train_loss=1.2403
2025-02-03 12:59:22,237 - INFO - Epoch 0: train_loss=1.0258
2025-02-03 12:59:24,106 - INFO - Epoch 0: val_loss=1.4149, val_acc=0.00%
2025-02-03 12:59:24,168 - INFO - ####################Training epoch 1####################
2025-02-03 12:59:25,903 - INFO - Epoch 1: train_loss=1.0409
2025-02-03 12:59:26,330 - INFO - Epoch 1: train_loss=1.1058
2025-02-03 12:59:28,457 - INFO - Epoch 1: val_loss=1.3129, val_acc=0.00%
2025-02-03 12:59:28,507 - INFO - ####################Training epoch 2####################
2025-02-03 12:59:31,008 - INFO - Epoch 2: train_loss=1.1244
2025-02-03 12:59:31,901 - INFO - Epoch 2: train_loss=0.8840
2025-02-03 12:59:34,003 - INFO - Epoch 2: val_loss=1.4101, val_acc=0.00%
2025-02-03 12:59:34,057 - INFO - ####################Training epoch 3####################
2025-02-03 12:59:36,019 - INFO - Epoch 3: train_loss=0.9673
2025-02-03 12:59:36,623 - INFO - Epoch 3: train_loss=0.9316
2025-02-03 12:59:38,496 - INFO - Epoch 3: val_loss=1.2830, val_acc=33.33%
2025-02-03 12:59:38,565 - INFO - ####################Training epoch 4####################
2025-02-03 12:59:40,591 - INFO - Epoch 4: train_loss=0.8991
2025-02-03 12:59:41,137 - INFO - Epoch 4: train_loss=1.0398
2025-02-03 12:59:43,075 - INFO - Epoch 4: val_loss=1.3668, val_acc=33.33%
2025-02-03 12:59:43,115 - INFO - ####################Training epoch 5####################
2025-02-03 12:59:44,981 - INFO - Epoch 5: train_loss=0.9132
2025-02-03 12:59:45,338 - INFO - Epoch 5: train_loss=0.9134
2025-02-03 12:59:47,317 - INFO - Epoch 5: val_loss=1.7494, val_acc=0.00%
2025-02-03 12:59:47,344 - INFO - ####################Training epoch 6####################
2025-02-03 12:59:49,465 - INFO - Epoch 6: train_loss=0.8749
2025-02-03 12:59:49,769 - INFO - Epoch 6: train_loss=0.9200
2025-02-03 12:59:51,665 - INFO - Epoch 6: val_loss=1.9006, val_acc=0.00%
2025-02-03 12:59:51,675 - INFO - ####################Training epoch 7####################
2025-02-03 12:59:53,590 - INFO - Epoch 7: train_loss=0.8999
2025-02-03 12:59:53,960 - INFO - Epoch 7: train_loss=1.0701
2025-02-03 12:59:55,974 - INFO - Epoch 7: val_loss=2.0150, val_acc=0.00%
2025-02-03 12:59:55,997 - INFO - ####################Training epoch 8####################
2025-02-03 12:59:57,885 - INFO - Epoch 8: train_loss=0.9525
2025-02-03 12:59:58,256 - INFO - Epoch 8: train_loss=0.9634
2025-02-03 13:00:00,226 - INFO - Epoch 8: val_loss=2.1586, val_acc=0.00%
2025-02-03 13:00:00,238 - INFO - ####################Training epoch 9####################
2025-02-03 13:00:02,072 - INFO - Epoch 9: train_loss=0.8829
2025-02-03 13:00:02,904 - INFO - Epoch 9: train_loss=0.8202
2025-02-03 13:00:04,875 - INFO - Epoch 9: val_loss=1.8079, val_acc=33.33%
2025-02-03 13:00:04,882 - INFO - ####################Training epoch 10####################
2025-02-03 13:00:06,873 - INFO - Epoch 10: train_loss=0.7585
2025-02-03 13:00:07,488 - INFO - Epoch 10: train_loss=1.0423
2025-02-03 13:00:09,434 - INFO - Epoch 10: val_loss=1.8184, val_acc=33.33%
2025-02-03 13:00:09,444 - INFO - ####################Training epoch 11####################
2025-02-03 13:00:11,371 - INFO - Epoch 11: train_loss=0.8603
2025-02-03 13:00:11,722 - INFO - Epoch 11: train_loss=0.8149
2025-02-03 13:00:13,620 - INFO - Epoch 11: val_loss=1.8189, val_acc=33.33%
2025-02-03 13:00:13,627 - INFO - ####################Training epoch 12####################
2025-02-03 13:00:15,478 - INFO - Epoch 12: train_loss=0.7378
2025-02-03 13:00:15,850 - INFO - Epoch 12: train_loss=1.0086
2025-02-03 13:00:17,730 - INFO - Epoch 12: val_loss=1.8412, val_acc=33.33%
2025-02-03 13:00:17,736 - INFO - ####################Training epoch 13####################
2025-02-03 13:00:19,631 - INFO - Epoch 13: train_loss=0.8741
2025-02-03 13:00:19,985 - INFO - Epoch 13: train_loss=0.6917
2025-02-03 13:00:21,912 - INFO - Epoch 13: val_loss=1.8658, val_acc=33.33%
2025-02-03 13:00:21,920 - INFO - ####################Training epoch 14####################
2025-02-03 13:00:23,911 - INFO - Epoch 14: train_loss=0.8226
2025-02-03 13:00:24,606 - INFO - Epoch 14: train_loss=0.7603
2025-02-03 13:00:26,616 - INFO - Epoch 14: val_loss=1.9031, val_acc=33.33%
2025-02-03 13:00:26,626 - INFO - ####################Training epoch 15####################
2025-02-03 13:00:28,633 - INFO - Epoch 15: train_loss=0.8735
2025-02-03 13:00:29,462 - INFO - Epoch 15: train_loss=0.6311
2025-02-03 13:00:31,560 - INFO - Epoch 15: val_loss=1.9111, val_acc=33.33%
2025-02-03 13:00:31,567 - INFO - ####################Training epoch 16####################
2025-02-03 13:00:33,620 - INFO - Epoch 16: train_loss=0.7594
2025-02-03 13:00:34,403 - INFO - Epoch 16: train_loss=0.8291
2025-02-03 13:00:36,420 - INFO - Epoch 16: val_loss=1.9399, val_acc=33.33%
2025-02-03 13:00:36,427 - INFO - ####################Training epoch 17####################
2025-02-03 13:00:38,616 - INFO - Epoch 17: train_loss=0.7504
2025-02-03 13:00:39,403 - INFO - Epoch 17: train_loss=0.8293
2025-02-03 13:00:41,765 - INFO - Epoch 17: val_loss=1.9856, val_acc=33.33%
2025-02-03 13:00:41,805 - INFO - ####################Training epoch 18####################
2025-02-03 13:00:43,909 - INFO - Epoch 18: train_loss=0.7766
2025-02-03 13:00:44,699 - INFO - Epoch 18: train_loss=0.7315
2025-02-03 13:00:47,008 - INFO - Epoch 18: val_loss=2.2306, val_acc=0.00%
2025-02-03 13:00:47,015 - INFO - ####################Training epoch 19####################
2025-02-03 13:00:49,062 - INFO - Epoch 19: train_loss=0.7348
2025-02-03 13:00:49,398 - INFO - Epoch 19: train_loss=0.7788
2025-02-03 13:00:51,473 - INFO - Epoch 19: val_loss=2.6158, val_acc=0.00%
2025-02-03 13:00:51,485 - INFO - ####################Training epoch 20####################
2025-02-03 13:00:53,358 - INFO - Epoch 20: train_loss=0.7471
2025-02-03 13:00:53,730 - INFO - Epoch 20: train_loss=0.7119
2025-02-03 13:00:55,736 - INFO - Epoch 20: val_loss=2.6914, val_acc=0.00%
2025-02-03 13:00:55,751 - INFO - ####################Training epoch 21####################
2025-02-03 13:00:57,691 - INFO - Epoch 21: train_loss=0.7699
2025-02-03 13:00:58,058 - INFO - Epoch 21: train_loss=0.6698
2025-02-03 13:01:00,208 - INFO - Epoch 21: val_loss=2.7127, val_acc=0.00%
2025-02-03 13:01:00,230 - INFO - ####################Training epoch 22####################
2025-02-03 13:01:02,194 - INFO - Epoch 22: train_loss=0.8002
2025-02-03 13:01:02,558 - INFO - Epoch 22: train_loss=0.6947
2025-02-03 13:01:05,017 - INFO - Epoch 22: val_loss=2.7121, val_acc=0.00%
2025-02-03 13:01:05,045 - INFO - ####################Training epoch 23####################
2025-02-03 13:01:07,379 - INFO - Epoch 23: train_loss=0.6843
2025-02-03 13:01:07,857 - INFO - Epoch 23: train_loss=0.9450
2025-02-03 13:01:09,794 - INFO - Epoch 23: val_loss=2.7249, val_acc=0.00%
2025-02-03 13:01:09,804 - INFO - ####################Training epoch 24####################
2025-02-03 13:01:12,128 - INFO - Epoch 24: train_loss=0.7637
2025-02-03 13:01:12,880 - INFO - Epoch 24: train_loss=0.7317
2025-02-03 13:01:19,321 - INFO - Epoch 24: val_loss=2.7298, val_acc=0.00%
2025-02-03 13:01:19,362 - INFO - ####################Training epoch 25####################
2025-02-03 13:01:21,230 - INFO - Epoch 25: train_loss=0.5916
2025-02-03 13:01:21,618 - INFO - Epoch 25: train_loss=1.0036
2025-02-03 13:01:23,691 - INFO - Epoch 25: val_loss=2.7202, val_acc=0.00%
2025-02-03 13:01:23,699 - INFO - ####################Training epoch 26####################
2025-02-03 13:01:25,666 - INFO - Epoch 26: train_loss=0.6014
2025-02-03 13:01:26,386 - INFO - Epoch 26: train_loss=0.9851
2025-02-03 13:01:28,471 - INFO - Epoch 26: val_loss=2.6726, val_acc=0.00%
2025-02-03 13:01:28,478 - INFO - ####################Training epoch 27####################
2025-02-03 13:01:30,295 - INFO - Epoch 27: train_loss=0.7999
2025-02-03 13:01:30,648 - INFO - Epoch 27: train_loss=0.5811
2025-02-03 13:01:32,999 - INFO - Epoch 27: val_loss=2.6549, val_acc=0.00%
2025-02-03 13:01:33,013 - INFO - ####################Training epoch 28####################
2025-02-03 13:01:34,365 - INFO - Epoch 28: train_loss=0.6942
2025-02-03 13:01:34,729 - INFO - Epoch 28: train_loss=0.7803
2025-02-03 13:01:36,539 - INFO - Epoch 28: val_loss=2.6864, val_acc=0.00%
2025-02-03 13:01:36,549 - INFO - ####################Training epoch 29####################
2025-02-03 13:01:37,961 - INFO - Epoch 29: train_loss=0.7025
2025-02-03 13:01:38,984 - INFO - Epoch 29: train_loss=0.7639
2025-02-03 13:01:40,437 - INFO - Epoch 29: val_loss=2.7105, val_acc=0.00%
2025-02-03 13:01:40,449 - INFO - ####################Training epoch 30####################
2025-02-03 13:01:42,047 - INFO - Epoch 30: train_loss=0.7586
2025-02-03 13:01:43,071 - INFO - Epoch 30: train_loss=0.6536
2025-02-03 13:01:44,675 - INFO - Epoch 30: val_loss=2.7341, val_acc=0.00%
2025-02-03 13:01:44,694 - INFO - ####################Training epoch 31####################
2025-02-03 13:01:46,014 - INFO - Epoch 31: train_loss=0.7139
2025-02-03 13:01:46,635 - INFO - Epoch 31: train_loss=0.7311
2025-02-03 13:01:48,007 - INFO - Epoch 31: val_loss=2.7426, val_acc=0.00%
2025-02-03 13:01:48,014 - INFO - ####################Training epoch 32####################
2025-02-03 13:01:49,616 - INFO - Epoch 32: train_loss=0.6707
2025-02-03 13:01:50,462 - INFO - Epoch 32: train_loss=0.8234
2025-02-03 13:01:51,843 - INFO - Epoch 32: val_loss=2.7462, val_acc=0.00%
2025-02-03 13:01:51,851 - INFO - ####################Training epoch 33####################
2025-02-03 13:01:53,124 - INFO - Epoch 33: train_loss=0.7134
2025-02-03 13:01:54,028 - INFO - Epoch 33: train_loss=0.7268
2025-02-03 13:01:55,609 - INFO - Epoch 33: val_loss=2.7501, val_acc=0.00%
2025-02-03 13:01:55,621 - INFO - ####################Training epoch 34####################
2025-02-03 13:01:56,849 - INFO - Epoch 34: train_loss=0.8047
2025-02-03 13:01:57,554 - INFO - Epoch 34: train_loss=0.5433
2025-02-03 13:01:59,089 - INFO - Epoch 34: val_loss=2.7646, val_acc=0.00%
2025-02-03 13:01:59,101 - INFO - ####################Training epoch 35####################
2025-02-03 13:02:00,582 - INFO - Epoch 35: train_loss=0.7247
2025-02-03 13:02:01,429 - INFO - Epoch 35: train_loss=0.7103
2025-02-03 13:02:03,062 - INFO - Epoch 35: val_loss=2.7543, val_acc=0.00%
2025-02-03 13:02:03,083 - INFO - ####################Training epoch 36####################
2025-02-03 13:02:04,432 - INFO - Epoch 36: train_loss=0.5911
2025-02-03 13:02:05,412 - INFO - Epoch 36: train_loss=0.9719
2025-02-03 13:02:07,014 - INFO - Epoch 36: val_loss=2.7712, val_acc=0.00%
2025-02-03 13:02:07,027 - INFO - ####################Training epoch 37####################
2025-02-03 13:02:08,508 - INFO - Epoch 37: train_loss=0.7220
2025-02-03 13:02:09,040 - INFO - Epoch 37: train_loss=0.7095
2025-02-03 13:02:10,546 - INFO - Epoch 37: val_loss=2.7629, val_acc=0.00%
2025-02-03 13:02:10,567 - INFO - ####################Training epoch 38####################
2025-02-03 13:02:12,014 - INFO - Epoch 38: train_loss=0.7265
2025-02-03 13:02:12,742 - INFO - Epoch 38: train_loss=0.6988
2025-02-03 13:02:14,185 - INFO - Epoch 38: val_loss=2.7650, val_acc=0.00%
2025-02-03 13:02:14,192 - INFO - ####################Training epoch 39####################
2025-02-03 13:02:15,641 - INFO - Epoch 39: train_loss=0.7529
2025-02-03 13:02:16,626 - INFO - Epoch 39: train_loss=0.6431
2025-02-03 13:02:18,106 - INFO - Epoch 39: val_loss=2.7547, val_acc=0.00%
2025-02-03 13:02:18,116 - INFO - ####################Training epoch 40####################
2025-02-03 13:02:19,401 - INFO - Epoch 40: train_loss=0.7402
2025-02-03 13:02:19,986 - INFO - Epoch 40: train_loss=0.6680
2025-02-03 13:02:21,525 - INFO - Epoch 40: val_loss=2.7729, val_acc=0.00%
2025-02-03 13:02:21,538 - INFO - ####################Training epoch 41####################
2025-02-03 13:02:22,875 - INFO - Epoch 41: train_loss=0.6792
2025-02-03 13:02:23,557 - INFO - Epoch 41: train_loss=0.7913
2025-02-03 13:02:24,943 - INFO - Epoch 41: val_loss=2.7696, val_acc=0.00%
2025-02-03 13:02:24,955 - INFO - ####################Training epoch 42####################
2025-02-03 13:02:26,662 - INFO - Epoch 42: train_loss=0.7192
2025-02-03 13:02:27,660 - INFO - Epoch 42: train_loss=0.7109
2025-02-03 13:02:29,228 - INFO - Epoch 42: val_loss=2.7759, val_acc=0.00%
2025-02-03 13:02:29,249 - INFO - ####################Training epoch 43####################
2025-02-03 13:02:30,490 - INFO - Epoch 43: train_loss=0.6893
2025-02-03 13:02:31,264 - INFO - Epoch 43: train_loss=0.7701
2025-02-03 13:02:32,773 - INFO - Epoch 43: val_loss=2.7685, val_acc=0.00%
2025-02-03 13:02:32,792 - INFO - ####################Training epoch 44####################
2025-02-03 13:02:34,332 - INFO - Epoch 44: train_loss=0.6303
2025-02-03 13:02:35,141 - INFO - Epoch 44: train_loss=0.8934
2025-02-03 13:02:36,610 - INFO - Epoch 44: val_loss=2.7703, val_acc=0.00%
2025-02-03 13:02:36,632 - INFO - ####################Training epoch 45####################
2025-02-03 13:02:38,217 - INFO - Epoch 45: train_loss=0.7056
2025-02-03 13:02:38,724 - INFO - Epoch 45: train_loss=0.7372
2025-02-03 13:02:40,206 - INFO - Epoch 45: val_loss=2.7674, val_acc=0.00%
2025-02-03 13:02:40,220 - INFO - ####################Training epoch 46####################
2025-02-03 13:02:41,801 - INFO - Epoch 46: train_loss=0.7028
2025-02-03 13:02:42,873 - INFO - Epoch 46: train_loss=0.7452
2025-02-03 13:02:44,272 - INFO - Epoch 46: val_loss=2.7659, val_acc=0.00%
2025-02-03 13:02:44,279 - INFO - ####################Training epoch 47####################
2025-02-03 13:02:45,940 - INFO - Epoch 47: train_loss=0.7727
2025-02-03 13:02:46,775 - INFO - Epoch 47: train_loss=0.6008
2025-02-03 13:02:48,329 - INFO - Epoch 47: val_loss=2.7754, val_acc=0.00%
2025-02-03 13:02:48,356 - INFO - ####################Training epoch 48####################
2025-02-03 13:02:49,779 - INFO - Epoch 48: train_loss=0.7410
2025-02-03 13:02:50,637 - INFO - Epoch 48: train_loss=0.6680
2025-02-03 13:02:52,075 - INFO - Epoch 48: val_loss=2.7623, val_acc=0.00%
2025-02-03 13:02:52,091 - INFO - ####################Training epoch 49####################
2025-02-03 13:02:53,481 - INFO - Epoch 49: train_loss=0.7579
2025-02-03 13:02:54,609 - INFO - Epoch 49: train_loss=0.6262
2025-02-03 13:02:56,259 - INFO - Epoch 49: val_loss=2.7587, val_acc=0.00%
2025-02-03 13:02:56,272 - INFO - ####################Training epoch 50####################
2025-02-03 13:02:57,805 - INFO - Epoch 50: train_loss=0.6179
2025-02-03 13:02:58,958 - INFO - Epoch 50: train_loss=0.9134
2025-02-03 13:03:00,451 - INFO - Epoch 50: val_loss=2.7811, val_acc=0.00%
2025-02-03 13:03:00,457 - INFO - ####################Training epoch 51####################
2025-02-03 13:03:01,935 - INFO - Epoch 51: train_loss=0.7340
2025-02-03 13:03:03,029 - INFO - Epoch 51: train_loss=0.6809
2025-02-03 13:03:04,647 - INFO - Epoch 51: val_loss=2.7655, val_acc=0.00%
2025-02-03 13:03:04,658 - INFO - ####################Training epoch 52####################
2025-02-03 13:03:06,145 - INFO - Epoch 52: train_loss=0.6134
2025-02-03 13:03:07,137 - INFO - Epoch 52: train_loss=0.9182
2025-02-03 13:03:08,701 - INFO - Epoch 52: val_loss=2.7724, val_acc=0.00%
2025-02-03 13:03:08,720 - INFO - ####################Training epoch 53####################
2025-02-03 13:03:10,270 - INFO - Epoch 53: train_loss=0.7618
2025-02-03 13:03:10,984 - INFO - Epoch 53: train_loss=0.6203
2025-02-03 13:03:12,416 - INFO - Epoch 53: val_loss=2.7633, val_acc=0.00%
2025-02-03 13:03:12,431 - INFO - ####################Training epoch 54####################
2025-02-03 13:03:13,885 - INFO - Epoch 54: train_loss=0.7935
2025-02-03 13:03:14,526 - INFO - Epoch 54: train_loss=0.5609
2025-02-03 13:03:16,053 - INFO - Epoch 54: val_loss=2.7772, val_acc=0.00%
2025-02-03 13:03:16,062 - INFO - ####################Training epoch 55####################
2025-02-03 13:03:17,310 - INFO - Epoch 55: train_loss=0.6740
2025-02-03 13:03:17,667 - INFO - Epoch 55: train_loss=0.7955
2025-02-03 13:03:19,284 - INFO - Epoch 55: val_loss=2.7673, val_acc=0.00%
2025-02-03 13:03:19,311 - INFO - ####################Training epoch 56####################
2025-02-03 13:03:20,678 - INFO - Epoch 56: train_loss=0.7372
2025-02-03 13:03:21,051 - INFO - Epoch 56: train_loss=0.6700
2025-02-03 13:03:22,544 - INFO - Epoch 56: val_loss=2.7569, val_acc=0.00%
2025-02-03 13:03:22,561 - INFO - ####################Training epoch 57####################
2025-02-03 13:03:23,934 - INFO - Epoch 57: train_loss=0.6453
2025-02-03 13:03:24,563 - INFO - Epoch 57: train_loss=0.8507
2025-02-03 13:03:26,077 - INFO - Epoch 57: val_loss=2.7664, val_acc=0.00%
2025-02-03 13:03:26,089 - INFO - ####################Training epoch 58####################
2025-02-03 13:03:27,590 - INFO - Epoch 58: train_loss=0.6388
2025-02-03 13:03:28,144 - INFO - Epoch 58: train_loss=0.8642
2025-02-03 13:03:29,776 - INFO - Epoch 58: val_loss=2.7588, val_acc=0.00%
2025-02-03 13:03:29,804 - INFO - ####################Training epoch 59####################
2025-02-03 13:03:31,116 - INFO - Epoch 59: train_loss=0.7421
2025-02-03 13:03:31,748 - INFO - Epoch 59: train_loss=0.6654
2025-02-03 13:03:33,282 - INFO - Epoch 59: val_loss=2.7547, val_acc=0.00%
2025-02-03 13:03:33,304 - INFO - ####################Training epoch 60####################
2025-02-03 13:03:34,663 - INFO - Epoch 60: train_loss=0.7506
2025-02-03 13:03:35,369 - INFO - Epoch 60: train_loss=0.6417
2025-02-03 13:03:36,904 - INFO - Epoch 60: val_loss=2.7613, val_acc=0.00%
2025-02-03 13:03:36,921 - INFO - ####################Training epoch 61####################
2025-02-03 13:03:38,121 - INFO - Epoch 61: train_loss=0.7471
2025-02-03 13:03:38,535 - INFO - Epoch 61: train_loss=0.6530
2025-02-03 13:03:40,059 - INFO - Epoch 61: val_loss=2.7675, val_acc=0.00%
2025-02-03 13:03:40,080 - INFO - ####################Training epoch 62####################
2025-02-03 13:03:41,348 - INFO - Epoch 62: train_loss=0.6760
2025-02-03 13:03:41,705 - INFO - Epoch 62: train_loss=0.7972
2025-02-03 13:03:43,102 - INFO - Epoch 62: val_loss=2.7597, val_acc=0.00%
2025-02-03 13:03:43,122 - INFO - ####################Training epoch 63####################
2025-02-03 13:03:44,521 - INFO - Epoch 63: train_loss=0.7984
2025-02-03 13:03:45,106 - INFO - Epoch 63: train_loss=0.5497
2025-02-03 13:03:46,518 - INFO - Epoch 63: val_loss=2.7679, val_acc=0.00%
2025-02-03 13:03:46,532 - INFO - ####################Training epoch 64####################
2025-02-03 13:03:48,171 - INFO - Epoch 64: train_loss=0.8042
2025-02-03 13:03:48,628 - INFO - Epoch 64: train_loss=0.5306
2025-02-03 13:03:50,012 - INFO - Epoch 64: val_loss=2.7812, val_acc=0.00%
2025-02-03 13:03:50,021 - INFO - ####################Training epoch 65####################
2025-02-03 13:03:51,663 - INFO - Epoch 65: train_loss=0.7019
2025-02-03 13:03:52,386 - INFO - Epoch 65: train_loss=0.7440
2025-02-03 13:03:53,787 - INFO - Epoch 65: val_loss=2.7770, val_acc=0.00%
2025-02-03 13:03:53,806 - INFO - ####################Training epoch 66####################
2025-02-03 13:03:55,360 - INFO - Epoch 66: train_loss=0.6659
2025-02-03 13:03:56,040 - INFO - Epoch 66: train_loss=0.8102
2025-02-03 13:03:57,408 - INFO - Epoch 66: val_loss=2.7707, val_acc=0.00%
2025-02-03 13:03:57,423 - INFO - ####################Training epoch 67####################
2025-02-03 13:03:58,747 - INFO - Epoch 67: train_loss=0.6589
2025-02-03 13:03:59,384 - INFO - Epoch 67: train_loss=0.8238
2025-02-03 13:04:00,870 - INFO - Epoch 67: val_loss=2.7679, val_acc=0.00%
2025-02-03 13:04:00,875 - INFO - ####################Training epoch 68####################
2025-02-03 13:04:02,396 - INFO - Epoch 68: train_loss=0.6620
2025-02-03 13:04:03,063 - INFO - Epoch 68: train_loss=0.8251
2025-02-03 13:04:04,562 - INFO - Epoch 68: val_loss=2.7931, val_acc=0.00%
2025-02-03 13:04:04,574 - INFO - ####################Training epoch 69####################
2025-02-03 13:04:05,981 - INFO - Epoch 69: train_loss=0.7038
2025-02-03 13:04:06,346 - INFO - Epoch 69: train_loss=0.7378
2025-02-03 13:04:07,998 - INFO - Epoch 69: val_loss=2.7667, val_acc=0.00%
2025-02-03 13:04:08,021 - INFO - ####################Training epoch 70####################
2025-02-03 13:04:09,458 - INFO - Epoch 70: train_loss=0.7012
2025-02-03 13:04:09,867 - INFO - Epoch 70: train_loss=0.7426
2025-02-03 13:04:11,185 - INFO - Epoch 70: val_loss=2.7668, val_acc=0.00%
2025-02-03 13:04:11,190 - INFO - ####################Training epoch 71####################
2025-02-03 13:04:12,573 - INFO - Epoch 71: train_loss=0.7971
2025-02-03 13:04:13,096 - INFO - Epoch 71: train_loss=0.5455
2025-02-03 13:04:14,633 - INFO - Epoch 71: val_loss=2.7595, val_acc=0.00%
2025-02-03 13:04:14,638 - INFO - ####################Training epoch 72####################
2025-02-03 13:04:16,085 - INFO - Epoch 72: train_loss=0.7017
2025-02-03 13:04:16,909 - INFO - Epoch 72: train_loss=0.7421
2025-02-03 13:04:18,470 - INFO - Epoch 72: val_loss=2.7757, val_acc=0.00%
2025-02-03 13:04:18,496 - INFO - ####################Training epoch 73####################
2025-02-03 13:04:20,065 - INFO - Epoch 73: train_loss=0.8176
2025-02-03 13:04:20,775 - INFO - Epoch 73: train_loss=0.5105
2025-02-03 13:04:22,237 - INFO - Epoch 73: val_loss=2.7745, val_acc=0.00%
2025-02-03 13:04:22,247 - INFO - ####################Training epoch 74####################
2025-02-03 13:04:23,919 - INFO - Epoch 74: train_loss=0.6516
2025-02-03 13:04:25,128 - INFO - Epoch 74: train_loss=0.8439
2025-02-03 13:04:26,644 - INFO - Epoch 74: val_loss=2.7801, val_acc=0.00%
2025-02-03 13:04:26,658 - INFO - ####################Training epoch 75####################
2025-02-03 13:04:28,053 - INFO - Epoch 75: train_loss=0.6276
2025-02-03 13:04:28,986 - INFO - Epoch 75: train_loss=0.8867
2025-02-03 13:04:30,568 - INFO - Epoch 75: val_loss=2.7785, val_acc=0.00%
2025-02-03 13:04:30,583 - INFO - ####################Training epoch 76####################
2025-02-03 13:04:31,842 - INFO - Epoch 76: train_loss=0.6317
2025-02-03 13:04:32,658 - INFO - Epoch 76: train_loss=0.8794
2025-02-03 13:04:34,181 - INFO - Epoch 76: val_loss=2.7790, val_acc=0.00%
2025-02-03 13:04:34,201 - INFO - ####################Training epoch 77####################
2025-02-03 13:04:35,527 - INFO - Epoch 77: train_loss=0.7627
2025-02-03 13:04:36,433 - INFO - Epoch 77: train_loss=0.6202
2025-02-03 13:04:37,907 - INFO - Epoch 77: val_loss=2.7625, val_acc=0.00%
2025-02-03 13:04:37,917 - INFO - ####################Training epoch 78####################
2025-02-03 13:04:39,507 - INFO - Epoch 78: train_loss=0.7652
2025-02-03 13:04:40,674 - INFO - Epoch 78: train_loss=0.6171
2025-02-03 13:04:42,244 - INFO - Epoch 78: val_loss=2.7743, val_acc=0.00%
2025-02-03 13:04:42,251 - INFO - ####################Training epoch 79####################
2025-02-03 13:04:43,596 - INFO - Epoch 79: train_loss=0.7824
2025-02-03 13:04:44,549 - INFO - Epoch 79: train_loss=0.5764
2025-02-03 13:04:46,202 - INFO - Epoch 79: val_loss=2.7748, val_acc=0.00%
2025-02-03 13:04:46,223 - INFO - ####################Training epoch 80####################
2025-02-03 13:04:47,727 - INFO - Epoch 80: train_loss=0.7350
2025-02-03 13:04:48,526 - INFO - Epoch 80: train_loss=0.6709
2025-02-03 13:04:50,253 - INFO - Epoch 80: val_loss=2.7718, val_acc=0.00%
2025-02-03 13:04:50,266 - INFO - ####################Training epoch 81####################
2025-02-03 13:04:51,485 - INFO - Epoch 81: train_loss=0.6866
2025-02-03 13:04:51,962 - INFO - Epoch 81: train_loss=0.7679
2025-02-03 13:04:53,570 - INFO - Epoch 81: val_loss=2.7881, val_acc=0.00%
2025-02-03 13:04:53,591 - INFO - ####################Training epoch 82####################
2025-02-03 13:04:55,028 - INFO - Epoch 82: train_loss=0.7658
2025-02-03 13:04:55,387 - INFO - Epoch 82: train_loss=0.6106
2025-02-03 13:04:56,914 - INFO - Epoch 82: val_loss=2.7681, val_acc=0.00%
2025-02-03 13:04:56,927 - INFO - ####################Training epoch 83####################
2025-02-03 13:04:58,475 - INFO - Epoch 83: train_loss=0.8114
2025-02-03 13:04:59,292 - INFO - Epoch 83: train_loss=0.5209
2025-02-03 13:05:00,959 - INFO - Epoch 83: val_loss=2.7783, val_acc=0.00%
2025-02-03 13:05:00,974 - INFO - ####################Training epoch 84####################
2025-02-03 13:05:02,606 - INFO - Epoch 84: train_loss=0.7812
2025-02-03 13:05:03,562 - INFO - Epoch 84: train_loss=0.5830
2025-02-03 13:05:05,017 - INFO - Epoch 84: val_loss=2.7723, val_acc=0.00%
2025-02-03 13:05:05,026 - INFO - ####################Training epoch 85####################
2025-02-03 13:05:06,583 - INFO - Epoch 85: train_loss=0.8017
2025-02-03 13:05:07,523 - INFO - Epoch 85: train_loss=0.5420
2025-02-03 13:05:09,225 - INFO - Epoch 85: val_loss=2.7685, val_acc=0.00%
2025-02-03 13:05:09,238 - INFO - ####################Training epoch 86####################
2025-02-03 13:05:10,786 - INFO - Epoch 86: train_loss=0.6709
2025-02-03 13:05:11,541 - INFO - Epoch 86: train_loss=0.7995
2025-02-03 13:05:13,072 - INFO - Epoch 86: val_loss=2.7613, val_acc=0.00%
2025-02-03 13:05:13,089 - INFO - ####################Training epoch 87####################
2025-02-03 13:05:14,526 - INFO - Epoch 87: train_loss=0.7084
2025-02-03 13:05:15,042 - INFO - Epoch 87: train_loss=0.7258
2025-02-03 13:05:16,475 - INFO - Epoch 87: val_loss=2.7679, val_acc=0.00%
2025-02-03 13:05:16,486 - INFO - ####################Training epoch 88####################
2025-02-03 13:05:17,787 - INFO - Epoch 88: train_loss=0.7082
2025-02-03 13:05:18,401 - INFO - Epoch 88: train_loss=0.7255
2025-02-03 13:05:19,943 - INFO - Epoch 88: val_loss=2.7644, val_acc=0.00%
2025-02-03 13:05:19,956 - INFO - ####################Training epoch 89####################
2025-02-03 13:05:21,114 - INFO - Epoch 89: train_loss=0.6594
2025-02-03 13:05:21,336 - INFO - Epoch 89: train_loss=0.8239
2025-02-03 13:05:22,689 - INFO - Epoch 89: val_loss=2.7787, val_acc=0.00%
2025-02-03 13:05:22,701 - INFO - ####################Training epoch 90####################
2025-02-03 13:05:23,907 - INFO - Epoch 90: train_loss=0.6601
2025-02-03 13:05:24,208 - INFO - Epoch 90: train_loss=0.8266
2025-02-03 13:05:25,660 - INFO - Epoch 90: val_loss=2.7751, val_acc=0.00%
2025-02-03 13:05:25,675 - INFO - ####################Training epoch 91####################
2025-02-03 13:05:26,882 - INFO - Epoch 91: train_loss=0.7553
2025-02-03 13:05:27,203 - INFO - Epoch 91: train_loss=0.6361
2025-02-03 13:05:28,590 - INFO - Epoch 91: val_loss=2.7776, val_acc=0.00%
2025-02-03 13:05:28,601 - INFO - ####################Training epoch 92####################
2025-02-03 13:05:29,944 - INFO - Epoch 92: train_loss=0.7373
2025-02-03 13:05:30,265 - INFO - Epoch 92: train_loss=0.6698
2025-02-03 13:05:31,673 - INFO - Epoch 92: val_loss=2.7699, val_acc=0.00%
2025-02-03 13:05:31,688 - INFO - ####################Training epoch 93####################
2025-02-03 13:05:33,060 - INFO - Epoch 93: train_loss=0.7822
2025-02-03 13:05:33,510 - INFO - Epoch 93: train_loss=0.5831
2025-02-03 13:05:34,991 - INFO - Epoch 93: val_loss=2.7848, val_acc=0.00%
2025-02-03 13:05:35,008 - INFO - ####################Training epoch 94####################
2025-02-03 13:05:36,391 - INFO - Epoch 94: train_loss=0.6052
2025-02-03 13:05:36,825 - INFO - Epoch 94: train_loss=0.9299
2025-02-03 13:05:38,177 - INFO - Epoch 94: val_loss=2.7795, val_acc=0.00%
2025-02-03 13:05:38,183 - INFO - ####################Training epoch 95####################
2025-02-03 13:05:39,707 - INFO - Epoch 95: train_loss=0.7517
2025-02-03 13:05:40,344 - INFO - Epoch 95: train_loss=0.6319
2025-02-03 13:05:41,776 - INFO - Epoch 95: val_loss=2.7559, val_acc=0.00%
2025-02-03 13:05:41,783 - INFO - ####################Training epoch 96####################
2025-02-03 13:05:43,254 - INFO - Epoch 96: train_loss=0.7136
2025-02-03 13:05:43,911 - INFO - Epoch 96: train_loss=0.7127
2025-02-03 13:05:45,335 - INFO - Epoch 96: val_loss=2.7721, val_acc=0.00%
2025-02-03 13:05:45,346 - INFO - ####################Training epoch 97####################
2025-02-03 13:05:46,687 - INFO - Epoch 97: train_loss=0.8011
2025-02-03 13:05:47,296 - INFO - Epoch 97: train_loss=0.5359
2025-02-03 13:05:48,648 - INFO - Epoch 97: val_loss=2.7744, val_acc=0.00%
2025-02-03 13:05:48,655 - INFO - ####################Training epoch 98####################
2025-02-03 13:05:49,963 - INFO - Epoch 98: train_loss=0.7692
2025-02-03 13:05:50,527 - INFO - Epoch 98: train_loss=0.6065
2025-02-03 13:05:51,931 - INFO - Epoch 98: val_loss=2.7642, val_acc=0.00%
2025-02-03 13:05:51,940 - INFO - ####################Training epoch 99####################
2025-02-03 13:05:53,154 - INFO - Epoch 99: train_loss=0.6564
2025-02-03 13:05:53,651 - INFO - Epoch 99: train_loss=0.8269
2025-02-03 13:05:55,012 - INFO - Epoch 99: val_loss=2.7809, val_acc=0.00%
2025-02-03 13:05:55,677 - INFO - Model saved.
