2025-02-03 12:59:26,229 - INFO - Starting training with the following parameters:
2025-02-03 12:59:26,229 - INFO - | Parameter       | Value               |
|-----------------|---------------------|
| attention       | Scaled Dot-Product|
| d_model         | 128            |
| n_heads         | 8              |
| d_f             | 128            |
| num_layers      | 3              |
| d_input         | 32             |
| num_classes     | 3              |
| dropout         | 0.1            |
| learning_rate   | 5e-05          |
| epochs          | 100            |
| batch_size      | 16             |

2025-02-03 12:59:29,104 - INFO - Epoch 0: val_loss=0.9415, val_acc=0.00%
2025-02-03 12:59:31,001 - INFO - ####################Training epoch 0####################
2025-02-03 12:59:31,686 - INFO - Epoch 0: train_loss=1.3129
2025-02-03 12:59:32,857 - INFO - Epoch 0: train_loss=0.9436
2025-02-03 12:59:35,086 - INFO - Epoch 0: val_loss=0.9942, val_acc=33.33%
2025-02-03 12:59:35,138 - INFO - ####################Training epoch 1####################
2025-02-03 12:59:37,143 - INFO - Epoch 1: train_loss=1.1412
2025-02-03 12:59:37,515 - INFO - Epoch 1: train_loss=1.0645
2025-02-03 12:59:39,593 - INFO - Epoch 1: val_loss=1.0720, val_acc=33.33%
2025-02-03 12:59:39,624 - INFO - ####################Training epoch 2####################
2025-02-03 12:59:41,583 - INFO - Epoch 2: train_loss=1.0863
2025-02-03 12:59:41,936 - INFO - Epoch 2: train_loss=1.0121
2025-02-03 12:59:44,034 - INFO - Epoch 2: val_loss=1.1625, val_acc=33.33%
2025-02-03 12:59:44,105 - INFO - ####################Training epoch 3####################
2025-02-03 12:59:46,098 - INFO - Epoch 3: train_loss=0.9953
2025-02-03 12:59:46,618 - INFO - Epoch 3: train_loss=1.0621
2025-02-03 12:59:48,909 - INFO - Epoch 3: val_loss=1.2497, val_acc=33.33%
2025-02-03 12:59:48,917 - INFO - ####################Training epoch 4####################
2025-02-03 12:59:51,048 - INFO - Epoch 4: train_loss=1.0089
2025-02-03 12:59:51,539 - INFO - Epoch 4: train_loss=0.9621
2025-02-03 12:59:53,740 - INFO - Epoch 4: val_loss=1.3472, val_acc=33.33%
2025-02-03 12:59:53,752 - INFO - ####################Training epoch 5####################
2025-02-03 12:59:55,749 - INFO - Epoch 5: train_loss=0.9975
2025-02-03 12:59:56,301 - INFO - Epoch 5: train_loss=0.9679
2025-02-03 12:59:58,524 - INFO - Epoch 5: val_loss=1.4306, val_acc=0.00%
2025-02-03 12:59:58,540 - INFO - ####################Training epoch 6####################
2025-02-03 13:00:00,620 - INFO - Epoch 6: train_loss=0.9852
2025-02-03 13:00:01,070 - INFO - Epoch 6: train_loss=0.9704
2025-02-03 13:00:03,242 - INFO - Epoch 6: val_loss=1.4843, val_acc=0.00%
2025-02-03 13:00:03,250 - INFO - ####################Training epoch 7####################
2025-02-03 13:00:05,206 - INFO - Epoch 7: train_loss=0.9882
2025-02-03 13:00:05,565 - INFO - Epoch 7: train_loss=0.9605
2025-02-03 13:00:07,659 - INFO - Epoch 7: val_loss=1.5067, val_acc=0.00%
2025-02-03 13:00:07,668 - INFO - ####################Training epoch 8####################
2025-02-03 13:00:09,659 - INFO - Epoch 8: train_loss=0.9736
2025-02-03 13:00:10,012 - INFO - Epoch 8: train_loss=0.9773
2025-02-03 13:00:12,142 - INFO - Epoch 8: val_loss=1.5182, val_acc=0.00%
2025-02-03 13:00:12,155 - INFO - ####################Training epoch 9####################
2025-02-03 13:00:14,148 - INFO - Epoch 9: train_loss=1.0116
2025-02-03 13:00:14,519 - INFO - Epoch 9: train_loss=0.8808
2025-02-03 13:00:16,655 - INFO - Epoch 9: val_loss=1.5190, val_acc=0.00%
2025-02-03 13:00:16,667 - INFO - ####################Training epoch 10####################
2025-02-03 13:00:18,890 - INFO - Epoch 10: train_loss=0.9259
2025-02-03 13:00:19,365 - INFO - Epoch 10: train_loss=1.0389
2025-02-03 13:00:21,498 - INFO - Epoch 10: val_loss=1.5278, val_acc=0.00%
2025-02-03 13:00:21,506 - INFO - ####################Training epoch 11####################
2025-02-03 13:00:23,589 - INFO - Epoch 11: train_loss=0.9563
2025-02-03 13:00:24,238 - INFO - Epoch 11: train_loss=0.9578
2025-02-03 13:00:26,394 - INFO - Epoch 11: val_loss=1.5236, val_acc=33.33%
2025-02-03 13:00:26,400 - INFO - ####################Training epoch 12####################
2025-02-03 13:00:28,613 - INFO - Epoch 12: train_loss=0.9240
2025-02-03 13:00:29,445 - INFO - Epoch 12: train_loss=0.9959
2025-02-03 13:00:31,649 - INFO - Epoch 12: val_loss=1.5173, val_acc=33.33%
2025-02-03 13:00:31,654 - INFO - ####################Training epoch 13####################
2025-02-03 13:00:33,862 - INFO - Epoch 13: train_loss=0.9727
2025-02-03 13:00:34,629 - INFO - Epoch 13: train_loss=0.8717
2025-02-03 13:00:37,031 - INFO - Epoch 13: val_loss=1.5135, val_acc=33.33%
2025-02-03 13:00:37,038 - INFO - ####################Training epoch 14####################
2025-02-03 13:00:39,361 - INFO - Epoch 14: train_loss=0.8287
2025-02-03 13:00:39,930 - INFO - Epoch 14: train_loss=1.1547
2025-02-03 13:00:42,485 - INFO - Epoch 14: val_loss=1.5123, val_acc=33.33%
2025-02-03 13:00:42,493 - INFO - ####################Training epoch 15####################
2025-02-03 13:00:45,005 - INFO - Epoch 15: train_loss=0.9130
2025-02-03 13:00:45,493 - INFO - Epoch 15: train_loss=0.9807
2025-02-03 13:00:47,885 - INFO - Epoch 15: val_loss=1.5117, val_acc=33.33%
2025-02-03 13:00:47,921 - INFO - ####################Training epoch 16####################
2025-02-03 13:00:50,074 - INFO - Epoch 16: train_loss=0.8903
2025-02-03 13:00:50,608 - INFO - Epoch 16: train_loss=1.0113
2025-02-03 13:00:52,832 - INFO - Epoch 16: val_loss=1.5054, val_acc=33.33%
2025-02-03 13:00:52,842 - INFO - ####################Training epoch 17####################
2025-02-03 13:00:55,018 - INFO - Epoch 17: train_loss=0.9475
2025-02-03 13:00:55,499 - INFO - Epoch 17: train_loss=0.8891
2025-02-03 13:00:57,817 - INFO - Epoch 17: val_loss=1.5056, val_acc=33.33%
2025-02-03 13:00:57,856 - INFO - ####################Training epoch 18####################
2025-02-03 13:01:00,016 - INFO - Epoch 18: train_loss=0.8684
2025-02-03 13:01:00,536 - INFO - Epoch 18: train_loss=1.0479
2025-02-03 13:01:02,791 - INFO - Epoch 18: val_loss=1.5003, val_acc=33.33%
2025-02-03 13:01:02,800 - INFO - ####################Training epoch 19####################
2025-02-03 13:01:05,380 - INFO - Epoch 19: train_loss=0.9816
2025-02-03 13:01:06,457 - INFO - Epoch 19: train_loss=0.8103
2025-02-03 13:01:08,815 - INFO - Epoch 19: val_loss=1.4999, val_acc=33.33%
2025-02-03 13:01:08,835 - INFO - ####################Training epoch 20####################
2025-02-03 13:01:11,017 - INFO - Epoch 20: train_loss=0.9235
2025-02-03 13:01:11,574 - INFO - Epoch 20: train_loss=0.9233
