2025-02-03 13:01:35,494 - INFO - Starting training with the following parameters:
2025-02-03 13:01:35,495 - INFO - | Parameter       | Value               |
|-----------------|---------------------|
| attention       | Scaled Dot-Product|
| d_model         | 128            |
| n_heads         | 8              |
| d_f             | 128            |
| num_layers      | 3              |
| d_input         | 32             |
| num_classes     | 3              |
| dropout         | 0.1            |
| learning_rate   | 0.005          |
| epochs          | 100            |
| batch_size      | 32             |

2025-02-03 13:01:37,303 - INFO - Starting training with the following parameters:
2025-02-03 13:01:37,303 - INFO - | Parameter       | Value               |
|-----------------|---------------------|
| attention       | Scaled Dot-Product|
| d_model         | 128            |
| n_heads         | 8              |
| d_f             | 128            |
| num_layers      | 3              |
| d_input         | 32             |
| num_classes     | 3              |
| dropout         | 0.1            |
| learning_rate   | 0.001          |
| epochs          | 100            |
| batch_size      | 32             |

2025-02-03 13:01:37,411 - INFO - Starting training with the following parameters:
2025-02-03 13:01:37,411 - INFO - | Parameter       | Value               |
|-----------------|---------------------|
| attention       | Scaled Dot-Product|
| d_model         | 128            |
| n_heads         | 8              |
| d_f             | 128            |
| num_layers      | 3              |
| d_input         | 32             |
| num_classes     | 3              |
| dropout         | 0.1            |
| learning_rate   | 0.0001         |
| epochs          | 100            |
| batch_size      | 32             |

2025-02-03 13:01:39,341 - INFO - Epoch 0: val_loss=1.2916, val_acc=33.33%
2025-02-03 13:01:40,514 - INFO - Epoch 0: val_loss=1.0344, val_acc=33.33%
2025-02-03 13:01:40,555 - INFO - Epoch 0: val_loss=1.2021, val_acc=33.33%
2025-02-03 13:01:40,987 - INFO - ####################Training epoch 0####################
2025-02-03 13:01:41,419 - INFO - Epoch 0: train_loss=1.1349
2025-02-03 13:01:42,072 - INFO - ####################Training epoch 0####################
2025-02-03 13:01:42,128 - INFO - ####################Training epoch 0####################
2025-02-03 13:01:42,822 - INFO - Epoch 0: train_loss=1.1826
2025-02-03 13:01:42,828 - INFO - Epoch 0: train_loss=1.2586
2025-02-03 13:01:44,588 - INFO - Epoch 0: val_loss=4.5674, val_acc=33.33%
2025-02-03 13:01:44,648 - INFO - ####################Training epoch 1####################
2025-02-03 13:01:46,187 - INFO - Epoch 0: val_loss=1.0807, val_acc=33.33%
2025-02-03 13:01:46,206 - INFO - Epoch 0: val_loss=1.1599, val_acc=33.33%
2025-02-03 13:01:46,249 - INFO - ####################Training epoch 1####################
2025-02-03 13:01:46,265 - INFO - ####################Training epoch 1####################
2025-02-03 13:01:46,915 - INFO - Epoch 1: train_loss=3.3433
2025-02-03 13:01:48,455 - INFO - Epoch 1: train_loss=1.1695
2025-02-03 13:01:48,535 - INFO - Epoch 1: train_loss=1.4396
2025-02-03 13:01:49,673 - INFO - Epoch 1: val_loss=5.5405, val_acc=0.00%
2025-02-03 13:01:49,749 - INFO - ####################Training epoch 2####################
2025-02-03 13:01:51,234 - INFO - Epoch 1: val_loss=1.0294, val_acc=33.33%
2025-02-03 13:01:51,265 - INFO - ####################Training epoch 2####################
2025-02-03 13:01:51,293 - INFO - Epoch 1: val_loss=1.4638, val_acc=33.33%
2025-02-03 13:01:51,330 - INFO - ####################Training epoch 2####################
2025-02-03 13:01:51,900 - INFO - Epoch 2: train_loss=3.1644
2025-02-03 13:01:53,875 - INFO - Epoch 2: train_loss=1.1269
2025-02-03 13:01:53,941 - INFO - Epoch 2: train_loss=1.2547
2025-02-03 13:01:54,703 - INFO - Epoch 2: val_loss=3.3571, val_acc=0.00%
2025-02-03 13:01:54,802 - INFO - ####################Training epoch 3####################
2025-02-03 13:01:57,066 - INFO - Epoch 2: val_loss=1.0127, val_acc=66.67%
2025-02-03 13:01:57,156 - INFO - Epoch 2: val_loss=1.8682, val_acc=33.33%
2025-02-03 13:01:57,213 - INFO - ####################Training epoch 3####################
2025-02-03 13:01:57,217 - INFO - ####################Training epoch 3####################
2025-02-03 13:01:57,226 - INFO - Epoch 3: train_loss=1.8293
2025-02-03 13:01:59,593 - INFO - Epoch 3: train_loss=1.0090
2025-02-03 13:01:59,623 - INFO - Epoch 3: train_loss=1.0974
2025-02-03 13:02:00,327 - INFO - Epoch 3: val_loss=1.5637, val_acc=33.33%
2025-02-03 13:02:00,421 - INFO - ####################Training epoch 4####################
2025-02-03 13:02:02,527 - INFO - Epoch 3: val_loss=2.5316, val_acc=0.00%
2025-02-03 13:02:02,546 - INFO - Epoch 3: val_loss=1.0267, val_acc=33.33%
2025-02-03 13:02:02,547 - INFO - ####################Training epoch 4####################
2025-02-03 13:02:02,618 - INFO - ####################Training epoch 4####################
2025-02-03 13:02:02,648 - INFO - Epoch 4: train_loss=1.1339
2025-02-03 13:02:05,053 - INFO - Epoch 4: train_loss=1.0379
2025-02-03 13:02:05,167 - INFO - Epoch 4: train_loss=1.0808
2025-02-03 13:02:05,658 - INFO - Epoch 4: val_loss=1.1529, val_acc=66.67%
2025-02-03 13:02:05,814 - INFO - ####################Training epoch 5####################
2025-02-03 13:02:08,172 - INFO - Epoch 4: val_loss=2.7681, val_acc=0.00%
2025-02-03 13:02:08,179 - INFO - Epoch 5: train_loss=1.7130
2025-02-03 13:02:08,190 - INFO - ####################Training epoch 5####################
2025-02-03 13:02:08,322 - INFO - Epoch 4: val_loss=1.0705, val_acc=33.33%
2025-02-03 13:02:08,350 - INFO - ####################Training epoch 5####################
2025-02-03 13:02:10,341 - INFO - Epoch 5: train_loss=1.0512
2025-02-03 13:02:10,660 - INFO - Epoch 5: train_loss=1.0690
2025-02-03 13:02:11,187 - INFO - Epoch 5: val_loss=0.9702, val_acc=66.67%
2025-02-03 13:02:11,292 - INFO - ####################Training epoch 6####################
2025-02-03 13:02:13,071 - INFO - Epoch 5: val_loss=2.7560, val_acc=0.00%
2025-02-03 13:02:13,080 - INFO - ####################Training epoch 6####################
2025-02-03 13:02:13,436 - INFO - Epoch 6: train_loss=1.4418
2025-02-03 13:02:13,449 - INFO - Epoch 5: val_loss=1.1260, val_acc=33.33%
2025-02-03 13:02:13,461 - INFO - ####################Training epoch 6####################
2025-02-03 13:02:15,209 - INFO - Epoch 6: train_loss=0.9819
2025-02-03 13:02:16,099 - INFO - Epoch 6: train_loss=1.0536
2025-02-03 13:02:16,233 - INFO - Epoch 6: val_loss=0.9884, val_acc=66.67%
2025-02-03 13:02:16,322 - INFO - ####################Training epoch 7####################
2025-02-03 13:02:18,033 - INFO - Epoch 6: val_loss=2.8665, val_acc=33.33%
2025-02-03 13:02:18,049 - INFO - ####################Training epoch 7####################
2025-02-03 13:02:18,430 - INFO - Epoch 7: train_loss=1.1370
2025-02-03 13:02:18,910 - INFO - Epoch 6: val_loss=1.1806, val_acc=33.33%
2025-02-03 13:02:18,916 - INFO - ####################Training epoch 7####################
2025-02-03 13:02:20,406 - INFO - Epoch 7: train_loss=0.8648
2025-02-03 13:02:21,066 - INFO - Epoch 7: val_loss=1.3499, val_acc=0.00%
2025-02-03 13:02:21,091 - INFO - ####################Training epoch 8####################
2025-02-03 13:02:21,278 - INFO - Epoch 7: train_loss=1.0350
2025-02-03 13:02:23,371 - INFO - Epoch 7: val_loss=2.8940, val_acc=33.33%
2025-02-03 13:02:23,402 - INFO - ####################Training epoch 8####################
2025-02-03 13:02:23,512 - INFO - Epoch 8: train_loss=1.1216
2025-02-03 13:02:24,061 - INFO - Epoch 7: val_loss=1.2424, val_acc=33.33%
2025-02-03 13:02:24,082 - INFO - ####################Training epoch 8####################
2025-02-03 13:02:25,755 - INFO - Epoch 8: train_loss=0.8393
2025-02-03 13:02:26,644 - INFO - Epoch 8: val_loss=1.4291, val_acc=0.00%
2025-02-03 13:02:26,662 - INFO - ####################Training epoch 9####################
2025-02-03 13:02:26,734 - INFO - Epoch 8: train_loss=1.0145
2025-02-03 13:02:28,733 - INFO - Epoch 8: val_loss=2.8015, val_acc=33.33%
2025-02-03 13:02:28,744 - INFO - ####################Training epoch 9####################
2025-02-03 13:02:28,760 - INFO - Epoch 9: train_loss=1.1461
2025-02-03 13:02:29,825 - INFO - Epoch 8: val_loss=1.2897, val_acc=33.33%
2025-02-03 13:02:29,838 - INFO - ####################Training epoch 9####################
2025-02-03 13:02:31,147 - INFO - Epoch 9: train_loss=0.8020
2025-02-03 13:02:31,605 - INFO - Epoch 9: val_loss=1.3120, val_acc=0.00%
2025-02-03 13:02:31,618 - INFO - ####################Training epoch 10####################
2025-02-03 13:02:31,978 - INFO - Epoch 9: train_loss=0.9997
2025-02-03 13:02:34,166 - INFO - Epoch 9: val_loss=2.7904, val_acc=33.33%
2025-02-03 13:02:34,172 - INFO - Epoch 10: train_loss=1.1174
2025-02-03 13:02:34,185 - INFO - ####################Training epoch 10####################
2025-02-03 13:02:34,752 - INFO - Epoch 9: val_loss=1.3184, val_acc=33.33%
2025-02-03 13:02:34,773 - INFO - ####################Training epoch 10####################
2025-02-03 13:02:36,420 - INFO - Epoch 10: train_loss=0.7974
2025-02-03 13:02:37,274 - INFO - Epoch 10: train_loss=0.9890
2025-02-03 13:02:37,297 - INFO - Epoch 10: val_loss=1.1437, val_acc=33.33%
2025-02-03 13:02:37,386 - INFO - ####################Training epoch 11####################
2025-02-03 13:02:39,219 - INFO - Epoch 10: val_loss=2.7180, val_acc=33.33%
2025-02-03 13:02:39,231 - INFO - ####################Training epoch 11####################
2025-02-03 13:02:39,691 - INFO - Epoch 11: train_loss=1.0928
2025-02-03 13:02:40,274 - INFO - Epoch 10: val_loss=1.3409, val_acc=33.33%
2025-02-03 13:02:40,281 - INFO - ####################Training epoch 11####################
2025-02-03 13:02:41,795 - INFO - Epoch 11: train_loss=0.8309
2025-02-03 13:02:42,722 - INFO - Epoch 11: val_loss=1.1369, val_acc=33.33%
2025-02-03 13:02:42,788 - INFO - ####################Training epoch 12####################
2025-02-03 13:02:42,908 - INFO - Epoch 11: train_loss=0.9797
2025-02-03 13:02:45,062 - INFO - Epoch 11: val_loss=2.9231, val_acc=33.33%
2025-02-03 13:02:45,075 - INFO - ####################Training epoch 12####################
2025-02-03 13:02:45,238 - INFO - Epoch 12: train_loss=1.1006
2025-02-03 13:02:46,051 - INFO - Epoch 11: val_loss=1.3641, val_acc=33.33%
2025-02-03 13:02:46,087 - INFO - ####################Training epoch 12####################
2025-02-03 13:02:47,330 - INFO - Epoch 12: train_loss=0.8171
2025-02-03 13:02:48,376 - INFO - Epoch 12: val_loss=1.3808, val_acc=33.33%
2025-02-03 13:02:48,392 - INFO - ####################Training epoch 13####################
2025-02-03 13:02:48,408 - INFO - Epoch 12: train_loss=0.9696
2025-02-03 13:02:50,068 - INFO - Epoch 12: val_loss=3.0031, val_acc=33.33%
2025-02-03 13:02:50,092 - INFO - ####################Training epoch 13####################
2025-02-03 13:02:50,771 - INFO - Epoch 13: train_loss=1.0912
2025-02-03 13:02:51,209 - INFO - Epoch 12: val_loss=1.3832, val_acc=33.33%
2025-02-03 13:02:51,228 - INFO - ####################Training epoch 13####################
2025-02-03 13:02:52,367 - INFO - Epoch 13: train_loss=0.7861
2025-02-03 13:02:53,806 - INFO - Epoch 13: val_loss=1.8975, val_acc=33.33%
2025-02-03 13:02:53,832 - INFO - ####################Training epoch 14####################
2025-02-03 13:02:53,919 - INFO - Epoch 13: train_loss=0.9612
2025-02-03 13:02:55,064 - INFO - Epoch 13: val_loss=3.0518, val_acc=33.33%
2025-02-03 13:02:55,080 - INFO - ####################Training epoch 14####################
2025-02-03 13:02:55,912 - INFO - Epoch 14: train_loss=1.0805
2025-02-03 13:02:56,996 - INFO - Epoch 13: val_loss=1.4059, val_acc=33.33%
2025-02-03 13:02:57,001 - INFO - ####################Training epoch 14####################
2025-02-03 13:02:57,275 - INFO - Epoch 14: train_loss=0.7721
2025-02-03 13:02:58,848 - INFO - Epoch 14: val_loss=1.9467, val_acc=33.33%
2025-02-03 13:02:58,876 - INFO - ####################Training epoch 15####################
2025-02-03 13:02:59,586 - INFO - Epoch 14: train_loss=0.9517
2025-02-03 13:03:00,011 - INFO - Epoch 14: val_loss=3.1190, val_acc=33.33%
2025-02-03 13:03:00,023 - INFO - ####################Training epoch 15####################
2025-02-03 13:03:01,020 - INFO - Epoch 15: train_loss=1.0671
2025-02-03 13:03:02,415 - INFO - Epoch 14: val_loss=1.4251, val_acc=33.33%
2025-02-03 13:03:02,455 - INFO - ####################Training epoch 15####################
2025-02-03 13:03:02,854 - INFO - Epoch 15: train_loss=0.7117
2025-02-03 13:03:03,670 - INFO - Epoch 15: val_loss=1.9750, val_acc=33.33%
2025-02-03 13:03:03,683 - INFO - ####################Training epoch 16####################
2025-02-03 13:03:04,556 - INFO - Epoch 15: train_loss=0.9479
2025-02-03 13:03:06,028 - INFO - Epoch 15: val_loss=3.1976, val_acc=33.33%
2025-02-03 13:03:06,051 - INFO - ####################Training epoch 16####################
2025-02-03 13:03:06,241 - INFO - Epoch 16: train_loss=1.0695
2025-02-03 13:03:07,270 - INFO - Epoch 15: val_loss=1.4351, val_acc=33.33%
2025-02-03 13:03:07,291 - INFO - ####################Training epoch 16####################
2025-02-03 13:03:08,286 - INFO - Epoch 16: train_loss=0.6985
2025-02-03 13:03:09,201 - INFO - Epoch 16: val_loss=2.0077, val_acc=0.00%
2025-02-03 13:03:09,206 - INFO - ####################Training epoch 17####################
2025-02-03 13:03:09,569 - INFO - Epoch 16: train_loss=0.9466
2025-02-03 13:03:11,118 - INFO - Epoch 16: val_loss=3.2947, val_acc=33.33%
2025-02-03 13:03:11,130 - INFO - ####################Training epoch 17####################
2025-02-03 13:03:11,521 - INFO - Epoch 17: train_loss=1.0728
2025-02-03 13:03:12,384 - INFO - Epoch 16: val_loss=1.4475, val_acc=33.33%
2025-02-03 13:03:12,403 - INFO - ####################Training epoch 17####################
2025-02-03 13:03:13,403 - INFO - Epoch 17: train_loss=0.6825
2025-02-03 13:03:14,382 - INFO - Epoch 17: val_loss=2.0124, val_acc=33.33%
2025-02-03 13:03:14,395 - INFO - ####################Training epoch 18####################
2025-02-03 13:03:14,911 - INFO - Epoch 17: train_loss=0.9413
2025-02-03 13:03:16,062 - INFO - Epoch 17: val_loss=3.4606, val_acc=33.33%
2025-02-03 13:03:16,078 - INFO - ####################Training epoch 18####################
2025-02-03 13:03:16,639 - INFO - Epoch 18: train_loss=1.0714
2025-02-03 13:03:17,825 - INFO - Epoch 17: val_loss=1.4589, val_acc=33.33%
2025-02-03 13:03:17,831 - INFO - ####################Training epoch 18####################
2025-02-03 13:03:18,502 - INFO - Epoch 18: train_loss=0.6473
2025-02-03 13:03:19,467 - INFO - Epoch 18: val_loss=2.0128, val_acc=33.33%
2025-02-03 13:03:19,480 - INFO - ####################Training epoch 19####################
2025-02-03 13:03:20,098 - INFO - Epoch 18: train_loss=0.9379
2025-02-03 13:03:21,435 - INFO - Epoch 18: val_loss=3.7213, val_acc=0.00%
2025-02-03 13:03:21,442 - INFO - ####################Training epoch 19####################
2025-02-03 13:03:21,674 - INFO - Epoch 19: train_loss=1.0702
2025-02-03 13:03:23,059 - INFO - Epoch 18: val_loss=1.4764, val_acc=33.33%
2025-02-03 13:03:23,090 - INFO - ####################Training epoch 19####################
2025-02-03 13:03:23,840 - INFO - Epoch 19: train_loss=0.7100
2025-02-03 13:03:24,387 - INFO - Epoch 19: val_loss=2.0163, val_acc=33.33%
2025-02-03 13:03:24,408 - INFO - ####################Training epoch 20####################
2025-02-03 13:03:25,245 - INFO - Epoch 19: train_loss=0.9350
2025-02-03 13:03:26,808 - INFO - Epoch 19: val_loss=3.7797, val_acc=0.00%
2025-02-03 13:03:26,829 - INFO - ####################Training epoch 20####################
2025-02-03 13:03:26,965 - INFO - Epoch 20: train_loss=1.0695
2025-02-03 13:03:27,957 - INFO - Epoch 19: val_loss=1.4863, val_acc=33.33%
2025-02-03 13:03:27,970 - INFO - ####################Training epoch 20####################
2025-02-03 13:03:29,014 - INFO - Epoch 20: train_loss=0.7271
2025-02-03 13:03:29,977 - INFO - Epoch 20: val_loss=2.0211, val_acc=33.33%
2025-02-03 13:03:30,012 - INFO - ####################Training epoch 21####################
2025-02-03 13:03:30,366 - INFO - Epoch 20: train_loss=0.9319
2025-02-03 13:03:31,953 - INFO - Epoch 20: val_loss=3.7941, val_acc=0.00%
2025-02-03 13:03:31,959 - INFO - ####################Training epoch 21####################
2025-02-03 13:03:32,195 - INFO - Epoch 21: train_loss=1.0677
2025-02-03 13:03:33,071 - INFO - Epoch 20: val_loss=1.5011, val_acc=33.33%
2025-02-03 13:03:33,095 - INFO - ####################Training epoch 21####################
2025-02-03 13:03:34,120 - INFO - Epoch 21: train_loss=0.7141
2025-02-03 13:03:34,780 - INFO - Epoch 21: val_loss=2.0263, val_acc=33.33%
2025-02-03 13:03:34,806 - INFO - ####################Training epoch 22####################
2025-02-03 13:03:35,515 - INFO - Epoch 21: train_loss=0.9272
2025-02-03 13:03:36,813 - INFO - Epoch 21: val_loss=3.8124, val_acc=0.00%
2025-02-03 13:03:36,823 - INFO - ####################Training epoch 22####################
2025-02-03 13:03:37,153 - INFO - Epoch 22: train_loss=1.0663
2025-02-03 13:03:38,382 - INFO - Epoch 21: val_loss=1.5067, val_acc=33.33%
2025-02-03 13:03:38,394 - INFO - ####################Training epoch 22####################
2025-02-03 13:03:39,134 - INFO - Epoch 22: train_loss=0.6846
2025-02-03 13:03:39,978 - INFO - Epoch 22: val_loss=2.0330, val_acc=33.33%
2025-02-03 13:03:40,000 - INFO - ####################Training epoch 23####################
2025-02-03 13:03:40,706 - INFO - Epoch 22: train_loss=0.9268
2025-02-03 13:03:41,942 - INFO - Epoch 22: val_loss=3.8039, val_acc=33.33%
2025-02-03 13:03:41,948 - INFO - ####################Training epoch 23####################
2025-02-03 13:03:42,164 - INFO - Epoch 23: train_loss=1.0657
2025-02-03 13:03:43,614 - INFO - Epoch 22: val_loss=1.5049, val_acc=33.33%
2025-02-03 13:03:43,643 - INFO - ####################Training epoch 23####################
2025-02-03 13:03:44,353 - INFO - Epoch 23: train_loss=0.6340
2025-02-03 13:03:44,796 - INFO - Epoch 23: val_loss=2.0426, val_acc=33.33%
2025-02-03 13:03:44,823 - INFO - ####################Training epoch 24####################
2025-02-03 13:03:45,780 - INFO - Epoch 23: train_loss=0.9228
2025-02-03 13:03:47,430 - INFO - Epoch 23: val_loss=3.8043, val_acc=33.33%
2025-02-03 13:03:47,442 - INFO - ####################Training epoch 24####################
2025-02-03 13:03:47,484 - INFO - Epoch 24: train_loss=1.0656
2025-02-03 13:03:48,368 - INFO - Epoch 23: val_loss=1.5101, val_acc=33.33%
2025-02-03 13:03:48,382 - INFO - ####################Training epoch 24####################
2025-02-03 13:03:49,584 - INFO - Epoch 24: train_loss=0.6543
2025-02-03 13:03:50,764 - INFO - Epoch 24: val_loss=2.0491, val_acc=33.33%
2025-02-03 13:03:50,779 - INFO - ####################Training epoch 25####################
2025-02-03 13:03:50,997 - INFO - Epoch 24: train_loss=0.9240
2025-02-03 13:03:52,224 - INFO - Epoch 24: val_loss=3.8245, val_acc=33.33%
2025-02-03 13:03:52,242 - INFO - ####################Training epoch 25####################
2025-02-03 13:03:52,928 - INFO - Epoch 25: train_loss=1.0663
2025-02-03 13:03:54,163 - INFO - Epoch 24: val_loss=1.5101, val_acc=33.33%
2025-02-03 13:03:54,170 - INFO - ####################Training epoch 25####################
2025-02-03 13:03:54,644 - INFO - Epoch 25: train_loss=0.6537
2025-02-03 13:03:55,717 - INFO - Epoch 25: val_loss=2.0568, val_acc=33.33%
2025-02-03 13:03:55,738 - INFO - ####################Training epoch 26####################
2025-02-03 13:03:56,519 - INFO - Epoch 25: train_loss=0.9201
2025-02-03 13:03:57,454 - INFO - Epoch 25: val_loss=3.8408, val_acc=33.33%
2025-02-03 13:03:57,460 - INFO - ####################Training epoch 26####################
2025-02-03 13:03:57,939 - INFO - Epoch 26: train_loss=1.0667
2025-02-03 13:03:59,686 - INFO - Epoch 25: val_loss=1.5145, val_acc=33.33%
2025-02-03 13:03:59,701 - INFO - ####################Training epoch 26####################
2025-02-03 13:03:59,918 - INFO - Epoch 26: train_loss=0.6431
2025-02-03 13:04:00,861 - INFO - Epoch 26: val_loss=2.0656, val_acc=33.33%
2025-02-03 13:04:00,868 - INFO - ####################Training epoch 27####################
2025-02-03 13:04:02,249 - INFO - Epoch 26: train_loss=0.9162
2025-02-03 13:04:02,958 - INFO - Epoch 26: val_loss=3.8545, val_acc=33.33%
2025-02-03 13:04:02,965 - INFO - ####################Training epoch 27####################
2025-02-03 13:04:03,438 - INFO - Epoch 27: train_loss=1.0663
2025-02-03 13:04:05,230 - INFO - Epoch 26: val_loss=1.5134, val_acc=33.33%
2025-02-03 13:04:05,252 - INFO - ####################Training epoch 27####################
2025-02-03 13:04:05,334 - INFO - Epoch 27: train_loss=0.6468
2025-02-03 13:04:06,523 - INFO - Epoch 27: val_loss=2.0753, val_acc=33.33%
2025-02-03 13:04:06,529 - INFO - ####################Training epoch 28####################
2025-02-03 13:04:07,640 - INFO - Epoch 27: train_loss=0.9162
2025-02-03 13:04:08,243 - INFO - Epoch 27: val_loss=3.8666, val_acc=33.33%
2025-02-03 13:04:08,263 - INFO - ####################Training epoch 28####################
2025-02-03 13:04:08,953 - INFO - Epoch 28: train_loss=1.0658
2025-02-03 13:04:10,602 - INFO - Epoch 28: train_loss=0.6580
2025-02-03 13:04:10,697 - INFO - Epoch 27: val_loss=1.5153, val_acc=33.33%
2025-02-03 13:04:10,709 - INFO - ####################Training epoch 28####################
2025-02-03 13:04:11,818 - INFO - Epoch 28: val_loss=2.0853, val_acc=33.33%
2025-02-03 13:04:11,846 - INFO - ####################Training epoch 29####################
2025-02-03 13:04:13,015 - INFO - Epoch 28: train_loss=0.9141
2025-02-03 13:04:13,450 - INFO - Epoch 28: val_loss=3.8574, val_acc=33.33%
2025-02-03 13:04:13,472 - INFO - ####################Training epoch 29####################
2025-02-03 13:04:14,110 - INFO - Epoch 29: train_loss=1.0660
2025-02-03 13:04:15,953 - INFO - Epoch 29: train_loss=0.6487
2025-02-03 13:04:16,002 - INFO - Epoch 28: val_loss=1.5174, val_acc=33.33%
2025-02-03 13:04:16,028 - INFO - ####################Training epoch 29####################
2025-02-03 13:04:16,826 - INFO - Epoch 29: val_loss=2.0959, val_acc=33.33%
2025-02-03 13:04:16,849 - INFO - ####################Training epoch 30####################
2025-02-03 13:04:18,172 - INFO - Epoch 29: train_loss=0.9132
2025-02-03 13:04:18,950 - INFO - Epoch 29: val_loss=3.8503, val_acc=33.33%
2025-02-03 13:04:18,960 - INFO - ####################Training epoch 30####################
2025-02-03 13:04:19,239 - INFO - Epoch 30: train_loss=1.0656
2025-02-03 13:04:21,076 - INFO - Epoch 29: val_loss=1.5186, val_acc=33.33%
2025-02-03 13:04:21,087 - INFO - ####################Training epoch 30####################
2025-02-03 13:04:21,203 - INFO - Epoch 30: train_loss=0.6361
2025-02-03 13:04:22,127 - INFO - Epoch 30: val_loss=2.1012, val_acc=33.33%
2025-02-03 13:04:22,150 - INFO - ####################Training epoch 31####################
2025-02-03 13:04:23,509 - INFO - Epoch 30: train_loss=0.9124
2025-02-03 13:04:24,110 - INFO - Epoch 30: val_loss=3.8815, val_acc=33.33%
2025-02-03 13:04:24,149 - INFO - ####################Training epoch 31####################
2025-02-03 13:04:24,840 - INFO - Epoch 31: train_loss=1.0650
2025-02-03 13:04:26,210 - INFO - Epoch 31: train_loss=0.6332
2025-02-03 13:04:26,710 - INFO - Epoch 30: val_loss=1.5227, val_acc=33.33%
2025-02-03 13:04:26,715 - INFO - ####################Training epoch 31####################
2025-02-03 13:04:27,959 - INFO - Epoch 31: val_loss=2.1067, val_acc=33.33%
2025-02-03 13:04:27,983 - INFO - ####################Training epoch 32####################
2025-02-03 13:04:28,933 - INFO - Epoch 31: val_loss=3.8825, val_acc=33.33%
2025-02-03 13:04:28,971 - INFO - ####################Training epoch 32####################
2025-02-03 13:04:29,313 - INFO - Epoch 31: train_loss=0.9107
2025-02-03 13:04:30,088 - INFO - Epoch 32: train_loss=1.0648
2025-02-03 13:04:31,206 - INFO - Epoch 32: train_loss=0.6320
2025-02-03 13:04:32,002 - INFO - Epoch 31: val_loss=1.5231, val_acc=33.33%
2025-02-03 13:04:32,024 - INFO - ####################Training epoch 32####################
2025-02-03 13:04:32,908 - INFO - Epoch 32: val_loss=2.1123, val_acc=33.33%
2025-02-03 13:04:33,105 - INFO - ####################Training epoch 33####################
2025-02-03 13:04:33,956 - INFO - Epoch 32: val_loss=3.8961, val_acc=33.33%
2025-02-03 13:04:33,979 - INFO - ####################Training epoch 33####################
2025-02-03 13:04:34,278 - INFO - Epoch 32: train_loss=0.9091
2025-02-03 13:04:34,906 - INFO - Epoch 33: train_loss=1.0647
2025-02-03 13:04:35,741 - INFO - Epoch 33: train_loss=0.6287
2025-02-03 13:04:37,352 - INFO - Epoch 32: val_loss=1.5243, val_acc=33.33%
2025-02-03 13:04:37,365 - INFO - ####################Training epoch 33####################
2025-02-03 13:04:37,368 - INFO - Epoch 33: val_loss=2.1179, val_acc=33.33%
2025-02-03 13:04:37,388 - INFO - ####################Training epoch 34####################
2025-02-03 13:04:38,468 - INFO - Epoch 33: val_loss=3.9074, val_acc=33.33%
2025-02-03 13:04:38,477 - INFO - ####################Training epoch 34####################
2025-02-03 13:04:38,848 - INFO - Epoch 34: train_loss=1.0643
2025-02-03 13:04:39,213 - INFO - Epoch 33: train_loss=0.9097
2025-02-03 13:04:40,372 - INFO - Epoch 34: train_loss=0.6276
2025-02-03 13:04:41,229 - INFO - Epoch 34: val_loss=2.1237, val_acc=33.33%
2025-02-03 13:04:41,267 - INFO - ####################Training epoch 35####################
2025-02-03 13:04:42,015 - INFO - Epoch 33: val_loss=1.5252, val_acc=33.33%
2025-02-03 13:04:42,023 - INFO - ####################Training epoch 34####################
2025-02-03 13:04:42,635 - INFO - Epoch 35: train_loss=1.0644
2025-02-03 13:04:42,886 - INFO - Epoch 34: val_loss=3.9162, val_acc=33.33%
2025-02-03 13:04:42,898 - INFO - ####################Training epoch 35####################
2025-02-03 13:04:43,529 - INFO - Epoch 34: train_loss=0.9081
2025-02-03 13:04:44,617 - INFO - Epoch 35: val_loss=2.1297, val_acc=33.33%
2025-02-03 13:04:44,647 - INFO - ####################Training epoch 36####################
2025-02-03 13:04:44,742 - INFO - Epoch 35: train_loss=0.6226
2025-02-03 13:04:45,870 - INFO - Epoch 34: val_loss=1.5243, val_acc=33.33%
2025-02-03 13:04:45,900 - INFO - ####################Training epoch 35####################
2025-02-03 13:04:46,179 - INFO - Epoch 36: train_loss=1.0646
2025-02-03 13:04:47,020 - INFO - Epoch 35: val_loss=3.9194, val_acc=33.33%
2025-02-03 13:04:47,027 - INFO - ####################Training epoch 36####################
2025-02-03 13:04:47,306 - INFO - Epoch 35: train_loss=0.9072
2025-02-03 13:04:48,229 - INFO - Epoch 36: val_loss=2.1325, val_acc=33.33%
2025-02-03 13:04:48,243 - INFO - ####################Training epoch 37####################
2025-02-03 13:04:48,897 - INFO - Epoch 36: train_loss=0.6212
2025-02-03 13:04:49,305 - INFO - Epoch 35: val_loss=1.5311, val_acc=33.33%
2025-02-03 13:04:49,333 - INFO - ####################Training epoch 36####################
2025-02-03 13:04:49,928 - INFO - Epoch 37: train_loss=1.0642
2025-02-03 13:04:50,798 - INFO - Epoch 36: train_loss=0.9079
2025-02-03 13:04:51,076 - INFO - Epoch 36: val_loss=3.8957, val_acc=33.33%
2025-02-03 13:04:51,089 - INFO - ####################Training epoch 37####################
2025-02-03 13:04:52,015 - INFO - Epoch 37: val_loss=2.1354, val_acc=33.33%
2025-02-03 13:04:52,046 - INFO - ####################Training epoch 38####################
2025-02-03 13:04:52,724 - INFO - Epoch 36: val_loss=1.5310, val_acc=33.33%
2025-02-03 13:04:52,760 - INFO - ####################Training epoch 37####################
2025-02-03 13:04:52,811 - INFO - Epoch 37: train_loss=0.6187
2025-02-03 13:04:53,629 - INFO - Epoch 38: train_loss=1.0642
2025-02-03 13:04:54,433 - INFO - Epoch 37: train_loss=0.9059
2025-02-03 13:04:54,958 - INFO - Epoch 37: val_loss=3.9460, val_acc=0.00%
2025-02-03 13:04:54,979 - INFO - ####################Training epoch 38####################
2025-02-03 13:04:55,744 - INFO - Epoch 38: val_loss=2.1383, val_acc=33.33%
2025-02-03 13:04:55,772 - INFO - ####################Training epoch 39####################
2025-02-03 13:04:56,480 - INFO - Epoch 37: val_loss=1.5293, val_acc=33.33%
2025-02-03 13:04:56,498 - INFO - ####################Training epoch 38####################
2025-02-03 13:04:56,638 - INFO - Epoch 38: train_loss=0.6191
2025-02-03 13:04:57,268 - INFO - Epoch 39: train_loss=1.0642
2025-02-03 13:04:58,107 - INFO - Epoch 38: train_loss=0.9049
2025-02-03 13:04:58,698 - INFO - Epoch 38: val_loss=3.9477, val_acc=0.00%
2025-02-03 13:04:58,728 - INFO - ####################Training epoch 39####################
2025-02-03 13:04:59,139 - INFO - Epoch 39: val_loss=2.1409, val_acc=33.33%
2025-02-03 13:04:59,157 - INFO - ####################Training epoch 40####################
2025-02-03 13:05:00,339 - INFO - Epoch 38: val_loss=1.5307, val_acc=33.33%
2025-02-03 13:05:00,347 - INFO - Epoch 39: train_loss=0.6181
2025-02-03 13:05:00,347 - INFO - ####################Training epoch 39####################
2025-02-03 13:05:00,762 - INFO - Epoch 40: train_loss=1.0643
2025-02-03 13:05:01,790 - INFO - Epoch 39: train_loss=0.9052
2025-02-03 13:05:02,517 - INFO - Epoch 39: val_loss=3.9602, val_acc=0.00%
2025-02-03 13:05:02,535 - INFO - ####################Training epoch 40####################
2025-02-03 13:05:02,838 - INFO - Epoch 40: val_loss=2.1435, val_acc=33.33%
2025-02-03 13:05:02,861 - INFO - ####################Training epoch 41####################
2025-02-03 13:05:04,088 - INFO - Epoch 39: val_loss=1.5355, val_acc=33.33%
2025-02-03 13:05:04,114 - INFO - ####################Training epoch 40####################
2025-02-03 13:05:04,168 - INFO - Epoch 40: train_loss=0.6139
2025-02-03 13:05:04,422 - INFO - Epoch 41: train_loss=1.0643
2025-02-03 13:05:05,487 - INFO - Epoch 40: train_loss=0.9058
2025-02-03 13:05:06,338 - INFO - Epoch 40: val_loss=3.9568, val_acc=0.00%
2025-02-03 13:05:06,373 - INFO - ####################Training epoch 41####################
2025-02-03 13:05:06,570 - INFO - Epoch 41: val_loss=2.1460, val_acc=33.33%
2025-02-03 13:05:06,578 - INFO - ####################Training epoch 42####################
2025-02-03 13:05:07,416 - INFO - Epoch 40: val_loss=1.5320, val_acc=33.33%
2025-02-03 13:05:07,436 - INFO - ####################Training epoch 41####################
2025-02-03 13:05:08,073 - INFO - Epoch 41: train_loss=0.6147
2025-02-03 13:05:08,207 - INFO - Epoch 42: train_loss=1.0645
2025-02-03 13:05:08,991 - INFO - Epoch 41: train_loss=0.9049
2025-02-03 13:05:10,184 - INFO - Epoch 41: val_loss=3.9826, val_acc=0.00%
2025-02-03 13:05:10,204 - INFO - ####################Training epoch 42####################
2025-02-03 13:05:10,357 - INFO - Epoch 42: val_loss=2.1472, val_acc=33.33%
2025-02-03 13:05:10,378 - INFO - ####################Training epoch 43####################
2025-02-03 13:05:10,973 - INFO - Epoch 41: val_loss=1.5319, val_acc=33.33%
2025-02-03 13:05:10,994 - INFO - ####################Training epoch 42####################
2025-02-03 13:05:11,803 - INFO - Epoch 42: train_loss=0.6128
2025-02-03 13:05:11,968 - INFO - Epoch 43: train_loss=1.0646
2025-02-03 13:05:12,682 - INFO - Epoch 42: train_loss=0.9051
2025-02-03 13:05:13,787 - INFO - Epoch 42: val_loss=3.9888, val_acc=0.00%
2025-02-03 13:05:13,793 - INFO - ####################Training epoch 43####################
2025-02-03 13:05:14,054 - INFO - Epoch 43: val_loss=2.1482, val_acc=33.33%
2025-02-03 13:05:14,067 - INFO - ####################Training epoch 44####################
2025-02-03 13:05:14,545 - INFO - Epoch 42: val_loss=1.5351, val_acc=33.33%
2025-02-03 13:05:14,567 - INFO - ####################Training epoch 43####################
2025-02-03 13:05:15,309 - INFO - Epoch 43: train_loss=0.6110
2025-02-03 13:05:15,599 - INFO - Epoch 44: train_loss=1.0647
2025-02-03 13:05:16,215 - INFO - Epoch 43: train_loss=0.9030
2025-02-03 13:05:17,204 - INFO - Epoch 43: val_loss=3.9878, val_acc=0.00%
2025-02-03 13:05:17,213 - INFO - ####################Training epoch 44####################
2025-02-03 13:05:17,603 - INFO - Epoch 44: val_loss=2.1492, val_acc=33.33%
2025-02-03 13:05:17,616 - INFO - ####################Training epoch 45####################
2025-02-03 13:05:18,215 - INFO - Epoch 43: val_loss=1.5377, val_acc=33.33%
2025-02-03 13:05:18,233 - INFO - ####################Training epoch 44####################
2025-02-03 13:05:18,826 - INFO - Epoch 44: train_loss=0.6109
2025-02-03 13:05:19,113 - INFO - Epoch 45: train_loss=1.0647
2025-02-03 13:05:19,768 - INFO - Epoch 44: train_loss=0.9044
2025-02-03 13:05:20,655 - INFO - Epoch 44: val_loss=3.9697, val_acc=0.00%
2025-02-03 13:05:20,660 - INFO - ####################Training epoch 45####################
2025-02-03 13:05:20,993 - INFO - Epoch 45: val_loss=2.1500, val_acc=33.33%
2025-02-03 13:05:20,998 - INFO - ####################Training epoch 46####################
2025-02-03 13:05:21,569 - INFO - Epoch 44: val_loss=1.5361, val_acc=33.33%
2025-02-03 13:05:21,582 - INFO - ####################Training epoch 45####################
2025-02-03 13:05:22,124 - INFO - Epoch 45: train_loss=0.6093
2025-02-03 13:05:22,575 - INFO - Epoch 46: train_loss=1.0645
2025-02-03 13:05:23,059 - INFO - Epoch 45: train_loss=0.9031
2025-02-03 13:05:23,894 - INFO - Epoch 45: val_loss=3.9870, val_acc=0.00%
2025-02-03 13:05:23,901 - INFO - ####################Training epoch 46####################
2025-02-03 13:05:24,360 - INFO - Epoch 46: val_loss=2.1509, val_acc=33.33%
2025-02-03 13:05:24,366 - INFO - ####################Training epoch 47####################
2025-02-03 13:05:24,720 - INFO - Epoch 45: val_loss=1.5326, val_acc=33.33%
2025-02-03 13:05:24,731 - INFO - ####################Training epoch 46####################
2025-02-03 13:05:25,349 - INFO - Epoch 46: train_loss=0.6086
2025-02-03 13:05:25,844 - INFO - Epoch 47: train_loss=1.0641
2025-02-03 13:05:26,256 - INFO - Epoch 46: train_loss=0.9027
2025-02-03 13:05:27,093 - INFO - Epoch 46: val_loss=4.0069, val_acc=0.00%
2025-02-03 13:05:27,105 - INFO - ####################Training epoch 47####################
2025-02-03 13:05:27,582 - INFO - Epoch 47: val_loss=2.1515, val_acc=33.33%
2025-02-03 13:05:27,588 - INFO - ####################Training epoch 48####################
2025-02-03 13:05:27,906 - INFO - Epoch 46: val_loss=1.5375, val_acc=33.33%
2025-02-03 13:05:27,914 - INFO - ####################Training epoch 47####################
2025-02-03 13:05:28,588 - INFO - Epoch 47: train_loss=0.6096
2025-02-03 13:05:29,059 - INFO - Epoch 48: train_loss=1.0643
2025-02-03 13:05:29,446 - INFO - Epoch 47: train_loss=0.9040
2025-02-03 13:05:30,280 - INFO - Epoch 47: val_loss=3.9980, val_acc=0.00%
2025-02-03 13:05:30,292 - INFO - ####################Training epoch 48####################
2025-02-03 13:05:30,850 - INFO - Epoch 48: val_loss=2.1519, val_acc=33.33%
2025-02-03 13:05:30,855 - INFO - ####################Training epoch 49####################
2025-02-03 13:05:31,163 - INFO - Epoch 47: val_loss=1.5361, val_acc=33.33%
2025-02-03 13:05:31,168 - INFO - ####################Training epoch 48####################
2025-02-03 13:05:31,818 - INFO - Epoch 48: train_loss=0.6115
2025-02-03 13:05:32,328 - INFO - Epoch 49: train_loss=1.0644
2025-02-03 13:05:32,763 - INFO - Epoch 48: train_loss=0.9033
2025-02-03 13:05:33,485 - INFO - Epoch 48: val_loss=3.9712, val_acc=0.00%
2025-02-03 13:05:33,497 - INFO - ####################Training epoch 49####################
2025-02-03 13:05:34,037 - INFO - Epoch 49: val_loss=2.1522, val_acc=33.33%
2025-02-03 13:05:34,043 - INFO - ####################Training epoch 50####################
2025-02-03 13:05:34,590 - INFO - Epoch 48: val_loss=1.5408, val_acc=33.33%
2025-02-03 13:05:34,598 - INFO - ####################Training epoch 49####################
2025-02-03 13:05:35,046 - INFO - Epoch 49: train_loss=0.6080
2025-02-03 13:05:35,688 - INFO - Epoch 50: train_loss=1.0648
2025-02-03 13:05:36,128 - INFO - Epoch 49: train_loss=0.9034
2025-02-03 13:05:36,980 - INFO - Epoch 49: val_loss=3.9878, val_acc=0.00%
2025-02-03 13:05:36,987 - INFO - ####################Training epoch 50####################
2025-02-03 13:05:37,412 - INFO - Epoch 50: val_loss=2.1524, val_acc=33.33%
2025-02-03 13:05:37,419 - INFO - ####################Training epoch 51####################
2025-02-03 13:05:37,940 - INFO - Epoch 49: val_loss=1.5402, val_acc=33.33%
2025-02-03 13:05:37,947 - INFO - ####################Training epoch 50####################
2025-02-03 13:05:38,434 - INFO - Epoch 50: train_loss=0.6103
2025-02-03 13:05:39,119 - INFO - Epoch 51: train_loss=1.0641
2025-02-03 13:05:39,656 - INFO - Epoch 50: train_loss=0.9036
2025-02-03 13:05:40,353 - INFO - Epoch 50: val_loss=3.9844, val_acc=0.00%
2025-02-03 13:05:40,365 - INFO - ####################Training epoch 51####################
2025-02-03 13:05:41,178 - INFO - Epoch 51: val_loss=2.1527, val_acc=33.33%
2025-02-03 13:05:41,185 - INFO - ####################Training epoch 52####################
2025-02-03 13:05:41,643 - INFO - Epoch 50: val_loss=1.5398, val_acc=33.33%
2025-02-03 13:05:41,649 - INFO - ####################Training epoch 51####################
2025-02-03 13:05:41,844 - INFO - Epoch 51: train_loss=0.6095
2025-02-03 13:05:42,718 - INFO - Epoch 52: train_loss=1.0641
2025-02-03 13:05:43,295 - INFO - Epoch 51: train_loss=0.9020
2025-02-03 13:05:43,681 - INFO - Epoch 51: val_loss=4.0012, val_acc=0.00%
2025-02-03 13:05:43,701 - INFO - ####################Training epoch 52####################
2025-02-03 13:05:44,668 - INFO - Epoch 52: val_loss=2.1529, val_acc=33.33%
2025-02-03 13:05:44,676 - INFO - ####################Training epoch 53####################
2025-02-03 13:05:45,079 - INFO - Epoch 52: train_loss=0.6089
2025-02-03 13:05:45,291 - INFO - Epoch 51: val_loss=1.5361, val_acc=33.33%
2025-02-03 13:05:45,303 - INFO - ####################Training epoch 52####################
2025-02-03 13:05:46,127 - INFO - Epoch 53: train_loss=1.0644
2025-02-03 13:05:46,761 - INFO - Epoch 52: train_loss=0.9021
2025-02-03 13:05:46,882 - INFO - Epoch 52: val_loss=4.0134, val_acc=0.00%
2025-02-03 13:05:46,902 - INFO - ####################Training epoch 53####################
2025-02-03 13:05:47,714 - INFO - Epoch 53: val_loss=2.1531, val_acc=33.33%
2025-02-03 13:05:47,722 - INFO - ####################Training epoch 54####################
2025-02-03 13:05:48,237 - INFO - Epoch 53: train_loss=0.6082
2025-02-03 13:05:48,638 - INFO - Epoch 52: val_loss=1.5377, val_acc=33.33%
2025-02-03 13:05:48,645 - INFO - ####################Training epoch 53####################
2025-02-03 13:05:49,219 - INFO - Epoch 54: train_loss=1.0647
2025-02-03 13:05:49,921 - INFO - Epoch 53: val_loss=3.9929, val_acc=0.00%
2025-02-03 13:05:49,939 - INFO - ####################Training epoch 54####################
2025-02-03 13:05:50,198 - INFO - Epoch 53: train_loss=0.9004
2025-02-03 13:05:50,924 - INFO - Epoch 54: val_loss=2.1532, val_acc=33.33%
2025-02-03 13:05:50,932 - INFO - ####################Training epoch 55####################
2025-02-03 13:05:51,267 - INFO - Epoch 54: train_loss=0.6068
2025-02-03 13:05:52,009 - INFO - Epoch 53: val_loss=1.5399, val_acc=33.33%
2025-02-03 13:05:52,017 - INFO - ####################Training epoch 54####################
2025-02-03 13:05:52,509 - INFO - Epoch 55: train_loss=1.0640
2025-02-03 13:05:52,995 - INFO - Epoch 54: val_loss=4.0003, val_acc=0.00%
2025-02-03 13:05:53,001 - INFO - ####################Training epoch 55####################
2025-02-03 13:05:53,518 - INFO - Epoch 54: train_loss=0.9014
2025-02-03 13:05:54,314 - INFO - Epoch 55: val_loss=2.1533, val_acc=33.33%
2025-02-03 13:05:54,321 - INFO - ####################Training epoch 56####################
2025-02-03 13:05:54,374 - INFO - Epoch 55: train_loss=0.6098
2025-02-03 13:05:55,245 - INFO - Epoch 54: val_loss=1.5379, val_acc=33.33%
2025-02-03 13:05:55,252 - INFO - ####################Training epoch 55####################
2025-02-03 13:05:55,859 - INFO - Epoch 56: train_loss=1.0644
2025-02-03 13:05:56,199 - INFO - Epoch 55: val_loss=3.9928, val_acc=0.00%
2025-02-03 13:05:56,210 - INFO - ####################Training epoch 56####################
2025-02-03 13:05:56,600 - INFO - Epoch 55: train_loss=0.9020
2025-02-03 13:05:57,549 - INFO - Epoch 56: train_loss=0.6112
2025-02-03 13:05:57,699 - INFO - Epoch 56: val_loss=2.1534, val_acc=33.33%
2025-02-03 13:05:57,710 - INFO - ####################Training epoch 57####################
2025-02-03 13:05:58,155 - INFO - Epoch 55: val_loss=1.5376, val_acc=33.33%
2025-02-03 13:05:58,195 - INFO - ####################Training epoch 56####################
2025-02-03 13:05:59,278 - INFO - Epoch 57: train_loss=1.0646
2025-02-03 13:05:59,280 - INFO - Epoch 56: val_loss=3.9940, val_acc=0.00%
2025-02-03 13:05:59,301 - INFO - ####################Training epoch 57####################
2025-02-03 13:05:59,821 - INFO - Epoch 56: train_loss=0.9033
2025-02-03 13:06:00,610 - INFO - Epoch 57: train_loss=0.6052
2025-02-03 13:06:01,101 - INFO - Epoch 57: val_loss=2.1534, val_acc=33.33%
2025-02-03 13:06:01,107 - INFO - ####################Training epoch 58####################
2025-02-03 13:06:01,430 - INFO - Epoch 56: val_loss=1.5380, val_acc=33.33%
2025-02-03 13:06:01,438 - INFO - ####################Training epoch 57####################
2025-02-03 13:06:02,229 - INFO - Epoch 57: val_loss=4.0032, val_acc=0.00%
2025-02-03 13:06:02,235 - INFO - ####################Training epoch 58####################
2025-02-03 13:06:02,675 - INFO - Epoch 58: train_loss=1.0645
2025-02-03 13:06:03,072 - INFO - Epoch 57: train_loss=0.9022
2025-02-03 13:06:03,683 - INFO - Epoch 58: train_loss=0.6072
2025-02-03 13:06:04,578 - INFO - Epoch 58: val_loss=2.1535, val_acc=33.33%
2025-02-03 13:06:04,584 - INFO - ####################Training epoch 59####################
2025-02-03 13:06:04,962 - INFO - Epoch 57: val_loss=1.5368, val_acc=33.33%
2025-02-03 13:06:04,970 - INFO - ####################Training epoch 58####################
2025-02-03 13:06:05,358 - INFO - Epoch 58: val_loss=4.0132, val_acc=0.00%
2025-02-03 13:06:05,365 - INFO - ####################Training epoch 59####################
2025-02-03 13:06:06,227 - INFO - Epoch 59: train_loss=1.0642
2025-02-03 13:06:06,708 - INFO - Epoch 58: train_loss=0.9007
2025-02-03 13:06:07,080 - INFO - Epoch 59: train_loss=0.6060
2025-02-03 13:06:08,215 - INFO - Epoch 59: val_loss=2.1536, val_acc=33.33%
2025-02-03 13:06:08,221 - INFO - ####################Training epoch 60####################
2025-02-03 13:06:08,623 - INFO - Epoch 58: val_loss=1.5427, val_acc=33.33%
2025-02-03 13:06:08,632 - INFO - ####################Training epoch 59####################
2025-02-03 13:06:08,829 - INFO - Epoch 59: val_loss=3.9990, val_acc=0.00%
2025-02-03 13:06:08,837 - INFO - ####################Training epoch 60####################
2025-02-03 13:06:09,777 - INFO - Epoch 60: train_loss=1.0643
2025-02-03 13:06:10,369 - INFO - Epoch 59: train_loss=0.9034
2025-02-03 13:06:10,550 - INFO - Epoch 60: train_loss=0.6066
2025-02-03 13:06:11,751 - INFO - Epoch 60: val_loss=2.1536, val_acc=33.33%
2025-02-03 13:06:11,756 - INFO - ####################Training epoch 61####################
2025-02-03 13:06:12,336 - INFO - Epoch 59: val_loss=1.5393, val_acc=33.33%
2025-02-03 13:06:12,342 - INFO - ####################Training epoch 60####################
2025-02-03 13:06:12,399 - INFO - Epoch 60: val_loss=4.0268, val_acc=0.00%
2025-02-03 13:06:12,406 - INFO - ####################Training epoch 61####################
2025-02-03 13:06:13,300 - INFO - Epoch 61: train_loss=1.0645
2025-02-03 13:06:13,967 - INFO - Epoch 60: train_loss=0.9012
2025-02-03 13:06:13,995 - INFO - Epoch 61: train_loss=0.6070
2025-02-03 13:06:15,164 - INFO - Epoch 61: val_loss=2.1536, val_acc=33.33%
2025-02-03 13:06:15,170 - INFO - ####################Training epoch 62####################
2025-02-03 13:06:15,881 - INFO - Epoch 61: val_loss=4.0013, val_acc=0.00%
2025-02-03 13:06:15,882 - INFO - Epoch 60: val_loss=1.5403, val_acc=33.33%
2025-02-03 13:06:15,887 - INFO - ####################Training epoch 62####################
2025-02-03 13:06:15,888 - INFO - ####################Training epoch 61####################
2025-02-03 13:06:16,666 - INFO - Epoch 62: train_loss=1.0642
2025-02-03 13:06:17,364 - INFO - Epoch 62: train_loss=0.6094
2025-02-03 13:06:17,365 - INFO - Epoch 61: train_loss=0.9020
2025-02-03 13:06:18,259 - INFO - Epoch 62: val_loss=2.1536, val_acc=33.33%
2025-02-03 13:06:18,266 - INFO - ####################Training epoch 63####################
2025-02-03 13:06:19,355 - INFO - Epoch 62: val_loss=3.9960, val_acc=0.00%
2025-02-03 13:06:19,366 - INFO - ####################Training epoch 63####################
2025-02-03 13:06:19,409 - INFO - Epoch 61: val_loss=1.5384, val_acc=33.33%
2025-02-03 13:06:19,417 - INFO - ####################Training epoch 62####################
2025-02-03 13:06:19,877 - INFO - Epoch 63: train_loss=1.0640
2025-02-03 13:06:20,769 - INFO - Epoch 63: train_loss=0.6078
2025-02-03 13:06:20,890 - INFO - Epoch 62: train_loss=0.9006
2025-02-03 13:06:21,582 - INFO - Epoch 63: val_loss=2.1537, val_acc=33.33%
2025-02-03 13:06:21,589 - INFO - ####################Training epoch 64####################
2025-02-03 13:06:22,650 - INFO - Epoch 63: val_loss=4.0266, val_acc=0.00%
2025-02-03 13:06:22,659 - INFO - ####################Training epoch 64####################
2025-02-03 13:06:22,759 - INFO - Epoch 62: val_loss=1.5429, val_acc=33.33%
2025-02-03 13:06:22,771 - INFO - ####################Training epoch 63####################
2025-02-03 13:06:23,152 - INFO - Epoch 64: train_loss=1.0643
2025-02-03 13:06:24,051 - INFO - Epoch 64: train_loss=0.6068
2025-02-03 13:06:24,252 - INFO - Epoch 63: train_loss=0.9010
2025-02-03 13:06:24,920 - INFO - Epoch 64: val_loss=2.1537, val_acc=33.33%
2025-02-03 13:06:24,929 - INFO - ####################Training epoch 65####################
2025-02-03 13:06:25,941 - INFO - Epoch 64: val_loss=3.9881, val_acc=0.00%
2025-02-03 13:06:25,947 - INFO - ####################Training epoch 65####################
2025-02-03 13:06:26,105 - INFO - Epoch 63: val_loss=1.5401, val_acc=33.33%
2025-02-03 13:06:26,112 - INFO - ####################Training epoch 64####################
2025-02-03 13:06:26,442 - INFO - Epoch 65: train_loss=1.0645
2025-02-03 13:06:27,345 - INFO - Epoch 65: train_loss=0.6069
2025-02-03 13:06:27,588 - INFO - Epoch 64: train_loss=0.9012
2025-02-03 13:06:28,221 - INFO - Epoch 65: val_loss=2.1537, val_acc=33.33%
2025-02-03 13:06:28,226 - INFO - ####################Training epoch 66####################
2025-02-03 13:06:29,173 - INFO - Epoch 65: val_loss=4.0167, val_acc=0.00%
2025-02-03 13:06:29,179 - INFO - ####################Training epoch 66####################
2025-02-03 13:06:29,348 - INFO - Epoch 64: val_loss=1.5409, val_acc=33.33%
2025-02-03 13:06:29,354 - INFO - ####################Training epoch 65####################
2025-02-03 13:06:29,603 - INFO - Epoch 66: train_loss=1.0644
2025-02-03 13:06:30,621 - INFO - Epoch 66: train_loss=0.6064
2025-02-03 13:06:30,858 - INFO - Epoch 65: train_loss=0.9025
2025-02-03 13:06:31,378 - INFO - Epoch 66: val_loss=2.1537, val_acc=33.33%
2025-02-03 13:06:31,384 - INFO - ####################Training epoch 67####################
2025-02-03 13:06:32,499 - INFO - Epoch 66: val_loss=4.0151, val_acc=0.00%
2025-02-03 13:06:32,504 - INFO - ####################Training epoch 67####################
2025-02-03 13:06:32,812 - INFO - Epoch 65: val_loss=1.5375, val_acc=33.33%
2025-02-03 13:06:32,820 - INFO - ####################Training epoch 66####################
2025-02-03 13:06:32,877 - INFO - Epoch 67: train_loss=1.0644
2025-02-03 13:06:33,885 - INFO - Epoch 67: train_loss=0.6066
2025-02-03 13:06:34,346 - INFO - Epoch 66: train_loss=0.9006
2025-02-03 13:06:34,631 - INFO - Epoch 67: val_loss=2.1537, val_acc=33.33%
2025-02-03 13:06:34,643 - INFO - ####################Training epoch 68####################
2025-02-03 13:06:35,615 - INFO - Epoch 67: val_loss=4.0044, val_acc=0.00%
2025-02-03 13:06:35,621 - INFO - ####################Training epoch 68####################
2025-02-03 13:06:36,062 - INFO - Epoch 66: val_loss=1.5380, val_acc=33.33%
2025-02-03 13:06:36,067 - INFO - Epoch 68: train_loss=1.0642
2025-02-03 13:06:36,068 - INFO - ####################Training epoch 67####################
2025-02-03 13:06:37,075 - INFO - Epoch 68: train_loss=0.6070
2025-02-03 13:06:37,549 - INFO - Epoch 67: train_loss=0.9024
2025-02-03 13:06:37,805 - INFO - Epoch 68: val_loss=2.1537, val_acc=33.33%
2025-02-03 13:06:37,816 - INFO - ####################Training epoch 69####################
2025-02-03 13:06:38,756 - INFO - Epoch 68: val_loss=4.0007, val_acc=0.00%
2025-02-03 13:06:38,762 - INFO - ####################Training epoch 69####################
2025-02-03 13:06:39,264 - INFO - Epoch 69: train_loss=1.0643
2025-02-03 13:06:39,360 - INFO - Epoch 67: val_loss=1.5423, val_acc=33.33%
2025-02-03 13:06:39,371 - INFO - ####################Training epoch 68####################
2025-02-03 13:06:40,320 - INFO - Epoch 69: train_loss=0.6071
2025-02-03 13:06:40,807 - INFO - Epoch 68: train_loss=0.9013
2025-02-03 13:06:40,991 - INFO - Epoch 69: val_loss=2.1537, val_acc=33.33%
2025-02-03 13:06:41,004 - INFO - ####################Training epoch 70####################
2025-02-03 13:06:41,977 - INFO - Epoch 69: val_loss=4.0252, val_acc=0.00%
2025-02-03 13:06:41,984 - INFO - ####################Training epoch 70####################
2025-02-03 13:06:42,399 - INFO - Epoch 70: train_loss=1.0644
2025-02-03 13:06:42,571 - INFO - Epoch 68: val_loss=1.5402, val_acc=33.33%
2025-02-03 13:06:42,583 - INFO - ####################Training epoch 69####################
2025-02-03 13:06:43,478 - INFO - Epoch 70: train_loss=0.6050
2025-02-03 13:06:44,015 - INFO - Epoch 69: train_loss=0.9022
2025-02-03 13:06:44,102 - INFO - Epoch 70: val_loss=2.1537, val_acc=33.33%
2025-02-03 13:06:44,113 - INFO - ####################Training epoch 71####################
2025-02-03 13:06:45,160 - INFO - Epoch 70: val_loss=4.0197, val_acc=0.00%
2025-02-03 13:06:45,166 - INFO - ####################Training epoch 71####################
2025-02-03 13:06:45,484 - INFO - Epoch 71: train_loss=1.0644
2025-02-03 13:06:45,806 - INFO - Epoch 69: val_loss=1.5374, val_acc=33.33%
2025-02-03 13:06:45,818 - INFO - ####################Training epoch 70####################
2025-02-03 13:06:46,718 - INFO - Epoch 71: train_loss=0.6087
2025-02-03 13:06:47,257 - INFO - Epoch 71: val_loss=2.1537, val_acc=33.33%
2025-02-03 13:06:47,270 - INFO - ####################Training epoch 72####################
2025-02-03 13:06:47,312 - INFO - Epoch 70: train_loss=0.9014
2025-02-03 13:06:48,547 - INFO - Epoch 71: val_loss=4.0241, val_acc=0.00%
2025-02-03 13:06:48,557 - INFO - ####################Training epoch 72####################
2025-02-03 13:06:48,644 - INFO - Epoch 72: train_loss=1.0645
2025-02-03 13:06:49,021 - INFO - Epoch 70: val_loss=1.5450, val_acc=33.33%
2025-02-03 13:06:49,028 - INFO - ####################Training epoch 71####################
2025-02-03 13:06:50,016 - INFO - Epoch 72: train_loss=0.6086
2025-02-03 13:06:50,465 - INFO - Epoch 72: val_loss=2.1538, val_acc=33.33%
2025-02-03 13:06:50,478 - INFO - ####################Training epoch 73####################
2025-02-03 13:06:50,593 - INFO - Epoch 71: train_loss=0.9013
2025-02-03 13:06:51,883 - INFO - Epoch 72: val_loss=4.0139, val_acc=0.00%
2025-02-03 13:06:51,883 - INFO - Epoch 73: train_loss=1.0645
2025-02-03 13:06:51,894 - INFO - ####################Training epoch 73####################
2025-02-03 13:06:52,261 - INFO - Epoch 71: val_loss=1.5417, val_acc=33.33%
2025-02-03 13:06:52,268 - INFO - ####################Training epoch 72####################
2025-02-03 13:06:53,443 - INFO - Epoch 73: train_loss=0.6102
2025-02-03 13:06:53,769 - INFO - Epoch 73: val_loss=2.1537, val_acc=33.33%
2025-02-03 13:06:53,782 - INFO - ####################Training epoch 74####################
2025-02-03 13:06:53,913 - INFO - Epoch 72: train_loss=0.9020
2025-02-03 13:06:55,079 - INFO - Epoch 74: train_loss=1.0643
2025-02-03 13:06:55,324 - INFO - Epoch 73: val_loss=4.0156, val_acc=0.00%
2025-02-03 13:06:55,334 - INFO - ####################Training epoch 74####################
2025-02-03 13:06:55,547 - INFO - Epoch 72: val_loss=1.5390, val_acc=33.33%
2025-02-03 13:06:55,552 - INFO - ####################Training epoch 73####################
2025-02-03 13:06:56,668 - INFO - Epoch 74: val_loss=2.1537, val_acc=33.33%
2025-02-03 13:06:56,670 - INFO - Epoch 74: train_loss=0.6055
2025-02-03 13:06:56,674 - INFO - ####################Training epoch 75####################
2025-02-03 13:06:57,087 - INFO - Epoch 73: train_loss=0.9023
2025-02-03 13:06:57,927 - INFO - Epoch 75: train_loss=1.0643
2025-02-03 13:06:58,335 - INFO - Epoch 74: val_loss=4.0019, val_acc=0.00%
2025-02-03 13:06:58,340 - INFO - ####################Training epoch 75####################
2025-02-03 13:06:58,712 - INFO - Epoch 73: val_loss=1.5386, val_acc=33.33%
2025-02-03 13:06:58,721 - INFO - ####################Training epoch 74####################
2025-02-03 13:06:59,548 - INFO - Epoch 75: val_loss=2.1537, val_acc=33.33%
2025-02-03 13:06:59,555 - INFO - ####################Training epoch 76####################
2025-02-03 13:06:59,773 - INFO - Epoch 75: train_loss=0.6070
2025-02-03 13:07:00,256 - INFO - Epoch 74: train_loss=0.9007
2025-02-03 13:07:00,890 - INFO - Epoch 76: train_loss=1.0647
2025-02-03 13:07:01,391 - INFO - Epoch 75: val_loss=3.9867, val_acc=0.00%
2025-02-03 13:07:01,396 - INFO - ####################Training epoch 76####################
2025-02-03 13:07:01,837 - INFO - Epoch 74: val_loss=1.5399, val_acc=33.33%
2025-02-03 13:07:01,844 - INFO - ####################Training epoch 75####################
2025-02-03 13:07:02,494 - INFO - Epoch 76: val_loss=2.1537, val_acc=33.33%
2025-02-03 13:07:02,501 - INFO - ####################Training epoch 77####################
2025-02-03 13:07:02,745 - INFO - Epoch 76: train_loss=0.6059
2025-02-03 13:07:03,235 - INFO - Epoch 75: train_loss=0.9007
2025-02-03 13:07:03,838 - INFO - Epoch 77: train_loss=1.0644
2025-02-03 13:07:04,343 - INFO - Epoch 76: val_loss=4.0324, val_acc=0.00%
2025-02-03 13:07:04,348 - INFO - ####################Training epoch 77####################
2025-02-03 13:07:04,817 - INFO - Epoch 75: val_loss=1.5406, val_acc=33.33%
2025-02-03 13:07:04,825 - INFO - ####################Training epoch 76####################
2025-02-03 13:07:05,496 - INFO - Epoch 77: val_loss=2.1537, val_acc=33.33%
2025-02-03 13:07:05,502 - INFO - ####################Training epoch 78####################
2025-02-03 13:07:05,760 - INFO - Epoch 77: train_loss=0.6072
2025-02-03 13:07:06,250 - INFO - Epoch 76: train_loss=0.9010
2025-02-03 13:07:06,843 - INFO - Epoch 78: train_loss=1.0648
2025-02-03 13:07:07,325 - INFO - Epoch 77: val_loss=4.0036, val_acc=0.00%
2025-02-03 13:07:07,331 - INFO - ####################Training epoch 78####################
2025-02-03 13:07:07,851 - INFO - Epoch 76: val_loss=1.5416, val_acc=33.33%
2025-02-03 13:07:07,857 - INFO - ####################Training epoch 77####################
2025-02-03 13:07:08,479 - INFO - Epoch 78: val_loss=2.1537, val_acc=33.33%
2025-02-03 13:07:08,486 - INFO - ####################Training epoch 79####################
2025-02-03 13:07:08,690 - INFO - Epoch 78: train_loss=0.6081
2025-02-03 13:07:09,227 - INFO - Epoch 77: train_loss=0.9013
2025-02-03 13:07:09,824 - INFO - Epoch 79: train_loss=1.0646
2025-02-03 13:07:10,244 - INFO - Epoch 78: val_loss=3.9937, val_acc=0.00%
2025-02-03 13:07:10,250 - INFO - ####################Training epoch 79####################
2025-02-03 13:07:10,802 - INFO - Epoch 77: val_loss=1.5400, val_acc=33.33%
2025-02-03 13:07:10,808 - INFO - ####################Training epoch 78####################
2025-02-03 13:07:11,486 - INFO - Epoch 79: val_loss=2.1538, val_acc=33.33%
2025-02-03 13:07:11,497 - INFO - ####################Training epoch 80####################
2025-02-03 13:07:11,638 - INFO - Epoch 79: train_loss=0.6088
2025-02-03 13:07:12,226 - INFO - Epoch 78: train_loss=0.9023
2025-02-03 13:07:12,831 - INFO - Epoch 80: train_loss=1.0645
2025-02-03 13:07:13,219 - INFO - Epoch 79: val_loss=4.0169, val_acc=0.00%
2025-02-03 13:07:13,225 - INFO - ####################Training epoch 80####################
2025-02-03 13:07:13,813 - INFO - Epoch 78: val_loss=1.5416, val_acc=33.33%
2025-02-03 13:07:13,820 - INFO - ####################Training epoch 79####################
2025-02-03 13:07:14,512 - INFO - Epoch 80: val_loss=2.1537, val_acc=33.33%
2025-02-03 13:07:14,523 - INFO - ####################Training epoch 81####################
2025-02-03 13:07:14,599 - INFO - Epoch 80: train_loss=0.6104
2025-02-03 13:07:15,197 - INFO - Epoch 79: train_loss=0.9020
2025-02-03 13:07:15,858 - INFO - Epoch 81: train_loss=1.0639
2025-02-03 13:07:16,229 - INFO - Epoch 80: val_loss=4.0186, val_acc=0.00%
2025-02-03 13:07:16,235 - INFO - ####################Training epoch 81####################
2025-02-03 13:07:16,788 - INFO - Epoch 79: val_loss=1.5376, val_acc=33.33%
2025-02-03 13:07:16,794 - INFO - ####################Training epoch 80####################
2025-02-03 13:07:17,598 - INFO - Epoch 81: val_loss=2.1538, val_acc=33.33%
2025-02-03 13:07:17,610 - INFO - ####################Training epoch 82####################
2025-02-03 13:07:17,655 - INFO - Epoch 81: train_loss=0.6078
2025-02-03 13:07:18,208 - INFO - Epoch 80: train_loss=0.9022
2025-02-03 13:07:18,940 - INFO - Epoch 82: train_loss=1.0647
2025-02-03 13:07:19,311 - INFO - Epoch 81: val_loss=4.0329, val_acc=0.00%
2025-02-03 13:07:19,317 - INFO - ####################Training epoch 82####################
2025-02-03 13:07:19,808 - INFO - Epoch 80: val_loss=1.5376, val_acc=33.33%
2025-02-03 13:07:19,814 - INFO - ####################Training epoch 81####################
2025-02-03 13:07:20,613 - INFO - Epoch 82: val_loss=2.1537, val_acc=33.33%
2025-02-03 13:07:20,625 - INFO - ####################Training epoch 83####################
2025-02-03 13:07:20,701 - INFO - Epoch 82: train_loss=0.6067
2025-02-03 13:07:21,195 - INFO - Epoch 81: train_loss=0.9016
2025-02-03 13:07:21,969 - INFO - Epoch 83: train_loss=1.0647
2025-02-03 13:07:22,348 - INFO - Epoch 82: val_loss=4.0030, val_acc=0.00%
2025-02-03 13:07:22,353 - INFO - ####################Training epoch 83####################
2025-02-03 13:07:22,795 - INFO - Epoch 81: val_loss=1.5415, val_acc=33.33%
2025-02-03 13:07:22,801 - INFO - ####################Training epoch 82####################
2025-02-03 13:07:23,650 - INFO - Epoch 83: val_loss=2.1537, val_acc=33.33%
2025-02-03 13:07:23,660 - INFO - ####################Training epoch 84####################
2025-02-03 13:07:23,712 - INFO - Epoch 83: train_loss=0.6066
2025-02-03 13:07:24,143 - INFO - Epoch 82: train_loss=0.9024
2025-02-03 13:07:25,012 - INFO - Epoch 84: train_loss=1.0642
2025-02-03 13:07:25,334 - INFO - Epoch 83: val_loss=4.0087, val_acc=0.00%
2025-02-03 13:07:25,345 - INFO - ####################Training epoch 84####################
2025-02-03 13:07:25,674 - INFO - Epoch 82: val_loss=1.5369, val_acc=33.33%
2025-02-03 13:07:25,681 - INFO - ####################Training epoch 83####################
2025-02-03 13:07:26,686 - INFO - Epoch 84: val_loss=2.1537, val_acc=33.33%
2025-02-03 13:07:26,699 - INFO - ####################Training epoch 85####################
2025-02-03 13:07:26,727 - INFO - Epoch 84: train_loss=0.6064
2025-02-03 13:07:27,194 - INFO - Epoch 83: train_loss=0.9004
2025-02-03 13:07:28,022 - INFO - Epoch 85: train_loss=1.0642
2025-02-03 13:07:28,411 - INFO - Epoch 84: val_loss=4.0229, val_acc=0.00%
2025-02-03 13:07:28,417 - INFO - ####################Training epoch 85####################
2025-02-03 13:07:28,787 - INFO - Epoch 83: val_loss=1.5386, val_acc=33.33%
2025-02-03 13:07:28,793 - INFO - ####################Training epoch 84####################
2025-02-03 13:07:29,674 - INFO - Epoch 85: val_loss=2.1537, val_acc=33.33%
2025-02-03 13:07:29,686 - INFO - ####################Training epoch 86####################
2025-02-03 13:07:29,769 - INFO - Epoch 85: train_loss=0.6077
2025-02-03 13:07:30,242 - INFO - Epoch 84: train_loss=0.9019
2025-02-03 13:07:31,062 - INFO - Epoch 86: train_loss=1.0649
2025-02-03 13:07:31,434 - INFO - Epoch 85: val_loss=4.0225, val_acc=0.00%
2025-02-03 13:07:31,440 - INFO - ####################Training epoch 86####################
2025-02-03 13:07:31,842 - INFO - Epoch 84: val_loss=1.5433, val_acc=33.33%
2025-02-03 13:07:31,849 - INFO - ####################Training epoch 85####################
2025-02-03 13:07:32,785 - INFO - Epoch 86: val_loss=2.1537, val_acc=33.33%
2025-02-03 13:07:32,797 - INFO - ####################Training epoch 87####################
2025-02-03 13:07:32,843 - INFO - Epoch 86: train_loss=0.6067
2025-02-03 13:07:33,317 - INFO - Epoch 85: train_loss=0.9012
2025-02-03 13:07:34,138 - INFO - Epoch 87: train_loss=1.0646
2025-02-03 13:07:34,520 - INFO - Epoch 86: val_loss=3.9956, val_acc=0.00%
2025-02-03 13:07:34,526 - INFO - ####################Training epoch 87####################
2025-02-03 13:07:34,895 - INFO - Epoch 85: val_loss=1.5412, val_acc=33.33%
2025-02-03 13:07:34,901 - INFO - ####################Training epoch 86####################
2025-02-03 13:07:35,777 - INFO - Epoch 87: val_loss=2.1537, val_acc=33.33%
2025-02-03 13:07:35,787 - INFO - ####################Training epoch 88####################
2025-02-03 13:07:35,924 - INFO - Epoch 87: train_loss=0.6105
2025-02-03 13:07:36,401 - INFO - Epoch 86: train_loss=0.9024
2025-02-03 13:07:37,101 - INFO - Epoch 88: train_loss=1.0643
2025-02-03 13:07:37,540 - INFO - Epoch 87: val_loss=4.0187, val_acc=0.00%
2025-02-03 13:07:37,546 - INFO - ####################Training epoch 88####################
2025-02-03 13:07:37,971 - INFO - Epoch 86: val_loss=1.5385, val_acc=33.33%
2025-02-03 13:07:37,977 - INFO - ####################Training epoch 87####################
2025-02-03 13:07:38,694 - INFO - Epoch 88: val_loss=2.1538, val_acc=33.33%
2025-02-03 13:07:38,702 - INFO - ####################Training epoch 89####################
2025-02-03 13:07:38,889 - INFO - Epoch 88: train_loss=0.6090
2025-02-03 13:07:39,375 - INFO - Epoch 87: train_loss=0.9022
2025-02-03 13:07:40,032 - INFO - Epoch 89: train_loss=1.0650
2025-02-03 13:07:40,480 - INFO - Epoch 88: val_loss=4.0218, val_acc=0.00%
2025-02-03 13:07:40,487 - INFO - ####################Training epoch 89####################
2025-02-03 13:07:40,952 - INFO - Epoch 87: val_loss=1.5389, val_acc=33.33%
2025-02-03 13:07:40,958 - INFO - ####################Training epoch 88####################
2025-02-03 13:07:41,660 - INFO - Epoch 89: val_loss=2.1538, val_acc=33.33%
2025-02-03 13:07:41,667 - INFO - ####################Training epoch 90####################
2025-02-03 13:07:41,853 - INFO - Epoch 89: train_loss=0.6059
2025-02-03 13:07:42,347 - INFO - Epoch 88: train_loss=0.9012
2025-02-03 13:07:43,008 - INFO - Epoch 90: train_loss=1.0645
2025-02-03 13:07:43,395 - INFO - Epoch 89: val_loss=4.0166, val_acc=0.00%
2025-02-03 13:07:43,400 - INFO - ####################Training epoch 90####################
2025-02-03 13:07:43,902 - INFO - Epoch 88: val_loss=1.5401, val_acc=33.33%
2025-02-03 13:07:43,908 - INFO - ####################Training epoch 89####################
2025-02-03 13:07:44,741 - INFO - Epoch 90: val_loss=2.1537, val_acc=33.33%
2025-02-03 13:07:44,753 - INFO - ####################Training epoch 91####################
2025-02-03 13:07:44,854 - INFO - Epoch 90: train_loss=0.6075
2025-02-03 13:07:45,396 - INFO - Epoch 89: train_loss=0.9002
2025-02-03 13:07:46,101 - INFO - Epoch 91: train_loss=1.0643
2025-02-03 13:07:46,534 - INFO - Epoch 90: val_loss=4.0298, val_acc=0.00%
2025-02-03 13:07:46,541 - INFO - ####################Training epoch 91####################
2025-02-03 13:07:47,023 - INFO - Epoch 89: val_loss=1.5414, val_acc=33.33%
2025-02-03 13:07:47,031 - INFO - ####################Training epoch 90####################
2025-02-03 13:07:47,748 - INFO - Epoch 91: val_loss=2.1537, val_acc=33.33%
2025-02-03 13:07:47,759 - INFO - ####################Training epoch 92####################
2025-02-03 13:07:47,922 - INFO - Epoch 91: train_loss=0.6081
2025-02-03 13:07:48,464 - INFO - Epoch 90: train_loss=0.9025
2025-02-03 13:07:49,112 - INFO - Epoch 92: train_loss=1.0649
2025-02-03 13:07:49,587 - INFO - Epoch 91: val_loss=3.9921, val_acc=0.00%
2025-02-03 13:07:49,594 - INFO - ####################Training epoch 92####################
2025-02-03 13:07:50,086 - INFO - Epoch 90: val_loss=1.5407, val_acc=33.33%
2025-02-03 13:07:50,093 - INFO - ####################Training epoch 91####################
2025-02-03 13:07:50,766 - INFO - Epoch 92: val_loss=2.1537, val_acc=33.33%
2025-02-03 13:07:50,778 - INFO - ####################Training epoch 93####################
2025-02-03 13:07:50,938 - INFO - Epoch 92: train_loss=0.6048
2025-02-03 13:07:51,499 - INFO - Epoch 91: train_loss=0.9009
2025-02-03 13:07:52,146 - INFO - Epoch 93: train_loss=1.0645
2025-02-03 13:07:52,590 - INFO - Epoch 92: val_loss=4.0221, val_acc=0.00%
2025-02-03 13:07:52,596 - INFO - ####################Training epoch 93####################
2025-02-03 13:07:53,141 - INFO - Epoch 91: val_loss=1.5388, val_acc=33.33%
2025-02-03 13:07:53,148 - INFO - ####################Training epoch 92####################
2025-02-03 13:07:53,848 - INFO - Epoch 93: val_loss=2.1537, val_acc=33.33%
2025-02-03 13:07:53,862 - INFO - ####################Training epoch 94####################
2025-02-03 13:07:53,973 - INFO - Epoch 93: train_loss=0.6088
2025-02-03 13:07:54,517 - INFO - Epoch 92: train_loss=0.9005
2025-02-03 13:07:55,199 - INFO - Epoch 94: train_loss=1.0640
2025-02-03 13:07:55,631 - INFO - Epoch 93: val_loss=4.0109, val_acc=0.00%
2025-02-03 13:07:55,637 - INFO - ####################Training epoch 94####################
2025-02-03 13:07:56,139 - INFO - Epoch 92: val_loss=1.5412, val_acc=33.33%
2025-02-03 13:07:56,149 - INFO - ####################Training epoch 93####################
2025-02-03 13:07:56,885 - INFO - Epoch 94: val_loss=2.1537, val_acc=33.33%
2025-02-03 13:07:56,898 - INFO - ####################Training epoch 95####################
2025-02-03 13:07:57,003 - INFO - Epoch 94: train_loss=0.6041
2025-02-03 13:07:57,545 - INFO - Epoch 93: train_loss=0.9002
2025-02-03 13:07:58,304 - INFO - Epoch 95: train_loss=1.0643
2025-02-03 13:07:58,744 - INFO - Epoch 94: val_loss=4.0219, val_acc=0.00%
2025-02-03 13:07:58,750 - INFO - ####################Training epoch 95####################
2025-02-03 13:07:59,178 - INFO - Epoch 93: val_loss=1.5397, val_acc=33.33%
2025-02-03 13:07:59,187 - INFO - ####################Training epoch 94####################
2025-02-03 13:08:00,035 - INFO - Epoch 95: val_loss=2.1538, val_acc=33.33%
2025-02-03 13:08:00,044 - INFO - ####################Training epoch 96####################
2025-02-03 13:08:00,122 - INFO - Epoch 95: train_loss=0.6082
2025-02-03 13:08:00,654 - INFO - Epoch 94: train_loss=0.9018
2025-02-03 13:08:01,373 - INFO - Epoch 96: train_loss=1.0646
2025-02-03 13:08:01,832 - INFO - Epoch 95: val_loss=4.0183, val_acc=0.00%
2025-02-03 13:08:01,837 - INFO - ####################Training epoch 96####################
2025-02-03 13:08:02,278 - INFO - Epoch 94: val_loss=1.5399, val_acc=33.33%
2025-02-03 13:08:02,288 - INFO - ####################Training epoch 95####################
2025-02-03 13:08:03,004 - INFO - Epoch 96: val_loss=2.1538, val_acc=33.33%
2025-02-03 13:08:03,015 - INFO - ####################Training epoch 97####################
2025-02-03 13:08:03,214 - INFO - Epoch 96: train_loss=0.6048
2025-02-03 13:08:03,740 - INFO - Epoch 95: train_loss=0.9003
2025-02-03 13:08:04,367 - INFO - Epoch 97: train_loss=1.0646
2025-02-03 13:08:04,861 - INFO - Epoch 96: val_loss=4.0179, val_acc=0.00%
2025-02-03 13:08:04,865 - INFO - ####################Training epoch 97####################
2025-02-03 13:08:05,362 - INFO - Epoch 95: val_loss=1.5370, val_acc=33.33%
2025-02-03 13:08:05,367 - INFO - ####################Training epoch 96####################
2025-02-03 13:08:06,025 - INFO - Epoch 97: val_loss=2.1537, val_acc=33.33%
2025-02-03 13:08:06,032 - INFO - ####################Training epoch 98####################
2025-02-03 13:08:06,209 - INFO - Epoch 97: train_loss=0.6057
2025-02-03 13:08:06,774 - INFO - Epoch 96: train_loss=0.9022
2025-02-03 13:08:07,402 - INFO - Epoch 98: train_loss=1.0647
2025-02-03 13:08:07,855 - INFO - Epoch 97: val_loss=4.0147, val_acc=0.00%
2025-02-03 13:08:07,865 - INFO - ####################Training epoch 98####################
2025-02-03 13:08:08,403 - INFO - Epoch 96: val_loss=1.5428, val_acc=33.33%
2025-02-03 13:08:08,409 - INFO - ####################Training epoch 97####################
2025-02-03 13:08:09,033 - INFO - Epoch 98: val_loss=2.1538, val_acc=33.33%
2025-02-03 13:08:09,041 - INFO - ####################Training epoch 99####################
2025-02-03 13:08:09,212 - INFO - Epoch 98: train_loss=0.6031
2025-02-03 13:08:09,779 - INFO - Epoch 97: train_loss=0.9014
2025-02-03 13:08:10,405 - INFO - Epoch 99: train_loss=1.0646
2025-02-03 13:08:10,861 - INFO - Epoch 98: val_loss=4.0300, val_acc=0.00%
2025-02-03 13:08:10,872 - INFO - ####################Training epoch 99####################
2025-02-03 13:08:11,414 - INFO - Epoch 97: val_loss=1.5442, val_acc=33.33%
2025-02-03 13:08:11,422 - INFO - ####################Training epoch 98####################
2025-02-03 13:08:12,082 - INFO - Epoch 99: val_loss=2.1537, val_acc=33.33%
2025-02-03 13:08:12,300 - INFO - Epoch 99: train_loss=0.6043
2025-02-03 13:08:12,765 - INFO - Model saved.
2025-02-03 13:08:12,879 - INFO - Epoch 98: train_loss=0.9005
2025-02-03 13:08:13,873 - INFO - Epoch 99: val_loss=4.0273, val_acc=0.00%
2025-02-03 13:08:14,497 - INFO - Epoch 98: val_loss=1.5389, val_acc=33.33%
2025-02-03 13:08:14,503 - INFO - ####################Training epoch 99####################
2025-02-03 13:08:14,513 - INFO - Model saved.
2025-02-03 13:08:15,806 - INFO - Epoch 99: train_loss=0.8988
2025-02-03 13:08:17,385 - INFO - Epoch 99: val_loss=1.5374, val_acc=33.33%
2025-02-03 13:08:18,032 - INFO - Model saved.
