nohup: ignoring input
wandb: Currently logged in as: cyans (cyans-k-benhavns-universitet) to https://api.wandb.ai. Use `wandb login --relogin` to force relogin
wandb: Using wandb-core as the SDK backend.  Please refer to https://wandb.me/wandb-core for more information.
wandb: Tracking run with wandb version 0.19.5
wandb: Run data is saved locally in /lustre/hpc/icecube/cyan/factory/IceCubeTransformer/wandb/run-20250203_172418-hhbra3ue
wandb: Run `wandb offline` to turn off syncing.
wandb: Syncing run proud-water-1
wandb: ⭐️ View project at https://wandb.ai/cyans-k-benhavns-universitet/%5B20250203_172418%5DFlavour%20Classification
wandb: 🚀 View run at https://wandb.ai/cyans-k-benhavns-universitet/%5B20250203_172418%5DFlavour%20Classification/runs/hhbra3ue
/groups/icecube/cyan/.local/lib/python3.9/site-packages/lightning_fabric/plugins/environments/slurm.py:204: The `srun` command is available on your system but is not used. HINT: If your intention is to run Lightning on SLURM, prepend your python command with `srun` like so: srun python3.9 TrainingDebuggingYard.py ...
GPU available: True (cuda), used: True
TPU available: False, using: 0 TPU cores
HPU available: False, using: 0 HPUs
/groups/icecube/cyan/.local/lib/python3.9/site-packages/pytorch_lightning/loggers/wandb.py:396: There is a wandb run already in progress and newly created instances of `WandbLogger` will reuse this run. If this is not desired, call `wandb.finish()` before instantiating `WandbLogger`.
/groups/icecube/cyan/.local/lib/python3.9/site-packages/pytorch_lightning/callbacks/model_checkpoint.py:652: Checkpoint directory /lustre/hpc/icecube/cyan/factory/IceCubeTransformer/checkpoints/20250203 exists and is not empty.
LOCAL_RANK: 0 - CUDA_VISIBLE_DEVICES: [1]
/groups/icecube/cyan/.local/lib/python3.9/site-packages/torch/optim/lr_scheduler.py:60: UserWarning: The verbose parameter is deprecated. Please use get_last_lr() to access the learning rate.
  warnings.warn(

  | Name                        | Type       | Params | Mode 
-------------------------------------------------------------------
0 | input_projection            | Linear     | 4.2 K  | train
1 | encoder_blocks              | ModuleList | 298 K  | train
2 | classification_output_layer | Linear     | 387    | train
-------------------------------------------------------------------
303 K     Trainable params
0         Non-trainable params
303 K     Total params
1.213     Total estimated model params size (MB)
Number of GPUs available: 2
GPU 0: NVIDIA GeForce RTX 3090
GPU 1: NVIDIA GeForce RTX 3090
Number of GPUs available: 2
GPU 0: NVIDIA GeForce RTX 3090
GPU 1: NVIDIA GeForce RTX 3090
------------- Multi-Flavour Shard (Energy Band: ER_1_PEV_100_PEV, Part: 1, Shard: 1) -------------
Config validation passed.
Dataset split into train (24), val (3), and test (3)
Class weights: tensor([0.1250, 0.1250, 0.1250])
Sanity Checking: |          | 0/? [00:00<?, ?it/s]/groups/icecube/cyan/.local/lib/python3.9/site-packages/pytorch_lightning/trainer/connectors/data_connector.py:475: Your `val_dataloader`'s sampler has shuffling enabled, it is strongly recommended that you turn shuffling off for val/test dataloaders.
Sanity Checking:   0%|          | 0/1 [00:00<?, ?it/s]Sanity Checking DataLoader 0:   0%|          | 0/1 [00:00<?, ?it/s]Sanity Checking DataLoader 0: 100%|██████████| 1/1 [00:00<00:00,  1.73it/s]                                                                           Training: |          | 0/? [00:00<?, ?it/s]Training:   0%|          | 0/1 [00:00<?, ?it/s]Epoch 0:   0%|          | 0/1 [00:00<?, ?it/s] Batch 0: train_loss=1.1672
Epoch 0: 100%|██████████| 1/1 [00:00<00:00,  1.24it/s]Epoch 0: 100%|██████████| 1/1 [00:00<00:00,  1.24it/s, v_num=a3ue]
Validation: |          | 0/? [00:00<?, ?it/s][A
Validation:   0%|          | 0/1 [00:00<?, ?it/s][A
Validation DataLoader 0:   0%|          | 0/1 [00:00<?, ?it/s][A
Validation DataLoader 0: 100%|██████████| 1/1 [00:00<00:00, 45.89it/s][A
                                                                      [AEpoch 0: 100%|██████████| 1/1 [00:00<00:00,  1.02it/s, v_num=a3ue]Epoch 0: 100%|██████████| 1/1 [00:00<00:00,  1.02it/s, v_num=a3ue]Traceback (most recent call last):
  File "/lustre/hpc/icecube/cyan/factory/IceCubeTransformer/TrainingDebuggingYard.py", line 334, in <module>
    main()
  File "/lustre/hpc/icecube/cyan/factory/IceCubeTransformer/TrainingDebuggingYard.py", line 325, in main
    execute()
  File "/lustre/hpc/icecube/cyan/factory/IceCubeTransformer/TrainingDebuggingYard.py", line 321, in execute
    run_training(base_dir, config, datamodule)
  File "/lustre/hpc/icecube/cyan/factory/IceCubeTransformer/TrainingDebuggingYard.py", line 293, in run_training
    trainer.fit(model, datamodule=datamodule)
  File "/groups/icecube/cyan/.local/lib/python3.9/site-packages/pytorch_lightning/trainer/trainer.py", line 543, in fit
    call._call_and_handle_interrupt(
  File "/groups/icecube/cyan/.local/lib/python3.9/site-packages/pytorch_lightning/trainer/call.py", line 44, in _call_and_handle_interrupt
    return trainer_fn(*args, **kwargs)
  File "/groups/icecube/cyan/.local/lib/python3.9/site-packages/pytorch_lightning/trainer/trainer.py", line 579, in _fit_impl
    self._run(model, ckpt_path=ckpt_path)
  File "/groups/icecube/cyan/.local/lib/python3.9/site-packages/pytorch_lightning/trainer/trainer.py", line 986, in _run
    results = self._run_stage()
  File "/groups/icecube/cyan/.local/lib/python3.9/site-packages/pytorch_lightning/trainer/trainer.py", line 1030, in _run_stage
    self.fit_loop.run()
  File "/groups/icecube/cyan/.local/lib/python3.9/site-packages/pytorch_lightning/loops/fit_loop.py", line 206, in run
    self.on_advance_end()
  File "/groups/icecube/cyan/.local/lib/python3.9/site-packages/pytorch_lightning/loops/fit_loop.py", line 377, in on_advance_end
    call._call_lightning_module_hook(trainer, "on_train_epoch_end")
  File "/groups/icecube/cyan/.local/lib/python3.9/site-packages/pytorch_lightning/trainer/call.py", line 159, in _call_lightning_module_hook
    output = fn(*args, **kwargs)
  File "/lustre/hpc/icecube/cyan/factory/IceCubeTransformer/Model/FlavourClassificationTransformerEncoder.py", line 137, in on_train_epoch_end
    if self.training_losses:
  File "/groups/icecube/cyan/.local/lib/python3.9/site-packages/torch/nn/modules/module.py", line 1729, in __getattr__
    raise AttributeError(f"'{type(self).__name__}' object has no attribute '{name}'")
AttributeError: 'FlavourClassificationTransformerEncoder' object has no attribute 'training_losses'
[1;34mwandb[0m: 
[1;34mwandb[0m: 🚀 View run [33mproud-water-1[0m at: [34mhttps://wandb.ai/cyans-k-benhavns-universitet/%5B20250203_172418%5DFlavour%20Classification/runs/hhbra3ue[0m
[1;34mwandb[0m: Find logs at: [1;35m../../../../../lustre/hpc/icecube/cyan/factory/IceCubeTransformer/wandb/run-20250203_172418-hhbra3ue/logs[0m
