2025-02-03 17:25:33,091 - INFO - Starting training with the following parameters:
2025-02-03 17:25:33,091 - INFO - | Parameter       | Value               |
|-----------------|---------------------|
| attention       | Scaled Dot-Product|
| d_model         | 128            |
| n_heads         | 8              |
| d_f             | 128            |
| num_layers      | 3              |
| d_input         | 32             |
| num_classes     | 3              |
| dropout         | 0.1            |
| learning_rate   | 0.0001         |
| epochs          | 100            |
| batch_size      | 32             |

2025-02-03 17:25:33,706 - INFO - Epoch 0: val_loss=1.1932, val_acc=66.67%
2025-02-03 17:25:33,826 - INFO - ####################Training epoch 0####################
2025-02-03 17:25:33,974 - INFO - Epoch 0: train_loss=1.2733
2025-02-03 17:25:34,466 - INFO - Epoch 0: val_loss=1.1537, val_acc=33.33%
2025-02-03 17:25:34,470 - INFO - Epoch 0: FINAL train_loss=1.2733
2025-02-03 17:25:34,536 - INFO - ####################Training epoch 1####################
2025-02-03 17:25:34,790 - INFO - Epoch 1: train_loss=1.1865
2025-02-03 17:25:35,232 - INFO - Epoch 1: val_loss=1.1328, val_acc=33.33%
2025-02-03 17:25:35,235 - INFO - Epoch 1: FINAL train_loss=1.1865
2025-02-03 17:25:35,261 - INFO - ####################Training epoch 2####################
2025-02-03 17:25:35,520 - INFO - Epoch 2: train_loss=1.1278
2025-02-03 17:25:35,959 - INFO - Epoch 2: val_loss=1.1303, val_acc=33.33%
2025-02-03 17:25:35,963 - INFO - Epoch 2: FINAL train_loss=1.1278
2025-02-03 17:25:36,008 - INFO - ####################Training epoch 3####################
2025-02-03 17:25:36,269 - INFO - Epoch 3: train_loss=1.0891
2025-02-03 17:25:36,713 - INFO - Epoch 3: val_loss=1.1424, val_acc=33.33%
2025-02-03 17:25:36,717 - INFO - Epoch 3: FINAL train_loss=1.0891
2025-02-03 17:25:36,764 - INFO - ####################Training epoch 4####################
2025-02-03 17:25:37,023 - INFO - Epoch 4: train_loss=1.0610
2025-02-03 17:25:37,464 - INFO - Epoch 4: val_loss=1.1766, val_acc=33.33%
2025-02-03 17:25:37,468 - INFO - Epoch 4: FINAL train_loss=1.0610
2025-02-03 17:25:37,470 - INFO - ####################Training epoch 5####################
2025-02-03 17:25:37,730 - INFO - Epoch 5: train_loss=1.0605
2025-02-03 17:25:38,172 - INFO - Epoch 5: val_loss=1.2260, val_acc=33.33%
2025-02-03 17:25:38,176 - INFO - Epoch 5: FINAL train_loss=1.0605
2025-02-03 17:25:38,178 - INFO - ####################Training epoch 6####################
2025-02-03 17:25:38,444 - INFO - Epoch 6: train_loss=1.0508
2025-02-03 17:25:38,886 - INFO - Epoch 6: val_loss=1.2759, val_acc=33.33%
2025-02-03 17:25:38,890 - INFO - Epoch 6: FINAL train_loss=1.0508
2025-02-03 17:25:38,892 - INFO - ####################Training epoch 7####################
2025-02-03 17:25:39,156 - INFO - Epoch 7: train_loss=1.0460
2025-02-03 17:25:39,598 - INFO - Epoch 7: val_loss=1.3224, val_acc=33.33%
2025-02-03 17:25:39,601 - INFO - Epoch 7: FINAL train_loss=1.0460
2025-02-03 17:25:39,604 - INFO - ####################Training epoch 8####################
2025-02-03 17:25:39,866 - INFO - Epoch 8: train_loss=1.0497
2025-02-03 17:25:40,314 - INFO - Epoch 8: val_loss=1.3637, val_acc=33.33%
2025-02-03 17:25:40,318 - INFO - Epoch 8: FINAL train_loss=1.0497
2025-02-03 17:25:40,320 - INFO - ####################Training epoch 9####################
2025-02-03 17:25:40,584 - INFO - Epoch 9: train_loss=1.0384
2025-02-03 17:25:41,029 - INFO - Epoch 9: val_loss=1.3752, val_acc=33.33%
2025-02-03 17:25:41,033 - INFO - Epoch 9: FINAL train_loss=1.0384
2025-02-03 17:25:41,035 - INFO - ####################Training epoch 10####################
2025-02-03 17:25:41,300 - INFO - Epoch 10: train_loss=1.0324
2025-02-03 17:25:41,764 - INFO - Epoch 10: val_loss=1.3882, val_acc=33.33%
2025-02-03 17:25:41,767 - INFO - Epoch 10: FINAL train_loss=1.0324
2025-02-03 17:25:41,770 - INFO - ####################Training epoch 11####################
2025-02-03 17:25:42,054 - INFO - Epoch 11: train_loss=1.0229
2025-02-03 17:25:42,500 - INFO - Epoch 11: val_loss=1.3964, val_acc=33.33%
2025-02-03 17:25:42,504 - INFO - Epoch 11: FINAL train_loss=1.0229
2025-02-03 17:25:42,506 - INFO - ####################Training epoch 12####################
2025-02-03 17:25:42,768 - INFO - Epoch 12: train_loss=1.0136
2025-02-03 17:25:43,214 - INFO - Epoch 12: val_loss=1.4050, val_acc=33.33%
2025-02-03 17:25:43,217 - INFO - Epoch 12: FINAL train_loss=1.0136
2025-02-03 17:25:43,220 - INFO - ####################Training epoch 13####################
2025-02-03 17:25:43,483 - INFO - Epoch 13: train_loss=1.0030
2025-02-03 17:25:43,930 - INFO - Epoch 13: val_loss=1.4119, val_acc=33.33%
2025-02-03 17:25:43,933 - INFO - Epoch 13: FINAL train_loss=1.0030
2025-02-03 17:25:43,935 - INFO - ####################Training epoch 14####################
2025-02-03 17:25:44,198 - INFO - Epoch 14: train_loss=0.9946
2025-02-03 17:25:44,641 - INFO - Epoch 14: val_loss=1.4223, val_acc=33.33%
2025-02-03 17:25:44,645 - INFO - Epoch 14: FINAL train_loss=0.9946
2025-02-03 17:25:44,647 - INFO - ####################Training epoch 15####################
2025-02-03 17:25:44,910 - INFO - Epoch 15: train_loss=0.9824
2025-02-03 17:25:45,357 - INFO - Epoch 15: val_loss=1.4274, val_acc=33.33%
2025-02-03 17:25:45,360 - INFO - Epoch 15: FINAL train_loss=0.9824
2025-02-03 17:25:45,363 - INFO - ####################Training epoch 16####################
2025-02-03 17:25:45,624 - INFO - Epoch 16: train_loss=0.9796
2025-02-03 17:25:46,068 - INFO - Epoch 16: val_loss=1.4366, val_acc=33.33%
2025-02-03 17:25:46,072 - INFO - Epoch 16: FINAL train_loss=0.9796
2025-02-03 17:25:46,074 - INFO - ####################Training epoch 17####################
2025-02-03 17:25:46,336 - INFO - Epoch 17: train_loss=0.9766
2025-02-03 17:25:46,781 - INFO - Epoch 17: val_loss=1.4362, val_acc=33.33%
2025-02-03 17:25:46,785 - INFO - Epoch 17: FINAL train_loss=0.9766
2025-02-03 17:25:46,787 - INFO - ####################Training epoch 18####################
2025-02-03 17:25:47,051 - INFO - Epoch 18: train_loss=0.9783
2025-02-03 17:25:47,502 - INFO - Epoch 18: val_loss=1.4446, val_acc=33.33%
2025-02-03 17:25:47,505 - INFO - Epoch 18: FINAL train_loss=0.9783
2025-02-03 17:25:47,508 - INFO - ####################Training epoch 19####################
2025-02-03 17:25:47,908 - INFO - Epoch 19: train_loss=0.9754
2025-02-03 17:25:48,353 - INFO - Epoch 19: val_loss=1.4484, val_acc=33.33%
2025-02-03 17:25:48,356 - INFO - Epoch 19: FINAL train_loss=0.9754
2025-02-03 17:25:48,359 - INFO - ####################Training epoch 20####################
2025-02-03 17:25:48,632 - INFO - Epoch 20: train_loss=0.9740
2025-02-03 17:25:49,082 - INFO - Epoch 20: val_loss=1.4587, val_acc=33.33%
2025-02-03 17:25:49,086 - INFO - Epoch 20: FINAL train_loss=0.9740
2025-02-03 17:25:49,088 - INFO - ####################Training epoch 21####################
2025-02-03 17:25:49,354 - INFO - Epoch 21: train_loss=0.9686
2025-02-03 17:25:49,806 - INFO - Epoch 21: val_loss=1.4612, val_acc=33.33%
2025-02-03 17:25:49,810 - INFO - Epoch 21: FINAL train_loss=0.9686
2025-02-03 17:25:49,812 - INFO - ####################Training epoch 22####################
2025-02-03 17:25:50,081 - INFO - Epoch 22: train_loss=0.9670
2025-02-03 17:25:50,538 - INFO - Epoch 22: val_loss=1.4642, val_acc=33.33%
2025-02-03 17:25:50,541 - INFO - Epoch 22: FINAL train_loss=0.9670
2025-02-03 17:25:50,543 - INFO - ####################Training epoch 23####################
2025-02-03 17:25:50,814 - INFO - Epoch 23: train_loss=0.9653
2025-02-03 17:25:51,264 - INFO - Epoch 23: val_loss=1.4678, val_acc=33.33%
2025-02-03 17:25:51,268 - INFO - Epoch 23: FINAL train_loss=0.9653
2025-02-03 17:25:51,270 - INFO - ####################Training epoch 24####################
2025-02-03 17:25:51,537 - INFO - Epoch 24: train_loss=0.9641
2025-02-03 17:25:51,985 - INFO - Epoch 24: val_loss=1.4720, val_acc=33.33%
2025-02-03 17:25:51,988 - INFO - Epoch 24: FINAL train_loss=0.9641
2025-02-03 17:25:51,991 - INFO - ####################Training epoch 25####################
2025-02-03 17:25:52,258 - INFO - Epoch 25: train_loss=0.9632
2025-02-03 17:25:52,706 - INFO - Epoch 25: val_loss=1.4785, val_acc=33.33%
2025-02-03 17:25:52,709 - INFO - Epoch 25: FINAL train_loss=0.9632
2025-02-03 17:25:52,711 - INFO - ####################Training epoch 26####################
2025-02-03 17:25:52,977 - INFO - Epoch 26: train_loss=0.9618
2025-02-03 17:25:53,426 - INFO - Epoch 26: val_loss=1.4863, val_acc=33.33%
2025-02-03 17:25:53,429 - INFO - Epoch 26: FINAL train_loss=0.9618
2025-02-03 17:25:53,432 - INFO - ####################Training epoch 27####################
2025-02-03 17:25:53,699 - INFO - Epoch 27: train_loss=0.9594
2025-02-03 17:25:54,146 - INFO - Epoch 27: val_loss=1.4822, val_acc=33.33%
2025-02-03 17:25:54,150 - INFO - Epoch 27: FINAL train_loss=0.9594
2025-02-03 17:25:54,152 - INFO - ####################Training epoch 28####################
2025-02-03 17:25:54,419 - INFO - Epoch 28: train_loss=0.9588
2025-02-03 17:25:54,868 - INFO - Epoch 28: val_loss=1.4851, val_acc=33.33%
2025-02-03 17:25:54,871 - INFO - Epoch 28: FINAL train_loss=0.9588
2025-02-03 17:25:54,873 - INFO - ####################Training epoch 29####################
2025-02-03 17:25:55,138 - INFO - Epoch 29: train_loss=0.9573
2025-02-03 17:25:55,587 - INFO - Epoch 29: val_loss=1.4877, val_acc=33.33%
2025-02-03 17:25:55,591 - INFO - Epoch 29: FINAL train_loss=0.9573
2025-02-03 17:25:55,593 - INFO - ####################Training epoch 30####################
2025-02-03 17:25:55,858 - INFO - Epoch 30: train_loss=0.9567
2025-02-03 17:25:56,304 - INFO - Epoch 30: val_loss=1.4867, val_acc=33.33%
2025-02-03 17:25:56,307 - INFO - Epoch 30: FINAL train_loss=0.9567
2025-02-03 17:25:56,310 - INFO - ####################Training epoch 31####################
2025-02-03 17:25:56,574 - INFO - Epoch 31: train_loss=0.9555
2025-02-03 17:25:57,022 - INFO - Epoch 31: val_loss=1.4914, val_acc=33.33%
2025-02-03 17:25:57,026 - INFO - Epoch 31: FINAL train_loss=0.9555
2025-02-03 17:25:57,028 - INFO - ####################Training epoch 32####################
2025-02-03 17:25:57,291 - INFO - Epoch 32: train_loss=0.9573
2025-02-03 17:25:57,736 - INFO - Epoch 32: val_loss=1.4892, val_acc=33.33%
2025-02-03 17:25:57,741 - INFO - Epoch 32: FINAL train_loss=0.9573
2025-02-03 17:25:57,743 - INFO - ####################Training epoch 33####################
2025-02-03 17:25:58,007 - INFO - Epoch 33: train_loss=0.9525
2025-02-03 17:25:58,450 - INFO - Epoch 33: val_loss=1.4922, val_acc=33.33%
2025-02-03 17:25:58,454 - INFO - Epoch 33: FINAL train_loss=0.9525
2025-02-03 17:25:58,456 - INFO - ####################Training epoch 34####################
2025-02-03 17:25:58,727 - INFO - Epoch 34: train_loss=0.9548
2025-02-03 17:25:59,170 - INFO - Epoch 34: val_loss=1.4993, val_acc=33.33%
2025-02-03 17:25:59,174 - INFO - Epoch 34: FINAL train_loss=0.9548
2025-02-03 17:25:59,176 - INFO - ####################Training epoch 35####################
2025-02-03 17:25:59,442 - INFO - Epoch 35: train_loss=0.9526
2025-02-03 17:25:59,885 - INFO - Epoch 35: val_loss=1.4995, val_acc=33.33%
2025-02-03 17:25:59,889 - INFO - Epoch 35: FINAL train_loss=0.9526
2025-02-03 17:25:59,891 - INFO - ####################Training epoch 36####################
2025-02-03 17:26:00,156 - INFO - Epoch 36: train_loss=0.9541
2025-02-03 17:26:00,600 - INFO - Epoch 36: val_loss=1.4997, val_acc=33.33%
2025-02-03 17:26:00,603 - INFO - Epoch 36: FINAL train_loss=0.9541
2025-02-03 17:26:00,606 - INFO - ####################Training epoch 37####################
2025-02-03 17:26:00,874 - INFO - Epoch 37: train_loss=0.9534
2025-02-03 17:26:01,318 - INFO - Epoch 37: val_loss=1.5037, val_acc=33.33%
2025-02-03 17:26:01,322 - INFO - Epoch 37: FINAL train_loss=0.9534
2025-02-03 17:26:01,324 - INFO - ####################Training epoch 38####################
2025-02-03 17:26:01,586 - INFO - Epoch 38: train_loss=0.9501
2025-02-03 17:26:02,030 - INFO - Epoch 38: val_loss=1.5023, val_acc=33.33%
2025-02-03 17:26:02,034 - INFO - Epoch 38: FINAL train_loss=0.9501
2025-02-03 17:26:02,036 - INFO - ####################Training epoch 39####################
2025-02-03 17:26:02,303 - INFO - Epoch 39: train_loss=0.9515
2025-02-03 17:26:02,748 - INFO - Epoch 39: val_loss=1.5014, val_acc=33.33%
2025-02-03 17:26:02,751 - INFO - Epoch 39: FINAL train_loss=0.9515
2025-02-03 17:26:02,754 - INFO - ####################Training epoch 40####################
2025-02-03 17:26:03,018 - INFO - Epoch 40: train_loss=0.9495
2025-02-03 17:26:03,462 - INFO - Epoch 40: val_loss=1.5021, val_acc=33.33%
2025-02-03 17:26:03,466 - INFO - Epoch 40: FINAL train_loss=0.9495
2025-02-03 17:26:03,468 - INFO - ####################Training epoch 41####################
2025-02-03 17:26:03,732 - INFO - Epoch 41: train_loss=0.9494
2025-02-03 17:26:04,178 - INFO - Epoch 41: val_loss=1.5033, val_acc=33.33%
2025-02-03 17:26:04,182 - INFO - Epoch 41: FINAL train_loss=0.9494
2025-02-03 17:26:04,184 - INFO - ####################Training epoch 42####################
2025-02-03 17:26:04,449 - INFO - Epoch 42: train_loss=0.9495
2025-02-03 17:26:04,893 - INFO - Epoch 42: val_loss=1.5004, val_acc=33.33%
2025-02-03 17:26:04,897 - INFO - Epoch 42: FINAL train_loss=0.9495
2025-02-03 17:26:04,900 - INFO - ####################Training epoch 43####################
2025-02-03 17:26:05,165 - INFO - Epoch 43: train_loss=0.9503
2025-02-03 17:26:05,612 - INFO - Epoch 43: val_loss=1.5106, val_acc=33.33%
2025-02-03 17:26:05,615 - INFO - Epoch 43: FINAL train_loss=0.9503
2025-02-03 17:26:05,618 - INFO - ####################Training epoch 44####################
2025-02-03 17:26:05,884 - INFO - Epoch 44: train_loss=0.9494
2025-02-03 17:26:06,330 - INFO - Epoch 44: val_loss=1.5063, val_acc=33.33%
2025-02-03 17:26:06,334 - INFO - Epoch 44: FINAL train_loss=0.9494
2025-02-03 17:26:06,336 - INFO - ####################Training epoch 45####################
2025-02-03 17:26:06,599 - INFO - Epoch 45: train_loss=0.9499
2025-02-03 17:26:07,044 - INFO - Epoch 45: val_loss=1.5075, val_acc=33.33%
2025-02-03 17:26:07,048 - INFO - Epoch 45: FINAL train_loss=0.9499
2025-02-03 17:26:07,050 - INFO - ####################Training epoch 46####################
2025-02-03 17:26:07,357 - INFO - Epoch 46: train_loss=0.9487
2025-02-03 17:26:07,800 - INFO - Epoch 46: val_loss=1.5051, val_acc=33.33%
2025-02-03 17:26:07,803 - INFO - Epoch 46: FINAL train_loss=0.9487
2025-02-03 17:26:07,806 - INFO - ####################Training epoch 47####################
2025-02-03 17:26:08,070 - INFO - Epoch 47: train_loss=0.9493
2025-02-03 17:26:08,515 - INFO - Epoch 47: val_loss=1.5086, val_acc=33.33%
2025-02-03 17:26:08,519 - INFO - Epoch 47: FINAL train_loss=0.9493
2025-02-03 17:26:08,521 - INFO - ####################Training epoch 48####################
2025-02-03 17:26:08,782 - INFO - Epoch 48: train_loss=0.9476
2025-02-03 17:26:09,228 - INFO - Epoch 48: val_loss=1.5067, val_acc=33.33%
2025-02-03 17:26:09,231 - INFO - Epoch 48: FINAL train_loss=0.9476
2025-02-03 17:26:09,234 - INFO - ####################Training epoch 49####################
2025-02-03 17:26:09,498 - INFO - Epoch 49: train_loss=0.9470
2025-02-03 17:26:09,942 - INFO - Epoch 49: val_loss=1.5089, val_acc=33.33%
2025-02-03 17:26:09,945 - INFO - Epoch 49: FINAL train_loss=0.9470
2025-02-03 17:26:09,948 - INFO - ####################Training epoch 50####################
2025-02-03 17:26:10,212 - INFO - Epoch 50: train_loss=0.9475
2025-02-03 17:26:10,658 - INFO - Epoch 50: val_loss=1.5090, val_acc=33.33%
2025-02-03 17:26:10,661 - INFO - Epoch 50: FINAL train_loss=0.9475
2025-02-03 17:26:10,664 - INFO - ####################Training epoch 51####################
2025-02-03 17:26:10,931 - INFO - Epoch 51: train_loss=0.9479
2025-02-03 17:26:11,379 - INFO - Epoch 51: val_loss=1.5095, val_acc=33.33%
2025-02-03 17:26:11,382 - INFO - Epoch 51: FINAL train_loss=0.9479
2025-02-03 17:26:11,385 - INFO - ####################Training epoch 52####################
2025-02-03 17:26:11,651 - INFO - Epoch 52: train_loss=0.9477
2025-02-03 17:26:12,096 - INFO - Epoch 52: val_loss=1.5046, val_acc=33.33%
2025-02-03 17:26:12,100 - INFO - Epoch 52: FINAL train_loss=0.9477
2025-02-03 17:26:12,102 - INFO - ####################Training epoch 53####################
2025-02-03 17:26:12,367 - INFO - Epoch 53: train_loss=0.9475
2025-02-03 17:26:12,812 - INFO - Epoch 53: val_loss=1.5136, val_acc=33.33%
2025-02-03 17:26:12,815 - INFO - Epoch 53: FINAL train_loss=0.9475
2025-02-03 17:26:12,818 - INFO - ####################Training epoch 54####################
2025-02-03 17:26:13,083 - INFO - Epoch 54: train_loss=0.9475
2025-02-03 17:26:13,528 - INFO - Epoch 54: val_loss=1.5093, val_acc=33.33%
2025-02-03 17:26:13,531 - INFO - Epoch 54: FINAL train_loss=0.9475
2025-02-03 17:26:13,534 - INFO - ####################Training epoch 55####################
2025-02-03 17:26:13,794 - INFO - Epoch 55: train_loss=0.9472
2025-02-03 17:26:14,241 - INFO - Epoch 55: val_loss=1.5140, val_acc=33.33%
2025-02-03 17:26:14,245 - INFO - Epoch 55: FINAL train_loss=0.9472
2025-02-03 17:26:14,247 - INFO - ####################Training epoch 56####################
2025-02-03 17:26:14,511 - INFO - Epoch 56: train_loss=0.9455
2025-02-03 17:26:14,955 - INFO - Epoch 56: val_loss=1.5080, val_acc=33.33%
2025-02-03 17:26:14,959 - INFO - Epoch 56: FINAL train_loss=0.9455
2025-02-03 17:26:14,961 - INFO - ####################Training epoch 57####################
2025-02-03 17:26:15,229 - INFO - Epoch 57: train_loss=0.9463
2025-02-03 17:26:15,698 - INFO - Epoch 57: val_loss=1.5078, val_acc=33.33%
2025-02-03 17:26:15,701 - INFO - Epoch 57: FINAL train_loss=0.9463
2025-02-03 17:26:15,703 - INFO - ####################Training epoch 58####################
2025-02-03 17:26:15,990 - INFO - Epoch 58: train_loss=0.9474
2025-02-03 17:26:16,440 - INFO - Epoch 58: val_loss=1.5099, val_acc=33.33%
2025-02-03 17:26:16,444 - INFO - Epoch 58: FINAL train_loss=0.9474
2025-02-03 17:26:16,447 - INFO - ####################Training epoch 59####################
2025-02-03 17:26:16,711 - INFO - Epoch 59: train_loss=0.9479
2025-02-03 17:26:17,161 - INFO - Epoch 59: val_loss=1.5105, val_acc=33.33%
2025-02-03 17:26:17,164 - INFO - Epoch 59: FINAL train_loss=0.9479
2025-02-03 17:26:17,167 - INFO - ####################Training epoch 60####################
2025-02-03 17:26:17,433 - INFO - Epoch 60: train_loss=0.9470
2025-02-03 17:26:17,880 - INFO - Epoch 60: val_loss=1.5131, val_acc=33.33%
2025-02-03 17:26:17,883 - INFO - Epoch 60: FINAL train_loss=0.9470
2025-02-03 17:26:17,886 - INFO - ####################Training epoch 61####################
2025-02-03 17:26:18,156 - INFO - Epoch 61: train_loss=0.9483
2025-02-03 17:26:18,599 - INFO - Epoch 61: val_loss=1.5067, val_acc=33.33%
2025-02-03 17:26:18,603 - INFO - Epoch 61: FINAL train_loss=0.9483
2025-02-03 17:26:18,605 - INFO - ####################Training epoch 62####################
2025-02-03 17:26:18,871 - INFO - Epoch 62: train_loss=0.9470
2025-02-03 17:26:19,318 - INFO - Epoch 62: val_loss=1.5077, val_acc=33.33%
2025-02-03 17:26:19,321 - INFO - Epoch 62: FINAL train_loss=0.9470
2025-02-03 17:26:19,323 - INFO - ####################Training epoch 63####################
2025-02-03 17:26:19,590 - INFO - Epoch 63: train_loss=0.9483
2025-02-03 17:26:20,034 - INFO - Epoch 63: val_loss=1.5115, val_acc=33.33%
2025-02-03 17:26:20,038 - INFO - Epoch 63: FINAL train_loss=0.9483
2025-02-03 17:26:20,040 - INFO - ####################Training epoch 64####################
2025-02-03 17:26:20,305 - INFO - Epoch 64: train_loss=0.9480
2025-02-03 17:26:20,751 - INFO - Epoch 64: val_loss=1.5104, val_acc=33.33%
2025-02-03 17:26:20,754 - INFO - Epoch 64: FINAL train_loss=0.9480
2025-02-03 17:26:20,756 - INFO - ####################Training epoch 65####################
2025-02-03 17:26:21,022 - INFO - Epoch 65: train_loss=0.9472
2025-02-03 17:26:21,467 - INFO - Epoch 65: val_loss=1.5152, val_acc=33.33%
2025-02-03 17:26:21,471 - INFO - Epoch 65: FINAL train_loss=0.9472
2025-02-03 17:26:21,473 - INFO - ####################Training epoch 66####################
2025-02-03 17:26:21,737 - INFO - Epoch 66: train_loss=0.9471
2025-02-03 17:26:22,182 - INFO - Epoch 66: val_loss=1.5031, val_acc=33.33%
2025-02-03 17:26:22,185 - INFO - Epoch 66: FINAL train_loss=0.9471
2025-02-03 17:26:22,188 - INFO - ####################Training epoch 67####################
2025-02-03 17:26:22,454 - INFO - Epoch 67: train_loss=0.9483
2025-02-03 17:26:22,900 - INFO - Epoch 67: val_loss=1.5098, val_acc=33.33%
2025-02-03 17:26:22,903 - INFO - Epoch 67: FINAL train_loss=0.9483
2025-02-03 17:26:22,906 - INFO - ####################Training epoch 68####################
2025-02-03 17:26:23,171 - INFO - Epoch 68: train_loss=0.9465
2025-02-03 17:26:23,615 - INFO - Epoch 68: val_loss=1.5096, val_acc=33.33%
2025-02-03 17:26:23,619 - INFO - Epoch 68: FINAL train_loss=0.9465
2025-02-03 17:26:23,621 - INFO - ####################Training epoch 69####################
2025-02-03 17:26:23,887 - INFO - Epoch 69: train_loss=0.9476
2025-02-03 17:26:24,348 - INFO - Epoch 69: val_loss=1.5110, val_acc=33.33%
2025-02-03 17:26:24,352 - INFO - Epoch 69: FINAL train_loss=0.9476
2025-02-03 17:26:24,354 - INFO - ####################Training epoch 70####################
2025-02-03 17:26:24,620 - INFO - Epoch 70: train_loss=0.9499
2025-02-03 17:26:25,068 - INFO - Epoch 70: val_loss=1.5102, val_acc=33.33%
2025-02-03 17:26:25,072 - INFO - Epoch 70: FINAL train_loss=0.9499
2025-02-03 17:26:25,075 - INFO - ####################Training epoch 71####################
2025-02-03 17:26:25,341 - INFO - Epoch 71: train_loss=0.9471
2025-02-03 17:26:25,787 - INFO - Epoch 71: val_loss=1.5073, val_acc=33.33%
2025-02-03 17:26:25,791 - INFO - Epoch 71: FINAL train_loss=0.9471
2025-02-03 17:26:25,793 - INFO - ####################Training epoch 72####################
2025-02-03 17:26:26,060 - INFO - Epoch 72: train_loss=0.9453
2025-02-03 17:26:26,510 - INFO - Epoch 72: val_loss=1.5071, val_acc=33.33%
2025-02-03 17:26:26,513 - INFO - Epoch 72: FINAL train_loss=0.9453
2025-02-03 17:26:26,516 - INFO - ####################Training epoch 73####################
2025-02-03 17:26:26,781 - INFO - Epoch 73: train_loss=0.9462
2025-02-03 17:26:27,228 - INFO - Epoch 73: val_loss=1.5126, val_acc=33.33%
2025-02-03 17:26:27,231 - INFO - Epoch 73: FINAL train_loss=0.9462
2025-02-03 17:26:27,234 - INFO - ####################Training epoch 74####################
2025-02-03 17:26:27,502 - INFO - Epoch 74: train_loss=0.9475
2025-02-03 17:26:27,953 - INFO - Epoch 74: val_loss=1.5104, val_acc=33.33%
2025-02-03 17:26:27,959 - INFO - Epoch 74: FINAL train_loss=0.9475
2025-02-03 17:26:27,962 - INFO - ####################Training epoch 75####################
2025-02-03 17:26:28,232 - INFO - Epoch 75: train_loss=0.9464
2025-02-03 17:26:28,678 - INFO - Epoch 75: val_loss=1.5138, val_acc=33.33%
2025-02-03 17:26:28,681 - INFO - Epoch 75: FINAL train_loss=0.9464
2025-02-03 17:26:28,684 - INFO - ####################Training epoch 76####################
2025-02-03 17:26:28,950 - INFO - Epoch 76: train_loss=0.9474
2025-02-03 17:26:29,396 - INFO - Epoch 76: val_loss=1.5086, val_acc=33.33%
2025-02-03 17:26:29,399 - INFO - Epoch 76: FINAL train_loss=0.9474
2025-02-03 17:26:29,401 - INFO - ####################Training epoch 77####################
2025-02-03 17:26:29,667 - INFO - Epoch 77: train_loss=0.9472
2025-02-03 17:26:30,115 - INFO - Epoch 77: val_loss=1.5116, val_acc=33.33%
2025-02-03 17:26:30,119 - INFO - Epoch 77: FINAL train_loss=0.9472
2025-02-03 17:26:30,121 - INFO - ####################Training epoch 78####################
2025-02-03 17:26:30,387 - INFO - Epoch 78: train_loss=0.9482
2025-02-03 17:26:30,832 - INFO - Epoch 78: val_loss=1.5077, val_acc=33.33%
2025-02-03 17:26:30,836 - INFO - Epoch 78: FINAL train_loss=0.9482
2025-02-03 17:26:30,838 - INFO - ####################Training epoch 79####################
2025-02-03 17:26:31,104 - INFO - Epoch 79: train_loss=0.9465
2025-02-03 17:26:31,552 - INFO - Epoch 79: val_loss=1.5161, val_acc=33.33%
2025-02-03 17:26:31,556 - INFO - Epoch 79: FINAL train_loss=0.9465
2025-02-03 17:26:31,558 - INFO - ####################Training epoch 80####################
2025-02-03 17:26:31,822 - INFO - Epoch 80: train_loss=0.9485
2025-02-03 17:26:32,276 - INFO - Epoch 80: val_loss=1.5047, val_acc=33.33%
2025-02-03 17:26:32,280 - INFO - Epoch 80: FINAL train_loss=0.9485
2025-02-03 17:26:32,282 - INFO - ####################Training epoch 81####################
2025-02-03 17:26:32,586 - INFO - Epoch 81: train_loss=0.9479
2025-02-03 17:26:33,029 - INFO - Epoch 81: val_loss=1.5126, val_acc=33.33%
2025-02-03 17:26:33,033 - INFO - Epoch 81: FINAL train_loss=0.9479
2025-02-03 17:26:33,035 - INFO - ####################Training epoch 82####################
2025-02-03 17:26:33,305 - INFO - Epoch 82: train_loss=0.9470
2025-02-03 17:26:33,752 - INFO - Epoch 82: val_loss=1.5120, val_acc=33.33%
2025-02-03 17:26:33,755 - INFO - Epoch 82: FINAL train_loss=0.9470
2025-02-03 17:26:33,758 - INFO - ####################Training epoch 83####################
2025-02-03 17:26:34,022 - INFO - Epoch 83: train_loss=0.9475
2025-02-03 17:26:34,470 - INFO - Epoch 83: val_loss=1.5091, val_acc=33.33%
2025-02-03 17:26:34,474 - INFO - Epoch 83: FINAL train_loss=0.9475
2025-02-03 17:26:34,476 - INFO - ####################Training epoch 84####################
2025-02-03 17:26:34,741 - INFO - Epoch 84: train_loss=0.9473
2025-02-03 17:26:35,189 - INFO - Epoch 84: val_loss=1.5127, val_acc=33.33%
2025-02-03 17:26:35,192 - INFO - Epoch 84: FINAL train_loss=0.9473
2025-02-03 17:26:35,194 - INFO - ####################Training epoch 85####################
2025-02-03 17:26:35,459 - INFO - Epoch 85: train_loss=0.9461
2025-02-03 17:26:35,904 - INFO - Epoch 85: val_loss=1.5090, val_acc=33.33%
2025-02-03 17:26:35,907 - INFO - Epoch 85: FINAL train_loss=0.9461
2025-02-03 17:26:35,910 - INFO - ####################Training epoch 86####################
2025-02-03 17:26:36,177 - INFO - Epoch 86: train_loss=0.9476
2025-02-03 17:26:36,623 - INFO - Epoch 86: val_loss=1.5062, val_acc=33.33%
2025-02-03 17:26:36,626 - INFO - Epoch 86: FINAL train_loss=0.9476
2025-02-03 17:26:36,629 - INFO - ####################Training epoch 87####################
2025-02-03 17:26:36,899 - INFO - Epoch 87: train_loss=0.9484
2025-02-03 17:26:37,348 - INFO - Epoch 87: val_loss=1.5116, val_acc=33.33%
2025-02-03 17:26:37,352 - INFO - Epoch 87: FINAL train_loss=0.9484
2025-02-03 17:26:37,354 - INFO - ####################Training epoch 88####################
2025-02-03 17:26:37,617 - INFO - Epoch 88: train_loss=0.9463
2025-02-03 17:26:38,063 - INFO - Epoch 88: val_loss=1.5048, val_acc=33.33%
2025-02-03 17:26:38,066 - INFO - Epoch 88: FINAL train_loss=0.9463
2025-02-03 17:26:38,069 - INFO - ####################Training epoch 89####################
2025-02-03 17:26:38,337 - INFO - Epoch 89: train_loss=0.9466
2025-02-03 17:26:38,782 - INFO - Epoch 89: val_loss=1.5081, val_acc=33.33%
2025-02-03 17:26:38,785 - INFO - Epoch 89: FINAL train_loss=0.9466
2025-02-03 17:26:38,788 - INFO - ####################Training epoch 90####################
2025-02-03 17:26:39,055 - INFO - Epoch 90: train_loss=0.9463
2025-02-03 17:26:39,504 - INFO - Epoch 90: val_loss=1.5158, val_acc=33.33%
2025-02-03 17:26:39,507 - INFO - Epoch 90: FINAL train_loss=0.9463
2025-02-03 17:26:39,509 - INFO - ####################Training epoch 91####################
2025-02-03 17:26:39,776 - INFO - Epoch 91: train_loss=0.9473
2025-02-03 17:26:40,221 - INFO - Epoch 91: val_loss=1.5083, val_acc=33.33%
2025-02-03 17:26:40,225 - INFO - Epoch 91: FINAL train_loss=0.9473
2025-02-03 17:26:40,227 - INFO - ####################Training epoch 92####################
2025-02-03 17:26:40,494 - INFO - Epoch 92: train_loss=0.9473
2025-02-03 17:26:40,974 - INFO - Epoch 92: val_loss=1.5117, val_acc=33.33%
2025-02-03 17:26:40,978 - INFO - Epoch 92: FINAL train_loss=0.9473
2025-02-03 17:26:40,980 - INFO - ####################Training epoch 93####################
2025-02-03 17:26:41,251 - INFO - Epoch 93: train_loss=0.9465
2025-02-03 17:26:41,697 - INFO - Epoch 93: val_loss=1.5132, val_acc=33.33%
2025-02-03 17:26:41,701 - INFO - Epoch 93: FINAL train_loss=0.9465
2025-02-03 17:26:41,703 - INFO - ####################Training epoch 94####################
2025-02-03 17:26:41,969 - INFO - Epoch 94: train_loss=0.9454
2025-02-03 17:26:42,414 - INFO - Epoch 94: val_loss=1.5091, val_acc=33.33%
2025-02-03 17:26:42,418 - INFO - Epoch 94: FINAL train_loss=0.9454
2025-02-03 17:26:42,420 - INFO - ####################Training epoch 95####################
2025-02-03 17:26:42,683 - INFO - Epoch 95: train_loss=0.9471
2025-02-03 17:26:43,131 - INFO - Epoch 95: val_loss=1.5118, val_acc=33.33%
2025-02-03 17:26:43,134 - INFO - Epoch 95: FINAL train_loss=0.9471
2025-02-03 17:26:43,137 - INFO - ####################Training epoch 96####################
2025-02-03 17:26:43,408 - INFO - Epoch 96: train_loss=0.9469
2025-02-03 17:26:43,852 - INFO - Epoch 96: val_loss=1.5119, val_acc=33.33%
2025-02-03 17:26:43,856 - INFO - Epoch 96: FINAL train_loss=0.9469
2025-02-03 17:26:43,858 - INFO - ####################Training epoch 97####################
2025-02-03 17:26:44,126 - INFO - Epoch 97: train_loss=0.9475
2025-02-03 17:26:44,572 - INFO - Epoch 97: val_loss=1.5085, val_acc=33.33%
2025-02-03 17:26:44,576 - INFO - Epoch 97: FINAL train_loss=0.9475
2025-02-03 17:26:44,578 - INFO - ####################Training epoch 98####################
2025-02-03 17:26:44,842 - INFO - Epoch 98: train_loss=0.9460
2025-02-03 17:26:45,290 - INFO - Epoch 98: val_loss=1.5090, val_acc=33.33%
2025-02-03 17:26:45,294 - INFO - Epoch 98: FINAL train_loss=0.9460
2025-02-03 17:26:45,296 - INFO - ####################Training epoch 99####################
2025-02-03 17:26:45,561 - INFO - Epoch 99: train_loss=0.9481
2025-02-03 17:26:46,005 - INFO - Epoch 99: val_loss=1.5100, val_acc=33.33%
2025-02-03 17:26:46,009 - INFO - Epoch 99: FINAL train_loss=0.9481
2025-02-03 17:26:46,206 - INFO - Model saved.
