2025-02-03 17:29:42,854 - INFO - Starting training with the following parameters:
2025-02-03 17:29:42,855 - INFO - | Parameter       | Value               |
|-----------------|---------------------|
| attention       | Scaled Dot-Product|
| d_model         | 128            |
| n_heads         | 8              |
| d_f             | 128            |
| num_layers      | 3              |
| d_input         | 32             |
| num_classes     | 3              |
| dropout         | 0.1            |
| learning_rate   | 0.001          |
| epochs          | 100            |
| batch_size      | 32             |

2025-02-03 17:29:43,455 - INFO - Epoch 0: val_loss=1.3033, val_acc=33.33%
2025-02-03 17:29:43,581 - INFO - ####################Training epoch 0####################
2025-02-03 17:29:43,726 - INFO - Epoch 0: train_loss=1.0911
2025-02-03 17:29:44,226 - INFO - Epoch 0: val_loss=2.5204, val_acc=0.00%
2025-02-03 17:29:44,230 - INFO - Epoch 0: FINAL train_loss=1.0911
2025-02-03 17:29:44,258 - INFO - ####################Training epoch 1####################
2025-02-03 17:29:44,525 - INFO - Epoch 1: train_loss=1.5494
2025-02-03 17:29:44,971 - INFO - Epoch 1: val_loss=1.7986, val_acc=33.33%
2025-02-03 17:29:44,975 - INFO - Epoch 1: FINAL train_loss=1.5494
2025-02-03 17:29:44,999 - INFO - ####################Training epoch 2####################
2025-02-03 17:29:45,264 - INFO - Epoch 2: train_loss=1.0482
2025-02-03 17:29:45,711 - INFO - Epoch 2: val_loss=1.6452, val_acc=33.33%
2025-02-03 17:29:45,715 - INFO - Epoch 2: FINAL train_loss=1.0482
2025-02-03 17:29:45,740 - INFO - ####################Training epoch 3####################
2025-02-03 17:29:46,008 - INFO - Epoch 3: train_loss=1.0677
2025-02-03 17:29:46,457 - INFO - Epoch 3: val_loss=1.7837, val_acc=33.33%
2025-02-03 17:29:46,461 - INFO - Epoch 3: FINAL train_loss=1.0677
2025-02-03 17:29:46,488 - INFO - ####################Training epoch 4####################
2025-02-03 17:29:46,753 - INFO - Epoch 4: train_loss=1.0365
2025-02-03 17:29:47,201 - INFO - Epoch 4: val_loss=1.9479, val_acc=33.33%
2025-02-03 17:29:47,204 - INFO - Epoch 4: FINAL train_loss=1.0365
2025-02-03 17:29:47,207 - INFO - ####################Training epoch 5####################
2025-02-03 17:29:47,492 - INFO - Epoch 5: train_loss=0.8933
2025-02-03 17:29:47,937 - INFO - Epoch 5: val_loss=2.3045, val_acc=33.33%
2025-02-03 17:29:47,941 - INFO - Epoch 5: FINAL train_loss=0.8933
2025-02-03 17:29:47,943 - INFO - ####################Training epoch 6####################
2025-02-03 17:29:48,212 - INFO - Epoch 6: train_loss=0.8540
2025-02-03 17:29:48,664 - INFO - Epoch 6: val_loss=2.6087, val_acc=33.33%
2025-02-03 17:29:48,668 - INFO - Epoch 6: FINAL train_loss=0.8540
2025-02-03 17:29:48,670 - INFO - ####################Training epoch 7####################
2025-02-03 17:29:48,941 - INFO - Epoch 7: train_loss=0.8354
2025-02-03 17:29:49,390 - INFO - Epoch 7: val_loss=2.8069, val_acc=33.33%
2025-02-03 17:29:49,394 - INFO - Epoch 7: FINAL train_loss=0.8354
2025-02-03 17:29:49,396 - INFO - ####################Training epoch 8####################
2025-02-03 17:29:49,663 - INFO - Epoch 8: train_loss=0.8040
2025-02-03 17:29:50,113 - INFO - Epoch 8: val_loss=3.0403, val_acc=33.33%
2025-02-03 17:29:50,117 - INFO - Epoch 8: FINAL train_loss=0.8040
2025-02-03 17:29:50,119 - INFO - ####################Training epoch 9####################
2025-02-03 17:29:50,388 - INFO - Epoch 9: train_loss=0.7209
2025-02-03 17:29:50,839 - INFO - Epoch 9: val_loss=3.1359, val_acc=33.33%
2025-02-03 17:29:50,843 - INFO - Epoch 9: FINAL train_loss=0.7209
2025-02-03 17:29:50,845 - INFO - ####################Training epoch 10####################
2025-02-03 17:29:51,115 - INFO - Epoch 10: train_loss=0.7012
2025-02-03 17:29:51,566 - INFO - Epoch 10: val_loss=3.1518, val_acc=33.33%
2025-02-03 17:29:51,570 - INFO - Epoch 10: FINAL train_loss=0.7012
2025-02-03 17:29:51,572 - INFO - ####################Training epoch 11####################
2025-02-03 17:29:51,842 - INFO - Epoch 11: train_loss=0.6737
2025-02-03 17:29:52,292 - INFO - Epoch 11: val_loss=3.1931, val_acc=33.33%
2025-02-03 17:29:52,295 - INFO - Epoch 11: FINAL train_loss=0.6737
2025-02-03 17:29:52,298 - INFO - ####################Training epoch 12####################
2025-02-03 17:29:52,567 - INFO - Epoch 12: train_loss=0.6857
2025-02-03 17:29:53,018 - INFO - Epoch 12: val_loss=3.3067, val_acc=33.33%
2025-02-03 17:29:53,021 - INFO - Epoch 12: FINAL train_loss=0.6857
2025-02-03 17:29:53,024 - INFO - ####################Training epoch 13####################
2025-02-03 17:29:53,293 - INFO - Epoch 13: train_loss=0.6845
2025-02-03 17:29:53,743 - INFO - Epoch 13: val_loss=3.4057, val_acc=33.33%
2025-02-03 17:29:53,747 - INFO - Epoch 13: FINAL train_loss=0.6845
2025-02-03 17:29:53,749 - INFO - ####################Training epoch 14####################
2025-02-03 17:29:54,018 - INFO - Epoch 14: train_loss=0.6635
2025-02-03 17:29:54,464 - INFO - Epoch 14: val_loss=3.5450, val_acc=33.33%
2025-02-03 17:29:54,468 - INFO - Epoch 14: FINAL train_loss=0.6635
2025-02-03 17:29:54,470 - INFO - ####################Training epoch 15####################
2025-02-03 17:29:54,739 - INFO - Epoch 15: train_loss=0.6630
2025-02-03 17:29:55,190 - INFO - Epoch 15: val_loss=3.5853, val_acc=33.33%
2025-02-03 17:29:55,194 - INFO - Epoch 15: FINAL train_loss=0.6630
2025-02-03 17:29:55,196 - INFO - ####################Training epoch 16####################
2025-02-03 17:29:55,467 - INFO - Epoch 16: train_loss=0.6590
2025-02-03 17:29:55,962 - INFO - Epoch 16: val_loss=3.5800, val_acc=33.33%
2025-02-03 17:29:55,965 - INFO - Epoch 16: FINAL train_loss=0.6590
2025-02-03 17:29:55,968 - INFO - ####################Training epoch 17####################
2025-02-03 17:29:56,237 - INFO - Epoch 17: train_loss=0.6448
2025-02-03 17:29:56,693 - INFO - Epoch 17: val_loss=3.5922, val_acc=33.33%
2025-02-03 17:29:56,697 - INFO - Epoch 17: FINAL train_loss=0.6448
2025-02-03 17:29:56,699 - INFO - ####################Training epoch 18####################
2025-02-03 17:29:56,969 - INFO - Epoch 18: train_loss=0.6354
2025-02-03 17:29:57,419 - INFO - Epoch 18: val_loss=3.5530, val_acc=33.33%
2025-02-03 17:29:57,423 - INFO - Epoch 18: FINAL train_loss=0.6354
2025-02-03 17:29:57,425 - INFO - ####################Training epoch 19####################
2025-02-03 17:29:57,835 - INFO - Epoch 19: train_loss=0.6378
2025-02-03 17:29:58,284 - INFO - Epoch 19: val_loss=3.5689, val_acc=0.00%
2025-02-03 17:29:58,288 - INFO - Epoch 19: FINAL train_loss=0.6378
2025-02-03 17:29:58,290 - INFO - ####################Training epoch 20####################
2025-02-03 17:29:58,564 - INFO - Epoch 20: train_loss=0.6344
2025-02-03 17:29:59,019 - INFO - Epoch 20: val_loss=3.6147, val_acc=33.33%
2025-02-03 17:29:59,023 - INFO - Epoch 20: FINAL train_loss=0.6344
2025-02-03 17:29:59,025 - INFO - ####################Training epoch 21####################
2025-02-03 17:29:59,297 - INFO - Epoch 21: train_loss=0.6221
2025-02-03 17:29:59,755 - INFO - Epoch 21: val_loss=3.6438, val_acc=33.33%
2025-02-03 17:29:59,759 - INFO - Epoch 21: FINAL train_loss=0.6221
2025-02-03 17:29:59,761 - INFO - ####################Training epoch 22####################
2025-02-03 17:30:00,034 - INFO - Epoch 22: train_loss=0.6183
2025-02-03 17:30:00,489 - INFO - Epoch 22: val_loss=3.6594, val_acc=33.33%
2025-02-03 17:30:00,493 - INFO - Epoch 22: FINAL train_loss=0.6183
2025-02-03 17:30:00,495 - INFO - ####################Training epoch 23####################
2025-02-03 17:30:00,767 - INFO - Epoch 23: train_loss=0.6164
2025-02-03 17:30:01,221 - INFO - Epoch 23: val_loss=3.6710, val_acc=33.33%
2025-02-03 17:30:01,224 - INFO - Epoch 23: FINAL train_loss=0.6164
2025-02-03 17:30:01,227 - INFO - ####################Training epoch 24####################
2025-02-03 17:30:01,497 - INFO - Epoch 24: train_loss=0.6124
2025-02-03 17:30:01,946 - INFO - Epoch 24: val_loss=3.6754, val_acc=33.33%
2025-02-03 17:30:01,950 - INFO - Epoch 24: FINAL train_loss=0.6124
2025-02-03 17:30:01,952 - INFO - ####################Training epoch 25####################
2025-02-03 17:30:02,225 - INFO - Epoch 25: train_loss=0.6091
2025-02-03 17:30:02,675 - INFO - Epoch 25: val_loss=3.6633, val_acc=33.33%
2025-02-03 17:30:02,678 - INFO - Epoch 25: FINAL train_loss=0.6091
2025-02-03 17:30:02,681 - INFO - ####################Training epoch 26####################
2025-02-03 17:30:02,950 - INFO - Epoch 26: train_loss=0.6062
2025-02-03 17:30:03,404 - INFO - Epoch 26: val_loss=3.6716, val_acc=33.33%
2025-02-03 17:30:03,407 - INFO - Epoch 26: FINAL train_loss=0.6062
2025-02-03 17:30:03,410 - INFO - ####################Training epoch 27####################
2025-02-03 17:30:03,680 - INFO - Epoch 27: train_loss=0.6043
2025-02-03 17:30:04,169 - INFO - Epoch 27: val_loss=3.6958, val_acc=33.33%
2025-02-03 17:30:04,173 - INFO - Epoch 27: FINAL train_loss=0.6043
2025-02-03 17:30:04,176 - INFO - ####################Training epoch 28####################
2025-02-03 17:30:04,452 - INFO - Epoch 28: train_loss=0.6040
2025-02-03 17:30:04,907 - INFO - Epoch 28: val_loss=3.7124, val_acc=33.33%
2025-02-03 17:30:04,910 - INFO - Epoch 28: FINAL train_loss=0.6040
2025-02-03 17:30:04,913 - INFO - ####################Training epoch 29####################
2025-02-03 17:30:05,184 - INFO - Epoch 29: train_loss=0.6018
2025-02-03 17:30:05,640 - INFO - Epoch 29: val_loss=3.7404, val_acc=33.33%
2025-02-03 17:30:05,643 - INFO - Epoch 29: FINAL train_loss=0.6018
2025-02-03 17:30:05,646 - INFO - ####################Training epoch 30####################
2025-02-03 17:30:05,918 - INFO - Epoch 30: train_loss=0.5973
2025-02-03 17:30:06,374 - INFO - Epoch 30: val_loss=3.7517, val_acc=33.33%
2025-02-03 17:30:06,377 - INFO - Epoch 30: FINAL train_loss=0.5973
2025-02-03 17:30:06,380 - INFO - ####################Training epoch 31####################
2025-02-03 17:30:06,652 - INFO - Epoch 31: train_loss=0.5966
2025-02-03 17:30:07,110 - INFO - Epoch 31: val_loss=3.7760, val_acc=33.33%
2025-02-03 17:30:07,114 - INFO - Epoch 31: FINAL train_loss=0.5966
2025-02-03 17:30:07,117 - INFO - ####################Training epoch 32####################
2025-02-03 17:30:07,390 - INFO - Epoch 32: train_loss=0.5941
2025-02-03 17:30:07,843 - INFO - Epoch 32: val_loss=3.8052, val_acc=33.33%
2025-02-03 17:30:07,849 - INFO - Epoch 32: FINAL train_loss=0.5941
2025-02-03 17:30:07,851 - INFO - ####################Training epoch 33####################
2025-02-03 17:30:08,124 - INFO - Epoch 33: train_loss=0.5916
2025-02-03 17:30:08,579 - INFO - Epoch 33: val_loss=3.8074, val_acc=33.33%
2025-02-03 17:30:08,583 - INFO - Epoch 33: FINAL train_loss=0.5916
2025-02-03 17:30:08,585 - INFO - ####################Training epoch 34####################
2025-02-03 17:30:08,860 - INFO - Epoch 34: train_loss=0.5915
2025-02-03 17:30:09,313 - INFO - Epoch 34: val_loss=3.8007, val_acc=33.33%
2025-02-03 17:30:09,316 - INFO - Epoch 34: FINAL train_loss=0.5915
2025-02-03 17:30:09,319 - INFO - ####################Training epoch 35####################
2025-02-03 17:30:09,589 - INFO - Epoch 35: train_loss=0.5945
2025-02-03 17:30:10,041 - INFO - Epoch 35: val_loss=3.8099, val_acc=33.33%
2025-02-03 17:30:10,045 - INFO - Epoch 35: FINAL train_loss=0.5945
2025-02-03 17:30:10,047 - INFO - ####################Training epoch 36####################
2025-02-03 17:30:10,317 - INFO - Epoch 36: train_loss=0.5916
2025-02-03 17:30:10,768 - INFO - Epoch 36: val_loss=3.8239, val_acc=33.33%
2025-02-03 17:30:10,773 - INFO - Epoch 36: FINAL train_loss=0.5916
2025-02-03 17:30:10,776 - INFO - ####################Training epoch 37####################
2025-02-03 17:30:11,046 - INFO - Epoch 37: train_loss=0.5907
2025-02-03 17:30:11,502 - INFO - Epoch 37: val_loss=3.8268, val_acc=33.33%
2025-02-03 17:30:11,506 - INFO - Epoch 37: FINAL train_loss=0.5907
2025-02-03 17:30:11,508 - INFO - ####################Training epoch 38####################
2025-02-03 17:30:11,779 - INFO - Epoch 38: train_loss=0.5860
2025-02-03 17:30:12,232 - INFO - Epoch 38: val_loss=3.8407, val_acc=33.33%
2025-02-03 17:30:12,235 - INFO - Epoch 38: FINAL train_loss=0.5860
2025-02-03 17:30:12,238 - INFO - ####################Training epoch 39####################
2025-02-03 17:30:12,509 - INFO - Epoch 39: train_loss=0.5865
2025-02-03 17:30:12,960 - INFO - Epoch 39: val_loss=3.8410, val_acc=33.33%
2025-02-03 17:30:12,963 - INFO - Epoch 39: FINAL train_loss=0.5865
2025-02-03 17:30:12,965 - INFO - ####################Training epoch 40####################
2025-02-03 17:30:13,239 - INFO - Epoch 40: train_loss=0.5838
2025-02-03 17:30:13,689 - INFO - Epoch 40: val_loss=3.8503, val_acc=33.33%
2025-02-03 17:30:13,693 - INFO - Epoch 40: FINAL train_loss=0.5838
2025-02-03 17:30:13,695 - INFO - ####################Training epoch 41####################
2025-02-03 17:30:13,968 - INFO - Epoch 41: train_loss=0.5864
2025-02-03 17:30:14,424 - INFO - Epoch 41: val_loss=3.8380, val_acc=33.33%
2025-02-03 17:30:14,427 - INFO - Epoch 41: FINAL train_loss=0.5864
2025-02-03 17:30:14,430 - INFO - ####################Training epoch 42####################
2025-02-03 17:30:14,700 - INFO - Epoch 42: train_loss=0.5809
2025-02-03 17:30:15,148 - INFO - Epoch 42: val_loss=3.8571, val_acc=33.33%
2025-02-03 17:30:15,152 - INFO - Epoch 42: FINAL train_loss=0.5809
2025-02-03 17:30:15,154 - INFO - ####################Training epoch 43####################
2025-02-03 17:30:15,425 - INFO - Epoch 43: train_loss=0.5819
2025-02-03 17:30:15,877 - INFO - Epoch 43: val_loss=3.8687, val_acc=33.33%
2025-02-03 17:30:15,881 - INFO - Epoch 43: FINAL train_loss=0.5819
2025-02-03 17:30:15,884 - INFO - ####################Training epoch 44####################
2025-02-03 17:30:16,155 - INFO - Epoch 44: train_loss=0.5825
2025-02-03 17:30:16,608 - INFO - Epoch 44: val_loss=3.8791, val_acc=33.33%
2025-02-03 17:30:16,612 - INFO - Epoch 44: FINAL train_loss=0.5825
2025-02-03 17:30:16,614 - INFO - ####################Training epoch 45####################
2025-02-03 17:30:16,884 - INFO - Epoch 45: train_loss=0.5808
2025-02-03 17:30:17,333 - INFO - Epoch 45: val_loss=3.8768, val_acc=33.33%
2025-02-03 17:30:17,337 - INFO - Epoch 45: FINAL train_loss=0.5808
2025-02-03 17:30:17,339 - INFO - ####################Training epoch 46####################
2025-02-03 17:30:17,608 - INFO - Epoch 46: train_loss=0.5804
2025-02-03 17:30:18,061 - INFO - Epoch 46: val_loss=3.8843, val_acc=33.33%
2025-02-03 17:30:18,064 - INFO - Epoch 46: FINAL train_loss=0.5804
2025-02-03 17:30:18,067 - INFO - ####################Training epoch 47####################
2025-02-03 17:30:18,341 - INFO - Epoch 47: train_loss=0.5832
2025-02-03 17:30:18,790 - INFO - Epoch 47: val_loss=3.8858, val_acc=33.33%
2025-02-03 17:30:18,794 - INFO - Epoch 47: FINAL train_loss=0.5832
2025-02-03 17:30:18,796 - INFO - ####################Training epoch 48####################
2025-02-03 17:30:19,067 - INFO - Epoch 48: train_loss=0.5811
2025-02-03 17:30:19,519 - INFO - Epoch 48: val_loss=3.8653, val_acc=33.33%
2025-02-03 17:30:19,522 - INFO - Epoch 48: FINAL train_loss=0.5811
2025-02-03 17:30:19,525 - INFO - ####################Training epoch 49####################
2025-02-03 17:30:19,795 - INFO - Epoch 49: train_loss=0.5805
2025-02-03 17:30:20,245 - INFO - Epoch 49: val_loss=3.8788, val_acc=33.33%
2025-02-03 17:30:20,249 - INFO - Epoch 49: FINAL train_loss=0.5805
2025-02-03 17:30:20,251 - INFO - ####################Training epoch 50####################
2025-02-03 17:30:20,522 - INFO - Epoch 50: train_loss=0.5799
2025-02-03 17:30:20,990 - INFO - Epoch 50: val_loss=3.9060, val_acc=33.33%
2025-02-03 17:30:20,994 - INFO - Epoch 50: FINAL train_loss=0.5799
2025-02-03 17:30:20,997 - INFO - ####################Training epoch 51####################
2025-02-03 17:30:21,287 - INFO - Epoch 51: train_loss=0.5780
2025-02-03 17:30:21,737 - INFO - Epoch 51: val_loss=3.9075, val_acc=33.33%
2025-02-03 17:30:21,741 - INFO - Epoch 51: FINAL train_loss=0.5780
2025-02-03 17:30:21,743 - INFO - ####################Training epoch 52####################
2025-02-03 17:30:22,013 - INFO - Epoch 52: train_loss=0.5777
2025-02-03 17:30:22,461 - INFO - Epoch 52: val_loss=3.9033, val_acc=33.33%
2025-02-03 17:30:22,465 - INFO - Epoch 52: FINAL train_loss=0.5777
2025-02-03 17:30:22,467 - INFO - ####################Training epoch 53####################
2025-02-03 17:30:22,737 - INFO - Epoch 53: train_loss=0.5768
2025-02-03 17:30:23,187 - INFO - Epoch 53: val_loss=3.8886, val_acc=33.33%
2025-02-03 17:30:23,191 - INFO - Epoch 53: FINAL train_loss=0.5768
2025-02-03 17:30:23,193 - INFO - ####################Training epoch 54####################
2025-02-03 17:30:23,461 - INFO - Epoch 54: train_loss=0.5785
2025-02-03 17:30:23,913 - INFO - Epoch 54: val_loss=3.9007, val_acc=33.33%
2025-02-03 17:30:23,917 - INFO - Epoch 54: FINAL train_loss=0.5785
2025-02-03 17:30:23,919 - INFO - ####################Training epoch 55####################
2025-02-03 17:30:24,193 - INFO - Epoch 55: train_loss=0.5799
2025-02-03 17:30:24,644 - INFO - Epoch 55: val_loss=3.8979, val_acc=33.33%
2025-02-03 17:30:24,647 - INFO - Epoch 55: FINAL train_loss=0.5799
2025-02-03 17:30:24,650 - INFO - ####################Training epoch 56####################
2025-02-03 17:30:24,919 - INFO - Epoch 56: train_loss=0.5782
2025-02-03 17:30:25,369 - INFO - Epoch 56: val_loss=3.8779, val_acc=33.33%
2025-02-03 17:30:25,373 - INFO - Epoch 56: FINAL train_loss=0.5782
2025-02-03 17:30:25,375 - INFO - ####################Training epoch 57####################
2025-02-03 17:30:25,646 - INFO - Epoch 57: train_loss=0.5780
2025-02-03 17:30:26,093 - INFO - Epoch 57: val_loss=3.9147, val_acc=33.33%
2025-02-03 17:30:26,097 - INFO - Epoch 57: FINAL train_loss=0.5780
2025-02-03 17:30:26,099 - INFO - ####################Training epoch 58####################
2025-02-03 17:30:26,366 - INFO - Epoch 58: train_loss=0.5757
2025-02-03 17:30:26,817 - INFO - Epoch 58: val_loss=3.8935, val_acc=33.33%
2025-02-03 17:30:26,820 - INFO - Epoch 58: FINAL train_loss=0.5757
2025-02-03 17:30:26,823 - INFO - ####################Training epoch 59####################
2025-02-03 17:30:27,093 - INFO - Epoch 59: train_loss=0.5783
2025-02-03 17:30:27,542 - INFO - Epoch 59: val_loss=3.8958, val_acc=33.33%
2025-02-03 17:30:27,546 - INFO - Epoch 59: FINAL train_loss=0.5783
2025-02-03 17:30:27,549 - INFO - ####################Training epoch 60####################
2025-02-03 17:30:27,817 - INFO - Epoch 60: train_loss=0.5821
2025-02-03 17:30:28,268 - INFO - Epoch 60: val_loss=3.8989, val_acc=33.33%
2025-02-03 17:30:28,272 - INFO - Epoch 60: FINAL train_loss=0.5821
2025-02-03 17:30:28,274 - INFO - ####################Training epoch 61####################
2025-02-03 17:30:28,544 - INFO - Epoch 61: train_loss=0.5804
2025-02-03 17:30:28,996 - INFO - Epoch 61: val_loss=3.9088, val_acc=33.33%
2025-02-03 17:30:28,999 - INFO - Epoch 61: FINAL train_loss=0.5804
2025-02-03 17:30:29,002 - INFO - ####################Training epoch 62####################
2025-02-03 17:30:29,275 - INFO - Epoch 62: train_loss=0.5779
2025-02-03 17:30:29,735 - INFO - Epoch 62: val_loss=3.8991, val_acc=33.33%
2025-02-03 17:30:29,739 - INFO - Epoch 62: FINAL train_loss=0.5779
2025-02-03 17:30:29,741 - INFO - ####################Training epoch 63####################
2025-02-03 17:30:30,010 - INFO - Epoch 63: train_loss=0.5813
2025-02-03 17:30:30,460 - INFO - Epoch 63: val_loss=3.9058, val_acc=33.33%
2025-02-03 17:30:30,464 - INFO - Epoch 63: FINAL train_loss=0.5813
2025-02-03 17:30:30,466 - INFO - ####################Training epoch 64####################
2025-02-03 17:30:30,735 - INFO - Epoch 64: train_loss=0.5780
2025-02-03 17:30:31,184 - INFO - Epoch 64: val_loss=3.9108, val_acc=33.33%
2025-02-03 17:30:31,188 - INFO - Epoch 64: FINAL train_loss=0.5780
2025-02-03 17:30:31,190 - INFO - ####################Training epoch 65####################
2025-02-03 17:30:31,463 - INFO - Epoch 65: train_loss=0.5783
2025-02-03 17:30:31,914 - INFO - Epoch 65: val_loss=3.8900, val_acc=33.33%
2025-02-03 17:30:31,918 - INFO - Epoch 65: FINAL train_loss=0.5783
2025-02-03 17:30:31,920 - INFO - ####################Training epoch 66####################
2025-02-03 17:30:32,193 - INFO - Epoch 66: train_loss=0.5786
2025-02-03 17:30:32,644 - INFO - Epoch 66: val_loss=3.8910, val_acc=33.33%
2025-02-03 17:30:32,647 - INFO - Epoch 66: FINAL train_loss=0.5786
2025-02-03 17:30:32,650 - INFO - ####################Training epoch 67####################
2025-02-03 17:30:32,919 - INFO - Epoch 67: train_loss=0.5784
2025-02-03 17:30:33,369 - INFO - Epoch 67: val_loss=3.8970, val_acc=33.33%
2025-02-03 17:30:33,373 - INFO - Epoch 67: FINAL train_loss=0.5784
2025-02-03 17:30:33,375 - INFO - ####################Training epoch 68####################
2025-02-03 17:30:33,645 - INFO - Epoch 68: train_loss=0.5759
2025-02-03 17:30:34,093 - INFO - Epoch 68: val_loss=3.9170, val_acc=33.33%
2025-02-03 17:30:34,097 - INFO - Epoch 68: FINAL train_loss=0.5759
2025-02-03 17:30:34,099 - INFO - ####################Training epoch 69####################
2025-02-03 17:30:34,370 - INFO - Epoch 69: train_loss=0.5765
2025-02-03 17:30:34,817 - INFO - Epoch 69: val_loss=3.8926, val_acc=33.33%
2025-02-03 17:30:34,821 - INFO - Epoch 69: FINAL train_loss=0.5765
2025-02-03 17:30:34,823 - INFO - ####################Training epoch 70####################
2025-02-03 17:30:35,093 - INFO - Epoch 70: train_loss=0.5787
2025-02-03 17:30:35,542 - INFO - Epoch 70: val_loss=3.9179, val_acc=33.33%
2025-02-03 17:30:35,546 - INFO - Epoch 70: FINAL train_loss=0.5787
2025-02-03 17:30:35,548 - INFO - ####################Training epoch 71####################
2025-02-03 17:30:35,816 - INFO - Epoch 71: train_loss=0.5787
2025-02-03 17:30:36,264 - INFO - Epoch 71: val_loss=3.9160, val_acc=33.33%
2025-02-03 17:30:36,268 - INFO - Epoch 71: FINAL train_loss=0.5787
2025-02-03 17:30:36,270 - INFO - ####################Training epoch 72####################
2025-02-03 17:30:36,539 - INFO - Epoch 72: train_loss=0.5769
2025-02-03 17:30:36,987 - INFO - Epoch 72: val_loss=3.9017, val_acc=33.33%
2025-02-03 17:30:36,991 - INFO - Epoch 72: FINAL train_loss=0.5769
2025-02-03 17:30:36,993 - INFO - ####################Training epoch 73####################
2025-02-03 17:30:37,263 - INFO - Epoch 73: train_loss=0.5770
2025-02-03 17:30:37,715 - INFO - Epoch 73: val_loss=3.8986, val_acc=33.33%
2025-02-03 17:30:37,718 - INFO - Epoch 73: FINAL train_loss=0.5770
2025-02-03 17:30:37,721 - INFO - ####################Training epoch 74####################
2025-02-03 17:30:38,022 - INFO - Epoch 74: train_loss=0.5796
2025-02-03 17:30:38,470 - INFO - Epoch 74: val_loss=3.9195, val_acc=33.33%
2025-02-03 17:30:38,474 - INFO - Epoch 74: FINAL train_loss=0.5796
2025-02-03 17:30:38,477 - INFO - ####################Training epoch 75####################
2025-02-03 17:30:38,748 - INFO - Epoch 75: train_loss=0.5771
2025-02-03 17:30:39,197 - INFO - Epoch 75: val_loss=3.8926, val_acc=33.33%
2025-02-03 17:30:39,201 - INFO - Epoch 75: FINAL train_loss=0.5771
2025-02-03 17:30:39,203 - INFO - ####################Training epoch 76####################
2025-02-03 17:30:39,470 - INFO - Epoch 76: train_loss=0.5754
2025-02-03 17:30:39,921 - INFO - Epoch 76: val_loss=3.9168, val_acc=33.33%
2025-02-03 17:30:39,924 - INFO - Epoch 76: FINAL train_loss=0.5754
2025-02-03 17:30:39,927 - INFO - ####################Training epoch 77####################
2025-02-03 17:30:40,198 - INFO - Epoch 77: train_loss=0.5765
2025-02-03 17:30:40,646 - INFO - Epoch 77: val_loss=3.9006, val_acc=33.33%
2025-02-03 17:30:40,649 - INFO - Epoch 77: FINAL train_loss=0.5765
2025-02-03 17:30:40,652 - INFO - ####################Training epoch 78####################
2025-02-03 17:30:40,922 - INFO - Epoch 78: train_loss=0.5755
2025-02-03 17:30:41,371 - INFO - Epoch 78: val_loss=3.8877, val_acc=33.33%
2025-02-03 17:30:41,374 - INFO - Epoch 78: FINAL train_loss=0.5755
2025-02-03 17:30:41,376 - INFO - ####################Training epoch 79####################
2025-02-03 17:30:41,646 - INFO - Epoch 79: train_loss=0.5782
2025-02-03 17:30:42,098 - INFO - Epoch 79: val_loss=3.8821, val_acc=33.33%
2025-02-03 17:30:42,102 - INFO - Epoch 79: FINAL train_loss=0.5782
2025-02-03 17:30:42,104 - INFO - ####################Training epoch 80####################
2025-02-03 17:30:42,371 - INFO - Epoch 80: train_loss=0.5795
2025-02-03 17:30:42,820 - INFO - Epoch 80: val_loss=3.8827, val_acc=33.33%
2025-02-03 17:30:42,823 - INFO - Epoch 80: FINAL train_loss=0.5795
2025-02-03 17:30:42,826 - INFO - ####################Training epoch 81####################
2025-02-03 17:30:43,096 - INFO - Epoch 81: train_loss=0.5775
2025-02-03 17:30:43,546 - INFO - Epoch 81: val_loss=3.8910, val_acc=33.33%
2025-02-03 17:30:43,550 - INFO - Epoch 81: FINAL train_loss=0.5775
2025-02-03 17:30:43,552 - INFO - ####################Training epoch 82####################
2025-02-03 17:30:43,822 - INFO - Epoch 82: train_loss=0.5796
2025-02-03 17:30:44,272 - INFO - Epoch 82: val_loss=3.9162, val_acc=33.33%
2025-02-03 17:30:44,276 - INFO - Epoch 82: FINAL train_loss=0.5796
2025-02-03 17:30:44,278 - INFO - ####################Training epoch 83####################
2025-02-03 17:30:44,548 - INFO - Epoch 83: train_loss=0.5775
2025-02-03 17:30:45,001 - INFO - Epoch 83: val_loss=3.9108, val_acc=33.33%
2025-02-03 17:30:45,005 - INFO - Epoch 83: FINAL train_loss=0.5775
2025-02-03 17:30:45,007 - INFO - ####################Training epoch 84####################
2025-02-03 17:30:45,277 - INFO - Epoch 84: train_loss=0.5757
2025-02-03 17:30:45,726 - INFO - Epoch 84: val_loss=3.8920, val_acc=33.33%
2025-02-03 17:30:45,729 - INFO - Epoch 84: FINAL train_loss=0.5757
2025-02-03 17:30:45,732 - INFO - ####################Training epoch 85####################
2025-02-03 17:30:46,001 - INFO - Epoch 85: train_loss=0.5805
2025-02-03 17:30:46,488 - INFO - Epoch 85: val_loss=3.9036, val_acc=33.33%
2025-02-03 17:30:46,491 - INFO - Epoch 85: FINAL train_loss=0.5805
2025-02-03 17:30:46,494 - INFO - ####################Training epoch 86####################
2025-02-03 17:30:46,762 - INFO - Epoch 86: train_loss=0.5745
2025-02-03 17:30:47,213 - INFO - Epoch 86: val_loss=3.9041, val_acc=33.33%
2025-02-03 17:30:47,216 - INFO - Epoch 86: FINAL train_loss=0.5745
2025-02-03 17:30:47,219 - INFO - ####################Training epoch 87####################
2025-02-03 17:30:47,486 - INFO - Epoch 87: train_loss=0.5787
2025-02-03 17:30:47,935 - INFO - Epoch 87: val_loss=3.9006, val_acc=33.33%
2025-02-03 17:30:47,939 - INFO - Epoch 87: FINAL train_loss=0.5787
2025-02-03 17:30:47,941 - INFO - ####################Training epoch 88####################
2025-02-03 17:30:48,210 - INFO - Epoch 88: train_loss=0.5764
2025-02-03 17:30:48,661 - INFO - Epoch 88: val_loss=3.9249, val_acc=33.33%
2025-02-03 17:30:48,664 - INFO - Epoch 88: FINAL train_loss=0.5764
2025-02-03 17:30:48,666 - INFO - ####################Training epoch 89####################
2025-02-03 17:30:48,938 - INFO - Epoch 89: train_loss=0.5758
2025-02-03 17:30:49,387 - INFO - Epoch 89: val_loss=3.9106, val_acc=33.33%
2025-02-03 17:30:49,390 - INFO - Epoch 89: FINAL train_loss=0.5758
2025-02-03 17:30:49,393 - INFO - ####################Training epoch 90####################
2025-02-03 17:30:49,659 - INFO - Epoch 90: train_loss=0.5785
2025-02-03 17:30:50,110 - INFO - Epoch 90: val_loss=3.9059, val_acc=33.33%
2025-02-03 17:30:50,114 - INFO - Epoch 90: FINAL train_loss=0.5785
2025-02-03 17:30:50,116 - INFO - ####################Training epoch 91####################
2025-02-03 17:30:50,383 - INFO - Epoch 91: train_loss=0.5772
2025-02-03 17:30:50,831 - INFO - Epoch 91: val_loss=3.9216, val_acc=33.33%
2025-02-03 17:30:50,834 - INFO - Epoch 91: FINAL train_loss=0.5772
2025-02-03 17:30:50,836 - INFO - ####################Training epoch 92####################
2025-02-03 17:30:51,105 - INFO - Epoch 92: train_loss=0.5779
2025-02-03 17:30:51,554 - INFO - Epoch 92: val_loss=3.8913, val_acc=33.33%
2025-02-03 17:30:51,557 - INFO - Epoch 92: FINAL train_loss=0.5779
2025-02-03 17:30:51,559 - INFO - ####################Training epoch 93####################
2025-02-03 17:30:51,831 - INFO - Epoch 93: train_loss=0.5774
2025-02-03 17:30:52,286 - INFO - Epoch 93: val_loss=3.8836, val_acc=33.33%
2025-02-03 17:30:52,290 - INFO - Epoch 93: FINAL train_loss=0.5774
2025-02-03 17:30:52,293 - INFO - ####################Training epoch 94####################
2025-02-03 17:30:52,562 - INFO - Epoch 94: train_loss=0.5791
2025-02-03 17:30:53,013 - INFO - Epoch 94: val_loss=3.9429, val_acc=33.33%
2025-02-03 17:30:53,017 - INFO - Epoch 94: FINAL train_loss=0.5791
2025-02-03 17:30:53,019 - INFO - ####################Training epoch 95####################
2025-02-03 17:30:53,287 - INFO - Epoch 95: train_loss=0.5786
2025-02-03 17:30:53,734 - INFO - Epoch 95: val_loss=3.8921, val_acc=33.33%
2025-02-03 17:30:53,738 - INFO - Epoch 95: FINAL train_loss=0.5786
2025-02-03 17:30:53,740 - INFO - ####################Training epoch 96####################
2025-02-03 17:30:54,008 - INFO - Epoch 96: train_loss=0.5765
2025-02-03 17:30:54,456 - INFO - Epoch 96: val_loss=3.9073, val_acc=33.33%
2025-02-03 17:30:54,460 - INFO - Epoch 96: FINAL train_loss=0.5765
2025-02-03 17:30:54,462 - INFO - ####################Training epoch 97####################
2025-02-03 17:30:54,739 - INFO - Epoch 97: train_loss=0.5791
2025-02-03 17:30:55,188 - INFO - Epoch 97: val_loss=3.9220, val_acc=33.33%
2025-02-03 17:30:55,191 - INFO - Epoch 97: FINAL train_loss=0.5791
2025-02-03 17:30:55,193 - INFO - ####################Training epoch 98####################
2025-02-03 17:30:55,460 - INFO - Epoch 98: train_loss=0.5755
2025-02-03 17:30:55,908 - INFO - Epoch 98: val_loss=3.9013, val_acc=33.33%
2025-02-03 17:30:55,911 - INFO - Epoch 98: FINAL train_loss=0.5755
2025-02-03 17:30:55,914 - INFO - ####################Training epoch 99####################
2025-02-03 17:30:56,180 - INFO - Epoch 99: train_loss=0.5786
2025-02-03 17:30:56,625 - INFO - Epoch 99: val_loss=3.8949, val_acc=33.33%
2025-02-03 17:30:56,629 - INFO - Epoch 99: FINAL train_loss=0.5786
2025-02-03 17:30:56,815 - INFO - Model saved.
