2025-02-03 17:41:15,143 - INFO - Starting training with the following parameters:
2025-02-03 17:41:15,143 - INFO - | Parameter       | Value               |
|-----------------|---------------------|
| attention       | Scaled Dot-Product|
| d_model         | 128            |
| n_heads         | 8              |
| d_f             | 128            |
| num_layers      | 3              |
| d_input         | 32             |
| num_classes     | 3              |
| dropout         | 0.1            |
| learning_rate   | 0.001          |
| epochs          | 100            |
| batch_size      | 16             |

2025-02-03 17:41:15,886 - INFO - Epoch 0: val_loss=1.5550, val_acc=0.00%
2025-02-03 17:41:16,033 - INFO - ####################Training epoch 0####################
2025-02-03 17:41:16,249 - INFO - Epoch 0: train_loss=1.1355
2025-02-03 17:41:16,740 - INFO - Epoch 0: train_loss=1.7792
2025-02-03 17:41:17,100 - INFO - Epoch 0: val_loss=1.7419, val_acc=33.33%
2025-02-03 17:41:17,104 - INFO - Epoch 0: EPOCH_AVG_TRAIN_LOSS=1.4573
2025-02-03 17:41:17,144 - INFO - ####################Training epoch 1####################
2025-02-03 17:41:17,402 - INFO - Epoch 1: train_loss=1.5748
2025-02-03 17:41:17,641 - INFO - Epoch 1: train_loss=1.1786
2025-02-03 17:41:18,062 - INFO - Epoch 1: val_loss=1.5116, val_acc=33.33%
2025-02-03 17:41:18,067 - INFO - Epoch 1: EPOCH_AVG_TRAIN_LOSS=1.3767
2025-02-03 17:41:18,102 - INFO - ####################Training epoch 2####################
2025-02-03 17:41:18,352 - INFO - Epoch 2: train_loss=1.1239
2025-02-03 17:41:18,593 - INFO - Epoch 2: train_loss=1.4529
2025-02-03 17:41:18,996 - INFO - Epoch 2: val_loss=1.8551, val_acc=33.33%
2025-02-03 17:41:19,000 - INFO - Epoch 2: EPOCH_AVG_TRAIN_LOSS=1.2884
2025-02-03 17:41:19,042 - INFO - ####################Training epoch 3####################
2025-02-03 17:41:19,293 - INFO - Epoch 3: train_loss=1.4367
2025-02-03 17:41:19,538 - INFO - Epoch 3: train_loss=0.8588
2025-02-03 17:41:19,940 - INFO - Epoch 3: val_loss=2.0016, val_acc=0.00%
2025-02-03 17:41:19,945 - INFO - Epoch 3: EPOCH_AVG_TRAIN_LOSS=1.1478
2025-02-03 17:41:19,959 - INFO - ####################Training epoch 4####################
2025-02-03 17:41:20,217 - INFO - Epoch 4: train_loss=1.1512
2025-02-03 17:41:20,459 - INFO - Epoch 4: train_loss=1.2115
2025-02-03 17:41:20,859 - INFO - Epoch 4: val_loss=2.1422, val_acc=0.00%
2025-02-03 17:41:20,864 - INFO - Epoch 4: EPOCH_AVG_TRAIN_LOSS=1.1814
2025-02-03 17:41:20,874 - INFO - ####################Training epoch 5####################
2025-02-03 17:41:21,165 - INFO - Epoch 5: train_loss=0.9941
2025-02-03 17:41:21,408 - INFO - Epoch 5: train_loss=1.0622
2025-02-03 17:41:21,811 - INFO - Epoch 5: val_loss=1.9697, val_acc=33.33%
2025-02-03 17:41:21,816 - INFO - Epoch 5: EPOCH_AVG_TRAIN_LOSS=1.0281
2025-02-03 17:41:21,826 - INFO - ####################Training epoch 6####################
2025-02-03 17:41:22,079 - INFO - Epoch 6: train_loss=0.9640
2025-02-03 17:41:22,322 - INFO - Epoch 6: train_loss=1.0465
2025-02-03 17:41:22,725 - INFO - Epoch 6: val_loss=1.9617, val_acc=0.00%
2025-02-03 17:41:22,729 - INFO - Epoch 6: EPOCH_AVG_TRAIN_LOSS=1.0052
2025-02-03 17:41:22,739 - INFO - ####################Training epoch 7####################
2025-02-03 17:41:22,999 - INFO - Epoch 7: train_loss=1.0986
2025-02-03 17:41:23,241 - INFO - Epoch 7: train_loss=0.8914
2025-02-03 17:41:23,645 - INFO - Epoch 7: val_loss=2.0856, val_acc=33.33%
2025-02-03 17:41:23,650 - INFO - Epoch 7: EPOCH_AVG_TRAIN_LOSS=0.9950
2025-02-03 17:41:23,660 - INFO - ####################Training epoch 8####################
2025-02-03 17:41:23,909 - INFO - Epoch 8: train_loss=1.0723
2025-02-03 17:41:24,151 - INFO - Epoch 8: train_loss=0.8891
2025-02-03 17:41:24,606 - INFO - Epoch 8: val_loss=2.1140, val_acc=33.33%
2025-02-03 17:41:24,610 - INFO - Epoch 8: EPOCH_AVG_TRAIN_LOSS=0.9807
2025-02-03 17:41:24,620 - INFO - ####################Training epoch 9####################
2025-02-03 17:41:24,875 - INFO - Epoch 9: train_loss=1.0438
2025-02-03 17:41:25,118 - INFO - Epoch 9: train_loss=0.8519
2025-02-03 17:41:25,518 - INFO - Epoch 9: val_loss=2.1556, val_acc=0.00%
2025-02-03 17:41:25,523 - INFO - Epoch 9: EPOCH_AVG_TRAIN_LOSS=0.9478
2025-02-03 17:41:25,533 - INFO - ####################Training epoch 10####################
2025-02-03 17:41:25,784 - INFO - Epoch 10: train_loss=1.0334
2025-02-03 17:41:26,026 - INFO - Epoch 10: train_loss=0.7512
2025-02-03 17:41:26,426 - INFO - Epoch 10: val_loss=2.2205, val_acc=33.33%
2025-02-03 17:41:26,431 - INFO - Epoch 10: EPOCH_AVG_TRAIN_LOSS=0.8923
2025-02-03 17:41:26,441 - INFO - ####################Training epoch 11####################
2025-02-03 17:41:26,693 - INFO - Epoch 11: train_loss=0.8629
2025-02-03 17:41:26,937 - INFO - Epoch 11: train_loss=1.0770
2025-02-03 17:41:27,340 - INFO - Epoch 11: val_loss=2.3247, val_acc=33.33%
2025-02-03 17:41:27,345 - INFO - Epoch 11: EPOCH_AVG_TRAIN_LOSS=0.9700
2025-02-03 17:41:27,355 - INFO - ####################Training epoch 12####################
2025-02-03 17:41:27,653 - INFO - Epoch 12: train_loss=0.9733
2025-02-03 17:41:27,895 - INFO - Epoch 12: train_loss=0.7948
2025-02-03 17:41:28,298 - INFO - Epoch 12: val_loss=2.4192, val_acc=33.33%
2025-02-03 17:41:28,303 - INFO - Epoch 12: EPOCH_AVG_TRAIN_LOSS=0.8841
2025-02-03 17:41:28,313 - INFO - ####################Training epoch 13####################
2025-02-03 17:41:28,567 - INFO - Epoch 13: train_loss=0.9487
2025-02-03 17:41:28,809 - INFO - Epoch 13: train_loss=0.8598
2025-02-03 17:41:29,212 - INFO - Epoch 13: val_loss=2.5335, val_acc=33.33%
2025-02-03 17:41:29,217 - INFO - Epoch 13: EPOCH_AVG_TRAIN_LOSS=0.9042
2025-02-03 17:41:29,227 - INFO - ####################Training epoch 14####################
2025-02-03 17:41:29,479 - INFO - Epoch 14: train_loss=0.9805
2025-02-03 17:41:29,720 - INFO - Epoch 14: train_loss=0.8807
2025-02-03 17:41:30,125 - INFO - Epoch 14: val_loss=2.5709, val_acc=33.33%
2025-02-03 17:41:30,130 - INFO - Epoch 14: EPOCH_AVG_TRAIN_LOSS=0.9306
2025-02-03 17:41:30,140 - INFO - ####################Training epoch 15####################
2025-02-03 17:41:30,391 - INFO - Epoch 15: train_loss=0.9177
2025-02-03 17:41:30,633 - INFO - Epoch 15: train_loss=0.9690
2025-02-03 17:41:31,100 - INFO - Epoch 15: val_loss=2.6194, val_acc=0.00%
2025-02-03 17:41:31,104 - INFO - Epoch 15: EPOCH_AVG_TRAIN_LOSS=0.9434
2025-02-03 17:41:31,114 - INFO - ####################Training epoch 16####################
2025-02-03 17:41:31,366 - INFO - Epoch 16: train_loss=0.8692
2025-02-03 17:41:31,608 - INFO - Epoch 16: train_loss=0.9608
2025-02-03 17:41:32,011 - INFO - Epoch 16: val_loss=2.6498, val_acc=0.00%
2025-02-03 17:41:32,016 - INFO - Epoch 16: EPOCH_AVG_TRAIN_LOSS=0.9150
2025-02-03 17:41:32,026 - INFO - ####################Training epoch 17####################
2025-02-03 17:41:32,278 - INFO - Epoch 17: train_loss=0.9569
2025-02-03 17:41:32,520 - INFO - Epoch 17: train_loss=0.7445
2025-02-03 17:41:32,925 - INFO - Epoch 17: val_loss=2.6329, val_acc=0.00%
2025-02-03 17:41:32,930 - INFO - Epoch 17: EPOCH_AVG_TRAIN_LOSS=0.8507
2025-02-03 17:41:32,940 - INFO - ####################Training epoch 18####################
2025-02-03 17:41:33,195 - INFO - Epoch 18: train_loss=0.8677
2025-02-03 17:41:33,440 - INFO - Epoch 18: train_loss=0.8683
2025-02-03 17:41:33,846 - INFO - Epoch 18: val_loss=2.6152, val_acc=0.00%
2025-02-03 17:41:33,851 - INFO - Epoch 18: EPOCH_AVG_TRAIN_LOSS=0.8680
2025-02-03 17:41:33,861 - INFO - ####################Training epoch 19####################
2025-02-03 17:41:34,314 - INFO - Epoch 19: train_loss=0.7598
2025-02-03 17:41:34,620 - INFO - Epoch 19: train_loss=1.0290
2025-02-03 17:41:35,022 - INFO - Epoch 19: val_loss=2.5765, val_acc=0.00%
2025-02-03 17:41:35,025 - INFO - Epoch 19: EPOCH_AVG_TRAIN_LOSS=0.8944
2025-02-03 17:41:35,028 - INFO - ####################Training epoch 20####################
2025-02-03 17:41:35,301 - INFO - Epoch 20: train_loss=0.9042
2025-02-03 17:41:35,625 - INFO - Epoch 20: train_loss=0.7069
2025-02-03 17:41:36,011 - INFO - Epoch 20: val_loss=2.5783, val_acc=0.00%
2025-02-03 17:41:36,015 - INFO - Epoch 20: EPOCH_AVG_TRAIN_LOSS=0.8056
2025-02-03 17:41:36,017 - INFO - ####################Training epoch 21####################
2025-02-03 17:41:36,283 - INFO - Epoch 21: train_loss=0.8844
2025-02-03 17:41:36,610 - INFO - Epoch 21: train_loss=0.7324
2025-02-03 17:41:37,004 - INFO - Epoch 21: val_loss=2.5693, val_acc=0.00%
2025-02-03 17:41:37,008 - INFO - Epoch 21: EPOCH_AVG_TRAIN_LOSS=0.8084
2025-02-03 17:41:37,010 - INFO - ####################Training epoch 22####################
2025-02-03 17:41:37,276 - INFO - Epoch 22: train_loss=0.8265
2025-02-03 17:41:37,610 - INFO - Epoch 22: train_loss=0.8129
2025-02-03 17:41:37,999 - INFO - Epoch 22: val_loss=2.5565, val_acc=0.00%
2025-02-03 17:41:38,003 - INFO - Epoch 22: EPOCH_AVG_TRAIN_LOSS=0.8197
2025-02-03 17:41:38,005 - INFO - ####################Training epoch 23####################
2025-02-03 17:41:38,272 - INFO - Epoch 23: train_loss=0.7937
2025-02-03 17:41:38,594 - INFO - Epoch 23: train_loss=0.8619
2025-02-03 17:41:38,983 - INFO - Epoch 23: val_loss=2.5618, val_acc=0.00%
2025-02-03 17:41:38,987 - INFO - Epoch 23: EPOCH_AVG_TRAIN_LOSS=0.8278
2025-02-03 17:41:38,990 - INFO - ####################Training epoch 24####################
2025-02-03 17:41:39,254 - INFO - Epoch 24: train_loss=0.8428
2025-02-03 17:41:39,582 - INFO - Epoch 24: train_loss=0.7565
2025-02-03 17:41:39,976 - INFO - Epoch 24: val_loss=2.5578, val_acc=33.33%
2025-02-03 17:41:39,980 - INFO - Epoch 24: EPOCH_AVG_TRAIN_LOSS=0.7997
2025-02-03 17:41:39,983 - INFO - ####################Training epoch 25####################
2025-02-03 17:41:40,246 - INFO - Epoch 25: train_loss=0.8389
2025-02-03 17:41:40,581 - INFO - Epoch 25: train_loss=0.7269
2025-02-03 17:41:40,982 - INFO - Epoch 25: val_loss=2.5374, val_acc=33.33%
2025-02-03 17:41:40,986 - INFO - Epoch 25: EPOCH_AVG_TRAIN_LOSS=0.7829
2025-02-03 17:41:40,988 - INFO - ####################Training epoch 26####################
2025-02-03 17:41:41,246 - INFO - Epoch 26: train_loss=0.8017
2025-02-03 17:41:41,573 - INFO - Epoch 26: train_loss=0.8024
2025-02-03 17:41:41,967 - INFO - Epoch 26: val_loss=2.5455, val_acc=33.33%
2025-02-03 17:41:41,970 - INFO - Epoch 26: EPOCH_AVG_TRAIN_LOSS=0.8021
2025-02-03 17:41:41,973 - INFO - ####################Training epoch 27####################
2025-02-03 17:41:42,230 - INFO - Epoch 27: train_loss=0.8446
2025-02-03 17:41:42,556 - INFO - Epoch 27: train_loss=0.7095
2025-02-03 17:41:42,949 - INFO - Epoch 27: val_loss=2.5337, val_acc=33.33%
2025-02-03 17:41:42,952 - INFO - Epoch 27: EPOCH_AVG_TRAIN_LOSS=0.7771
2025-02-03 17:41:42,955 - INFO - ####################Training epoch 28####################
2025-02-03 17:41:43,211 - INFO - Epoch 28: train_loss=0.7718
2025-02-03 17:41:43,538 - INFO - Epoch 28: train_loss=0.8619
2025-02-03 17:41:43,979 - INFO - Epoch 28: val_loss=2.5321, val_acc=33.33%
2025-02-03 17:41:43,983 - INFO - Epoch 28: EPOCH_AVG_TRAIN_LOSS=0.8169
2025-02-03 17:41:43,985 - INFO - ####################Training epoch 29####################
2025-02-03 17:41:44,241 - INFO - Epoch 29: train_loss=0.6773
2025-02-03 17:41:44,614 - INFO - Epoch 29: train_loss=1.0367
2025-02-03 17:41:45,006 - INFO - Epoch 29: val_loss=2.5322, val_acc=33.33%
2025-02-03 17:41:45,009 - INFO - Epoch 29: EPOCH_AVG_TRAIN_LOSS=0.8570
2025-02-03 17:41:45,012 - INFO - ####################Training epoch 30####################
2025-02-03 17:41:45,270 - INFO - Epoch 30: train_loss=0.7470
2025-02-03 17:41:45,643 - INFO - Epoch 30: train_loss=0.9095
2025-02-03 17:41:46,034 - INFO - Epoch 30: val_loss=2.5137, val_acc=33.33%
2025-02-03 17:41:46,038 - INFO - Epoch 30: EPOCH_AVG_TRAIN_LOSS=0.8282
2025-02-03 17:41:46,040 - INFO - ####################Training epoch 31####################
2025-02-03 17:41:46,301 - INFO - Epoch 31: train_loss=0.9063
2025-02-03 17:41:46,675 - INFO - Epoch 31: train_loss=0.5975
2025-02-03 17:41:47,106 - INFO - Epoch 31: val_loss=2.5551, val_acc=33.33%
2025-02-03 17:41:47,110 - INFO - Epoch 31: EPOCH_AVG_TRAIN_LOSS=0.7519
2025-02-03 17:41:47,112 - INFO - ####################Training epoch 32####################
2025-02-03 17:41:47,367 - INFO - Epoch 32: train_loss=0.8016
2025-02-03 17:41:47,735 - INFO - Epoch 32: train_loss=0.7971
2025-02-03 17:41:48,126 - INFO - Epoch 32: val_loss=2.5371, val_acc=33.33%
2025-02-03 17:41:48,129 - INFO - Epoch 32: EPOCH_AVG_TRAIN_LOSS=0.7993
2025-02-03 17:41:48,132 - INFO - ####################Training epoch 33####################
2025-02-03 17:41:48,388 - INFO - Epoch 33: train_loss=0.8101
2025-02-03 17:41:48,756 - INFO - Epoch 33: train_loss=0.7574
2025-02-03 17:41:49,147 - INFO - Epoch 33: val_loss=2.5250, val_acc=33.33%
2025-02-03 17:41:49,151 - INFO - Epoch 33: EPOCH_AVG_TRAIN_LOSS=0.7838
2025-02-03 17:41:49,153 - INFO - ####################Training epoch 34####################
2025-02-03 17:41:49,413 - INFO - Epoch 34: train_loss=0.7471
2025-02-03 17:41:49,786 - INFO - Epoch 34: train_loss=0.8999
2025-02-03 17:41:50,175 - INFO - Epoch 34: val_loss=2.5674, val_acc=33.33%
2025-02-03 17:41:50,179 - INFO - Epoch 34: EPOCH_AVG_TRAIN_LOSS=0.8235
2025-02-03 17:41:50,181 - INFO - ####################Training epoch 35####################
2025-02-03 17:41:50,500 - INFO - Epoch 35: train_loss=0.7407
2025-02-03 17:41:50,874 - INFO - Epoch 35: train_loss=0.8589
2025-02-03 17:41:51,266 - INFO - Epoch 35: val_loss=2.5375, val_acc=33.33%
2025-02-03 17:41:51,269 - INFO - Epoch 35: EPOCH_AVG_TRAIN_LOSS=0.7998
2025-02-03 17:41:51,272 - INFO - ####################Training epoch 36####################
2025-02-03 17:41:51,531 - INFO - Epoch 36: train_loss=0.7210
2025-02-03 17:41:51,905 - INFO - Epoch 36: train_loss=0.9129
2025-02-03 17:41:52,298 - INFO - Epoch 36: val_loss=2.5513, val_acc=33.33%
2025-02-03 17:41:52,302 - INFO - Epoch 36: EPOCH_AVG_TRAIN_LOSS=0.8170
2025-02-03 17:41:52,304 - INFO - ####################Training epoch 37####################
2025-02-03 17:41:52,560 - INFO - Epoch 37: train_loss=0.8004
2025-02-03 17:41:52,933 - INFO - Epoch 37: train_loss=0.7506
2025-02-03 17:41:53,325 - INFO - Epoch 37: val_loss=2.6044, val_acc=33.33%
2025-02-03 17:41:53,328 - INFO - Epoch 37: EPOCH_AVG_TRAIN_LOSS=0.7755
2025-02-03 17:41:53,331 - INFO - ####################Training epoch 38####################
2025-02-03 17:41:53,616 - INFO - Epoch 38: train_loss=0.6774
2025-02-03 17:41:53,944 - INFO - Epoch 38: train_loss=0.9858
2025-02-03 17:41:54,336 - INFO - Epoch 38: val_loss=2.5700, val_acc=33.33%
2025-02-03 17:41:54,339 - INFO - Epoch 38: EPOCH_AVG_TRAIN_LOSS=0.8316
2025-02-03 17:41:54,342 - INFO - ####################Training epoch 39####################
2025-02-03 17:41:54,600 - INFO - Epoch 39: train_loss=0.7552
2025-02-03 17:41:54,927 - INFO - Epoch 39: train_loss=0.8075
2025-02-03 17:41:55,319 - INFO - Epoch 39: val_loss=2.5792, val_acc=33.33%
2025-02-03 17:41:55,322 - INFO - Epoch 39: EPOCH_AVG_TRAIN_LOSS=0.7813
2025-02-03 17:41:55,325 - INFO - ####################Training epoch 40####################
2025-02-03 17:41:55,583 - INFO - Epoch 40: train_loss=0.7590
2025-02-03 17:41:55,911 - INFO - Epoch 40: train_loss=0.8071
2025-02-03 17:41:56,302 - INFO - Epoch 40: val_loss=2.5754, val_acc=33.33%
2025-02-03 17:41:56,306 - INFO - Epoch 40: EPOCH_AVG_TRAIN_LOSS=0.7831
2025-02-03 17:41:56,308 - INFO - ####################Training epoch 41####################
2025-02-03 17:41:56,565 - INFO - Epoch 41: train_loss=0.7064
2025-02-03 17:41:56,894 - INFO - Epoch 41: train_loss=0.9030
2025-02-03 17:41:57,284 - INFO - Epoch 41: val_loss=2.6065, val_acc=33.33%
2025-02-03 17:41:57,287 - INFO - Epoch 41: EPOCH_AVG_TRAIN_LOSS=0.8047
2025-02-03 17:41:57,290 - INFO - ####################Training epoch 42####################
2025-02-03 17:41:57,546 - INFO - Epoch 42: train_loss=0.7834
2025-02-03 17:41:57,873 - INFO - Epoch 42: train_loss=0.7567
2025-02-03 17:41:58,261 - INFO - Epoch 42: val_loss=2.5908, val_acc=33.33%
2025-02-03 17:41:58,265 - INFO - Epoch 42: EPOCH_AVG_TRAIN_LOSS=0.7701
2025-02-03 17:41:58,267 - INFO - ####################Training epoch 43####################
2025-02-03 17:41:58,526 - INFO - Epoch 43: train_loss=0.8392
2025-02-03 17:41:58,853 - INFO - Epoch 43: train_loss=0.6253
2025-02-03 17:41:59,243 - INFO - Epoch 43: val_loss=2.6100, val_acc=33.33%
2025-02-03 17:41:59,246 - INFO - Epoch 43: EPOCH_AVG_TRAIN_LOSS=0.7322
2025-02-03 17:41:59,249 - INFO - ####################Training epoch 44####################
2025-02-03 17:41:59,506 - INFO - Epoch 44: train_loss=0.7226
2025-02-03 17:41:59,833 - INFO - Epoch 44: train_loss=0.8715
2025-02-03 17:42:00,239 - INFO - Epoch 44: val_loss=2.5844, val_acc=33.33%
2025-02-03 17:42:00,243 - INFO - Epoch 44: EPOCH_AVG_TRAIN_LOSS=0.7970
2025-02-03 17:42:00,245 - INFO - ####################Training epoch 45####################
2025-02-03 17:42:00,504 - INFO - Epoch 45: train_loss=0.7692
2025-02-03 17:42:00,833 - INFO - Epoch 45: train_loss=0.7639
2025-02-03 17:42:01,226 - INFO - Epoch 45: val_loss=2.5839, val_acc=33.33%
2025-02-03 17:42:01,229 - INFO - Epoch 45: EPOCH_AVG_TRAIN_LOSS=0.7665
2025-02-03 17:42:01,231 - INFO - ####################Training epoch 46####################
2025-02-03 17:42:01,494 - INFO - Epoch 46: train_loss=0.7541
2025-02-03 17:42:01,822 - INFO - Epoch 46: train_loss=0.8064
2025-02-03 17:42:02,213 - INFO - Epoch 46: val_loss=2.5986, val_acc=33.33%
2025-02-03 17:42:02,217 - INFO - Epoch 46: EPOCH_AVG_TRAIN_LOSS=0.7803
2025-02-03 17:42:02,219 - INFO - ####################Training epoch 47####################
2025-02-03 17:42:02,477 - INFO - Epoch 47: train_loss=0.7433
2025-02-03 17:42:02,804 - INFO - Epoch 47: train_loss=0.8347
2025-02-03 17:42:03,231 - INFO - Epoch 47: val_loss=2.6120, val_acc=33.33%
2025-02-03 17:42:03,235 - INFO - Epoch 47: EPOCH_AVG_TRAIN_LOSS=0.7890
2025-02-03 17:42:03,237 - INFO - ####################Training epoch 48####################
2025-02-03 17:42:03,508 - INFO - Epoch 48: train_loss=0.7729
2025-02-03 17:42:03,837 - INFO - Epoch 48: train_loss=0.7739
2025-02-03 17:42:04,229 - INFO - Epoch 48: val_loss=2.5881, val_acc=33.33%
2025-02-03 17:42:04,232 - INFO - Epoch 48: EPOCH_AVG_TRAIN_LOSS=0.7734
2025-02-03 17:42:04,235 - INFO - ####################Training epoch 49####################
2025-02-03 17:42:04,493 - INFO - Epoch 49: train_loss=0.7657
2025-02-03 17:42:04,823 - INFO - Epoch 49: train_loss=0.7754
2025-02-03 17:42:05,215 - INFO - Epoch 49: val_loss=2.5985, val_acc=33.33%
2025-02-03 17:42:05,219 - INFO - Epoch 49: EPOCH_AVG_TRAIN_LOSS=0.7706
2025-02-03 17:42:05,221 - INFO - ####################Training epoch 50####################
2025-02-03 17:42:05,479 - INFO - Epoch 50: train_loss=0.8227
2025-02-03 17:42:05,808 - INFO - Epoch 50: train_loss=0.6548
2025-02-03 17:42:06,201 - INFO - Epoch 50: val_loss=2.5968, val_acc=33.33%
2025-02-03 17:42:06,204 - INFO - Epoch 50: EPOCH_AVG_TRAIN_LOSS=0.7387
2025-02-03 17:42:06,207 - INFO - ####################Training epoch 51####################
2025-02-03 17:42:06,464 - INFO - Epoch 51: train_loss=0.7552
2025-02-03 17:42:06,793 - INFO - Epoch 51: train_loss=0.7903
2025-02-03 17:42:07,184 - INFO - Epoch 51: val_loss=2.6176, val_acc=33.33%
2025-02-03 17:42:07,187 - INFO - Epoch 51: EPOCH_AVG_TRAIN_LOSS=0.7728
2025-02-03 17:42:07,190 - INFO - ####################Training epoch 52####################
2025-02-03 17:42:07,450 - INFO - Epoch 52: train_loss=0.7393
2025-02-03 17:42:07,785 - INFO - Epoch 52: train_loss=0.8275
2025-02-03 17:42:08,176 - INFO - Epoch 52: val_loss=2.6120, val_acc=33.33%
2025-02-03 17:42:08,179 - INFO - Epoch 52: EPOCH_AVG_TRAIN_LOSS=0.7834
2025-02-03 17:42:08,182 - INFO - ####################Training epoch 53####################
2025-02-03 17:42:08,441 - INFO - Epoch 53: train_loss=0.8097
2025-02-03 17:42:08,770 - INFO - Epoch 53: train_loss=0.7076
2025-02-03 17:42:09,161 - INFO - Epoch 53: val_loss=2.5884, val_acc=33.33%
2025-02-03 17:42:09,164 - INFO - Epoch 53: EPOCH_AVG_TRAIN_LOSS=0.7587
2025-02-03 17:42:09,167 - INFO - ####################Training epoch 54####################
2025-02-03 17:42:09,426 - INFO - Epoch 54: train_loss=0.8567
2025-02-03 17:42:09,754 - INFO - Epoch 54: train_loss=0.6104
2025-02-03 17:42:10,151 - INFO - Epoch 54: val_loss=2.6235, val_acc=33.33%
2025-02-03 17:42:10,155 - INFO - Epoch 54: EPOCH_AVG_TRAIN_LOSS=0.7336
2025-02-03 17:42:10,158 - INFO - ####################Training epoch 55####################
2025-02-03 17:42:10,415 - INFO - Epoch 55: train_loss=0.7001
2025-02-03 17:42:10,746 - INFO - Epoch 55: train_loss=0.8891
2025-02-03 17:42:11,139 - INFO - Epoch 55: val_loss=2.5924, val_acc=33.33%
2025-02-03 17:42:11,142 - INFO - Epoch 55: EPOCH_AVG_TRAIN_LOSS=0.7946
2025-02-03 17:42:11,145 - INFO - ####################Training epoch 56####################
2025-02-03 17:42:11,406 - INFO - Epoch 56: train_loss=0.6996
2025-02-03 17:42:11,737 - INFO - Epoch 56: train_loss=0.8882
2025-02-03 17:42:12,132 - INFO - Epoch 56: val_loss=2.6435, val_acc=33.33%
2025-02-03 17:42:12,135 - INFO - Epoch 56: EPOCH_AVG_TRAIN_LOSS=0.7939
2025-02-03 17:42:12,138 - INFO - ####################Training epoch 57####################
2025-02-03 17:42:12,398 - INFO - Epoch 57: train_loss=0.8371
2025-02-03 17:42:12,728 - INFO - Epoch 57: train_loss=0.6190
2025-02-03 17:42:13,119 - INFO - Epoch 57: val_loss=2.6202, val_acc=33.33%
2025-02-03 17:42:13,122 - INFO - Epoch 57: EPOCH_AVG_TRAIN_LOSS=0.7281
2025-02-03 17:42:13,124 - INFO - ####################Training epoch 58####################
2025-02-03 17:42:13,383 - INFO - Epoch 58: train_loss=0.8237
2025-02-03 17:42:13,712 - INFO - Epoch 58: train_loss=0.6497
2025-02-03 17:42:14,103 - INFO - Epoch 58: val_loss=2.6130, val_acc=33.33%
2025-02-03 17:42:14,107 - INFO - Epoch 58: EPOCH_AVG_TRAIN_LOSS=0.7367
2025-02-03 17:42:14,110 - INFO - ####################Training epoch 59####################
2025-02-03 17:42:14,371 - INFO - Epoch 59: train_loss=0.8645
2025-02-03 17:42:14,700 - INFO - Epoch 59: train_loss=0.5757
2025-02-03 17:42:15,090 - INFO - Epoch 59: val_loss=2.5808, val_acc=33.33%
2025-02-03 17:42:15,093 - INFO - Epoch 59: EPOCH_AVG_TRAIN_LOSS=0.7201
2025-02-03 17:42:15,096 - INFO - ####################Training epoch 60####################
2025-02-03 17:42:15,354 - INFO - Epoch 60: train_loss=0.7708
2025-02-03 17:42:15,692 - INFO - Epoch 60: train_loss=0.7652
2025-02-03 17:42:16,085 - INFO - Epoch 60: val_loss=2.6020, val_acc=33.33%
2025-02-03 17:42:16,089 - INFO - Epoch 60: EPOCH_AVG_TRAIN_LOSS=0.7680
2025-02-03 17:42:16,091 - INFO - ####################Training epoch 61####################
2025-02-03 17:42:16,349 - INFO - Epoch 61: train_loss=0.7041
2025-02-03 17:42:16,679 - INFO - Epoch 61: train_loss=0.8990
2025-02-03 17:42:17,069 - INFO - Epoch 61: val_loss=2.6408, val_acc=33.33%
2025-02-03 17:42:17,073 - INFO - Epoch 61: EPOCH_AVG_TRAIN_LOSS=0.8016
2025-02-03 17:42:17,075 - INFO - ####################Training epoch 62####################
2025-02-03 17:42:17,333 - INFO - Epoch 62: train_loss=0.8457
2025-02-03 17:42:17,662 - INFO - Epoch 62: train_loss=0.6333
2025-02-03 17:42:18,052 - INFO - Epoch 62: val_loss=2.6248, val_acc=33.33%
2025-02-03 17:42:18,056 - INFO - Epoch 62: EPOCH_AVG_TRAIN_LOSS=0.7395
2025-02-03 17:42:18,058 - INFO - ####################Training epoch 63####################
2025-02-03 17:42:18,316 - INFO - Epoch 63: train_loss=0.7573
2025-02-03 17:42:18,644 - INFO - Epoch 63: train_loss=0.7834
2025-02-03 17:42:19,038 - INFO - Epoch 63: val_loss=2.6016, val_acc=33.33%
2025-02-03 17:42:19,042 - INFO - Epoch 63: EPOCH_AVG_TRAIN_LOSS=0.7703
2025-02-03 17:42:19,044 - INFO - ####################Training epoch 64####################
2025-02-03 17:42:19,303 - INFO - Epoch 64: train_loss=0.7910
2025-02-03 17:42:19,633 - INFO - Epoch 64: train_loss=0.7116
2025-02-03 17:42:20,026 - INFO - Epoch 64: val_loss=2.6148, val_acc=33.33%
2025-02-03 17:42:20,029 - INFO - Epoch 64: EPOCH_AVG_TRAIN_LOSS=0.7513
2025-02-03 17:42:20,032 - INFO - ####################Training epoch 65####################
2025-02-03 17:42:20,290 - INFO - Epoch 65: train_loss=0.7039
2025-02-03 17:42:20,620 - INFO - Epoch 65: train_loss=0.8733
2025-02-03 17:42:21,014 - INFO - Epoch 65: val_loss=2.6434, val_acc=33.33%
2025-02-03 17:42:21,018 - INFO - Epoch 65: EPOCH_AVG_TRAIN_LOSS=0.7886
2025-02-03 17:42:21,020 - INFO - ####################Training epoch 66####################
2025-02-03 17:42:21,279 - INFO - Epoch 66: train_loss=0.8119
2025-02-03 17:42:21,614 - INFO - Epoch 66: train_loss=0.6735
2025-02-03 17:42:22,009 - INFO - Epoch 66: val_loss=2.6089, val_acc=33.33%
2025-02-03 17:42:22,013 - INFO - Epoch 66: EPOCH_AVG_TRAIN_LOSS=0.7427
2025-02-03 17:42:22,015 - INFO - ####################Training epoch 67####################
2025-02-03 17:42:22,274 - INFO - Epoch 67: train_loss=0.8367
2025-02-03 17:42:22,604 - INFO - Epoch 67: train_loss=0.6307
2025-02-03 17:42:23,001 - INFO - Epoch 67: val_loss=2.6210, val_acc=33.33%
2025-02-03 17:42:23,005 - INFO - Epoch 67: EPOCH_AVG_TRAIN_LOSS=0.7337
2025-02-03 17:42:23,007 - INFO - ####################Training epoch 68####################
2025-02-03 17:42:23,268 - INFO - Epoch 68: train_loss=0.8421
2025-02-03 17:42:23,603 - INFO - Epoch 68: train_loss=0.6112
2025-02-03 17:42:23,996 - INFO - Epoch 68: val_loss=2.6231, val_acc=33.33%
2025-02-03 17:42:24,000 - INFO - Epoch 68: EPOCH_AVG_TRAIN_LOSS=0.7266
2025-02-03 17:42:24,003 - INFO - ####################Training epoch 69####################
2025-02-03 17:42:24,297 - INFO - Epoch 69: train_loss=0.7616
2025-02-03 17:42:24,626 - INFO - Epoch 69: train_loss=0.7806
2025-02-03 17:42:25,018 - INFO - Epoch 69: val_loss=2.6039, val_acc=33.33%
2025-02-03 17:42:25,022 - INFO - Epoch 69: EPOCH_AVG_TRAIN_LOSS=0.7711
2025-02-03 17:42:25,025 - INFO - ####################Training epoch 70####################
2025-02-03 17:42:25,287 - INFO - Epoch 70: train_loss=0.6693
2025-02-03 17:42:25,617 - INFO - Epoch 70: train_loss=0.9832
2025-02-03 17:42:26,010 - INFO - Epoch 70: val_loss=2.6239, val_acc=33.33%
2025-02-03 17:42:26,013 - INFO - Epoch 70: EPOCH_AVG_TRAIN_LOSS=0.8262
2025-02-03 17:42:26,016 - INFO - ####################Training epoch 71####################
2025-02-03 17:42:26,273 - INFO - Epoch 71: train_loss=0.7122
2025-02-03 17:42:26,603 - INFO - Epoch 71: train_loss=0.8759
2025-02-03 17:42:26,994 - INFO - Epoch 71: val_loss=2.6113, val_acc=33.33%
2025-02-03 17:42:26,997 - INFO - Epoch 71: EPOCH_AVG_TRAIN_LOSS=0.7940
2025-02-03 17:42:27,000 - INFO - ####################Training epoch 72####################
2025-02-03 17:42:27,261 - INFO - Epoch 72: train_loss=0.7722
2025-02-03 17:42:27,591 - INFO - Epoch 72: train_loss=0.7579
2025-02-03 17:42:27,982 - INFO - Epoch 72: val_loss=2.6281, val_acc=33.33%
2025-02-03 17:42:27,985 - INFO - Epoch 72: EPOCH_AVG_TRAIN_LOSS=0.7650
2025-02-03 17:42:27,988 - INFO - ####################Training epoch 73####################
2025-02-03 17:42:28,247 - INFO - Epoch 73: train_loss=0.8587
2025-02-03 17:42:28,577 - INFO - Epoch 73: train_loss=0.5859
2025-02-03 17:42:28,968 - INFO - Epoch 73: val_loss=2.6196, val_acc=33.33%
2025-02-03 17:42:28,972 - INFO - Epoch 73: EPOCH_AVG_TRAIN_LOSS=0.7223
2025-02-03 17:42:28,974 - INFO - ####################Training epoch 74####################
2025-02-03 17:42:29,232 - INFO - Epoch 74: train_loss=0.7047
2025-02-03 17:42:29,561 - INFO - Epoch 74: train_loss=0.8934
2025-02-03 17:42:29,950 - INFO - Epoch 74: val_loss=2.5821, val_acc=33.33%
2025-02-03 17:42:29,953 - INFO - Epoch 74: EPOCH_AVG_TRAIN_LOSS=0.7991
2025-02-03 17:42:29,956 - INFO - ####################Training epoch 75####################
2025-02-03 17:42:30,214 - INFO - Epoch 75: train_loss=0.7526
2025-02-03 17:42:30,542 - INFO - Epoch 75: train_loss=0.8036
2025-02-03 17:42:30,934 - INFO - Epoch 75: val_loss=2.6222, val_acc=33.33%
2025-02-03 17:42:30,937 - INFO - Epoch 75: EPOCH_AVG_TRAIN_LOSS=0.7781
2025-02-03 17:42:30,940 - INFO - ####################Training epoch 76####################
2025-02-03 17:42:31,198 - INFO - Epoch 76: train_loss=0.7699
2025-02-03 17:42:31,528 - INFO - Epoch 76: train_loss=0.7562
2025-02-03 17:42:31,917 - INFO - Epoch 76: val_loss=2.6189, val_acc=33.33%
2025-02-03 17:42:31,921 - INFO - Epoch 76: EPOCH_AVG_TRAIN_LOSS=0.7631
2025-02-03 17:42:31,923 - INFO - ####################Training epoch 77####################
2025-02-03 17:42:32,182 - INFO - Epoch 77: train_loss=0.6650
2025-02-03 17:42:32,517 - INFO - Epoch 77: train_loss=0.9429
2025-02-03 17:42:32,909 - INFO - Epoch 77: val_loss=2.6207, val_acc=33.33%
2025-02-03 17:42:32,913 - INFO - Epoch 77: EPOCH_AVG_TRAIN_LOSS=0.8040
2025-02-03 17:42:32,915 - INFO - ####################Training epoch 78####################
2025-02-03 17:42:33,171 - INFO - Epoch 78: train_loss=0.7548
2025-02-03 17:42:33,500 - INFO - Epoch 78: train_loss=0.7970
2025-02-03 17:42:33,890 - INFO - Epoch 78: val_loss=2.6172, val_acc=33.33%
2025-02-03 17:42:33,894 - INFO - Epoch 78: EPOCH_AVG_TRAIN_LOSS=0.7759
2025-02-03 17:42:33,896 - INFO - ####################Training epoch 79####################
2025-02-03 17:42:34,155 - INFO - Epoch 79: train_loss=0.8594
2025-02-03 17:42:34,483 - INFO - Epoch 79: train_loss=0.6152
2025-02-03 17:42:34,880 - INFO - Epoch 79: val_loss=2.6009, val_acc=33.33%
2025-02-03 17:42:34,883 - INFO - Epoch 79: EPOCH_AVG_TRAIN_LOSS=0.7373
2025-02-03 17:42:34,886 - INFO - ####################Training epoch 80####################
2025-02-03 17:42:35,144 - INFO - Epoch 80: train_loss=0.7192
2025-02-03 17:42:35,475 - INFO - Epoch 80: train_loss=0.8663
2025-02-03 17:42:35,869 - INFO - Epoch 80: val_loss=2.6240, val_acc=33.33%
2025-02-03 17:42:35,873 - INFO - Epoch 80: EPOCH_AVG_TRAIN_LOSS=0.7928
2025-02-03 17:42:35,875 - INFO - ####################Training epoch 81####################
2025-02-03 17:42:36,133 - INFO - Epoch 81: train_loss=0.8478
2025-02-03 17:42:36,462 - INFO - Epoch 81: train_loss=0.5872
2025-02-03 17:42:36,856 - INFO - Epoch 81: val_loss=2.6208, val_acc=33.33%
2025-02-03 17:42:36,860 - INFO - Epoch 81: EPOCH_AVG_TRAIN_LOSS=0.7175
2025-02-03 17:42:36,862 - INFO - ####################Training epoch 82####################
2025-02-03 17:42:37,121 - INFO - Epoch 82: train_loss=0.7319
2025-02-03 17:42:37,341 - INFO - Epoch 82: train_loss=0.8461
2025-02-03 17:42:37,629 - INFO - Epoch 82: val_loss=2.6008, val_acc=33.33%
2025-02-03 17:42:37,632 - INFO - Epoch 82: EPOCH_AVG_TRAIN_LOSS=0.7890
2025-02-03 17:42:37,635 - INFO - ####################Training epoch 83####################
2025-02-03 17:42:37,888 - INFO - Epoch 83: train_loss=0.7645
2025-02-03 17:42:38,107 - INFO - Epoch 83: train_loss=0.7740
2025-02-03 17:42:38,398 - INFO - Epoch 83: val_loss=2.6103, val_acc=33.33%
2025-02-03 17:42:38,402 - INFO - Epoch 83: EPOCH_AVG_TRAIN_LOSS=0.7692
2025-02-03 17:42:38,404 - INFO - ####################Training epoch 84####################
2025-02-03 17:42:38,657 - INFO - Epoch 84: train_loss=0.7663
2025-02-03 17:42:38,876 - INFO - Epoch 84: train_loss=0.7815
2025-02-03 17:42:39,165 - INFO - Epoch 84: val_loss=2.5922, val_acc=33.33%
2025-02-03 17:42:39,168 - INFO - Epoch 84: EPOCH_AVG_TRAIN_LOSS=0.7739
2025-02-03 17:42:39,171 - INFO - ####################Training epoch 85####################
2025-02-03 17:42:39,422 - INFO - Epoch 85: train_loss=0.8522
2025-02-03 17:42:39,640 - INFO - Epoch 85: train_loss=0.5966
2025-02-03 17:42:39,926 - INFO - Epoch 85: val_loss=2.6024, val_acc=33.33%
2025-02-03 17:42:39,930 - INFO - Epoch 85: EPOCH_AVG_TRAIN_LOSS=0.7244
2025-02-03 17:42:39,933 - INFO - ####################Training epoch 86####################
2025-02-03 17:42:40,184 - INFO - Epoch 86: train_loss=0.6912
2025-02-03 17:42:40,401 - INFO - Epoch 86: train_loss=0.9151
2025-02-03 17:42:40,691 - INFO - Epoch 86: val_loss=2.6080, val_acc=33.33%
2025-02-03 17:42:40,694 - INFO - Epoch 86: EPOCH_AVG_TRAIN_LOSS=0.8031
2025-02-03 17:42:40,697 - INFO - ####################Training epoch 87####################
2025-02-03 17:42:40,949 - INFO - Epoch 87: train_loss=0.7758
2025-02-03 17:42:41,175 - INFO - Epoch 87: train_loss=0.7533
2025-02-03 17:42:41,465 - INFO - Epoch 87: val_loss=2.6012, val_acc=33.33%
2025-02-03 17:42:41,468 - INFO - Epoch 87: EPOCH_AVG_TRAIN_LOSS=0.7645
2025-02-03 17:42:41,471 - INFO - ####################Training epoch 88####################
2025-02-03 17:42:41,723 - INFO - Epoch 88: train_loss=0.7402
2025-02-03 17:42:41,941 - INFO - Epoch 88: train_loss=0.8323
2025-02-03 17:42:42,234 - INFO - Epoch 88: val_loss=2.5991, val_acc=33.33%
2025-02-03 17:42:42,238 - INFO - Epoch 88: EPOCH_AVG_TRAIN_LOSS=0.7863
2025-02-03 17:42:42,240 - INFO - ####################Training epoch 89####################
2025-02-03 17:42:42,495 - INFO - Epoch 89: train_loss=0.8932
2025-02-03 17:42:42,713 - INFO - Epoch 89: train_loss=0.5055
2025-02-03 17:42:43,003 - INFO - Epoch 89: val_loss=2.6025, val_acc=33.33%
2025-02-03 17:42:43,006 - INFO - Epoch 89: EPOCH_AVG_TRAIN_LOSS=0.6993
2025-02-03 17:42:43,009 - INFO - ####################Training epoch 90####################
2025-02-03 17:42:43,262 - INFO - Epoch 90: train_loss=0.7885
2025-02-03 17:42:43,480 - INFO - Epoch 90: train_loss=0.7178
2025-02-03 17:42:43,769 - INFO - Epoch 90: val_loss=2.6419, val_acc=33.33%
2025-02-03 17:42:43,773 - INFO - Epoch 90: EPOCH_AVG_TRAIN_LOSS=0.7531
2025-02-03 17:42:43,775 - INFO - ####################Training epoch 91####################
2025-02-03 17:42:44,028 - INFO - Epoch 91: train_loss=0.8185
2025-02-03 17:42:44,245 - INFO - Epoch 91: train_loss=0.6823
2025-02-03 17:42:44,534 - INFO - Epoch 91: val_loss=2.6219, val_acc=33.33%
2025-02-03 17:42:44,538 - INFO - Epoch 91: EPOCH_AVG_TRAIN_LOSS=0.7504
2025-02-03 17:42:44,540 - INFO - ####################Training epoch 92####################
2025-02-03 17:42:44,794 - INFO - Epoch 92: train_loss=0.7742
2025-02-03 17:42:45,013 - INFO - Epoch 92: train_loss=0.7334
2025-02-03 17:42:45,305 - INFO - Epoch 92: val_loss=2.6122, val_acc=33.33%
2025-02-03 17:42:45,309 - INFO - Epoch 92: EPOCH_AVG_TRAIN_LOSS=0.7538
2025-02-03 17:42:45,311 - INFO - ####################Training epoch 93####################
2025-02-03 17:42:45,563 - INFO - Epoch 93: train_loss=0.7275
2025-02-03 17:42:45,780 - INFO - Epoch 93: train_loss=0.8475
2025-02-03 17:42:46,070 - INFO - Epoch 93: val_loss=2.6088, val_acc=33.33%
2025-02-03 17:42:46,073 - INFO - Epoch 93: EPOCH_AVG_TRAIN_LOSS=0.7875
2025-02-03 17:42:46,076 - INFO - ####################Training epoch 94####################
2025-02-03 17:42:46,330 - INFO - Epoch 94: train_loss=0.7736
2025-02-03 17:42:46,548 - INFO - Epoch 94: train_loss=0.7647
2025-02-03 17:42:46,837 - INFO - Epoch 94: val_loss=2.5958, val_acc=33.33%
2025-02-03 17:42:46,840 - INFO - Epoch 94: EPOCH_AVG_TRAIN_LOSS=0.7691
2025-02-03 17:42:46,843 - INFO - ####################Training epoch 95####################
2025-02-03 17:42:47,099 - INFO - Epoch 95: train_loss=0.6587
2025-02-03 17:42:47,317 - INFO - Epoch 95: train_loss=0.9758
2025-02-03 17:42:47,609 - INFO - Epoch 95: val_loss=2.5910, val_acc=33.33%
2025-02-03 17:42:47,612 - INFO - Epoch 95: EPOCH_AVG_TRAIN_LOSS=0.8172
2025-02-03 17:42:47,615 - INFO - ####################Training epoch 96####################
2025-02-03 17:42:47,867 - INFO - Epoch 96: train_loss=0.8017
2025-02-03 17:42:48,085 - INFO - Epoch 96: train_loss=0.6896
2025-02-03 17:42:48,378 - INFO - Epoch 96: val_loss=2.5873, val_acc=33.33%
2025-02-03 17:42:48,382 - INFO - Epoch 96: EPOCH_AVG_TRAIN_LOSS=0.7456
2025-02-03 17:42:48,384 - INFO - ####################Training epoch 97####################
2025-02-03 17:42:48,639 - INFO - Epoch 97: train_loss=0.7837
2025-02-03 17:42:48,857 - INFO - Epoch 97: train_loss=0.7334
2025-02-03 17:42:49,149 - INFO - Epoch 97: val_loss=2.6118, val_acc=33.33%
2025-02-03 17:42:49,153 - INFO - Epoch 97: EPOCH_AVG_TRAIN_LOSS=0.7585
2025-02-03 17:42:49,155 - INFO - ####################Training epoch 98####################
2025-02-03 17:42:49,408 - INFO - Epoch 98: train_loss=0.7742
2025-02-03 17:42:49,631 - INFO - Epoch 98: train_loss=0.7562
2025-02-03 17:42:49,920 - INFO - Epoch 98: val_loss=2.6128, val_acc=33.33%
2025-02-03 17:42:49,923 - INFO - Epoch 98: EPOCH_AVG_TRAIN_LOSS=0.7652
2025-02-03 17:42:49,925 - INFO - ####################Training epoch 99####################
2025-02-03 17:42:50,180 - INFO - Epoch 99: train_loss=0.8048
2025-02-03 17:42:50,398 - INFO - Epoch 99: train_loss=0.7062
2025-02-03 17:42:50,687 - INFO - Epoch 99: val_loss=2.6111, val_acc=33.33%
2025-02-03 17:42:50,691 - INFO - Epoch 99: EPOCH_AVG_TRAIN_LOSS=0.7555
2025-02-03 17:42:50,876 - INFO - Model saved.
