2025-02-03 17:41:01,502 - INFO - Starting training with the following parameters:
2025-02-03 17:41:01,503 - INFO - | Parameter       | Value               |
|-----------------|---------------------|
| attention       | Scaled Dot-Product|
| d_model         | 128            |
| n_heads         | 8              |
| d_f             | 128            |
| num_layers      | 3              |
| d_input         | 32             |
| num_classes     | 3              |
| dropout         | 0.1            |
| learning_rate   | 0.01           |
| epochs          | 100            |
| batch_size      | 32             |

2025-02-03 17:41:02,172 - INFO - Epoch 0: val_loss=0.8544, val_acc=66.67%
2025-02-03 17:41:02,313 - INFO - ####################Training epoch 0####################
2025-02-03 17:41:02,460 - INFO - Epoch 0: train_loss=1.1770
2025-02-03 17:41:02,988 - INFO - Epoch 0: val_loss=7.3384, val_acc=0.00%
2025-02-03 17:41:02,992 - INFO - Epoch 0: EPOCH_AVG_TRAIN_LOSS=1.1770
2025-02-03 17:41:03,020 - INFO - ####################Training epoch 1####################
2025-02-03 17:41:03,302 - INFO - Epoch 1: train_loss=4.2198
2025-02-03 17:41:03,774 - INFO - Epoch 1: val_loss=4.6955, val_acc=33.33%
2025-02-03 17:41:03,778 - INFO - Epoch 1: EPOCH_AVG_TRAIN_LOSS=4.2198
2025-02-03 17:41:03,804 - INFO - ####################Training epoch 2####################
2025-02-03 17:41:04,094 - INFO - Epoch 2: train_loss=3.4988
2025-02-03 17:41:04,569 - INFO - Epoch 2: val_loss=5.0514, val_acc=33.33%
2025-02-03 17:41:04,573 - INFO - Epoch 2: EPOCH_AVG_TRAIN_LOSS=3.4988
2025-02-03 17:41:04,598 - INFO - ####################Training epoch 3####################
2025-02-03 17:41:04,923 - INFO - Epoch 3: train_loss=3.6503
2025-02-03 17:41:05,391 - INFO - Epoch 3: val_loss=3.5479, val_acc=0.00%
2025-02-03 17:41:05,395 - INFO - Epoch 3: EPOCH_AVG_TRAIN_LOSS=3.6503
2025-02-03 17:41:05,422 - INFO - ####################Training epoch 4####################
2025-02-03 17:41:05,708 - INFO - Epoch 4: train_loss=1.4656
2025-02-03 17:41:06,177 - INFO - Epoch 4: val_loss=2.9059, val_acc=33.33%
2025-02-03 17:41:06,181 - INFO - Epoch 4: EPOCH_AVG_TRAIN_LOSS=1.4656
2025-02-03 17:41:06,209 - INFO - ####################Training epoch 5####################
2025-02-03 17:41:06,497 - INFO - Epoch 5: train_loss=1.4533
2025-02-03 17:41:06,966 - INFO - Epoch 5: val_loss=1.1505, val_acc=33.33%
2025-02-03 17:41:06,969 - INFO - Epoch 5: EPOCH_AVG_TRAIN_LOSS=1.4533
2025-02-03 17:41:07,010 - INFO - ####################Training epoch 6####################
2025-02-03 17:41:07,300 - INFO - Epoch 6: train_loss=1.1385
2025-02-03 17:41:07,775 - INFO - Epoch 6: val_loss=0.9915, val_acc=66.67%
2025-02-03 17:41:07,779 - INFO - Epoch 6: EPOCH_AVG_TRAIN_LOSS=1.1385
2025-02-03 17:41:07,807 - INFO - ####################Training epoch 7####################
2025-02-03 17:41:08,098 - INFO - Epoch 7: train_loss=1.1597
2025-02-03 17:41:08,578 - INFO - Epoch 7: val_loss=1.1847, val_acc=0.00%
2025-02-03 17:41:08,582 - INFO - Epoch 7: EPOCH_AVG_TRAIN_LOSS=1.1597
2025-02-03 17:41:08,610 - INFO - ####################Training epoch 8####################
2025-02-03 17:41:08,900 - INFO - Epoch 8: train_loss=1.1470
2025-02-03 17:41:09,371 - INFO - Epoch 8: val_loss=1.2270, val_acc=0.00%
2025-02-03 17:41:09,375 - INFO - Epoch 8: EPOCH_AVG_TRAIN_LOSS=1.1470
2025-02-03 17:41:09,377 - INFO - ####################Training epoch 9####################
2025-02-03 17:41:09,666 - INFO - Epoch 9: train_loss=1.1089
2025-02-03 17:41:10,138 - INFO - Epoch 9: val_loss=1.0837, val_acc=33.33%
2025-02-03 17:41:10,142 - INFO - Epoch 9: EPOCH_AVG_TRAIN_LOSS=1.1089
2025-02-03 17:41:10,170 - INFO - ####################Training epoch 10####################
2025-02-03 17:41:10,457 - INFO - Epoch 10: train_loss=1.1316
2025-02-03 17:41:10,929 - INFO - Epoch 10: val_loss=1.0079, val_acc=33.33%
2025-02-03 17:41:10,933 - INFO - Epoch 10: EPOCH_AVG_TRAIN_LOSS=1.1316
2025-02-03 17:41:10,961 - INFO - ####################Training epoch 11####################
2025-02-03 17:41:11,255 - INFO - Epoch 11: train_loss=1.1443
2025-02-03 17:41:11,729 - INFO - Epoch 11: val_loss=0.9926, val_acc=33.33%
2025-02-03 17:41:11,733 - INFO - Epoch 11: EPOCH_AVG_TRAIN_LOSS=1.1443
2025-02-03 17:41:11,761 - INFO - ####################Training epoch 12####################
2025-02-03 17:41:12,049 - INFO - Epoch 12: train_loss=1.1133
2025-02-03 17:41:12,522 - INFO - Epoch 12: val_loss=1.1458, val_acc=0.00%
2025-02-03 17:41:12,525 - INFO - Epoch 12: EPOCH_AVG_TRAIN_LOSS=1.1133
2025-02-03 17:41:12,528 - INFO - ####################Training epoch 13####################
2025-02-03 17:41:12,820 - INFO - Epoch 13: train_loss=1.1061
2025-02-03 17:41:13,295 - INFO - Epoch 13: val_loss=1.2031, val_acc=0.00%
2025-02-03 17:41:13,299 - INFO - Epoch 13: EPOCH_AVG_TRAIN_LOSS=1.1061
2025-02-03 17:41:13,301 - INFO - ####################Training epoch 14####################
2025-02-03 17:41:13,594 - INFO - Epoch 14: train_loss=1.1151
2025-02-03 17:41:14,066 - INFO - Epoch 14: val_loss=1.1945, val_acc=0.00%
2025-02-03 17:41:14,070 - INFO - Epoch 14: EPOCH_AVG_TRAIN_LOSS=1.1151
2025-02-03 17:41:14,072 - INFO - ####################Training epoch 15####################
2025-02-03 17:41:14,357 - INFO - Epoch 15: train_loss=1.1111
2025-02-03 17:41:14,828 - INFO - Epoch 15: val_loss=1.1392, val_acc=0.00%
2025-02-03 17:41:14,832 - INFO - Epoch 15: EPOCH_AVG_TRAIN_LOSS=1.1111
2025-02-03 17:41:14,834 - INFO - ####################Training epoch 16####################
2025-02-03 17:41:15,263 - INFO - Epoch 16: train_loss=1.1002
2025-02-03 17:41:15,799 - INFO - Epoch 16: val_loss=1.0832, val_acc=33.33%
2025-02-03 17:41:15,803 - INFO - Epoch 16: EPOCH_AVG_TRAIN_LOSS=1.1002
2025-02-03 17:41:15,805 - INFO - ####################Training epoch 17####################
2025-02-03 17:41:16,152 - INFO - Epoch 17: train_loss=1.0982
2025-02-03 17:41:16,737 - INFO - Epoch 17: val_loss=1.0451, val_acc=33.33%
2025-02-03 17:41:16,741 - INFO - Epoch 17: EPOCH_AVG_TRAIN_LOSS=1.0982
2025-02-03 17:41:16,752 - INFO - ####################Training epoch 18####################
2025-02-03 17:41:17,055 - INFO - Epoch 18: train_loss=1.1057
2025-02-03 17:41:17,615 - INFO - Epoch 18: val_loss=1.0406, val_acc=33.33%
2025-02-03 17:41:17,620 - INFO - Epoch 18: EPOCH_AVG_TRAIN_LOSS=1.1057
2025-02-03 17:41:17,628 - INFO - ####################Training epoch 19####################
2025-02-03 17:41:17,976 - INFO - Epoch 19: train_loss=1.1102
2025-02-03 17:41:18,555 - INFO - Epoch 19: val_loss=1.0502, val_acc=33.33%
2025-02-03 17:41:18,560 - INFO - Epoch 19: EPOCH_AVG_TRAIN_LOSS=1.1102
2025-02-03 17:41:18,567 - INFO - ####################Training epoch 20####################
2025-02-03 17:41:18,856 - INFO - Epoch 20: train_loss=1.1073
2025-02-03 17:41:19,469 - INFO - Epoch 20: val_loss=1.0699, val_acc=33.33%
2025-02-03 17:41:19,473 - INFO - Epoch 20: EPOCH_AVG_TRAIN_LOSS=1.1073
2025-02-03 17:41:19,483 - INFO - ####################Training epoch 21####################
2025-02-03 17:41:19,769 - INFO - Epoch 21: train_loss=1.1024
2025-02-03 17:41:20,381 - INFO - Epoch 21: val_loss=1.0980, val_acc=33.33%
2025-02-03 17:41:20,386 - INFO - Epoch 21: EPOCH_AVG_TRAIN_LOSS=1.1024
2025-02-03 17:41:20,396 - INFO - ####################Training epoch 22####################
2025-02-03 17:41:20,682 - INFO - Epoch 22: train_loss=1.0976
2025-02-03 17:41:21,343 - INFO - Epoch 22: val_loss=1.1313, val_acc=0.00%
2025-02-03 17:41:21,347 - INFO - Epoch 22: EPOCH_AVG_TRAIN_LOSS=1.0976
2025-02-03 17:41:21,357 - INFO - ####################Training epoch 23####################
2025-02-03 17:41:21,646 - INFO - Epoch 23: train_loss=1.0964
2025-02-03 17:41:22,256 - INFO - Epoch 23: val_loss=1.1662, val_acc=0.00%
2025-02-03 17:41:22,261 - INFO - Epoch 23: EPOCH_AVG_TRAIN_LOSS=1.0964
2025-02-03 17:41:22,271 - INFO - ####################Training epoch 24####################
2025-02-03 17:41:22,560 - INFO - Epoch 24: train_loss=1.0970
2025-02-03 17:41:23,172 - INFO - Epoch 24: val_loss=1.2059, val_acc=0.00%
2025-02-03 17:41:23,176 - INFO - Epoch 24: EPOCH_AVG_TRAIN_LOSS=1.0970
2025-02-03 17:41:23,187 - INFO - ####################Training epoch 25####################
2025-02-03 17:41:23,476 - INFO - Epoch 25: train_loss=1.0972
2025-02-03 17:41:24,088 - INFO - Epoch 25: val_loss=1.2470, val_acc=0.00%
2025-02-03 17:41:24,092 - INFO - Epoch 25: EPOCH_AVG_TRAIN_LOSS=1.0972
2025-02-03 17:41:24,103 - INFO - ####################Training epoch 26####################
2025-02-03 17:41:24,424 - INFO - Epoch 26: train_loss=1.0951
2025-02-03 17:41:25,036 - INFO - Epoch 26: val_loss=1.5036, val_acc=0.00%
2025-02-03 17:41:25,040 - INFO - Epoch 26: EPOCH_AVG_TRAIN_LOSS=1.0951
2025-02-03 17:41:25,050 - INFO - ####################Training epoch 27####################
2025-02-03 17:41:25,341 - INFO - Epoch 27: train_loss=1.0818
2025-02-03 17:41:25,953 - INFO - Epoch 27: val_loss=1.5923, val_acc=0.00%
2025-02-03 17:41:25,957 - INFO - Epoch 27: EPOCH_AVG_TRAIN_LOSS=1.0818
2025-02-03 17:41:25,968 - INFO - ####################Training epoch 28####################
2025-02-03 17:41:26,253 - INFO - Epoch 28: train_loss=1.0774
2025-02-03 17:41:26,866 - INFO - Epoch 28: val_loss=1.5522, val_acc=0.00%
2025-02-03 17:41:26,871 - INFO - Epoch 28: EPOCH_AVG_TRAIN_LOSS=1.0774
2025-02-03 17:41:26,881 - INFO - ####################Training epoch 29####################
2025-02-03 17:41:27,171 - INFO - Epoch 29: train_loss=1.0754
2025-02-03 17:41:27,836 - INFO - Epoch 29: val_loss=1.5299, val_acc=33.33%
2025-02-03 17:41:27,841 - INFO - Epoch 29: EPOCH_AVG_TRAIN_LOSS=1.0754
2025-02-03 17:41:27,851 - INFO - ####################Training epoch 30####################
2025-02-03 17:41:28,140 - INFO - Epoch 30: train_loss=1.0740
2025-02-03 17:41:28,754 - INFO - Epoch 30: val_loss=1.5209, val_acc=33.33%
2025-02-03 17:41:28,759 - INFO - Epoch 30: EPOCH_AVG_TRAIN_LOSS=1.0740
2025-02-03 17:41:28,769 - INFO - ####################Training epoch 31####################
2025-02-03 17:41:29,060 - INFO - Epoch 31: train_loss=1.0727
2025-02-03 17:41:29,677 - INFO - Epoch 31: val_loss=1.5217, val_acc=33.33%
2025-02-03 17:41:29,682 - INFO - Epoch 31: EPOCH_AVG_TRAIN_LOSS=1.0727
2025-02-03 17:41:29,686 - INFO - ####################Training epoch 32####################
2025-02-03 17:41:29,977 - INFO - Epoch 32: train_loss=1.0721
2025-02-03 17:41:30,593 - INFO - Epoch 32: val_loss=1.5270, val_acc=33.33%
2025-02-03 17:41:30,600 - INFO - Epoch 32: EPOCH_AVG_TRAIN_LOSS=1.0721
2025-02-03 17:41:30,607 - INFO - ####################Training epoch 33####################
2025-02-03 17:41:30,949 - INFO - Epoch 33: train_loss=1.0718
2025-02-03 17:41:31,560 - INFO - Epoch 33: val_loss=1.5366, val_acc=33.33%
2025-02-03 17:41:31,565 - INFO - Epoch 33: EPOCH_AVG_TRAIN_LOSS=1.0718
2025-02-03 17:41:31,570 - INFO - ####################Training epoch 34####################
2025-02-03 17:41:31,857 - INFO - Epoch 34: train_loss=1.0719
2025-02-03 17:41:32,465 - INFO - Epoch 34: val_loss=1.5500, val_acc=33.33%
2025-02-03 17:41:32,470 - INFO - Epoch 34: EPOCH_AVG_TRAIN_LOSS=1.0719
2025-02-03 17:41:32,480 - INFO - ####################Training epoch 35####################
2025-02-03 17:41:32,766 - INFO - Epoch 35: train_loss=1.0708
2025-02-03 17:41:33,379 - INFO - Epoch 35: val_loss=1.5669, val_acc=33.33%
2025-02-03 17:41:33,383 - INFO - Epoch 35: EPOCH_AVG_TRAIN_LOSS=1.0708
2025-02-03 17:41:33,393 - INFO - ####################Training epoch 36####################
2025-02-03 17:41:33,687 - INFO - Epoch 36: train_loss=1.0708
2025-02-03 17:41:34,282 - INFO - Epoch 36: val_loss=1.5867, val_acc=33.33%
2025-02-03 17:41:34,287 - INFO - Epoch 36: EPOCH_AVG_TRAIN_LOSS=1.0708
2025-02-03 17:41:34,290 - INFO - ####################Training epoch 37####################
2025-02-03 17:41:34,687 - INFO - Epoch 37: train_loss=1.0704
2025-02-03 17:41:35,251 - INFO - Epoch 37: val_loss=1.5979, val_acc=33.33%
2025-02-03 17:41:35,256 - INFO - Epoch 37: EPOCH_AVG_TRAIN_LOSS=1.0704
2025-02-03 17:41:35,266 - INFO - ####################Training epoch 38####################
2025-02-03 17:41:35,638 - INFO - Epoch 38: train_loss=1.0702
2025-02-03 17:41:36,213 - INFO - Epoch 38: val_loss=1.6099, val_acc=33.33%
2025-02-03 17:41:36,218 - INFO - Epoch 38: EPOCH_AVG_TRAIN_LOSS=1.0702
2025-02-03 17:41:36,228 - INFO - ####################Training epoch 39####################
2025-02-03 17:41:36,610 - INFO - Epoch 39: train_loss=1.0702
2025-02-03 17:41:37,193 - INFO - Epoch 39: val_loss=1.6228, val_acc=33.33%
2025-02-03 17:41:37,197 - INFO - Epoch 39: EPOCH_AVG_TRAIN_LOSS=1.0702
2025-02-03 17:41:37,199 - INFO - ####################Training epoch 40####################
2025-02-03 17:41:37,629 - INFO - Epoch 40: train_loss=1.0703
2025-02-03 17:41:38,221 - INFO - Epoch 40: val_loss=1.6363, val_acc=33.33%
2025-02-03 17:41:38,226 - INFO - Epoch 40: EPOCH_AVG_TRAIN_LOSS=1.0703
2025-02-03 17:41:38,237 - INFO - ####################Training epoch 41####################
2025-02-03 17:41:38,620 - INFO - Epoch 41: train_loss=1.0692
2025-02-03 17:41:39,178 - INFO - Epoch 41: val_loss=1.6502, val_acc=33.33%
2025-02-03 17:41:39,182 - INFO - Epoch 41: EPOCH_AVG_TRAIN_LOSS=1.0692
2025-02-03 17:41:39,185 - INFO - ####################Training epoch 42####################
2025-02-03 17:41:39,582 - INFO - Epoch 42: train_loss=1.0697
2025-02-03 17:41:40,162 - INFO - Epoch 42: val_loss=1.6643, val_acc=33.33%
2025-02-03 17:41:40,165 - INFO - Epoch 42: EPOCH_AVG_TRAIN_LOSS=1.0697
2025-02-03 17:41:40,168 - INFO - ####################Training epoch 43####################
2025-02-03 17:41:40,586 - INFO - Epoch 43: train_loss=1.0689
2025-02-03 17:41:41,170 - INFO - Epoch 43: val_loss=1.6715, val_acc=33.33%
2025-02-03 17:41:41,174 - INFO - Epoch 43: EPOCH_AVG_TRAIN_LOSS=1.0689
2025-02-03 17:41:41,176 - INFO - ####################Training epoch 44####################
2025-02-03 17:41:41,574 - INFO - Epoch 44: train_loss=1.0686
2025-02-03 17:41:42,156 - INFO - Epoch 44: val_loss=1.6786, val_acc=33.33%
2025-02-03 17:41:42,160 - INFO - Epoch 44: EPOCH_AVG_TRAIN_LOSS=1.0686
2025-02-03 17:41:42,171 - INFO - ####################Training epoch 45####################
2025-02-03 17:41:42,557 - INFO - Epoch 45: train_loss=1.0686
2025-02-03 17:41:43,136 - INFO - Epoch 45: val_loss=1.6857, val_acc=33.33%
2025-02-03 17:41:43,139 - INFO - Epoch 45: EPOCH_AVG_TRAIN_LOSS=1.0686
2025-02-03 17:41:43,142 - INFO - ####################Training epoch 46####################
2025-02-03 17:41:43,539 - INFO - Epoch 46: train_loss=1.0687
2025-02-03 17:41:44,122 - INFO - Epoch 46: val_loss=1.6928, val_acc=33.33%
2025-02-03 17:41:44,125 - INFO - Epoch 46: EPOCH_AVG_TRAIN_LOSS=1.0687
2025-02-03 17:41:44,128 - INFO - ####################Training epoch 47####################
2025-02-03 17:41:44,557 - INFO - Epoch 47: train_loss=1.0684
2025-02-03 17:41:45,152 - INFO - Epoch 47: val_loss=1.6998, val_acc=33.33%
2025-02-03 17:41:45,156 - INFO - Epoch 47: EPOCH_AVG_TRAIN_LOSS=1.0684
2025-02-03 17:41:45,158 - INFO - ####################Training epoch 48####################
2025-02-03 17:41:45,585 - INFO - Epoch 48: train_loss=1.0686
2025-02-03 17:41:46,182 - INFO - Epoch 48: val_loss=1.7068, val_acc=33.33%
2025-02-03 17:41:46,185 - INFO - Epoch 48: EPOCH_AVG_TRAIN_LOSS=1.0686
2025-02-03 17:41:46,188 - INFO - ####################Training epoch 49####################
2025-02-03 17:41:46,616 - INFO - Epoch 49: train_loss=1.0684
2025-02-03 17:41:47,259 - INFO - Epoch 49: val_loss=1.7102, val_acc=33.33%
2025-02-03 17:41:47,263 - INFO - Epoch 49: EPOCH_AVG_TRAIN_LOSS=1.0684
2025-02-03 17:41:47,265 - INFO - ####################Training epoch 50####################
2025-02-03 17:41:47,687 - INFO - Epoch 50: train_loss=1.0684
2025-02-03 17:41:48,279 - INFO - Epoch 50: val_loss=1.7136, val_acc=33.33%
2025-02-03 17:41:48,282 - INFO - Epoch 50: EPOCH_AVG_TRAIN_LOSS=1.0684
2025-02-03 17:41:48,285 - INFO - ####################Training epoch 51####################
2025-02-03 17:41:48,708 - INFO - Epoch 51: train_loss=1.0683
2025-02-03 17:41:49,302 - INFO - Epoch 51: val_loss=1.7169, val_acc=33.33%
2025-02-03 17:41:49,306 - INFO - Epoch 51: EPOCH_AVG_TRAIN_LOSS=1.0683
2025-02-03 17:41:49,308 - INFO - ####################Training epoch 52####################
2025-02-03 17:41:49,729 - INFO - Epoch 52: train_loss=1.0681
2025-02-03 17:41:50,366 - INFO - Epoch 52: val_loss=1.7202, val_acc=33.33%
2025-02-03 17:41:50,371 - INFO - Epoch 52: EPOCH_AVG_TRAIN_LOSS=1.0681
2025-02-03 17:41:50,374 - INFO - ####################Training epoch 53####################
2025-02-03 17:41:50,816 - INFO - Epoch 53: train_loss=1.0681
2025-02-03 17:41:51,412 - INFO - Epoch 53: val_loss=1.7235, val_acc=33.33%
2025-02-03 17:41:51,416 - INFO - Epoch 53: EPOCH_AVG_TRAIN_LOSS=1.0681
2025-02-03 17:41:51,418 - INFO - ####################Training epoch 54####################
2025-02-03 17:41:51,848 - INFO - Epoch 54: train_loss=1.0676
2025-02-03 17:41:52,443 - INFO - Epoch 54: val_loss=1.7267, val_acc=33.33%
2025-02-03 17:41:52,446 - INFO - Epoch 54: EPOCH_AVG_TRAIN_LOSS=1.0676
2025-02-03 17:41:52,448 - INFO - ####################Training epoch 55####################
2025-02-03 17:41:52,876 - INFO - Epoch 55: train_loss=1.0681
2025-02-03 17:41:53,471 - INFO - Epoch 55: val_loss=1.7283, val_acc=33.33%
2025-02-03 17:41:53,475 - INFO - Epoch 55: EPOCH_AVG_TRAIN_LOSS=1.0681
2025-02-03 17:41:53,477 - INFO - ####################Training epoch 56####################
2025-02-03 17:41:53,943 - INFO - Epoch 56: train_loss=1.0679
2025-02-03 17:41:54,522 - INFO - Epoch 56: val_loss=1.7298, val_acc=33.33%
2025-02-03 17:41:54,526 - INFO - Epoch 56: EPOCH_AVG_TRAIN_LOSS=1.0679
2025-02-03 17:41:54,529 - INFO - ####################Training epoch 57####################
2025-02-03 17:41:54,927 - INFO - Epoch 57: train_loss=1.0674
2025-02-03 17:41:55,507 - INFO - Epoch 57: val_loss=1.7314, val_acc=33.33%
2025-02-03 17:41:55,511 - INFO - Epoch 57: EPOCH_AVG_TRAIN_LOSS=1.0674
2025-02-03 17:41:55,514 - INFO - ####################Training epoch 58####################
2025-02-03 17:41:55,911 - INFO - Epoch 58: train_loss=1.0677
2025-02-03 17:41:56,491 - INFO - Epoch 58: val_loss=1.7329, val_acc=33.33%
2025-02-03 17:41:56,495 - INFO - Epoch 58: EPOCH_AVG_TRAIN_LOSS=1.0677
2025-02-03 17:41:56,503 - INFO - ####################Training epoch 59####################
2025-02-03 17:41:56,894 - INFO - Epoch 59: train_loss=1.0673
2025-02-03 17:41:57,474 - INFO - Epoch 59: val_loss=1.7344, val_acc=33.33%
2025-02-03 17:41:57,478 - INFO - Epoch 59: EPOCH_AVG_TRAIN_LOSS=1.0673
2025-02-03 17:41:57,488 - INFO - ####################Training epoch 60####################
2025-02-03 17:41:57,873 - INFO - Epoch 60: train_loss=1.0675
2025-02-03 17:41:58,454 - INFO - Epoch 60: val_loss=1.7359, val_acc=33.33%
2025-02-03 17:41:58,458 - INFO - Epoch 60: EPOCH_AVG_TRAIN_LOSS=1.0675
2025-02-03 17:41:58,468 - INFO - ####################Training epoch 61####################
2025-02-03 17:41:58,853 - INFO - Epoch 61: train_loss=1.0678
2025-02-03 17:41:59,434 - INFO - Epoch 61: val_loss=1.7367, val_acc=33.33%
2025-02-03 17:41:59,438 - INFO - Epoch 61: EPOCH_AVG_TRAIN_LOSS=1.0678
2025-02-03 17:41:59,449 - INFO - ####################Training epoch 62####################
2025-02-03 17:41:59,833 - INFO - Epoch 62: train_loss=1.0676
2025-02-03 17:42:00,413 - INFO - Epoch 62: val_loss=1.7374, val_acc=33.33%
2025-02-03 17:42:00,417 - INFO - Epoch 62: EPOCH_AVG_TRAIN_LOSS=1.0676
2025-02-03 17:42:00,420 - INFO - ####################Training epoch 63####################
2025-02-03 17:42:00,832 - INFO - Epoch 63: train_loss=1.0678
2025-02-03 17:42:01,417 - INFO - Epoch 63: val_loss=1.7382, val_acc=33.33%
2025-02-03 17:42:01,420 - INFO - Epoch 63: EPOCH_AVG_TRAIN_LOSS=1.0678
2025-02-03 17:42:01,423 - INFO - ####################Training epoch 64####################
2025-02-03 17:42:01,822 - INFO - Epoch 64: train_loss=1.0676
2025-02-03 17:42:02,402 - INFO - Epoch 64: val_loss=1.7389, val_acc=33.33%
2025-02-03 17:42:02,406 - INFO - Epoch 64: EPOCH_AVG_TRAIN_LOSS=1.0676
2025-02-03 17:42:02,408 - INFO - ####################Training epoch 65####################
2025-02-03 17:42:02,805 - INFO - Epoch 65: train_loss=1.0678
2025-02-03 17:42:03,424 - INFO - Epoch 65: val_loss=1.7396, val_acc=33.33%
2025-02-03 17:42:03,428 - INFO - Epoch 65: EPOCH_AVG_TRAIN_LOSS=1.0678
2025-02-03 17:42:03,431 - INFO - ####################Training epoch 66####################
2025-02-03 17:42:03,835 - INFO - Epoch 66: train_loss=1.0678
2025-02-03 17:42:04,418 - INFO - Epoch 66: val_loss=1.7403, val_acc=33.33%
2025-02-03 17:42:04,421 - INFO - Epoch 66: EPOCH_AVG_TRAIN_LOSS=1.0678
2025-02-03 17:42:04,424 - INFO - ####################Training epoch 67####################
2025-02-03 17:42:04,823 - INFO - Epoch 67: train_loss=1.0677
2025-02-03 17:42:05,403 - INFO - Epoch 67: val_loss=1.7407, val_acc=33.33%
2025-02-03 17:42:05,407 - INFO - Epoch 67: EPOCH_AVG_TRAIN_LOSS=1.0677
2025-02-03 17:42:05,410 - INFO - ####################Training epoch 68####################
2025-02-03 17:42:05,809 - INFO - Epoch 68: train_loss=1.0679
2025-02-03 17:42:06,388 - INFO - Epoch 68: val_loss=1.7411, val_acc=33.33%
2025-02-03 17:42:06,391 - INFO - Epoch 68: EPOCH_AVG_TRAIN_LOSS=1.0679
2025-02-03 17:42:06,394 - INFO - ####################Training epoch 69####################
2025-02-03 17:42:06,793 - INFO - Epoch 69: train_loss=1.0679
2025-02-03 17:42:07,377 - INFO - Epoch 69: val_loss=1.7414, val_acc=33.33%
2025-02-03 17:42:07,382 - INFO - Epoch 69: EPOCH_AVG_TRAIN_LOSS=1.0679
2025-02-03 17:42:07,392 - INFO - ####################Training epoch 70####################
2025-02-03 17:42:07,786 - INFO - Epoch 70: train_loss=1.0673
2025-02-03 17:42:08,366 - INFO - Epoch 70: val_loss=1.7418, val_acc=33.33%
2025-02-03 17:42:08,370 - INFO - Epoch 70: EPOCH_AVG_TRAIN_LOSS=1.0673
2025-02-03 17:42:08,376 - INFO - ####################Training epoch 71####################
2025-02-03 17:42:08,770 - INFO - Epoch 71: train_loss=1.0674
2025-02-03 17:42:09,353 - INFO - Epoch 71: val_loss=1.7421, val_acc=33.33%
2025-02-03 17:42:09,357 - INFO - Epoch 71: EPOCH_AVG_TRAIN_LOSS=1.0674
2025-02-03 17:42:09,368 - INFO - ####################Training epoch 72####################
2025-02-03 17:42:09,755 - INFO - Epoch 72: train_loss=1.0678
2025-02-03 17:42:10,333 - INFO - Epoch 72: val_loss=1.7425, val_acc=33.33%
2025-02-03 17:42:10,336 - INFO - Epoch 72: EPOCH_AVG_TRAIN_LOSS=1.0678
2025-02-03 17:42:10,339 - INFO - ####################Training epoch 73####################
2025-02-03 17:42:10,745 - INFO - Epoch 73: train_loss=1.0672
2025-02-03 17:42:11,323 - INFO - Epoch 73: val_loss=1.7427, val_acc=33.33%
2025-02-03 17:42:11,326 - INFO - Epoch 73: EPOCH_AVG_TRAIN_LOSS=1.0672
2025-02-03 17:42:11,329 - INFO - ####################Training epoch 74####################
2025-02-03 17:42:11,736 - INFO - Epoch 74: train_loss=1.0676
2025-02-03 17:42:12,316 - INFO - Epoch 74: val_loss=1.7429, val_acc=33.33%
2025-02-03 17:42:12,320 - INFO - Epoch 74: EPOCH_AVG_TRAIN_LOSS=1.0676
2025-02-03 17:42:12,322 - INFO - ####################Training epoch 75####################
2025-02-03 17:42:12,728 - INFO - Epoch 75: train_loss=1.0671
2025-02-03 17:42:13,309 - INFO - Epoch 75: val_loss=1.7430, val_acc=33.33%
2025-02-03 17:42:13,312 - INFO - Epoch 75: EPOCH_AVG_TRAIN_LOSS=1.0671
2025-02-03 17:42:13,323 - INFO - ####################Training epoch 76####################
2025-02-03 17:42:13,713 - INFO - Epoch 76: train_loss=1.0678
2025-02-03 17:42:14,295 - INFO - Epoch 76: val_loss=1.7432, val_acc=33.33%
2025-02-03 17:42:14,298 - INFO - Epoch 76: EPOCH_AVG_TRAIN_LOSS=1.0678
2025-02-03 17:42:14,305 - INFO - ####################Training epoch 77####################
2025-02-03 17:42:14,700 - INFO - Epoch 77: train_loss=1.0672
2025-02-03 17:42:15,278 - INFO - Epoch 77: val_loss=1.7434, val_acc=33.33%
2025-02-03 17:42:15,282 - INFO - Epoch 77: EPOCH_AVG_TRAIN_LOSS=1.0672
2025-02-03 17:42:15,284 - INFO - ####################Training epoch 78####################
2025-02-03 17:42:15,692 - INFO - Epoch 78: train_loss=1.0674
2025-02-03 17:42:16,271 - INFO - Epoch 78: val_loss=1.7436, val_acc=33.33%
2025-02-03 17:42:16,275 - INFO - Epoch 78: EPOCH_AVG_TRAIN_LOSS=1.0674
2025-02-03 17:42:16,277 - INFO - ####################Training epoch 79####################
2025-02-03 17:42:16,679 - INFO - Epoch 79: train_loss=1.0676
2025-02-03 17:42:17,258 - INFO - Epoch 79: val_loss=1.7437, val_acc=33.33%
2025-02-03 17:42:17,261 - INFO - Epoch 79: EPOCH_AVG_TRAIN_LOSS=1.0676
2025-02-03 17:42:17,263 - INFO - ####################Training epoch 80####################
2025-02-03 17:42:17,662 - INFO - Epoch 80: train_loss=1.0674
2025-02-03 17:42:18,244 - INFO - Epoch 80: val_loss=1.7437, val_acc=33.33%
2025-02-03 17:42:18,250 - INFO - Epoch 80: EPOCH_AVG_TRAIN_LOSS=1.0674
2025-02-03 17:42:18,260 - INFO - ####################Training epoch 81####################
2025-02-03 17:42:18,645 - INFO - Epoch 81: train_loss=1.0679
2025-02-03 17:42:19,227 - INFO - Epoch 81: val_loss=1.7439, val_acc=33.33%
2025-02-03 17:42:19,231 - INFO - Epoch 81: EPOCH_AVG_TRAIN_LOSS=1.0679
2025-02-03 17:42:19,234 - INFO - ####################Training epoch 82####################
2025-02-03 17:42:19,633 - INFO - Epoch 82: train_loss=1.0673
2025-02-03 17:42:20,213 - INFO - Epoch 82: val_loss=1.7440, val_acc=33.33%
2025-02-03 17:42:20,217 - INFO - Epoch 82: EPOCH_AVG_TRAIN_LOSS=1.0673
2025-02-03 17:42:20,220 - INFO - ####################Training epoch 83####################
2025-02-03 17:42:20,620 - INFO - Epoch 83: train_loss=1.0677
2025-02-03 17:42:21,200 - INFO - Epoch 83: val_loss=1.7440, val_acc=33.33%
2025-02-03 17:42:21,204 - INFO - Epoch 83: EPOCH_AVG_TRAIN_LOSS=1.0677
2025-02-03 17:42:21,206 - INFO - ####################Training epoch 84####################
2025-02-03 17:42:21,608 - INFO - Epoch 84: train_loss=1.0678
2025-02-03 17:42:22,192 - INFO - Epoch 84: val_loss=1.7441, val_acc=33.33%
2025-02-03 17:42:22,196 - INFO - Epoch 84: EPOCH_AVG_TRAIN_LOSS=1.0678
2025-02-03 17:42:22,199 - INFO - ####################Training epoch 85####################
2025-02-03 17:42:22,604 - INFO - Epoch 85: train_loss=1.0674
2025-02-03 17:42:23,185 - INFO - Epoch 85: val_loss=1.7442, val_acc=33.33%
2025-02-03 17:42:23,189 - INFO - Epoch 85: EPOCH_AVG_TRAIN_LOSS=1.0674
2025-02-03 17:42:23,191 - INFO - ####################Training epoch 86####################
2025-02-03 17:42:23,597 - INFO - Epoch 86: train_loss=1.0677
2025-02-03 17:42:24,210 - INFO - Epoch 86: val_loss=1.7442, val_acc=33.33%
2025-02-03 17:42:24,221 - INFO - Epoch 86: EPOCH_AVG_TRAIN_LOSS=1.0677
2025-02-03 17:42:24,224 - INFO - ####################Training epoch 87####################
2025-02-03 17:42:24,626 - INFO - Epoch 87: train_loss=1.0676
2025-02-03 17:42:25,206 - INFO - Epoch 87: val_loss=1.7443, val_acc=33.33%
2025-02-03 17:42:25,210 - INFO - Epoch 87: EPOCH_AVG_TRAIN_LOSS=1.0676
2025-02-03 17:42:25,213 - INFO - ####################Training epoch 88####################
2025-02-03 17:42:25,617 - INFO - Epoch 88: train_loss=1.0676
2025-02-03 17:42:26,196 - INFO - Epoch 88: val_loss=1.7443, val_acc=33.33%
2025-02-03 17:42:26,199 - INFO - Epoch 88: EPOCH_AVG_TRAIN_LOSS=1.0676
2025-02-03 17:42:26,202 - INFO - ####################Training epoch 89####################
2025-02-03 17:42:26,603 - INFO - Epoch 89: train_loss=1.0676
2025-02-03 17:42:27,183 - INFO - Epoch 89: val_loss=1.7443, val_acc=33.33%
2025-02-03 17:42:27,186 - INFO - Epoch 89: EPOCH_AVG_TRAIN_LOSS=1.0676
2025-02-03 17:42:27,188 - INFO - ####################Training epoch 90####################
2025-02-03 17:42:27,591 - INFO - Epoch 90: train_loss=1.0676
2025-02-03 17:42:28,171 - INFO - Epoch 90: val_loss=1.7444, val_acc=33.33%
2025-02-03 17:42:28,175 - INFO - Epoch 90: EPOCH_AVG_TRAIN_LOSS=1.0676
2025-02-03 17:42:28,178 - INFO - ####################Training epoch 91####################
2025-02-03 17:42:28,577 - INFO - Epoch 91: train_loss=1.0676
2025-02-03 17:42:29,157 - INFO - Epoch 91: val_loss=1.7444, val_acc=33.33%
2025-02-03 17:42:29,161 - INFO - Epoch 91: EPOCH_AVG_TRAIN_LOSS=1.0676
2025-02-03 17:42:29,166 - INFO - ####################Training epoch 92####################
2025-02-03 17:42:29,561 - INFO - Epoch 92: train_loss=1.0673
2025-02-03 17:42:30,142 - INFO - Epoch 92: val_loss=1.7444, val_acc=33.33%
2025-02-03 17:42:30,146 - INFO - Epoch 92: EPOCH_AVG_TRAIN_LOSS=1.0673
2025-02-03 17:42:30,156 - INFO - ####################Training epoch 93####################
2025-02-03 17:42:30,543 - INFO - Epoch 93: train_loss=1.0679
2025-02-03 17:42:31,124 - INFO - Epoch 93: val_loss=1.7444, val_acc=33.33%
2025-02-03 17:42:31,130 - INFO - Epoch 93: EPOCH_AVG_TRAIN_LOSS=1.0679
2025-02-03 17:42:31,140 - INFO - ####################Training epoch 94####################
2025-02-03 17:42:31,528 - INFO - Epoch 94: train_loss=1.0676
2025-02-03 17:42:32,107 - INFO - Epoch 94: val_loss=1.7445, val_acc=33.33%
2025-02-03 17:42:32,111 - INFO - Epoch 94: EPOCH_AVG_TRAIN_LOSS=1.0676
2025-02-03 17:42:32,122 - INFO - ####################Training epoch 95####################
2025-02-03 17:42:32,517 - INFO - Epoch 95: train_loss=1.0675
2025-02-03 17:42:33,096 - INFO - Epoch 95: val_loss=1.7445, val_acc=33.33%
2025-02-03 17:42:33,100 - INFO - Epoch 95: EPOCH_AVG_TRAIN_LOSS=1.0675
2025-02-03 17:42:33,105 - INFO - ####################Training epoch 96####################
2025-02-03 17:42:33,501 - INFO - Epoch 96: train_loss=1.0674
2025-02-03 17:42:34,086 - INFO - Epoch 96: val_loss=1.7445, val_acc=33.33%
2025-02-03 17:42:34,090 - INFO - Epoch 96: EPOCH_AVG_TRAIN_LOSS=1.0674
2025-02-03 17:42:34,101 - INFO - ####################Training epoch 97####################
2025-02-03 17:42:34,484 - INFO - Epoch 97: train_loss=1.0670
2025-02-03 17:42:35,065 - INFO - Epoch 97: val_loss=1.7445, val_acc=33.33%
2025-02-03 17:42:35,069 - INFO - Epoch 97: EPOCH_AVG_TRAIN_LOSS=1.0670
2025-02-03 17:42:35,071 - INFO - ####################Training epoch 98####################
2025-02-03 17:42:35,474 - INFO - Epoch 98: train_loss=1.0673
2025-02-03 17:42:36,058 - INFO - Epoch 98: val_loss=1.7446, val_acc=33.33%
2025-02-03 17:42:36,062 - INFO - Epoch 98: EPOCH_AVG_TRAIN_LOSS=1.0673
2025-02-03 17:42:36,069 - INFO - ####################Training epoch 99####################
2025-02-03 17:42:36,463 - INFO - Epoch 99: train_loss=1.0675
2025-02-03 17:42:37,046 - INFO - Epoch 99: val_loss=1.7446, val_acc=33.33%
2025-02-03 17:42:37,050 - INFO - Epoch 99: EPOCH_AVG_TRAIN_LOSS=1.0675
2025-02-03 17:42:37,257 - INFO - Model saved.
