2025-02-03 17:49:40,553 - INFO - Starting training with the following parameters:
2025-02-03 17:49:40,554 - INFO - | Parameter       | Value               |
|-----------------|---------------------|
| attention       | Scaled Dot-Product|
| d_model         | 128            |
| n_heads         | 8              |
| d_f             | 128            |
| num_layers      | 3              |
| d_input         | 32             |
| num_classes     | 3              |
| dropout         | 0.1            |
| learning_rate   | 0.001          |
| epochs          | 100            |
| batch_size      | 16             |

2025-02-03 17:49:41,176 - INFO - Epoch 0: val_loss=1.1235, val_acc=33.33%
2025-02-03 17:49:41,314 - INFO - ####################Training epoch 0####################
2025-02-03 17:49:41,424 - INFO - Epoch 0: train_loss=1.1434
2025-02-03 17:49:41,724 - INFO - Epoch 0: train_loss=1.2628
2025-02-03 17:49:42,004 - INFO - Epoch 0: val_loss=1.9880, val_acc=0.00%
2025-02-03 17:49:42,008 - INFO - Epoch 0: EPOCH_AVG_TRAIN_LOSS=1.2031
2025-02-03 17:49:42,037 - INFO - ####################Training epoch 1####################
2025-02-03 17:49:42,289 - INFO - Epoch 1: train_loss=1.1228
2025-02-03 17:49:42,506 - INFO - Epoch 1: train_loss=0.8939
2025-02-03 17:49:42,798 - INFO - Epoch 1: val_loss=1.9730, val_acc=33.33%
2025-02-03 17:49:42,801 - INFO - Epoch 1: EPOCH_AVG_TRAIN_LOSS=1.0084
2025-02-03 17:49:42,827 - INFO - ####################Training epoch 2####################
2025-02-03 17:49:43,088 - INFO - Epoch 2: train_loss=1.3350
2025-02-03 17:49:43,310 - INFO - Epoch 2: train_loss=0.9060
2025-02-03 17:49:43,603 - INFO - Epoch 2: val_loss=2.0432, val_acc=33.33%
2025-02-03 17:49:43,607 - INFO - Epoch 2: EPOCH_AVG_TRAIN_LOSS=1.1205
2025-02-03 17:49:43,632 - INFO - ####################Training epoch 3####################
2025-02-03 17:49:43,890 - INFO - Epoch 3: train_loss=1.1456
2025-02-03 17:49:44,109 - INFO - Epoch 3: train_loss=0.8054
2025-02-03 17:49:44,403 - INFO - Epoch 3: val_loss=2.2610, val_acc=33.33%
2025-02-03 17:49:44,407 - INFO - Epoch 3: EPOCH_AVG_TRAIN_LOSS=0.9755
2025-02-03 17:49:44,409 - INFO - ####################Training epoch 4####################
2025-02-03 17:49:44,670 - INFO - Epoch 4: train_loss=0.7689
2025-02-03 17:49:44,888 - INFO - Epoch 4: train_loss=1.1093
2025-02-03 17:49:45,182 - INFO - Epoch 4: val_loss=2.6629, val_acc=0.00%
2025-02-03 17:49:45,186 - INFO - Epoch 4: EPOCH_AVG_TRAIN_LOSS=0.9391
2025-02-03 17:49:45,188 - INFO - ####################Training epoch 5####################
2025-02-03 17:49:45,449 - INFO - Epoch 5: train_loss=0.7842
2025-02-03 17:49:45,666 - INFO - Epoch 5: train_loss=1.1506
2025-02-03 17:49:45,962 - INFO - Epoch 5: val_loss=2.6847, val_acc=0.00%
2025-02-03 17:49:45,965 - INFO - Epoch 5: EPOCH_AVG_TRAIN_LOSS=0.9674
2025-02-03 17:49:45,967 - INFO - ####################Training epoch 6####################
2025-02-03 17:49:46,226 - INFO - Epoch 6: train_loss=0.8061
2025-02-03 17:49:46,442 - INFO - Epoch 6: train_loss=0.7998
2025-02-03 17:49:46,738 - INFO - Epoch 6: val_loss=3.0152, val_acc=33.33%
2025-02-03 17:49:46,741 - INFO - Epoch 6: EPOCH_AVG_TRAIN_LOSS=0.8029
2025-02-03 17:49:46,744 - INFO - ####################Training epoch 7####################
2025-02-03 17:49:47,004 - INFO - Epoch 7: train_loss=0.8320
2025-02-03 17:49:47,220 - INFO - Epoch 7: train_loss=0.5251
2025-02-03 17:49:47,519 - INFO - Epoch 7: val_loss=3.2943, val_acc=33.33%
2025-02-03 17:49:47,523 - INFO - Epoch 7: EPOCH_AVG_TRAIN_LOSS=0.6786
2025-02-03 17:49:47,525 - INFO - ####################Training epoch 8####################
2025-02-03 17:49:47,782 - INFO - Epoch 8: train_loss=0.8534
2025-02-03 17:49:47,999 - INFO - Epoch 8: train_loss=0.6254
2025-02-03 17:49:48,293 - INFO - Epoch 8: val_loss=3.6080, val_acc=33.33%
2025-02-03 17:49:48,296 - INFO - Epoch 8: EPOCH_AVG_TRAIN_LOSS=0.7394
2025-02-03 17:49:48,299 - INFO - ####################Training epoch 9####################
2025-02-03 17:49:48,558 - INFO - Epoch 9: train_loss=0.8774
2025-02-03 17:49:48,774 - INFO - Epoch 9: train_loss=0.5466
2025-02-03 17:49:49,069 - INFO - Epoch 9: val_loss=3.8914, val_acc=33.33%
2025-02-03 17:49:49,073 - INFO - Epoch 9: EPOCH_AVG_TRAIN_LOSS=0.7120
2025-02-03 17:49:49,075 - INFO - ####################Training epoch 10####################
2025-02-03 17:49:49,329 - INFO - Epoch 10: train_loss=0.8633
2025-02-03 17:49:49,547 - INFO - Epoch 10: train_loss=0.5381
2025-02-03 17:49:49,849 - INFO - Epoch 10: val_loss=3.8547, val_acc=33.33%
2025-02-03 17:49:49,853 - INFO - Epoch 10: EPOCH_AVG_TRAIN_LOSS=0.7007
2025-02-03 17:49:49,855 - INFO - ####################Training epoch 11####################
2025-02-03 17:49:50,117 - INFO - Epoch 11: train_loss=0.6687
2025-02-03 17:49:50,335 - INFO - Epoch 11: train_loss=0.7796
2025-02-03 17:49:50,636 - INFO - Epoch 11: val_loss=3.7959, val_acc=33.33%
2025-02-03 17:49:50,639 - INFO - Epoch 11: EPOCH_AVG_TRAIN_LOSS=0.7242
2025-02-03 17:49:50,642 - INFO - ####################Training epoch 12####################
2025-02-03 17:49:50,902 - INFO - Epoch 12: train_loss=0.6668
2025-02-03 17:49:51,119 - INFO - Epoch 12: train_loss=0.7192
2025-02-03 17:49:51,418 - INFO - Epoch 12: val_loss=3.6387, val_acc=0.00%
2025-02-03 17:49:51,421 - INFO - Epoch 12: EPOCH_AVG_TRAIN_LOSS=0.6930
2025-02-03 17:49:51,424 - INFO - ####################Training epoch 13####################
2025-02-03 17:49:51,707 - INFO - Epoch 13: train_loss=0.5894
2025-02-03 17:49:51,925 - INFO - Epoch 13: train_loss=0.9561
2025-02-03 17:49:52,222 - INFO - Epoch 13: val_loss=3.6421, val_acc=0.00%
2025-02-03 17:49:52,227 - INFO - Epoch 13: EPOCH_AVG_TRAIN_LOSS=0.7728
2025-02-03 17:49:52,230 - INFO - ####################Training epoch 14####################
2025-02-03 17:49:52,492 - INFO - Epoch 14: train_loss=0.7244
2025-02-03 17:49:52,710 - INFO - Epoch 14: train_loss=0.5976
2025-02-03 17:49:53,004 - INFO - Epoch 14: val_loss=3.7097, val_acc=0.00%
2025-02-03 17:49:53,008 - INFO - Epoch 14: EPOCH_AVG_TRAIN_LOSS=0.6610
2025-02-03 17:49:53,010 - INFO - ####################Training epoch 15####################
2025-02-03 17:49:53,266 - INFO - Epoch 15: train_loss=0.4538
2025-02-03 17:49:53,484 - INFO - Epoch 15: train_loss=1.0978
2025-02-03 17:49:53,780 - INFO - Epoch 15: val_loss=3.7634, val_acc=33.33%
2025-02-03 17:49:53,784 - INFO - Epoch 15: EPOCH_AVG_TRAIN_LOSS=0.7758
2025-02-03 17:49:53,786 - INFO - ####################Training epoch 16####################
2025-02-03 17:49:54,043 - INFO - Epoch 16: train_loss=0.6030
2025-02-03 17:49:54,261 - INFO - Epoch 16: train_loss=0.7511
2025-02-03 17:49:54,555 - INFO - Epoch 16: val_loss=3.7939, val_acc=33.33%
2025-02-03 17:49:54,559 - INFO - Epoch 16: EPOCH_AVG_TRAIN_LOSS=0.6771
2025-02-03 17:49:54,561 - INFO - ####################Training epoch 17####################
2025-02-03 17:49:54,821 - INFO - Epoch 17: train_loss=0.8089
2025-02-03 17:49:55,039 - INFO - Epoch 17: train_loss=0.3286
2025-02-03 17:49:55,335 - INFO - Epoch 17: val_loss=3.7855, val_acc=33.33%
2025-02-03 17:49:55,338 - INFO - Epoch 17: EPOCH_AVG_TRAIN_LOSS=0.5687
2025-02-03 17:49:55,341 - INFO - ####################Training epoch 18####################
2025-02-03 17:49:55,603 - INFO - Epoch 18: train_loss=0.7125
2025-02-03 17:49:55,820 - INFO - Epoch 18: train_loss=0.4634
2025-02-03 17:49:56,118 - INFO - Epoch 18: val_loss=3.7683, val_acc=33.33%
2025-02-03 17:49:56,122 - INFO - Epoch 18: EPOCH_AVG_TRAIN_LOSS=0.5880
2025-02-03 17:49:56,125 - INFO - ####################Training epoch 19####################
2025-02-03 17:49:56,507 - INFO - Epoch 19: train_loss=0.6414
2025-02-03 17:49:56,725 - INFO - Epoch 19: train_loss=0.5656
2025-02-03 17:49:57,024 - INFO - Epoch 19: val_loss=3.7568, val_acc=33.33%
2025-02-03 17:49:57,027 - INFO - Epoch 19: EPOCH_AVG_TRAIN_LOSS=0.6035
2025-02-03 17:49:57,030 - INFO - ####################Training epoch 20####################
2025-02-03 17:49:57,295 - INFO - Epoch 20: train_loss=0.6337
2025-02-03 17:49:57,514 - INFO - Epoch 20: train_loss=0.5656
2025-02-03 17:49:57,810 - INFO - Epoch 20: val_loss=3.7339, val_acc=33.33%
2025-02-03 17:49:57,813 - INFO - Epoch 20: EPOCH_AVG_TRAIN_LOSS=0.5997
2025-02-03 17:49:57,816 - INFO - ####################Training epoch 21####################
2025-02-03 17:49:58,080 - INFO - Epoch 21: train_loss=0.4734
2025-02-03 17:49:58,298 - INFO - Epoch 21: train_loss=0.8811
2025-02-03 17:49:58,599 - INFO - Epoch 21: val_loss=3.7585, val_acc=33.33%
2025-02-03 17:49:58,603 - INFO - Epoch 21: EPOCH_AVG_TRAIN_LOSS=0.6772
2025-02-03 17:49:58,605 - INFO - ####################Training epoch 22####################
2025-02-03 17:49:58,864 - INFO - Epoch 22: train_loss=0.4062
2025-02-03 17:49:59,083 - INFO - Epoch 22: train_loss=0.9934
2025-02-03 17:49:59,383 - INFO - Epoch 22: val_loss=3.7869, val_acc=33.33%
2025-02-03 17:49:59,386 - INFO - Epoch 22: EPOCH_AVG_TRAIN_LOSS=0.6998
2025-02-03 17:49:59,389 - INFO - ####################Training epoch 23####################
2025-02-03 17:49:59,649 - INFO - Epoch 23: train_loss=0.6098
2025-02-03 17:49:59,887 - INFO - Epoch 23: train_loss=0.5932
2025-02-03 17:50:00,195 - INFO - Epoch 23: val_loss=3.8039, val_acc=33.33%
2025-02-03 17:50:00,198 - INFO - Epoch 23: EPOCH_AVG_TRAIN_LOSS=0.6015
2025-02-03 17:50:00,201 - INFO - ####################Training epoch 24####################
2025-02-03 17:50:00,467 - INFO - Epoch 24: train_loss=0.5804
2025-02-03 17:50:00,686 - INFO - Epoch 24: train_loss=0.6255
2025-02-03 17:50:00,987 - INFO - Epoch 24: val_loss=3.7659, val_acc=33.33%
2025-02-03 17:50:00,991 - INFO - Epoch 24: EPOCH_AVG_TRAIN_LOSS=0.6030
2025-02-03 17:50:00,994 - INFO - ####################Training epoch 25####################
2025-02-03 17:50:01,253 - INFO - Epoch 25: train_loss=0.6263
2025-02-03 17:50:01,471 - INFO - Epoch 25: train_loss=0.5146
2025-02-03 17:50:01,767 - INFO - Epoch 25: val_loss=3.7986, val_acc=33.33%
2025-02-03 17:50:01,771 - INFO - Epoch 25: EPOCH_AVG_TRAIN_LOSS=0.5704
2025-02-03 17:50:01,773 - INFO - ####################Training epoch 26####################
2025-02-03 17:50:02,030 - INFO - Epoch 26: train_loss=0.5634
2025-02-03 17:50:02,247 - INFO - Epoch 26: train_loss=0.6247
2025-02-03 17:50:02,546 - INFO - Epoch 26: val_loss=3.7928, val_acc=33.33%
2025-02-03 17:50:02,549 - INFO - Epoch 26: EPOCH_AVG_TRAIN_LOSS=0.5940
2025-02-03 17:50:02,552 - INFO - ####################Training epoch 27####################
2025-02-03 17:50:02,812 - INFO - Epoch 27: train_loss=0.6225
2025-02-03 17:50:03,030 - INFO - Epoch 27: train_loss=0.4973
2025-02-03 17:50:03,328 - INFO - Epoch 27: val_loss=3.8016, val_acc=33.33%
2025-02-03 17:50:03,332 - INFO - Epoch 27: EPOCH_AVG_TRAIN_LOSS=0.5599
2025-02-03 17:50:03,335 - INFO - ####################Training epoch 28####################
2025-02-03 17:50:03,592 - INFO - Epoch 28: train_loss=0.6204
2025-02-03 17:50:03,809 - INFO - Epoch 28: train_loss=0.4903
2025-02-03 17:50:04,103 - INFO - Epoch 28: val_loss=3.8266, val_acc=33.33%
2025-02-03 17:50:04,106 - INFO - Epoch 28: EPOCH_AVG_TRAIN_LOSS=0.5553
2025-02-03 17:50:04,109 - INFO - ####################Training epoch 29####################
2025-02-03 17:50:04,369 - INFO - Epoch 29: train_loss=0.6820
2025-02-03 17:50:04,586 - INFO - Epoch 29: train_loss=0.3682
2025-02-03 17:50:04,883 - INFO - Epoch 29: val_loss=3.8118, val_acc=33.33%
2025-02-03 17:50:04,887 - INFO - Epoch 29: EPOCH_AVG_TRAIN_LOSS=0.5251
2025-02-03 17:50:04,889 - INFO - ####################Training epoch 30####################
2025-02-03 17:50:05,147 - INFO - Epoch 30: train_loss=0.4624
2025-02-03 17:50:05,364 - INFO - Epoch 30: train_loss=0.8101
2025-02-03 17:50:05,661 - INFO - Epoch 30: val_loss=3.7655, val_acc=33.33%
2025-02-03 17:50:05,665 - INFO - Epoch 30: EPOCH_AVG_TRAIN_LOSS=0.6362
2025-02-03 17:50:05,667 - INFO - ####################Training epoch 31####################
2025-02-03 17:50:05,926 - INFO - Epoch 31: train_loss=0.5977
2025-02-03 17:50:06,143 - INFO - Epoch 31: train_loss=0.5211
2025-02-03 17:50:06,441 - INFO - Epoch 31: val_loss=3.8256, val_acc=33.33%
2025-02-03 17:50:06,444 - INFO - Epoch 31: EPOCH_AVG_TRAIN_LOSS=0.5594
2025-02-03 17:50:06,447 - INFO - ####################Training epoch 32####################
2025-02-03 17:50:06,706 - INFO - Epoch 32: train_loss=0.5924
2025-02-03 17:50:06,923 - INFO - Epoch 32: train_loss=0.5389
2025-02-03 17:50:07,225 - INFO - Epoch 32: val_loss=3.8610, val_acc=33.33%
2025-02-03 17:50:07,228 - INFO - Epoch 32: EPOCH_AVG_TRAIN_LOSS=0.5656
2025-02-03 17:50:07,231 - INFO - ####################Training epoch 33####################
2025-02-03 17:50:07,492 - INFO - Epoch 33: train_loss=0.6081
2025-02-03 17:50:07,709 - INFO - Epoch 33: train_loss=0.5303
2025-02-03 17:50:08,008 - INFO - Epoch 33: val_loss=3.8430, val_acc=33.33%
2025-02-03 17:50:08,011 - INFO - Epoch 33: EPOCH_AVG_TRAIN_LOSS=0.5692
2025-02-03 17:50:08,014 - INFO - ####################Training epoch 34####################
2025-02-03 17:50:08,275 - INFO - Epoch 34: train_loss=0.6540
2025-02-03 17:50:08,492 - INFO - Epoch 34: train_loss=0.4087
2025-02-03 17:50:08,790 - INFO - Epoch 34: val_loss=3.8302, val_acc=33.33%
2025-02-03 17:50:08,794 - INFO - Epoch 34: EPOCH_AVG_TRAIN_LOSS=0.5313
2025-02-03 17:50:08,796 - INFO - ####################Training epoch 35####################
2025-02-03 17:50:09,055 - INFO - Epoch 35: train_loss=0.5223
2025-02-03 17:50:09,272 - INFO - Epoch 35: train_loss=0.6740
2025-02-03 17:50:09,570 - INFO - Epoch 35: val_loss=3.8109, val_acc=33.33%
2025-02-03 17:50:09,574 - INFO - Epoch 35: EPOCH_AVG_TRAIN_LOSS=0.5982
2025-02-03 17:50:09,576 - INFO - ####################Training epoch 36####################
2025-02-03 17:50:09,845 - INFO - Epoch 36: train_loss=0.4875
2025-02-03 17:50:10,062 - INFO - Epoch 36: train_loss=0.7527
2025-02-03 17:50:10,360 - INFO - Epoch 36: val_loss=3.7857, val_acc=33.33%
2025-02-03 17:50:10,363 - INFO - Epoch 36: EPOCH_AVG_TRAIN_LOSS=0.6201
2025-02-03 17:50:10,365 - INFO - ####################Training epoch 37####################
2025-02-03 17:50:10,626 - INFO - Epoch 37: train_loss=0.7141
2025-02-03 17:50:10,842 - INFO - Epoch 37: train_loss=0.3011
2025-02-03 17:50:11,139 - INFO - Epoch 37: val_loss=3.7482, val_acc=33.33%
2025-02-03 17:50:11,143 - INFO - Epoch 37: EPOCH_AVG_TRAIN_LOSS=0.5076
2025-02-03 17:50:11,145 - INFO - ####################Training epoch 38####################
2025-02-03 17:50:11,405 - INFO - Epoch 38: train_loss=0.5597
2025-02-03 17:50:11,621 - INFO - Epoch 38: train_loss=0.5986
2025-02-03 17:50:11,915 - INFO - Epoch 38: val_loss=3.7614, val_acc=33.33%
2025-02-03 17:50:11,919 - INFO - Epoch 38: EPOCH_AVG_TRAIN_LOSS=0.5791
2025-02-03 17:50:11,921 - INFO - ####################Training epoch 39####################
2025-02-03 17:50:12,181 - INFO - Epoch 39: train_loss=0.4359
2025-02-03 17:50:12,398 - INFO - Epoch 39: train_loss=0.8446
2025-02-03 17:50:12,693 - INFO - Epoch 39: val_loss=3.7724, val_acc=33.33%
2025-02-03 17:50:12,696 - INFO - Epoch 39: EPOCH_AVG_TRAIN_LOSS=0.6403
2025-02-03 17:50:12,699 - INFO - ####################Training epoch 40####################
2025-02-03 17:50:12,955 - INFO - Epoch 40: train_loss=0.6415
2025-02-03 17:50:13,172 - INFO - Epoch 40: train_loss=0.4270
2025-02-03 17:50:13,471 - INFO - Epoch 40: val_loss=3.7895, val_acc=33.33%
2025-02-03 17:50:13,475 - INFO - Epoch 40: EPOCH_AVG_TRAIN_LOSS=0.5342
2025-02-03 17:50:13,477 - INFO - ####################Training epoch 41####################
2025-02-03 17:50:13,738 - INFO - Epoch 41: train_loss=0.5827
2025-02-03 17:50:13,955 - INFO - Epoch 41: train_loss=0.5526
2025-02-03 17:50:14,252 - INFO - Epoch 41: val_loss=3.7803, val_acc=33.33%
2025-02-03 17:50:14,256 - INFO - Epoch 41: EPOCH_AVG_TRAIN_LOSS=0.5677
2025-02-03 17:50:14,258 - INFO - ####################Training epoch 42####################
2025-02-03 17:50:14,522 - INFO - Epoch 42: train_loss=0.5722
2025-02-03 17:50:14,738 - INFO - Epoch 42: train_loss=0.5728
2025-02-03 17:50:15,036 - INFO - Epoch 42: val_loss=3.7596, val_acc=33.33%
2025-02-03 17:50:15,039 - INFO - Epoch 42: EPOCH_AVG_TRAIN_LOSS=0.5725
2025-02-03 17:50:15,042 - INFO - ####################Training epoch 43####################
2025-02-03 17:50:15,302 - INFO - Epoch 43: train_loss=0.6268
2025-02-03 17:50:15,519 - INFO - Epoch 43: train_loss=0.4673
2025-02-03 17:50:15,819 - INFO - Epoch 43: val_loss=3.7842, val_acc=33.33%
2025-02-03 17:50:15,822 - INFO - Epoch 43: EPOCH_AVG_TRAIN_LOSS=0.5471
2025-02-03 17:50:15,825 - INFO - ####################Training epoch 44####################
2025-02-03 17:50:16,085 - INFO - Epoch 44: train_loss=0.5888
2025-02-03 17:50:16,300 - INFO - Epoch 44: train_loss=0.5352
2025-02-03 17:50:16,596 - INFO - Epoch 44: val_loss=3.7783, val_acc=33.33%
2025-02-03 17:50:16,599 - INFO - Epoch 44: EPOCH_AVG_TRAIN_LOSS=0.5620
2025-02-03 17:50:16,602 - INFO - ####################Training epoch 45####################
2025-02-03 17:50:16,892 - INFO - Epoch 45: train_loss=0.6738
2025-02-03 17:50:17,108 - INFO - Epoch 45: train_loss=0.3566
2025-02-03 17:50:17,399 - INFO - Epoch 45: val_loss=3.7761, val_acc=33.33%
2025-02-03 17:50:17,403 - INFO - Epoch 45: EPOCH_AVG_TRAIN_LOSS=0.5152
2025-02-03 17:50:17,405 - INFO - ####################Training epoch 46####################
2025-02-03 17:50:17,665 - INFO - Epoch 46: train_loss=0.5625
2025-02-03 17:50:17,881 - INFO - Epoch 46: train_loss=0.5940
2025-02-03 17:50:18,176 - INFO - Epoch 46: val_loss=3.8085, val_acc=33.33%
2025-02-03 17:50:18,179 - INFO - Epoch 46: EPOCH_AVG_TRAIN_LOSS=0.5782
2025-02-03 17:50:18,182 - INFO - ####################Training epoch 47####################
2025-02-03 17:50:18,442 - INFO - Epoch 47: train_loss=0.6764
2025-02-03 17:50:18,658 - INFO - Epoch 47: train_loss=0.3595
2025-02-03 17:50:18,955 - INFO - Epoch 47: val_loss=3.7803, val_acc=33.33%
2025-02-03 17:50:18,958 - INFO - Epoch 47: EPOCH_AVG_TRAIN_LOSS=0.5180
2025-02-03 17:50:18,961 - INFO - ####################Training epoch 48####################
2025-02-03 17:50:19,220 - INFO - Epoch 48: train_loss=0.5832
2025-02-03 17:50:19,437 - INFO - Epoch 48: train_loss=0.5496
2025-02-03 17:50:19,736 - INFO - Epoch 48: val_loss=3.7950, val_acc=33.33%
2025-02-03 17:50:19,740 - INFO - Epoch 48: EPOCH_AVG_TRAIN_LOSS=0.5664
2025-02-03 17:50:19,742 - INFO - ####################Training epoch 49####################
2025-02-03 17:50:20,004 - INFO - Epoch 49: train_loss=0.6637
2025-02-03 17:50:20,220 - INFO - Epoch 49: train_loss=0.3925
2025-02-03 17:50:20,518 - INFO - Epoch 49: val_loss=3.8128, val_acc=33.33%
2025-02-03 17:50:20,521 - INFO - Epoch 49: EPOCH_AVG_TRAIN_LOSS=0.5281
2025-02-03 17:50:20,523 - INFO - ####################Training epoch 50####################
2025-02-03 17:50:20,788 - INFO - Epoch 50: train_loss=0.5865
2025-02-03 17:50:21,004 - INFO - Epoch 50: train_loss=0.5502
2025-02-03 17:50:21,303 - INFO - Epoch 50: val_loss=3.8386, val_acc=33.33%
2025-02-03 17:50:21,307 - INFO - Epoch 50: EPOCH_AVG_TRAIN_LOSS=0.5684
2025-02-03 17:50:21,309 - INFO - ####################Training epoch 51####################
2025-02-03 17:50:21,565 - INFO - Epoch 51: train_loss=0.5785
2025-02-03 17:50:21,781 - INFO - Epoch 51: train_loss=0.5520
2025-02-03 17:50:22,083 - INFO - Epoch 51: val_loss=3.8229, val_acc=33.33%
2025-02-03 17:50:22,087 - INFO - Epoch 51: EPOCH_AVG_TRAIN_LOSS=0.5653
2025-02-03 17:50:22,089 - INFO - ####################Training epoch 52####################
2025-02-03 17:50:22,346 - INFO - Epoch 52: train_loss=0.6184
2025-02-03 17:50:22,563 - INFO - Epoch 52: train_loss=0.4677
2025-02-03 17:50:22,862 - INFO - Epoch 52: val_loss=3.7844, val_acc=33.33%
2025-02-03 17:50:22,865 - INFO - Epoch 52: EPOCH_AVG_TRAIN_LOSS=0.5430
2025-02-03 17:50:22,868 - INFO - ####################Training epoch 53####################
2025-02-03 17:50:23,126 - INFO - Epoch 53: train_loss=0.6155
2025-02-03 17:50:23,342 - INFO - Epoch 53: train_loss=0.4887
2025-02-03 17:50:23,642 - INFO - Epoch 53: val_loss=3.8123, val_acc=33.33%
2025-02-03 17:50:23,645 - INFO - Epoch 53: EPOCH_AVG_TRAIN_LOSS=0.5521
2025-02-03 17:50:23,647 - INFO - ####################Training epoch 54####################
2025-02-03 17:50:23,906 - INFO - Epoch 54: train_loss=0.6402
2025-02-03 17:50:24,122 - INFO - Epoch 54: train_loss=0.4309
2025-02-03 17:50:24,419 - INFO - Epoch 54: val_loss=3.7919, val_acc=33.33%
2025-02-03 17:50:24,422 - INFO - Epoch 54: EPOCH_AVG_TRAIN_LOSS=0.5356
2025-02-03 17:50:24,425 - INFO - ####################Training epoch 55####################
2025-02-03 17:50:24,684 - INFO - Epoch 55: train_loss=0.6271
2025-02-03 17:50:24,900 - INFO - Epoch 55: train_loss=0.4572
2025-02-03 17:50:25,195 - INFO - Epoch 55: val_loss=3.8355, val_acc=33.33%
2025-02-03 17:50:25,199 - INFO - Epoch 55: EPOCH_AVG_TRAIN_LOSS=0.5421
2025-02-03 17:50:25,213 - INFO - ####################Training epoch 56####################
2025-02-03 17:50:25,494 - INFO - Epoch 56: train_loss=0.6038
2025-02-03 17:50:25,710 - INFO - Epoch 56: train_loss=0.5021
2025-02-03 17:50:26,003 - INFO - Epoch 56: val_loss=3.8220, val_acc=33.33%
2025-02-03 17:50:26,007 - INFO - Epoch 56: EPOCH_AVG_TRAIN_LOSS=0.5529
2025-02-03 17:50:26,009 - INFO - ####################Training epoch 57####################
2025-02-03 17:50:26,266 - INFO - Epoch 57: train_loss=0.5190
2025-02-03 17:50:26,482 - INFO - Epoch 57: train_loss=0.6813
2025-02-03 17:50:26,777 - INFO - Epoch 57: val_loss=3.7811, val_acc=33.33%
2025-02-03 17:50:26,781 - INFO - Epoch 57: EPOCH_AVG_TRAIN_LOSS=0.6002
2025-02-03 17:50:26,783 - INFO - ####################Training epoch 58####################
2025-02-03 17:50:27,041 - INFO - Epoch 58: train_loss=0.4570
2025-02-03 17:50:27,257 - INFO - Epoch 58: train_loss=0.7878
2025-02-03 17:50:27,552 - INFO - Epoch 58: val_loss=3.8081, val_acc=33.33%
2025-02-03 17:50:27,556 - INFO - Epoch 58: EPOCH_AVG_TRAIN_LOSS=0.6224
2025-02-03 17:50:27,558 - INFO - ####################Training epoch 59####################
2025-02-03 17:50:27,815 - INFO - Epoch 59: train_loss=0.4846
2025-02-03 17:50:28,031 - INFO - Epoch 59: train_loss=0.7450
2025-02-03 17:50:28,326 - INFO - Epoch 59: val_loss=3.8359, val_acc=33.33%
2025-02-03 17:50:28,330 - INFO - Epoch 59: EPOCH_AVG_TRAIN_LOSS=0.6148
2025-02-03 17:50:28,332 - INFO - ####################Training epoch 60####################
2025-02-03 17:50:28,591 - INFO - Epoch 60: train_loss=0.6758
2025-02-03 17:50:28,808 - INFO - Epoch 60: train_loss=0.3488
2025-02-03 17:50:29,103 - INFO - Epoch 60: val_loss=3.7910, val_acc=33.33%
2025-02-03 17:50:29,106 - INFO - Epoch 60: EPOCH_AVG_TRAIN_LOSS=0.5123
2025-02-03 17:50:29,109 - INFO - ####################Training epoch 61####################
2025-02-03 17:50:29,368 - INFO - Epoch 61: train_loss=0.5500
2025-02-03 17:50:29,585 - INFO - Epoch 61: train_loss=0.6104
2025-02-03 17:50:29,882 - INFO - Epoch 61: val_loss=3.8269, val_acc=33.33%
2025-02-03 17:50:29,885 - INFO - Epoch 61: EPOCH_AVG_TRAIN_LOSS=0.5802
2025-02-03 17:50:29,888 - INFO - ####################Training epoch 62####################
2025-02-03 17:50:30,145 - INFO - Epoch 62: train_loss=0.4926
2025-02-03 17:50:30,362 - INFO - Epoch 62: train_loss=0.7150
2025-02-03 17:50:30,658 - INFO - Epoch 62: val_loss=3.8123, val_acc=33.33%
2025-02-03 17:50:30,662 - INFO - Epoch 62: EPOCH_AVG_TRAIN_LOSS=0.6038
2025-02-03 17:50:30,664 - INFO - ####################Training epoch 63####################
2025-02-03 17:50:30,920 - INFO - Epoch 63: train_loss=0.5263
2025-02-03 17:50:31,136 - INFO - Epoch 63: train_loss=0.6622
2025-02-03 17:50:31,431 - INFO - Epoch 63: val_loss=3.8184, val_acc=33.33%
2025-02-03 17:50:31,435 - INFO - Epoch 63: EPOCH_AVG_TRAIN_LOSS=0.5943
2025-02-03 17:50:31,437 - INFO - ####################Training epoch 64####################
2025-02-03 17:50:31,690 - INFO - Epoch 64: train_loss=0.6114
2025-02-03 17:50:31,907 - INFO - Epoch 64: train_loss=0.4940
2025-02-03 17:50:32,199 - INFO - Epoch 64: val_loss=3.8158, val_acc=33.33%
2025-02-03 17:50:32,203 - INFO - Epoch 64: EPOCH_AVG_TRAIN_LOSS=0.5527
2025-02-03 17:50:32,205 - INFO - ####################Training epoch 65####################
2025-02-03 17:50:32,465 - INFO - Epoch 65: train_loss=0.4624
2025-02-03 17:50:32,681 - INFO - Epoch 65: train_loss=0.7884
2025-02-03 17:50:32,973 - INFO - Epoch 65: val_loss=3.8150, val_acc=33.33%
2025-02-03 17:50:32,976 - INFO - Epoch 65: EPOCH_AVG_TRAIN_LOSS=0.6254
2025-02-03 17:50:32,979 - INFO - ####################Training epoch 66####################
2025-02-03 17:50:33,234 - INFO - Epoch 66: train_loss=0.6425
2025-02-03 17:50:33,452 - INFO - Epoch 66: train_loss=0.4350
2025-02-03 17:50:33,751 - INFO - Epoch 66: val_loss=3.8120, val_acc=33.33%
2025-02-03 17:50:33,755 - INFO - Epoch 66: EPOCH_AVG_TRAIN_LOSS=0.5388
2025-02-03 17:50:33,757 - INFO - ####################Training epoch 67####################
2025-02-03 17:50:34,013 - INFO - Epoch 67: train_loss=0.4637
2025-02-03 17:50:34,230 - INFO - Epoch 67: train_loss=0.7826
2025-02-03 17:50:34,531 - INFO - Epoch 67: val_loss=3.8315, val_acc=33.33%
2025-02-03 17:50:34,535 - INFO - Epoch 67: EPOCH_AVG_TRAIN_LOSS=0.6232
2025-02-03 17:50:34,537 - INFO - ####################Training epoch 68####################
2025-02-03 17:50:34,816 - INFO - Epoch 68: train_loss=0.7027
2025-02-03 17:50:35,033 - INFO - Epoch 68: train_loss=0.3102
2025-02-03 17:50:35,331 - INFO - Epoch 68: val_loss=3.8245, val_acc=33.33%
2025-02-03 17:50:35,334 - INFO - Epoch 68: EPOCH_AVG_TRAIN_LOSS=0.5065
2025-02-03 17:50:35,337 - INFO - ####################Training epoch 69####################
2025-02-03 17:50:35,594 - INFO - Epoch 69: train_loss=0.6037
2025-02-03 17:50:35,810 - INFO - Epoch 69: train_loss=0.5032
2025-02-03 17:50:36,108 - INFO - Epoch 69: val_loss=3.8020, val_acc=33.33%
2025-02-03 17:50:36,111 - INFO - Epoch 69: EPOCH_AVG_TRAIN_LOSS=0.5534
2025-02-03 17:50:36,114 - INFO - ####################Training epoch 70####################
2025-02-03 17:50:36,371 - INFO - Epoch 70: train_loss=0.5886
2025-02-03 17:50:36,588 - INFO - Epoch 70: train_loss=0.5338
2025-02-03 17:50:36,884 - INFO - Epoch 70: val_loss=3.7955, val_acc=33.33%
2025-02-03 17:50:36,888 - INFO - Epoch 70: EPOCH_AVG_TRAIN_LOSS=0.5612
2025-02-03 17:50:36,890 - INFO - ####################Training epoch 71####################
2025-02-03 17:50:37,151 - INFO - Epoch 71: train_loss=0.4293
2025-02-03 17:50:37,368 - INFO - Epoch 71: train_loss=0.8570
2025-02-03 17:50:37,664 - INFO - Epoch 71: val_loss=3.8141, val_acc=33.33%
2025-02-03 17:50:37,667 - INFO - Epoch 71: EPOCH_AVG_TRAIN_LOSS=0.6432
2025-02-03 17:50:37,670 - INFO - ####################Training epoch 72####################
2025-02-03 17:50:37,929 - INFO - Epoch 72: train_loss=0.5650
2025-02-03 17:50:38,146 - INFO - Epoch 72: train_loss=0.5835
2025-02-03 17:50:38,442 - INFO - Epoch 72: val_loss=3.8239, val_acc=33.33%
2025-02-03 17:50:38,446 - INFO - Epoch 72: EPOCH_AVG_TRAIN_LOSS=0.5742
2025-02-03 17:50:38,448 - INFO - ####################Training epoch 73####################
2025-02-03 17:50:38,708 - INFO - Epoch 73: train_loss=0.6602
2025-02-03 17:50:38,925 - INFO - Epoch 73: train_loss=0.4015
2025-02-03 17:50:39,220 - INFO - Epoch 73: val_loss=3.8399, val_acc=33.33%
2025-02-03 17:50:39,224 - INFO - Epoch 73: EPOCH_AVG_TRAIN_LOSS=0.5308
2025-02-03 17:50:39,226 - INFO - ####################Training epoch 74####################
2025-02-03 17:50:39,484 - INFO - Epoch 74: train_loss=0.5754
2025-02-03 17:50:39,700 - INFO - Epoch 74: train_loss=0.5486
2025-02-03 17:50:39,994 - INFO - Epoch 74: val_loss=3.8277, val_acc=33.33%
2025-02-03 17:50:39,998 - INFO - Epoch 74: EPOCH_AVG_TRAIN_LOSS=0.5620
2025-02-03 17:50:40,000 - INFO - ####################Training epoch 75####################
2025-02-03 17:50:40,258 - INFO - Epoch 75: train_loss=0.4521
2025-02-03 17:50:40,474 - INFO - Epoch 75: train_loss=0.7998
2025-02-03 17:50:40,769 - INFO - Epoch 75: val_loss=3.8020, val_acc=33.33%
2025-02-03 17:50:40,772 - INFO - Epoch 75: EPOCH_AVG_TRAIN_LOSS=0.6260
2025-02-03 17:50:40,775 - INFO - ####################Training epoch 76####################
2025-02-03 17:50:41,036 - INFO - Epoch 76: train_loss=0.7342
2025-02-03 17:50:41,253 - INFO - Epoch 76: train_loss=0.2426
2025-02-03 17:50:41,549 - INFO - Epoch 76: val_loss=3.8226, val_acc=33.33%
2025-02-03 17:50:41,553 - INFO - Epoch 76: EPOCH_AVG_TRAIN_LOSS=0.4884
2025-02-03 17:50:41,555 - INFO - ####################Training epoch 77####################
2025-02-03 17:50:41,814 - INFO - Epoch 77: train_loss=0.6487
2025-02-03 17:50:42,031 - INFO - Epoch 77: train_loss=0.4111
2025-02-03 17:50:42,327 - INFO - Epoch 77: val_loss=3.8532, val_acc=33.33%
2025-02-03 17:50:42,331 - INFO - Epoch 77: EPOCH_AVG_TRAIN_LOSS=0.5299
2025-02-03 17:50:42,333 - INFO - ####################Training epoch 78####################
2025-02-03 17:50:42,589 - INFO - Epoch 78: train_loss=0.4491
2025-02-03 17:50:42,806 - INFO - Epoch 78: train_loss=0.7938
2025-02-03 17:50:43,125 - INFO - Epoch 78: val_loss=3.8027, val_acc=33.33%
2025-02-03 17:50:43,129 - INFO - Epoch 78: EPOCH_AVG_TRAIN_LOSS=0.6214
2025-02-03 17:50:43,131 - INFO - ####################Training epoch 79####################
2025-02-03 17:50:43,412 - INFO - Epoch 79: train_loss=0.5845
2025-02-03 17:50:43,629 - INFO - Epoch 79: train_loss=0.5447
2025-02-03 17:50:43,925 - INFO - Epoch 79: val_loss=3.8443, val_acc=33.33%
2025-02-03 17:50:43,928 - INFO - Epoch 79: EPOCH_AVG_TRAIN_LOSS=0.5646
2025-02-03 17:50:43,931 - INFO - ####################Training epoch 80####################
2025-02-03 17:50:44,186 - INFO - Epoch 80: train_loss=0.5524
2025-02-03 17:50:44,403 - INFO - Epoch 80: train_loss=0.6130
2025-02-03 17:50:44,701 - INFO - Epoch 80: val_loss=3.7946, val_acc=33.33%
2025-02-03 17:50:44,704 - INFO - Epoch 80: EPOCH_AVG_TRAIN_LOSS=0.5827
2025-02-03 17:50:44,707 - INFO - ####################Training epoch 81####################
2025-02-03 17:50:44,965 - INFO - Epoch 81: train_loss=0.3910
2025-02-03 17:50:45,182 - INFO - Epoch 81: train_loss=0.9366
2025-02-03 17:50:45,480 - INFO - Epoch 81: val_loss=3.7818, val_acc=33.33%
2025-02-03 17:50:45,484 - INFO - Epoch 81: EPOCH_AVG_TRAIN_LOSS=0.6638
2025-02-03 17:50:45,486 - INFO - ####################Training epoch 82####################
2025-02-03 17:50:45,744 - INFO - Epoch 82: train_loss=0.5515
2025-02-03 17:50:45,961 - INFO - Epoch 82: train_loss=0.6118
2025-02-03 17:50:46,257 - INFO - Epoch 82: val_loss=3.8053, val_acc=33.33%
2025-02-03 17:50:46,260 - INFO - Epoch 82: EPOCH_AVG_TRAIN_LOSS=0.5817
2025-02-03 17:50:46,263 - INFO - ####################Training epoch 83####################
2025-02-03 17:50:46,520 - INFO - Epoch 83: train_loss=0.6631
2025-02-03 17:50:46,736 - INFO - Epoch 83: train_loss=0.3868
2025-02-03 17:50:47,033 - INFO - Epoch 83: val_loss=3.8009, val_acc=33.33%
2025-02-03 17:50:47,036 - INFO - Epoch 83: EPOCH_AVG_TRAIN_LOSS=0.5249
2025-02-03 17:50:47,038 - INFO - ####################Training epoch 84####################
2025-02-03 17:50:47,294 - INFO - Epoch 84: train_loss=0.4642
2025-02-03 17:50:47,511 - INFO - Epoch 84: train_loss=0.7845
2025-02-03 17:50:47,806 - INFO - Epoch 84: val_loss=3.8007, val_acc=33.33%
2025-02-03 17:50:47,810 - INFO - Epoch 84: EPOCH_AVG_TRAIN_LOSS=0.6243
2025-02-03 17:50:47,812 - INFO - ####################Training epoch 85####################
2025-02-03 17:50:48,069 - INFO - Epoch 85: train_loss=0.6280
2025-02-03 17:50:48,285 - INFO - Epoch 85: train_loss=0.4586
2025-02-03 17:50:48,585 - INFO - Epoch 85: val_loss=3.8223, val_acc=33.33%
2025-02-03 17:50:48,589 - INFO - Epoch 85: EPOCH_AVG_TRAIN_LOSS=0.5433
2025-02-03 17:50:48,591 - INFO - ####################Training epoch 86####################
2025-02-03 17:50:48,848 - INFO - Epoch 86: train_loss=0.5958
2025-02-03 17:50:49,065 - INFO - Epoch 86: train_loss=0.5173
2025-02-03 17:50:49,363 - INFO - Epoch 86: val_loss=3.8353, val_acc=33.33%
2025-02-03 17:50:49,366 - INFO - Epoch 86: EPOCH_AVG_TRAIN_LOSS=0.5566
2025-02-03 17:50:49,369 - INFO - ####################Training epoch 87####################
2025-02-03 17:50:49,627 - INFO - Epoch 87: train_loss=0.6990
2025-02-03 17:50:49,844 - INFO - Epoch 87: train_loss=0.3212
2025-02-03 17:50:50,140 - INFO - Epoch 87: val_loss=3.8085, val_acc=33.33%
2025-02-03 17:50:50,144 - INFO - Epoch 87: EPOCH_AVG_TRAIN_LOSS=0.5101
2025-02-03 17:50:50,146 - INFO - ####################Training epoch 88####################
2025-02-03 17:50:50,401 - INFO - Epoch 88: train_loss=0.6167
2025-02-03 17:50:50,618 - INFO - Epoch 88: train_loss=0.4871
2025-02-03 17:50:50,913 - INFO - Epoch 88: val_loss=3.8150, val_acc=33.33%
2025-02-03 17:50:50,916 - INFO - Epoch 88: EPOCH_AVG_TRAIN_LOSS=0.5519
2025-02-03 17:50:50,919 - INFO - ####################Training epoch 89####################
2025-02-03 17:50:51,178 - INFO - Epoch 89: train_loss=0.6604
2025-02-03 17:50:51,394 - INFO - Epoch 89: train_loss=0.4014
2025-02-03 17:50:51,714 - INFO - Epoch 89: val_loss=3.8455, val_acc=33.33%
2025-02-03 17:50:51,718 - INFO - Epoch 89: EPOCH_AVG_TRAIN_LOSS=0.5309
2025-02-03 17:50:51,721 - INFO - ####################Training epoch 90####################
2025-02-03 17:50:51,983 - INFO - Epoch 90: train_loss=0.4938
2025-02-03 17:50:52,200 - INFO - Epoch 90: train_loss=0.7184
2025-02-03 17:50:52,498 - INFO - Epoch 90: val_loss=3.7950, val_acc=33.33%
2025-02-03 17:50:52,501 - INFO - Epoch 90: EPOCH_AVG_TRAIN_LOSS=0.6061
2025-02-03 17:50:52,504 - INFO - ####################Training epoch 91####################
2025-02-03 17:50:52,763 - INFO - Epoch 91: train_loss=0.6722
2025-02-03 17:50:52,980 - INFO - Epoch 91: train_loss=0.3672
2025-02-03 17:50:53,276 - INFO - Epoch 91: val_loss=3.8314, val_acc=33.33%
2025-02-03 17:50:53,280 - INFO - Epoch 91: EPOCH_AVG_TRAIN_LOSS=0.5197
2025-02-03 17:50:53,282 - INFO - ####################Training epoch 92####################
2025-02-03 17:50:53,541 - INFO - Epoch 92: train_loss=0.6626
2025-02-03 17:50:53,758 - INFO - Epoch 92: train_loss=0.3677
2025-02-03 17:50:54,052 - INFO - Epoch 92: val_loss=3.8412, val_acc=33.33%
2025-02-03 17:50:54,055 - INFO - Epoch 92: EPOCH_AVG_TRAIN_LOSS=0.5151
2025-02-03 17:50:54,058 - INFO - ####################Training epoch 93####################
2025-02-03 17:50:54,316 - INFO - Epoch 93: train_loss=0.6128
2025-02-03 17:50:54,533 - INFO - Epoch 93: train_loss=0.4926
2025-02-03 17:50:54,828 - INFO - Epoch 93: val_loss=3.8037, val_acc=33.33%
2025-02-03 17:50:54,831 - INFO - Epoch 93: EPOCH_AVG_TRAIN_LOSS=0.5527
2025-02-03 17:50:54,834 - INFO - ####################Training epoch 94####################
2025-02-03 17:50:55,091 - INFO - Epoch 94: train_loss=0.5616
2025-02-03 17:50:55,308 - INFO - Epoch 94: train_loss=0.5833
2025-02-03 17:50:55,610 - INFO - Epoch 94: val_loss=3.8045, val_acc=33.33%
2025-02-03 17:50:55,613 - INFO - Epoch 94: EPOCH_AVG_TRAIN_LOSS=0.5724
2025-02-03 17:50:55,616 - INFO - ####################Training epoch 95####################
2025-02-03 17:50:55,875 - INFO - Epoch 95: train_loss=0.6314
2025-02-03 17:50:56,091 - INFO - Epoch 95: train_loss=0.4477
2025-02-03 17:50:56,392 - INFO - Epoch 95: val_loss=3.8326, val_acc=33.33%
2025-02-03 17:50:56,396 - INFO - Epoch 95: EPOCH_AVG_TRAIN_LOSS=0.5396
2025-02-03 17:50:56,398 - INFO - ####################Training epoch 96####################
2025-02-03 17:50:56,656 - INFO - Epoch 96: train_loss=0.4832
2025-02-03 17:50:56,873 - INFO - Epoch 96: train_loss=0.7482
2025-02-03 17:50:57,169 - INFO - Epoch 96: val_loss=3.8024, val_acc=33.33%
2025-02-03 17:50:57,173 - INFO - Epoch 96: EPOCH_AVG_TRAIN_LOSS=0.6157
2025-02-03 17:50:57,175 - INFO - ####################Training epoch 97####################
2025-02-03 17:50:57,437 - INFO - Epoch 97: train_loss=0.5837
2025-02-03 17:50:57,654 - INFO - Epoch 97: train_loss=0.5359
2025-02-03 17:50:57,953 - INFO - Epoch 97: val_loss=3.8110, val_acc=33.33%
2025-02-03 17:50:57,957 - INFO - Epoch 97: EPOCH_AVG_TRAIN_LOSS=0.5598
2025-02-03 17:50:57,960 - INFO - ####################Training epoch 98####################
2025-02-03 17:50:58,220 - INFO - Epoch 98: train_loss=0.6323
2025-02-03 17:50:58,437 - INFO - Epoch 98: train_loss=0.4617
2025-02-03 17:50:58,735 - INFO - Epoch 98: val_loss=3.8226, val_acc=33.33%
2025-02-03 17:50:58,738 - INFO - Epoch 98: EPOCH_AVG_TRAIN_LOSS=0.5470
2025-02-03 17:50:58,741 - INFO - ####################Training epoch 99####################
2025-02-03 17:50:59,005 - INFO - Epoch 99: train_loss=0.5425
2025-02-03 17:50:59,222 - INFO - Epoch 99: train_loss=0.6191
2025-02-03 17:50:59,519 - INFO - Epoch 99: val_loss=3.8482, val_acc=33.33%
2025-02-03 17:50:59,523 - INFO - Epoch 99: EPOCH_AVG_TRAIN_LOSS=0.5808
2025-02-03 17:50:59,708 - INFO - Model saved.
