nohup: ignoring input
Traceback (most recent call last):
  File "/lustre/hpc/icecube/cyan/factory/IceCubeTransformer/TrainingDebuggingYard.py", line 7, in <module>
    import wandb
  File "/groups/icecube/cyan/.local/lib/python3.9/site-packages/wandb/__init__.py", line 21, in <module>
    from wandb import sdk as wandb_sdk
  File "/groups/icecube/cyan/.local/lib/python3.9/site-packages/wandb/sdk/__init__.py", line 25, in <module>
    from .artifacts.artifact import Artifact
  File "/groups/icecube/cyan/.local/lib/python3.9/site-packages/wandb/sdk/artifacts/artifact.py", line 28, in <module>
    from wandb.apis.normalize import normalize_exceptions
  File "/groups/icecube/cyan/.local/lib/python3.9/site-packages/wandb/apis/__init__.py", line 44, in <module>
    from .public import Api as PublicApi  # noqa
  File "/groups/icecube/cyan/.local/lib/python3.9/site-packages/wandb/apis/public/__init__.py", line 1, in <module>
    from wandb.apis.public.api import Api, RetryingClient, requests
  File "/groups/icecube/cyan/.local/lib/python3.9/site-packages/wandb/apis/public/api.py", line 33, in <module>
    from wandb.sdk.launch.utils import LAUNCH_DEFAULT_PROJECT
  File "/groups/icecube/cyan/.local/lib/python3.9/site-packages/wandb/sdk/launch/__init__.py", line 1, in <module>
    from ._launch import create_and_run_agent, launch
  File "/groups/icecube/cyan/.local/lib/python3.9/site-packages/wandb/sdk/launch/_launch.py", line 12, in <module>
    from . import loader
  File "/groups/icecube/cyan/.local/lib/python3.9/site-packages/wandb/sdk/launch/loader.py", line 13, in <module>
    from .runner.abstract import AbstractRunner
  File "<frozen importlib._bootstrap>", line 1007, in _find_and_load
  File "<frozen importlib._bootstrap>", line 986, in _find_and_load_unlocked
  File "<frozen importlib._bootstrap>", line 680, in _load_unlocked
  File "<frozen importlib._bootstrap_external>", line 846, in exec_module
  File "<frozen importlib._bootstrap_external>", line 941, in get_code
  File "<frozen importlib._bootstrap_external>", line 1040, in get_data
KeyboardInterrupt
