2025-02-06 17:58:47,580 - INFO - ==============Entering Encoder Block 0==============
2025-02-06 17:58:47,646 - INFO - ---------- attention(scaled dot-product) ---------- 
2025-02-06 17:58:47,647 - INFO - attn_output hasn't nan: True
2025-02-06 17:58:47,670 - INFO - ---------Layer Normalisation-----------
2025-02-06 17:58:47,670 - INFO - x hasn't nan: True
2025-02-06 17:58:47,671 - INFO - mu hasn't nan: True
2025-02-06 17:58:47,671 - INFO - var hasn't nan: True
2025-02-06 17:58:47,671 - INFO - x_normalised hasn't nan: True
2025-02-06 17:58:47,671 - INFO - x_tilde hasn't nan: True
2025-02-06 17:58:47,678 - INFO - ---------FFN-----------
2025-02-06 17:58:47,678 - INFO - s_i hasn't nan : True
2025-02-06 17:58:47,678 - INFO - h_i hasm't nan : True
2025-02-06 17:58:47,678 - INFO - x_next hasn't nan : True
2025-02-06 17:58:47,679 - INFO - ---------Layer Normalisation-----------
2025-02-06 17:58:47,679 - INFO - x hasn't nan: True
2025-02-06 17:58:47,679 - INFO - mu hasn't nan: True
2025-02-06 17:58:47,679 - INFO - var hasn't nan: True
2025-02-06 17:58:47,679 - INFO - x_normalised hasn't nan: True
2025-02-06 17:58:47,679 - INFO - x_tilde hasn't nan: True
2025-02-06 17:58:47,679 - INFO - Encoder Block 0 output hasn't nan: True
2025-02-06 17:58:47,679 - INFO - ==============Entering Encoder Block 1==============
2025-02-06 17:58:47,692 - INFO - ---------- attention(scaled dot-product) ---------- 
2025-02-06 17:58:47,692 - INFO - attn_output hasn't nan: True
2025-02-06 17:58:47,692 - INFO - ---------Layer Normalisation-----------
2025-02-06 17:58:47,692 - INFO - x hasn't nan: True
2025-02-06 17:58:47,692 - INFO - mu hasn't nan: True
2025-02-06 17:58:47,692 - INFO - var hasn't nan: True
2025-02-06 17:58:47,692 - INFO - x_normalised hasn't nan: True
2025-02-06 17:58:47,693 - INFO - x_tilde hasn't nan: True
2025-02-06 17:58:47,693 - INFO - ---------FFN-----------
2025-02-06 17:58:47,693 - INFO - s_i hasn't nan : True
2025-02-06 17:58:47,693 - INFO - h_i hasm't nan : True
2025-02-06 17:58:47,693 - INFO - x_next hasn't nan : True
2025-02-06 17:58:47,693 - INFO - ---------Layer Normalisation-----------
2025-02-06 17:58:47,693 - INFO - x hasn't nan: True
2025-02-06 17:58:47,693 - INFO - mu hasn't nan: True
2025-02-06 17:58:47,694 - INFO - var hasn't nan: True
2025-02-06 17:58:47,694 - INFO - x_normalised hasn't nan: True
2025-02-06 17:58:47,694 - INFO - x_tilde hasn't nan: True
2025-02-06 17:58:47,694 - INFO - Encoder Block 1 output hasn't nan: True
2025-02-06 17:58:47,694 - INFO - ==============Entering Encoder Block 2==============
2025-02-06 17:58:47,706 - INFO - ---------- attention(scaled dot-product) ---------- 
2025-02-06 17:58:47,706 - INFO - attn_output hasn't nan: True
2025-02-06 17:58:47,707 - INFO - ---------Layer Normalisation-----------
2025-02-06 17:58:47,707 - INFO - x hasn't nan: True
2025-02-06 17:58:47,707 - INFO - mu hasn't nan: True
2025-02-06 17:58:47,707 - INFO - var hasn't nan: True
2025-02-06 17:58:47,707 - INFO - x_normalised hasn't nan: True
2025-02-06 17:58:47,707 - INFO - x_tilde hasn't nan: True
2025-02-06 17:58:47,707 - INFO - ---------FFN-----------
2025-02-06 17:58:47,707 - INFO - s_i hasn't nan : True
2025-02-06 17:58:47,707 - INFO - h_i hasm't nan : True
2025-02-06 17:58:47,708 - INFO - x_next hasn't nan : True
2025-02-06 17:58:47,708 - INFO - ---------Layer Normalisation-----------
2025-02-06 17:58:47,708 - INFO - x hasn't nan: True
2025-02-06 17:58:47,708 - INFO - mu hasn't nan: True
2025-02-06 17:58:47,708 - INFO - var hasn't nan: True
2025-02-06 17:58:47,708 - INFO - x_normalised hasn't nan: True
2025-02-06 17:58:47,708 - INFO - x_tilde hasn't nan: True
2025-02-06 17:58:47,708 - INFO - Encoder Block 2 output hasn't nan: True
2025-02-06 17:58:47,713 - INFO - ---------Pooling-----------
2025-02-06 17:58:47,713 - INFO - x hasn't nan: True
