2025-02-06 17:59:42,698 - INFO - ==============Entering Encoder Block 0==============
2025-02-06 17:59:42,764 - INFO - ---------- attention(scaled dot-product) ---------- 
2025-02-06 17:59:42,764 - INFO - attn_output hasn't nan: True
2025-02-06 17:59:42,788 - INFO - ---------Layer Normalisation-----------
2025-02-06 17:59:42,788 - INFO - x hasn't nan: True
2025-02-06 17:59:42,788 - INFO - mu hasn't nan: True
2025-02-06 17:59:42,789 - INFO - var hasn't nan: True
2025-02-06 17:59:42,789 - INFO - x_normalised hasn't nan: True
2025-02-06 17:59:42,789 - INFO - x_tilde hasn't nan: True
2025-02-06 17:59:42,796 - INFO - ---------FFN-----------
2025-02-06 17:59:42,796 - INFO - s_i hasn't nan : True
2025-02-06 17:59:42,796 - INFO - h_i hasm't nan : True
2025-02-06 17:59:42,796 - INFO - x_next hasn't nan : True
2025-02-06 17:59:42,797 - INFO - ---------Layer Normalisation-----------
2025-02-06 17:59:42,797 - INFO - x hasn't nan: True
2025-02-06 17:59:42,797 - INFO - mu hasn't nan: True
2025-02-06 17:59:42,797 - INFO - var hasn't nan: True
2025-02-06 17:59:42,797 - INFO - x_normalised hasn't nan: True
2025-02-06 17:59:42,797 - INFO - x_tilde hasn't nan: True
2025-02-06 17:59:42,797 - INFO - Encoder Block 0 output hasn't nan: True
2025-02-06 17:59:42,797 - INFO - ==============Entering Encoder Block 1==============
2025-02-06 17:59:42,810 - INFO - ---------- attention(scaled dot-product) ---------- 
2025-02-06 17:59:42,810 - INFO - attn_output hasn't nan: True
2025-02-06 17:59:42,810 - INFO - ---------Layer Normalisation-----------
2025-02-06 17:59:42,810 - INFO - x hasn't nan: True
2025-02-06 17:59:42,810 - INFO - mu hasn't nan: True
2025-02-06 17:59:42,810 - INFO - var hasn't nan: True
2025-02-06 17:59:42,810 - INFO - x_normalised hasn't nan: True
2025-02-06 17:59:42,811 - INFO - x_tilde hasn't nan: True
2025-02-06 17:59:42,811 - INFO - ---------FFN-----------
2025-02-06 17:59:42,811 - INFO - s_i hasn't nan : True
2025-02-06 17:59:42,811 - INFO - h_i hasm't nan : True
2025-02-06 17:59:42,811 - INFO - x_next hasn't nan : True
2025-02-06 17:59:42,811 - INFO - ---------Layer Normalisation-----------
2025-02-06 17:59:42,811 - INFO - x hasn't nan: True
2025-02-06 17:59:42,811 - INFO - mu hasn't nan: True
2025-02-06 17:59:42,812 - INFO - var hasn't nan: True
2025-02-06 17:59:42,812 - INFO - x_normalised hasn't nan: True
2025-02-06 17:59:42,812 - INFO - x_tilde hasn't nan: True
2025-02-06 17:59:42,812 - INFO - Encoder Block 1 output hasn't nan: True
2025-02-06 17:59:42,812 - INFO - ==============Entering Encoder Block 2==============
2025-02-06 17:59:42,824 - INFO - ---------- attention(scaled dot-product) ---------- 
2025-02-06 17:59:42,824 - INFO - attn_output hasn't nan: True
2025-02-06 17:59:42,825 - INFO - ---------Layer Normalisation-----------
2025-02-06 17:59:42,825 - INFO - x hasn't nan: True
2025-02-06 17:59:42,825 - INFO - mu hasn't nan: True
2025-02-06 17:59:42,825 - INFO - var hasn't nan: True
2025-02-06 17:59:42,825 - INFO - x_normalised hasn't nan: True
2025-02-06 17:59:42,825 - INFO - x_tilde hasn't nan: True
2025-02-06 17:59:42,825 - INFO - ---------FFN-----------
2025-02-06 17:59:42,825 - INFO - s_i hasn't nan : True
2025-02-06 17:59:42,825 - INFO - h_i hasm't nan : True
2025-02-06 17:59:42,826 - INFO - x_next hasn't nan : True
2025-02-06 17:59:42,826 - INFO - ---------Layer Normalisation-----------
2025-02-06 17:59:42,826 - INFO - x hasn't nan: True
2025-02-06 17:59:42,826 - INFO - mu hasn't nan: True
2025-02-06 17:59:42,826 - INFO - var hasn't nan: True
2025-02-06 17:59:42,826 - INFO - x_normalised hasn't nan: True
2025-02-06 17:59:42,826 - INFO - x_tilde hasn't nan: True
2025-02-06 17:59:42,826 - INFO - Encoder Block 2 output hasn't nan: True
2025-02-06 17:59:42,831 - INFO - ---------Pooling-----------
2025-02-06 17:59:42,831 - INFO - x hasn't nan: True
