2025-02-06 18:28:19,605 - INFO - Starting training with the following parameters:
2025-02-06 18:28:19,605 - INFO - | Parameter       | Value               |
|-----------------|---------------------|
| attention       | Scaled Dot-Product|
| d_model         | 128            |
| n_heads         | 8              |
| d_f             | 128            |
| num_layers      | 3              |
| d_input         | 32             |
| num_classes     | 3              |
| dropout         | 0.1            |
| learning_rate   | 0.001          |
| epochs          | 200            |
| batch_size      | 16             |

2025-02-06 18:28:20,205 - INFO - Epoch 0: val_loss=0.9540, val_acc=66.67%
2025-02-06 18:28:20,345 - INFO - #################### Training epoch 0 ####################
2025-02-06 18:28:20,345 - INFO - Current Learning Rate: 1.000000e-03
2025-02-06 18:28:20,592 - INFO - Epoch 0: train_loss=1.1055
2025-02-06 18:28:20,947 - INFO - Epoch 0: train_loss=1.1656
2025-02-06 18:28:21,244 - INFO - Epoch 0: val_loss=1.1979, val_acc=33.33%
2025-02-06 18:28:21,260 - INFO - Epoch 0: EPOCH_AVG_TRAIN_LOSS=1.1055
2025-02-06 18:28:21,289 - INFO - #################### Training epoch 1 ####################
2025-02-06 18:28:21,289 - INFO - Current Learning Rate: 1.000000e-03
2025-02-06 18:28:21,687 - INFO - Epoch 1: train_loss=1.0148
2025-02-06 18:28:21,976 - INFO - Epoch 1: train_loss=1.2999
2025-02-06 18:28:22,291 - INFO - Epoch 1: val_loss=1.0692, val_acc=66.67%
2025-02-06 18:28:22,294 - INFO - Epoch 1: EPOCH_AVG_TRAIN_LOSS=1.0148
2025-02-06 18:28:22,321 - INFO - #################### Training epoch 2 ####################
2025-02-06 18:28:22,321 - INFO - Current Learning Rate: 1.000000e-03
2025-02-06 18:28:22,720 - INFO - Epoch 2: train_loss=1.0954
2025-02-06 18:28:23,010 - INFO - Epoch 2: train_loss=1.0476
2025-02-06 18:28:23,329 - INFO - Epoch 2: val_loss=0.9792, val_acc=66.67%
2025-02-06 18:28:23,333 - INFO - Epoch 2: EPOCH_AVG_TRAIN_LOSS=1.0476
2025-02-06 18:28:23,359 - INFO - #################### Training epoch 3 ####################
2025-02-06 18:28:23,359 - INFO - Current Learning Rate: 1.000000e-03
2025-02-06 18:28:23,762 - INFO - Epoch 3: train_loss=1.0669
2025-02-06 18:28:24,051 - INFO - Epoch 3: train_loss=0.9190
2025-02-06 18:28:24,369 - INFO - Epoch 3: val_loss=1.0489, val_acc=66.67%
2025-02-06 18:28:24,373 - INFO - Epoch 3: EPOCH_AVG_TRAIN_LOSS=0.9190
2025-02-06 18:28:24,401 - INFO - #################### Training epoch 4 ####################
2025-02-06 18:28:24,401 - INFO - Current Learning Rate: 1.000000e-03
2025-02-06 18:28:24,804 - INFO - Epoch 4: train_loss=0.9344
2025-02-06 18:28:25,093 - INFO - Epoch 4: train_loss=1.1305
2025-02-06 18:28:25,412 - INFO - Epoch 4: val_loss=1.0950, val_acc=33.33%
2025-02-06 18:28:25,416 - INFO - Epoch 4: EPOCH_AVG_TRAIN_LOSS=0.9344
2025-02-06 18:28:25,418 - INFO - #################### Training epoch 5 ####################
2025-02-06 18:28:25,418 - INFO - Current Learning Rate: 1.000000e-03
2025-02-06 18:28:25,825 - INFO - Epoch 5: train_loss=0.9523
2025-02-06 18:28:26,114 - INFO - Epoch 5: train_loss=0.9427
2025-02-06 18:28:26,435 - INFO - Epoch 5: val_loss=1.1304, val_acc=33.33%
2025-02-06 18:28:26,439 - INFO - Epoch 5: EPOCH_AVG_TRAIN_LOSS=0.9427
2025-02-06 18:28:26,441 - INFO - #################### Training epoch 6 ####################
2025-02-06 18:28:26,441 - INFO - Current Learning Rate: 1.000000e-03
2025-02-06 18:28:26,844 - INFO - Epoch 6: train_loss=0.8612
2025-02-06 18:28:27,133 - INFO - Epoch 6: train_loss=1.0659
2025-02-06 18:28:27,455 - INFO - Epoch 6: val_loss=1.1527, val_acc=33.33%
2025-02-06 18:28:27,459 - INFO - Epoch 6: EPOCH_AVG_TRAIN_LOSS=0.8612
2025-02-06 18:28:27,461 - INFO - #################### Training epoch 7 ####################
2025-02-06 18:28:27,461 - INFO - Current Learning Rate: 1.000000e-03
2025-02-06 18:28:27,871 - INFO - Epoch 7: train_loss=0.8386
2025-02-06 18:28:28,161 - INFO - Epoch 7: train_loss=1.0212
2025-02-06 18:28:28,482 - INFO - Epoch 7: val_loss=1.1820, val_acc=33.33%
2025-02-06 18:28:28,486 - INFO - Epoch 7: EPOCH_AVG_TRAIN_LOSS=0.8386
2025-02-06 18:28:28,488 - INFO - #################### Training epoch 8 ####################
2025-02-06 18:28:28,488 - INFO - Current Learning Rate: 1.000000e-03
2025-02-06 18:28:28,895 - INFO - Epoch 8: train_loss=0.7459
2025-02-06 18:28:29,186 - INFO - Epoch 8: train_loss=1.0023
2025-02-06 18:28:29,505 - INFO - Epoch 8: val_loss=1.1948, val_acc=33.33%
2025-02-06 18:28:29,509 - INFO - Epoch 8: EPOCH_AVG_TRAIN_LOSS=0.7459
2025-02-06 18:28:29,511 - INFO - #################### Training epoch 9 ####################
2025-02-06 18:28:29,511 - INFO - Current Learning Rate: 1.000000e-03
2025-02-06 18:28:29,918 - INFO - Epoch 9: train_loss=0.6380
2025-02-06 18:28:30,208 - INFO - Epoch 9: train_loss=1.0789
2025-02-06 18:28:30,530 - INFO - Epoch 9: val_loss=1.1759, val_acc=66.67%
2025-02-06 18:28:30,533 - INFO - Epoch 9: EPOCH_AVG_TRAIN_LOSS=0.6380
2025-02-06 18:28:30,535 - INFO - #################### Training epoch 10 ####################
2025-02-06 18:28:30,535 - INFO - Current Learning Rate: 1.000000e-03
2025-02-06 18:28:30,943 - INFO - Epoch 10: train_loss=0.6534
2025-02-06 18:28:31,233 - INFO - Epoch 10: train_loss=0.8660
2025-02-06 18:28:31,553 - INFO - Epoch 10: val_loss=1.1955, val_acc=66.67%
2025-02-06 18:28:31,557 - INFO - Epoch 10: EPOCH_AVG_TRAIN_LOSS=0.6534
2025-02-06 18:28:31,559 - INFO - #################### Training epoch 11 ####################
2025-02-06 18:28:31,559 - INFO - Current Learning Rate: 1.000000e-03
2025-02-06 18:28:31,963 - INFO - Epoch 11: train_loss=0.6818
2025-02-06 18:28:32,253 - INFO - Epoch 11: train_loss=0.5621
2025-02-06 18:28:32,572 - INFO - Epoch 11: val_loss=1.3035, val_acc=66.67%
2025-02-06 18:28:32,576 - INFO - Epoch 11: EPOCH_AVG_TRAIN_LOSS=0.5621
2025-02-06 18:28:32,578 - INFO - #################### Training epoch 12 ####################
2025-02-06 18:28:32,578 - INFO - Current Learning Rate: 1.000000e-03
2025-02-06 18:28:32,984 - INFO - Epoch 12: train_loss=0.7070
2025-02-06 18:28:33,273 - INFO - Epoch 12: train_loss=0.5149
2025-02-06 18:28:33,589 - INFO - Epoch 12: val_loss=1.4146, val_acc=66.67%
2025-02-06 18:28:33,593 - INFO - Epoch 12: EPOCH_AVG_TRAIN_LOSS=0.5149
2025-02-06 18:28:33,595 - INFO - #################### Training epoch 13 ####################
2025-02-06 18:28:33,595 - INFO - Current Learning Rate: 1.000000e-03
2025-02-06 18:28:34,003 - INFO - Epoch 13: train_loss=0.6481
2025-02-06 18:28:34,293 - INFO - Epoch 13: train_loss=0.5062
2025-02-06 18:28:34,615 - INFO - Epoch 13: val_loss=1.4092, val_acc=66.67%
2025-02-06 18:28:34,619 - INFO - Epoch 13: EPOCH_AVG_TRAIN_LOSS=0.5062
2025-02-06 18:28:34,621 - INFO - #################### Training epoch 14 ####################
2025-02-06 18:28:34,621 - INFO - Current Learning Rate: 1.000000e-03
2025-02-06 18:28:35,030 - INFO - Epoch 14: train_loss=0.7571
2025-02-06 18:28:35,319 - INFO - Epoch 14: train_loss=0.4465
2025-02-06 18:28:35,640 - INFO - Epoch 14: val_loss=1.4651, val_acc=66.67%
2025-02-06 18:28:35,644 - INFO - Epoch 14: EPOCH_AVG_TRAIN_LOSS=0.4465
2025-02-06 18:28:35,646 - INFO - #################### Training epoch 15 ####################
2025-02-06 18:28:35,646 - INFO - Current Learning Rate: 1.000000e-03
2025-02-06 18:28:36,050 - INFO - Epoch 15: train_loss=0.7721
2025-02-06 18:28:36,340 - INFO - Epoch 15: train_loss=0.4073
2025-02-06 18:28:36,659 - INFO - Epoch 15: val_loss=1.5410, val_acc=66.67%
2025-02-06 18:28:36,662 - INFO - Epoch 15: EPOCH_AVG_TRAIN_LOSS=0.4073
2025-02-06 18:28:36,665 - INFO - #################### Training epoch 16 ####################
2025-02-06 18:28:36,665 - INFO - Current Learning Rate: 1.000000e-03
2025-02-06 18:28:37,073 - INFO - Epoch 16: train_loss=0.6503
2025-02-06 18:28:37,363 - INFO - Epoch 16: train_loss=0.6728
2025-02-06 18:28:37,688 - INFO - Epoch 16: val_loss=1.5488, val_acc=66.67%
2025-02-06 18:28:37,691 - INFO - Epoch 16: EPOCH_AVG_TRAIN_LOSS=0.6503
2025-02-06 18:28:37,694 - INFO - #################### Training epoch 17 ####################
2025-02-06 18:28:37,694 - INFO - Current Learning Rate: 1.000000e-03
2025-02-06 18:28:38,100 - INFO - Epoch 17: train_loss=0.7606
2025-02-06 18:28:38,390 - INFO - Epoch 17: train_loss=0.5453
2025-02-06 18:28:38,712 - INFO - Epoch 17: val_loss=1.5770, val_acc=66.67%
2025-02-06 18:28:38,716 - INFO - Epoch 17: EPOCH_AVG_TRAIN_LOSS=0.5453
2025-02-06 18:28:38,718 - INFO - #################### Training epoch 18 ####################
2025-02-06 18:28:38,718 - INFO - Current Learning Rate: 1.000000e-03
2025-02-06 18:28:39,121 - INFO - Epoch 18: train_loss=0.6341
2025-02-06 18:28:39,411 - INFO - Epoch 18: train_loss=0.9595
2025-02-06 18:28:39,731 - INFO - Epoch 18: val_loss=1.6044, val_acc=66.67%
2025-02-06 18:28:39,734 - INFO - Epoch 18: EPOCH_AVG_TRAIN_LOSS=0.6341
2025-02-06 18:28:39,737 - INFO - #################### Training epoch 19 ####################
2025-02-06 18:28:39,737 - INFO - Current Learning Rate: 1.000000e-03
2025-02-06 18:28:40,143 - INFO - Epoch 19: train_loss=0.6223
2025-02-06 18:28:40,433 - INFO - Epoch 19: train_loss=1.3142
2025-02-06 18:28:40,756 - INFO - Epoch 19: val_loss=1.6304, val_acc=66.67%
2025-02-06 18:28:40,760 - INFO - Epoch 19: EPOCH_AVG_TRAIN_LOSS=0.6223
2025-02-06 18:28:40,762 - INFO - #################### Training epoch 20 ####################
2025-02-06 18:28:40,762 - INFO - Current Learning Rate: 1.000000e-03
2025-02-06 18:28:41,166 - INFO - Epoch 20: train_loss=0.8486
2025-02-06 18:28:41,457 - INFO - Epoch 20: train_loss=1.2363
2025-02-06 18:28:41,778 - INFO - Epoch 20: val_loss=1.6509, val_acc=66.67%
2025-02-06 18:28:41,781 - INFO - Epoch 20: EPOCH_AVG_TRAIN_LOSS=0.8486
2025-02-06 18:28:41,783 - INFO - #################### Training epoch 21 ####################
2025-02-06 18:28:41,784 - INFO - Current Learning Rate: 1.000000e-03
2025-02-06 18:28:42,194 - INFO - Epoch 21: train_loss=0.9563
2025-02-06 18:28:42,485 - INFO - Epoch 21: train_loss=0.8840
2025-02-06 18:28:42,804 - INFO - Epoch 21: val_loss=1.6635, val_acc=66.67%
2025-02-06 18:28:42,807 - INFO - Epoch 21: EPOCH_AVG_TRAIN_LOSS=0.8840
2025-02-06 18:28:42,810 - INFO - #################### Training epoch 22 ####################
2025-02-06 18:28:42,810 - INFO - Current Learning Rate: 1.000000e-03
2025-02-06 18:28:43,215 - INFO - Epoch 22: train_loss=0.9493
2025-02-06 18:28:43,506 - INFO - Epoch 22: train_loss=0.7759
2025-02-06 18:28:43,827 - INFO - Epoch 22: val_loss=1.6684, val_acc=66.67%
2025-02-06 18:28:43,830 - INFO - Epoch 22: EPOCH_AVG_TRAIN_LOSS=0.7759
2025-02-06 18:28:43,833 - INFO - #################### Training epoch 23 ####################
2025-02-06 18:28:43,833 - INFO - Current Learning Rate: 1.000000e-03
2025-02-06 18:28:44,237 - INFO - Epoch 23: train_loss=1.0346
2025-02-06 18:28:44,527 - INFO - Epoch 23: train_loss=0.4438
2025-02-06 18:28:44,849 - INFO - Epoch 23: val_loss=1.6716, val_acc=66.67%
2025-02-06 18:28:44,853 - INFO - Epoch 23: EPOCH_AVG_TRAIN_LOSS=0.4438
2025-02-06 18:28:44,855 - INFO - #################### Training epoch 24 ####################
2025-02-06 18:28:44,855 - INFO - Current Learning Rate: 1.000000e-03
2025-02-06 18:28:45,264 - INFO - Epoch 24: train_loss=0.9366
2025-02-06 18:28:45,554 - INFO - Epoch 24: train_loss=0.6271
2025-02-06 18:28:45,875 - INFO - Epoch 24: val_loss=1.6703, val_acc=66.67%
2025-02-06 18:28:45,879 - INFO - Epoch 24: EPOCH_AVG_TRAIN_LOSS=0.6271
2025-02-06 18:28:45,881 - INFO - #################### Training epoch 25 ####################
2025-02-06 18:28:45,881 - INFO - Current Learning Rate: 1.000000e-03
2025-02-06 18:28:46,287 - INFO - Epoch 25: train_loss=0.8489
2025-02-06 18:28:46,577 - INFO - Epoch 25: train_loss=0.7803
2025-02-06 18:28:46,896 - INFO - Epoch 25: val_loss=1.6630, val_acc=66.67%
2025-02-06 18:28:46,901 - INFO - Epoch 25: EPOCH_AVG_TRAIN_LOSS=0.7803
2025-02-06 18:28:46,904 - INFO - #################### Training epoch 26 ####################
2025-02-06 18:28:46,904 - INFO - Current Learning Rate: 1.000000e-03
2025-02-06 18:28:47,309 - INFO - Epoch 26: train_loss=0.8293
2025-02-06 18:28:47,599 - INFO - Epoch 26: train_loss=0.7800
2025-02-06 18:28:47,920 - INFO - Epoch 26: val_loss=1.6391, val_acc=66.67%
2025-02-06 18:28:47,924 - INFO - Epoch 26: EPOCH_AVG_TRAIN_LOSS=0.7800
2025-02-06 18:28:47,926 - INFO - #################### Training epoch 27 ####################
2025-02-06 18:28:47,926 - INFO - Current Learning Rate: 1.000000e-03
2025-02-06 18:28:48,333 - INFO - Epoch 27: train_loss=0.8287
2025-02-06 18:28:48,623 - INFO - Epoch 27: train_loss=0.8515
2025-02-06 18:28:48,939 - INFO - Epoch 27: val_loss=1.6003, val_acc=66.67%
2025-02-06 18:28:48,943 - INFO - Epoch 27: EPOCH_AVG_TRAIN_LOSS=0.8287
2025-02-06 18:28:48,945 - INFO - #################### Training epoch 28 ####################
2025-02-06 18:28:48,945 - INFO - Current Learning Rate: 1.000000e-03
2025-02-06 18:28:49,352 - INFO - Epoch 28: train_loss=0.9410
2025-02-06 18:28:49,643 - INFO - Epoch 28: train_loss=0.5823
2025-02-06 18:28:49,961 - INFO - Epoch 28: val_loss=1.5564, val_acc=66.67%
2025-02-06 18:28:49,965 - INFO - Epoch 28: EPOCH_AVG_TRAIN_LOSS=0.5823
2025-02-06 18:28:49,967 - INFO - #################### Training epoch 29 ####################
2025-02-06 18:28:49,967 - INFO - Current Learning Rate: 1.000000e-03
2025-02-06 18:28:50,370 - INFO - Epoch 29: train_loss=0.7479
