2025-02-06 19:01:16,214 - INFO - Starting training with the following parameters:
2025-02-06 19:01:16,215 - INFO - | Parameter       | Value               |
|-----------------|---------------------|
| attention       | Scaled Dot-Product|
| d_model         | 128            |
| n_heads         | 8              |
| d_f             | 128            |
| num_layers      | 3              |
| d_input         | 32             |
| num_classes     | 3              |
| dropout         | 0.1            |
| learning_rate   | 0.001          |
| epochs          | 50             |
| batch_size      | 16             |

2025-02-06 19:01:18,598 - INFO - Epoch 0: val_loss=1.0958, val_acc=31.25%
2025-02-06 19:01:18,798 - INFO - Epoch 0: val_loss=1.0892, val_acc=37.50%
2025-02-06 19:01:18,941 - INFO - #################### Training epoch 0 ####################
2025-02-06 19:01:18,941 - INFO - Current Learning Rate: 1.000000e-03
2025-02-06 19:01:19,182 - INFO - Epoch 0: train_loss=1.0559
2025-02-06 19:01:19,640 - INFO - Epoch 0: train_loss=1.0544
2025-02-06 19:01:20,033 - INFO - Epoch 0: train_loss=1.1378
2025-02-06 19:01:20,425 - INFO - Epoch 0: train_loss=1.2742
2025-02-06 19:01:20,819 - INFO - Epoch 0: train_loss=1.1066
2025-02-06 19:01:21,212 - INFO - Epoch 0: train_loss=1.1149
2025-02-06 19:01:21,605 - INFO - Epoch 0: train_loss=1.1019
2025-02-06 19:01:21,999 - INFO - Epoch 0: train_loss=1.1111
2025-02-06 19:01:22,391 - INFO - Epoch 0: train_loss=1.2395
2025-02-06 19:01:22,785 - INFO - Epoch 0: train_loss=1.1404
2025-02-06 19:01:23,178 - INFO - Epoch 0: train_loss=1.0998
2025-02-06 19:01:23,572 - INFO - Epoch 0: train_loss=1.0291
2025-02-06 19:01:23,965 - INFO - Epoch 0: train_loss=1.1187
2025-02-06 19:01:24,360 - INFO - Epoch 0: train_loss=1.0883
2025-02-06 19:01:24,754 - INFO - Epoch 0: train_loss=1.1082
2025-02-06 19:01:25,148 - INFO - Epoch 0: train_loss=1.2604
2025-02-06 19:01:25,543 - INFO - Epoch 0: train_loss=1.1044
2025-02-06 19:01:25,937 - INFO - Epoch 0: train_loss=1.1695
2025-02-06 19:01:26,332 - INFO - Epoch 0: train_loss=1.1058
2025-02-06 19:01:26,726 - INFO - Epoch 0: train_loss=1.1318
2025-02-06 19:01:27,122 - INFO - Epoch 0: train_loss=1.0966
2025-02-06 19:01:27,517 - INFO - Epoch 0: train_loss=1.1434
2025-02-06 19:01:27,911 - INFO - Epoch 0: train_loss=1.1429
2025-02-06 19:01:28,305 - INFO - Epoch 0: train_loss=1.1753
2025-02-06 19:01:28,700 - INFO - Epoch 0: train_loss=1.0695
2025-02-06 19:01:29,095 - INFO - Epoch 0: train_loss=1.2204
2025-02-06 19:01:29,488 - INFO - Epoch 0: train_loss=1.0861
2025-02-06 19:01:29,884 - INFO - Epoch 0: train_loss=1.0717
2025-02-06 19:01:30,279 - INFO - Epoch 0: train_loss=1.0620
2025-02-06 19:01:30,673 - INFO - Epoch 0: train_loss=1.0797
2025-02-06 19:01:31,068 - INFO - Epoch 0: train_loss=1.0624
2025-02-06 19:01:31,462 - INFO - Epoch 0: train_loss=1.1782
2025-02-06 19:01:31,858 - INFO - Epoch 0: train_loss=1.2011
2025-02-06 19:01:32,252 - INFO - Epoch 0: train_loss=1.0801
2025-02-06 19:01:32,646 - INFO - Epoch 0: train_loss=1.0967
2025-02-06 19:01:33,042 - INFO - Epoch 0: train_loss=1.1203
2025-02-06 19:01:33,437 - INFO - Epoch 0: train_loss=1.0963
2025-02-06 19:01:33,831 - INFO - Epoch 0: train_loss=1.0127
2025-02-06 19:01:34,226 - INFO - Epoch 0: train_loss=1.0989
2025-02-06 19:01:34,621 - INFO - Epoch 0: train_loss=1.2104
2025-02-06 19:01:35,016 - INFO - Epoch 0: train_loss=1.1777
2025-02-06 19:01:35,410 - INFO - Epoch 0: train_loss=1.1284
2025-02-06 19:01:35,805 - INFO - Epoch 0: train_loss=1.1234
2025-02-06 19:01:36,201 - INFO - Epoch 0: train_loss=1.0904
2025-02-06 19:01:36,596 - INFO - Epoch 0: train_loss=1.1241
2025-02-06 19:01:36,990 - INFO - Epoch 0: train_loss=1.1253
2025-02-06 19:01:37,385 - INFO - Epoch 0: train_loss=1.1369
2025-02-06 19:01:37,780 - INFO - Epoch 0: train_loss=1.0917
2025-02-06 19:01:38,175 - INFO - Epoch 0: train_loss=1.1409
2025-02-06 19:01:38,569 - INFO - Epoch 0: train_loss=1.1600
2025-02-06 19:01:38,964 - INFO - Epoch 0: train_loss=1.1841
2025-02-06 19:01:39,360 - INFO - Epoch 0: train_loss=1.1617
2025-02-06 19:01:39,755 - INFO - Epoch 0: train_loss=1.1126
2025-02-06 19:01:40,149 - INFO - Epoch 0: train_loss=1.1217
2025-02-06 19:01:40,544 - INFO - Epoch 0: train_loss=1.1126
2025-02-06 19:01:40,939 - INFO - Epoch 0: train_loss=1.1425
2025-02-06 19:01:41,334 - INFO - Epoch 0: train_loss=1.1149
2025-02-06 19:01:41,728 - INFO - Epoch 0: train_loss=1.2509
2025-02-06 19:01:42,123 - INFO - Epoch 0: train_loss=1.1484
2025-02-06 19:01:42,519 - INFO - Epoch 0: train_loss=1.0915
2025-02-06 19:01:42,915 - INFO - Epoch 0: train_loss=1.0784
2025-02-06 19:01:43,310 - INFO - Epoch 0: train_loss=1.1753
2025-02-06 19:01:43,704 - INFO - Epoch 0: train_loss=1.1337
2025-02-06 19:01:44,099 - INFO - Epoch 0: train_loss=1.1134
2025-02-06 19:01:44,495 - INFO - Epoch 0: train_loss=1.1274
2025-02-06 19:01:44,889 - INFO - Epoch 0: train_loss=1.1036
2025-02-06 19:01:45,284 - INFO - Epoch 0: train_loss=1.1155
2025-02-06 19:01:45,680 - INFO - Epoch 0: train_loss=1.1006
2025-02-06 19:01:46,076 - INFO - Epoch 0: train_loss=1.1225
2025-02-06 19:01:46,471 - INFO - Epoch 0: train_loss=1.0828
2025-02-06 19:01:46,866 - INFO - Epoch 0: train_loss=1.1558
2025-02-06 19:01:47,261 - INFO - Epoch 0: train_loss=1.1530
2025-02-06 19:01:47,657 - INFO - Epoch 0: train_loss=1.0831
2025-02-06 19:01:48,053 - INFO - Epoch 0: train_loss=1.1887
2025-02-06 19:01:48,447 - INFO - Epoch 0: train_loss=1.1021
2025-02-06 19:01:48,843 - INFO - Epoch 0: train_loss=1.1352
2025-02-06 19:01:49,239 - INFO - Epoch 0: train_loss=1.1950
2025-02-06 19:01:49,635 - INFO - Epoch 0: train_loss=1.1227
2025-02-06 19:01:50,031 - INFO - Epoch 0: train_loss=1.0787
2025-02-06 19:01:50,426 - INFO - Epoch 0: train_loss=1.0907
2025-02-06 19:01:50,821 - INFO - Epoch 0: train_loss=1.1774
2025-02-06 19:01:51,217 - INFO - Epoch 0: train_loss=1.0541
2025-02-06 19:01:51,613 - INFO - Epoch 0: train_loss=1.0714
2025-02-06 19:01:52,009 - INFO - Epoch 0: train_loss=1.1864
2025-02-06 19:01:52,405 - INFO - Epoch 0: train_loss=1.0957
2025-02-06 19:01:52,800 - INFO - Epoch 0: train_loss=1.1424
2025-02-06 19:01:53,196 - INFO - Epoch 0: train_loss=1.0763
2025-02-06 19:01:53,592 - INFO - Epoch 0: train_loss=1.1697
2025-02-06 19:01:53,987 - INFO - Epoch 0: train_loss=1.1541
2025-02-06 19:01:54,383 - INFO - Epoch 0: train_loss=1.1289
2025-02-06 19:01:54,778 - INFO - Epoch 0: train_loss=1.1450
2025-02-06 19:01:55,174 - INFO - Epoch 0: train_loss=1.1113
2025-02-06 19:01:55,570 - INFO - Epoch 0: train_loss=1.1147
2025-02-06 19:01:55,965 - INFO - Epoch 0: train_loss=1.0766
2025-02-06 19:01:56,361 - INFO - Epoch 0: train_loss=1.1277
2025-02-06 19:01:56,756 - INFO - Epoch 0: train_loss=1.1009
2025-02-06 19:01:57,153 - INFO - Epoch 0: train_loss=1.1009
2025-02-06 19:01:57,548 - INFO - Epoch 0: train_loss=1.1236
2025-02-06 19:01:57,943 - INFO - Epoch 0: train_loss=1.1289
2025-02-06 19:01:58,339 - INFO - Epoch 0: train_loss=1.0860
2025-02-06 19:01:58,736 - INFO - Epoch 0: train_loss=1.0984
2025-02-06 19:01:59,132 - INFO - Epoch 0: train_loss=1.1218
2025-02-06 19:01:59,527 - INFO - Epoch 0: train_loss=1.0901
2025-02-06 19:01:59,923 - INFO - Epoch 0: train_loss=1.0804
2025-02-06 19:02:00,318 - INFO - Epoch 0: train_loss=1.1035
2025-02-06 19:02:00,714 - INFO - Epoch 0: train_loss=1.0770
2025-02-06 19:02:01,110 - INFO - Epoch 0: train_loss=1.1032
2025-02-06 19:02:01,506 - INFO - Epoch 0: train_loss=1.0840
2025-02-06 19:02:01,901 - INFO - Epoch 0: train_loss=1.1085
2025-02-06 19:02:02,297 - INFO - Epoch 0: train_loss=1.1124
2025-02-06 19:02:02,693 - INFO - Epoch 0: train_loss=1.1407
2025-02-06 19:02:03,088 - INFO - Epoch 0: train_loss=1.0887
2025-02-06 19:02:03,483 - INFO - Epoch 0: train_loss=1.0529
2025-02-06 19:02:03,878 - INFO - Epoch 0: train_loss=1.1293
2025-02-06 19:02:04,274 - INFO - Epoch 0: train_loss=1.1195
2025-02-06 19:02:04,671 - INFO - Epoch 0: train_loss=1.0626
2025-02-06 19:02:05,067 - INFO - Epoch 0: train_loss=1.1264
2025-02-06 19:02:05,461 - INFO - Epoch 0: train_loss=1.1135
2025-02-06 19:02:05,857 - INFO - Epoch 0: train_loss=1.0933
2025-02-06 19:02:06,253 - INFO - Epoch 0: train_loss=1.1152
2025-02-06 19:02:06,649 - INFO - Epoch 0: train_loss=1.1087
2025-02-06 19:02:07,044 - INFO - Epoch 0: train_loss=1.0659
2025-02-06 19:02:07,439 - INFO - Epoch 0: train_loss=1.1083
2025-02-06 19:02:07,835 - INFO - Epoch 0: train_loss=1.0970
2025-02-06 19:02:08,230 - INFO - Epoch 0: train_loss=1.0727
2025-02-06 19:02:08,627 - INFO - Epoch 0: train_loss=1.1252
2025-02-06 19:02:09,022 - INFO - Epoch 0: train_loss=1.1169
2025-02-06 19:02:09,417 - INFO - Epoch 0: train_loss=1.1062
2025-02-06 19:02:09,812 - INFO - Epoch 0: train_loss=1.0803
2025-02-06 19:02:10,208 - INFO - Epoch 0: train_loss=1.0840
2025-02-06 19:02:10,604 - INFO - Epoch 0: train_loss=1.1263
2025-02-06 19:02:11,000 - INFO - Epoch 0: train_loss=1.0682
2025-02-06 19:02:11,396 - INFO - Epoch 0: train_loss=1.1375
2025-02-06 19:02:11,792 - INFO - Epoch 0: train_loss=1.1111
2025-02-06 19:02:12,188 - INFO - Epoch 0: train_loss=1.1035
2025-02-06 19:02:12,583 - INFO - Epoch 0: train_loss=1.0529
2025-02-06 19:02:12,979 - INFO - Epoch 0: train_loss=1.0350
2025-02-06 19:02:13,374 - INFO - Epoch 0: train_loss=1.1366
2025-02-06 19:02:13,770 - INFO - Epoch 0: train_loss=1.1328
2025-02-06 19:02:14,166 - INFO - Epoch 0: train_loss=1.0933
2025-02-06 19:02:14,562 - INFO - Epoch 0: train_loss=1.1595
2025-02-06 19:02:14,958 - INFO - Epoch 0: train_loss=1.1927
2025-02-06 19:02:15,353 - INFO - Epoch 0: train_loss=1.0933
2025-02-06 19:02:15,748 - INFO - Epoch 0: train_loss=1.1008
2025-02-06 19:02:16,144 - INFO - Epoch 0: train_loss=1.0925
2025-02-06 19:02:16,539 - INFO - Epoch 0: train_loss=1.0740
2025-02-06 19:02:16,935 - INFO - Epoch 0: train_loss=1.1174
2025-02-06 19:02:17,331 - INFO - Epoch 0: train_loss=1.0973
2025-02-06 19:02:17,727 - INFO - Epoch 0: train_loss=1.1311
2025-02-06 19:02:18,123 - INFO - Epoch 0: train_loss=1.0936
2025-02-06 19:02:18,518 - INFO - Epoch 0: train_loss=1.1070
2025-02-06 19:02:18,913 - INFO - Epoch 0: train_loss=1.1079
2025-02-06 19:02:19,309 - INFO - Epoch 0: train_loss=1.1310
2025-02-06 19:02:19,705 - INFO - Epoch 0: train_loss=1.0978
2025-02-06 19:02:20,101 - INFO - Epoch 0: train_loss=1.0873
2025-02-06 19:02:20,497 - INFO - Epoch 0: train_loss=1.1310
2025-02-06 19:02:20,893 - INFO - Epoch 0: train_loss=1.1126
2025-02-06 19:02:21,288 - INFO - Epoch 0: train_loss=1.0939
2025-02-06 19:02:21,684 - INFO - Epoch 0: train_loss=1.0919
2025-02-06 19:02:22,080 - INFO - Epoch 0: train_loss=1.1043
2025-02-06 19:02:22,478 - INFO - Epoch 0: train_loss=1.0914
2025-02-06 19:02:22,873 - INFO - Epoch 0: train_loss=1.0916
2025-02-06 19:02:23,269 - INFO - Epoch 0: train_loss=1.0816
2025-02-06 19:02:23,665 - INFO - Epoch 0: train_loss=1.0874
2025-02-06 19:02:24,061 - INFO - Epoch 0: train_loss=1.1082
2025-02-06 19:02:24,456 - INFO - Epoch 0: train_loss=1.0948
2025-02-06 19:02:24,851 - INFO - Epoch 0: train_loss=1.1008
2025-02-06 19:02:25,247 - INFO - Epoch 0: train_loss=1.0917
2025-02-06 19:02:25,643 - INFO - Epoch 0: train_loss=1.0958
2025-02-06 19:02:26,038 - INFO - Epoch 0: train_loss=1.1054
2025-02-06 19:02:26,433 - INFO - Epoch 0: train_loss=1.0943
2025-02-06 19:02:26,829 - INFO - Epoch 0: train_loss=1.0782
2025-02-06 19:02:27,225 - INFO - Epoch 0: train_loss=1.0805
2025-02-06 19:02:27,621 - INFO - Epoch 0: train_loss=1.1035
2025-02-06 19:02:28,014 - INFO - Epoch 0: train_loss=nan
2025-02-06 19:02:28,407 - INFO - Epoch 0: train_loss=nan
2025-02-06 19:02:28,800 - INFO - Epoch 0: train_loss=nan
2025-02-06 19:02:29,192 - INFO - Epoch 0: train_loss=nan
2025-02-06 19:02:29,584 - INFO - Epoch 0: train_loss=nan
2025-02-06 19:02:29,978 - INFO - Epoch 0: train_loss=nan
2025-02-06 19:02:30,371 - INFO - Epoch 0: train_loss=nan
2025-02-06 19:02:30,763 - INFO - Epoch 0: train_loss=nan
2025-02-06 19:02:31,156 - INFO - Epoch 0: train_loss=nan
2025-02-06 19:02:31,549 - INFO - Epoch 0: train_loss=nan
2025-02-06 19:02:31,942 - INFO - Epoch 0: train_loss=nan
2025-02-06 19:02:32,334 - INFO - Epoch 0: train_loss=nan
2025-02-06 19:02:32,727 - INFO - Epoch 0: train_loss=nan
2025-02-06 19:02:33,121 - INFO - Epoch 0: train_loss=nan
2025-02-06 19:02:33,513 - INFO - Epoch 0: train_loss=nan
2025-02-06 19:02:33,906 - INFO - Epoch 0: train_loss=nan
2025-02-06 19:02:34,299 - INFO - Epoch 0: train_loss=nan
2025-02-06 19:02:34,691 - INFO - Epoch 0: train_loss=nan
2025-02-06 19:02:35,083 - INFO - Epoch 0: train_loss=nan
2025-02-06 19:02:35,477 - INFO - Epoch 0: train_loss=nan
2025-02-06 19:02:35,869 - INFO - Epoch 0: train_loss=nan
2025-02-06 19:02:36,262 - INFO - Epoch 0: train_loss=nan
2025-02-06 19:02:36,656 - INFO - Epoch 0: train_loss=nan
2025-02-06 19:02:37,048 - INFO - Epoch 0: train_loss=nan
2025-02-06 19:02:37,441 - INFO - Epoch 0: train_loss=nan
2025-02-06 19:02:37,833 - INFO - Epoch 0: train_loss=nan
2025-02-06 19:02:38,226 - INFO - Epoch 0: train_loss=nan
2025-02-06 19:02:38,619 - INFO - Epoch 0: train_loss=nan
2025-02-06 19:02:39,011 - INFO - Epoch 0: train_loss=nan
2025-02-06 19:02:39,404 - INFO - Epoch 0: train_loss=nan
2025-02-06 19:02:39,798 - INFO - Epoch 0: train_loss=nan
2025-02-06 19:02:40,190 - INFO - Epoch 0: train_loss=nan
2025-02-06 19:02:40,583 - INFO - Epoch 0: train_loss=nan
2025-02-06 19:02:40,976 - INFO - Epoch 0: train_loss=nan
2025-02-06 19:02:41,368 - INFO - Epoch 0: train_loss=nan
2025-02-06 19:02:41,761 - INFO - Epoch 0: train_loss=nan
2025-02-06 19:02:42,154 - INFO - Epoch 0: train_loss=nan
2025-02-06 19:02:42,547 - INFO - Epoch 0: train_loss=nan
2025-02-06 19:02:42,940 - INFO - Epoch 0: train_loss=nan
2025-02-06 19:02:43,333 - INFO - Epoch 0: train_loss=nan
2025-02-06 19:02:43,726 - INFO - Epoch 0: train_loss=nan
2025-02-06 19:02:44,118 - INFO - Epoch 0: train_loss=nan
2025-02-06 19:02:44,511 - INFO - Epoch 0: train_loss=nan
2025-02-06 19:02:44,904 - INFO - Epoch 0: train_loss=nan
2025-02-06 19:02:45,297 - INFO - Epoch 0: train_loss=nan
2025-02-06 19:02:45,690 - INFO - Epoch 0: train_loss=nan
2025-02-06 19:02:46,082 - INFO - Epoch 0: train_loss=nan
2025-02-06 19:02:46,476 - INFO - Epoch 0: train_loss=nan
2025-02-06 19:02:46,868 - INFO - Epoch 0: train_loss=nan
2025-02-06 19:02:47,260 - INFO - Epoch 0: train_loss=nan
2025-02-06 19:02:47,653 - INFO - Epoch 0: train_loss=nan
2025-02-06 19:02:48,046 - INFO - Epoch 0: train_loss=nan
2025-02-06 19:02:48,438 - INFO - Epoch 0: train_loss=nan
2025-02-06 19:02:48,832 - INFO - Epoch 0: train_loss=nan
2025-02-06 19:02:49,225 - INFO - Epoch 0: train_loss=nan
2025-02-06 19:02:49,617 - INFO - Epoch 0: train_loss=nan
2025-02-06 19:02:50,010 - INFO - Epoch 0: train_loss=nan
2025-02-06 19:02:50,403 - INFO - Epoch 0: train_loss=nan
2025-02-06 19:02:50,795 - INFO - Epoch 0: train_loss=nan
2025-02-06 19:02:51,188 - INFO - Epoch 0: train_loss=nan
2025-02-06 19:02:51,580 - INFO - Epoch 0: train_loss=nan
2025-02-06 19:02:51,974 - INFO - Epoch 0: train_loss=nan
2025-02-06 19:02:52,367 - INFO - Epoch 0: train_loss=nan
2025-02-06 19:02:52,759 - INFO - Epoch 0: train_loss=nan
2025-02-06 19:02:53,152 - INFO - Epoch 0: train_loss=nan
2025-02-06 19:02:53,544 - INFO - Epoch 0: train_loss=nan
2025-02-06 19:02:53,937 - INFO - Epoch 0: train_loss=nan
2025-02-06 19:02:54,330 - INFO - Epoch 0: train_loss=nan
2025-02-06 19:02:54,723 - INFO - Epoch 0: train_loss=nan
2025-02-06 19:02:55,116 - INFO - Epoch 0: train_loss=nan
2025-02-06 19:02:55,509 - INFO - Epoch 0: train_loss=nan
2025-02-06 19:02:55,901 - INFO - Epoch 0: train_loss=nan
2025-02-06 19:02:56,294 - INFO - Epoch 0: train_loss=nan
2025-02-06 19:02:56,686 - INFO - Epoch 0: train_loss=nan
2025-02-06 19:02:57,080 - INFO - Epoch 0: train_loss=nan
2025-02-06 19:02:57,473 - INFO - Epoch 0: train_loss=nan
2025-02-06 19:02:57,866 - INFO - Epoch 0: train_loss=nan
2025-02-06 19:02:58,258 - INFO - Epoch 0: train_loss=nan
2025-02-06 19:02:58,652 - INFO - Epoch 0: train_loss=nan
2025-02-06 19:02:59,045 - INFO - Epoch 0: train_loss=nan
2025-02-06 19:02:59,438 - INFO - Epoch 0: train_loss=nan
2025-02-06 19:02:59,832 - INFO - Epoch 0: train_loss=nan
2025-02-06 19:03:00,224 - INFO - Epoch 0: train_loss=nan
2025-02-06 19:03:00,617 - INFO - Epoch 0: train_loss=nan
2025-02-06 19:03:01,011 - INFO - Epoch 0: train_loss=nan
2025-02-06 19:03:01,403 - INFO - Epoch 0: train_loss=nan
2025-02-06 19:03:01,796 - INFO - Epoch 0: train_loss=nan
2025-02-06 19:03:02,189 - INFO - Epoch 0: train_loss=nan
2025-02-06 19:03:02,582 - INFO - Epoch 0: train_loss=nan
2025-02-06 19:03:02,976 - INFO - Epoch 0: train_loss=nan
2025-02-06 19:03:03,369 - INFO - Epoch 0: train_loss=nan
2025-02-06 19:03:03,762 - INFO - Epoch 0: train_loss=nan
2025-02-06 19:03:04,154 - INFO - Epoch 0: train_loss=nan
2025-02-06 19:03:04,548 - INFO - Epoch 0: train_loss=nan
2025-02-06 19:03:04,940 - INFO - Epoch 0: train_loss=nan
2025-02-06 19:03:05,333 - INFO - Epoch 0: train_loss=nan
2025-02-06 19:03:05,726 - INFO - Epoch 0: train_loss=nan
2025-02-06 19:03:06,120 - INFO - Epoch 0: train_loss=nan
2025-02-06 19:03:06,512 - INFO - Epoch 0: train_loss=nan
2025-02-06 19:03:06,906 - INFO - Epoch 0: train_loss=nan
2025-02-06 19:03:07,298 - INFO - Epoch 0: train_loss=nan
2025-02-06 19:03:07,691 - INFO - Epoch 0: train_loss=nan
2025-02-06 19:03:08,084 - INFO - Epoch 0: train_loss=nan
2025-02-06 19:03:08,477 - INFO - Epoch 0: train_loss=nan
2025-02-06 19:03:08,870 - INFO - Epoch 0: train_loss=nan
2025-02-06 19:03:09,263 - INFO - Epoch 0: train_loss=nan
2025-02-06 19:03:09,656 - INFO - Epoch 0: train_loss=nan
2025-02-06 19:03:10,049 - INFO - Epoch 0: train_loss=nan
2025-02-06 19:03:10,441 - INFO - Epoch 0: train_loss=nan
2025-02-06 19:03:10,834 - INFO - Epoch 0: train_loss=nan
2025-02-06 19:03:11,228 - INFO - Epoch 0: train_loss=nan
2025-02-06 19:03:11,620 - INFO - Epoch 0: train_loss=nan
2025-02-06 19:03:12,012 - INFO - Epoch 0: train_loss=nan
2025-02-06 19:03:12,405 - INFO - Epoch 0: train_loss=nan
2025-02-06 19:03:12,798 - INFO - Epoch 0: train_loss=nan
2025-02-06 19:03:13,190 - INFO - Epoch 0: train_loss=nan
2025-02-06 19:03:13,584 - INFO - Epoch 0: train_loss=nan
2025-02-06 19:03:13,976 - INFO - Epoch 0: train_loss=nan
2025-02-06 19:03:14,369 - INFO - Epoch 0: train_loss=nan
2025-02-06 19:03:14,761 - INFO - Epoch 0: train_loss=nan
2025-02-06 19:03:15,154 - INFO - Epoch 0: train_loss=nan
2025-02-06 19:03:15,547 - INFO - Epoch 0: train_loss=nan
2025-02-06 19:03:15,939 - INFO - Epoch 0: train_loss=nan
2025-02-06 19:03:16,332 - INFO - Epoch 0: train_loss=nan
2025-02-06 19:03:16,725 - INFO - Epoch 0: train_loss=nan
2025-02-06 19:03:17,117 - INFO - Epoch 0: train_loss=nan
2025-02-06 19:03:17,672 - INFO - Epoch 0: val_loss=nan, val_acc=43.75%
2025-02-06 19:03:17,863 - INFO - Epoch 0: val_loss=nan, val_acc=43.75%
2025-02-06 19:03:18,053 - INFO - Epoch 0: val_loss=nan, val_acc=31.25%
2025-02-06 19:03:18,243 - INFO - Epoch 0: val_loss=nan, val_acc=43.75%
2025-02-06 19:03:18,432 - INFO - Epoch 0: val_loss=nan, val_acc=43.75%
2025-02-06 19:03:18,622 - INFO - Epoch 0: val_loss=nan, val_acc=18.75%
2025-02-06 19:03:18,811 - INFO - Epoch 0: val_loss=nan, val_acc=56.25%
2025-02-06 19:03:19,001 - INFO - Epoch 0: val_loss=nan, val_acc=31.25%
2025-02-06 19:03:19,190 - INFO - Epoch 0: val_loss=nan, val_acc=31.25%
2025-02-06 19:03:19,380 - INFO - Epoch 0: val_loss=nan, val_acc=50.00%
2025-02-06 19:03:19,570 - INFO - Epoch 0: val_loss=nan, val_acc=43.75%
2025-02-06 19:03:19,759 - INFO - Epoch 0: val_loss=nan, val_acc=25.00%
2025-02-06 19:03:19,949 - INFO - Epoch 0: val_loss=nan, val_acc=12.50%
2025-02-06 19:03:20,138 - INFO - Epoch 0: val_loss=nan, val_acc=31.25%
2025-02-06 19:03:20,328 - INFO - Epoch 0: val_loss=nan, val_acc=50.00%
2025-02-06 19:03:20,518 - INFO - Epoch 0: val_loss=nan, val_acc=43.75%
2025-02-06 19:03:20,707 - INFO - Epoch 0: val_loss=nan, val_acc=25.00%
2025-02-06 19:03:20,897 - INFO - Epoch 0: val_loss=nan, val_acc=18.75%
2025-02-06 19:03:21,087 - INFO - Epoch 0: val_loss=nan, val_acc=31.25%
2025-02-06 19:03:21,276 - INFO - Epoch 0: val_loss=nan, val_acc=37.50%
2025-02-06 19:03:21,466 - INFO - Epoch 0: val_loss=nan, val_acc=43.75%
2025-02-06 19:03:21,656 - INFO - Epoch 0: val_loss=nan, val_acc=56.25%
2025-02-06 19:03:21,845 - INFO - Epoch 0: val_loss=nan, val_acc=43.75%
2025-02-06 19:03:22,034 - INFO - Epoch 0: val_loss=nan, val_acc=50.00%
2025-02-06 19:03:22,224 - INFO - Epoch 0: val_loss=nan, val_acc=37.50%
2025-02-06 19:03:22,413 - INFO - Epoch 0: val_loss=nan, val_acc=43.75%
2025-02-06 19:03:22,602 - INFO - Epoch 0: val_loss=nan, val_acc=6.25%
2025-02-06 19:03:22,791 - INFO - Epoch 0: val_loss=nan, val_acc=6.25%
2025-02-06 19:03:22,981 - INFO - Epoch 0: val_loss=nan, val_acc=31.25%
2025-02-06 19:03:23,170 - INFO - Epoch 0: val_loss=nan, val_acc=43.75%
2025-02-06 19:03:23,359 - INFO - Epoch 0: val_loss=nan, val_acc=56.25%
2025-02-06 19:03:23,548 - INFO - Epoch 0: val_loss=nan, val_acc=37.50%
2025-02-06 19:03:23,738 - INFO - Epoch 0: val_loss=nan, val_acc=18.75%
2025-02-06 19:03:23,927 - INFO - Epoch 0: val_loss=nan, val_acc=31.25%
2025-02-06 19:03:24,117 - INFO - Epoch 0: val_loss=nan, val_acc=43.75%
2025-02-06 19:03:24,306 - INFO - Epoch 0: val_loss=nan, val_acc=31.25%
2025-02-06 19:03:24,495 - INFO - Epoch 0: val_loss=nan, val_acc=18.75%
2025-02-06 19:03:24,594 - INFO - Epoch 0: val_loss=nan, val_acc=25.00%
2025-02-06 19:03:24,610 - INFO - Epoch 0: EPOCH_AVG_TRAIN_LOSS=nan
2025-02-06 19:03:24,639 - INFO - #################### Training epoch 1 ####################
2025-02-06 19:03:24,639 - INFO - Current Learning Rate: 1.000000e-03
2025-02-06 19:03:25,051 - INFO - Epoch 1: train_loss=nan
2025-02-06 19:03:25,445 - INFO - Epoch 1: train_loss=nan
2025-02-06 19:03:25,839 - INFO - Epoch 1: train_loss=nan
2025-02-06 19:03:26,232 - INFO - Epoch 1: train_loss=nan
2025-02-06 19:03:26,625 - INFO - Epoch 1: train_loss=nan
2025-02-06 19:03:27,018 - INFO - Epoch 1: train_loss=nan
2025-02-06 19:03:27,411 - INFO - Epoch 1: train_loss=nan
2025-02-06 19:03:27,804 - INFO - Epoch 1: train_loss=nan
2025-02-06 19:03:28,197 - INFO - Epoch 1: train_loss=nan
2025-02-06 19:03:28,590 - INFO - Epoch 1: train_loss=nan
2025-02-06 19:03:28,984 - INFO - Epoch 1: train_loss=nan
2025-02-06 19:03:29,378 - INFO - Epoch 1: train_loss=nan
2025-02-06 19:03:29,771 - INFO - Epoch 1: train_loss=nan
2025-02-06 19:03:30,165 - INFO - Epoch 1: train_loss=nan
2025-02-06 19:03:30,558 - INFO - Epoch 1: train_loss=nan
2025-02-06 19:03:30,952 - INFO - Epoch 1: train_loss=nan
2025-02-06 19:03:31,345 - INFO - Epoch 1: train_loss=nan
2025-02-06 19:03:31,739 - INFO - Epoch 1: train_loss=nan
2025-02-06 19:03:32,132 - INFO - Epoch 1: train_loss=nan
2025-02-06 19:03:32,525 - INFO - Epoch 1: train_loss=nan
2025-02-06 19:03:32,918 - INFO - Epoch 1: train_loss=nan
2025-02-06 19:03:33,312 - INFO - Epoch 1: train_loss=nan
2025-02-06 19:03:33,705 - INFO - Epoch 1: train_loss=nan
2025-02-06 19:03:34,099 - INFO - Epoch 1: train_loss=nan
2025-02-06 19:03:34,492 - INFO - Epoch 1: train_loss=nan
2025-02-06 19:03:34,885 - INFO - Epoch 1: train_loss=nan
2025-02-06 19:03:35,279 - INFO - Epoch 1: train_loss=nan
2025-02-06 19:03:35,673 - INFO - Epoch 1: train_loss=nan
2025-02-06 19:03:36,067 - INFO - Epoch 1: train_loss=nan
2025-02-06 19:03:36,460 - INFO - Epoch 1: train_loss=nan
2025-02-06 19:03:36,853 - INFO - Epoch 1: train_loss=nan
2025-02-06 19:03:37,247 - INFO - Epoch 1: train_loss=nan
2025-02-06 19:03:37,641 - INFO - Epoch 1: train_loss=nan
2025-02-06 19:03:38,034 - INFO - Epoch 1: train_loss=nan
2025-02-06 19:03:38,427 - INFO - Epoch 1: train_loss=nan
2025-02-06 19:03:38,821 - INFO - Epoch 1: train_loss=nan
2025-02-06 19:03:39,215 - INFO - Epoch 1: train_loss=nan
2025-02-06 19:03:39,608 - INFO - Epoch 1: train_loss=nan
2025-02-06 19:03:40,001 - INFO - Epoch 1: train_loss=nan
2025-02-06 19:03:40,395 - INFO - Epoch 1: train_loss=nan
2025-02-06 19:03:40,788 - INFO - Epoch 1: train_loss=nan
2025-02-06 19:03:41,181 - INFO - Epoch 1: train_loss=nan
2025-02-06 19:03:41,577 - INFO - Epoch 1: train_loss=nan
2025-02-06 19:03:41,970 - INFO - Epoch 1: train_loss=nan
2025-02-06 19:03:42,362 - INFO - Epoch 1: train_loss=nan
2025-02-06 19:03:42,756 - INFO - Epoch 1: train_loss=nan
2025-02-06 19:03:43,150 - INFO - Epoch 1: train_loss=nan
2025-02-06 19:03:43,543 - INFO - Epoch 1: train_loss=nan
2025-02-06 19:03:43,937 - INFO - Epoch 1: train_loss=nan
2025-02-06 19:03:44,330 - INFO - Epoch 1: train_loss=nan
2025-02-06 19:03:44,723 - INFO - Epoch 1: train_loss=nan
2025-02-06 19:03:45,118 - INFO - Epoch 1: train_loss=nan
2025-02-06 19:03:45,511 - INFO - Epoch 1: train_loss=nan
2025-02-06 19:03:45,904 - INFO - Epoch 1: train_loss=nan
2025-02-06 19:03:46,298 - INFO - Epoch 1: train_loss=nan
2025-02-06 19:03:46,691 - INFO - Epoch 1: train_loss=nan
2025-02-06 19:03:47,085 - INFO - Epoch 1: train_loss=nan
2025-02-06 19:03:47,478 - INFO - Epoch 1: train_loss=nan
2025-02-06 19:03:47,872 - INFO - Epoch 1: train_loss=nan
2025-02-06 19:03:48,265 - INFO - Epoch 1: train_loss=nan
2025-02-06 19:03:48,658 - INFO - Epoch 1: train_loss=nan
2025-02-06 19:03:49,053 - INFO - Epoch 1: train_loss=nan
2025-02-06 19:03:49,448 - INFO - Epoch 1: train_loss=nan
2025-02-06 19:03:49,843 - INFO - Epoch 1: train_loss=nan
2025-02-06 19:03:50,239 - INFO - Epoch 1: train_loss=nan
2025-02-06 19:03:50,633 - INFO - Epoch 1: train_loss=nan
2025-02-06 19:03:51,027 - INFO - Epoch 1: train_loss=nan
2025-02-06 19:03:51,422 - INFO - Epoch 1: train_loss=nan
2025-02-06 19:03:51,816 - INFO - Epoch 1: train_loss=nan
2025-02-06 19:03:52,209 - INFO - Epoch 1: train_loss=nan
2025-02-06 19:03:52,604 - INFO - Epoch 1: train_loss=nan
2025-02-06 19:03:52,998 - INFO - Epoch 1: train_loss=nan
2025-02-06 19:03:53,392 - INFO - Epoch 1: train_loss=nan
2025-02-06 19:03:53,786 - INFO - Epoch 1: train_loss=nan
2025-02-06 19:03:54,180 - INFO - Epoch 1: train_loss=nan
2025-02-06 19:03:54,574 - INFO - Epoch 1: train_loss=nan
2025-02-06 19:03:54,967 - INFO - Epoch 1: train_loss=nan
2025-02-06 19:03:55,360 - INFO - Epoch 1: train_loss=nan
2025-02-06 19:03:55,755 - INFO - Epoch 1: train_loss=nan
2025-02-06 19:03:56,148 - INFO - Epoch 1: train_loss=nan
2025-02-06 19:03:56,544 - INFO - Epoch 1: train_loss=nan
2025-02-06 19:03:56,937 - INFO - Epoch 1: train_loss=nan
2025-02-06 19:03:57,330 - INFO - Epoch 1: train_loss=nan
2025-02-06 19:03:57,723 - INFO - Epoch 1: train_loss=nan
2025-02-06 19:03:58,116 - INFO - Epoch 1: train_loss=nan
2025-02-06 19:03:58,508 - INFO - Epoch 1: train_loss=nan
2025-02-06 19:03:58,901 - INFO - Epoch 1: train_loss=nan
2025-02-06 19:03:59,294 - INFO - Epoch 1: train_loss=nan
2025-02-06 19:03:59,687 - INFO - Epoch 1: train_loss=nan
2025-02-06 19:04:00,080 - INFO - Epoch 1: train_loss=nan
2025-02-06 19:04:00,474 - INFO - Epoch 1: train_loss=nan
2025-02-06 19:04:00,866 - INFO - Epoch 1: train_loss=nan
2025-02-06 19:04:01,259 - INFO - Epoch 1: train_loss=nan
2025-02-06 19:04:01,652 - INFO - Epoch 1: train_loss=nan
2025-02-06 19:04:02,044 - INFO - Epoch 1: train_loss=nan
2025-02-06 19:04:02,437 - INFO - Epoch 1: train_loss=nan
2025-02-06 19:04:02,830 - INFO - Epoch 1: train_loss=nan
2025-02-06 19:04:03,223 - INFO - Epoch 1: train_loss=nan
2025-02-06 19:04:03,616 - INFO - Epoch 1: train_loss=nan
2025-02-06 19:04:04,010 - INFO - Epoch 1: train_loss=nan
2025-02-06 19:04:04,403 - INFO - Epoch 1: train_loss=nan
2025-02-06 19:04:04,795 - INFO - Epoch 1: train_loss=nan
2025-02-06 19:04:05,188 - INFO - Epoch 1: train_loss=nan
2025-02-06 19:04:05,581 - INFO - Epoch 1: train_loss=nan
2025-02-06 19:04:05,974 - INFO - Epoch 1: train_loss=nan
2025-02-06 19:04:06,368 - INFO - Epoch 1: train_loss=nan
2025-02-06 19:04:06,761 - INFO - Epoch 1: train_loss=nan
2025-02-06 19:04:07,154 - INFO - Epoch 1: train_loss=nan
2025-02-06 19:04:07,547 - INFO - Epoch 1: train_loss=nan
2025-02-06 19:04:07,940 - INFO - Epoch 1: train_loss=nan
2025-02-06 19:04:08,333 - INFO - Epoch 1: train_loss=nan
2025-02-06 19:04:08,726 - INFO - Epoch 1: train_loss=nan
2025-02-06 19:04:09,119 - INFO - Epoch 1: train_loss=nan
2025-02-06 19:04:09,512 - INFO - Epoch 1: train_loss=nan
2025-02-06 19:04:09,905 - INFO - Epoch 1: train_loss=nan
2025-02-06 19:04:10,298 - INFO - Epoch 1: train_loss=nan
2025-02-06 19:04:10,691 - INFO - Epoch 1: train_loss=nan
2025-02-06 19:04:11,084 - INFO - Epoch 1: train_loss=nan
2025-02-06 19:04:11,477 - INFO - Epoch 1: train_loss=nan
2025-02-06 19:04:11,871 - INFO - Epoch 1: train_loss=nan
2025-02-06 19:04:12,264 - INFO - Epoch 1: train_loss=nan
2025-02-06 19:04:12,657 - INFO - Epoch 1: train_loss=nan
2025-02-06 19:04:13,051 - INFO - Epoch 1: train_loss=nan
2025-02-06 19:04:13,444 - INFO - Epoch 1: train_loss=nan
2025-02-06 19:04:13,837 - INFO - Epoch 1: train_loss=nan
2025-02-06 19:04:14,231 - INFO - Epoch 1: train_loss=nan
2025-02-06 19:04:14,624 - INFO - Epoch 1: train_loss=nan
2025-02-06 19:04:15,018 - INFO - Epoch 1: train_loss=nan
2025-02-06 19:04:15,413 - INFO - Epoch 1: train_loss=nan
2025-02-06 19:04:15,807 - INFO - Epoch 1: train_loss=nan
2025-02-06 19:04:16,202 - INFO - Epoch 1: train_loss=nan
2025-02-06 19:04:16,596 - INFO - Epoch 1: train_loss=nan
2025-02-06 19:04:16,990 - INFO - Epoch 1: train_loss=nan
2025-02-06 19:04:17,384 - INFO - Epoch 1: train_loss=nan
2025-02-06 19:04:17,777 - INFO - Epoch 1: train_loss=nan
2025-02-06 19:04:18,170 - INFO - Epoch 1: train_loss=nan
2025-02-06 19:04:18,563 - INFO - Epoch 1: train_loss=nan
2025-02-06 19:04:18,956 - INFO - Epoch 1: train_loss=nan
2025-02-06 19:04:19,349 - INFO - Epoch 1: train_loss=nan
2025-02-06 19:04:19,742 - INFO - Epoch 1: train_loss=nan
2025-02-06 19:04:20,135 - INFO - Epoch 1: train_loss=nan
2025-02-06 19:04:20,528 - INFO - Epoch 1: train_loss=nan
2025-02-06 19:04:20,920 - INFO - Epoch 1: train_loss=nan
2025-02-06 19:04:21,313 - INFO - Epoch 1: train_loss=nan
2025-02-06 19:04:21,707 - INFO - Epoch 1: train_loss=nan
2025-02-06 19:04:22,100 - INFO - Epoch 1: train_loss=nan
2025-02-06 19:04:22,493 - INFO - Epoch 1: train_loss=nan
2025-02-06 19:04:22,886 - INFO - Epoch 1: train_loss=nan
2025-02-06 19:04:23,279 - INFO - Epoch 1: train_loss=nan
2025-02-06 19:04:23,671 - INFO - Epoch 1: train_loss=nan
2025-02-06 19:04:24,065 - INFO - Epoch 1: train_loss=nan
2025-02-06 19:04:24,457 - INFO - Epoch 1: train_loss=nan
2025-02-06 19:04:24,850 - INFO - Epoch 1: train_loss=nan
2025-02-06 19:04:25,244 - INFO - Epoch 1: train_loss=nan
2025-02-06 19:04:25,637 - INFO - Epoch 1: train_loss=nan
2025-02-06 19:04:26,029 - INFO - Epoch 1: train_loss=nan
2025-02-06 19:04:26,423 - INFO - Epoch 1: train_loss=nan
2025-02-06 19:04:26,815 - INFO - Epoch 1: train_loss=nan
2025-02-06 19:04:27,208 - INFO - Epoch 1: train_loss=nan
2025-02-06 19:04:27,601 - INFO - Epoch 1: train_loss=nan
2025-02-06 19:04:27,994 - INFO - Epoch 1: train_loss=nan
2025-02-06 19:04:28,388 - INFO - Epoch 1: train_loss=nan
2025-02-06 19:04:28,783 - INFO - Epoch 1: train_loss=nan
2025-02-06 19:04:29,176 - INFO - Epoch 1: train_loss=nan
2025-02-06 19:04:29,569 - INFO - Epoch 1: train_loss=nan
2025-02-06 19:04:29,963 - INFO - Epoch 1: train_loss=nan
2025-02-06 19:04:30,356 - INFO - Epoch 1: train_loss=nan
2025-02-06 19:04:30,750 - INFO - Epoch 1: train_loss=nan
2025-02-06 19:04:31,144 - INFO - Epoch 1: train_loss=nan
2025-02-06 19:04:31,537 - INFO - Epoch 1: train_loss=nan
2025-02-06 19:04:31,931 - INFO - Epoch 1: train_loss=nan
2025-02-06 19:04:32,325 - INFO - Epoch 1: train_loss=nan
2025-02-06 19:04:32,718 - INFO - Epoch 1: train_loss=nan
2025-02-06 19:04:33,111 - INFO - Epoch 1: train_loss=nan
2025-02-06 19:04:33,506 - INFO - Epoch 1: train_loss=nan
2025-02-06 19:04:33,901 - INFO - Epoch 1: train_loss=nan
2025-02-06 19:04:34,294 - INFO - Epoch 1: train_loss=nan
2025-02-06 19:04:34,687 - INFO - Epoch 1: train_loss=nan
2025-02-06 19:04:35,081 - INFO - Epoch 1: train_loss=nan
2025-02-06 19:04:35,474 - INFO - Epoch 1: train_loss=nan
2025-02-06 19:04:35,867 - INFO - Epoch 1: train_loss=nan
2025-02-06 19:04:36,261 - INFO - Epoch 1: train_loss=nan
2025-02-06 19:04:36,654 - INFO - Epoch 1: train_loss=nan
2025-02-06 19:04:37,047 - INFO - Epoch 1: train_loss=nan
2025-02-06 19:04:37,441 - INFO - Epoch 1: train_loss=nan
2025-02-06 19:04:37,834 - INFO - Epoch 1: train_loss=nan
2025-02-06 19:04:38,227 - INFO - Epoch 1: train_loss=nan
2025-02-06 19:04:38,621 - INFO - Epoch 1: train_loss=nan
2025-02-06 19:04:39,014 - INFO - Epoch 1: train_loss=nan
2025-02-06 19:04:39,407 - INFO - Epoch 1: train_loss=nan
2025-02-06 19:04:39,801 - INFO - Epoch 1: train_loss=nan
2025-02-06 19:04:40,194 - INFO - Epoch 1: train_loss=nan
2025-02-06 19:04:40,587 - INFO - Epoch 1: train_loss=nan
2025-02-06 19:04:40,980 - INFO - Epoch 1: train_loss=nan
2025-02-06 19:04:41,373 - INFO - Epoch 1: train_loss=nan
2025-02-06 19:04:41,766 - INFO - Epoch 1: train_loss=nan
2025-02-06 19:04:42,159 - INFO - Epoch 1: train_loss=nan
2025-02-06 19:04:42,552 - INFO - Epoch 1: train_loss=nan
2025-02-06 19:04:42,946 - INFO - Epoch 1: train_loss=nan
2025-02-06 19:04:43,339 - INFO - Epoch 1: train_loss=nan
2025-02-06 19:04:43,732 - INFO - Epoch 1: train_loss=nan
2025-02-06 19:04:44,125 - INFO - Epoch 1: train_loss=nan
2025-02-06 19:04:44,519 - INFO - Epoch 1: train_loss=nan
2025-02-06 19:04:44,912 - INFO - Epoch 1: train_loss=nan
2025-02-06 19:04:45,304 - INFO - Epoch 1: train_loss=nan
2025-02-06 19:04:45,698 - INFO - Epoch 1: train_loss=nan
2025-02-06 19:04:46,092 - INFO - Epoch 1: train_loss=nan
2025-02-06 19:04:46,484 - INFO - Epoch 1: train_loss=nan
2025-02-06 19:04:46,878 - INFO - Epoch 1: train_loss=nan
2025-02-06 19:04:47,271 - INFO - Epoch 1: train_loss=nan
2025-02-06 19:04:47,664 - INFO - Epoch 1: train_loss=nan
2025-02-06 19:04:48,058 - INFO - Epoch 1: train_loss=nan
2025-02-06 19:04:48,451 - INFO - Epoch 1: train_loss=nan
2025-02-06 19:04:48,845 - INFO - Epoch 1: train_loss=nan
2025-02-06 19:04:49,239 - INFO - Epoch 1: train_loss=nan
2025-02-06 19:04:49,632 - INFO - Epoch 1: train_loss=nan
2025-02-06 19:04:50,025 - INFO - Epoch 1: train_loss=nan
2025-02-06 19:04:50,419 - INFO - Epoch 1: train_loss=nan
2025-02-06 19:04:50,812 - INFO - Epoch 1: train_loss=nan
2025-02-06 19:04:51,205 - INFO - Epoch 1: train_loss=nan
2025-02-06 19:04:51,599 - INFO - Epoch 1: train_loss=nan
2025-02-06 19:04:51,992 - INFO - Epoch 1: train_loss=nan
2025-02-06 19:04:52,385 - INFO - Epoch 1: train_loss=nan
2025-02-06 19:04:52,778 - INFO - Epoch 1: train_loss=nan
2025-02-06 19:04:53,171 - INFO - Epoch 1: train_loss=nan
2025-02-06 19:04:53,565 - INFO - Epoch 1: train_loss=nan
2025-02-06 19:04:53,959 - INFO - Epoch 1: train_loss=nan
2025-02-06 19:04:54,353 - INFO - Epoch 1: train_loss=nan
2025-02-06 19:04:54,746 - INFO - Epoch 1: train_loss=nan
2025-02-06 19:04:55,140 - INFO - Epoch 1: train_loss=nan
2025-02-06 19:04:55,534 - INFO - Epoch 1: train_loss=nan
2025-02-06 19:04:55,927 - INFO - Epoch 1: train_loss=nan
2025-02-06 19:04:56,320 - INFO - Epoch 1: train_loss=nan
2025-02-06 19:04:56,714 - INFO - Epoch 1: train_loss=nan
2025-02-06 19:04:57,107 - INFO - Epoch 1: train_loss=nan
2025-02-06 19:04:57,500 - INFO - Epoch 1: train_loss=nan
2025-02-06 19:04:57,894 - INFO - Epoch 1: train_loss=nan
2025-02-06 19:04:58,287 - INFO - Epoch 1: train_loss=nan
2025-02-06 19:04:58,680 - INFO - Epoch 1: train_loss=nan
2025-02-06 19:04:59,074 - INFO - Epoch 1: train_loss=nan
2025-02-06 19:04:59,467 - INFO - Epoch 1: train_loss=nan
2025-02-06 19:04:59,860 - INFO - Epoch 1: train_loss=nan
2025-02-06 19:05:00,254 - INFO - Epoch 1: train_loss=nan
2025-02-06 19:05:00,646 - INFO - Epoch 1: train_loss=nan
2025-02-06 19:05:01,039 - INFO - Epoch 1: train_loss=nan
2025-02-06 19:05:01,434 - INFO - Epoch 1: train_loss=nan
2025-02-06 19:05:01,827 - INFO - Epoch 1: train_loss=nan
2025-02-06 19:05:02,220 - INFO - Epoch 1: train_loss=nan
2025-02-06 19:05:02,614 - INFO - Epoch 1: train_loss=nan
2025-02-06 19:05:03,007 - INFO - Epoch 1: train_loss=nan
2025-02-06 19:05:03,400 - INFO - Epoch 1: train_loss=nan
2025-02-06 19:05:03,793 - INFO - Epoch 1: train_loss=nan
2025-02-06 19:05:04,186 - INFO - Epoch 1: train_loss=nan
2025-02-06 19:05:04,579 - INFO - Epoch 1: train_loss=nan
2025-02-06 19:05:04,972 - INFO - Epoch 1: train_loss=nan
2025-02-06 19:05:05,365 - INFO - Epoch 1: train_loss=nan
2025-02-06 19:05:05,758 - INFO - Epoch 1: train_loss=nan
2025-02-06 19:05:06,152 - INFO - Epoch 1: train_loss=nan
2025-02-06 19:05:06,544 - INFO - Epoch 1: train_loss=nan
2025-02-06 19:05:06,937 - INFO - Epoch 1: train_loss=nan
2025-02-06 19:05:07,331 - INFO - Epoch 1: train_loss=nan
2025-02-06 19:05:07,724 - INFO - Epoch 1: train_loss=nan
2025-02-06 19:05:08,117 - INFO - Epoch 1: train_loss=nan
2025-02-06 19:05:08,510 - INFO - Epoch 1: train_loss=nan
2025-02-06 19:05:08,903 - INFO - Epoch 1: train_loss=nan
2025-02-06 19:05:09,295 - INFO - Epoch 1: train_loss=nan
2025-02-06 19:05:09,689 - INFO - Epoch 1: train_loss=nan
2025-02-06 19:05:10,082 - INFO - Epoch 1: train_loss=nan
2025-02-06 19:05:10,474 - INFO - Epoch 1: train_loss=nan
2025-02-06 19:05:10,868 - INFO - Epoch 1: train_loss=nan
2025-02-06 19:05:11,261 - INFO - Epoch 1: train_loss=nan
2025-02-06 19:05:11,654 - INFO - Epoch 1: train_loss=nan
2025-02-06 19:05:12,048 - INFO - Epoch 1: train_loss=nan
2025-02-06 19:05:12,441 - INFO - Epoch 1: train_loss=nan
2025-02-06 19:05:12,834 - INFO - Epoch 1: train_loss=nan
2025-02-06 19:05:13,227 - INFO - Epoch 1: train_loss=nan
2025-02-06 19:05:13,620 - INFO - Epoch 1: train_loss=nan
2025-02-06 19:05:14,013 - INFO - Epoch 1: train_loss=nan
2025-02-06 19:05:14,407 - INFO - Epoch 1: train_loss=nan
2025-02-06 19:05:14,800 - INFO - Epoch 1: train_loss=nan
2025-02-06 19:05:15,193 - INFO - Epoch 1: train_loss=nan
2025-02-06 19:05:15,586 - INFO - Epoch 1: train_loss=nan
2025-02-06 19:05:15,979 - INFO - Epoch 1: train_loss=nan
2025-02-06 19:05:16,372 - INFO - Epoch 1: train_loss=nan
2025-02-06 19:05:16,765 - INFO - Epoch 1: train_loss=nan
2025-02-06 19:05:17,158 - INFO - Epoch 1: train_loss=nan
2025-02-06 19:05:17,551 - INFO - Epoch 1: train_loss=nan
2025-02-06 19:05:17,943 - INFO - Epoch 1: train_loss=nan
2025-02-06 19:05:18,336 - INFO - Epoch 1: train_loss=nan
2025-02-06 19:05:18,729 - INFO - Epoch 1: train_loss=nan
2025-02-06 19:05:19,121 - INFO - Epoch 1: train_loss=nan
2025-02-06 19:05:19,514 - INFO - Epoch 1: train_loss=nan
2025-02-06 19:05:19,907 - INFO - Epoch 1: train_loss=nan
2025-02-06 19:05:20,299 - INFO - Epoch 1: train_loss=nan
2025-02-06 19:05:20,691 - INFO - Epoch 1: train_loss=nan
2025-02-06 19:05:21,084 - INFO - Epoch 1: train_loss=nan
2025-02-06 19:05:21,477 - INFO - Epoch 1: train_loss=nan
2025-02-06 19:05:21,869 - INFO - Epoch 1: train_loss=nan
2025-02-06 19:05:22,261 - INFO - Epoch 1: train_loss=nan
2025-02-06 19:05:22,654 - INFO - Epoch 1: train_loss=nan
2025-02-06 19:05:23,225 - INFO - Epoch 1: val_loss=nan, val_acc=18.75%
2025-02-06 19:05:23,415 - INFO - Epoch 1: val_loss=nan, val_acc=50.00%
2025-02-06 19:05:23,604 - INFO - Epoch 1: val_loss=nan, val_acc=43.75%
2025-02-06 19:05:23,794 - INFO - Epoch 1: val_loss=nan, val_acc=43.75%
2025-02-06 19:05:23,984 - INFO - Epoch 1: val_loss=nan, val_acc=18.75%
2025-02-06 19:05:24,173 - INFO - Epoch 1: val_loss=nan, val_acc=62.50%
2025-02-06 19:05:24,364 - INFO - Epoch 1: val_loss=nan, val_acc=18.75%
2025-02-06 19:05:24,553 - INFO - Epoch 1: val_loss=nan, val_acc=25.00%
2025-02-06 19:05:24,743 - INFO - Epoch 1: val_loss=nan, val_acc=31.25%
2025-02-06 19:05:24,932 - INFO - Epoch 1: val_loss=nan, val_acc=37.50%
2025-02-06 19:05:25,122 - INFO - Epoch 1: val_loss=nan, val_acc=31.25%
2025-02-06 19:05:25,311 - INFO - Epoch 1: val_loss=nan, val_acc=31.25%
2025-02-06 19:05:25,501 - INFO - Epoch 1: val_loss=nan, val_acc=37.50%
2025-02-06 19:05:25,690 - INFO - Epoch 1: val_loss=nan, val_acc=43.75%
2025-02-06 19:05:25,880 - INFO - Epoch 1: val_loss=nan, val_acc=12.50%
2025-02-06 19:05:26,070 - INFO - Epoch 1: val_loss=nan, val_acc=31.25%
2025-02-06 19:05:26,259 - INFO - Epoch 1: val_loss=nan, val_acc=50.00%
2025-02-06 19:05:26,449 - INFO - Epoch 1: val_loss=nan, val_acc=37.50%
2025-02-06 19:05:26,639 - INFO - Epoch 1: val_loss=nan, val_acc=25.00%
2025-02-06 19:05:26,828 - INFO - Epoch 1: val_loss=nan, val_acc=50.00%
2025-02-06 19:05:27,017 - INFO - Epoch 1: val_loss=nan, val_acc=37.50%
2025-02-06 19:05:27,207 - INFO - Epoch 1: val_loss=nan, val_acc=25.00%
2025-02-06 19:05:27,397 - INFO - Epoch 1: val_loss=nan, val_acc=31.25%
2025-02-06 19:05:27,586 - INFO - Epoch 1: val_loss=nan, val_acc=31.25%
2025-02-06 19:05:27,775 - INFO - Epoch 1: val_loss=nan, val_acc=43.75%
2025-02-06 19:05:27,965 - INFO - Epoch 1: val_loss=nan, val_acc=37.50%
2025-02-06 19:05:28,154 - INFO - Epoch 1: val_loss=nan, val_acc=56.25%
2025-02-06 19:05:28,344 - INFO - Epoch 1: val_loss=nan, val_acc=25.00%
2025-02-06 19:05:28,533 - INFO - Epoch 1: val_loss=nan, val_acc=12.50%
2025-02-06 19:05:28,722 - INFO - Epoch 1: val_loss=nan, val_acc=31.25%
2025-02-06 19:05:28,912 - INFO - Epoch 1: val_loss=nan, val_acc=37.50%
2025-02-06 19:05:29,101 - INFO - Epoch 1: val_loss=nan, val_acc=31.25%
2025-02-06 19:05:29,290 - INFO - Epoch 1: val_loss=nan, val_acc=25.00%
2025-02-06 19:05:29,480 - INFO - Epoch 1: val_loss=nan, val_acc=56.25%
2025-02-06 19:05:29,669 - INFO - Epoch 1: val_loss=nan, val_acc=62.50%
2025-02-06 19:05:29,858 - INFO - Epoch 1: val_loss=nan, val_acc=37.50%
2025-02-06 19:05:30,047 - INFO - Epoch 1: val_loss=nan, val_acc=25.00%
2025-02-06 19:05:30,146 - INFO - Epoch 1: val_loss=nan, val_acc=37.50%
2025-02-06 19:05:30,149 - INFO - Epoch 1: EPOCH_AVG_TRAIN_LOSS=nan
2025-02-06 19:05:30,173 - INFO - #################### Training epoch 2 ####################
2025-02-06 19:05:30,173 - INFO - Current Learning Rate: 1.000000e-03
2025-02-06 19:05:30,593 - INFO - Epoch 2: train_loss=nan
2025-02-06 19:05:30,988 - INFO - Epoch 2: train_loss=nan
2025-02-06 19:05:31,382 - INFO - Epoch 2: train_loss=nan
2025-02-06 19:05:31,775 - INFO - Epoch 2: train_loss=nan
2025-02-06 19:05:32,167 - INFO - Epoch 2: train_loss=nan
2025-02-06 19:05:32,560 - INFO - Epoch 2: train_loss=nan
2025-02-06 19:05:32,954 - INFO - Epoch 2: train_loss=nan
2025-02-06 19:05:33,347 - INFO - Epoch 2: train_loss=nan
2025-02-06 19:05:33,740 - INFO - Epoch 2: train_loss=nan
2025-02-06 19:05:34,133 - INFO - Epoch 2: train_loss=nan
2025-02-06 19:05:34,526 - INFO - Epoch 2: train_loss=nan
2025-02-06 19:05:34,919 - INFO - Epoch 2: train_loss=nan
2025-02-06 19:05:35,312 - INFO - Epoch 2: train_loss=nan
2025-02-06 19:05:35,705 - INFO - Epoch 2: train_loss=nan
2025-02-06 19:05:36,098 - INFO - Epoch 2: train_loss=nan
2025-02-06 19:05:36,491 - INFO - Epoch 2: train_loss=nan
2025-02-06 19:05:36,884 - INFO - Epoch 2: train_loss=nan
2025-02-06 19:05:37,277 - INFO - Epoch 2: train_loss=nan
2025-02-06 19:05:37,669 - INFO - Epoch 2: train_loss=nan
2025-02-06 19:05:38,063 - INFO - Epoch 2: train_loss=nan
2025-02-06 19:05:38,456 - INFO - Epoch 2: train_loss=nan
2025-02-06 19:05:38,849 - INFO - Epoch 2: train_loss=nan
2025-02-06 19:05:39,242 - INFO - Epoch 2: train_loss=nan
2025-02-06 19:05:39,636 - INFO - Epoch 2: train_loss=nan
2025-02-06 19:05:40,029 - INFO - Epoch 2: train_loss=nan
2025-02-06 19:05:40,424 - INFO - Epoch 2: train_loss=nan
2025-02-06 19:05:40,816 - INFO - Epoch 2: train_loss=nan
2025-02-06 19:05:41,210 - INFO - Epoch 2: train_loss=nan
2025-02-06 19:05:41,603 - INFO - Epoch 2: train_loss=nan
2025-02-06 19:05:41,996 - INFO - Epoch 2: train_loss=nan
2025-02-06 19:05:42,389 - INFO - Epoch 2: train_loss=nan
2025-02-06 19:05:42,782 - INFO - Epoch 2: train_loss=nan
2025-02-06 19:05:43,175 - INFO - Epoch 2: train_loss=nan
2025-02-06 19:05:43,568 - INFO - Epoch 2: train_loss=nan
2025-02-06 19:05:43,962 - INFO - Epoch 2: train_loss=nan
2025-02-06 19:05:44,355 - INFO - Epoch 2: train_loss=nan
2025-02-06 19:05:44,748 - INFO - Epoch 2: train_loss=nan
2025-02-06 19:05:45,142 - INFO - Epoch 2: train_loss=nan
2025-02-06 19:05:45,534 - INFO - Epoch 2: train_loss=nan
2025-02-06 19:05:45,927 - INFO - Epoch 2: train_loss=nan
2025-02-06 19:05:46,321 - INFO - Epoch 2: train_loss=nan
2025-02-06 19:05:46,713 - INFO - Epoch 2: train_loss=nan
2025-02-06 19:05:47,107 - INFO - Epoch 2: train_loss=nan
2025-02-06 19:05:47,500 - INFO - Epoch 2: train_loss=nan
2025-02-06 19:05:47,893 - INFO - Epoch 2: train_loss=nan
2025-02-06 19:05:48,286 - INFO - Epoch 2: train_loss=nan
2025-02-06 19:05:48,679 - INFO - Epoch 2: train_loss=nan
2025-02-06 19:05:49,072 - INFO - Epoch 2: train_loss=nan
2025-02-06 19:05:49,465 - INFO - Epoch 2: train_loss=nan
2025-02-06 19:05:49,858 - INFO - Epoch 2: train_loss=nan
2025-02-06 19:05:50,251 - INFO - Epoch 2: train_loss=nan
2025-02-06 19:05:50,644 - INFO - Epoch 2: train_loss=nan
2025-02-06 19:05:51,038 - INFO - Epoch 2: train_loss=nan
2025-02-06 19:05:51,430 - INFO - Epoch 2: train_loss=nan
2025-02-06 19:05:51,823 - INFO - Epoch 2: train_loss=nan
2025-02-06 19:05:52,217 - INFO - Epoch 2: train_loss=nan
2025-02-06 19:05:52,610 - INFO - Epoch 2: train_loss=nan
2025-02-06 19:05:53,003 - INFO - Epoch 2: train_loss=nan
2025-02-06 19:05:53,397 - INFO - Epoch 2: train_loss=nan
2025-02-06 19:05:53,789 - INFO - Epoch 2: train_loss=nan
2025-02-06 19:05:54,182 - INFO - Epoch 2: train_loss=nan
2025-02-06 19:05:54,576 - INFO - Epoch 2: train_loss=nan
2025-02-06 19:05:54,968 - INFO - Epoch 2: train_loss=nan
2025-02-06 19:05:55,361 - INFO - Epoch 2: train_loss=nan
2025-02-06 19:05:55,755 - INFO - Epoch 2: train_loss=nan
2025-02-06 19:05:56,147 - INFO - Epoch 2: train_loss=nan
2025-02-06 19:05:56,541 - INFO - Epoch 2: train_loss=nan
2025-02-06 19:05:56,935 - INFO - Epoch 2: train_loss=nan
2025-02-06 19:05:57,327 - INFO - Epoch 2: train_loss=nan
2025-02-06 19:05:57,720 - INFO - Epoch 2: train_loss=nan
2025-02-06 19:05:58,114 - INFO - Epoch 2: train_loss=nan
2025-02-06 19:05:58,506 - INFO - Epoch 2: train_loss=nan
2025-02-06 19:05:58,899 - INFO - Epoch 2: train_loss=nan
2025-02-06 19:05:59,292 - INFO - Epoch 2: train_loss=nan
2025-02-06 19:05:59,689 - INFO - Epoch 2: train_loss=nan
2025-02-06 19:06:00,083 - INFO - Epoch 2: train_loss=nan
2025-02-06 19:06:00,478 - INFO - Epoch 2: train_loss=nan
2025-02-06 19:06:00,872 - INFO - Epoch 2: train_loss=nan
2025-02-06 19:06:01,266 - INFO - Epoch 2: train_loss=nan
2025-02-06 19:06:01,660 - INFO - Epoch 2: train_loss=nan
2025-02-06 19:06:02,055 - INFO - Epoch 2: train_loss=nan
2025-02-06 19:06:02,449 - INFO - Epoch 2: train_loss=nan
2025-02-06 19:06:02,843 - INFO - Epoch 2: train_loss=nan
2025-02-06 19:06:03,238 - INFO - Epoch 2: train_loss=nan
2025-02-06 19:06:03,632 - INFO - Epoch 2: train_loss=nan
