2025-02-06 19:07:03,119 - INFO - Starting training with the following parameters:
2025-02-06 19:07:03,119 - INFO - | Parameter       | Value               |
|-----------------|---------------------|
| attention       | Scaled Dot-Product|
| d_model         | 128            |
| n_heads         | 8              |
| d_f             | 128            |
| num_layers      | 3              |
| d_input         | 32             |
| num_classes     | 3              |
| dropout         | 0.1            |
| learning_rate   | 0.001          |
| epochs          | 50             |
| batch_size      | 16             |

2025-02-06 19:07:05,624 - INFO - Epoch 0: val_loss=1.1013, val_acc=31.25%
2025-02-06 19:07:05,779 - INFO - Epoch 0: val_loss=1.0950, val_acc=25.00%
2025-02-06 19:07:05,937 - INFO - #################### Training epoch 0 ####################
2025-02-06 19:07:05,937 - INFO - Current Learning Rate: 1.000000e-03
2025-02-06 19:07:06,137 - INFO - Epoch 0: train_loss=1.1235
2025-02-06 19:07:06,461 - INFO - Epoch 0: train_loss=1.1721
2025-02-06 19:07:06,681 - INFO - Epoch 0: train_loss=1.1448
2025-02-06 19:07:06,902 - INFO - Epoch 0: train_loss=1.2129
2025-02-06 19:07:07,122 - INFO - Epoch 0: train_loss=1.0613
2025-02-06 19:07:07,343 - INFO - Epoch 0: train_loss=1.0928
2025-02-06 19:07:07,564 - INFO - Epoch 0: train_loss=1.1204
2025-02-06 19:07:07,785 - INFO - Epoch 0: train_loss=0.9839
2025-02-06 19:07:08,006 - INFO - Epoch 0: train_loss=1.2036
2025-02-06 19:07:08,227 - INFO - Epoch 0: train_loss=1.1228
2025-02-06 19:07:08,447 - INFO - Epoch 0: train_loss=1.2283
2025-02-06 19:07:08,668 - INFO - Epoch 0: train_loss=1.1833
2025-02-06 19:07:08,888 - INFO - Epoch 0: train_loss=1.2573
2025-02-06 19:07:09,109 - INFO - Epoch 0: train_loss=1.1321
2025-02-06 19:07:09,331 - INFO - Epoch 0: train_loss=1.1216
2025-02-06 19:07:09,552 - INFO - Epoch 0: train_loss=0.9976
2025-02-06 19:07:09,773 - INFO - Epoch 0: train_loss=0.9678
2025-02-06 19:07:09,994 - INFO - Epoch 0: train_loss=1.0532
2025-02-06 19:07:10,215 - INFO - Epoch 0: train_loss=1.4397
2025-02-06 19:07:10,436 - INFO - Epoch 0: train_loss=1.1121
2025-02-06 19:07:10,657 - INFO - Epoch 0: train_loss=1.2461
2025-02-06 19:07:10,878 - INFO - Epoch 0: train_loss=1.0754
2025-02-06 19:07:11,100 - INFO - Epoch 0: train_loss=1.0234
2025-02-06 19:07:11,321 - INFO - Epoch 0: train_loss=1.0793
2025-02-06 19:07:11,542 - INFO - Epoch 0: train_loss=1.0972
2025-02-06 19:07:11,764 - INFO - Epoch 0: train_loss=1.2095
2025-02-06 19:07:11,986 - INFO - Epoch 0: train_loss=1.0854
2025-02-06 19:07:12,207 - INFO - Epoch 0: train_loss=1.1077
2025-02-06 19:07:12,428 - INFO - Epoch 0: train_loss=1.1760
2025-02-06 19:07:12,649 - INFO - Epoch 0: train_loss=1.0698
2025-02-06 19:07:12,870 - INFO - Epoch 0: train_loss=1.1343
2025-02-06 19:07:13,092 - INFO - Epoch 0: train_loss=1.0824
2025-02-06 19:07:13,313 - INFO - Epoch 0: train_loss=1.1074
2025-02-06 19:07:13,535 - INFO - Epoch 0: train_loss=1.1591
2025-02-06 19:07:13,756 - INFO - Epoch 0: train_loss=1.2927
2025-02-06 19:07:13,977 - INFO - Epoch 0: train_loss=0.9827
2025-02-06 19:07:14,199 - INFO - Epoch 0: train_loss=1.1766
2025-02-06 19:07:14,420 - INFO - Epoch 0: train_loss=1.4042
2025-02-06 19:07:14,641 - INFO - Epoch 0: train_loss=1.0605
2025-02-06 19:07:14,863 - INFO - Epoch 0: train_loss=1.1431
2025-02-06 19:07:15,084 - INFO - Epoch 0: train_loss=1.2261
2025-02-06 19:07:15,305 - INFO - Epoch 0: train_loss=1.1458
2025-02-06 19:07:15,526 - INFO - Epoch 0: train_loss=1.2642
2025-02-06 19:07:15,747 - INFO - Epoch 0: train_loss=1.1624
2025-02-06 19:07:15,968 - INFO - Epoch 0: train_loss=0.9668
2025-02-06 19:07:16,189 - INFO - Epoch 0: train_loss=1.3596
2025-02-06 19:07:16,411 - INFO - Epoch 0: train_loss=1.0789
2025-02-06 19:07:16,633 - INFO - Epoch 0: train_loss=1.1731
2025-02-06 19:07:16,855 - INFO - Epoch 0: train_loss=1.3201
2025-02-06 19:07:17,077 - INFO - Epoch 0: train_loss=1.0520
2025-02-06 19:07:17,299 - INFO - Epoch 0: train_loss=1.1602
2025-02-06 19:07:17,521 - INFO - Epoch 0: train_loss=1.0447
2025-02-06 19:07:17,743 - INFO - Epoch 0: train_loss=1.1340
2025-02-06 19:07:17,964 - INFO - Epoch 0: train_loss=1.1768
2025-02-06 19:07:18,185 - INFO - Epoch 0: train_loss=1.1519
2025-02-06 19:07:18,406 - INFO - Epoch 0: train_loss=1.0842
2025-02-06 19:07:18,627 - INFO - Epoch 0: train_loss=1.1938
2025-02-06 19:07:18,849 - INFO - Epoch 0: train_loss=1.1208
2025-02-06 19:07:19,070 - INFO - Epoch 0: train_loss=1.1497
2025-02-06 19:07:19,292 - INFO - Epoch 0: train_loss=1.0505
2025-02-06 19:07:19,512 - INFO - Epoch 0: train_loss=1.1528
2025-02-06 19:07:19,734 - INFO - Epoch 0: train_loss=1.1672
2025-02-06 19:07:19,955 - INFO - Epoch 0: train_loss=1.2703
2025-02-06 19:07:20,177 - INFO - Epoch 0: train_loss=1.4092
2025-02-06 19:07:20,398 - INFO - Epoch 0: train_loss=1.2922
2025-02-06 19:07:20,619 - INFO - Epoch 0: train_loss=1.3501
2025-02-06 19:07:20,840 - INFO - Epoch 0: train_loss=1.2249
2025-02-06 19:07:21,062 - INFO - Epoch 0: train_loss=1.0374
2025-02-06 19:07:21,283 - INFO - Epoch 0: train_loss=1.0332
2025-02-06 19:07:21,504 - INFO - Epoch 0: train_loss=1.1294
2025-02-06 19:07:21,725 - INFO - Epoch 0: train_loss=1.1636
2025-02-06 19:07:21,947 - INFO - Epoch 0: train_loss=1.0183
2025-02-06 19:07:22,169 - INFO - Epoch 0: train_loss=1.0542
2025-02-06 19:07:22,391 - INFO - Epoch 0: train_loss=1.0085
2025-02-06 19:07:22,612 - INFO - Epoch 0: train_loss=0.9414
2025-02-06 19:07:22,833 - INFO - Epoch 0: train_loss=1.0627
2025-02-06 19:07:23,055 - INFO - Epoch 0: train_loss=1.2156
2025-02-06 19:07:23,276 - INFO - Epoch 0: train_loss=1.1738
2025-02-06 19:07:23,497 - INFO - Epoch 0: train_loss=1.3922
2025-02-06 19:07:23,719 - INFO - Epoch 0: train_loss=1.2874
2025-02-06 19:07:23,941 - INFO - Epoch 0: train_loss=1.5320
2025-02-06 19:07:24,162 - INFO - Epoch 0: train_loss=1.4208
2025-02-06 19:07:24,383 - INFO - Epoch 0: train_loss=1.1847
2025-02-06 19:07:24,604 - INFO - Epoch 0: train_loss=1.2545
2025-02-06 19:07:24,825 - INFO - Epoch 0: train_loss=1.4692
2025-02-06 19:07:25,048 - INFO - Epoch 0: train_loss=1.3540
2025-02-06 19:07:25,269 - INFO - Epoch 0: train_loss=1.3301
2025-02-06 19:07:25,491 - INFO - Epoch 0: train_loss=1.0552
2025-02-06 19:07:25,712 - INFO - Epoch 0: train_loss=1.0378
2025-02-06 19:07:25,934 - INFO - Epoch 0: train_loss=1.1826
2025-02-06 19:07:26,155 - INFO - Epoch 0: train_loss=1.2028
2025-02-06 19:07:26,376 - INFO - Epoch 0: train_loss=1.3853
2025-02-06 19:07:26,598 - INFO - Epoch 0: train_loss=1.4678
2025-02-06 19:07:26,820 - INFO - Epoch 0: train_loss=0.9128
2025-02-06 19:07:27,041 - INFO - Epoch 0: train_loss=1.2722
2025-02-06 19:07:27,263 - INFO - Epoch 0: train_loss=1.2388
2025-02-06 19:07:27,484 - INFO - Epoch 0: train_loss=1.1836
2025-02-06 19:07:27,705 - INFO - Epoch 0: train_loss=1.1619
2025-02-06 19:07:27,927 - INFO - Epoch 0: train_loss=1.1941
2025-02-06 19:07:28,148 - INFO - Epoch 0: train_loss=1.2129
2025-02-06 19:07:28,369 - INFO - Epoch 0: train_loss=1.1099
2025-02-06 19:07:28,590 - INFO - Epoch 0: train_loss=1.2024
2025-02-06 19:07:28,813 - INFO - Epoch 0: train_loss=1.0945
2025-02-06 19:07:29,035 - INFO - Epoch 0: train_loss=1.0679
2025-02-06 19:07:29,257 - INFO - Epoch 0: train_loss=1.0801
2025-02-06 19:07:29,479 - INFO - Epoch 0: train_loss=1.1157
2025-02-06 19:07:29,700 - INFO - Epoch 0: train_loss=1.0894
2025-02-06 19:07:29,923 - INFO - Epoch 0: train_loss=1.2197
2025-02-06 19:07:30,144 - INFO - Epoch 0: train_loss=1.0862
2025-02-06 19:07:30,367 - INFO - Epoch 0: train_loss=1.0996
2025-02-06 19:07:30,588 - INFO - Epoch 0: train_loss=1.0884
2025-02-06 19:07:30,810 - INFO - Epoch 0: train_loss=1.3274
2025-02-06 19:07:31,032 - INFO - Epoch 0: train_loss=1.3020
2025-02-06 19:07:31,254 - INFO - Epoch 0: train_loss=1.1162
2025-02-06 19:07:31,475 - INFO - Epoch 0: train_loss=1.3042
2025-02-06 19:07:31,697 - INFO - Epoch 0: train_loss=1.2441
2025-02-06 19:07:31,920 - INFO - Epoch 0: train_loss=1.0559
2025-02-06 19:07:32,142 - INFO - Epoch 0: train_loss=1.2156
2025-02-06 19:07:32,363 - INFO - Epoch 0: train_loss=1.3628
2025-02-06 19:07:32,585 - INFO - Epoch 0: train_loss=1.1143
2025-02-06 19:07:32,806 - INFO - Epoch 0: train_loss=1.0911
2025-02-06 19:07:33,028 - INFO - Epoch 0: train_loss=1.1345
2025-02-06 19:07:33,251 - INFO - Epoch 0: train_loss=1.0522
2025-02-06 19:07:33,473 - INFO - Epoch 0: train_loss=1.0618
2025-02-06 19:07:33,695 - INFO - Epoch 0: train_loss=1.1875
2025-02-06 19:07:33,917 - INFO - Epoch 0: train_loss=1.2800
2025-02-06 19:07:34,139 - INFO - Epoch 0: train_loss=1.1667
2025-02-06 19:07:34,361 - INFO - Epoch 0: train_loss=1.2417
2025-02-06 19:07:34,583 - INFO - Epoch 0: train_loss=1.0652
2025-02-06 19:07:34,804 - INFO - Epoch 0: train_loss=1.0149
2025-02-06 19:07:35,027 - INFO - Epoch 0: train_loss=1.4163
2025-02-06 19:07:35,248 - INFO - Epoch 0: train_loss=1.1160
2025-02-06 19:07:35,470 - INFO - Epoch 0: train_loss=1.0852
2025-02-06 19:07:35,692 - INFO - Epoch 0: train_loss=1.1890
2025-02-06 19:07:35,914 - INFO - Epoch 0: train_loss=1.2869
2025-02-06 19:07:36,136 - INFO - Epoch 0: train_loss=1.0488
2025-02-06 19:07:36,358 - INFO - Epoch 0: train_loss=1.0120
2025-02-06 19:07:36,580 - INFO - Epoch 0: train_loss=1.0068
2025-02-06 19:07:36,801 - INFO - Epoch 0: train_loss=1.2937
2025-02-06 19:07:37,023 - INFO - Epoch 0: train_loss=1.1921
2025-02-06 19:07:37,245 - INFO - Epoch 0: train_loss=1.0728
2025-02-06 19:07:37,467 - INFO - Epoch 0: train_loss=1.2588
2025-02-06 19:07:37,689 - INFO - Epoch 0: train_loss=1.1394
2025-02-06 19:07:37,911 - INFO - Epoch 0: train_loss=1.2891
2025-02-06 19:07:38,133 - INFO - Epoch 0: train_loss=1.1990
2025-02-06 19:07:38,355 - INFO - Epoch 0: train_loss=1.1372
2025-02-06 19:07:38,576 - INFO - Epoch 0: train_loss=1.1636
2025-02-06 19:07:38,798 - INFO - Epoch 0: train_loss=1.2380
2025-02-06 19:07:39,019 - INFO - Epoch 0: train_loss=1.0317
2025-02-06 19:07:39,241 - INFO - Epoch 0: train_loss=1.1111
2025-02-06 19:07:39,463 - INFO - Epoch 0: train_loss=1.2947
2025-02-06 19:07:39,685 - INFO - Epoch 0: train_loss=1.1348
2025-02-06 19:07:39,907 - INFO - Epoch 0: train_loss=1.1633
2025-02-06 19:07:40,130 - INFO - Epoch 0: train_loss=1.1370
2025-02-06 19:07:40,353 - INFO - Epoch 0: train_loss=1.2107
2025-02-06 19:07:40,575 - INFO - Epoch 0: train_loss=1.2466
2025-02-06 19:07:40,797 - INFO - Epoch 0: train_loss=1.2100
2025-02-06 19:07:41,019 - INFO - Epoch 0: train_loss=1.1855
2025-02-06 19:07:41,241 - INFO - Epoch 0: train_loss=1.0610
2025-02-06 19:07:41,464 - INFO - Epoch 0: train_loss=1.4404
2025-02-06 19:07:41,685 - INFO - Epoch 0: train_loss=1.1633
2025-02-06 19:07:41,909 - INFO - Epoch 0: train_loss=1.1372
2025-02-06 19:07:42,131 - INFO - Epoch 0: train_loss=1.0891
2025-02-06 19:07:42,352 - INFO - Epoch 0: train_loss=1.2524
2025-02-06 19:07:42,574 - INFO - Epoch 0: train_loss=1.1384
2025-02-06 19:07:42,796 - INFO - Epoch 0: train_loss=1.4492
2025-02-06 19:07:43,018 - INFO - Epoch 0: train_loss=1.2742
2025-02-06 19:07:43,240 - INFO - Epoch 0: train_loss=1.1155
2025-02-06 19:07:43,462 - INFO - Epoch 0: train_loss=1.2378
2025-02-06 19:07:43,684 - INFO - Epoch 0: train_loss=1.2017
2025-02-06 19:07:43,906 - INFO - Epoch 0: train_loss=1.2495
2025-02-06 19:07:44,129 - INFO - Epoch 0: train_loss=1.0276
2025-02-06 19:07:44,350 - INFO - Epoch 0: train_loss=1.1279
2025-02-06 19:07:44,572 - INFO - Epoch 0: train_loss=1.1609
2025-02-06 19:07:44,794 - INFO - Epoch 0: train_loss=1.0361
2025-02-06 19:07:45,017 - INFO - Epoch 0: train_loss=1.1921
2025-02-06 19:07:45,238 - INFO - Epoch 0: train_loss=1.1616
2025-02-06 19:07:45,460 - INFO - Epoch 0: train_loss=1.0625
2025-02-06 19:07:45,683 - INFO - Epoch 0: train_loss=1.0942
2025-02-06 19:07:45,905 - INFO - Epoch 0: train_loss=1.0879
2025-02-06 19:07:46,128 - INFO - Epoch 0: train_loss=1.1509
2025-02-06 19:07:46,350 - INFO - Epoch 0: train_loss=1.0457
2025-02-06 19:07:46,572 - INFO - Epoch 0: train_loss=1.1023
2025-02-06 19:07:46,794 - INFO - Epoch 0: train_loss=1.1106
2025-02-06 19:07:47,016 - INFO - Epoch 0: train_loss=1.1243
2025-02-06 19:07:47,238 - INFO - Epoch 0: train_loss=1.0959
2025-02-06 19:07:47,460 - INFO - Epoch 0: train_loss=1.0793
2025-02-06 19:07:47,682 - INFO - Epoch 0: train_loss=1.0708
2025-02-06 19:07:47,904 - INFO - Epoch 0: train_loss=1.0898
2025-02-06 19:07:48,126 - INFO - Epoch 0: train_loss=1.0991
2025-02-06 19:07:48,348 - INFO - Epoch 0: train_loss=1.0864
2025-02-06 19:07:48,570 - INFO - Epoch 0: train_loss=1.0994
2025-02-06 19:07:48,793 - INFO - Epoch 0: train_loss=1.0979
2025-02-06 19:07:49,014 - INFO - Epoch 0: train_loss=1.1079
2025-02-06 19:07:49,237 - INFO - Epoch 0: train_loss=1.0840
2025-02-06 19:07:49,458 - INFO - Epoch 0: train_loss=1.1157
2025-02-06 19:07:49,680 - INFO - Epoch 0: train_loss=1.1545
2025-02-06 19:07:49,902 - INFO - Epoch 0: train_loss=1.1267
2025-02-06 19:07:50,124 - INFO - Epoch 0: train_loss=1.0776
2025-02-06 19:07:50,347 - INFO - Epoch 0: train_loss=1.0713
2025-02-06 19:07:50,568 - INFO - Epoch 0: train_loss=nan
2025-02-06 19:07:50,789 - INFO - Epoch 0: train_loss=nan
2025-02-06 19:07:51,010 - INFO - Epoch 0: train_loss=nan
2025-02-06 19:07:51,230 - INFO - Epoch 0: train_loss=nan
2025-02-06 19:07:51,451 - INFO - Epoch 0: train_loss=nan
2025-02-06 19:07:51,672 - INFO - Epoch 0: train_loss=nan
2025-02-06 19:07:51,893 - INFO - Epoch 0: train_loss=nan
2025-02-06 19:07:52,114 - INFO - Epoch 0: train_loss=nan
2025-02-06 19:07:52,334 - INFO - Epoch 0: train_loss=nan
2025-02-06 19:07:52,554 - INFO - Epoch 0: train_loss=nan
2025-02-06 19:07:52,775 - INFO - Epoch 0: train_loss=nan
2025-02-06 19:07:52,995 - INFO - Epoch 0: train_loss=nan
2025-02-06 19:07:53,216 - INFO - Epoch 0: train_loss=nan
2025-02-06 19:07:53,437 - INFO - Epoch 0: train_loss=nan
2025-02-06 19:07:53,657 - INFO - Epoch 0: train_loss=nan
2025-02-06 19:07:53,878 - INFO - Epoch 0: train_loss=nan
2025-02-06 19:07:54,099 - INFO - Epoch 0: train_loss=nan
2025-02-06 19:07:54,319 - INFO - Epoch 0: train_loss=nan
2025-02-06 19:07:54,540 - INFO - Epoch 0: train_loss=nan
2025-02-06 19:07:54,763 - INFO - Epoch 0: train_loss=nan
2025-02-06 19:07:54,984 - INFO - Epoch 0: train_loss=nan
2025-02-06 19:07:55,206 - INFO - Epoch 0: train_loss=nan
2025-02-06 19:07:55,428 - INFO - Epoch 0: train_loss=nan
2025-02-06 19:07:55,649 - INFO - Epoch 0: train_loss=nan
2025-02-06 19:07:55,870 - INFO - Epoch 0: train_loss=nan
2025-02-06 19:07:56,091 - INFO - Epoch 0: train_loss=nan
2025-02-06 19:07:56,312 - INFO - Epoch 0: train_loss=nan
2025-02-06 19:07:56,533 - INFO - Epoch 0: train_loss=nan
2025-02-06 19:07:56,754 - INFO - Epoch 0: train_loss=nan
2025-02-06 19:07:56,974 - INFO - Epoch 0: train_loss=nan
2025-02-06 19:07:57,195 - INFO - Epoch 0: train_loss=nan
2025-02-06 19:07:57,416 - INFO - Epoch 0: train_loss=nan
2025-02-06 19:07:57,637 - INFO - Epoch 0: train_loss=nan
