2025-02-06 19:12:01,533 - INFO - Starting training with the following parameters:
2025-02-06 19:12:01,533 - INFO - | Parameter       | Value               |
|-----------------|---------------------|
| attention       | Scaled Dot-Product|
| d_model         | 128            |
| n_heads         | 8              |
| d_f             | 128            |
| num_layers      | 3              |
| d_input         | 32             |
| num_classes     | 3              |
| dropout         | 0.1            |
| learning_rate   | 0.001          |
| epochs          | 50             |
| batch_size      | 16             |

2025-02-06 19:12:06,496 - INFO - Epoch 0: val_loss=1.1099, val_acc=31.25%
2025-02-06 19:12:06,650 - INFO - Epoch 0: val_loss=1.1094, val_acc=31.25%
2025-02-06 19:12:06,805 - INFO - #################### Training epoch 0 ####################
2025-02-06 19:12:06,805 - INFO - Current Learning Rate: 1.000000e-03
2025-02-06 19:12:07,042 - INFO - Epoch 0: train_loss=1.1372
2025-02-06 19:12:07,329 - INFO - Epoch 0: train_loss=1.2441
2025-02-06 19:12:07,550 - INFO - Epoch 0: train_loss=1.0378
2025-02-06 19:12:07,771 - INFO - Epoch 0: train_loss=1.0923
2025-02-06 19:12:07,993 - INFO - Epoch 0: train_loss=1.0808
2025-02-06 19:12:08,214 - INFO - Epoch 0: train_loss=1.4807
2025-02-06 19:12:08,436 - INFO - Epoch 0: train_loss=1.1050
2025-02-06 19:12:08,657 - INFO - Epoch 0: train_loss=1.2925
2025-02-06 19:12:08,878 - INFO - Epoch 0: train_loss=1.1340
2025-02-06 19:12:09,099 - INFO - Epoch 0: train_loss=1.0676
2025-02-06 19:12:09,319 - INFO - Epoch 0: train_loss=1.1838
2025-02-06 19:12:09,540 - INFO - Epoch 0: train_loss=1.1194
2025-02-06 19:12:09,760 - INFO - Epoch 0: train_loss=1.1162
2025-02-06 19:12:09,981 - INFO - Epoch 0: train_loss=1.1233
2025-02-06 19:12:10,201 - INFO - Epoch 0: train_loss=1.1194
2025-02-06 19:12:10,422 - INFO - Epoch 0: train_loss=1.0320
2025-02-06 19:12:10,642 - INFO - Epoch 0: train_loss=1.1687
2025-02-06 19:12:10,863 - INFO - Epoch 0: train_loss=1.1289
2025-02-06 19:12:11,084 - INFO - Epoch 0: train_loss=1.0747
2025-02-06 19:12:11,304 - INFO - Epoch 0: train_loss=0.9697
2025-02-06 19:12:11,525 - INFO - Epoch 0: train_loss=1.1667
2025-02-06 19:12:11,745 - INFO - Epoch 0: train_loss=1.3145
2025-02-06 19:12:11,966 - INFO - Epoch 0: train_loss=1.1182
2025-02-06 19:12:12,187 - INFO - Epoch 0: train_loss=1.1750
2025-02-06 19:12:12,407 - INFO - Epoch 0: train_loss=1.1272
2025-02-06 19:12:12,627 - INFO - Epoch 0: train_loss=1.1306
2025-02-06 19:12:12,848 - INFO - Epoch 0: train_loss=1.1289
2025-02-06 19:12:13,068 - INFO - Epoch 0: train_loss=1.1477
2025-02-06 19:12:13,289 - INFO - Epoch 0: train_loss=1.1416
2025-02-06 19:12:13,510 - INFO - Epoch 0: train_loss=1.1125
2025-02-06 19:12:13,731 - INFO - Epoch 0: train_loss=1.0735
2025-02-06 19:12:13,952 - INFO - Epoch 0: train_loss=1.0684
2025-02-06 19:12:14,172 - INFO - Epoch 0: train_loss=1.1125
2025-02-06 19:12:14,393 - INFO - Epoch 0: train_loss=1.1206
2025-02-06 19:12:14,613 - INFO - Epoch 0: train_loss=1.1565
2025-02-06 19:12:14,833 - INFO - Epoch 0: train_loss=1.1116
2025-02-06 19:12:15,054 - INFO - Epoch 0: train_loss=1.1248
2025-02-06 19:12:15,274 - INFO - Epoch 0: train_loss=1.0791
2025-02-06 19:12:15,495 - INFO - Epoch 0: train_loss=1.0461
2025-02-06 19:12:15,715 - INFO - Epoch 0: train_loss=1.1670
2025-02-06 19:12:15,936 - INFO - Epoch 0: train_loss=1.1575
2025-02-06 19:12:16,157 - INFO - Epoch 0: train_loss=1.2341
2025-02-06 19:12:16,377 - INFO - Epoch 0: train_loss=1.1907
2025-02-06 19:12:16,598 - INFO - Epoch 0: train_loss=1.1707
2025-02-06 19:12:16,818 - INFO - Epoch 0: train_loss=1.1064
2025-02-06 19:12:17,039 - INFO - Epoch 0: train_loss=1.0764
2025-02-06 19:12:17,259 - INFO - Epoch 0: train_loss=1.0862
2025-02-06 19:12:17,480 - INFO - Epoch 0: train_loss=1.0623
2025-02-06 19:12:17,700 - INFO - Epoch 0: train_loss=1.1396
2025-02-06 19:12:17,920 - INFO - Epoch 0: train_loss=1.1909
2025-02-06 19:12:18,140 - INFO - Epoch 0: train_loss=1.0869
2025-02-06 19:12:18,361 - INFO - Epoch 0: train_loss=1.1301
2025-02-06 19:12:18,581 - INFO - Epoch 0: train_loss=1.0371
2025-02-06 19:12:18,802 - INFO - Epoch 0: train_loss=1.1760
2025-02-06 19:12:19,023 - INFO - Epoch 0: train_loss=1.2239
2025-02-06 19:12:19,243 - INFO - Epoch 0: train_loss=1.0767
2025-02-06 19:12:19,464 - INFO - Epoch 0: train_loss=1.2017
2025-02-06 19:12:19,684 - INFO - Epoch 0: train_loss=1.1726
2025-02-06 19:12:19,905 - INFO - Epoch 0: train_loss=1.3608
2025-02-06 19:12:20,126 - INFO - Epoch 0: train_loss=1.1338
2025-02-06 19:12:20,348 - INFO - Epoch 0: train_loss=1.3767
2025-02-06 19:12:20,568 - INFO - Epoch 0: train_loss=1.3071
2025-02-06 19:12:20,790 - INFO - Epoch 0: train_loss=1.1799
2025-02-06 19:12:21,012 - INFO - Epoch 0: train_loss=1.1555
2025-02-06 19:12:21,233 - INFO - Epoch 0: train_loss=1.1602
2025-02-06 19:12:21,454 - INFO - Epoch 0: train_loss=1.3782
2025-02-06 19:12:21,674 - INFO - Epoch 0: train_loss=1.2676
2025-02-06 19:12:21,895 - INFO - Epoch 0: train_loss=1.0603
2025-02-06 19:12:22,117 - INFO - Epoch 0: train_loss=1.0979
2025-02-06 19:12:22,338 - INFO - Epoch 0: train_loss=1.2949
2025-02-06 19:12:22,559 - INFO - Epoch 0: train_loss=1.2410
2025-02-06 19:12:22,780 - INFO - Epoch 0: train_loss=1.1455
2025-02-06 19:12:23,001 - INFO - Epoch 0: train_loss=1.0371
2025-02-06 19:12:23,221 - INFO - Epoch 0: train_loss=1.0222
2025-02-06 19:12:23,443 - INFO - Epoch 0: train_loss=1.1199
2025-02-06 19:12:23,664 - INFO - Epoch 0: train_loss=1.2649
2025-02-06 19:12:23,885 - INFO - Epoch 0: train_loss=1.0881
2025-02-06 19:12:24,107 - INFO - Epoch 0: train_loss=1.1562
2025-02-06 19:12:24,328 - INFO - Epoch 0: train_loss=1.1958
2025-02-06 19:12:24,550 - INFO - Epoch 0: train_loss=1.2915
2025-02-06 19:12:24,771 - INFO - Epoch 0: train_loss=1.2170
2025-02-06 19:12:24,993 - INFO - Epoch 0: train_loss=1.1812
2025-02-06 19:12:25,214 - INFO - Epoch 0: train_loss=1.0964
2025-02-06 19:12:25,436 - INFO - Epoch 0: train_loss=1.1909
2025-02-06 19:12:25,656 - INFO - Epoch 0: train_loss=1.0356
2025-02-06 19:12:25,878 - INFO - Epoch 0: train_loss=1.2578
2025-02-06 19:12:26,099 - INFO - Epoch 0: train_loss=1.4417
2025-02-06 19:12:26,320 - INFO - Epoch 0: train_loss=1.0061
2025-02-06 19:12:26,542 - INFO - Epoch 0: train_loss=1.0566
2025-02-06 19:12:26,764 - INFO - Epoch 0: train_loss=1.0676
2025-02-06 19:12:26,985 - INFO - Epoch 0: train_loss=1.2058
2025-02-06 19:12:27,207 - INFO - Epoch 0: train_loss=1.1296
2025-02-06 19:12:27,428 - INFO - Epoch 0: train_loss=1.1946
2025-02-06 19:12:27,650 - INFO - Epoch 0: train_loss=1.3523
2025-02-06 19:12:27,871 - INFO - Epoch 0: train_loss=1.4583
2025-02-06 19:12:28,093 - INFO - Epoch 0: train_loss=1.3486
2025-02-06 19:12:28,314 - INFO - Epoch 0: train_loss=1.3025
2025-02-06 19:12:28,535 - INFO - Epoch 0: train_loss=1.1387
2025-02-06 19:12:28,757 - INFO - Epoch 0: train_loss=1.4924
2025-02-06 19:12:28,978 - INFO - Epoch 0: train_loss=0.9602
2025-02-06 19:12:29,200 - INFO - Epoch 0: train_loss=1.1736
2025-02-06 19:12:29,421 - INFO - Epoch 0: train_loss=1.3679
2025-02-06 19:12:29,643 - INFO - Epoch 0: train_loss=1.1367
2025-02-06 19:12:29,865 - INFO - Epoch 0: train_loss=1.1189
2025-02-06 19:12:30,087 - INFO - Epoch 0: train_loss=1.2058
2025-02-06 19:12:30,308 - INFO - Epoch 0: train_loss=1.2979
2025-02-06 19:12:30,530 - INFO - Epoch 0: train_loss=1.1650
2025-02-06 19:12:30,751 - INFO - Epoch 0: train_loss=1.2061
2025-02-06 19:12:30,972 - INFO - Epoch 0: train_loss=1.0786
2025-02-06 19:12:31,193 - INFO - Epoch 0: train_loss=nan
2025-02-06 19:12:31,414 - INFO - Epoch 0: train_loss=nan
2025-02-06 19:12:31,635 - INFO - Epoch 0: train_loss=nan
2025-02-06 19:12:31,855 - INFO - Epoch 0: train_loss=nan
2025-02-06 19:12:32,075 - INFO - Epoch 0: train_loss=nan
2025-02-06 19:12:32,294 - INFO - Epoch 0: train_loss=nan
2025-02-06 19:12:32,514 - INFO - Epoch 0: train_loss=nan
2025-02-06 19:12:32,734 - INFO - Epoch 0: train_loss=nan
2025-02-06 19:12:32,954 - INFO - Epoch 0: train_loss=nan
2025-02-06 19:12:33,175 - INFO - Epoch 0: train_loss=nan
2025-02-06 19:12:33,395 - INFO - Epoch 0: train_loss=nan
2025-02-06 19:12:33,616 - INFO - Epoch 0: train_loss=nan
2025-02-06 19:12:33,835 - INFO - Epoch 0: train_loss=nan
2025-02-06 19:12:34,057 - INFO - Epoch 0: train_loss=nan
2025-02-06 19:12:34,277 - INFO - Epoch 0: train_loss=nan
2025-02-06 19:12:34,498 - INFO - Epoch 0: train_loss=nan
2025-02-06 19:12:34,718 - INFO - Epoch 0: train_loss=nan
2025-02-06 19:12:34,939 - INFO - Epoch 0: train_loss=nan
2025-02-06 19:12:35,160 - INFO - Epoch 0: train_loss=nan
2025-02-06 19:12:35,380 - INFO - Epoch 0: train_loss=nan
2025-02-06 19:12:35,600 - INFO - Epoch 0: train_loss=nan
2025-02-06 19:12:35,820 - INFO - Epoch 0: train_loss=nan
2025-02-06 19:12:36,040 - INFO - Epoch 0: train_loss=nan
2025-02-06 19:12:36,261 - INFO - Epoch 0: train_loss=nan
2025-02-06 19:12:36,481 - INFO - Epoch 0: train_loss=nan
2025-02-06 19:12:36,702 - INFO - Epoch 0: train_loss=nan
2025-02-06 19:12:36,923 - INFO - Epoch 0: train_loss=nan
2025-02-06 19:12:37,143 - INFO - Epoch 0: train_loss=nan
2025-02-06 19:12:37,364 - INFO - Epoch 0: train_loss=nan
