2025-01-27 10:52:04,171 - INFO - | Parameter       | Value           |
|-----------------|-----------------|
| d_model         | 128            |
| n_heads         | 8              |
| d_f             | 256            |
| num_layers      | 3              |
| d_input         | 32             |
| num_classes     | 3              |
| dropout         | 0.1            |
| learning_rate   | 1e-06          |


2025-01-27 10:52:04,173 - INFO - Starting training...
2025-01-27 10:56:50,707 - INFO - | Parameter       | Value           |
|-----------------|-----------------|
| d_model         | 128            |
| n_heads         | 8              |
| d_f             | 256            |
| num_layers      | 3              |
| d_input         | 32             |
| num_classes     | 3              |
| dropout         | 0.1            |
| learning_rate   | 1e-06          |


2025-01-27 10:56:50,707 - INFO - Starting training...
2025-01-27 10:57:57,402 - INFO - | Parameter       | Value           |
|-----------------|-----------------|
| d_model         | 128            |
| n_heads         | 8              |
| d_f             | 256            |
| num_layers      | 3              |
| d_input         | 32             |
| num_classes     | 3              |
| dropout         | 0.1            |
| learning_rate   | 1e-06          |


2025-01-27 10:57:57,404 - INFO - Starting training...
2025-01-27 10:58:13,641 - INFO - Epoch 1: val_loss=1.4512, val_acc=0.00%
2025-01-27 10:58:27,242 - INFO - Epoch 1: val_loss=1.4741, val_acc=0.00%
2025-01-27 10:58:27,595 - INFO - ####################Training epoch 0####################
2025-01-27 10:58:42,395 - INFO - Epoch 1: train_loss=1.4436
2025-01-27 10:59:13,245 - INFO - Epoch 1: train_loss=1.4400
2025-01-27 10:59:43,411 - INFO - Epoch 1: train_loss=1.4370
2025-01-27 11:00:13,182 - INFO - Epoch 1: train_loss=1.4315
2025-01-27 11:00:44,624 - INFO - Epoch 1: train_loss=1.4171
2025-01-27 11:01:15,995 - INFO - Epoch 1: train_loss=1.4113
2025-01-27 11:01:46,367 - INFO - Epoch 1: train_loss=1.4339
2025-01-27 11:02:18,250 - INFO - Epoch 1: train_loss=1.4130
2025-01-27 11:02:49,760 - INFO - Epoch 1: train_loss=1.4017
2025-01-27 11:03:21,695 - INFO - Epoch 1: train_loss=1.4226
2025-01-27 11:03:53,086 - INFO - Epoch 1: train_loss=1.3880
2025-01-27 11:04:25,503 - INFO - Epoch 1: train_loss=1.4064
2025-01-27 11:04:55,736 - INFO - Epoch 1: train_loss=1.3763
2025-01-27 11:05:26,959 - INFO - Epoch 1: train_loss=1.3873
2025-01-27 11:05:58,336 - INFO - Epoch 1: train_loss=1.3858
2025-01-27 11:06:31,622 - INFO - Epoch 1: train_loss=1.3786
2025-01-27 11:07:03,027 - INFO - Epoch 1: train_loss=1.3920
2025-01-27 11:07:38,080 - INFO - Epoch 1: train_loss=1.3817
2025-01-27 11:08:08,558 - INFO - Epoch 1: train_loss=1.3739
2025-01-27 11:08:41,026 - INFO - Epoch 1: train_loss=1.3927
2025-01-27 11:09:14,167 - INFO - Epoch 1: train_loss=1.3807
2025-01-27 11:09:45,445 - INFO - Epoch 1: train_loss=1.3553
2025-01-27 11:10:49,267 - INFO - | Parameter       | Value           |
|-----------------|-----------------|
| d_model         | 128            |
| n_heads         | 8              |
| d_f             | 256            |
| num_layers      | 3              |
| d_input         | 32             |
| num_classes     | 3              |
| dropout         | 0.1            |
| learning_rate   | 1e-06          |


2025-01-27 11:10:49,269 - INFO - Starting training...
2025-01-27 11:20:37,679 - INFO - | Parameter       | Value           |
|-----------------|-----------------|
| d_model         | 128            |
| n_heads         | 8              |
| d_f             | 256            |
| num_layers      | 3              |
| d_input         | 32             |
| num_classes     | 3              |
| dropout         | 0.1            |
| learning_rate   | 1e-06          |


2025-01-27 11:20:37,682 - INFO - Starting training...
2025-01-27 11:21:02,975 - INFO - Epoch 1: val_loss=1.4208, val_acc=0.00%
2025-01-27 11:21:28,683 - INFO - Epoch 1: val_loss=1.4104, val_acc=0.00%
2025-01-27 11:21:29,085 - INFO - ####################Training epoch 0####################
2025-01-27 11:21:54,045 - INFO - Epoch 1: train_loss=1.4172
2025-01-27 11:22:43,624 - INFO - Epoch 1: train_loss=1.4075
2025-01-27 11:23:32,151 - INFO - Epoch 1: train_loss=1.3783
2025-01-27 11:24:16,614 - INFO - Epoch 1: train_loss=1.3879
2025-01-27 11:25:06,242 - INFO - Epoch 1: train_loss=1.4025
2025-01-27 11:25:58,513 - INFO - Epoch 1: train_loss=1.3925
2025-01-27 11:26:49,012 - INFO - Epoch 1: train_loss=1.3871
2025-01-27 11:27:40,464 - INFO - Epoch 1: train_loss=1.3829
2025-01-27 11:28:29,237 - INFO - Epoch 1: train_loss=1.3624
2025-01-27 11:29:16,616 - INFO - Epoch 1: train_loss=1.3699
2025-01-27 11:30:07,434 - INFO - Epoch 1: train_loss=1.4018
2025-01-27 11:30:55,357 - INFO - Epoch 1: train_loss=1.3385
2025-01-27 11:31:45,779 - INFO - Epoch 1: train_loss=1.3638
2025-01-27 11:32:34,314 - INFO - Epoch 1: train_loss=1.3631
2025-01-27 11:33:28,408 - INFO - Epoch 1: train_loss=1.3759
2025-01-27 11:34:18,028 - INFO - Epoch 1: train_loss=1.3512
2025-01-27 11:35:06,941 - INFO - Epoch 1: train_loss=1.3511
2025-01-27 11:35:58,317 - INFO - Epoch 1: train_loss=1.3549
2025-01-27 11:36:47,302 - INFO - Epoch 1: train_loss=1.2971
2025-01-27 11:37:39,553 - INFO - Epoch 1: train_loss=1.3093
2025-01-27 11:38:34,787 - INFO - Epoch 1: train_loss=1.3411
2025-01-27 11:39:20,143 - INFO - Epoch 1: train_loss=1.3337
2025-01-27 11:40:15,691 - INFO - Epoch 1: train_loss=1.3224
2025-01-27 11:41:07,828 - INFO - Epoch 1: train_loss=1.3177
2025-01-27 11:41:54,099 - INFO - Epoch 1: train_loss=1.3123
2025-01-27 11:42:42,536 - INFO - Epoch 1: train_loss=1.2949
2025-01-27 11:43:28,765 - INFO - Epoch 1: train_loss=1.3173
2025-01-27 11:44:17,136 - INFO - Epoch 1: train_loss=1.3070
2025-01-27 11:45:08,215 - INFO - Epoch 1: train_loss=1.2968
2025-01-27 11:46:01,158 - INFO - Epoch 1: train_loss=1.2781
2025-01-27 11:46:53,812 - INFO - Epoch 1: train_loss=1.3002
2025-01-27 11:47:44,522 - INFO - Epoch 1: train_loss=1.2822
2025-01-27 11:48:34,755 - INFO - Epoch 1: train_loss=1.2954
2025-01-27 11:49:25,026 - INFO - Epoch 1: train_loss=1.2521
2025-01-27 11:50:11,284 - INFO - Epoch 1: train_loss=1.2873
2025-01-27 11:51:00,157 - INFO - Epoch 1: train_loss=1.2747
