2025-01-27 11:59:35,733 - INFO - | Parameter       | Value           |
|-----------------|-----------------|
| d_model         | 128            |
| n_heads         | 8              |
| d_f             | 256            |
| num_layers      | 3              |
| d_input         | 32             |
| num_classes     | 3              |
| dropout         | 0.1            |
| learning_rate   | 1e-06          |


2025-01-27 11:59:35,734 - INFO - Starting training...
2025-01-27 12:01:10,030 - INFO - | Parameter       | Value           |
|-----------------|-----------------|
| d_model         | 128            |
| n_heads         | 8              |
| d_f             | 256            |
| num_layers      | 3              |
| d_input         | 32             |
| num_classes     | 3              |
| dropout         | 0.1            |
| learning_rate   | 1e-05          |


2025-01-27 12:01:10,030 - INFO - Starting training...
2025-01-27 12:02:01,506 - INFO - Epoch 1: val_loss=0.4916, val_acc=96.88%
2025-01-27 12:02:27,871 - INFO - Epoch 1: val_loss=0.4917, val_acc=96.88%
2025-01-27 12:02:28,305 - INFO - ####################Training epoch 0####################
2025-01-27 12:02:54,324 - INFO - Epoch 1: train_loss=0.5753
2025-01-27 12:03:45,629 - INFO - Epoch 1: train_loss=0.5341
2025-01-27 12:04:38,047 - INFO - Epoch 1: train_loss=0.5014
2025-01-27 12:05:26,219 - INFO - Epoch 1: train_loss=0.4726
2025-01-27 12:06:21,912 - INFO - Epoch 1: train_loss=0.4354
2025-01-27 12:07:18,107 - INFO - Epoch 1: train_loss=0.4566
2025-01-27 12:08:14,963 - INFO - Epoch 1: train_loss=0.4307
2025-01-27 12:09:09,928 - INFO - Epoch 1: train_loss=0.4169
2025-01-27 12:10:06,009 - INFO - Epoch 1: train_loss=0.4359
2025-01-27 12:10:59,775 - INFO - Epoch 1: train_loss=0.3987
2025-01-27 12:11:54,624 - INFO - Epoch 1: train_loss=0.3933
2025-01-27 12:12:44,548 - INFO - Epoch 1: train_loss=0.3667
2025-01-27 12:13:44,223 - INFO - Epoch 1: train_loss=0.3186
2025-01-27 12:14:35,553 - INFO - Epoch 1: train_loss=0.3131
2025-01-27 12:15:33,561 - INFO - Epoch 1: train_loss=0.3182
2025-01-27 12:16:26,342 - INFO - Epoch 1: train_loss=0.2581
2025-01-27 12:17:23,843 - INFO - Epoch 1: train_loss=0.2840
2025-01-27 12:18:17,665 - INFO - Epoch 1: train_loss=0.2439
2025-01-27 12:19:11,983 - INFO - Epoch 1: train_loss=0.2327
2025-01-27 12:20:02,475 - INFO - Epoch 1: train_loss=0.2566
2025-01-27 12:20:58,406 - INFO - Epoch 1: train_loss=0.2640
2025-01-27 12:21:53,062 - INFO - Epoch 1: train_loss=0.2140
2025-01-27 12:22:46,746 - INFO - Epoch 1: train_loss=0.2313
2025-01-27 12:23:38,980 - INFO - Epoch 1: train_loss=0.2511
2025-01-27 12:24:29,545 - INFO - Epoch 1: train_loss=0.2069
2025-01-27 12:25:30,185 - INFO - Epoch 1: train_loss=0.2346
2025-01-27 12:26:24,603 - INFO - Epoch 1: train_loss=0.2084
2025-01-27 12:27:19,893 - INFO - Epoch 1: train_loss=0.1848
2025-01-27 12:28:13,643 - INFO - Epoch 1: train_loss=0.1609
2025-01-27 12:29:07,237 - INFO - Epoch 1: train_loss=0.1874
2025-01-27 12:30:00,342 - INFO - Epoch 1: train_loss=0.1710
2025-01-27 12:30:51,866 - INFO - Epoch 1: train_loss=0.1813
2025-01-27 12:31:49,482 - INFO - Epoch 1: train_loss=0.1590
2025-01-27 12:32:47,825 - INFO - Epoch 1: train_loss=0.1674
2025-01-27 12:33:39,061 - INFO - Epoch 1: train_loss=0.1474
2025-01-27 12:34:29,889 - INFO - Epoch 1: train_loss=0.1214
2025-01-27 12:35:26,505 - INFO - Epoch 1: train_loss=0.1247
2025-01-27 12:36:22,343 - INFO - Epoch 1: train_loss=0.1385
2025-01-27 12:37:13,531 - INFO - Epoch 1: train_loss=0.1043
2025-01-27 12:38:04,745 - INFO - Epoch 1: train_loss=0.1197
2025-01-27 12:38:57,332 - INFO - Epoch 1: train_loss=0.1531
2025-01-27 12:39:47,477 - INFO - Epoch 1: train_loss=0.0940
2025-01-27 12:40:36,566 - INFO - Epoch 1: train_loss=0.0909
2025-01-27 12:41:35,011 - INFO - Epoch 1: train_loss=0.1396
2025-01-27 12:42:27,863 - INFO - Epoch 1: train_loss=0.0841
2025-01-27 12:43:23,348 - INFO - Epoch 1: train_loss=0.0992
2025-01-27 12:44:18,728 - INFO - Epoch 1: train_loss=0.0827
2025-01-27 12:45:11,397 - INFO - Epoch 1: train_loss=0.0908
2025-01-27 12:46:10,321 - INFO - Epoch 1: train_loss=0.0791
2025-01-27 12:47:08,036 - INFO - Epoch 1: train_loss=0.0910
2025-01-27 12:48:07,568 - INFO - Epoch 1: val_loss=0.0704, val_acc=100.00%
2025-01-27 12:48:33,150 - INFO - Epoch 1: val_loss=0.0710, val_acc=100.00%
2025-01-27 12:48:59,411 - INFO - Epoch 1: val_loss=0.0576, val_acc=100.00%
2025-01-27 12:49:23,624 - INFO - Epoch 1: val_loss=0.0702, val_acc=100.00%
2025-01-27 12:49:48,211 - INFO - Epoch 1: val_loss=0.0885, val_acc=100.00%
2025-01-27 12:50:14,674 - INFO - Epoch 1: val_loss=0.0606, val_acc=100.00%
2025-01-27 12:50:21,638 - INFO - Epoch 1: val_loss=0.1217, val_acc=100.00%
2025-01-27 12:50:22,119 - INFO - ####################Training epoch 1####################
2025-01-27 12:50:49,609 - INFO - Epoch 2: train_loss=0.0878
2025-01-27 12:51:39,885 - INFO - Epoch 2: train_loss=0.0810
2025-01-27 12:52:36,079 - INFO - Epoch 2: train_loss=0.0647
2025-01-27 12:53:28,003 - INFO - Epoch 2: train_loss=0.0892
2025-01-27 12:54:22,649 - INFO - Epoch 2: train_loss=0.0959
2025-01-27 12:55:23,183 - INFO - Epoch 2: train_loss=0.0740
2025-01-27 12:56:19,335 - INFO - Epoch 2: train_loss=0.0581
2025-01-27 12:57:12,998 - INFO - Epoch 2: train_loss=0.0735
2025-01-27 12:58:12,525 - INFO - Epoch 2: train_loss=0.0752
2025-01-27 12:59:06,238 - INFO - Epoch 2: train_loss=0.0753
2025-01-27 12:59:59,830 - INFO - Epoch 2: train_loss=0.0700
2025-01-27 13:00:52,653 - INFO - Epoch 2: train_loss=0.0559
2025-01-27 13:01:51,633 - INFO - Epoch 2: train_loss=0.0535
2025-01-27 13:02:50,094 - INFO - Epoch 2: train_loss=0.0441
2025-01-27 13:03:46,953 - INFO - Epoch 2: train_loss=0.0536
2025-01-27 13:04:41,593 - INFO - Epoch 2: train_loss=0.0508
2025-01-27 13:05:34,126 - INFO - Epoch 2: train_loss=0.0576
2025-01-27 13:06:29,335 - INFO - Epoch 2: train_loss=0.0488
2025-01-27 13:07:29,279 - INFO - Epoch 2: train_loss=0.0443
2025-01-27 13:08:29,911 - INFO - Epoch 2: train_loss=0.0435
2025-01-27 13:09:29,535 - INFO - Epoch 2: train_loss=0.0447
2025-01-27 13:10:27,180 - INFO - Epoch 2: train_loss=0.0424
2025-01-27 13:11:21,758 - INFO - Epoch 2: train_loss=0.0404
2025-01-27 13:12:22,767 - INFO - Epoch 2: train_loss=0.0425
2025-01-27 13:13:18,775 - INFO - Epoch 2: train_loss=0.0304
2025-01-27 13:14:15,901 - INFO - Epoch 2: train_loss=0.0378
2025-01-27 13:15:17,043 - INFO - Epoch 2: train_loss=0.0536
2025-01-27 13:16:18,791 - INFO - Epoch 2: train_loss=0.0294
2025-01-27 13:17:17,024 - INFO - Epoch 2: train_loss=0.0294
2025-01-27 13:18:15,733 - INFO - Epoch 2: train_loss=0.0274
2025-01-27 13:19:16,125 - INFO - Epoch 2: train_loss=0.0409
2025-01-27 13:20:17,238 - INFO - Epoch 2: train_loss=0.0450
2025-01-27 13:21:16,780 - INFO - Epoch 2: train_loss=0.0257
2025-01-27 13:22:10,144 - INFO - Epoch 2: train_loss=0.0392
2025-01-27 13:23:05,900 - INFO - Epoch 2: train_loss=0.0251
2025-01-27 13:24:04,647 - INFO - Epoch 2: train_loss=0.0489
2025-01-27 13:25:07,397 - INFO - Epoch 2: train_loss=0.0351
2025-01-27 13:26:07,259 - INFO - Epoch 2: train_loss=0.0277
2025-01-27 13:27:09,326 - INFO - Epoch 2: train_loss=0.0287
2025-01-27 13:28:11,600 - INFO - Epoch 2: train_loss=0.0351
2025-01-27 13:29:11,650 - INFO - Epoch 2: train_loss=0.0229
2025-01-27 13:30:11,465 - INFO - Epoch 2: train_loss=0.0216
2025-01-27 13:31:14,095 - INFO - Epoch 2: train_loss=0.0256
2025-01-27 13:32:16,971 - INFO - Epoch 2: train_loss=0.0283
2025-01-27 13:33:09,767 - INFO - Epoch 2: train_loss=0.0189
2025-01-27 13:34:08,627 - INFO - Epoch 2: train_loss=0.0208
2025-01-27 13:35:02,508 - INFO - Epoch 2: train_loss=0.0300
2025-01-27 13:35:57,942 - INFO - Epoch 2: train_loss=0.0245
2025-01-27 13:36:48,180 - INFO - Epoch 2: train_loss=0.0228
2025-01-27 13:37:42,103 - INFO - Epoch 2: train_loss=0.0193
2025-01-27 13:38:34,618 - INFO - Epoch 2: val_loss=0.0178, val_acc=100.00%
2025-01-27 13:38:57,423 - INFO - Epoch 2: val_loss=0.0181, val_acc=100.00%
2025-01-27 13:39:22,706 - INFO - Epoch 2: val_loss=0.0140, val_acc=100.00%
2025-01-27 13:39:45,785 - INFO - Epoch 2: val_loss=0.0178, val_acc=100.00%
2025-01-27 13:40:09,226 - INFO - Epoch 2: val_loss=0.0235, val_acc=100.00%
2025-01-27 13:40:33,172 - INFO - Epoch 2: val_loss=0.0151, val_acc=100.00%
2025-01-27 13:40:40,345 - INFO - Epoch 2: val_loss=0.0335, val_acc=100.00%
2025-01-27 13:40:40,480 - INFO - ####################Training epoch 2####################
2025-01-27 13:41:06,223 - INFO - Epoch 3: train_loss=0.0276
2025-01-27 13:41:55,627 - INFO - Epoch 3: train_loss=0.0261
2025-01-27 13:42:45,358 - INFO - Epoch 3: train_loss=0.0160
2025-01-27 13:43:34,929 - INFO - Epoch 3: train_loss=0.0258
2025-01-27 13:44:24,912 - INFO - Epoch 3: train_loss=0.0294
2025-01-27 13:45:16,173 - INFO - Epoch 3: train_loss=0.0218
2025-01-27 13:46:05,994 - INFO - Epoch 3: train_loss=0.0217
2025-01-27 13:46:54,559 - INFO - Epoch 3: train_loss=0.0153
2025-01-27 13:47:43,700 - INFO - Epoch 3: train_loss=0.0162
2025-01-27 13:48:31,447 - INFO - Epoch 3: train_loss=0.0193
2025-01-27 13:49:21,006 - INFO - Epoch 3: train_loss=0.0282
2025-01-27 13:50:18,046 - INFO - Epoch 3: train_loss=0.0166
2025-01-27 13:51:07,600 - INFO - Epoch 3: train_loss=0.0190
2025-01-27 13:51:58,327 - INFO - Epoch 3: train_loss=0.0152
2025-01-27 13:52:48,196 - INFO - Epoch 3: train_loss=0.0150
2025-01-27 13:53:37,826 - INFO - Epoch 3: train_loss=0.0192
2025-01-27 13:54:27,361 - INFO - Epoch 3: train_loss=0.0179
2025-01-27 13:55:15,851 - INFO - Epoch 3: train_loss=0.0175
2025-01-27 13:56:03,226 - INFO - Epoch 3: train_loss=0.0173
2025-01-27 13:56:53,212 - INFO - Epoch 3: train_loss=0.0179
2025-01-27 13:57:40,256 - INFO - Epoch 3: train_loss=0.0221
2025-01-27 13:58:33,064 - INFO - Epoch 3: train_loss=0.0182
2025-01-27 13:59:21,659 - INFO - Epoch 3: train_loss=0.0170
2025-01-27 14:00:10,726 - INFO - Epoch 3: train_loss=0.0176
2025-01-27 14:01:01,239 - INFO - Epoch 3: train_loss=0.0142
2025-01-27 14:01:47,471 - INFO - Epoch 3: train_loss=0.0165
2025-01-27 14:02:34,797 - INFO - Epoch 3: train_loss=0.0130
2025-01-27 14:03:24,330 - INFO - Epoch 3: train_loss=0.0226
2025-01-27 14:04:12,451 - INFO - Epoch 3: train_loss=0.0171
2025-01-27 14:05:01,421 - INFO - Epoch 3: train_loss=0.0169
2025-01-27 14:05:49,397 - INFO - Epoch 3: train_loss=0.0128
2025-01-27 14:06:39,471 - INFO - Epoch 3: train_loss=0.0187
2025-01-27 14:07:28,470 - INFO - Epoch 3: train_loss=0.0120
2025-01-27 14:08:19,536 - INFO - Epoch 3: train_loss=0.0182
2025-01-27 14:09:08,092 - INFO - Epoch 3: train_loss=0.0137
2025-01-27 14:09:55,656 - INFO - Epoch 3: train_loss=0.0115
2025-01-27 14:10:40,998 - INFO - Epoch 3: train_loss=0.0118
2025-01-27 14:11:26,425 - INFO - Epoch 3: train_loss=0.0149
2025-01-27 14:12:13,953 - INFO - Epoch 3: train_loss=0.0147
2025-01-27 14:13:02,473 - INFO - Epoch 3: train_loss=0.0107
2025-01-27 14:13:50,475 - INFO - Epoch 3: train_loss=0.0168
2025-01-27 14:14:37,736 - INFO - Epoch 3: train_loss=0.0140
2025-01-27 14:15:26,758 - INFO - Epoch 3: train_loss=0.0167
2025-01-27 14:16:15,150 - INFO - Epoch 3: train_loss=0.0166
2025-01-27 14:17:01,525 - INFO - Epoch 3: train_loss=0.0181
2025-01-27 14:17:46,660 - INFO - Epoch 3: train_loss=0.0211
2025-01-27 14:18:35,767 - INFO - Epoch 3: train_loss=0.0108
2025-01-27 14:19:19,533 - INFO - Epoch 3: train_loss=0.0096
2025-01-27 14:20:04,249 - INFO - Epoch 3: train_loss=0.0134
2025-01-27 14:20:51,259 - INFO - Epoch 3: train_loss=0.0159
2025-01-27 14:21:39,076 - INFO - Epoch 3: val_loss=0.0096, val_acc=100.00%
2025-01-27 14:22:01,612 - INFO - Epoch 3: val_loss=0.0097, val_acc=100.00%
2025-01-27 14:22:26,462 - INFO - Epoch 3: val_loss=0.0076, val_acc=100.00%
2025-01-27 14:22:49,444 - INFO - Epoch 3: val_loss=0.0095, val_acc=100.00%
2025-01-27 14:23:12,969 - INFO - Epoch 3: val_loss=0.0125, val_acc=100.00%
2025-01-27 14:23:36,998 - INFO - Epoch 3: val_loss=0.0084, val_acc=100.00%
2025-01-27 14:23:44,646 - INFO - Epoch 3: val_loss=0.0177, val_acc=100.00%
2025-01-27 14:23:44,721 - INFO - ####################Training epoch 3####################
2025-01-27 14:24:08,116 - INFO - Epoch 4: train_loss=0.0153
2025-01-27 14:24:54,142 - INFO - Epoch 4: train_loss=0.0098
2025-01-27 14:25:43,599 - INFO - Epoch 4: train_loss=0.0179
2025-01-27 14:26:33,861 - INFO - Epoch 4: train_loss=0.0149
2025-01-27 14:27:18,200 - INFO - Epoch 4: train_loss=0.0122
2025-01-27 14:28:04,623 - INFO - Epoch 4: train_loss=0.0108
2025-01-27 14:28:48,652 - INFO - Epoch 4: train_loss=0.0122
2025-01-27 14:29:32,857 - INFO - Epoch 4: train_loss=0.0118
2025-01-27 14:30:17,604 - INFO - Epoch 4: train_loss=0.0115
2025-01-27 14:31:01,614 - INFO - Epoch 4: train_loss=0.0145
2025-01-27 14:31:47,480 - INFO - Epoch 4: train_loss=0.0160
2025-01-27 14:32:31,830 - INFO - Epoch 4: train_loss=0.0165
2025-01-27 14:33:18,101 - INFO - Epoch 4: train_loss=0.0179
2025-01-27 14:34:02,537 - INFO - Epoch 4: train_loss=0.0097
2025-01-27 14:34:47,066 - INFO - Epoch 4: train_loss=0.0092
2025-01-27 14:35:32,429 - INFO - Epoch 4: train_loss=0.0112
2025-01-27 14:36:15,918 - INFO - Epoch 4: train_loss=0.0113
2025-01-27 14:36:59,785 - INFO - Epoch 4: train_loss=0.0094
2025-01-27 14:37:45,496 - INFO - Epoch 4: train_loss=0.0105
2025-01-27 14:38:32,872 - INFO - Epoch 4: train_loss=0.0087
2025-01-27 14:39:16,589 - INFO - Epoch 4: train_loss=0.0114
2025-01-27 14:40:00,584 - INFO - Epoch 4: train_loss=0.0103
2025-01-27 14:40:44,296 - INFO - Epoch 4: train_loss=0.0142
2025-01-27 14:41:28,415 - INFO - Epoch 4: train_loss=0.0082
2025-01-27 14:42:13,485 - INFO - Epoch 4: train_loss=0.0083
2025-01-27 14:42:58,664 - INFO - Epoch 4: train_loss=0.0104
