nohup: ignoring input
/groups/icecube/cyan/.local/lib/python3.9/site-packages/pandas/core/arraylike.py:399: RuntimeWarning: invalid value encountered in log10
  result = getattr(ufunc, method)(*inputs, **kwargs)
wandb: Currently logged in as: cyans (cyans-k-benhavns-universitet). Use `wandb login --relogin` to force relogin
wandb: wandb version 0.19.5 is available!  To upgrade, please run:
wandb:  $ pip install wandb --upgrade
wandb: Tracking run with wandb version 0.17.2
wandb: Run data is saved locally in /lustre/hpc/icecube/cyan/factory/IceCubeTransformer/wandb/run-20250130_105557-ptm904jl
wandb: Run `wandb offline` to turn off syncing.
wandb: Syncing run lyric-shadow-1
wandb: ⭐️ View project at https://wandb.ai/cyans-k-benhavns-universitet/%5B20250130_105555%5DNeutrino%20Flavour%20Classification
wandb: 🚀 View run at https://wandb.ai/cyans-k-benhavns-universitet/%5B20250130_105555%5DNeutrino%20Flavour%20Classification/runs/ptm904jl
/groups/icecube/cyan/.local/lib/python3.9/site-packages/lightning_fabric/plugins/environments/slurm.py:204: The `srun` command is available on your system but is not used. HINT: If your intention is to run Lightning on SLURM, prepend your python command with `srun` like so: srun python3.9 TrainingDebuggingYard.py ...
GPU available: True (cuda), used: True
TPU available: False, using: 0 TPU cores
HPU available: False, using: 0 HPUs
You are using a CUDA device ('NVIDIA GeForce RTX 3090') that has Tensor Cores. To properly utilize them, you should set `torch.set_float32_matmul_precision('medium' | 'high')` which will trade-off precision for performance. For more details, read https://pytorch.org/docs/stable/generated/torch.set_float32_matmul_precision.html#torch.set_float32_matmul_precision
Missing logger folder: /lustre/hpc/project/icecube/HE_Nu_Aske_Oct2024/PMTfied/Snowstorm/logs/20250130/105555
2025-01-30 10:55:58.650678: E external/local_xla/xla/stream_executor/cuda/cuda_fft.cc:485] Unable to register cuFFT factory: Attempting to register factory for plugin cuFFT when one has already been registered
2025-01-30 10:55:58.666100: E external/local_xla/xla/stream_executor/cuda/cuda_dnn.cc:8454] Unable to register cuDNN factory: Attempting to register factory for plugin cuDNN when one has already been registered
2025-01-30 10:55:58.670914: E external/local_xla/xla/stream_executor/cuda/cuda_blas.cc:1452] Unable to register cuBLAS factory: Attempting to register factory for plugin cuBLAS when one has already been registered
2025-01-30 10:55:58.684196: I tensorflow/core/platform/cpu_feature_guard.cc:210] This TensorFlow binary is optimized to use available CPU instructions in performance-critical operations.
To enable the following instructions: AVX2 FMA, in other operations, rebuild TensorFlow with the appropriate compiler flags.
2025-01-30 10:56:00.127571: W tensorflow/compiler/tf2tensorrt/utils/py_utils.cc:38] TF-TRT Warning: Could not find TensorRT
LOCAL_RANK: 0 - CUDA_VISIBLE_DEVICES: [1]

  | Name                        | Type       | Params | Mode 
-------------------------------------------------------------------
0 | input_projection            | Linear     | 4.2 K  | train
1 | encoder_blocks              | ModuleList | 397 K  | train
2 | classification_output_layer | Linear     | 387    | train
-------------------------------------------------------------------
402 K     Trainable params
0         Non-trainable params
402 K     Total params
1.608     Total estimated model params size (MB)
Number of GPUs available: 2
GPU 0: NVIDIA GeForce RTX 3090
GPU 1: NVIDIA GeForce RTX 3090
------------- Multi-Flavour Shard (Energy Band: ER_1_PEV_100_PEV, Part: 1, Shard: 1) -------------
Dataset split into train (4800), val (600), and test (600)
Class weights: tensor([0.0006, 0.0006, 0.0006,    inf])
Sanity Checking: |          | 0/? [00:00<?, ?it/s]/groups/icecube/cyan/.local/lib/python3.9/site-packages/pytorch_lightning/trainer/connectors/data_connector.py:475: Your `val_dataloader`'s sampler has shuffling enabled, it is strongly recommended that you turn shuffling off for val/test dataloaders.
Sanity Checking:   0%|          | 0/2 [00:00<?, ?it/s]Sanity Checking DataLoader 0:   0%|          | 0/2 [00:00<?, ?it/s]x shape: torch.Size([128, 2421, 128])
var: tensor([[[251461.2500],
         [248962.7656],
         [281173.5625],
         ...,
         [157431.7812],
         [158842.1875],
         [160069.5156]],

        [[530278.6875],
         [454095.0312],
         [671415.3125],
         ...,
         [243442.5781],
         [243626.4219],
         [160305.6406]],

        [[201401.0625],
         [201437.4688],
         [162648.0938],
         ...,
         [135184.8438],
         [135184.1562],
         [135184.8750]],

        ...,

        [[146200.6094],
         [108234.5156],
         [145053.7812],
         ...,
         [102906.0000],
         [169278.5469],
         [ 86854.1562]],

        [[ 88474.6406],
         [155999.2344],
         [156010.9062],
         ...,
         [ 63710.2031],
         [ 63710.1602],
         [ 16906.6602]],

        [[532399.0000],
         [464822.8750],
         [282041.6562],
         ...,
         [177113.5156],
         [103628.5312],
         [195658.2031]]], device='cuda:0'), var type: <class 'torch.Tensor'>
eps: <Logger nan_checks (INFO)>, eps type: <class 'logging.Logger'>
Traceback (most recent call last):
  File "/lustre/hpc/icecube/cyan/factory/IceCubeTransformer/TrainingDebuggingYard.py", line 215, in <module>
    main()
  File "/lustre/hpc/icecube/cyan/factory/IceCubeTransformer/TrainingDebuggingYard.py", line 211, in main
    trainer = execute()
  File "/lustre/hpc/icecube/cyan/factory/IceCubeTransformer/TrainingDebuggingYard.py", line 205, in execute
    trainer = runTraining(root_dir, config, dm_PeV_1_1)
  File "/lustre/hpc/icecube/cyan/factory/IceCubeTransformer/TrainingDebuggingYard.py", line 72, in runTraining
    trainer.fit(model_class, datamodule=datamodule)
  File "/groups/icecube/cyan/.local/lib/python3.9/site-packages/pytorch_lightning/trainer/trainer.py", line 543, in fit
    call._call_and_handle_interrupt(
  File "/groups/icecube/cyan/.local/lib/python3.9/site-packages/pytorch_lightning/trainer/call.py", line 44, in _call_and_handle_interrupt
    return trainer_fn(*args, **kwargs)
  File "/groups/icecube/cyan/.local/lib/python3.9/site-packages/pytorch_lightning/trainer/trainer.py", line 579, in _fit_impl
    self._run(model, ckpt_path=ckpt_path)
  File "/groups/icecube/cyan/.local/lib/python3.9/site-packages/pytorch_lightning/trainer/trainer.py", line 986, in _run
    results = self._run_stage()
  File "/groups/icecube/cyan/.local/lib/python3.9/site-packages/pytorch_lightning/trainer/trainer.py", line 1028, in _run_stage
    self._run_sanity_check()
  File "/groups/icecube/cyan/.local/lib/python3.9/site-packages/pytorch_lightning/trainer/trainer.py", line 1057, in _run_sanity_check
    val_loop.run()
  File "/groups/icecube/cyan/.local/lib/python3.9/site-packages/pytorch_lightning/loops/utilities.py", line 182, in _decorator
    return loop_run(self, *args, **kwargs)
  File "/groups/icecube/cyan/.local/lib/python3.9/site-packages/pytorch_lightning/loops/evaluation_loop.py", line 135, in run
    self._evaluation_step(batch, batch_idx, dataloader_idx, dataloader_iter)
  File "/groups/icecube/cyan/.local/lib/python3.9/site-packages/pytorch_lightning/loops/evaluation_loop.py", line 396, in _evaluation_step
    output = call._call_strategy_hook(trainer, hook_name, *step_args)
  File "/groups/icecube/cyan/.local/lib/python3.9/site-packages/pytorch_lightning/trainer/call.py", line 311, in _call_strategy_hook
    output = fn(*args, **kwargs)
  File "/groups/icecube/cyan/.local/lib/python3.9/site-packages/pytorch_lightning/strategies/strategy.py", line 411, in validation_step
    return self.lightning_module.validation_step(*args, **kwargs)
  File "/lustre/hpc/icecube/cyan/factory/IceCubeTransformer/Model/FlavourClassificationTransformerEncoder.py", line 80, in validation_step
    logits = self(x, mask)
  File "/groups/icecube/cyan/.local/lib/python3.9/site-packages/torch/nn/modules/module.py", line 1553, in _wrapped_call_impl
    return self._call_impl(*args, **kwargs)
  File "/groups/icecube/cyan/.local/lib/python3.9/site-packages/torch/nn/modules/module.py", line 1562, in _call_impl
    return forward_call(*args, **kwargs)
  File "/lustre/hpc/icecube/cyan/factory/IceCubeTransformer/Model/FlavourClassificationTransformerEncoder.py", line 50, in forward
    x = encoder(x, mask)
  File "/groups/icecube/cyan/.local/lib/python3.9/site-packages/torch/nn/modules/module.py", line 1553, in _wrapped_call_impl
    return self._call_impl(*args, **kwargs)
  File "/groups/icecube/cyan/.local/lib/python3.9/site-packages/torch/nn/modules/module.py", line 1562, in _call_impl
    return forward_call(*args, **kwargs)
  File "/lustre/hpc/icecube/cyan/factory/IceCubeTransformer/Model/EncoderBlock.py", line 32, in forward
    x = self.norm_attention(x + self.dropout(attn_output))
  File "/groups/icecube/cyan/.local/lib/python3.9/site-packages/torch/nn/modules/module.py", line 1553, in _wrapped_call_impl
    return self._call_impl(*args, **kwargs)
  File "/groups/icecube/cyan/.local/lib/python3.9/site-packages/torch/nn/modules/module.py", line 1562, in _call_impl
    return forward_call(*args, **kwargs)
  File "/lustre/hpc/icecube/cyan/factory/IceCubeTransformer/Model/BuildingBlocks/LayerNormalisation.py", line 26, in forward
    x_normalised = (x - mu) / torch.sqrt(var + self.eps)
TypeError: unsupported operand type(s) for +: 'Tensor' and 'Logger'
wandb: - 0.008 MB of 0.008 MB uploadedwandb: \ 0.008 MB of 0.008 MB uploadedwandb: | 0.008 MB of 0.008 MB uploadedwandb: / 0.015 MB of 0.028 MB uploadedwandb: - 0.028 MB of 0.028 MB uploadedwandb: 🚀 View run lyric-shadow-1 at: https://wandb.ai/cyans-k-benhavns-universitet/%5B20250130_105555%5DNeutrino%20Flavour%20Classification/runs/ptm904jl
wandb: ⭐️ View project at: https://wandb.ai/cyans-k-benhavns-universitet/%5B20250130_105555%5DNeutrino%20Flavour%20Classification
wandb: Synced 5 W&B file(s), 0 media file(s), 2 artifact file(s) and 0 other file(s)
wandb: Find logs at: ./wandb/run-20250130_105557-ptm904jl/logs
wandb: WARNING The new W&B backend becomes opt-out in version 0.18.0; try it out with `wandb.require("core")`! See https://wandb.me/wandb-core for more information.
