nohup: ignoring input
/groups/icecube/cyan/.local/lib/python3.9/site-packages/pandas/core/arraylike.py:399: RuntimeWarning: invalid value encountered in log10
  result = getattr(ufunc, method)(*inputs, **kwargs)
Number of GPUs available: 2
GPU 0: NVIDIA GeForce RTX 3090
GPU 1: NVIDIA GeForce RTX 3090
------------- Multi-Flavour Shard (Energy Band: ER_1_PEV_100_PEV, Part: 1, Shard: 1) -------------
Traceback (most recent call last):
  File "/lustre/hpc/icecube/cyan/factory/IceCubeTransformer/TrainingDebuggingYard.py", line 215, in <module>
    main()
  File "/lustre/hpc/icecube/cyan/factory/IceCubeTransformer/TrainingDebuggingYard.py", line 211, in main
    trainer = execute()
  File "/lustre/hpc/icecube/cyan/factory/IceCubeTransformer/TrainingDebuggingYard.py", line 205, in execute
    trainer = runTraining(root_dir, config, dm_PeV_1_1)
  File "/lustre/hpc/icecube/cyan/factory/IceCubeTransformer/TrainingDebuggingYard.py", line 45, in runTraining
    model_class = build_model(model_config, nan_logger, train_logger)
  File "/lustre/hpc/icecube/cyan/factory/IceCubeTransformer/TrainingDebuggingYard.py", line 22, in build_model
    model = FlavourClassificationTransformerEncoder(
  File "/lustre/hpc/icecube/cyan/factory/IceCubeTransformer/Model/FlavourClassificationTransformerEncoder.py", line 38, in __init__
    [EncoderBlock(
  File "/lustre/hpc/icecube/cyan/factory/IceCubeTransformer/Model/FlavourClassificationTransformerEncoder.py", line 38, in <listcomp>
    [EncoderBlock(
  File "/lustre/hpc/icecube/cyan/factory/IceCubeTransformer/Model/EncoderBlock.py", line 26, in __init__
    self.norm_attention = LayerNormalisation(d_model = self.d_model, 
TypeError: __init__() got an unexpected keyword argument 'd_model'
