nohup: ignoring input
/groups/icecube/cyan/.local/lib/python3.9/site-packages/pandas/core/arraylike.py:399: RuntimeWarning: invalid value encountered in log10
  result = getattr(ufunc, method)(*inputs, **kwargs)
wandb: Currently logged in as: cyans (cyans-k-benhavns-universitet). Use `wandb login --relogin` to force relogin
wandb: wandb version 0.19.5 is available!  To upgrade, please run:
wandb:  $ pip install wandb --upgrade
wandb: Tracking run with wandb version 0.17.2
wandb: Run data is saved locally in /lustre/hpc/icecube/cyan/factory/IceCubeTransformer/wandb/run-20250130_162126-lv6x8n45
wandb: Run `wandb offline` to turn off syncing.
wandb: Syncing run exalted-firebrand-1
wandb: ⭐️ View project at https://wandb.ai/cyans-k-benhavns-universitet/%5B20250130_162124%5DNeutrino%20Flavour%20Classification
wandb: 🚀 View run at https://wandb.ai/cyans-k-benhavns-universitet/%5B20250130_162124%5DNeutrino%20Flavour%20Classification/runs/lv6x8n45
/groups/icecube/cyan/.local/lib/python3.9/site-packages/lightning_fabric/plugins/environments/slurm.py:204: The `srun` command is available on your system but is not used. HINT: If your intention is to run Lightning on SLURM, prepend your python command with `srun` like so: srun python3.9 TrainingDebuggingYard.py ...
GPU available: True (cuda), used: True
TPU available: False, using: 0 TPU cores
HPU available: False, using: 0 HPUs
You are using a CUDA device ('NVIDIA GeForce RTX 3090') that has Tensor Cores. To properly utilize them, you should set `torch.set_float32_matmul_precision('medium' | 'high')` which will trade-off precision for performance. For more details, read https://pytorch.org/docs/stable/generated/torch.set_float32_matmul_precision.html#torch.set_float32_matmul_precision
Missing logger folder: /lustre/hpc/project/icecube/HE_Nu_Aske_Oct2024/PMTfied/Snowstorm/logs/20250130/162124
2025-01-30 16:21:32.204524: E external/local_xla/xla/stream_executor/cuda/cuda_fft.cc:485] Unable to register cuFFT factory: Attempting to register factory for plugin cuFFT when one has already been registered
2025-01-30 16:21:32.338882: E external/local_xla/xla/stream_executor/cuda/cuda_dnn.cc:8454] Unable to register cuDNN factory: Attempting to register factory for plugin cuDNN when one has already been registered
2025-01-30 16:21:32.400388: E external/local_xla/xla/stream_executor/cuda/cuda_blas.cc:1452] Unable to register cuBLAS factory: Attempting to register factory for plugin cuBLAS when one has already been registered
2025-01-30 16:21:32.661899: I tensorflow/core/platform/cpu_feature_guard.cc:210] This TensorFlow binary is optimized to use available CPU instructions in performance-critical operations.
To enable the following instructions: AVX2 FMA, in other operations, rebuild TensorFlow with the appropriate compiler flags.
2025-01-30 16:21:36.042486: W tensorflow/compiler/tf2tensorrt/utils/py_utils.cc:38] TF-TRT Warning: Could not find TensorRT
Number of GPUs available: 2
GPU 0: NVIDIA GeForce RTX 3090
GPU 1: NVIDIA GeForce RTX 3090
------------- Multi-Flavour Shard (Energy Band: ER_1_PEV_100_PEV, Part: 1, Shard: 1) -------------
Traceback (most recent call last):
  File "/lustre/hpc/icecube/cyan/factory/IceCubeTransformer/TrainingDebuggingYard.py", line 215, in <module>
    main()
  File "/lustre/hpc/icecube/cyan/factory/IceCubeTransformer/TrainingDebuggingYard.py", line 211, in main
    trainer = execute()
  File "/lustre/hpc/icecube/cyan/factory/IceCubeTransformer/TrainingDebuggingYard.py", line 205, in execute
    trainer = runTraining(root_dir, config, dm_PeV_1_1)
  File "/lustre/hpc/icecube/cyan/factory/IceCubeTransformer/TrainingDebuggingYard.py", line 72, in runTraining
    trainer.fit(model_class, datamodule=datamodule)
  File "/groups/icecube/cyan/.local/lib/python3.9/site-packages/pytorch_lightning/trainer/trainer.py", line 543, in fit
    call._call_and_handle_interrupt(
  File "/groups/icecube/cyan/.local/lib/python3.9/site-packages/pytorch_lightning/trainer/call.py", line 44, in _call_and_handle_interrupt
    return trainer_fn(*args, **kwargs)
  File "/groups/icecube/cyan/.local/lib/python3.9/site-packages/pytorch_lightning/trainer/trainer.py", line 579, in _fit_impl
    self._run(model, ckpt_path=ckpt_path)
  File "/groups/icecube/cyan/.local/lib/python3.9/site-packages/pytorch_lightning/trainer/trainer.py", line 948, in _run
    call._call_setup_hook(self)  # allow user to set up LightningModule in accelerator environment
  File "/groups/icecube/cyan/.local/lib/python3.9/site-packages/pytorch_lightning/trainer/call.py", line 94, in _call_setup_hook
    _call_lightning_datamodule_hook(trainer, "setup", stage=fn)
  File "/groups/icecube/cyan/.local/lib/python3.9/site-packages/pytorch_lightning/trainer/call.py", line 181, in _call_lightning_datamodule_hook
    return fn(*args, **kwargs)
  File "/lustre/hpc/icecube/cyan/factory/IceCubeTransformer/DataSocket/PMTfiedDataModule.py", line 23, in setup
    if self.train_dataset is None:  # Prevent re-splitting
AttributeError: 'PMTfiedDataModule' object has no attribute 'train_dataset'
wandb: - 0.008 MB of 0.008 MB uploadedwandb: \ 0.008 MB of 0.008 MB uploadedwandb: | 0.008 MB of 0.008 MB uploadedwandb: / 0.015 MB of 0.024 MB uploadedwandb: - 0.024 MB of 0.024 MB uploadedwandb: 🚀 View run exalted-firebrand-1 at: https://wandb.ai/cyans-k-benhavns-universitet/%5B20250130_162124%5DNeutrino%20Flavour%20Classification/runs/lv6x8n45
wandb: ⭐️ View project at: https://wandb.ai/cyans-k-benhavns-universitet/%5B20250130_162124%5DNeutrino%20Flavour%20Classification
wandb: Synced 5 W&B file(s), 0 media file(s), 2 artifact file(s) and 0 other file(s)
wandb: Find logs at: ./wandb/run-20250130_162126-lv6x8n45/logs
wandb: WARNING The new W&B backend becomes opt-out in version 0.18.0; try it out with `wandb.require("core")`! See https://wandb.me/wandb-core for more information.
