nohup: ignoring input
Number of GPUs available: 2
GPU 0: NVIDIA GeForce RTX 3090
GPU 1: NVIDIA GeForce RTX 3090
------------- Multi-Flavour Shard (Energy Band: ER_1_PEV_100_PEV, Part: 1, Shard: 1) -------------
Traceback (most recent call last):
  File "/lustre/hpc/icecube/cyan/factory/IceCubeTransformer/TrainingDebuggingYard.py", line 266, in <module>
    main()
  File "/lustre/hpc/icecube/cyan/factory/IceCubeTransformer/TrainingDebuggingYard.py", line 257, in main
    cProfile.run("execute()", "profiling_results")
  File "/usr/lib64/python3.9/cProfile.py", line 17, in run
    return _pyprofile._Utils(Profile).run(statement, filename, sort)
  File "/usr/lib64/python3.9/profile.py", line 54, in run
    prof.run(statement)
  File "/usr/lib64/python3.9/cProfile.py", line 96, in run
    return self.runctx(cmd, dict, dict)
  File "/usr/lib64/python3.9/cProfile.py", line 101, in runctx
    exec(cmd, globals, locals)
  File "<string>", line 1, in <module>
  File "/lustre/hpc/icecube/cyan/factory/IceCubeTransformer/TrainingDebuggingYard.py", line 212, in execute
    ds_PeV_1_1_first10 = DatasetMultiFlavourShard_Micro(
TypeError: __init__() got an unexpected keyword argument 'first_n_events'
