nohup: ignoring input
wandb: Currently logged in as: cyans (cyans-k-benhavns-universitet). Use `wandb login --relogin` to force relogin
wandb: wandb version 0.19.5 is available!  To upgrade, please run:
wandb:  $ pip install wandb --upgrade
wandb: Tracking run with wandb version 0.17.2
wandb: Run data is saved locally in /lustre/hpc/icecube/cyan/factory/IceCubeTransformer/wandb/run-20250201_143454-uffwvtcd
wandb: Run `wandb offline` to turn off syncing.
wandb: Syncing run logical-sound-1
wandb: ⭐️ View project at https://wandb.ai/cyans-k-benhavns-universitet/%5B20250201_143453%5DNeutrino%20Flavour%20Classification
wandb: 🚀 View run at https://wandb.ai/cyans-k-benhavns-universitet/%5B20250201_143453%5DNeutrino%20Flavour%20Classification/runs/uffwvtcd
/groups/icecube/cyan/.local/lib/python3.9/site-packages/lightning_fabric/plugins/environments/slurm.py:204: The `srun` command is available on your system but is not used. HINT: If your intention is to run Lightning on SLURM, prepend your python command with `srun` like so: srun python3.9 TrainingDebuggingYard.py ...
GPU available: True (cuda), used: True
TPU available: False, using: 0 TPU cores
HPU available: False, using: 0 HPUs
Number of GPUs available: 2
GPU 0: NVIDIA GeForce RTX 3090
GPU 1: NVIDIA GeForce RTX 3090
------------- Multi-Flavour Shard (Energy Band: ER_1_PEV_100_PEV, Part: 1, Shard: 1) -------------
------------- Multi-Flavour Shard (Energy Band: ER_1_PEV_100_PEV, Part: 1, Shard: 1) -------------
Traceback (most recent call last):
  File "/lustre/hpc/icecube/cyan/factory/IceCubeTransformer/TrainingDebuggingYard.py", line 289, in <module>
    main()
  File "/lustre/hpc/icecube/cyan/factory/IceCubeTransformer/TrainingDebuggingYard.py", line 280, in main
    execute()
  File "/lustre/hpc/icecube/cyan/factory/IceCubeTransformer/TrainingDebuggingYard.py", line 276, in execute
    runTraining(root_dir, config, dm_PeV_1_1_first10)
  File "/lustre/hpc/icecube/cyan/factory/IceCubeTransformer/TrainingDebuggingYard.py", line 175, in runTraining
    os.path.join(dirs["cProfile_dir"], f"profiler_{current_time}")
KeyError: 'cProfile_dir'
wandb: - 0.008 MB of 0.008 MB uploadedwandb: \ 0.008 MB of 0.008 MB uploadedwandb: | 0.008 MB of 0.008 MB uploadedwandb: / 0.015 MB of 0.022 MB uploadedwandb: - 0.022 MB of 0.022 MB uploadedwandb: 🚀 View run logical-sound-1 at: https://wandb.ai/cyans-k-benhavns-universitet/%5B20250201_143453%5DNeutrino%20Flavour%20Classification/runs/uffwvtcd
wandb: ⭐️ View project at: https://wandb.ai/cyans-k-benhavns-universitet/%5B20250201_143453%5DNeutrino%20Flavour%20Classification
wandb: Synced 5 W&B file(s), 0 media file(s), 2 artifact file(s) and 0 other file(s)
wandb: Find logs at: ./wandb/run-20250201_143454-uffwvtcd/logs
wandb: WARNING The new W&B backend becomes opt-out in version 0.18.0; try it out with `wandb.require("core")`! See https://wandb.me/wandb-core for more information.
