2025-02-01 15:45:18,886 - INFO - Starting training with the following parameters:
2025-02-01 15:45:18,887 - INFO - | Parameter       | Value               |
|-----------------|---------------------|
| attention       | Scaled Dot-Product |
| d_model         | 128            |
| n_heads         | 8              |
| d_f             | 256            |
| num_layers      | 3              |
| d_input         | 32             |
| num_classes     | 3              |
| dropout         | 0.1            |
| learning_rate   | 0.001          |
| epochs          | 50             |

2025-02-01 15:45:20,605 - INFO - Epoch 0: val_loss=1.2382, val_acc=33.33%
2025-02-01 15:45:20,740 - INFO - ####################Training epoch 0####################
2025-02-01 15:45:20,893 - INFO - Epoch 0: train_loss=1.1352
2025-02-01 15:45:22,213 - INFO - Epoch 0: val_loss=2.3610, val_acc=33.33%
2025-02-01 15:45:22,250 - INFO - ####################Training epoch 1####################
2025-02-01 15:45:22,533 - INFO - Epoch 1: train_loss=2.2595
2025-02-01 15:45:23,007 - INFO - Epoch 1: val_loss=2.4447, val_acc=33.33%
2025-02-01 15:45:23,034 - INFO - ####################Training epoch 2####################
2025-02-01 15:45:23,322 - INFO - Epoch 2: train_loss=1.5161
2025-02-01 15:45:23,791 - INFO - Epoch 2: val_loss=2.1783, val_acc=0.00%
2025-02-01 15:45:23,818 - INFO - ####################Training epoch 3####################
2025-02-01 15:45:24,108 - INFO - Epoch 3: train_loss=0.9937
2025-02-01 15:45:24,581 - INFO - Epoch 3: val_loss=2.3869, val_acc=33.33%
2025-02-01 15:45:24,585 - INFO - ####################Training epoch 4####################
2025-02-01 15:45:24,872 - INFO - Epoch 4: train_loss=1.2485
2025-02-01 15:45:25,348 - INFO - Epoch 4: val_loss=2.3505, val_acc=33.33%
2025-02-01 15:45:25,352 - INFO - ####################Training epoch 5####################
2025-02-01 15:45:25,640 - INFO - Epoch 5: train_loss=1.2308
2025-02-01 15:45:26,116 - INFO - Epoch 5: val_loss=2.4068, val_acc=33.33%
2025-02-01 15:45:26,120 - INFO - ####################Training epoch 6####################
2025-02-01 15:45:26,409 - INFO - Epoch 6: train_loss=1.0126
2025-02-01 15:45:26,885 - INFO - Epoch 6: val_loss=2.4292, val_acc=0.00%
2025-02-01 15:45:26,913 - INFO - ####################Training epoch 7####################
2025-02-01 15:45:27,200 - INFO - Epoch 7: train_loss=1.0124
2025-02-01 15:45:27,674 - INFO - Epoch 7: val_loss=2.5019, val_acc=33.33%
2025-02-01 15:45:27,678 - INFO - ####################Training epoch 8####################
2025-02-01 15:45:27,967 - INFO - Epoch 8: train_loss=1.0952
2025-02-01 15:45:28,439 - INFO - Epoch 8: val_loss=2.4450, val_acc=33.33%
2025-02-01 15:45:28,442 - INFO - ####################Training epoch 9####################
2025-02-01 15:45:28,731 - INFO - Epoch 9: train_loss=1.0762
2025-02-01 15:45:29,204 - INFO - Epoch 9: val_loss=2.3947, val_acc=33.33%
2025-02-01 15:45:29,208 - INFO - ####################Training epoch 10####################
2025-02-01 15:45:29,494 - INFO - Epoch 10: train_loss=1.0305
2025-02-01 15:45:29,970 - INFO - Epoch 10: val_loss=2.3477, val_acc=33.33%
2025-02-01 15:45:29,974 - INFO - ####################Training epoch 11####################
2025-02-01 15:45:30,262 - INFO - Epoch 11: train_loss=0.9643
2025-02-01 15:45:30,736 - INFO - Epoch 11: val_loss=2.3412, val_acc=33.33%
2025-02-01 15:45:30,740 - INFO - ####################Training epoch 12####################
2025-02-01 15:45:31,030 - INFO - Epoch 12: train_loss=0.9156
2025-02-01 15:45:31,502 - INFO - Epoch 12: val_loss=2.3980, val_acc=33.33%
2025-02-01 15:45:31,506 - INFO - ####################Training epoch 13####################
2025-02-01 15:45:31,795 - INFO - Epoch 13: train_loss=0.9028
2025-02-01 15:45:32,268 - INFO - Epoch 13: val_loss=2.4931, val_acc=33.33%
2025-02-01 15:45:32,272 - INFO - ####################Training epoch 14####################
2025-02-01 15:45:32,562 - INFO - Epoch 14: train_loss=0.9087
2025-02-01 15:45:33,037 - INFO - Epoch 14: val_loss=2.6867, val_acc=0.00%
2025-02-01 15:45:33,065 - INFO - ####################Training epoch 15####################
2025-02-01 15:45:33,355 - INFO - Epoch 15: train_loss=0.9737
2025-02-01 15:45:33,828 - INFO - Epoch 15: val_loss=2.7055, val_acc=0.00%
2025-02-01 15:45:33,832 - INFO - ####################Training epoch 16####################
2025-02-01 15:45:34,123 - INFO - Epoch 16: train_loss=0.9614
2025-02-01 15:45:34,596 - INFO - Epoch 16: val_loss=2.7213, val_acc=0.00%
2025-02-01 15:45:34,600 - INFO - ####################Training epoch 17####################
2025-02-01 15:45:34,888 - INFO - Epoch 17: train_loss=0.9742
2025-02-01 15:45:35,361 - INFO - Epoch 17: val_loss=2.6956, val_acc=0.00%
2025-02-01 15:45:35,365 - INFO - ####################Training epoch 18####################
2025-02-01 15:45:35,655 - INFO - Epoch 18: train_loss=0.9364
2025-02-01 15:45:36,131 - INFO - Epoch 18: val_loss=2.6427, val_acc=0.00%
2025-02-01 15:45:36,135 - INFO - ####################Training epoch 19####################
2025-02-01 15:45:36,423 - INFO - Epoch 19: train_loss=0.9005
2025-02-01 15:45:36,900 - INFO - Epoch 19: val_loss=2.5774, val_acc=0.00%
2025-02-01 15:45:36,903 - INFO - ####################Training epoch 20####################
2025-02-01 15:45:37,194 - INFO - Epoch 20: train_loss=0.8812
2025-02-01 15:45:37,669 - INFO - Epoch 20: val_loss=2.5301, val_acc=0.00%
2025-02-01 15:45:37,673 - INFO - ####################Training epoch 21####################
2025-02-01 15:45:37,963 - INFO - Epoch 21: train_loss=0.8718
2025-02-01 15:45:38,437 - INFO - Epoch 21: val_loss=2.5200, val_acc=0.00%
2025-02-01 15:45:38,441 - INFO - ####################Training epoch 22####################
2025-02-01 15:45:38,729 - INFO - Epoch 22: train_loss=0.8718
2025-02-01 15:45:39,204 - INFO - Epoch 22: val_loss=2.5160, val_acc=0.00%
2025-02-01 15:45:39,208 - INFO - ####################Training epoch 23####################
2025-02-01 15:45:39,499 - INFO - Epoch 23: train_loss=0.8640
2025-02-01 15:45:39,973 - INFO - Epoch 23: val_loss=2.5195, val_acc=0.00%
2025-02-01 15:45:39,977 - INFO - ####################Training epoch 24####################
2025-02-01 15:45:40,266 - INFO - Epoch 24: train_loss=0.8612
2025-02-01 15:45:40,741 - INFO - Epoch 24: val_loss=2.5305, val_acc=0.00%
2025-02-01 15:45:40,745 - INFO - ####################Training epoch 25####################
2025-02-01 15:45:41,035 - INFO - Epoch 25: train_loss=0.8497
2025-02-01 15:45:41,510 - INFO - Epoch 25: val_loss=2.5518, val_acc=0.00%
2025-02-01 15:45:41,515 - INFO - ####################Training epoch 26####################
2025-02-01 15:45:41,805 - INFO - Epoch 26: train_loss=0.8378
2025-02-01 15:45:42,273 - INFO - Epoch 26: val_loss=2.5756, val_acc=0.00%
2025-02-01 15:45:42,277 - INFO - ####################Training epoch 27####################
2025-02-01 15:45:42,567 - INFO - Epoch 27: train_loss=0.8213
2025-02-01 15:45:43,044 - INFO - Epoch 27: val_loss=2.5947, val_acc=0.00%
2025-02-01 15:45:43,048 - INFO - ####################Training epoch 28####################
2025-02-01 15:45:43,338 - INFO - Epoch 28: train_loss=0.8151
2025-02-01 15:45:43,813 - INFO - Epoch 28: val_loss=2.6113, val_acc=33.33%
2025-02-01 15:45:43,817 - INFO - ####################Training epoch 29####################
2025-02-01 15:45:44,109 - INFO - Epoch 29: train_loss=0.8036
2025-02-01 15:45:44,585 - INFO - Epoch 29: val_loss=2.6365, val_acc=33.33%
2025-02-01 15:45:44,589 - INFO - ####################Training epoch 30####################
2025-02-01 15:45:44,880 - INFO - Epoch 30: train_loss=0.7978
2025-02-01 15:45:45,356 - INFO - Epoch 30: val_loss=2.6569, val_acc=33.33%
2025-02-01 15:45:45,359 - INFO - ####################Training epoch 31####################
2025-02-01 15:45:45,650 - INFO - Epoch 31: train_loss=0.7943
2025-02-01 15:45:46,126 - INFO - Epoch 31: val_loss=2.6806, val_acc=33.33%
2025-02-01 15:45:46,130 - INFO - ####################Training epoch 32####################
2025-02-01 15:45:46,421 - INFO - Epoch 32: train_loss=0.7877
2025-02-01 15:45:46,895 - INFO - Epoch 32: val_loss=2.6856, val_acc=33.33%
2025-02-01 15:45:46,900 - INFO - ####################Training epoch 33####################
2025-02-01 15:45:47,190 - INFO - Epoch 33: train_loss=0.7833
2025-02-01 15:45:47,663 - INFO - Epoch 33: val_loss=2.6958, val_acc=33.33%
2025-02-01 15:45:47,668 - INFO - ####################Training epoch 34####################
2025-02-01 15:45:47,956 - INFO - Epoch 34: train_loss=0.7784
2025-02-01 15:45:48,430 - INFO - Epoch 34: val_loss=2.7034, val_acc=33.33%
2025-02-01 15:45:48,433 - INFO - ####################Training epoch 35####################
2025-02-01 15:45:48,724 - INFO - Epoch 35: train_loss=0.7756
2025-02-01 15:45:49,199 - INFO - Epoch 35: val_loss=2.6941, val_acc=33.33%
2025-02-01 15:45:49,203 - INFO - ####################Training epoch 36####################
2025-02-01 15:45:49,492 - INFO - Epoch 36: train_loss=0.7713
2025-02-01 15:45:49,967 - INFO - Epoch 36: val_loss=2.6935, val_acc=33.33%
2025-02-01 15:45:49,971 - INFO - ####################Training epoch 37####################
2025-02-01 15:45:50,259 - INFO - Epoch 37: train_loss=0.7687
2025-02-01 15:45:50,735 - INFO - Epoch 37: val_loss=2.6949, val_acc=33.33%
2025-02-01 15:45:50,739 - INFO - ####################Training epoch 38####################
2025-02-01 15:45:51,029 - INFO - Epoch 38: train_loss=0.7612
2025-02-01 15:45:51,504 - INFO - Epoch 38: val_loss=2.6865, val_acc=33.33%
2025-02-01 15:45:51,508 - INFO - ####################Training epoch 39####################
2025-02-01 15:45:51,798 - INFO - Epoch 39: train_loss=0.7580
2025-02-01 15:45:52,272 - INFO - Epoch 39: val_loss=2.6898, val_acc=33.33%
2025-02-01 15:45:52,276 - INFO - ####################Training epoch 40####################
2025-02-01 15:45:52,564 - INFO - Epoch 40: train_loss=0.7554
2025-02-01 15:45:53,041 - INFO - Epoch 40: val_loss=2.6886, val_acc=33.33%
2025-02-01 15:45:53,045 - INFO - ####################Training epoch 41####################
2025-02-01 15:45:53,334 - INFO - Epoch 41: train_loss=0.7563
2025-02-01 15:45:53,807 - INFO - Epoch 41: val_loss=2.6878, val_acc=33.33%
2025-02-01 15:45:53,811 - INFO - ####################Training epoch 42####################
2025-02-01 15:45:54,103 - INFO - Epoch 42: train_loss=0.7503
2025-02-01 15:45:54,578 - INFO - Epoch 42: val_loss=2.6915, val_acc=33.33%
2025-02-01 15:45:54,581 - INFO - ####################Training epoch 43####################
2025-02-01 15:45:54,997 - INFO - Epoch 43: train_loss=0.7478
2025-02-01 15:45:55,472 - INFO - Epoch 43: val_loss=2.6893, val_acc=33.33%
2025-02-01 15:45:55,476 - INFO - ####################Training epoch 44####################
2025-02-01 15:45:55,767 - INFO - Epoch 44: train_loss=0.7469
2025-02-01 15:45:56,244 - INFO - Epoch 44: val_loss=2.6886, val_acc=33.33%
2025-02-01 15:45:56,247 - INFO - ####################Training epoch 45####################
2025-02-01 15:45:56,538 - INFO - Epoch 45: train_loss=0.7408
2025-02-01 15:45:57,014 - INFO - Epoch 45: val_loss=2.6925, val_acc=33.33%
2025-02-01 15:45:57,018 - INFO - ####################Training epoch 46####################
2025-02-01 15:45:57,309 - INFO - Epoch 46: train_loss=0.7425
2025-02-01 15:45:57,785 - INFO - Epoch 46: val_loss=2.6828, val_acc=33.33%
2025-02-01 15:45:57,789 - INFO - ####################Training epoch 47####################
2025-02-01 15:45:58,074 - INFO - Epoch 47: train_loss=0.7420
2025-02-01 15:45:58,549 - INFO - Epoch 47: val_loss=2.7016, val_acc=33.33%
2025-02-01 15:45:58,553 - INFO - ####################Training epoch 48####################
2025-02-01 15:45:58,843 - INFO - Epoch 48: train_loss=0.7413
2025-02-01 15:45:59,318 - INFO - Epoch 48: val_loss=2.6940, val_acc=33.33%
2025-02-01 15:45:59,322 - INFO - ####################Training epoch 49####################
2025-02-01 15:45:59,612 - INFO - Epoch 49: train_loss=0.7379
2025-02-01 15:46:00,088 - INFO - Epoch 49: val_loss=2.6953, val_acc=33.33%
2025-02-01 15:46:00,226 - INFO - Model saved.
