2025-02-01 15:47:36,413 - INFO - Starting training with the following parameters:
2025-02-01 15:47:36,415 - INFO - | Parameter       | Value               |
|-----------------|---------------------|
| attention       | Scaled Dot-Product |
| d_model         | 128            |
| n_heads         | 8              |
| d_f             | 256            |
| num_layers      | 3              |
| d_input         | 32             |
| num_classes     | 3              |
| dropout         | 0.1            |
| learning_rate   | 0.001          |
| epochs          | 100            |

2025-02-01 15:47:36,973 - INFO - Epoch 0: val_loss=1.0919, val_acc=33.33%
2025-02-01 15:47:37,105 - INFO - ####################Training epoch 0####################
2025-02-01 15:47:37,250 - INFO - Epoch 0: train_loss=1.0783
2025-02-01 15:47:37,774 - INFO - Epoch 0: val_loss=2.7749, val_acc=0.00%
2025-02-01 15:47:37,803 - INFO - ####################Training epoch 1####################
2025-02-01 15:47:38,081 - INFO - Epoch 1: train_loss=1.4788
2025-02-01 15:47:38,552 - INFO - Epoch 1: val_loss=2.3258, val_acc=33.33%
2025-02-01 15:47:38,578 - INFO - ####################Training epoch 2####################
2025-02-01 15:47:38,863 - INFO - Epoch 2: train_loss=1.2891
2025-02-01 15:47:39,332 - INFO - Epoch 2: val_loss=2.3767, val_acc=33.33%
2025-02-01 15:47:39,359 - INFO - ####################Training epoch 3####################
2025-02-01 15:47:39,646 - INFO - Epoch 3: train_loss=0.9170
2025-02-01 15:47:40,117 - INFO - Epoch 3: val_loss=2.5224, val_acc=33.33%
2025-02-01 15:47:40,121 - INFO - ####################Training epoch 4####################
2025-02-01 15:47:40,406 - INFO - Epoch 4: train_loss=1.0776
2025-02-01 15:47:40,877 - INFO - Epoch 4: val_loss=2.7416, val_acc=33.33%
2025-02-01 15:47:40,881 - INFO - ####################Training epoch 5####################
2025-02-01 15:47:41,167 - INFO - Epoch 5: train_loss=0.9450
2025-02-01 15:47:41,638 - INFO - Epoch 5: val_loss=2.7541, val_acc=0.00%
2025-02-01 15:47:41,668 - INFO - ####################Training epoch 6####################
2025-02-01 15:47:41,954 - INFO - Epoch 6: train_loss=0.8749
2025-02-01 15:47:42,427 - INFO - Epoch 6: val_loss=2.8686, val_acc=0.00%
2025-02-01 15:47:42,458 - INFO - ####################Training epoch 7####################
2025-02-01 15:47:42,745 - INFO - Epoch 7: train_loss=0.9334
2025-02-01 15:47:43,216 - INFO - Epoch 7: val_loss=2.9129, val_acc=0.00%
2025-02-01 15:47:43,220 - INFO - ####################Training epoch 8####################
2025-02-01 15:47:43,507 - INFO - Epoch 8: train_loss=0.8577
2025-02-01 15:47:43,979 - INFO - Epoch 8: val_loss=2.9147, val_acc=33.33%
2025-02-01 15:47:43,983 - INFO - ####################Training epoch 9####################
2025-02-01 15:47:44,269 - INFO - Epoch 9: train_loss=0.8233
2025-02-01 15:47:44,740 - INFO - Epoch 9: val_loss=2.9005, val_acc=33.33%
2025-02-01 15:47:44,744 - INFO - ####################Training epoch 10####################
2025-02-01 15:47:45,029 - INFO - Epoch 10: train_loss=0.8123
2025-02-01 15:47:45,502 - INFO - Epoch 10: val_loss=2.8659, val_acc=33.33%
2025-02-01 15:47:45,506 - INFO - ####################Training epoch 11####################
2025-02-01 15:47:45,792 - INFO - Epoch 11: train_loss=0.7994
2025-02-01 15:47:46,262 - INFO - Epoch 11: val_loss=2.9814, val_acc=33.33%
2025-02-01 15:47:46,266 - INFO - ####################Training epoch 12####################
2025-02-01 15:47:46,555 - INFO - Epoch 12: train_loss=0.7668
2025-02-01 15:47:47,028 - INFO - Epoch 12: val_loss=3.1706, val_acc=33.33%
2025-02-01 15:47:47,032 - INFO - ####################Training epoch 13####################
2025-02-01 15:47:47,317 - INFO - Epoch 13: train_loss=0.7257
2025-02-01 15:47:47,789 - INFO - Epoch 13: val_loss=3.3560, val_acc=33.33%
2025-02-01 15:47:47,793 - INFO - ####################Training epoch 14####################
2025-02-01 15:47:48,079 - INFO - Epoch 14: train_loss=0.7020
2025-02-01 15:47:48,552 - INFO - Epoch 14: val_loss=3.4153, val_acc=33.33%
2025-02-01 15:47:48,556 - INFO - ####################Training epoch 15####################
2025-02-01 15:47:48,844 - INFO - Epoch 15: train_loss=0.6916
2025-02-01 15:47:49,318 - INFO - Epoch 15: val_loss=3.4378, val_acc=33.33%
2025-02-01 15:47:49,321 - INFO - ####################Training epoch 16####################
2025-02-01 15:47:49,610 - INFO - Epoch 16: train_loss=0.6801
2025-02-01 15:47:50,083 - INFO - Epoch 16: val_loss=3.4693, val_acc=33.33%
2025-02-01 15:47:50,087 - INFO - ####################Training epoch 17####################
2025-02-01 15:47:50,374 - INFO - Epoch 17: train_loss=0.6687
2025-02-01 15:47:50,847 - INFO - Epoch 17: val_loss=3.5053, val_acc=33.33%
2025-02-01 15:47:50,851 - INFO - ####################Training epoch 18####################
2025-02-01 15:47:51,139 - INFO - Epoch 18: train_loss=0.6660
2025-02-01 15:47:51,611 - INFO - Epoch 18: val_loss=3.5393, val_acc=33.33%
2025-02-01 15:47:51,614 - INFO - ####################Training epoch 19####################
2025-02-01 15:47:51,901 - INFO - Epoch 19: train_loss=0.6596
2025-02-01 15:47:52,374 - INFO - Epoch 19: val_loss=3.5867, val_acc=33.33%
2025-02-01 15:47:52,378 - INFO - ####################Training epoch 20####################
2025-02-01 15:47:52,666 - INFO - Epoch 20: train_loss=0.6504
2025-02-01 15:47:53,140 - INFO - Epoch 20: val_loss=3.5861, val_acc=33.33%
2025-02-01 15:47:53,144 - INFO - ####################Training epoch 21####################
2025-02-01 15:47:53,432 - INFO - Epoch 21: train_loss=0.6433
2025-02-01 15:47:53,907 - INFO - Epoch 21: val_loss=3.6159, val_acc=33.33%
2025-02-01 15:47:53,911 - INFO - ####################Training epoch 22####################
2025-02-01 15:47:54,196 - INFO - Epoch 22: train_loss=0.6410
2025-02-01 15:47:54,669 - INFO - Epoch 22: val_loss=3.6232, val_acc=33.33%
2025-02-01 15:47:54,673 - INFO - ####################Training epoch 23####################
2025-02-01 15:47:54,960 - INFO - Epoch 23: train_loss=0.6368
2025-02-01 15:47:55,433 - INFO - Epoch 23: val_loss=3.6334, val_acc=33.33%
2025-02-01 15:47:55,436 - INFO - ####################Training epoch 24####################
2025-02-01 15:47:55,725 - INFO - Epoch 24: train_loss=0.6336
2025-02-01 15:47:56,197 - INFO - Epoch 24: val_loss=3.6628, val_acc=33.33%
2025-02-01 15:47:56,201 - INFO - ####################Training epoch 25####################
2025-02-01 15:47:56,488 - INFO - Epoch 25: train_loss=0.6270
2025-02-01 15:47:56,962 - INFO - Epoch 25: val_loss=3.6266, val_acc=33.33%
2025-02-01 15:47:56,965 - INFO - ####################Training epoch 26####################
2025-02-01 15:47:57,252 - INFO - Epoch 26: train_loss=0.6218
2025-02-01 15:47:57,724 - INFO - Epoch 26: val_loss=3.6230, val_acc=33.33%
2025-02-01 15:47:57,728 - INFO - ####################Training epoch 27####################
2025-02-01 15:47:58,016 - INFO - Epoch 27: train_loss=0.6221
2025-02-01 15:47:58,490 - INFO - Epoch 27: val_loss=3.6169, val_acc=33.33%
2025-02-01 15:47:58,494 - INFO - ####################Training epoch 28####################
2025-02-01 15:47:58,781 - INFO - Epoch 28: train_loss=0.6210
2025-02-01 15:47:59,255 - INFO - Epoch 28: val_loss=3.6425, val_acc=33.33%
2025-02-01 15:47:59,259 - INFO - ####################Training epoch 29####################
2025-02-01 15:47:59,546 - INFO - Epoch 29: train_loss=0.6188
2025-02-01 15:48:00,018 - INFO - Epoch 29: val_loss=3.6276, val_acc=33.33%
2025-02-01 15:48:00,022 - INFO - ####################Training epoch 30####################
2025-02-01 15:48:00,309 - INFO - Epoch 30: train_loss=0.6151
2025-02-01 15:48:00,783 - INFO - Epoch 30: val_loss=3.6210, val_acc=33.33%
2025-02-01 15:48:00,787 - INFO - ####################Training epoch 31####################
2025-02-01 15:48:01,073 - INFO - Epoch 31: train_loss=0.6146
2025-02-01 15:48:01,547 - INFO - Epoch 31: val_loss=3.6709, val_acc=33.33%
2025-02-01 15:48:01,550 - INFO - ####################Training epoch 32####################
2025-02-01 15:48:01,838 - INFO - Epoch 32: train_loss=0.6092
2025-02-01 15:48:02,309 - INFO - Epoch 32: val_loss=3.6849, val_acc=33.33%
2025-02-01 15:48:02,314 - INFO - ####################Training epoch 33####################
2025-02-01 15:48:02,599 - INFO - Epoch 33: train_loss=0.6075
2025-02-01 15:48:03,071 - INFO - Epoch 33: val_loss=3.7070, val_acc=33.33%
2025-02-01 15:48:03,075 - INFO - ####################Training epoch 34####################
2025-02-01 15:48:03,360 - INFO - Epoch 34: train_loss=0.6093
2025-02-01 15:48:03,832 - INFO - Epoch 34: val_loss=3.7153, val_acc=33.33%
2025-02-01 15:48:03,835 - INFO - ####################Training epoch 35####################
2025-02-01 15:48:04,121 - INFO - Epoch 35: train_loss=0.6069
2025-02-01 15:48:04,593 - INFO - Epoch 35: val_loss=3.6922, val_acc=33.33%
2025-02-01 15:48:04,597 - INFO - ####################Training epoch 36####################
2025-02-01 15:48:04,880 - INFO - Epoch 36: train_loss=0.6050
2025-02-01 15:48:05,350 - INFO - Epoch 36: val_loss=3.7388, val_acc=33.33%
2025-02-01 15:48:05,353 - INFO - ####################Training epoch 37####################
2025-02-01 15:48:05,639 - INFO - Epoch 37: train_loss=0.6055
2025-02-01 15:48:06,110 - INFO - Epoch 37: val_loss=3.7190, val_acc=33.33%
2025-02-01 15:48:06,114 - INFO - ####################Training epoch 38####################
2025-02-01 15:48:06,398 - INFO - Epoch 38: train_loss=0.6042
2025-02-01 15:48:06,868 - INFO - Epoch 38: val_loss=3.7225, val_acc=33.33%
2025-02-01 15:48:06,872 - INFO - ####################Training epoch 39####################
2025-02-01 15:48:07,157 - INFO - Epoch 39: train_loss=0.6050
2025-02-01 15:48:07,629 - INFO - Epoch 39: val_loss=3.6918, val_acc=33.33%
2025-02-01 15:48:07,633 - INFO - ####################Training epoch 40####################
2025-02-01 15:48:07,919 - INFO - Epoch 40: train_loss=0.6028
2025-02-01 15:48:08,392 - INFO - Epoch 40: val_loss=3.7114, val_acc=33.33%
2025-02-01 15:48:08,395 - INFO - ####################Training epoch 41####################
2025-02-01 15:48:08,687 - INFO - Epoch 41: train_loss=0.5992
2025-02-01 15:48:09,159 - INFO - Epoch 41: val_loss=3.7134, val_acc=33.33%
2025-02-01 15:48:09,163 - INFO - ####################Training epoch 42####################
2025-02-01 15:48:09,447 - INFO - Epoch 42: train_loss=0.5993
2025-02-01 15:48:09,915 - INFO - Epoch 42: val_loss=3.7254, val_acc=33.33%
2025-02-01 15:48:09,919 - INFO - ####################Training epoch 43####################
2025-02-01 15:48:10,334 - INFO - Epoch 43: train_loss=0.6013
2025-02-01 15:48:10,804 - INFO - Epoch 43: val_loss=3.7343, val_acc=33.33%
2025-02-01 15:48:10,808 - INFO - ####################Training epoch 44####################
2025-02-01 15:48:11,098 - INFO - Epoch 44: train_loss=0.5974
2025-02-01 15:48:11,569 - INFO - Epoch 44: val_loss=3.7405, val_acc=33.33%
2025-02-01 15:48:11,573 - INFO - ####################Training epoch 45####################
2025-02-01 15:48:11,858 - INFO - Epoch 45: train_loss=0.5981
2025-02-01 15:48:12,328 - INFO - Epoch 45: val_loss=3.7305, val_acc=33.33%
2025-02-01 15:48:12,331 - INFO - ####################Training epoch 46####################
2025-02-01 15:48:12,617 - INFO - Epoch 46: train_loss=0.5949
2025-02-01 15:48:13,088 - INFO - Epoch 46: val_loss=3.7513, val_acc=33.33%
2025-02-01 15:48:13,092 - INFO - ####################Training epoch 47####################
2025-02-01 15:48:13,376 - INFO - Epoch 47: train_loss=0.5979
2025-02-01 15:48:13,847 - INFO - Epoch 47: val_loss=3.7622, val_acc=33.33%
2025-02-01 15:48:13,851 - INFO - ####################Training epoch 48####################
2025-02-01 15:48:14,135 - INFO - Epoch 48: train_loss=0.5972
2025-02-01 15:48:14,607 - INFO - Epoch 48: val_loss=3.7563, val_acc=33.33%
2025-02-01 15:48:14,610 - INFO - ####################Training epoch 49####################
2025-02-01 15:48:14,897 - INFO - Epoch 49: train_loss=0.5979
2025-02-01 15:48:15,367 - INFO - Epoch 49: val_loss=3.7459, val_acc=33.33%
2025-02-01 15:48:15,370 - INFO - ####################Training epoch 50####################
2025-02-01 15:48:15,657 - INFO - Epoch 50: train_loss=0.5989
2025-02-01 15:48:16,128 - INFO - Epoch 50: val_loss=3.7576, val_acc=33.33%
2025-02-01 15:48:16,131 - INFO - ####################Training epoch 51####################
2025-02-01 15:48:16,414 - INFO - Epoch 51: train_loss=0.5980
2025-02-01 15:48:16,885 - INFO - Epoch 51: val_loss=3.7474, val_acc=33.33%
2025-02-01 15:48:16,889 - INFO - ####################Training epoch 52####################
2025-02-01 15:48:17,175 - INFO - Epoch 52: train_loss=0.5952
2025-02-01 15:48:17,648 - INFO - Epoch 52: val_loss=3.7659, val_acc=33.33%
2025-02-01 15:48:17,651 - INFO - ####################Training epoch 53####################
2025-02-01 15:48:17,937 - INFO - Epoch 53: train_loss=0.5961
2025-02-01 15:48:18,409 - INFO - Epoch 53: val_loss=3.7748, val_acc=33.33%
2025-02-01 15:48:18,413 - INFO - ####################Training epoch 54####################
2025-02-01 15:48:18,698 - INFO - Epoch 54: train_loss=0.5966
2025-02-01 15:48:19,170 - INFO - Epoch 54: val_loss=3.7660, val_acc=33.33%
2025-02-01 15:48:19,173 - INFO - ####################Training epoch 55####################
2025-02-01 15:48:19,459 - INFO - Epoch 55: train_loss=0.5939
2025-02-01 15:48:19,929 - INFO - Epoch 55: val_loss=3.7336, val_acc=33.33%
2025-02-01 15:48:19,933 - INFO - ####################Training epoch 56####################
2025-02-01 15:48:20,219 - INFO - Epoch 56: train_loss=0.5948
2025-02-01 15:48:20,692 - INFO - Epoch 56: val_loss=3.7863, val_acc=33.33%
2025-02-01 15:48:20,695 - INFO - ####################Training epoch 57####################
2025-02-01 15:48:20,981 - INFO - Epoch 57: train_loss=0.5973
2025-02-01 15:48:21,453 - INFO - Epoch 57: val_loss=3.7654, val_acc=33.33%
2025-02-01 15:48:21,456 - INFO - ####################Training epoch 58####################
2025-02-01 15:48:21,744 - INFO - Epoch 58: train_loss=0.5958
2025-02-01 15:48:22,214 - INFO - Epoch 58: val_loss=3.7705, val_acc=33.33%
2025-02-01 15:48:22,218 - INFO - ####################Training epoch 59####################
2025-02-01 15:48:22,504 - INFO - Epoch 59: train_loss=0.5948
2025-02-01 15:48:22,975 - INFO - Epoch 59: val_loss=3.7694, val_acc=33.33%
2025-02-01 15:48:22,979 - INFO - ####################Training epoch 60####################
2025-02-01 15:48:23,265 - INFO - Epoch 60: train_loss=0.5983
2025-02-01 15:48:23,736 - INFO - Epoch 60: val_loss=3.7782, val_acc=33.33%
2025-02-01 15:48:23,740 - INFO - ####################Training epoch 61####################
2025-02-01 15:48:24,028 - INFO - Epoch 61: train_loss=0.5962
2025-02-01 15:48:24,497 - INFO - Epoch 61: val_loss=3.7567, val_acc=33.33%
2025-02-01 15:48:24,501 - INFO - ####################Training epoch 62####################
2025-02-01 15:48:24,787 - INFO - Epoch 62: train_loss=0.5937
2025-02-01 15:48:25,258 - INFO - Epoch 62: val_loss=3.7710, val_acc=33.33%
2025-02-01 15:48:25,261 - INFO - ####################Training epoch 63####################
2025-02-01 15:48:25,545 - INFO - Epoch 63: train_loss=0.5987
2025-02-01 15:48:26,016 - INFO - Epoch 63: val_loss=3.7948, val_acc=33.33%
2025-02-01 15:48:26,020 - INFO - ####################Training epoch 64####################
2025-02-01 15:48:26,309 - INFO - Epoch 64: train_loss=0.5932
2025-02-01 15:48:26,780 - INFO - Epoch 64: val_loss=3.7672, val_acc=33.33%
2025-02-01 15:48:26,784 - INFO - ####################Training epoch 65####################
2025-02-01 15:48:27,073 - INFO - Epoch 65: train_loss=0.5961
2025-02-01 15:48:27,543 - INFO - Epoch 65: val_loss=3.7740, val_acc=33.33%
2025-02-01 15:48:27,546 - INFO - ####################Training epoch 66####################
2025-02-01 15:48:27,831 - INFO - Epoch 66: train_loss=0.5941
2025-02-01 15:48:28,300 - INFO - Epoch 66: val_loss=3.7448, val_acc=33.33%
2025-02-01 15:48:28,304 - INFO - ####################Training epoch 67####################
2025-02-01 15:48:28,591 - INFO - Epoch 67: train_loss=0.5933
2025-02-01 15:48:29,059 - INFO - Epoch 67: val_loss=3.7864, val_acc=33.33%
2025-02-01 15:48:29,063 - INFO - ####################Training epoch 68####################
2025-02-01 15:48:29,349 - INFO - Epoch 68: train_loss=0.5962
2025-02-01 15:48:29,822 - INFO - Epoch 68: val_loss=3.8021, val_acc=33.33%
2025-02-01 15:48:29,826 - INFO - ####################Training epoch 69####################
2025-02-01 15:48:30,113 - INFO - Epoch 69: train_loss=0.5968
2025-02-01 15:48:30,582 - INFO - Epoch 69: val_loss=3.7935, val_acc=33.33%
2025-02-01 15:48:30,586 - INFO - ####################Training epoch 70####################
2025-02-01 15:48:30,873 - INFO - Epoch 70: train_loss=0.5919
2025-02-01 15:48:31,344 - INFO - Epoch 70: val_loss=3.7505, val_acc=33.33%
2025-02-01 15:48:31,348 - INFO - ####################Training epoch 71####################
2025-02-01 15:48:31,636 - INFO - Epoch 71: train_loss=0.5945
2025-02-01 15:48:32,108 - INFO - Epoch 71: val_loss=3.8026, val_acc=33.33%
2025-02-01 15:48:32,111 - INFO - ####################Training epoch 72####################
2025-02-01 15:48:32,395 - INFO - Epoch 72: train_loss=0.5949
2025-02-01 15:48:32,865 - INFO - Epoch 72: val_loss=3.7818, val_acc=33.33%
2025-02-01 15:48:32,869 - INFO - ####################Training epoch 73####################
2025-02-01 15:48:33,154 - INFO - Epoch 73: train_loss=0.5965
2025-02-01 15:48:33,622 - INFO - Epoch 73: val_loss=3.7775, val_acc=33.33%
2025-02-01 15:48:33,626 - INFO - ####################Training epoch 74####################
2025-02-01 15:48:33,912 - INFO - Epoch 74: train_loss=0.5967
2025-02-01 15:48:34,379 - INFO - Epoch 74: val_loss=3.7667, val_acc=33.33%
2025-02-01 15:48:34,383 - INFO - ####################Training epoch 75####################
2025-02-01 15:48:34,670 - INFO - Epoch 75: train_loss=0.5934
2025-02-01 15:48:35,138 - INFO - Epoch 75: val_loss=3.7696, val_acc=33.33%
2025-02-01 15:48:35,142 - INFO - ####################Training epoch 76####################
2025-02-01 15:48:35,427 - INFO - Epoch 76: train_loss=0.5996
2025-02-01 15:48:35,895 - INFO - Epoch 76: val_loss=3.7696, val_acc=33.33%
2025-02-01 15:48:35,899 - INFO - ####################Training epoch 77####################
2025-02-01 15:48:36,187 - INFO - Epoch 77: train_loss=0.5937
2025-02-01 15:48:36,658 - INFO - Epoch 77: val_loss=3.8020, val_acc=33.33%
2025-02-01 15:48:36,661 - INFO - ####################Training epoch 78####################
2025-02-01 15:48:36,950 - INFO - Epoch 78: train_loss=0.5960
2025-02-01 15:48:37,418 - INFO - Epoch 78: val_loss=3.7883, val_acc=33.33%
2025-02-01 15:48:37,422 - INFO - ####################Training epoch 79####################
2025-02-01 15:48:37,709 - INFO - Epoch 79: train_loss=0.5967
2025-02-01 15:48:38,180 - INFO - Epoch 79: val_loss=3.7576, val_acc=33.33%
2025-02-01 15:48:38,184 - INFO - ####################Training epoch 80####################
2025-02-01 15:48:38,470 - INFO - Epoch 80: train_loss=0.5966
2025-02-01 15:48:38,938 - INFO - Epoch 80: val_loss=3.7814, val_acc=33.33%
2025-02-01 15:48:38,941 - INFO - ####################Training epoch 81####################
2025-02-01 15:48:39,229 - INFO - Epoch 81: train_loss=0.5945
2025-02-01 15:48:39,701 - INFO - Epoch 81: val_loss=3.7936, val_acc=33.33%
2025-02-01 15:48:39,705 - INFO - ####################Training epoch 82####################
2025-02-01 15:48:39,990 - INFO - Epoch 82: train_loss=0.5935
2025-02-01 15:48:40,462 - INFO - Epoch 82: val_loss=3.7653, val_acc=33.33%
2025-02-01 15:48:40,466 - INFO - ####################Training epoch 83####################
2025-02-01 15:48:40,752 - INFO - Epoch 83: train_loss=0.5962
2025-02-01 15:48:41,222 - INFO - Epoch 83: val_loss=3.7696, val_acc=33.33%
2025-02-01 15:48:41,225 - INFO - ####################Training epoch 84####################
2025-02-01 15:48:41,513 - INFO - Epoch 84: train_loss=0.5946
2025-02-01 15:48:41,983 - INFO - Epoch 84: val_loss=3.7844, val_acc=33.33%
2025-02-01 15:48:41,986 - INFO - ####################Training epoch 85####################
2025-02-01 15:48:42,271 - INFO - Epoch 85: train_loss=0.5952
2025-02-01 15:48:42,742 - INFO - Epoch 85: val_loss=3.7716, val_acc=33.33%
2025-02-01 15:48:42,746 - INFO - ####################Training epoch 86####################
2025-02-01 15:48:43,033 - INFO - Epoch 86: train_loss=0.5955
2025-02-01 15:48:43,503 - INFO - Epoch 86: val_loss=3.7488, val_acc=33.33%
2025-02-01 15:48:43,507 - INFO - ####################Training epoch 87####################
2025-02-01 15:48:43,792 - INFO - Epoch 87: train_loss=0.5924
2025-02-01 15:48:44,264 - INFO - Epoch 87: val_loss=3.7659, val_acc=33.33%
2025-02-01 15:48:44,268 - INFO - ####################Training epoch 88####################
2025-02-01 15:48:44,554 - INFO - Epoch 88: train_loss=0.5943
2025-02-01 15:48:45,025 - INFO - Epoch 88: val_loss=3.7766, val_acc=33.33%
2025-02-01 15:48:45,029 - INFO - ####################Training epoch 89####################
2025-02-01 15:48:45,314 - INFO - Epoch 89: train_loss=0.5943
2025-02-01 15:48:45,788 - INFO - Epoch 89: val_loss=3.7756, val_acc=33.33%
2025-02-01 15:48:45,792 - INFO - ####################Training epoch 90####################
2025-02-01 15:48:46,077 - INFO - Epoch 90: train_loss=0.5970
2025-02-01 15:48:46,547 - INFO - Epoch 90: val_loss=3.7933, val_acc=33.33%
2025-02-01 15:48:46,551 - INFO - ####################Training epoch 91####################
2025-02-01 15:48:46,839 - INFO - Epoch 91: train_loss=0.5949
2025-02-01 15:48:47,310 - INFO - Epoch 91: val_loss=3.7815, val_acc=33.33%
2025-02-01 15:48:47,314 - INFO - ####################Training epoch 92####################
2025-02-01 15:48:47,595 - INFO - Epoch 92: train_loss=0.5958
2025-02-01 15:48:48,066 - INFO - Epoch 92: val_loss=3.7729, val_acc=33.33%
2025-02-01 15:48:48,069 - INFO - ####################Training epoch 93####################
2025-02-01 15:48:48,354 - INFO - Epoch 93: train_loss=0.5914
2025-02-01 15:48:48,826 - INFO - Epoch 93: val_loss=3.8072, val_acc=33.33%
2025-02-01 15:48:48,830 - INFO - ####################Training epoch 94####################
2025-02-01 15:48:49,116 - INFO - Epoch 94: train_loss=0.5965
2025-02-01 15:48:49,586 - INFO - Epoch 94: val_loss=3.7584, val_acc=33.33%
2025-02-01 15:48:49,590 - INFO - ####################Training epoch 95####################
2025-02-01 15:48:49,876 - INFO - Epoch 95: train_loss=0.5961
2025-02-01 15:48:50,347 - INFO - Epoch 95: val_loss=3.7607, val_acc=33.33%
2025-02-01 15:48:50,351 - INFO - ####################Training epoch 96####################
2025-02-01 15:48:50,635 - INFO - Epoch 96: train_loss=0.5955
2025-02-01 15:48:51,107 - INFO - Epoch 96: val_loss=3.7621, val_acc=33.33%
2025-02-01 15:48:51,111 - INFO - ####################Training epoch 97####################
2025-02-01 15:48:51,400 - INFO - Epoch 97: train_loss=0.5922
2025-02-01 15:48:51,870 - INFO - Epoch 97: val_loss=3.7726, val_acc=33.33%
2025-02-01 15:48:51,874 - INFO - ####################Training epoch 98####################
2025-02-01 15:48:52,162 - INFO - Epoch 98: train_loss=0.5945
2025-02-01 15:48:52,633 - INFO - Epoch 98: val_loss=3.7968, val_acc=33.33%
2025-02-01 15:48:52,636 - INFO - ####################Training epoch 99####################
2025-02-01 15:48:52,925 - INFO - Epoch 99: train_loss=0.5963
2025-02-01 15:48:53,394 - INFO - Epoch 99: val_loss=3.7703, val_acc=33.33%
2025-02-01 15:48:53,531 - INFO - Model saved.
