2025-02-01 15:49:36,739 - INFO - Starting training with the following parameters:
2025-02-01 15:49:36,739 - INFO - | Parameter       | Value               |
|-----------------|---------------------|
| attention       | Scaled Dot-Product |
| d_model         | 128            |
| n_heads         | 8              |
| d_f             | 256            |
| num_layers      | 3              |
| d_input         | 32             |
| num_classes     | 3              |
| dropout         | 0.1            |
| learning_rate   | 0.01           |
| epochs          | 100            |

2025-02-01 15:49:37,307 - INFO - Epoch 0: val_loss=1.4006, val_acc=0.00%
2025-02-01 15:49:37,439 - INFO - ####################Training epoch 0####################
2025-02-01 15:49:37,584 - INFO - Epoch 0: train_loss=1.2402
2025-02-01 15:49:38,108 - INFO - Epoch 0: val_loss=2.4553, val_acc=33.33%
2025-02-01 15:49:38,137 - INFO - ####################Training epoch 1####################
2025-02-01 15:49:38,415 - INFO - Epoch 1: train_loss=3.0515
2025-02-01 15:49:38,885 - INFO - Epoch 1: val_loss=3.8746, val_acc=33.33%
2025-02-01 15:49:38,911 - INFO - ####################Training epoch 2####################
2025-02-01 15:49:39,198 - INFO - Epoch 2: train_loss=3.9683
2025-02-01 15:49:39,671 - INFO - Epoch 2: val_loss=2.1915, val_acc=33.33%
2025-02-01 15:49:39,698 - INFO - ####################Training epoch 3####################
2025-02-01 15:49:39,987 - INFO - Epoch 3: train_loss=1.4802
2025-02-01 15:49:40,457 - INFO - Epoch 3: val_loss=3.4822, val_acc=0.00%
2025-02-01 15:49:40,486 - INFO - ####################Training epoch 4####################
2025-02-01 15:49:40,770 - INFO - Epoch 4: train_loss=1.9581
2025-02-01 15:49:41,241 - INFO - Epoch 4: val_loss=1.7701, val_acc=33.33%
2025-02-01 15:49:41,245 - INFO - ####################Training epoch 5####################
2025-02-01 15:49:41,532 - INFO - Epoch 5: train_loss=1.4048
2025-02-01 15:49:42,003 - INFO - Epoch 5: val_loss=1.0167, val_acc=33.33%
2025-02-01 15:49:42,007 - INFO - ####################Training epoch 6####################
2025-02-01 15:49:42,295 - INFO - Epoch 6: train_loss=1.1245
2025-02-01 15:49:42,765 - INFO - Epoch 6: val_loss=1.1967, val_acc=0.00%
2025-02-01 15:49:42,825 - INFO - ####################Training epoch 7####################
2025-02-01 15:49:43,114 - INFO - Epoch 7: train_loss=1.1871
2025-02-01 15:49:43,585 - INFO - Epoch 7: val_loss=1.4144, val_acc=0.00%
2025-02-01 15:49:43,614 - INFO - ####################Training epoch 8####################
2025-02-01 15:49:43,903 - INFO - Epoch 8: train_loss=1.2508
2025-02-01 15:49:44,369 - INFO - Epoch 8: val_loss=1.3479, val_acc=0.00%
2025-02-01 15:49:44,373 - INFO - ####################Training epoch 9####################
2025-02-01 15:49:44,659 - INFO - Epoch 9: train_loss=1.1966
2025-02-01 15:49:45,126 - INFO - Epoch 9: val_loss=1.1388, val_acc=0.00%
2025-02-01 15:49:45,130 - INFO - ####################Training epoch 10####################
2025-02-01 15:49:45,417 - INFO - Epoch 10: train_loss=1.1107
2025-02-01 15:49:45,885 - INFO - Epoch 10: val_loss=1.0339, val_acc=33.33%
2025-02-01 15:49:45,889 - INFO - ####################Training epoch 11####################
2025-02-01 15:49:46,175 - INFO - Epoch 11: train_loss=1.1308
2025-02-01 15:49:46,647 - INFO - Epoch 11: val_loss=1.0715, val_acc=33.33%
2025-02-01 15:49:46,651 - INFO - ####################Training epoch 12####################
2025-02-01 15:49:46,942 - INFO - Epoch 12: train_loss=1.1794
2025-02-01 15:49:47,416 - INFO - Epoch 12: val_loss=1.0776, val_acc=33.33%
2025-02-01 15:49:47,420 - INFO - ####################Training epoch 13####################
2025-02-01 15:49:47,706 - INFO - Epoch 13: train_loss=1.1726
2025-02-01 15:49:48,175 - INFO - Epoch 13: val_loss=1.0721, val_acc=33.33%
2025-02-01 15:49:48,179 - INFO - ####################Training epoch 14####################
2025-02-01 15:49:48,464 - INFO - Epoch 14: train_loss=1.1417
2025-02-01 15:49:48,937 - INFO - Epoch 14: val_loss=1.0764, val_acc=33.33%
2025-02-01 15:49:48,941 - INFO - ####################Training epoch 15####################
2025-02-01 15:49:49,228 - INFO - Epoch 15: train_loss=1.1085
2025-02-01 15:49:49,698 - INFO - Epoch 15: val_loss=1.1140, val_acc=0.00%
2025-02-01 15:49:49,702 - INFO - ####################Training epoch 16####################
2025-02-01 15:49:49,987 - INFO - Epoch 16: train_loss=1.0991
2025-02-01 15:49:50,457 - INFO - Epoch 16: val_loss=1.1667, val_acc=0.00%
2025-02-01 15:49:50,461 - INFO - ####################Training epoch 17####################
2025-02-01 15:49:50,745 - INFO - Epoch 17: train_loss=1.1161
2025-02-01 15:49:51,217 - INFO - Epoch 17: val_loss=1.1858, val_acc=0.00%
2025-02-01 15:49:51,221 - INFO - ####################Training epoch 18####################
2025-02-01 15:49:51,506 - INFO - Epoch 18: train_loss=1.1285
2025-02-01 15:49:51,978 - INFO - Epoch 18: val_loss=1.1778, val_acc=0.00%
2025-02-01 15:49:51,982 - INFO - ####################Training epoch 19####################
2025-02-01 15:49:52,267 - INFO - Epoch 19: train_loss=1.1282
2025-02-01 15:49:52,736 - INFO - Epoch 19: val_loss=1.1566, val_acc=0.00%
2025-02-01 15:49:52,740 - INFO - ####################Training epoch 20####################
2025-02-01 15:49:53,029 - INFO - Epoch 20: train_loss=1.1212
2025-02-01 15:49:53,504 - INFO - Epoch 20: val_loss=1.1290, val_acc=0.00%
2025-02-01 15:49:53,508 - INFO - ####################Training epoch 21####################
2025-02-01 15:49:53,794 - INFO - Epoch 21: train_loss=1.1111
2025-02-01 15:49:54,266 - INFO - Epoch 21: val_loss=1.1034, val_acc=0.00%
2025-02-01 15:49:54,270 - INFO - ####################Training epoch 22####################
2025-02-01 15:49:54,555 - INFO - Epoch 22: train_loss=1.1026
2025-02-01 15:49:55,025 - INFO - Epoch 22: val_loss=1.0876, val_acc=66.67%
2025-02-01 15:49:55,028 - INFO - ####################Training epoch 23####################
2025-02-01 15:49:55,316 - INFO - Epoch 23: train_loss=1.0987
2025-02-01 15:49:55,788 - INFO - Epoch 23: val_loss=1.0831, val_acc=33.33%
2025-02-01 15:49:55,792 - INFO - ####################Training epoch 24####################
2025-02-01 15:49:56,080 - INFO - Epoch 24: train_loss=1.1013
2025-02-01 15:49:56,549 - INFO - Epoch 24: val_loss=1.0843, val_acc=33.33%
2025-02-01 15:49:56,553 - INFO - ####################Training epoch 25####################
2025-02-01 15:49:56,839 - INFO - Epoch 25: train_loss=1.1034
2025-02-01 15:49:57,310 - INFO - Epoch 25: val_loss=1.0864, val_acc=33.33%
2025-02-01 15:49:57,314 - INFO - ####################Training epoch 26####################
2025-02-01 15:49:57,602 - INFO - Epoch 26: train_loss=1.1055
2025-02-01 15:49:58,074 - INFO - Epoch 26: val_loss=1.0882, val_acc=33.33%
2025-02-01 15:49:58,077 - INFO - ####################Training epoch 27####################
2025-02-01 15:49:58,366 - INFO - Epoch 27: train_loss=1.1060
2025-02-01 15:49:58,835 - INFO - Epoch 27: val_loss=1.0894, val_acc=33.33%
2025-02-01 15:49:58,838 - INFO - ####################Training epoch 28####################
2025-02-01 15:49:59,125 - INFO - Epoch 28: train_loss=1.1054
2025-02-01 15:49:59,589 - INFO - Epoch 28: val_loss=1.0899, val_acc=33.33%
2025-02-01 15:49:59,593 - INFO - ####################Training epoch 29####################
2025-02-01 15:49:59,878 - INFO - Epoch 29: train_loss=1.1036
2025-02-01 15:50:00,344 - INFO - Epoch 29: val_loss=1.0905, val_acc=33.33%
2025-02-01 15:50:00,348 - INFO - ####################Training epoch 30####################
2025-02-01 15:50:00,633 - INFO - Epoch 30: train_loss=1.1017
2025-02-01 15:50:01,103 - INFO - Epoch 30: val_loss=1.0910, val_acc=33.33%
2025-02-01 15:50:01,106 - INFO - ####################Training epoch 31####################
2025-02-01 15:50:01,393 - INFO - Epoch 31: train_loss=1.1004
2025-02-01 15:50:01,870 - INFO - Epoch 31: val_loss=1.0917, val_acc=33.33%
2025-02-01 15:50:01,873 - INFO - ####################Training epoch 32####################
2025-02-01 15:50:02,160 - INFO - Epoch 32: train_loss=1.0996
2025-02-01 15:50:02,631 - INFO - Epoch 32: val_loss=1.0928, val_acc=33.33%
2025-02-01 15:50:02,636 - INFO - ####################Training epoch 33####################
2025-02-01 15:50:02,922 - INFO - Epoch 33: train_loss=1.0994
2025-02-01 15:50:03,391 - INFO - Epoch 33: val_loss=1.0943, val_acc=33.33%
2025-02-01 15:50:03,394 - INFO - ####################Training epoch 34####################
2025-02-01 15:50:03,679 - INFO - Epoch 34: train_loss=1.0984
2025-02-01 15:50:04,151 - INFO - Epoch 34: val_loss=1.0961, val_acc=33.33%
2025-02-01 15:50:04,155 - INFO - ####################Training epoch 35####################
2025-02-01 15:50:04,440 - INFO - Epoch 35: train_loss=1.0989
2025-02-01 15:50:04,907 - INFO - Epoch 35: val_loss=1.0982, val_acc=66.67%
2025-02-01 15:50:04,911 - INFO - ####################Training epoch 36####################
2025-02-01 15:50:05,194 - INFO - Epoch 36: train_loss=1.0990
2025-02-01 15:50:05,656 - INFO - Epoch 36: val_loss=1.0993, val_acc=0.00%
2025-02-01 15:50:05,660 - INFO - ####################Training epoch 37####################
2025-02-01 15:50:05,947 - INFO - Epoch 37: train_loss=1.0983
2025-02-01 15:50:06,415 - INFO - Epoch 37: val_loss=1.1004, val_acc=0.00%
2025-02-01 15:50:06,419 - INFO - ####################Training epoch 38####################
2025-02-01 15:50:06,702 - INFO - Epoch 38: train_loss=1.0988
2025-02-01 15:50:07,168 - INFO - Epoch 38: val_loss=1.1015, val_acc=0.00%
2025-02-01 15:50:07,172 - INFO - ####################Training epoch 39####################
2025-02-01 15:50:07,455 - INFO - Epoch 39: train_loss=1.0990
2025-02-01 15:50:07,925 - INFO - Epoch 39: val_loss=1.1024, val_acc=0.00%
2025-02-01 15:50:07,928 - INFO - ####################Training epoch 40####################
2025-02-01 15:50:08,214 - INFO - Epoch 40: train_loss=1.0992
2025-02-01 15:50:08,683 - INFO - Epoch 40: val_loss=1.1033, val_acc=0.00%
2025-02-01 15:50:08,687 - INFO - ####################Training epoch 41####################
2025-02-01 15:50:08,973 - INFO - Epoch 41: train_loss=1.0994
2025-02-01 15:50:09,443 - INFO - Epoch 41: val_loss=1.1041, val_acc=0.00%
2025-02-01 15:50:09,447 - INFO - ####################Training epoch 42####################
2025-02-01 15:50:09,732 - INFO - Epoch 42: train_loss=1.0992
2025-02-01 15:50:10,317 - INFO - Epoch 42: val_loss=1.1044, val_acc=0.00%
2025-02-01 15:50:10,320 - INFO - ####################Training epoch 43####################
2025-02-01 15:50:10,604 - INFO - Epoch 43: train_loss=1.0990
2025-02-01 15:50:11,078 - INFO - Epoch 43: val_loss=1.1046, val_acc=0.00%
2025-02-01 15:50:11,081 - INFO - ####################Training epoch 44####################
2025-02-01 15:50:11,367 - INFO - Epoch 44: train_loss=1.0991
2025-02-01 15:50:11,841 - INFO - Epoch 44: val_loss=1.1048, val_acc=0.00%
2025-02-01 15:50:11,845 - INFO - ####################Training epoch 45####################
2025-02-01 15:50:12,134 - INFO - Epoch 45: train_loss=1.0988
2025-02-01 15:50:12,605 - INFO - Epoch 45: val_loss=1.1049, val_acc=0.00%
2025-02-01 15:50:12,609 - INFO - ####################Training epoch 46####################
2025-02-01 15:50:12,896 - INFO - Epoch 46: train_loss=1.0987
2025-02-01 15:50:13,369 - INFO - Epoch 46: val_loss=1.1049, val_acc=0.00%
2025-02-01 15:50:13,373 - INFO - ####################Training epoch 47####################
2025-02-01 15:50:13,659 - INFO - Epoch 47: train_loss=1.0991
2025-02-01 15:50:14,132 - INFO - Epoch 47: val_loss=1.1048, val_acc=0.00%
2025-02-01 15:50:14,136 - INFO - ####################Training epoch 48####################
2025-02-01 15:50:14,422 - INFO - Epoch 48: train_loss=1.0989
2025-02-01 15:50:14,892 - INFO - Epoch 48: val_loss=1.1047, val_acc=0.00%
2025-02-01 15:50:14,895 - INFO - ####################Training epoch 49####################
2025-02-01 15:50:15,183 - INFO - Epoch 49: train_loss=1.0989
2025-02-01 15:50:15,654 - INFO - Epoch 49: val_loss=1.1046, val_acc=0.00%
2025-02-01 15:50:15,658 - INFO - ####################Training epoch 50####################
2025-02-01 15:50:15,945 - INFO - Epoch 50: train_loss=1.0988
2025-02-01 15:50:16,418 - INFO - Epoch 50: val_loss=1.1045, val_acc=0.00%
2025-02-01 15:50:16,421 - INFO - ####################Training epoch 51####################
2025-02-01 15:50:16,707 - INFO - Epoch 51: train_loss=1.0986
2025-02-01 15:50:17,177 - INFO - Epoch 51: val_loss=1.1044, val_acc=0.00%
2025-02-01 15:50:17,181 - INFO - ####################Training epoch 52####################
2025-02-01 15:50:17,464 - INFO - Epoch 52: train_loss=1.0989
2025-02-01 15:50:17,938 - INFO - Epoch 52: val_loss=1.1042, val_acc=0.00%
2025-02-01 15:50:17,941 - INFO - ####################Training epoch 53####################
2025-02-01 15:50:18,229 - INFO - Epoch 53: train_loss=1.0990
2025-02-01 15:50:18,700 - INFO - Epoch 53: val_loss=1.1040, val_acc=0.00%
2025-02-01 15:50:18,704 - INFO - ####################Training epoch 54####################
2025-02-01 15:50:18,995 - INFO - Epoch 54: train_loss=1.0989
2025-02-01 15:50:19,467 - INFO - Epoch 54: val_loss=1.1039, val_acc=0.00%
2025-02-01 15:50:19,470 - INFO - ####################Training epoch 55####################
2025-02-01 15:50:19,757 - INFO - Epoch 55: train_loss=1.0989
2025-02-01 15:50:20,228 - INFO - Epoch 55: val_loss=1.1038, val_acc=0.00%
2025-02-01 15:50:20,232 - INFO - ####################Training epoch 56####################
2025-02-01 15:50:20,517 - INFO - Epoch 56: train_loss=1.0989
2025-02-01 15:50:20,990 - INFO - Epoch 56: val_loss=1.1037, val_acc=0.00%
2025-02-01 15:50:20,994 - INFO - ####################Training epoch 57####################
2025-02-01 15:50:21,279 - INFO - Epoch 57: train_loss=1.0989
2025-02-01 15:50:21,750 - INFO - Epoch 57: val_loss=1.1036, val_acc=0.00%
2025-02-01 15:50:21,754 - INFO - ####################Training epoch 58####################
2025-02-01 15:50:22,041 - INFO - Epoch 58: train_loss=1.0987
2025-02-01 15:50:22,514 - INFO - Epoch 58: val_loss=1.1035, val_acc=0.00%
2025-02-01 15:50:22,517 - INFO - ####################Training epoch 59####################
2025-02-01 15:50:22,801 - INFO - Epoch 59: train_loss=1.0989
2025-02-01 15:50:23,272 - INFO - Epoch 59: val_loss=1.1034, val_acc=0.00%
2025-02-01 15:50:23,276 - INFO - ####################Training epoch 60####################
2025-02-01 15:50:23,562 - INFO - Epoch 60: train_loss=1.0988
2025-02-01 15:50:24,035 - INFO - Epoch 60: val_loss=1.1033, val_acc=0.00%
2025-02-01 15:50:24,039 - INFO - ####################Training epoch 61####################
2025-02-01 15:50:24,326 - INFO - Epoch 61: train_loss=1.0989
2025-02-01 15:50:24,797 - INFO - Epoch 61: val_loss=1.1032, val_acc=0.00%
2025-02-01 15:50:24,800 - INFO - ####################Training epoch 62####################
2025-02-01 15:50:25,088 - INFO - Epoch 62: train_loss=1.0989
2025-02-01 15:50:25,561 - INFO - Epoch 62: val_loss=1.1031, val_acc=0.00%
2025-02-01 15:50:25,565 - INFO - ####################Training epoch 63####################
2025-02-01 15:50:25,851 - INFO - Epoch 63: train_loss=1.0988
2025-02-01 15:50:26,319 - INFO - Epoch 63: val_loss=1.1031, val_acc=0.00%
2025-02-01 15:50:26,323 - INFO - ####################Training epoch 64####################
2025-02-01 15:50:26,609 - INFO - Epoch 64: train_loss=1.0990
2025-02-01 15:50:27,078 - INFO - Epoch 64: val_loss=1.1030, val_acc=0.00%
2025-02-01 15:50:27,082 - INFO - ####################Training epoch 65####################
2025-02-01 15:50:27,368 - INFO - Epoch 65: train_loss=1.0987
2025-02-01 15:50:27,839 - INFO - Epoch 65: val_loss=1.1029, val_acc=0.00%
2025-02-01 15:50:27,843 - INFO - ####################Training epoch 66####################
2025-02-01 15:50:28,131 - INFO - Epoch 66: train_loss=1.0987
2025-02-01 15:50:28,602 - INFO - Epoch 66: val_loss=1.1029, val_acc=0.00%
2025-02-01 15:50:28,606 - INFO - ####################Training epoch 67####################
2025-02-01 15:50:28,892 - INFO - Epoch 67: train_loss=1.0983
2025-02-01 15:50:29,361 - INFO - Epoch 67: val_loss=1.1029, val_acc=0.00%
2025-02-01 15:50:29,365 - INFO - ####################Training epoch 68####################
2025-02-01 15:50:29,654 - INFO - Epoch 68: train_loss=1.0991
2025-02-01 15:50:30,123 - INFO - Epoch 68: val_loss=1.1028, val_acc=0.00%
2025-02-01 15:50:30,127 - INFO - ####################Training epoch 69####################
2025-02-01 15:50:30,413 - INFO - Epoch 69: train_loss=1.0988
2025-02-01 15:50:30,886 - INFO - Epoch 69: val_loss=1.1027, val_acc=0.00%
2025-02-01 15:50:30,890 - INFO - ####################Training epoch 70####################
2025-02-01 15:50:31,177 - INFO - Epoch 70: train_loss=1.0986
2025-02-01 15:50:31,646 - INFO - Epoch 70: val_loss=1.1027, val_acc=0.00%
2025-02-01 15:50:31,650 - INFO - ####################Training epoch 71####################
2025-02-01 15:50:31,938 - INFO - Epoch 71: train_loss=1.0988
2025-02-01 15:50:32,407 - INFO - Epoch 71: val_loss=1.1027, val_acc=0.00%
2025-02-01 15:50:32,411 - INFO - ####################Training epoch 72####################
2025-02-01 15:50:32,696 - INFO - Epoch 72: train_loss=1.0986
2025-02-01 15:50:33,167 - INFO - Epoch 72: val_loss=1.1027, val_acc=0.00%
2025-02-01 15:50:33,171 - INFO - ####################Training epoch 73####################
2025-02-01 15:50:33,458 - INFO - Epoch 73: train_loss=1.0990
2025-02-01 15:50:33,929 - INFO - Epoch 73: val_loss=1.1027, val_acc=0.00%
2025-02-01 15:50:33,933 - INFO - ####################Training epoch 74####################
2025-02-01 15:50:34,218 - INFO - Epoch 74: train_loss=1.0988
2025-02-01 15:50:34,680 - INFO - Epoch 74: val_loss=1.1026, val_acc=0.00%
2025-02-01 15:50:34,684 - INFO - ####################Training epoch 75####################
2025-02-01 15:50:34,968 - INFO - Epoch 75: train_loss=1.0991
2025-02-01 15:50:35,434 - INFO - Epoch 75: val_loss=1.1026, val_acc=0.00%
2025-02-01 15:50:35,438 - INFO - ####################Training epoch 76####################
2025-02-01 15:50:35,724 - INFO - Epoch 76: train_loss=1.0988
2025-02-01 15:50:36,196 - INFO - Epoch 76: val_loss=1.1026, val_acc=0.00%
2025-02-01 15:50:36,200 - INFO - ####################Training epoch 77####################
2025-02-01 15:50:36,484 - INFO - Epoch 77: train_loss=1.0986
2025-02-01 15:50:36,957 - INFO - Epoch 77: val_loss=1.1026, val_acc=0.00%
2025-02-01 15:50:36,961 - INFO - ####################Training epoch 78####################
2025-02-01 15:50:37,249 - INFO - Epoch 78: train_loss=1.0990
2025-02-01 15:50:37,721 - INFO - Epoch 78: val_loss=1.1026, val_acc=0.00%
2025-02-01 15:50:37,725 - INFO - ####################Training epoch 79####################
2025-02-01 15:50:38,010 - INFO - Epoch 79: train_loss=1.0984
2025-02-01 15:50:38,483 - INFO - Epoch 79: val_loss=1.1026, val_acc=0.00%
2025-02-01 15:50:38,487 - INFO - ####################Training epoch 80####################
2025-02-01 15:50:38,773 - INFO - Epoch 80: train_loss=1.0989
2025-02-01 15:50:39,245 - INFO - Epoch 80: val_loss=1.1026, val_acc=0.00%
2025-02-01 15:50:39,249 - INFO - ####################Training epoch 81####################
2025-02-01 15:50:39,536 - INFO - Epoch 81: train_loss=1.0990
2025-02-01 15:50:40,010 - INFO - Epoch 81: val_loss=1.1025, val_acc=0.00%
2025-02-01 15:50:40,013 - INFO - ####################Training epoch 82####################
2025-02-01 15:50:40,302 - INFO - Epoch 82: train_loss=1.0985
2025-02-01 15:50:40,772 - INFO - Epoch 82: val_loss=1.1025, val_acc=0.00%
2025-02-01 15:50:40,776 - INFO - ####################Training epoch 83####################
2025-02-01 15:50:41,069 - INFO - Epoch 83: train_loss=1.0987
2025-02-01 15:50:41,536 - INFO - Epoch 83: val_loss=1.1025, val_acc=0.00%
2025-02-01 15:50:41,540 - INFO - ####################Training epoch 84####################
2025-02-01 15:50:41,827 - INFO - Epoch 84: train_loss=1.0989
2025-02-01 15:50:42,296 - INFO - Epoch 84: val_loss=1.1025, val_acc=0.00%
2025-02-01 15:50:42,300 - INFO - ####################Training epoch 85####################
2025-02-01 15:50:42,587 - INFO - Epoch 85: train_loss=1.0987
2025-02-01 15:50:43,058 - INFO - Epoch 85: val_loss=1.1025, val_acc=0.00%
2025-02-01 15:50:43,062 - INFO - ####################Training epoch 86####################
2025-02-01 15:50:43,349 - INFO - Epoch 86: train_loss=1.0990
2025-02-01 15:50:43,820 - INFO - Epoch 86: val_loss=1.1025, val_acc=0.00%
2025-02-01 15:50:43,824 - INFO - ####################Training epoch 87####################
2025-02-01 15:50:44,114 - INFO - Epoch 87: train_loss=1.0990
2025-02-01 15:50:44,588 - INFO - Epoch 87: val_loss=1.1025, val_acc=0.00%
2025-02-01 15:50:44,592 - INFO - ####################Training epoch 88####################
2025-02-01 15:50:44,880 - INFO - Epoch 88: train_loss=1.0991
2025-02-01 15:50:45,354 - INFO - Epoch 88: val_loss=1.1025, val_acc=0.00%
2025-02-01 15:50:45,358 - INFO - ####################Training epoch 89####################
2025-02-01 15:50:45,644 - INFO - Epoch 89: train_loss=1.0988
2025-02-01 15:50:46,117 - INFO - Epoch 89: val_loss=1.1025, val_acc=0.00%
2025-02-01 15:50:46,121 - INFO - ####################Training epoch 90####################
2025-02-01 15:50:46,408 - INFO - Epoch 90: train_loss=1.0984
2025-02-01 15:50:46,882 - INFO - Epoch 90: val_loss=1.1025, val_acc=0.00%
2025-02-01 15:50:46,885 - INFO - ####################Training epoch 91####################
2025-02-01 15:50:47,172 - INFO - Epoch 91: train_loss=1.0986
2025-02-01 15:50:47,635 - INFO - Epoch 91: val_loss=1.1025, val_acc=0.00%
2025-02-01 15:50:47,638 - INFO - ####################Training epoch 92####################
2025-02-01 15:50:47,920 - INFO - Epoch 92: train_loss=1.0985
2025-02-01 15:50:48,386 - INFO - Epoch 92: val_loss=1.1024, val_acc=0.00%
2025-02-01 15:50:48,389 - INFO - ####################Training epoch 93####################
2025-02-01 15:50:48,675 - INFO - Epoch 93: train_loss=1.0983
2025-02-01 15:50:49,141 - INFO - Epoch 93: val_loss=1.1024, val_acc=0.00%
2025-02-01 15:50:49,145 - INFO - ####################Training epoch 94####################
2025-02-01 15:50:49,432 - INFO - Epoch 94: train_loss=1.0988
2025-02-01 15:50:49,902 - INFO - Epoch 94: val_loss=1.1024, val_acc=0.00%
2025-02-01 15:50:49,906 - INFO - ####################Training epoch 95####################
2025-02-01 15:50:50,194 - INFO - Epoch 95: train_loss=1.0987
2025-02-01 15:50:50,660 - INFO - Epoch 95: val_loss=1.1025, val_acc=0.00%
2025-02-01 15:50:50,664 - INFO - ####################Training epoch 96####################
2025-02-01 15:50:50,949 - INFO - Epoch 96: train_loss=1.0986
2025-02-01 15:50:51,421 - INFO - Epoch 96: val_loss=1.1025, val_acc=0.00%
2025-02-01 15:50:51,425 - INFO - ####################Training epoch 97####################
2025-02-01 15:50:51,714 - INFO - Epoch 97: train_loss=1.0987
2025-02-01 15:50:52,184 - INFO - Epoch 97: val_loss=1.1025, val_acc=0.00%
2025-02-01 15:50:52,187 - INFO - ####################Training epoch 98####################
2025-02-01 15:50:52,478 - INFO - Epoch 98: train_loss=1.0988
2025-02-01 15:50:52,938 - INFO - Epoch 98: val_loss=1.1025, val_acc=0.00%
2025-02-01 15:50:52,942 - INFO - ####################Training epoch 99####################
2025-02-01 15:50:53,229 - INFO - Epoch 99: train_loss=1.0991
2025-02-01 15:50:53,697 - INFO - Epoch 99: val_loss=1.1025, val_acc=0.00%
2025-02-01 15:50:53,833 - INFO - Model saved.
