2025-02-01 15:53:22,521 - INFO - Starting training with the following parameters:
2025-02-01 15:53:22,522 - INFO - | Parameter       | Value               |
|-----------------|---------------------|
| attention       | Scaled Dot-Product |
| d_model         | 128            |
| n_heads         | 8              |
| d_f             | 128            |
| num_layers      | 3              |
| d_input         | 32             |
| num_classes     | 3              |
| dropout         | 0.1            |
| learning_rate   | 0.005          |
| epochs          | 100            |

2025-02-01 15:53:23,092 - INFO - Epoch 0: val_loss=1.0909, val_acc=33.33%
2025-02-01 15:53:23,226 - INFO - ####################Training epoch 0####################
2025-02-01 15:53:23,369 - INFO - Epoch 0: train_loss=1.1280
2025-02-01 15:53:23,888 - INFO - Epoch 0: val_loss=5.0119, val_acc=0.00%
2025-02-01 15:53:23,916 - INFO - ####################Training epoch 1####################
2025-02-01 15:53:24,201 - INFO - Epoch 1: train_loss=2.7340
2025-02-01 15:53:24,674 - INFO - Epoch 1: val_loss=4.5555, val_acc=33.33%
2025-02-01 15:53:24,700 - INFO - ####################Training epoch 2####################
2025-02-01 15:53:24,989 - INFO - Epoch 2: train_loss=3.4122
2025-02-01 15:53:25,462 - INFO - Epoch 2: val_loss=3.0737, val_acc=33.33%
2025-02-01 15:53:25,489 - INFO - ####################Training epoch 3####################
2025-02-01 15:53:25,776 - INFO - Epoch 3: train_loss=1.6670
2025-02-01 15:53:26,251 - INFO - Epoch 3: val_loss=3.2382, val_acc=33.33%
2025-02-01 15:53:26,255 - INFO - ####################Training epoch 4####################
2025-02-01 15:53:26,542 - INFO - Epoch 4: train_loss=2.0423
2025-02-01 15:53:27,015 - INFO - Epoch 4: val_loss=2.3999, val_acc=0.00%
2025-02-01 15:53:27,043 - INFO - ####################Training epoch 5####################
2025-02-01 15:53:27,331 - INFO - Epoch 5: train_loss=1.3988
2025-02-01 15:53:27,806 - INFO - Epoch 5: val_loss=1.8802, val_acc=0.00%
2025-02-01 15:53:27,834 - INFO - ####################Training epoch 6####################
2025-02-01 15:53:28,121 - INFO - Epoch 6: train_loss=1.1509
2025-02-01 15:53:28,598 - INFO - Epoch 6: val_loss=1.7141, val_acc=33.33%
2025-02-01 15:53:28,601 - INFO - ####################Training epoch 7####################
2025-02-01 15:53:28,891 - INFO - Epoch 7: train_loss=1.0661
2025-02-01 15:53:29,365 - INFO - Epoch 7: val_loss=1.8363, val_acc=33.33%
2025-02-01 15:53:29,369 - INFO - ####################Training epoch 8####################
2025-02-01 15:53:29,659 - INFO - Epoch 8: train_loss=1.1030
2025-02-01 15:53:30,135 - INFO - Epoch 8: val_loss=1.9352, val_acc=33.33%
2025-02-01 15:53:30,139 - INFO - ####################Training epoch 9####################
2025-02-01 15:53:30,428 - INFO - Epoch 9: train_loss=1.0868
2025-02-01 15:53:30,903 - INFO - Epoch 9: val_loss=2.0424, val_acc=33.33%
2025-02-01 15:53:30,907 - INFO - ####################Training epoch 10####################
2025-02-01 15:53:31,196 - INFO - Epoch 10: train_loss=1.0644
2025-02-01 15:53:31,671 - INFO - Epoch 10: val_loss=2.1936, val_acc=0.00%
2025-02-01 15:53:31,675 - INFO - ####################Training epoch 11####################
2025-02-01 15:53:31,965 - INFO - Epoch 11: train_loss=1.0759
2025-02-01 15:53:32,440 - INFO - Epoch 11: val_loss=2.2450, val_acc=0.00%
2025-02-01 15:53:32,444 - INFO - ####################Training epoch 12####################
2025-02-01 15:53:32,736 - INFO - Epoch 12: train_loss=1.0797
2025-02-01 15:53:33,210 - INFO - Epoch 12: val_loss=2.2423, val_acc=0.00%
2025-02-01 15:53:33,214 - INFO - ####################Training epoch 13####################
2025-02-01 15:53:33,502 - INFO - Epoch 13: train_loss=1.0589
2025-02-01 15:53:33,978 - INFO - Epoch 13: val_loss=2.2340, val_acc=33.33%
2025-02-01 15:53:33,982 - INFO - ####################Training epoch 14####################
2025-02-01 15:53:34,270 - INFO - Epoch 14: train_loss=1.0501
2025-02-01 15:53:34,743 - INFO - Epoch 14: val_loss=2.2318, val_acc=33.33%
2025-02-01 15:53:34,747 - INFO - ####################Training epoch 15####################
2025-02-01 15:53:35,038 - INFO - Epoch 15: train_loss=1.0468
2025-02-01 15:53:35,513 - INFO - Epoch 15: val_loss=2.2327, val_acc=33.33%
2025-02-01 15:53:35,516 - INFO - ####################Training epoch 16####################
2025-02-01 15:53:35,806 - INFO - Epoch 16: train_loss=1.0506
2025-02-01 15:53:36,283 - INFO - Epoch 16: val_loss=2.2399, val_acc=33.33%
2025-02-01 15:53:36,287 - INFO - ####################Training epoch 17####################
2025-02-01 15:53:36,575 - INFO - Epoch 17: train_loss=1.0521
2025-02-01 15:53:37,051 - INFO - Epoch 17: val_loss=2.2522, val_acc=33.33%
2025-02-01 15:53:37,054 - INFO - ####################Training epoch 18####################
2025-02-01 15:53:37,344 - INFO - Epoch 18: train_loss=1.0508
2025-02-01 15:53:37,820 - INFO - Epoch 18: val_loss=2.2725, val_acc=33.33%
2025-02-01 15:53:37,824 - INFO - ####################Training epoch 19####################
2025-02-01 15:53:38,113 - INFO - Epoch 19: train_loss=1.0453
2025-02-01 15:53:38,589 - INFO - Epoch 19: val_loss=2.2822, val_acc=33.33%
2025-02-01 15:53:38,593 - INFO - ####################Training epoch 20####################
2025-02-01 15:53:38,882 - INFO - Epoch 20: train_loss=1.0446
2025-02-01 15:53:39,358 - INFO - Epoch 20: val_loss=2.3039, val_acc=33.33%
2025-02-01 15:53:39,362 - INFO - ####################Training epoch 21####################
2025-02-01 15:53:39,652 - INFO - Epoch 21: train_loss=1.0423
2025-02-01 15:53:40,127 - INFO - Epoch 21: val_loss=2.3247, val_acc=33.33%
2025-02-01 15:53:40,131 - INFO - ####################Training epoch 22####################
2025-02-01 15:53:40,420 - INFO - Epoch 22: train_loss=1.0424
2025-02-01 15:53:40,897 - INFO - Epoch 22: val_loss=2.3457, val_acc=33.33%
2025-02-01 15:53:40,901 - INFO - ####################Training epoch 23####################
2025-02-01 15:53:41,191 - INFO - Epoch 23: train_loss=1.0421
2025-02-01 15:53:41,668 - INFO - Epoch 23: val_loss=2.3599, val_acc=33.33%
2025-02-01 15:53:41,671 - INFO - ####################Training epoch 24####################
2025-02-01 15:53:41,960 - INFO - Epoch 24: train_loss=1.0417
2025-02-01 15:53:42,436 - INFO - Epoch 24: val_loss=2.3695, val_acc=33.33%
2025-02-01 15:53:42,439 - INFO - ####################Training epoch 25####################
2025-02-01 15:53:42,734 - INFO - Epoch 25: train_loss=1.0429
2025-02-01 15:53:43,214 - INFO - Epoch 25: val_loss=2.3744, val_acc=33.33%
2025-02-01 15:53:43,218 - INFO - ####################Training epoch 26####################
2025-02-01 15:53:43,507 - INFO - Epoch 26: train_loss=1.0418
2025-02-01 15:53:43,981 - INFO - Epoch 26: val_loss=2.3801, val_acc=33.33%
2025-02-01 15:53:43,985 - INFO - ####################Training epoch 27####################
2025-02-01 15:53:44,275 - INFO - Epoch 27: train_loss=1.0393
2025-02-01 15:53:44,750 - INFO - Epoch 27: val_loss=2.3848, val_acc=33.33%
2025-02-01 15:53:44,754 - INFO - ####################Training epoch 28####################
2025-02-01 15:53:45,043 - INFO - Epoch 28: train_loss=1.0386
2025-02-01 15:53:45,514 - INFO - Epoch 28: val_loss=2.3886, val_acc=33.33%
2025-02-01 15:53:45,518 - INFO - ####################Training epoch 29####################
2025-02-01 15:53:45,807 - INFO - Epoch 29: train_loss=1.0390
2025-02-01 15:53:46,284 - INFO - Epoch 29: val_loss=2.3892, val_acc=33.33%
2025-02-01 15:53:46,287 - INFO - ####################Training epoch 30####################
2025-02-01 15:53:46,577 - INFO - Epoch 30: train_loss=1.0384
2025-02-01 15:53:47,051 - INFO - Epoch 30: val_loss=2.3903, val_acc=33.33%
2025-02-01 15:53:47,055 - INFO - ####################Training epoch 31####################
2025-02-01 15:53:47,343 - INFO - Epoch 31: train_loss=1.0382
2025-02-01 15:53:47,818 - INFO - Epoch 31: val_loss=2.3924, val_acc=33.33%
2025-02-01 15:53:47,822 - INFO - ####################Training epoch 32####################
2025-02-01 15:53:48,110 - INFO - Epoch 32: train_loss=1.0394
2025-02-01 15:53:48,584 - INFO - Epoch 32: val_loss=2.3909, val_acc=33.33%
2025-02-01 15:53:48,589 - INFO - ####################Training epoch 33####################
2025-02-01 15:53:48,876 - INFO - Epoch 33: train_loss=1.0368
2025-02-01 15:53:49,350 - INFO - Epoch 33: val_loss=2.3919, val_acc=33.33%
2025-02-01 15:53:49,354 - INFO - ####################Training epoch 34####################
2025-02-01 15:53:49,641 - INFO - Epoch 34: train_loss=1.0357
2025-02-01 15:53:50,115 - INFO - Epoch 34: val_loss=2.3920, val_acc=33.33%
2025-02-01 15:53:50,118 - INFO - ####################Training epoch 35####################
2025-02-01 15:53:50,406 - INFO - Epoch 35: train_loss=1.0373
2025-02-01 15:53:50,879 - INFO - Epoch 35: val_loss=2.3925, val_acc=33.33%
2025-02-01 15:53:50,882 - INFO - ####################Training epoch 36####################
2025-02-01 15:53:51,171 - INFO - Epoch 36: train_loss=1.0354
2025-02-01 15:53:51,644 - INFO - Epoch 36: val_loss=2.3944, val_acc=33.33%
2025-02-01 15:53:51,647 - INFO - ####################Training epoch 37####################
2025-02-01 15:53:51,934 - INFO - Epoch 37: train_loss=1.0351
2025-02-01 15:53:52,407 - INFO - Epoch 37: val_loss=2.3958, val_acc=33.33%
2025-02-01 15:53:52,411 - INFO - ####################Training epoch 38####################
2025-02-01 15:53:52,698 - INFO - Epoch 38: train_loss=1.0348
2025-02-01 15:53:53,171 - INFO - Epoch 38: val_loss=2.3972, val_acc=33.33%
2025-02-01 15:53:53,175 - INFO - ####################Training epoch 39####################
2025-02-01 15:53:53,461 - INFO - Epoch 39: train_loss=1.0352
2025-02-01 15:53:53,935 - INFO - Epoch 39: val_loss=2.3994, val_acc=33.33%
2025-02-01 15:53:53,939 - INFO - ####################Training epoch 40####################
2025-02-01 15:53:54,227 - INFO - Epoch 40: train_loss=1.0349
2025-02-01 15:53:54,700 - INFO - Epoch 40: val_loss=2.4014, val_acc=33.33%
2025-02-01 15:53:54,704 - INFO - ####################Training epoch 41####################
2025-02-01 15:53:54,993 - INFO - Epoch 41: train_loss=1.0352
2025-02-01 15:53:55,465 - INFO - Epoch 41: val_loss=2.4037, val_acc=33.33%
2025-02-01 15:53:55,469 - INFO - ####################Training epoch 42####################
2025-02-01 15:53:55,758 - INFO - Epoch 42: train_loss=1.0341
2025-02-01 15:53:56,231 - INFO - Epoch 42: val_loss=2.4068, val_acc=33.33%
2025-02-01 15:53:56,235 - INFO - ####################Training epoch 43####################
2025-02-01 15:53:56,650 - INFO - Epoch 43: train_loss=1.0343
2025-02-01 15:53:57,124 - INFO - Epoch 43: val_loss=2.4085, val_acc=33.33%
2025-02-01 15:53:57,128 - INFO - ####################Training epoch 44####################
2025-02-01 15:53:57,418 - INFO - Epoch 44: train_loss=1.0337
2025-02-01 15:53:57,889 - INFO - Epoch 44: val_loss=2.4097, val_acc=33.33%
2025-02-01 15:53:57,893 - INFO - ####################Training epoch 45####################
2025-02-01 15:53:58,179 - INFO - Epoch 45: train_loss=1.0347
2025-02-01 15:53:58,652 - INFO - Epoch 45: val_loss=2.4087, val_acc=33.33%
2025-02-01 15:53:58,655 - INFO - ####################Training epoch 46####################
2025-02-01 15:53:58,943 - INFO - Epoch 46: train_loss=1.0327
2025-02-01 15:53:59,414 - INFO - Epoch 46: val_loss=2.4094, val_acc=33.33%
2025-02-01 15:53:59,418 - INFO - ####################Training epoch 47####################
2025-02-01 15:53:59,705 - INFO - Epoch 47: train_loss=1.0339
2025-02-01 15:54:00,178 - INFO - Epoch 47: val_loss=2.4103, val_acc=33.33%
2025-02-01 15:54:00,182 - INFO - ####################Training epoch 48####################
2025-02-01 15:54:00,468 - INFO - Epoch 48: train_loss=1.0339
2025-02-01 15:54:00,941 - INFO - Epoch 48: val_loss=2.4113, val_acc=33.33%
2025-02-01 15:54:00,944 - INFO - ####################Training epoch 49####################
2025-02-01 15:54:01,232 - INFO - Epoch 49: train_loss=1.0338
2025-02-01 15:54:01,707 - INFO - Epoch 49: val_loss=2.4119, val_acc=33.33%
2025-02-01 15:54:01,711 - INFO - ####################Training epoch 50####################
2025-02-01 15:54:01,999 - INFO - Epoch 50: train_loss=1.0340
2025-02-01 15:54:02,472 - INFO - Epoch 50: val_loss=2.4124, val_acc=33.33%
2025-02-01 15:54:02,476 - INFO - ####################Training epoch 51####################
2025-02-01 15:54:02,763 - INFO - Epoch 51: train_loss=1.0349
2025-02-01 15:54:03,234 - INFO - Epoch 51: val_loss=2.4128, val_acc=33.33%
2025-02-01 15:54:03,239 - INFO - ####################Training epoch 52####################
2025-02-01 15:54:03,526 - INFO - Epoch 52: train_loss=1.0334
2025-02-01 15:54:04,001 - INFO - Epoch 52: val_loss=2.4131, val_acc=33.33%
2025-02-01 15:54:04,005 - INFO - ####################Training epoch 53####################
2025-02-01 15:54:04,292 - INFO - Epoch 53: train_loss=1.0331
2025-02-01 15:54:04,768 - INFO - Epoch 53: val_loss=2.4137, val_acc=33.33%
2025-02-01 15:54:04,772 - INFO - ####################Training epoch 54####################
2025-02-01 15:54:05,060 - INFO - Epoch 54: train_loss=1.0332
2025-02-01 15:54:05,531 - INFO - Epoch 54: val_loss=2.4141, val_acc=33.33%
2025-02-01 15:54:05,535 - INFO - ####################Training epoch 55####################
2025-02-01 15:54:05,824 - INFO - Epoch 55: train_loss=1.0336
2025-02-01 15:54:06,298 - INFO - Epoch 55: val_loss=2.4144, val_acc=33.33%
2025-02-01 15:54:06,301 - INFO - ####################Training epoch 56####################
2025-02-01 15:54:06,591 - INFO - Epoch 56: train_loss=1.0323
2025-02-01 15:54:07,066 - INFO - Epoch 56: val_loss=2.4147, val_acc=33.33%
2025-02-01 15:54:07,069 - INFO - ####################Training epoch 57####################
2025-02-01 15:54:07,358 - INFO - Epoch 57: train_loss=1.0331
2025-02-01 15:54:07,833 - INFO - Epoch 57: val_loss=2.4149, val_acc=33.33%
2025-02-01 15:54:07,837 - INFO - ####################Training epoch 58####################
2025-02-01 15:54:08,125 - INFO - Epoch 58: train_loss=1.0340
2025-02-01 15:54:08,597 - INFO - Epoch 58: val_loss=2.4151, val_acc=33.33%
2025-02-01 15:54:08,601 - INFO - ####################Training epoch 59####################
2025-02-01 15:54:08,889 - INFO - Epoch 59: train_loss=1.0322
2025-02-01 15:54:09,363 - INFO - Epoch 59: val_loss=2.4154, val_acc=33.33%
2025-02-01 15:54:09,367 - INFO - ####################Training epoch 60####################
2025-02-01 15:54:09,656 - INFO - Epoch 60: train_loss=1.0332
2025-02-01 15:54:10,128 - INFO - Epoch 60: val_loss=2.4157, val_acc=33.33%
2025-02-01 15:54:10,131 - INFO - ####################Training epoch 61####################
2025-02-01 15:54:10,420 - INFO - Epoch 61: train_loss=1.0332
2025-02-01 15:54:10,893 - INFO - Epoch 61: val_loss=2.4158, val_acc=33.33%
2025-02-01 15:54:10,897 - INFO - ####################Training epoch 62####################
2025-02-01 15:54:11,186 - INFO - Epoch 62: train_loss=1.0327
2025-02-01 15:54:11,660 - INFO - Epoch 62: val_loss=2.4160, val_acc=33.33%
2025-02-01 15:54:11,664 - INFO - ####################Training epoch 63####################
2025-02-01 15:54:11,954 - INFO - Epoch 63: train_loss=1.0336
2025-02-01 15:54:12,427 - INFO - Epoch 63: val_loss=2.4161, val_acc=33.33%
2025-02-01 15:54:12,431 - INFO - ####################Training epoch 64####################
2025-02-01 15:54:12,721 - INFO - Epoch 64: train_loss=1.0327
2025-02-01 15:54:13,196 - INFO - Epoch 64: val_loss=2.4164, val_acc=33.33%
2025-02-01 15:54:13,200 - INFO - ####################Training epoch 65####################
2025-02-01 15:54:13,487 - INFO - Epoch 65: train_loss=1.0331
2025-02-01 15:54:13,959 - INFO - Epoch 65: val_loss=2.4165, val_acc=33.33%
2025-02-01 15:54:13,963 - INFO - ####################Training epoch 66####################
2025-02-01 15:54:14,250 - INFO - Epoch 66: train_loss=1.0333
2025-02-01 15:54:14,725 - INFO - Epoch 66: val_loss=2.4168, val_acc=33.33%
2025-02-01 15:54:14,728 - INFO - ####################Training epoch 67####################
2025-02-01 15:54:15,016 - INFO - Epoch 67: train_loss=1.0331
2025-02-01 15:54:15,489 - INFO - Epoch 67: val_loss=2.4168, val_acc=33.33%
2025-02-01 15:54:15,493 - INFO - ####################Training epoch 68####################
2025-02-01 15:54:15,781 - INFO - Epoch 68: train_loss=1.0332
2025-02-01 15:54:16,242 - INFO - Epoch 68: val_loss=2.4169, val_acc=33.33%
2025-02-01 15:54:16,246 - INFO - ####################Training epoch 69####################
2025-02-01 15:54:16,536 - INFO - Epoch 69: train_loss=1.0328
2025-02-01 15:54:17,009 - INFO - Epoch 69: val_loss=2.4170, val_acc=33.33%
2025-02-01 15:54:17,013 - INFO - ####################Training epoch 70####################
2025-02-01 15:54:17,301 - INFO - Epoch 70: train_loss=1.0327
2025-02-01 15:54:17,775 - INFO - Epoch 70: val_loss=2.4171, val_acc=33.33%
2025-02-01 15:54:17,778 - INFO - ####################Training epoch 71####################
2025-02-01 15:54:18,065 - INFO - Epoch 71: train_loss=1.0325
2025-02-01 15:54:18,539 - INFO - Epoch 71: val_loss=2.4171, val_acc=33.33%
2025-02-01 15:54:18,542 - INFO - ####################Training epoch 72####################
2025-02-01 15:54:18,829 - INFO - Epoch 72: train_loss=1.0331
2025-02-01 15:54:19,302 - INFO - Epoch 72: val_loss=2.4172, val_acc=33.33%
2025-02-01 15:54:19,305 - INFO - ####################Training epoch 73####################
2025-02-01 15:54:19,593 - INFO - Epoch 73: train_loss=1.0333
2025-02-01 15:54:20,068 - INFO - Epoch 73: val_loss=2.4173, val_acc=33.33%
2025-02-01 15:54:20,071 - INFO - ####################Training epoch 74####################
2025-02-01 15:54:20,359 - INFO - Epoch 74: train_loss=1.0322
2025-02-01 15:54:20,834 - INFO - Epoch 74: val_loss=2.4174, val_acc=33.33%
2025-02-01 15:54:20,837 - INFO - ####################Training epoch 75####################
2025-02-01 15:54:21,124 - INFO - Epoch 75: train_loss=1.0319
2025-02-01 15:54:21,597 - INFO - Epoch 75: val_loss=2.4173, val_acc=33.33%
2025-02-01 15:54:21,601 - INFO - ####################Training epoch 76####################
2025-02-01 15:54:21,889 - INFO - Epoch 76: train_loss=1.0317
2025-02-01 15:54:22,362 - INFO - Epoch 76: val_loss=2.4175, val_acc=33.33%
2025-02-01 15:54:22,365 - INFO - ####################Training epoch 77####################
2025-02-01 15:54:22,652 - INFO - Epoch 77: train_loss=1.0318
2025-02-01 15:54:23,128 - INFO - Epoch 77: val_loss=2.4175, val_acc=33.33%
2025-02-01 15:54:23,131 - INFO - ####################Training epoch 78####################
2025-02-01 15:54:23,420 - INFO - Epoch 78: train_loss=1.0318
2025-02-01 15:54:23,895 - INFO - Epoch 78: val_loss=2.4176, val_acc=33.33%
2025-02-01 15:54:23,899 - INFO - ####################Training epoch 79####################
2025-02-01 15:54:24,187 - INFO - Epoch 79: train_loss=1.0325
2025-02-01 15:54:24,661 - INFO - Epoch 79: val_loss=2.4175, val_acc=33.33%
2025-02-01 15:54:24,665 - INFO - ####################Training epoch 80####################
2025-02-01 15:54:24,956 - INFO - Epoch 80: train_loss=1.0321
2025-02-01 15:54:25,429 - INFO - Epoch 80: val_loss=2.4175, val_acc=33.33%
2025-02-01 15:54:25,433 - INFO - ####################Training epoch 81####################
2025-02-01 15:54:25,722 - INFO - Epoch 81: train_loss=1.0322
2025-02-01 15:54:26,195 - INFO - Epoch 81: val_loss=2.4176, val_acc=33.33%
2025-02-01 15:54:26,199 - INFO - ####################Training epoch 82####################
2025-02-01 15:54:26,487 - INFO - Epoch 82: train_loss=1.0313
2025-02-01 15:54:26,960 - INFO - Epoch 82: val_loss=2.4176, val_acc=33.33%
2025-02-01 15:54:26,964 - INFO - ####################Training epoch 83####################
2025-02-01 15:54:27,252 - INFO - Epoch 83: train_loss=1.0316
2025-02-01 15:54:27,726 - INFO - Epoch 83: val_loss=2.4177, val_acc=33.33%
2025-02-01 15:54:27,730 - INFO - ####################Training epoch 84####################
2025-02-01 15:54:28,020 - INFO - Epoch 84: train_loss=1.0318
2025-02-01 15:54:28,492 - INFO - Epoch 84: val_loss=2.4177, val_acc=33.33%
2025-02-01 15:54:28,496 - INFO - ####################Training epoch 85####################
2025-02-01 15:54:28,783 - INFO - Epoch 85: train_loss=1.0328
2025-02-01 15:54:29,255 - INFO - Epoch 85: val_loss=2.4177, val_acc=33.33%
2025-02-01 15:54:29,259 - INFO - ####################Training epoch 86####################
2025-02-01 15:54:29,547 - INFO - Epoch 86: train_loss=1.0327
2025-02-01 15:54:30,020 - INFO - Epoch 86: val_loss=2.4178, val_acc=33.33%
2025-02-01 15:54:30,024 - INFO - ####################Training epoch 87####################
2025-02-01 15:54:30,312 - INFO - Epoch 87: train_loss=1.0321
2025-02-01 15:54:30,786 - INFO - Epoch 87: val_loss=2.4177, val_acc=33.33%
2025-02-01 15:54:30,789 - INFO - ####################Training epoch 88####################
2025-02-01 15:54:31,078 - INFO - Epoch 88: train_loss=1.0315
2025-02-01 15:54:31,553 - INFO - Epoch 88: val_loss=2.4177, val_acc=33.33%
2025-02-01 15:54:31,557 - INFO - ####################Training epoch 89####################
2025-02-01 15:54:31,844 - INFO - Epoch 89: train_loss=1.0324
2025-02-01 15:54:32,316 - INFO - Epoch 89: val_loss=2.4179, val_acc=33.33%
2025-02-01 15:54:32,320 - INFO - ####################Training epoch 90####################
2025-02-01 15:54:32,609 - INFO - Epoch 90: train_loss=1.0334
2025-02-01 15:54:33,082 - INFO - Epoch 90: val_loss=2.4177, val_acc=33.33%
2025-02-01 15:54:33,085 - INFO - ####################Training epoch 91####################
2025-02-01 15:54:33,375 - INFO - Epoch 91: train_loss=1.0331
2025-02-01 15:54:33,850 - INFO - Epoch 91: val_loss=2.4178, val_acc=33.33%
2025-02-01 15:54:33,854 - INFO - ####################Training epoch 92####################
2025-02-01 15:54:34,142 - INFO - Epoch 92: train_loss=1.0336
2025-02-01 15:54:34,616 - INFO - Epoch 92: val_loss=2.4178, val_acc=33.33%
2025-02-01 15:54:34,619 - INFO - ####################Training epoch 93####################
2025-02-01 15:54:34,909 - INFO - Epoch 93: train_loss=1.0336
2025-02-01 15:54:35,383 - INFO - Epoch 93: val_loss=2.4177, val_acc=33.33%
2025-02-01 15:54:35,386 - INFO - ####################Training epoch 94####################
2025-02-01 15:54:35,674 - INFO - Epoch 94: train_loss=1.0332
2025-02-01 15:54:36,145 - INFO - Epoch 94: val_loss=2.4177, val_acc=33.33%
2025-02-01 15:54:36,149 - INFO - ####################Training epoch 95####################
2025-02-01 15:54:36,438 - INFO - Epoch 95: train_loss=1.0329
2025-02-01 15:54:36,913 - INFO - Epoch 95: val_loss=2.4178, val_acc=33.33%
2025-02-01 15:54:36,916 - INFO - ####################Training epoch 96####################
2025-02-01 15:54:37,205 - INFO - Epoch 96: train_loss=1.0321
2025-02-01 15:54:37,678 - INFO - Epoch 96: val_loss=2.4178, val_acc=33.33%
2025-02-01 15:54:37,682 - INFO - ####################Training epoch 97####################
2025-02-01 15:54:37,972 - INFO - Epoch 97: train_loss=1.0318
2025-02-01 15:54:38,443 - INFO - Epoch 97: val_loss=2.4178, val_acc=33.33%
2025-02-01 15:54:38,447 - INFO - ####################Training epoch 98####################
2025-02-01 15:54:38,735 - INFO - Epoch 98: train_loss=1.0316
2025-02-01 15:54:39,209 - INFO - Epoch 98: val_loss=2.4178, val_acc=33.33%
2025-02-01 15:54:39,213 - INFO - ####################Training epoch 99####################
2025-02-01 15:54:39,500 - INFO - Epoch 99: train_loss=1.0325
2025-02-01 15:54:39,975 - INFO - Epoch 99: val_loss=2.4178, val_acc=33.33%
2025-02-01 15:54:40,107 - INFO - Model saved.
