2025-02-01 16:58:17,855 - INFO - Starting training with the following parameters:
2025-02-01 16:58:17,855 - INFO - | Parameter       | Value               |
|-----------------|---------------------|
| attention       | Scaled Dot-Product |
| d_model         | 128            |
| n_heads         | 8              |
| d_f             | 128            |
| num_layers      | 3              |
| d_input         | 32             |
| num_classes     | 3              |
| dropout         | 0.1            |
| learning_rate   | 0.005          |
| epochs          | 200            |

2025-02-01 16:58:18,428 - INFO - Epoch 0: val_loss=1.1795, val_acc=33.33%
2025-02-01 16:58:18,559 - INFO - ####################Training epoch 0####################
2025-02-01 16:58:18,703 - INFO - Epoch 0: train_loss=1.0967
2025-02-01 16:58:19,225 - INFO - Epoch 0: val_loss=4.5910, val_acc=33.33%
2025-02-01 16:58:19,251 - INFO - ####################Training epoch 1####################
2025-02-01 16:58:19,530 - INFO - Epoch 1: train_loss=4.2626
2025-02-01 16:58:20,000 - INFO - Epoch 1: val_loss=3.0486, val_acc=33.33%
2025-02-01 16:58:20,027 - INFO - ####################Training epoch 2####################
2025-02-01 16:58:20,313 - INFO - Epoch 2: train_loss=1.6336
2025-02-01 16:58:20,781 - INFO - Epoch 2: val_loss=2.9333, val_acc=33.33%
2025-02-01 16:58:20,807 - INFO - ####################Training epoch 3####################
2025-02-01 16:58:21,096 - INFO - Epoch 3: train_loss=1.5970
2025-02-01 16:58:21,560 - INFO - Epoch 3: val_loss=2.1980, val_acc=33.33%
2025-02-01 16:58:21,564 - INFO - ####################Training epoch 4####################
2025-02-01 16:58:21,852 - INFO - Epoch 4: train_loss=1.0938
2025-02-01 16:58:22,316 - INFO - Epoch 4: val_loss=1.8220, val_acc=33.33%
2025-02-01 16:58:22,319 - INFO - ####################Training epoch 5####################
2025-02-01 16:58:22,605 - INFO - Epoch 5: train_loss=1.2644
2025-02-01 16:58:23,076 - INFO - Epoch 5: val_loss=1.9454, val_acc=33.33%
2025-02-01 16:58:23,080 - INFO - ####################Training epoch 6####################
2025-02-01 16:58:23,367 - INFO - Epoch 6: train_loss=1.1905
2025-02-01 16:58:23,836 - INFO - Epoch 6: val_loss=2.1201, val_acc=33.33%
2025-02-01 16:58:23,839 - INFO - ####################Training epoch 7####################
2025-02-01 16:58:24,125 - INFO - Epoch 7: train_loss=1.0370
2025-02-01 16:58:24,587 - INFO - Epoch 7: val_loss=2.3319, val_acc=33.33%
2025-02-01 16:58:24,591 - INFO - ####################Training epoch 8####################
2025-02-01 16:58:24,877 - INFO - Epoch 8: train_loss=1.0520
2025-02-01 16:58:25,347 - INFO - Epoch 8: val_loss=2.8089, val_acc=0.00%
2025-02-01 16:58:25,375 - INFO - ####################Training epoch 9####################
2025-02-01 16:58:25,660 - INFO - Epoch 9: train_loss=1.1627
2025-02-01 16:58:26,126 - INFO - Epoch 9: val_loss=2.6326, val_acc=33.33%
2025-02-01 16:58:26,130 - INFO - ####################Training epoch 10####################
2025-02-01 16:58:26,412 - INFO - Epoch 10: train_loss=1.0729
2025-02-01 16:58:26,881 - INFO - Epoch 10: val_loss=2.5641, val_acc=33.33%
2025-02-01 16:58:26,884 - INFO - ####################Training epoch 11####################
2025-02-01 16:58:27,170 - INFO - Epoch 11: train_loss=1.0472
2025-02-01 16:58:27,637 - INFO - Epoch 11: val_loss=2.5249, val_acc=33.33%
2025-02-01 16:58:27,641 - INFO - ####################Training epoch 12####################
2025-02-01 16:58:27,925 - INFO - Epoch 12: train_loss=0.9850
2025-02-01 16:58:28,392 - INFO - Epoch 12: val_loss=2.5182, val_acc=33.33%
2025-02-01 16:58:28,396 - INFO - ####################Training epoch 13####################
2025-02-01 16:58:28,680 - INFO - Epoch 13: train_loss=0.9552
2025-02-01 16:58:29,146 - INFO - Epoch 13: val_loss=2.3989, val_acc=33.33%
2025-02-01 16:58:29,149 - INFO - ####################Training epoch 14####################
2025-02-01 16:58:29,434 - INFO - Epoch 14: train_loss=0.9309
2025-02-01 16:58:29,902 - INFO - Epoch 14: val_loss=2.2742, val_acc=33.33%
2025-02-01 16:58:29,906 - INFO - ####################Training epoch 15####################
2025-02-01 16:58:30,190 - INFO - Epoch 15: train_loss=0.9174
2025-02-01 16:58:30,658 - INFO - Epoch 15: val_loss=2.2924, val_acc=33.33%
2025-02-01 16:58:30,661 - INFO - ####################Training epoch 16####################
2025-02-01 16:58:30,945 - INFO - Epoch 16: train_loss=0.8893
2025-02-01 16:58:31,414 - INFO - Epoch 16: val_loss=2.3971, val_acc=0.00%
2025-02-01 16:58:31,442 - INFO - ####################Training epoch 17####################
2025-02-01 16:58:31,727 - INFO - Epoch 17: train_loss=0.8877
2025-02-01 16:58:32,197 - INFO - Epoch 17: val_loss=2.3976, val_acc=33.33%
2025-02-01 16:58:32,200 - INFO - ####################Training epoch 18####################
2025-02-01 16:58:32,488 - INFO - Epoch 18: train_loss=0.8568
2025-02-01 16:58:32,959 - INFO - Epoch 18: val_loss=2.4136, val_acc=33.33%
2025-02-01 16:58:32,963 - INFO - ####################Training epoch 19####################
2025-02-01 16:58:33,248 - INFO - Epoch 19: train_loss=0.8171
2025-02-01 16:58:33,719 - INFO - Epoch 19: val_loss=2.4407, val_acc=33.33%
2025-02-01 16:58:33,723 - INFO - ####################Training epoch 20####################
2025-02-01 16:58:34,010 - INFO - Epoch 20: train_loss=0.7997
2025-02-01 16:58:34,477 - INFO - Epoch 20: val_loss=2.5033, val_acc=33.33%
2025-02-01 16:58:34,481 - INFO - ####################Training epoch 21####################
2025-02-01 16:58:34,764 - INFO - Epoch 21: train_loss=0.7583
2025-02-01 16:58:35,230 - INFO - Epoch 21: val_loss=2.7370, val_acc=0.00%
2025-02-01 16:58:35,287 - INFO - ####################Training epoch 22####################
2025-02-01 16:58:35,567 - INFO - Epoch 22: train_loss=0.7464
2025-02-01 16:58:36,035 - INFO - Epoch 22: val_loss=2.7843, val_acc=0.00%
2025-02-01 16:58:36,039 - INFO - ####################Training epoch 23####################
2025-02-01 16:58:36,321 - INFO - Epoch 23: train_loss=0.7214
2025-02-01 16:58:36,791 - INFO - Epoch 23: val_loss=2.6978, val_acc=33.33%
2025-02-01 16:58:36,795 - INFO - ####################Training epoch 24####################
2025-02-01 16:58:37,081 - INFO - Epoch 24: train_loss=0.6925
2025-02-01 16:58:37,553 - INFO - Epoch 24: val_loss=2.6298, val_acc=33.33%
2025-02-01 16:58:37,557 - INFO - ####################Training epoch 25####################
2025-02-01 16:58:37,844 - INFO - Epoch 25: train_loss=0.7010
2025-02-01 16:58:38,315 - INFO - Epoch 25: val_loss=2.6319, val_acc=33.33%
2025-02-01 16:58:38,319 - INFO - ####################Training epoch 26####################
2025-02-01 16:58:38,602 - INFO - Epoch 26: train_loss=0.6907
2025-02-01 16:58:39,071 - INFO - Epoch 26: val_loss=2.6854, val_acc=33.33%
2025-02-01 16:58:39,075 - INFO - ####################Training epoch 27####################
2025-02-01 16:58:39,360 - INFO - Epoch 27: train_loss=0.6714
2025-02-01 16:58:39,832 - INFO - Epoch 27: val_loss=2.7238, val_acc=0.00%
2025-02-01 16:58:39,836 - INFO - ####################Training epoch 28####################
2025-02-01 16:58:40,123 - INFO - Epoch 28: train_loss=0.6838
2025-02-01 16:58:40,591 - INFO - Epoch 28: val_loss=2.7463, val_acc=0.00%
2025-02-01 16:58:40,595 - INFO - ####################Training epoch 29####################
2025-02-01 16:58:40,878 - INFO - Epoch 29: train_loss=0.6777
2025-02-01 16:58:41,347 - INFO - Epoch 29: val_loss=3.3731, val_acc=0.00%
2025-02-01 16:58:41,351 - INFO - ####################Training epoch 30####################
2025-02-01 16:58:41,635 - INFO - Epoch 30: train_loss=0.6632
2025-02-01 16:58:42,103 - INFO - Epoch 30: val_loss=3.4502, val_acc=0.00%
2025-02-01 16:58:42,107 - INFO - ####################Training epoch 31####################
2025-02-01 16:58:42,393 - INFO - Epoch 31: train_loss=0.6579
2025-02-01 16:58:42,865 - INFO - Epoch 31: val_loss=3.5197, val_acc=0.00%
2025-02-01 16:58:42,869 - INFO - ####################Training epoch 32####################
2025-02-01 16:58:43,156 - INFO - Epoch 32: train_loss=0.6623
2025-02-01 16:58:43,624 - INFO - Epoch 32: val_loss=3.5571, val_acc=0.00%
2025-02-01 16:58:43,629 - INFO - ####################Training epoch 33####################
2025-02-01 16:58:43,912 - INFO - Epoch 33: train_loss=0.6576
2025-02-01 16:58:44,377 - INFO - Epoch 33: val_loss=3.5934, val_acc=0.00%
2025-02-01 16:58:44,381 - INFO - ####################Training epoch 34####################
2025-02-01 16:58:44,663 - INFO - Epoch 34: train_loss=0.6446
2025-02-01 16:58:45,127 - INFO - Epoch 34: val_loss=3.6156, val_acc=0.00%
2025-02-01 16:58:45,131 - INFO - ####################Training epoch 35####################
2025-02-01 16:58:45,410 - INFO - Epoch 35: train_loss=0.6437
2025-02-01 16:58:45,876 - INFO - Epoch 35: val_loss=3.6519, val_acc=0.00%
2025-02-01 16:58:45,880 - INFO - ####################Training epoch 36####################
2025-02-01 16:58:46,165 - INFO - Epoch 36: train_loss=0.6473
2025-02-01 16:58:46,632 - INFO - Epoch 36: val_loss=3.6826, val_acc=0.00%
2025-02-01 16:58:46,635 - INFO - ####################Training epoch 37####################
2025-02-01 16:58:46,918 - INFO - Epoch 37: train_loss=0.6370
2025-02-01 16:58:47,385 - INFO - Epoch 37: val_loss=3.7587, val_acc=0.00%
2025-02-01 16:58:47,389 - INFO - ####################Training epoch 38####################
2025-02-01 16:58:47,671 - INFO - Epoch 38: train_loss=0.6360
2025-02-01 16:58:48,138 - INFO - Epoch 38: val_loss=3.8081, val_acc=0.00%
2025-02-01 16:58:48,142 - INFO - ####################Training epoch 39####################
2025-02-01 16:58:48,427 - INFO - Epoch 39: train_loss=0.6377
2025-02-01 16:58:48,893 - INFO - Epoch 39: val_loss=3.8414, val_acc=0.00%
2025-02-01 16:58:48,897 - INFO - ####################Training epoch 40####################
2025-02-01 16:58:49,181 - INFO - Epoch 40: train_loss=0.6385
2025-02-01 16:58:49,648 - INFO - Epoch 40: val_loss=3.8645, val_acc=0.00%
2025-02-01 16:58:49,652 - INFO - ####################Training epoch 41####################
2025-02-01 16:58:49,933 - INFO - Epoch 41: train_loss=0.6354
2025-02-01 16:58:50,400 - INFO - Epoch 41: val_loss=3.8717, val_acc=0.00%
2025-02-01 16:58:50,404 - INFO - ####################Training epoch 42####################
2025-02-01 16:58:50,686 - INFO - Epoch 42: train_loss=0.6323
2025-02-01 16:58:51,269 - INFO - Epoch 42: val_loss=3.8687, val_acc=0.00%
2025-02-01 16:58:51,272 - INFO - ####################Training epoch 43####################
2025-02-01 16:58:51,553 - INFO - Epoch 43: train_loss=0.6327
2025-02-01 16:58:52,027 - INFO - Epoch 43: val_loss=3.8793, val_acc=0.00%
2025-02-01 16:58:52,030 - INFO - ####################Training epoch 44####################
2025-02-01 16:58:52,311 - INFO - Epoch 44: train_loss=0.6316
2025-02-01 16:58:52,779 - INFO - Epoch 44: val_loss=3.8939, val_acc=0.00%
2025-02-01 16:58:52,783 - INFO - ####################Training epoch 45####################
2025-02-01 16:58:53,070 - INFO - Epoch 45: train_loss=0.6319
2025-02-01 16:58:53,537 - INFO - Epoch 45: val_loss=3.8678, val_acc=0.00%
2025-02-01 16:58:53,541 - INFO - ####################Training epoch 46####################
2025-02-01 16:58:53,824 - INFO - Epoch 46: train_loss=0.6324
2025-02-01 16:58:54,294 - INFO - Epoch 46: val_loss=3.8762, val_acc=0.00%
2025-02-01 16:58:54,298 - INFO - ####################Training epoch 47####################
2025-02-01 16:58:54,585 - INFO - Epoch 47: train_loss=0.6301
2025-02-01 16:58:55,052 - INFO - Epoch 47: val_loss=3.9045, val_acc=0.00%
2025-02-01 16:58:55,056 - INFO - ####################Training epoch 48####################
2025-02-01 16:58:55,338 - INFO - Epoch 48: train_loss=0.6303
2025-02-01 16:58:55,807 - INFO - Epoch 48: val_loss=3.8990, val_acc=0.00%
2025-02-01 16:58:55,811 - INFO - ####################Training epoch 49####################
2025-02-01 16:58:56,095 - INFO - Epoch 49: train_loss=0.6300
2025-02-01 16:58:56,565 - INFO - Epoch 49: val_loss=3.9179, val_acc=0.00%
2025-02-01 16:58:56,569 - INFO - ####################Training epoch 50####################
2025-02-01 16:58:56,853 - INFO - Epoch 50: train_loss=0.6293
2025-02-01 16:58:57,322 - INFO - Epoch 50: val_loss=3.9107, val_acc=0.00%
2025-02-01 16:58:57,325 - INFO - ####################Training epoch 51####################
2025-02-01 16:58:57,613 - INFO - Epoch 51: train_loss=0.6267
2025-02-01 16:58:58,085 - INFO - Epoch 51: val_loss=3.9160, val_acc=0.00%
2025-02-01 16:58:58,089 - INFO - ####################Training epoch 52####################
2025-02-01 16:58:58,373 - INFO - Epoch 52: train_loss=0.6295
2025-02-01 16:58:58,842 - INFO - Epoch 52: val_loss=3.9155, val_acc=0.00%
2025-02-01 16:58:58,846 - INFO - ####################Training epoch 53####################
2025-02-01 16:58:59,133 - INFO - Epoch 53: train_loss=0.6271
2025-02-01 16:58:59,602 - INFO - Epoch 53: val_loss=3.9182, val_acc=0.00%
2025-02-01 16:58:59,605 - INFO - ####################Training epoch 54####################
2025-02-01 16:58:59,891 - INFO - Epoch 54: train_loss=0.6283
2025-02-01 16:59:00,356 - INFO - Epoch 54: val_loss=3.9231, val_acc=0.00%
2025-02-01 16:59:00,360 - INFO - ####################Training epoch 55####################
2025-02-01 16:59:00,641 - INFO - Epoch 55: train_loss=0.6278
2025-02-01 16:59:01,109 - INFO - Epoch 55: val_loss=3.9259, val_acc=0.00%
2025-02-01 16:59:01,113 - INFO - ####################Training epoch 56####################
2025-02-01 16:59:01,394 - INFO - Epoch 56: train_loss=0.6290
2025-02-01 16:59:01,859 - INFO - Epoch 56: val_loss=3.9183, val_acc=0.00%
2025-02-01 16:59:01,863 - INFO - ####################Training epoch 57####################
2025-02-01 16:59:02,150 - INFO - Epoch 57: train_loss=0.6278
2025-02-01 16:59:02,619 - INFO - Epoch 57: val_loss=3.9122, val_acc=0.00%
2025-02-01 16:59:02,622 - INFO - ####################Training epoch 58####################
2025-02-01 16:59:02,908 - INFO - Epoch 58: train_loss=0.6270
2025-02-01 16:59:03,377 - INFO - Epoch 58: val_loss=3.9038, val_acc=0.00%
2025-02-01 16:59:03,381 - INFO - ####################Training epoch 59####################
2025-02-01 16:59:03,663 - INFO - Epoch 59: train_loss=0.6254
2025-02-01 16:59:04,130 - INFO - Epoch 59: val_loss=3.9105, val_acc=0.00%
2025-02-01 16:59:04,134 - INFO - ####################Training epoch 60####################
2025-02-01 16:59:04,419 - INFO - Epoch 60: train_loss=0.6252
2025-02-01 16:59:04,887 - INFO - Epoch 60: val_loss=3.9142, val_acc=0.00%
2025-02-01 16:59:04,891 - INFO - ####################Training epoch 61####################
2025-02-01 16:59:05,177 - INFO - Epoch 61: train_loss=0.6261
2025-02-01 16:59:05,643 - INFO - Epoch 61: val_loss=3.8993, val_acc=0.00%
2025-02-01 16:59:05,647 - INFO - ####################Training epoch 62####################
2025-02-01 16:59:05,928 - INFO - Epoch 62: train_loss=0.6262
2025-02-01 16:59:06,394 - INFO - Epoch 62: val_loss=3.9140, val_acc=0.00%
2025-02-01 16:59:06,398 - INFO - ####################Training epoch 63####################
2025-02-01 16:59:06,682 - INFO - Epoch 63: train_loss=0.6264
2025-02-01 16:59:07,153 - INFO - Epoch 63: val_loss=3.9084, val_acc=0.00%
2025-02-01 16:59:07,157 - INFO - ####################Training epoch 64####################
2025-02-01 16:59:07,443 - INFO - Epoch 64: train_loss=0.6262
2025-02-01 16:59:07,910 - INFO - Epoch 64: val_loss=3.9066, val_acc=0.00%
2025-02-01 16:59:07,913 - INFO - ####################Training epoch 65####################
2025-02-01 16:59:08,199 - INFO - Epoch 65: train_loss=0.6252
2025-02-01 16:59:08,665 - INFO - Epoch 65: val_loss=3.9069, val_acc=0.00%
2025-02-01 16:59:08,669 - INFO - ####################Training epoch 66####################
2025-02-01 16:59:08,953 - INFO - Epoch 66: train_loss=0.6251
2025-02-01 16:59:09,422 - INFO - Epoch 66: val_loss=3.8921, val_acc=0.00%
2025-02-01 16:59:09,426 - INFO - ####################Training epoch 67####################
2025-02-01 16:59:09,707 - INFO - Epoch 67: train_loss=0.6254
2025-02-01 16:59:10,173 - INFO - Epoch 67: val_loss=3.9086, val_acc=0.00%
2025-02-01 16:59:10,177 - INFO - ####################Training epoch 68####################
2025-02-01 16:59:10,461 - INFO - Epoch 68: train_loss=0.6259
2025-02-01 16:59:10,927 - INFO - Epoch 68: val_loss=3.9183, val_acc=0.00%
2025-02-01 16:59:10,931 - INFO - ####################Training epoch 69####################
2025-02-01 16:59:11,215 - INFO - Epoch 69: train_loss=0.6255
2025-02-01 16:59:11,682 - INFO - Epoch 69: val_loss=3.9179, val_acc=0.00%
2025-02-01 16:59:11,685 - INFO - ####################Training epoch 70####################
2025-02-01 16:59:11,968 - INFO - Epoch 70: train_loss=0.6252
2025-02-01 16:59:12,436 - INFO - Epoch 70: val_loss=3.9063, val_acc=0.00%
2025-02-01 16:59:12,439 - INFO - ####################Training epoch 71####################
2025-02-01 16:59:12,723 - INFO - Epoch 71: train_loss=0.6277
2025-02-01 16:59:13,191 - INFO - Epoch 71: val_loss=3.9029, val_acc=0.00%
2025-02-01 16:59:13,195 - INFO - ####################Training epoch 72####################
2025-02-01 16:59:13,477 - INFO - Epoch 72: train_loss=0.6239
2025-02-01 16:59:13,946 - INFO - Epoch 72: val_loss=3.9222, val_acc=0.00%
2025-02-01 16:59:13,950 - INFO - ####################Training epoch 73####################
2025-02-01 16:59:14,231 - INFO - Epoch 73: train_loss=0.6264
2025-02-01 16:59:14,697 - INFO - Epoch 73: val_loss=3.9217, val_acc=0.00%
2025-02-01 16:59:14,701 - INFO - ####################Training epoch 74####################
2025-02-01 16:59:14,985 - INFO - Epoch 74: train_loss=0.6241
2025-02-01 16:59:15,454 - INFO - Epoch 74: val_loss=3.9153, val_acc=0.00%
2025-02-01 16:59:15,458 - INFO - ####################Training epoch 75####################
2025-02-01 16:59:15,742 - INFO - Epoch 75: train_loss=0.6249
2025-02-01 16:59:16,211 - INFO - Epoch 75: val_loss=3.9093, val_acc=0.00%
2025-02-01 16:59:16,215 - INFO - ####################Training epoch 76####################
2025-02-01 16:59:16,497 - INFO - Epoch 76: train_loss=0.6243
2025-02-01 16:59:16,964 - INFO - Epoch 76: val_loss=3.9190, val_acc=0.00%
2025-02-01 16:59:16,968 - INFO - ####################Training epoch 77####################
2025-02-01 16:59:17,254 - INFO - Epoch 77: train_loss=0.6265
2025-02-01 16:59:17,719 - INFO - Epoch 77: val_loss=3.9011, val_acc=0.00%
2025-02-01 16:59:17,722 - INFO - ####################Training epoch 78####################
2025-02-01 16:59:18,006 - INFO - Epoch 78: train_loss=0.6255
2025-02-01 16:59:18,474 - INFO - Epoch 78: val_loss=3.9135, val_acc=0.00%
2025-02-01 16:59:18,478 - INFO - ####################Training epoch 79####################
2025-02-01 16:59:18,760 - INFO - Epoch 79: train_loss=0.6250
2025-02-01 16:59:19,234 - INFO - Epoch 79: val_loss=3.9194, val_acc=0.00%
2025-02-01 16:59:19,238 - INFO - ####################Training epoch 80####################
2025-02-01 16:59:19,521 - INFO - Epoch 80: train_loss=0.6252
2025-02-01 16:59:19,988 - INFO - Epoch 80: val_loss=3.9178, val_acc=0.00%
2025-02-01 16:59:19,992 - INFO - ####################Training epoch 81####################
2025-02-01 16:59:20,279 - INFO - Epoch 81: train_loss=0.6269
2025-02-01 16:59:20,744 - INFO - Epoch 81: val_loss=3.9225, val_acc=0.00%
2025-02-01 16:59:20,748 - INFO - ####################Training epoch 82####################
2025-02-01 16:59:21,027 - INFO - Epoch 82: train_loss=0.6257
2025-02-01 16:59:21,494 - INFO - Epoch 82: val_loss=3.9013, val_acc=0.00%
2025-02-01 16:59:21,498 - INFO - ####################Training epoch 83####################
2025-02-01 16:59:21,780 - INFO - Epoch 83: train_loss=0.6250
2025-02-01 16:59:22,247 - INFO - Epoch 83: val_loss=3.9034, val_acc=0.00%
2025-02-01 16:59:22,251 - INFO - ####################Training epoch 84####################
2025-02-01 16:59:22,531 - INFO - Epoch 84: train_loss=0.6262
2025-02-01 16:59:22,998 - INFO - Epoch 84: val_loss=3.9019, val_acc=0.00%
2025-02-01 16:59:23,002 - INFO - ####################Training epoch 85####################
2025-02-01 16:59:23,285 - INFO - Epoch 85: train_loss=0.6262
2025-02-01 16:59:23,751 - INFO - Epoch 85: val_loss=3.9104, val_acc=0.00%
2025-02-01 16:59:23,755 - INFO - ####################Training epoch 86####################
2025-02-01 16:59:24,038 - INFO - Epoch 86: train_loss=0.6254
2025-02-01 16:59:24,508 - INFO - Epoch 86: val_loss=3.9131, val_acc=0.00%
2025-02-01 16:59:24,512 - INFO - ####################Training epoch 87####################
2025-02-01 16:59:24,794 - INFO - Epoch 87: train_loss=0.6255
2025-02-01 16:59:25,262 - INFO - Epoch 87: val_loss=3.9151, val_acc=0.00%
2025-02-01 16:59:25,266 - INFO - ####################Training epoch 88####################
2025-02-01 16:59:25,551 - INFO - Epoch 88: train_loss=0.6263
2025-02-01 16:59:26,017 - INFO - Epoch 88: val_loss=3.9229, val_acc=0.00%
2025-02-01 16:59:26,021 - INFO - ####################Training epoch 89####################
2025-02-01 16:59:26,308 - INFO - Epoch 89: train_loss=0.6255
2025-02-01 16:59:26,777 - INFO - Epoch 89: val_loss=3.9100, val_acc=0.00%
2025-02-01 16:59:26,781 - INFO - ####################Training epoch 90####################
2025-02-01 16:59:27,065 - INFO - Epoch 90: train_loss=0.6248
2025-02-01 16:59:27,534 - INFO - Epoch 90: val_loss=3.9149, val_acc=0.00%
2025-02-01 16:59:27,539 - INFO - ####################Training epoch 91####################
2025-02-01 16:59:27,822 - INFO - Epoch 91: train_loss=0.6244
2025-02-01 16:59:28,290 - INFO - Epoch 91: val_loss=3.9044, val_acc=0.00%
2025-02-01 16:59:28,294 - INFO - ####################Training epoch 92####################
2025-02-01 16:59:28,579 - INFO - Epoch 92: train_loss=0.6257
2025-02-01 16:59:29,048 - INFO - Epoch 92: val_loss=3.9195, val_acc=0.00%
2025-02-01 16:59:29,051 - INFO - ####################Training epoch 93####################
2025-02-01 16:59:29,337 - INFO - Epoch 93: train_loss=0.6250
2025-02-01 16:59:29,806 - INFO - Epoch 93: val_loss=3.9175, val_acc=0.00%
2025-02-01 16:59:29,810 - INFO - ####################Training epoch 94####################
2025-02-01 16:59:30,092 - INFO - Epoch 94: train_loss=0.6241
2025-02-01 16:59:30,559 - INFO - Epoch 94: val_loss=3.9062, val_acc=0.00%
2025-02-01 16:59:30,563 - INFO - ####################Training epoch 95####################
2025-02-01 16:59:30,847 - INFO - Epoch 95: train_loss=0.6248
2025-02-01 16:59:31,311 - INFO - Epoch 95: val_loss=3.9246, val_acc=0.00%
2025-02-01 16:59:31,315 - INFO - ####################Training epoch 96####################
2025-02-01 16:59:31,597 - INFO - Epoch 96: train_loss=0.6257
2025-02-01 16:59:32,062 - INFO - Epoch 96: val_loss=3.9199, val_acc=0.00%
2025-02-01 16:59:32,066 - INFO - ####################Training epoch 97####################
2025-02-01 16:59:32,353 - INFO - Epoch 97: train_loss=0.6243
2025-02-01 16:59:32,817 - INFO - Epoch 97: val_loss=3.9135, val_acc=0.00%
2025-02-01 16:59:32,821 - INFO - ####################Training epoch 98####################
2025-02-01 16:59:33,106 - INFO - Epoch 98: train_loss=0.6241
2025-02-01 16:59:33,576 - INFO - Epoch 98: val_loss=3.9157, val_acc=0.00%
2025-02-01 16:59:33,580 - INFO - ####################Training epoch 99####################
2025-02-01 16:59:33,859 - INFO - Epoch 99: train_loss=0.6243
2025-02-01 16:59:34,325 - INFO - Epoch 99: val_loss=3.9224, val_acc=0.00%
2025-02-01 16:59:34,329 - INFO - ####################Training epoch 100####################
2025-02-01 16:59:34,612 - INFO - Epoch 100: train_loss=0.6258
2025-02-01 16:59:35,077 - INFO - Epoch 100: val_loss=3.9077, val_acc=0.00%
2025-02-01 16:59:35,081 - INFO - ####################Training epoch 101####################
2025-02-01 16:59:35,366 - INFO - Epoch 101: train_loss=0.6264
2025-02-01 16:59:35,831 - INFO - Epoch 101: val_loss=3.9206, val_acc=0.00%
2025-02-01 16:59:35,834 - INFO - ####################Training epoch 102####################
2025-02-01 16:59:36,117 - INFO - Epoch 102: train_loss=0.6256
2025-02-01 16:59:36,582 - INFO - Epoch 102: val_loss=3.9081, val_acc=0.00%
2025-02-01 16:59:36,586 - INFO - ####################Training epoch 103####################
2025-02-01 16:59:36,871 - INFO - Epoch 103: train_loss=0.6240
2025-02-01 16:59:37,340 - INFO - Epoch 103: val_loss=3.9092, val_acc=0.00%
2025-02-01 16:59:37,344 - INFO - ####################Training epoch 104####################
2025-02-01 16:59:37,627 - INFO - Epoch 104: train_loss=0.6259
2025-02-01 16:59:38,094 - INFO - Epoch 104: val_loss=3.9183, val_acc=0.00%
2025-02-01 16:59:38,098 - INFO - ####################Training epoch 105####################
2025-02-01 16:59:38,383 - INFO - Epoch 105: train_loss=0.6251
2025-02-01 16:59:38,848 - INFO - Epoch 105: val_loss=3.9040, val_acc=0.00%
2025-02-01 16:59:38,851 - INFO - ####################Training epoch 106####################
2025-02-01 16:59:39,132 - INFO - Epoch 106: train_loss=0.6255
2025-02-01 16:59:39,596 - INFO - Epoch 106: val_loss=3.9113, val_acc=0.00%
2025-02-01 16:59:39,600 - INFO - ####################Training epoch 107####################
2025-02-01 16:59:39,882 - INFO - Epoch 107: train_loss=0.6247
2025-02-01 16:59:40,352 - INFO - Epoch 107: val_loss=3.9057, val_acc=0.00%
2025-02-01 16:59:40,356 - INFO - ####################Training epoch 108####################
2025-02-01 16:59:40,640 - INFO - Epoch 108: train_loss=0.6248
2025-02-01 16:59:41,105 - INFO - Epoch 108: val_loss=3.9067, val_acc=0.00%
2025-02-01 16:59:41,109 - INFO - ####################Training epoch 109####################
2025-02-01 16:59:41,391 - INFO - Epoch 109: train_loss=0.6256
2025-02-01 16:59:41,856 - INFO - Epoch 109: val_loss=3.9154, val_acc=0.00%
2025-02-01 16:59:41,859 - INFO - ####################Training epoch 110####################
2025-02-01 16:59:42,146 - INFO - Epoch 110: train_loss=0.6246
2025-02-01 16:59:42,611 - INFO - Epoch 110: val_loss=3.9222, val_acc=0.00%
2025-02-01 16:59:42,614 - INFO - ####################Training epoch 111####################
2025-02-01 16:59:42,897 - INFO - Epoch 111: train_loss=0.6237
2025-02-01 16:59:43,362 - INFO - Epoch 111: val_loss=3.9141, val_acc=0.00%
2025-02-01 16:59:43,366 - INFO - ####################Training epoch 112####################
2025-02-01 16:59:43,651 - INFO - Epoch 112: train_loss=0.6268
2025-02-01 16:59:44,119 - INFO - Epoch 112: val_loss=3.9169, val_acc=0.00%
2025-02-01 16:59:44,123 - INFO - ####################Training epoch 113####################
2025-02-01 16:59:44,407 - INFO - Epoch 113: train_loss=0.6230
2025-02-01 16:59:44,900 - INFO - Epoch 113: val_loss=3.9107, val_acc=0.00%
2025-02-01 16:59:44,907 - INFO - ####################Training epoch 114####################
2025-02-01 16:59:45,190 - INFO - Epoch 114: train_loss=0.6255
2025-02-01 16:59:45,655 - INFO - Epoch 114: val_loss=3.9113, val_acc=0.00%
2025-02-01 16:59:45,659 - INFO - ####################Training epoch 115####################
2025-02-01 16:59:45,943 - INFO - Epoch 115: train_loss=0.6263
2025-02-01 16:59:46,407 - INFO - Epoch 115: val_loss=3.9143, val_acc=0.00%
2025-02-01 16:59:46,410 - INFO - ####################Training epoch 116####################
2025-02-01 16:59:46,693 - INFO - Epoch 116: train_loss=0.6253
2025-02-01 16:59:47,163 - INFO - Epoch 116: val_loss=3.9070, val_acc=0.00%
2025-02-01 16:59:47,167 - INFO - ####################Training epoch 117####################
2025-02-01 16:59:47,451 - INFO - Epoch 117: train_loss=0.6245
2025-02-01 16:59:47,915 - INFO - Epoch 117: val_loss=3.9116, val_acc=0.00%
2025-02-01 16:59:47,919 - INFO - ####################Training epoch 118####################
2025-02-01 16:59:48,205 - INFO - Epoch 118: train_loss=0.6243
2025-02-01 16:59:48,678 - INFO - Epoch 118: val_loss=3.9113, val_acc=0.00%
2025-02-01 16:59:48,682 - INFO - ####################Training epoch 119####################
2025-02-01 16:59:48,962 - INFO - Epoch 119: train_loss=0.6263
2025-02-01 16:59:49,427 - INFO - Epoch 119: val_loss=3.8977, val_acc=0.00%
2025-02-01 16:59:49,431 - INFO - ####################Training epoch 120####################
2025-02-01 16:59:49,714 - INFO - Epoch 120: train_loss=0.6237
2025-02-01 16:59:50,180 - INFO - Epoch 120: val_loss=3.9117, val_acc=0.00%
2025-02-01 16:59:50,184 - INFO - ####################Training epoch 121####################
2025-02-01 16:59:50,470 - INFO - Epoch 121: train_loss=0.6252
2025-02-01 16:59:50,935 - INFO - Epoch 121: val_loss=3.9225, val_acc=0.00%
2025-02-01 16:59:50,939 - INFO - ####################Training epoch 122####################
2025-02-01 16:59:51,219 - INFO - Epoch 122: train_loss=0.6246
2025-02-01 16:59:51,685 - INFO - Epoch 122: val_loss=3.9135, val_acc=0.00%
2025-02-01 16:59:51,689 - INFO - ####################Training epoch 123####################
2025-02-01 16:59:51,972 - INFO - Epoch 123: train_loss=0.6272
2025-02-01 16:59:52,438 - INFO - Epoch 123: val_loss=3.9128, val_acc=0.00%
2025-02-01 16:59:52,442 - INFO - ####################Training epoch 124####################
2025-02-01 16:59:52,726 - INFO - Epoch 124: train_loss=0.6233
2025-02-01 16:59:53,190 - INFO - Epoch 124: val_loss=3.9166, val_acc=0.00%
2025-02-01 16:59:53,193 - INFO - ####################Training epoch 125####################
2025-02-01 16:59:53,480 - INFO - Epoch 125: train_loss=0.6242
2025-02-01 16:59:53,946 - INFO - Epoch 125: val_loss=3.9111, val_acc=0.00%
2025-02-01 16:59:53,950 - INFO - ####################Training epoch 126####################
2025-02-01 16:59:54,235 - INFO - Epoch 126: train_loss=0.6254
2025-02-01 16:59:54,700 - INFO - Epoch 126: val_loss=3.9042, val_acc=0.00%
2025-02-01 16:59:54,704 - INFO - ####################Training epoch 127####################
2025-02-01 16:59:54,985 - INFO - Epoch 127: train_loss=0.6248
2025-02-01 16:59:55,448 - INFO - Epoch 127: val_loss=3.9112, val_acc=0.00%
2025-02-01 16:59:55,452 - INFO - ####################Training epoch 128####################
2025-02-01 16:59:55,733 - INFO - Epoch 128: train_loss=0.6254
2025-02-01 16:59:56,197 - INFO - Epoch 128: val_loss=3.9123, val_acc=0.00%
2025-02-01 16:59:56,201 - INFO - ####################Training epoch 129####################
2025-02-01 16:59:56,484 - INFO - Epoch 129: train_loss=0.6246
2025-02-01 16:59:56,948 - INFO - Epoch 129: val_loss=3.9039, val_acc=0.00%
2025-02-01 16:59:56,951 - INFO - ####################Training epoch 130####################
2025-02-01 16:59:57,237 - INFO - Epoch 130: train_loss=0.6244
2025-02-01 16:59:57,703 - INFO - Epoch 130: val_loss=3.9097, val_acc=0.00%
2025-02-01 16:59:57,707 - INFO - ####################Training epoch 131####################
2025-02-01 16:59:57,988 - INFO - Epoch 131: train_loss=0.6235
2025-02-01 16:59:58,452 - INFO - Epoch 131: val_loss=3.9144, val_acc=0.00%
2025-02-01 16:59:58,456 - INFO - ####################Training epoch 132####################
2025-02-01 16:59:58,736 - INFO - Epoch 132: train_loss=0.6248
2025-02-01 16:59:59,200 - INFO - Epoch 132: val_loss=3.9155, val_acc=0.00%
2025-02-01 16:59:59,203 - INFO - ####################Training epoch 133####################
2025-02-01 16:59:59,490 - INFO - Epoch 133: train_loss=0.6249
2025-02-01 16:59:59,958 - INFO - Epoch 133: val_loss=3.9141, val_acc=0.00%
2025-02-01 16:59:59,962 - INFO - ####################Training epoch 134####################
2025-02-01 17:00:00,245 - INFO - Epoch 134: train_loss=0.6265
2025-02-01 17:00:00,711 - INFO - Epoch 134: val_loss=3.9141, val_acc=0.00%
2025-02-01 17:00:00,715 - INFO - ####################Training epoch 135####################
2025-02-01 17:00:01,001 - INFO - Epoch 135: train_loss=0.6260
2025-02-01 17:00:01,470 - INFO - Epoch 135: val_loss=3.9154, val_acc=0.00%
2025-02-01 17:00:01,474 - INFO - ####################Training epoch 136####################
2025-02-01 17:00:01,758 - INFO - Epoch 136: train_loss=0.6233
2025-02-01 17:00:02,225 - INFO - Epoch 136: val_loss=3.9007, val_acc=0.00%
2025-02-01 17:00:02,229 - INFO - ####################Training epoch 137####################
2025-02-01 17:00:02,516 - INFO - Epoch 137: train_loss=0.6246
2025-02-01 17:00:02,984 - INFO - Epoch 137: val_loss=3.9118, val_acc=0.00%
2025-02-01 17:00:02,987 - INFO - ####################Training epoch 138####################
2025-02-01 17:00:03,274 - INFO - Epoch 138: train_loss=0.6257
2025-02-01 17:00:03,741 - INFO - Epoch 138: val_loss=3.9092, val_acc=0.00%
2025-02-01 17:00:03,745 - INFO - ####################Training epoch 139####################
2025-02-01 17:00:04,029 - INFO - Epoch 139: train_loss=0.6262
2025-02-01 17:00:04,497 - INFO - Epoch 139: val_loss=3.9077, val_acc=0.00%
2025-02-01 17:00:04,501 - INFO - ####################Training epoch 140####################
2025-02-01 17:00:04,786 - INFO - Epoch 140: train_loss=0.6257
2025-02-01 17:00:05,251 - INFO - Epoch 140: val_loss=3.9099, val_acc=0.00%
2025-02-01 17:00:05,255 - INFO - ####################Training epoch 141####################
2025-02-01 17:00:05,539 - INFO - Epoch 141: train_loss=0.6259
2025-02-01 17:00:06,002 - INFO - Epoch 141: val_loss=3.9150, val_acc=0.00%
2025-02-01 17:00:06,006 - INFO - ####################Training epoch 142####################
2025-02-01 17:00:06,289 - INFO - Epoch 142: train_loss=0.6258
2025-02-01 17:00:06,757 - INFO - Epoch 142: val_loss=3.9067, val_acc=0.00%
2025-02-01 17:00:06,761 - INFO - ####################Training epoch 143####################
2025-02-01 17:00:07,041 - INFO - Epoch 143: train_loss=0.6282
2025-02-01 17:00:07,508 - INFO - Epoch 143: val_loss=3.9210, val_acc=0.00%
2025-02-01 17:00:07,512 - INFO - ####################Training epoch 144####################
2025-02-01 17:00:07,797 - INFO - Epoch 144: train_loss=0.6248
2025-02-01 17:00:08,263 - INFO - Epoch 144: val_loss=3.9113, val_acc=0.00%
2025-02-01 17:00:08,266 - INFO - ####################Training epoch 145####################
2025-02-01 17:00:08,550 - INFO - Epoch 145: train_loss=0.6257
2025-02-01 17:00:09,018 - INFO - Epoch 145: val_loss=3.9137, val_acc=0.00%
2025-02-01 17:00:09,022 - INFO - ####################Training epoch 146####################
2025-02-01 17:00:09,305 - INFO - Epoch 146: train_loss=0.6243
2025-02-01 17:00:09,770 - INFO - Epoch 146: val_loss=3.9099, val_acc=0.00%
2025-02-01 17:00:09,774 - INFO - ####################Training epoch 147####################
2025-02-01 17:00:10,057 - INFO - Epoch 147: train_loss=0.6251
2025-02-01 17:00:10,523 - INFO - Epoch 147: val_loss=3.9126, val_acc=0.00%
2025-02-01 17:00:10,527 - INFO - ####################Training epoch 148####################
2025-02-01 17:00:10,809 - INFO - Epoch 148: train_loss=0.6273
2025-02-01 17:00:11,276 - INFO - Epoch 148: val_loss=3.9192, val_acc=0.00%
2025-02-01 17:00:11,279 - INFO - ####################Training epoch 149####################
2025-02-01 17:00:11,564 - INFO - Epoch 149: train_loss=0.6245
2025-02-01 17:00:12,032 - INFO - Epoch 149: val_loss=3.9080, val_acc=0.00%
2025-02-01 17:00:12,036 - INFO - ####################Training epoch 150####################
2025-02-01 17:00:12,318 - INFO - Epoch 150: train_loss=0.6260
2025-02-01 17:00:12,782 - INFO - Epoch 150: val_loss=3.9171, val_acc=0.00%
2025-02-01 17:00:12,785 - INFO - ####################Training epoch 151####################
2025-02-01 17:00:13,069 - INFO - Epoch 151: train_loss=0.6255
2025-02-01 17:00:13,537 - INFO - Epoch 151: val_loss=3.9144, val_acc=0.00%
2025-02-01 17:00:13,541 - INFO - ####################Training epoch 152####################
2025-02-01 17:00:13,821 - INFO - Epoch 152: train_loss=0.6258
2025-02-01 17:00:14,290 - INFO - Epoch 152: val_loss=3.9032, val_acc=0.00%
2025-02-01 17:00:14,294 - INFO - ####################Training epoch 153####################
2025-02-01 17:00:14,577 - INFO - Epoch 153: train_loss=0.6229
2025-02-01 17:00:15,044 - INFO - Epoch 153: val_loss=3.9101, val_acc=0.00%
2025-02-01 17:00:15,047 - INFO - ####################Training epoch 154####################
2025-02-01 17:00:15,332 - INFO - Epoch 154: train_loss=0.6255
2025-02-01 17:00:15,802 - INFO - Epoch 154: val_loss=3.9108, val_acc=0.00%
2025-02-01 17:00:15,806 - INFO - ####################Training epoch 155####################
2025-02-01 17:00:16,086 - INFO - Epoch 155: train_loss=0.6241
2025-02-01 17:00:16,556 - INFO - Epoch 155: val_loss=3.9178, val_acc=0.00%
2025-02-01 17:00:16,560 - INFO - ####################Training epoch 156####################
2025-02-01 17:00:16,843 - INFO - Epoch 156: train_loss=0.6255
2025-02-01 17:00:17,313 - INFO - Epoch 156: val_loss=3.9147, val_acc=0.00%
2025-02-01 17:00:17,317 - INFO - ####################Training epoch 157####################
2025-02-01 17:00:17,600 - INFO - Epoch 157: train_loss=0.6257
2025-02-01 17:00:18,069 - INFO - Epoch 157: val_loss=3.9132, val_acc=0.00%
2025-02-01 17:00:18,073 - INFO - ####################Training epoch 158####################
2025-02-01 17:00:18,357 - INFO - Epoch 158: train_loss=0.6244
2025-02-01 17:00:18,825 - INFO - Epoch 158: val_loss=3.9137, val_acc=0.00%
2025-02-01 17:00:18,829 - INFO - ####################Training epoch 159####################
2025-02-01 17:00:19,112 - INFO - Epoch 159: train_loss=0.6245
2025-02-01 17:00:19,578 - INFO - Epoch 159: val_loss=3.9147, val_acc=0.00%
2025-02-01 17:00:19,582 - INFO - ####################Training epoch 160####################
2025-02-01 17:00:19,865 - INFO - Epoch 160: train_loss=0.6245
2025-02-01 17:00:20,334 - INFO - Epoch 160: val_loss=3.9086, val_acc=0.00%
2025-02-01 17:00:20,338 - INFO - ####################Training epoch 161####################
2025-02-01 17:00:20,622 - INFO - Epoch 161: train_loss=0.6252
2025-02-01 17:00:21,088 - INFO - Epoch 161: val_loss=3.9186, val_acc=0.00%
2025-02-01 17:00:21,092 - INFO - ####################Training epoch 162####################
2025-02-01 17:00:21,378 - INFO - Epoch 162: train_loss=0.6242
2025-02-01 17:00:21,845 - INFO - Epoch 162: val_loss=3.9058, val_acc=0.00%
2025-02-01 17:00:21,849 - INFO - ####################Training epoch 163####################
2025-02-01 17:00:22,130 - INFO - Epoch 163: train_loss=0.6247
2025-02-01 17:00:22,599 - INFO - Epoch 163: val_loss=3.9067, val_acc=0.00%
2025-02-01 17:00:22,603 - INFO - ####################Training epoch 164####################
2025-02-01 17:00:22,883 - INFO - Epoch 164: train_loss=0.6256
2025-02-01 17:00:23,348 - INFO - Epoch 164: val_loss=3.9020, val_acc=0.00%
2025-02-01 17:00:23,352 - INFO - ####################Training epoch 165####################
2025-02-01 17:00:23,634 - INFO - Epoch 165: train_loss=0.6252
2025-02-01 17:00:24,101 - INFO - Epoch 165: val_loss=3.9119, val_acc=0.00%
2025-02-01 17:00:24,105 - INFO - ####################Training epoch 166####################
2025-02-01 17:00:24,387 - INFO - Epoch 166: train_loss=0.6244
2025-02-01 17:00:24,856 - INFO - Epoch 166: val_loss=3.9079, val_acc=0.00%
2025-02-01 17:00:24,860 - INFO - ####################Training epoch 167####################
2025-02-01 17:00:25,142 - INFO - Epoch 167: train_loss=0.6248
2025-02-01 17:00:25,609 - INFO - Epoch 167: val_loss=3.9240, val_acc=0.00%
2025-02-01 17:00:25,613 - INFO - ####################Training epoch 168####################
2025-02-01 17:00:25,895 - INFO - Epoch 168: train_loss=0.6255
2025-02-01 17:00:26,363 - INFO - Epoch 168: val_loss=3.9135, val_acc=0.00%
2025-02-01 17:00:26,367 - INFO - ####################Training epoch 169####################
2025-02-01 17:00:26,651 - INFO - Epoch 169: train_loss=0.6257
2025-02-01 17:00:27,118 - INFO - Epoch 169: val_loss=3.9137, val_acc=0.00%
2025-02-01 17:00:27,122 - INFO - ####################Training epoch 170####################
2025-02-01 17:00:27,404 - INFO - Epoch 170: train_loss=0.6252
2025-02-01 17:00:27,873 - INFO - Epoch 170: val_loss=3.9001, val_acc=0.00%
2025-02-01 17:00:27,877 - INFO - ####################Training epoch 171####################
2025-02-01 17:00:28,159 - INFO - Epoch 171: train_loss=0.6249
2025-02-01 17:00:28,627 - INFO - Epoch 171: val_loss=3.9031, val_acc=0.00%
2025-02-01 17:00:28,631 - INFO - ####################Training epoch 172####################
2025-02-01 17:00:28,914 - INFO - Epoch 172: train_loss=0.6245
2025-02-01 17:00:29,385 - INFO - Epoch 172: val_loss=3.9081, val_acc=0.00%
2025-02-01 17:00:29,389 - INFO - ####################Training epoch 173####################
2025-02-01 17:00:29,670 - INFO - Epoch 173: train_loss=0.6238
2025-02-01 17:00:30,134 - INFO - Epoch 173: val_loss=3.9130, val_acc=0.00%
2025-02-01 17:00:30,138 - INFO - ####################Training epoch 174####################
2025-02-01 17:00:30,421 - INFO - Epoch 174: train_loss=0.6260
2025-02-01 17:00:30,891 - INFO - Epoch 174: val_loss=3.9124, val_acc=0.00%
2025-02-01 17:00:30,895 - INFO - ####################Training epoch 175####################
2025-02-01 17:00:31,177 - INFO - Epoch 175: train_loss=0.6275
2025-02-01 17:00:31,643 - INFO - Epoch 175: val_loss=3.9081, val_acc=0.00%
2025-02-01 17:00:31,647 - INFO - ####################Training epoch 176####################
2025-02-01 17:00:31,931 - INFO - Epoch 176: train_loss=0.6236
2025-02-01 17:00:32,399 - INFO - Epoch 176: val_loss=3.9025, val_acc=0.00%
2025-02-01 17:00:32,403 - INFO - ####################Training epoch 177####################
2025-02-01 17:00:32,687 - INFO - Epoch 177: train_loss=0.6241
2025-02-01 17:00:33,154 - INFO - Epoch 177: val_loss=3.9126, val_acc=0.00%
2025-02-01 17:00:33,158 - INFO - ####################Training epoch 178####################
2025-02-01 17:00:33,441 - INFO - Epoch 178: train_loss=0.6279
2025-02-01 17:00:33,909 - INFO - Epoch 178: val_loss=3.8976, val_acc=0.00%
2025-02-01 17:00:33,913 - INFO - ####################Training epoch 179####################
2025-02-01 17:00:34,197 - INFO - Epoch 179: train_loss=0.6266
2025-02-01 17:00:34,665 - INFO - Epoch 179: val_loss=3.8991, val_acc=0.00%
2025-02-01 17:00:34,669 - INFO - ####################Training epoch 180####################
2025-02-01 17:00:34,954 - INFO - Epoch 180: train_loss=0.6254
2025-02-01 17:00:35,427 - INFO - Epoch 180: val_loss=3.9140, val_acc=0.00%
2025-02-01 17:00:35,431 - INFO - ####################Training epoch 181####################
2025-02-01 17:00:35,715 - INFO - Epoch 181: train_loss=0.6269
2025-02-01 17:00:36,184 - INFO - Epoch 181: val_loss=3.9030, val_acc=0.00%
2025-02-01 17:00:36,188 - INFO - ####################Training epoch 182####################
2025-02-01 17:00:36,473 - INFO - Epoch 182: train_loss=0.6249
2025-02-01 17:00:36,942 - INFO - Epoch 182: val_loss=3.9166, val_acc=0.00%
2025-02-01 17:00:36,945 - INFO - ####################Training epoch 183####################
2025-02-01 17:00:37,227 - INFO - Epoch 183: train_loss=0.6278
2025-02-01 17:00:37,696 - INFO - Epoch 183: val_loss=3.9047, val_acc=0.00%
2025-02-01 17:00:37,700 - INFO - ####################Training epoch 184####################
2025-02-01 17:00:37,981 - INFO - Epoch 184: train_loss=0.6255
2025-02-01 17:00:38,451 - INFO - Epoch 184: val_loss=3.9065, val_acc=0.00%
2025-02-01 17:00:38,455 - INFO - ####################Training epoch 185####################
2025-02-01 17:00:38,742 - INFO - Epoch 185: train_loss=0.6241
2025-02-01 17:00:39,211 - INFO - Epoch 185: val_loss=3.9038, val_acc=0.00%
2025-02-01 17:00:39,215 - INFO - ####################Training epoch 186####################
2025-02-01 17:00:39,500 - INFO - Epoch 186: train_loss=0.6271
2025-02-01 17:00:39,968 - INFO - Epoch 186: val_loss=3.9196, val_acc=0.00%
2025-02-01 17:00:39,972 - INFO - ####################Training epoch 187####################
2025-02-01 17:00:40,256 - INFO - Epoch 187: train_loss=0.6259
2025-02-01 17:00:40,725 - INFO - Epoch 187: val_loss=3.9106, val_acc=0.00%
2025-02-01 17:00:40,729 - INFO - ####################Training epoch 188####################
2025-02-01 17:00:41,011 - INFO - Epoch 188: train_loss=0.6250
2025-02-01 17:00:41,475 - INFO - Epoch 188: val_loss=3.9186, val_acc=0.00%
2025-02-01 17:00:41,479 - INFO - ####################Training epoch 189####################
2025-02-01 17:00:41,763 - INFO - Epoch 189: train_loss=0.6252
2025-02-01 17:00:42,229 - INFO - Epoch 189: val_loss=3.9118, val_acc=0.00%
2025-02-01 17:00:42,233 - INFO - ####################Training epoch 190####################
2025-02-01 17:00:42,517 - INFO - Epoch 190: train_loss=0.6262
2025-02-01 17:00:42,983 - INFO - Epoch 190: val_loss=3.9161, val_acc=0.00%
2025-02-01 17:00:42,987 - INFO - ####################Training epoch 191####################
2025-02-01 17:00:43,270 - INFO - Epoch 191: train_loss=0.6248
2025-02-01 17:00:43,738 - INFO - Epoch 191: val_loss=3.9111, val_acc=0.00%
2025-02-01 17:00:43,742 - INFO - ####################Training epoch 192####################
2025-02-01 17:00:44,024 - INFO - Epoch 192: train_loss=0.6247
2025-02-01 17:00:44,492 - INFO - Epoch 192: val_loss=3.9129, val_acc=0.00%
2025-02-01 17:00:44,496 - INFO - ####################Training epoch 193####################
2025-02-01 17:00:44,777 - INFO - Epoch 193: train_loss=0.6250
2025-02-01 17:00:45,244 - INFO - Epoch 193: val_loss=3.8970, val_acc=0.00%
2025-02-01 17:00:45,248 - INFO - ####################Training epoch 194####################
2025-02-01 17:00:45,535 - INFO - Epoch 194: train_loss=0.6272
2025-02-01 17:00:46,002 - INFO - Epoch 194: val_loss=3.9280, val_acc=0.00%
2025-02-01 17:00:46,005 - INFO - ####################Training epoch 195####################
2025-02-01 17:00:46,284 - INFO - Epoch 195: train_loss=0.6249
2025-02-01 17:00:46,752 - INFO - Epoch 195: val_loss=3.9109, val_acc=0.00%
2025-02-01 17:00:46,756 - INFO - ####################Training epoch 196####################
2025-02-01 17:00:47,039 - INFO - Epoch 196: train_loss=0.6239
2025-02-01 17:00:47,511 - INFO - Epoch 196: val_loss=3.9094, val_acc=0.00%
2025-02-01 17:00:47,514 - INFO - ####################Training epoch 197####################
2025-02-01 17:00:47,799 - INFO - Epoch 197: train_loss=0.6236
2025-02-01 17:00:48,267 - INFO - Epoch 197: val_loss=3.9120, val_acc=0.00%
2025-02-01 17:00:48,271 - INFO - ####################Training epoch 198####################
2025-02-01 17:00:48,556 - INFO - Epoch 198: train_loss=0.6254
2025-02-01 17:00:49,022 - INFO - Epoch 198: val_loss=3.9174, val_acc=0.00%
2025-02-01 17:00:49,026 - INFO - ####################Training epoch 199####################
2025-02-01 17:00:49,307 - INFO - Epoch 199: train_loss=0.6263
2025-02-01 17:00:49,774 - INFO - Epoch 199: val_loss=3.9075, val_acc=0.00%
2025-02-01 17:00:49,933 - INFO - Model saved.
