2025-02-01 18:36:46,492 - INFO - Starting training with the following parameters:
2025-02-01 18:36:46,492 - INFO - | Parameter       | Value               |
|-----------------|---------------------|
| attention       | Scaled Dot-Product |
| d_model         | 128            |
| n_heads         | 8              |
| d_f             | 128            |
| num_layers      | 3              |
| d_input         | 32             |
| num_classes     | 3              |
| dropout         | 0.1            |
| learning_rate   | 0.005          |
| epochs          | 200            |

2025-02-01 18:36:47,669 - INFO - Epoch 0: val_loss=1.2831, val_acc=33.33%
2025-02-01 18:36:48,341 - INFO - ####################Training epoch 0####################
2025-02-01 18:36:48,418 - INFO - Epoch 0: train_loss=1.1531
2025-02-01 18:36:48,807 - INFO - Epoch 0: train_loss=4.8852
2025-02-01 18:36:48,939 - INFO - Epoch 0: train_loss=3.1576
2025-02-01 18:36:49,869 - INFO - Epoch 0: val_loss=1.3980, val_acc=33.33%
2025-02-01 18:36:49,910 - INFO - ####################Training epoch 1####################
2025-02-01 18:36:50,884 - INFO - Epoch 1: train_loss=1.3908
2025-02-01 18:36:51,050 - INFO - Epoch 1: train_loss=1.3979
2025-02-01 18:36:51,182 - INFO - Epoch 1: train_loss=1.4757
2025-02-01 18:36:52,177 - INFO - Epoch 1: val_loss=1.7372, val_acc=0.00%
2025-02-01 18:36:52,203 - INFO - ####################Training epoch 2####################
2025-02-01 18:36:53,179 - INFO - Epoch 2: train_loss=1.2458
2025-02-01 18:36:53,355 - INFO - Epoch 2: train_loss=1.0696
2025-02-01 18:36:53,488 - INFO - Epoch 2: train_loss=1.1975
2025-02-01 18:36:54,471 - INFO - Epoch 2: val_loss=1.1747, val_acc=33.33%
2025-02-01 18:36:54,498 - INFO - ####################Training epoch 3####################
2025-02-01 18:36:55,488 - INFO - Epoch 3: train_loss=1.1084
2025-02-01 18:36:55,653 - INFO - Epoch 3: train_loss=1.1705
2025-02-01 18:36:55,786 - INFO - Epoch 3: train_loss=0.9046
2025-02-01 18:36:56,796 - INFO - Epoch 3: val_loss=0.9245, val_acc=66.67%
2025-02-01 18:36:56,799 - INFO - ####################Training epoch 4####################
2025-02-01 18:36:57,779 - INFO - Epoch 4: train_loss=1.3141
2025-02-01 18:36:57,955 - INFO - Epoch 4: train_loss=1.1978
2025-02-01 18:36:58,089 - INFO - Epoch 4: train_loss=1.0502
2025-02-01 18:36:59,068 - INFO - Epoch 4: val_loss=1.0244, val_acc=66.67%
2025-02-01 18:36:59,071 - INFO - ####################Training epoch 5####################
2025-02-01 18:37:00,054 - INFO - Epoch 5: train_loss=1.0734
2025-02-01 18:37:00,222 - INFO - Epoch 5: train_loss=1.1810
2025-02-01 18:37:00,355 - INFO - Epoch 5: train_loss=1.1531
2025-02-01 18:37:01,346 - INFO - Epoch 5: val_loss=1.2922, val_acc=33.33%
2025-02-01 18:37:01,350 - INFO - ####################Training epoch 6####################
2025-02-01 18:37:02,329 - INFO - Epoch 6: train_loss=1.1041
2025-02-01 18:37:02,504 - INFO - Epoch 6: train_loss=1.1118
2025-02-01 18:37:02,644 - INFO - Epoch 6: train_loss=1.2624
2025-02-01 18:37:03,643 - INFO - Epoch 6: val_loss=1.2944, val_acc=33.33%
2025-02-01 18:37:03,646 - INFO - ####################Training epoch 7####################
2025-02-01 18:37:04,649 - INFO - Epoch 7: train_loss=1.1020
2025-02-01 18:37:04,818 - INFO - Epoch 7: train_loss=1.1458
2025-02-01 18:37:04,951 - INFO - Epoch 7: train_loss=1.1960
2025-02-01 18:37:05,949 - INFO - Epoch 7: val_loss=1.0557, val_acc=33.33%
2025-02-01 18:37:05,952 - INFO - ####################Training epoch 8####################
2025-02-01 18:37:06,925 - INFO - Epoch 8: train_loss=1.1240
2025-02-01 18:37:07,101 - INFO - Epoch 8: train_loss=1.1461
2025-02-01 18:37:07,240 - INFO - Epoch 8: train_loss=1.0252
2025-02-01 18:37:08,230 - INFO - Epoch 8: val_loss=1.2192, val_acc=33.33%
2025-02-01 18:37:08,233 - INFO - ####################Training epoch 9####################
2025-02-01 18:37:09,213 - INFO - Epoch 9: train_loss=1.0959
2025-02-01 18:37:09,385 - INFO - Epoch 9: train_loss=1.0967
2025-02-01 18:37:09,518 - INFO - Epoch 9: train_loss=1.2088
2025-02-01 18:37:10,501 - INFO - Epoch 9: val_loss=1.6048, val_acc=0.00%
2025-02-01 18:37:10,531 - INFO - ####################Training epoch 10####################
2025-02-01 18:37:11,506 - INFO - Epoch 10: train_loss=1.1668
2025-02-01 18:37:11,670 - INFO - Epoch 10: train_loss=1.0642
2025-02-01 18:37:11,804 - INFO - Epoch 10: train_loss=1.0964
2025-02-01 18:37:12,796 - INFO - Epoch 10: val_loss=1.8785, val_acc=33.33%
2025-02-01 18:37:12,799 - INFO - ####################Training epoch 11####################
2025-02-01 18:37:13,769 - INFO - Epoch 11: train_loss=1.0363
2025-02-01 18:37:13,944 - INFO - Epoch 11: train_loss=1.1225
2025-02-01 18:37:14,079 - INFO - Epoch 11: train_loss=1.0971
2025-02-01 18:37:15,074 - INFO - Epoch 11: val_loss=1.8952, val_acc=33.33%
2025-02-01 18:37:15,078 - INFO - ####################Training epoch 12####################
2025-02-01 18:37:16,099 - INFO - Epoch 12: train_loss=1.0721
2025-02-01 18:37:16,262 - INFO - Epoch 12: train_loss=1.0584
2025-02-01 18:37:16,396 - INFO - Epoch 12: train_loss=1.1707
2025-02-01 18:37:17,446 - INFO - Epoch 12: val_loss=1.9500, val_acc=33.33%
2025-02-01 18:37:17,450 - INFO - ####################Training epoch 13####################
2025-02-01 18:37:18,447 - INFO - Epoch 13: train_loss=1.0645
2025-02-01 18:37:18,616 - INFO - Epoch 13: train_loss=1.1008
2025-02-01 18:37:18,750 - INFO - Epoch 13: train_loss=1.0717
2025-02-01 18:37:19,737 - INFO - Epoch 13: val_loss=1.6216, val_acc=33.33%
2025-02-01 18:37:19,741 - INFO - ####################Training epoch 14####################
2025-02-01 18:37:20,724 - INFO - Epoch 14: train_loss=1.0556
2025-02-01 18:37:20,900 - INFO - Epoch 14: train_loss=1.1339
2025-02-01 18:37:21,039 - INFO - Epoch 14: train_loss=1.0266
2025-02-01 18:37:22,032 - INFO - Epoch 14: val_loss=1.8078, val_acc=33.33%
2025-02-01 18:37:22,035 - INFO - ####################Training epoch 15####################
2025-02-01 18:37:23,011 - INFO - Epoch 15: train_loss=1.0810
2025-02-01 18:37:23,183 - INFO - Epoch 15: train_loss=1.1472
2025-02-01 18:37:23,316 - INFO - Epoch 15: train_loss=0.9642
2025-02-01 18:37:24,290 - INFO - Epoch 15: val_loss=2.2470, val_acc=33.33%
2025-02-01 18:37:24,294 - INFO - ####################Training epoch 16####################
2025-02-01 18:37:25,275 - INFO - Epoch 16: train_loss=1.0119
2025-02-01 18:37:25,440 - INFO - Epoch 16: train_loss=1.1446
2025-02-01 18:37:25,574 - INFO - Epoch 16: train_loss=1.0773
2025-02-01 18:37:26,566 - INFO - Epoch 16: val_loss=2.3087, val_acc=0.00%
2025-02-01 18:37:26,595 - INFO - ####################Training epoch 17####################
2025-02-01 18:37:27,579 - INFO - Epoch 17: train_loss=1.0145
2025-02-01 18:37:27,755 - INFO - Epoch 17: train_loss=1.1403
2025-02-01 18:37:27,889 - INFO - Epoch 17: train_loss=1.0782
2025-02-01 18:37:28,881 - INFO - Epoch 17: val_loss=2.3481, val_acc=0.00%
2025-02-01 18:37:28,884 - INFO - ####################Training epoch 18####################
2025-02-01 18:37:29,857 - INFO - Epoch 18: train_loss=1.0615
2025-02-01 18:37:30,025 - INFO - Epoch 18: train_loss=1.1248
2025-02-01 18:37:30,159 - INFO - Epoch 18: train_loss=1.0045
2025-02-01 18:37:31,143 - INFO - Epoch 18: val_loss=2.3559, val_acc=0.00%
2025-02-01 18:37:31,147 - INFO - ####################Training epoch 19####################
2025-02-01 18:37:32,141 - INFO - Epoch 19: train_loss=1.1103
2025-02-01 18:37:32,317 - INFO - Epoch 19: train_loss=1.0603
2025-02-01 18:37:32,454 - INFO - Epoch 19: train_loss=1.0272
2025-02-01 18:37:33,452 - INFO - Epoch 19: val_loss=2.3481, val_acc=0.00%
2025-02-01 18:37:33,456 - INFO - ####################Training epoch 20####################
2025-02-01 18:37:34,442 - INFO - Epoch 20: train_loss=1.0388
2025-02-01 18:37:34,611 - INFO - Epoch 20: train_loss=1.1152
2025-02-01 18:37:34,745 - INFO - Epoch 20: train_loss=1.0588
2025-02-01 18:37:35,730 - INFO - Epoch 20: val_loss=2.3371, val_acc=0.00%
2025-02-01 18:37:35,734 - INFO - ####################Training epoch 21####################
2025-02-01 18:37:36,709 - INFO - Epoch 21: train_loss=1.0115
2025-02-01 18:37:36,884 - INFO - Epoch 21: train_loss=1.1051
2025-02-01 18:37:37,025 - INFO - Epoch 21: train_loss=1.1270
2025-02-01 18:37:38,031 - INFO - Epoch 21: val_loss=2.3444, val_acc=0.00%
2025-02-01 18:37:38,034 - INFO - ####################Training epoch 22####################
2025-02-01 18:37:39,019 - INFO - Epoch 22: train_loss=1.0769
2025-02-01 18:37:39,331 - INFO - Epoch 22: train_loss=1.0455
2025-02-01 18:37:39,466 - INFO - Epoch 22: train_loss=1.0937
2025-02-01 18:37:40,006 - INFO - Epoch 22: val_loss=2.3380, val_acc=33.33%
2025-02-01 18:37:40,010 - INFO - ####################Training epoch 23####################
2025-02-01 18:37:40,800 - INFO - Epoch 23: train_loss=1.0988
2025-02-01 18:37:40,957 - INFO - Epoch 23: train_loss=1.0139
2025-02-01 18:37:41,091 - INFO - Epoch 23: train_loss=1.0832
2025-02-01 18:37:41,472 - INFO - Epoch 23: val_loss=2.3316, val_acc=33.33%
2025-02-01 18:37:41,476 - INFO - ####################Training epoch 24####################
2025-02-01 18:37:41,833 - INFO - Epoch 24: train_loss=1.0747
2025-02-01 18:37:41,990 - INFO - Epoch 24: train_loss=1.0911
2025-02-01 18:37:42,124 - INFO - Epoch 24: train_loss=0.9942
2025-02-01 18:37:42,506 - INFO - Epoch 24: val_loss=2.3440, val_acc=33.33%
2025-02-01 18:37:42,510 - INFO - ####################Training epoch 25####################
2025-02-01 18:37:42,870 - INFO - Epoch 25: train_loss=1.0666
2025-02-01 18:37:43,027 - INFO - Epoch 25: train_loss=1.0319
2025-02-01 18:37:43,161 - INFO - Epoch 25: train_loss=1.0640
2025-02-01 18:37:43,538 - INFO - Epoch 25: val_loss=2.3762, val_acc=0.00%
2025-02-01 18:37:43,542 - INFO - ####################Training epoch 26####################
2025-02-01 18:37:43,900 - INFO - Epoch 26: train_loss=0.9654
2025-02-01 18:37:44,057 - INFO - Epoch 26: train_loss=1.0895
2025-02-01 18:37:44,192 - INFO - Epoch 26: train_loss=1.0594
2025-02-01 18:37:44,574 - INFO - Epoch 26: val_loss=2.3575, val_acc=0.00%
2025-02-01 18:37:44,578 - INFO - ####################Training epoch 27####################
2025-02-01 18:37:44,938 - INFO - Epoch 27: train_loss=1.0685
2025-02-01 18:37:45,096 - INFO - Epoch 27: train_loss=1.0595
2025-02-01 18:37:45,230 - INFO - Epoch 27: train_loss=0.9170
2025-02-01 18:37:45,604 - INFO - Epoch 27: val_loss=2.6381, val_acc=33.33%
2025-02-01 18:37:45,607 - INFO - ####################Training epoch 28####################
2025-02-01 18:37:45,971 - INFO - Epoch 28: train_loss=0.9904
2025-02-01 18:37:46,128 - INFO - Epoch 28: train_loss=1.1318
2025-02-01 18:37:46,264 - INFO - Epoch 28: train_loss=1.0746
2025-02-01 18:37:46,641 - INFO - Epoch 28: val_loss=2.4813, val_acc=0.00%
2025-02-01 18:37:46,645 - INFO - ####################Training epoch 29####################
2025-02-01 18:37:47,006 - INFO - Epoch 29: train_loss=1.1078
2025-02-01 18:37:47,164 - INFO - Epoch 29: train_loss=1.0226
2025-02-01 18:37:47,298 - INFO - Epoch 29: train_loss=0.9884
2025-02-01 18:37:47,678 - INFO - Epoch 29: val_loss=2.3557, val_acc=33.33%
2025-02-01 18:37:47,681 - INFO - ####################Training epoch 30####################
2025-02-01 18:37:48,038 - INFO - Epoch 30: train_loss=1.1382
2025-02-01 18:37:48,196 - INFO - Epoch 30: train_loss=0.9271
2025-02-01 18:37:48,330 - INFO - Epoch 30: train_loss=1.1298
2025-02-01 18:37:48,705 - INFO - Epoch 30: val_loss=2.3327, val_acc=33.33%
2025-02-01 18:37:48,709 - INFO - ####################Training epoch 31####################
2025-02-01 18:37:49,072 - INFO - Epoch 31: train_loss=1.0920
2025-02-01 18:37:49,229 - INFO - Epoch 31: train_loss=1.0311
2025-02-01 18:37:49,364 - INFO - Epoch 31: train_loss=1.0097
2025-02-01 18:37:49,738 - INFO - Epoch 31: val_loss=2.3056, val_acc=33.33%
2025-02-01 18:37:49,741 - INFO - ####################Training epoch 32####################
2025-02-01 18:37:50,101 - INFO - Epoch 32: train_loss=1.0238
2025-02-01 18:37:50,260 - INFO - Epoch 32: train_loss=1.0955
2025-02-01 18:37:50,394 - INFO - Epoch 32: train_loss=1.0430
2025-02-01 18:37:50,773 - INFO - Epoch 32: val_loss=2.3726, val_acc=0.00%
2025-02-01 18:37:50,777 - INFO - ####################Training epoch 33####################
2025-02-01 18:37:51,137 - INFO - Epoch 33: train_loss=1.0023
2025-02-01 18:37:51,295 - INFO - Epoch 33: train_loss=1.1115
2025-02-01 18:37:51,430 - INFO - Epoch 33: train_loss=1.0327
2025-02-01 18:37:51,808 - INFO - Epoch 33: val_loss=2.4486, val_acc=0.00%
2025-02-01 18:37:51,812 - INFO - ####################Training epoch 34####################
2025-02-01 18:37:52,179 - INFO - Epoch 34: train_loss=1.0459
2025-02-01 18:37:52,338 - INFO - Epoch 34: train_loss=1.0112
2025-02-01 18:37:52,472 - INFO - Epoch 34: train_loss=1.2125
2025-02-01 18:37:52,853 - INFO - Epoch 34: val_loss=2.3574, val_acc=0.00%
2025-02-01 18:37:52,856 - INFO - ####################Training epoch 35####################
2025-02-01 18:37:53,216 - INFO - Epoch 35: train_loss=1.0685
2025-02-01 18:37:53,374 - INFO - Epoch 35: train_loss=0.9724
2025-02-01 18:37:53,508 - INFO - Epoch 35: train_loss=1.0839
2025-02-01 18:37:53,890 - INFO - Epoch 35: val_loss=2.4452, val_acc=0.00%
2025-02-01 18:37:53,894 - INFO - ####################Training epoch 36####################
2025-02-01 18:37:54,248 - INFO - Epoch 36: train_loss=1.0035
2025-02-01 18:37:54,406 - INFO - Epoch 36: train_loss=1.0232
2025-02-01 18:37:54,541 - INFO - Epoch 36: train_loss=1.1434
2025-02-01 18:37:54,917 - INFO - Epoch 36: val_loss=2.3518, val_acc=0.00%
2025-02-01 18:37:54,921 - INFO - ####################Training epoch 37####################
2025-02-01 18:37:55,283 - INFO - Epoch 37: train_loss=1.0650
2025-02-01 18:37:55,441 - INFO - Epoch 37: train_loss=1.0110
2025-02-01 18:37:55,576 - INFO - Epoch 37: train_loss=1.0693
2025-02-01 18:37:55,955 - INFO - Epoch 37: val_loss=2.6249, val_acc=33.33%
2025-02-01 18:37:55,958 - INFO - ####################Training epoch 38####################
2025-02-01 18:37:56,318 - INFO - Epoch 38: train_loss=1.0170
2025-02-01 18:37:56,476 - INFO - Epoch 38: train_loss=1.1065
2025-02-01 18:37:56,611 - INFO - Epoch 38: train_loss=1.1997
2025-02-01 18:37:56,993 - INFO - Epoch 38: val_loss=2.7462, val_acc=0.00%
2025-02-01 18:37:56,997 - INFO - ####################Training epoch 39####################
2025-02-01 18:37:57,357 - INFO - Epoch 39: train_loss=1.0250
2025-02-01 18:37:57,516 - INFO - Epoch 39: train_loss=1.0783
2025-02-01 18:37:57,651 - INFO - Epoch 39: train_loss=0.9717
2025-02-01 18:37:58,032 - INFO - Epoch 39: val_loss=2.4021, val_acc=0.00%
2025-02-01 18:37:58,035 - INFO - ####################Training epoch 40####################
2025-02-01 18:37:58,396 - INFO - Epoch 40: train_loss=1.0162
2025-02-01 18:37:58,553 - INFO - Epoch 40: train_loss=1.0255
2025-02-01 18:37:58,688 - INFO - Epoch 40: train_loss=1.0688
2025-02-01 18:37:59,067 - INFO - Epoch 40: val_loss=2.3350, val_acc=33.33%
2025-02-01 18:37:59,071 - INFO - ####################Training epoch 41####################
2025-02-01 18:37:59,427 - INFO - Epoch 41: train_loss=1.0493
2025-02-01 18:37:59,585 - INFO - Epoch 41: train_loss=1.0264
2025-02-01 18:37:59,719 - INFO - Epoch 41: train_loss=1.0673
2025-02-01 18:38:00,094 - INFO - Epoch 41: val_loss=2.3879, val_acc=0.00%
2025-02-01 18:38:00,098 - INFO - ####################Training epoch 42####################
2025-02-01 18:38:00,460 - INFO - Epoch 42: train_loss=1.0403
2025-02-01 18:38:00,618 - INFO - Epoch 42: train_loss=1.0533
2025-02-01 18:38:00,753 - INFO - Epoch 42: train_loss=1.0005
2025-02-01 18:38:01,130 - INFO - Epoch 42: val_loss=2.3552, val_acc=0.00%
2025-02-01 18:38:01,134 - INFO - ####################Training epoch 43####################
2025-02-01 18:38:01,500 - INFO - Epoch 43: train_loss=1.0508
2025-02-01 18:38:01,658 - INFO - Epoch 43: train_loss=1.0421
2025-02-01 18:38:01,793 - INFO - Epoch 43: train_loss=1.0049
2025-02-01 18:38:02,175 - INFO - Epoch 43: val_loss=2.3071, val_acc=33.33%
2025-02-01 18:38:02,179 - INFO - ####################Training epoch 44####################
2025-02-01 18:38:02,540 - INFO - Epoch 44: train_loss=1.0317
2025-02-01 18:38:02,698 - INFO - Epoch 44: train_loss=0.9769
2025-02-01 18:38:02,832 - INFO - Epoch 44: train_loss=1.1800
2025-02-01 18:38:03,309 - INFO - Epoch 44: val_loss=2.3632, val_acc=0.00%
2025-02-01 18:38:03,313 - INFO - ####################Training epoch 45####################
2025-02-01 18:38:03,673 - INFO - Epoch 45: train_loss=1.0481
2025-02-01 18:38:03,831 - INFO - Epoch 45: train_loss=1.0518
2025-02-01 18:38:03,965 - INFO - Epoch 45: train_loss=0.9890
2025-02-01 18:38:04,350 - INFO - Epoch 45: val_loss=2.3865, val_acc=0.00%
2025-02-01 18:38:04,354 - INFO - ####################Training epoch 46####################
2025-02-01 18:38:04,719 - INFO - Epoch 46: train_loss=1.0344
2025-02-01 18:38:04,877 - INFO - Epoch 46: train_loss=1.0991
2025-02-01 18:38:05,012 - INFO - Epoch 46: train_loss=0.8674
2025-02-01 18:38:05,393 - INFO - Epoch 46: val_loss=2.4456, val_acc=0.00%
2025-02-01 18:38:05,397 - INFO - ####################Training epoch 47####################
2025-02-01 18:38:05,760 - INFO - Epoch 47: train_loss=1.0428
2025-02-01 18:38:05,921 - INFO - Epoch 47: train_loss=1.0236
2025-02-01 18:38:06,056 - INFO - Epoch 47: train_loss=1.1186
2025-02-01 18:38:06,432 - INFO - Epoch 47: val_loss=2.3525, val_acc=0.00%
2025-02-01 18:38:06,436 - INFO - ####################Training epoch 48####################
2025-02-01 18:38:06,798 - INFO - Epoch 48: train_loss=0.9987
2025-02-01 18:38:06,956 - INFO - Epoch 48: train_loss=1.0332
2025-02-01 18:38:07,091 - INFO - Epoch 48: train_loss=1.0890
2025-02-01 18:38:07,473 - INFO - Epoch 48: val_loss=2.3735, val_acc=0.00%
2025-02-01 18:38:07,477 - INFO - ####################Training epoch 49####################
2025-02-01 18:38:07,841 - INFO - Epoch 49: train_loss=1.0467
2025-02-01 18:38:07,999 - INFO - Epoch 49: train_loss=1.0684
2025-02-01 18:38:08,134 - INFO - Epoch 49: train_loss=0.9856
2025-02-01 18:38:08,513 - INFO - Epoch 49: val_loss=2.3271, val_acc=33.33%
2025-02-01 18:38:08,517 - INFO - ####################Training epoch 50####################
2025-02-01 18:38:08,878 - INFO - Epoch 50: train_loss=0.9978
2025-02-01 18:38:09,037 - INFO - Epoch 50: train_loss=1.0354
2025-02-01 18:38:09,171 - INFO - Epoch 50: train_loss=1.1102
2025-02-01 18:38:09,552 - INFO - Epoch 50: val_loss=2.3114, val_acc=33.33%
2025-02-01 18:38:09,556 - INFO - ####################Training epoch 51####################
2025-02-01 18:38:09,914 - INFO - Epoch 51: train_loss=0.9504
2025-02-01 18:38:10,072 - INFO - Epoch 51: train_loss=1.0445
2025-02-01 18:38:10,207 - INFO - Epoch 51: train_loss=1.1745
2025-02-01 18:38:10,588 - INFO - Epoch 51: val_loss=2.3548, val_acc=33.33%
2025-02-01 18:38:10,592 - INFO - ####################Training epoch 52####################
2025-02-01 18:38:10,956 - INFO - Epoch 52: train_loss=1.0264
2025-02-01 18:38:11,114 - INFO - Epoch 52: train_loss=1.0103
2025-02-01 18:38:11,249 - INFO - Epoch 52: train_loss=1.1149
2025-02-01 18:38:11,630 - INFO - Epoch 52: val_loss=2.3165, val_acc=33.33%
2025-02-01 18:38:11,634 - INFO - ####################Training epoch 53####################
2025-02-01 18:38:11,994 - INFO - Epoch 53: train_loss=0.9732
2025-02-01 18:38:12,153 - INFO - Epoch 53: train_loss=1.1301
2025-02-01 18:38:12,287 - INFO - Epoch 53: train_loss=0.9885
2025-02-01 18:38:12,672 - INFO - Epoch 53: val_loss=2.3150, val_acc=33.33%
2025-02-01 18:38:12,676 - INFO - ####################Training epoch 54####################
2025-02-01 18:38:13,038 - INFO - Epoch 54: train_loss=1.0075
2025-02-01 18:38:13,196 - INFO - Epoch 54: train_loss=1.0447
2025-02-01 18:38:13,331 - INFO - Epoch 54: train_loss=0.9923
2025-02-01 18:38:13,710 - INFO - Epoch 54: val_loss=2.5229, val_acc=0.00%
2025-02-01 18:38:13,714 - INFO - ####################Training epoch 55####################
2025-02-01 18:38:14,076 - INFO - Epoch 55: train_loss=1.0553
2025-02-01 18:38:14,234 - INFO - Epoch 55: train_loss=1.0032
2025-02-01 18:38:14,369 - INFO - Epoch 55: train_loss=1.0518
2025-02-01 18:38:14,749 - INFO - Epoch 55: val_loss=2.3526, val_acc=33.33%
2025-02-01 18:38:14,753 - INFO - ####################Training epoch 56####################
2025-02-01 18:38:15,115 - INFO - Epoch 56: train_loss=1.0087
2025-02-01 18:38:15,273 - INFO - Epoch 56: train_loss=1.1295
2025-02-01 18:38:15,408 - INFO - Epoch 56: train_loss=0.8083
2025-02-01 18:38:15,787 - INFO - Epoch 56: val_loss=2.4219, val_acc=0.00%
2025-02-01 18:38:15,791 - INFO - ####################Training epoch 57####################
2025-02-01 18:38:16,149 - INFO - Epoch 57: train_loss=1.0378
2025-02-01 18:38:16,307 - INFO - Epoch 57: train_loss=1.0042
2025-02-01 18:38:16,442 - INFO - Epoch 57: train_loss=1.0708
2025-02-01 18:38:16,819 - INFO - Epoch 57: val_loss=2.3602, val_acc=0.00%
2025-02-01 18:38:16,823 - INFO - ####################Training epoch 58####################
2025-02-01 18:38:17,192 - INFO - Epoch 58: train_loss=1.0113
2025-02-01 18:38:17,349 - INFO - Epoch 58: train_loss=1.0463
2025-02-01 18:38:17,484 - INFO - Epoch 58: train_loss=0.9961
2025-02-01 18:38:17,862 - INFO - Epoch 58: val_loss=2.4233, val_acc=0.00%
2025-02-01 18:38:17,865 - INFO - ####################Training epoch 59####################
2025-02-01 18:38:18,225 - INFO - Epoch 59: train_loss=1.0996
2025-02-01 18:38:18,382 - INFO - Epoch 59: train_loss=1.0063
2025-02-01 18:38:18,518 - INFO - Epoch 59: train_loss=0.9132
2025-02-01 18:38:18,902 - INFO - Epoch 59: val_loss=2.3815, val_acc=0.00%
2025-02-01 18:38:18,905 - INFO - ####################Training epoch 60####################
2025-02-01 18:38:19,268 - INFO - Epoch 60: train_loss=0.9585
2025-02-01 18:38:19,425 - INFO - Epoch 60: train_loss=1.0638
2025-02-01 18:38:19,559 - INFO - Epoch 60: train_loss=1.0315
2025-02-01 18:38:19,941 - INFO - Epoch 60: val_loss=2.3114, val_acc=33.33%
2025-02-01 18:38:19,945 - INFO - ####################Training epoch 61####################
2025-02-01 18:38:20,306 - INFO - Epoch 61: train_loss=1.0069
2025-02-01 18:38:20,465 - INFO - Epoch 61: train_loss=1.0436
2025-02-01 18:38:20,599 - INFO - Epoch 61: train_loss=1.0190
2025-02-01 18:38:20,978 - INFO - Epoch 61: val_loss=2.3298, val_acc=33.33%
2025-02-01 18:38:20,982 - INFO - ####################Training epoch 62####################
2025-02-01 18:38:21,339 - INFO - Epoch 62: train_loss=1.0729
2025-02-01 18:38:21,497 - INFO - Epoch 62: train_loss=0.9931
2025-02-01 18:38:21,631 - INFO - Epoch 62: train_loss=1.0522
2025-02-01 18:38:22,014 - INFO - Epoch 62: val_loss=2.4155, val_acc=0.00%
2025-02-01 18:38:22,018 - INFO - ####################Training epoch 63####################
2025-02-01 18:38:22,381 - INFO - Epoch 63: train_loss=1.0315
2025-02-01 18:38:22,538 - INFO - Epoch 63: train_loss=1.0379
2025-02-01 18:38:22,672 - INFO - Epoch 63: train_loss=1.0674
2025-02-01 18:38:23,052 - INFO - Epoch 63: val_loss=2.3630, val_acc=33.33%
2025-02-01 18:38:23,056 - INFO - ####################Training epoch 64####################
2025-02-01 18:38:23,418 - INFO - Epoch 64: train_loss=1.0710
2025-02-01 18:38:23,575 - INFO - Epoch 64: train_loss=0.9655
2025-02-01 18:38:23,710 - INFO - Epoch 64: train_loss=1.0148
2025-02-01 18:38:24,085 - INFO - Epoch 64: val_loss=2.2979, val_acc=33.33%
2025-02-01 18:38:24,089 - INFO - ####################Training epoch 65####################
2025-02-01 18:38:24,447 - INFO - Epoch 65: train_loss=1.0399
2025-02-01 18:38:24,605 - INFO - Epoch 65: train_loss=1.0108
2025-02-01 18:38:24,739 - INFO - Epoch 65: train_loss=1.0426
2025-02-01 18:38:25,121 - INFO - Epoch 65: val_loss=2.3204, val_acc=33.33%
2025-02-01 18:38:25,125 - INFO - ####################Training epoch 66####################
2025-02-01 18:38:25,487 - INFO - Epoch 66: train_loss=1.0869
2025-02-01 18:38:25,645 - INFO - Epoch 66: train_loss=1.0242
2025-02-01 18:38:25,780 - INFO - Epoch 66: train_loss=0.9968
2025-02-01 18:38:26,162 - INFO - Epoch 66: val_loss=2.5221, val_acc=0.00%
2025-02-01 18:38:26,167 - INFO - ####################Training epoch 67####################
2025-02-01 18:38:26,528 - INFO - Epoch 67: train_loss=0.9676
2025-02-01 18:38:26,686 - INFO - Epoch 67: train_loss=1.0578
2025-02-01 18:38:26,820 - INFO - Epoch 67: train_loss=1.0226
2025-02-01 18:38:27,201 - INFO - Epoch 67: val_loss=2.3608, val_acc=0.00%
2025-02-01 18:38:27,205 - INFO - ####################Training epoch 68####################
2025-02-01 18:38:27,567 - INFO - Epoch 68: train_loss=1.1090
2025-02-01 18:38:27,725 - INFO - Epoch 68: train_loss=0.9873
2025-02-01 18:38:27,859 - INFO - Epoch 68: train_loss=0.9471
2025-02-01 18:38:28,247 - INFO - Epoch 68: val_loss=2.3018, val_acc=33.33%
2025-02-01 18:38:28,251 - INFO - ####################Training epoch 69####################
2025-02-01 18:38:28,614 - INFO - Epoch 69: train_loss=0.9914
2025-02-01 18:38:28,772 - INFO - Epoch 69: train_loss=1.0037
2025-02-01 18:38:28,907 - INFO - Epoch 69: train_loss=1.1236
2025-02-01 18:38:29,290 - INFO - Epoch 69: val_loss=2.3126, val_acc=33.33%
2025-02-01 18:38:29,294 - INFO - ####################Training epoch 70####################
2025-02-01 18:38:29,658 - INFO - Epoch 70: train_loss=0.9622
2025-02-01 18:38:29,815 - INFO - Epoch 70: train_loss=1.0633
2025-02-01 18:38:29,950 - INFO - Epoch 70: train_loss=1.1055
2025-02-01 18:38:30,330 - INFO - Epoch 70: val_loss=2.3001, val_acc=33.33%
2025-02-01 18:38:30,334 - INFO - ####################Training epoch 71####################
2025-02-01 18:38:30,698 - INFO - Epoch 71: train_loss=1.0515
2025-02-01 18:38:30,855 - INFO - Epoch 71: train_loss=1.0746
2025-02-01 18:38:30,990 - INFO - Epoch 71: train_loss=1.0273
2025-02-01 18:38:31,370 - INFO - Epoch 71: val_loss=2.3272, val_acc=33.33%
2025-02-01 18:38:31,374 - INFO - ####################Training epoch 72####################
2025-02-01 18:38:31,738 - INFO - Epoch 72: train_loss=1.0025
2025-02-01 18:38:31,894 - INFO - Epoch 72: train_loss=1.0151
2025-02-01 18:38:32,029 - INFO - Epoch 72: train_loss=1.0620
2025-02-01 18:38:32,404 - INFO - Epoch 72: val_loss=2.3908, val_acc=0.00%
2025-02-01 18:38:32,408 - INFO - ####################Training epoch 73####################
2025-02-01 18:38:32,776 - INFO - Epoch 73: train_loss=1.1405
2025-02-01 18:38:32,933 - INFO - Epoch 73: train_loss=1.0062
2025-02-01 18:38:33,068 - INFO - Epoch 73: train_loss=0.8288
2025-02-01 18:38:33,449 - INFO - Epoch 73: val_loss=2.3761, val_acc=0.00%
2025-02-01 18:38:33,453 - INFO - ####################Training epoch 74####################
2025-02-01 18:38:33,813 - INFO - Epoch 74: train_loss=1.0200
2025-02-01 18:38:33,970 - INFO - Epoch 74: train_loss=1.1102
2025-02-01 18:38:34,105 - INFO - Epoch 74: train_loss=0.9213
2025-02-01 18:38:34,486 - INFO - Epoch 74: val_loss=2.4035, val_acc=0.00%
2025-02-01 18:38:34,490 - INFO - ####################Training epoch 75####################
2025-02-01 18:38:34,850 - INFO - Epoch 75: train_loss=0.9767
2025-02-01 18:38:35,008 - INFO - Epoch 75: train_loss=1.0580
2025-02-01 18:38:35,142 - INFO - Epoch 75: train_loss=1.0538
2025-02-01 18:38:35,519 - INFO - Epoch 75: val_loss=2.4555, val_acc=0.00%
2025-02-01 18:38:35,523 - INFO - ####################Training epoch 76####################
2025-02-01 18:38:35,888 - INFO - Epoch 76: train_loss=1.0380
2025-02-01 18:38:36,046 - INFO - Epoch 76: train_loss=1.0775
2025-02-01 18:38:36,180 - INFO - Epoch 76: train_loss=0.9238
2025-02-01 18:38:36,560 - INFO - Epoch 76: val_loss=2.4974, val_acc=0.00%
2025-02-01 18:38:36,564 - INFO - ####################Training epoch 77####################
2025-02-01 18:38:36,924 - INFO - Epoch 77: train_loss=1.0241
2025-02-01 18:38:37,082 - INFO - Epoch 77: train_loss=1.0875
2025-02-01 18:38:37,216 - INFO - Epoch 77: train_loss=0.9012
2025-02-01 18:38:37,599 - INFO - Epoch 77: val_loss=2.3146, val_acc=33.33%
2025-02-01 18:38:37,602 - INFO - ####################Training epoch 78####################
2025-02-01 18:38:37,966 - INFO - Epoch 78: train_loss=0.9296
2025-02-01 18:38:38,124 - INFO - Epoch 78: train_loss=1.0538
2025-02-01 18:38:38,258 - INFO - Epoch 78: train_loss=1.1932
2025-02-01 18:38:38,641 - INFO - Epoch 78: val_loss=2.7034, val_acc=0.00%
2025-02-01 18:38:38,645 - INFO - ####################Training epoch 79####################
2025-02-01 18:38:39,008 - INFO - Epoch 79: train_loss=0.9992
2025-02-01 18:38:39,166 - INFO - Epoch 79: train_loss=1.0638
2025-02-01 18:38:39,301 - INFO - Epoch 79: train_loss=1.0932
2025-02-01 18:38:39,679 - INFO - Epoch 79: val_loss=2.3179, val_acc=33.33%
2025-02-01 18:38:39,683 - INFO - ####################Training epoch 80####################
2025-02-01 18:38:40,043 - INFO - Epoch 80: train_loss=1.0273
2025-02-01 18:38:40,200 - INFO - Epoch 80: train_loss=1.0026
2025-02-01 18:38:40,335 - INFO - Epoch 80: train_loss=1.0483
2025-02-01 18:38:40,718 - INFO - Epoch 80: val_loss=2.3450, val_acc=33.33%
2025-02-01 18:38:40,721 - INFO - ####################Training epoch 81####################
2025-02-01 18:38:41,080 - INFO - Epoch 81: train_loss=1.0193
2025-02-01 18:38:41,237 - INFO - Epoch 81: train_loss=1.0094
2025-02-01 18:38:41,371 - INFO - Epoch 81: train_loss=1.0045
2025-02-01 18:38:41,746 - INFO - Epoch 81: val_loss=2.3360, val_acc=33.33%
2025-02-01 18:38:41,749 - INFO - ####################Training epoch 82####################
2025-02-01 18:38:42,113 - INFO - Epoch 82: train_loss=1.0614
2025-02-01 18:38:42,270 - INFO - Epoch 82: train_loss=1.0520
2025-02-01 18:38:42,405 - INFO - Epoch 82: train_loss=0.9372
2025-02-01 18:38:42,785 - INFO - Epoch 82: val_loss=2.3411, val_acc=33.33%
2025-02-01 18:38:42,789 - INFO - ####################Training epoch 83####################
2025-02-01 18:38:43,149 - INFO - Epoch 83: train_loss=1.0775
2025-02-01 18:38:43,307 - INFO - Epoch 83: train_loss=1.0023
2025-02-01 18:38:43,442 - INFO - Epoch 83: train_loss=1.0834
2025-02-01 18:38:43,826 - INFO - Epoch 83: val_loss=2.4144, val_acc=0.00%
2025-02-01 18:38:43,830 - INFO - ####################Training epoch 84####################
2025-02-01 18:38:44,191 - INFO - Epoch 84: train_loss=1.1226
2025-02-01 18:38:44,349 - INFO - Epoch 84: train_loss=0.9215
2025-02-01 18:38:44,484 - INFO - Epoch 84: train_loss=1.1147
2025-02-01 18:38:44,867 - INFO - Epoch 84: val_loss=2.3407, val_acc=33.33%
2025-02-01 18:38:44,870 - INFO - ####################Training epoch 85####################
2025-02-01 18:38:45,236 - INFO - Epoch 85: train_loss=1.0230
2025-02-01 18:38:45,394 - INFO - Epoch 85: train_loss=1.0831
2025-02-01 18:38:45,528 - INFO - Epoch 85: train_loss=1.0026
2025-02-01 18:38:45,911 - INFO - Epoch 85: val_loss=2.3227, val_acc=33.33%
2025-02-01 18:38:45,914 - INFO - ####################Training epoch 86####################
2025-02-01 18:38:46,277 - INFO - Epoch 86: train_loss=1.0164
2025-02-01 18:38:46,434 - INFO - Epoch 86: train_loss=1.0222
2025-02-01 18:38:46,568 - INFO - Epoch 86: train_loss=1.0633
2025-02-01 18:38:46,956 - INFO - Epoch 86: val_loss=2.3663, val_acc=0.00%
2025-02-01 18:38:46,960 - INFO - ####################Training epoch 87####################
2025-02-01 18:38:47,319 - INFO - Epoch 87: train_loss=0.9773
2025-02-01 18:38:47,477 - INFO - Epoch 87: train_loss=1.1275
2025-02-01 18:38:47,612 - INFO - Epoch 87: train_loss=0.9907
2025-02-01 18:38:47,988 - INFO - Epoch 87: val_loss=2.3967, val_acc=0.00%
2025-02-01 18:38:47,991 - INFO - ####################Training epoch 88####################
2025-02-01 18:38:48,355 - INFO - Epoch 88: train_loss=1.0056
2025-02-01 18:38:48,512 - INFO - Epoch 88: train_loss=1.0893
2025-02-01 18:38:48,647 - INFO - Epoch 88: train_loss=1.0634
2025-02-01 18:38:49,027 - INFO - Epoch 88: val_loss=2.4136, val_acc=0.00%
2025-02-01 18:38:49,031 - INFO - ####################Training epoch 89####################
2025-02-01 18:38:49,392 - INFO - Epoch 89: train_loss=0.9097
2025-02-01 18:38:49,549 - INFO - Epoch 89: train_loss=1.1045
2025-02-01 18:38:49,684 - INFO - Epoch 89: train_loss=1.1223
2025-02-01 18:38:50,065 - INFO - Epoch 89: val_loss=2.3804, val_acc=0.00%
2025-02-01 18:38:50,069 - INFO - ####################Training epoch 90####################
2025-02-01 18:38:50,429 - INFO - Epoch 90: train_loss=1.0038
2025-02-01 18:38:50,586 - INFO - Epoch 90: train_loss=1.1360
2025-02-01 18:38:50,721 - INFO - Epoch 90: train_loss=1.1708
2025-02-01 18:38:51,101 - INFO - Epoch 90: val_loss=2.3700, val_acc=0.00%
2025-02-01 18:38:51,105 - INFO - ####################Training epoch 91####################
2025-02-01 18:38:51,471 - INFO - Epoch 91: train_loss=1.0067
2025-02-01 18:38:51,628 - INFO - Epoch 91: train_loss=1.0360
2025-02-01 18:38:51,763 - INFO - Epoch 91: train_loss=1.1306
2025-02-01 18:38:52,145 - INFO - Epoch 91: val_loss=2.3231, val_acc=0.00%
2025-02-01 18:38:52,148 - INFO - ####################Training epoch 92####################
2025-02-01 18:38:52,510 - INFO - Epoch 92: train_loss=0.9858
2025-02-01 18:38:52,668 - INFO - Epoch 92: train_loss=1.0883
2025-02-01 18:38:52,802 - INFO - Epoch 92: train_loss=1.0470
2025-02-01 18:38:53,177 - INFO - Epoch 92: val_loss=2.3209, val_acc=33.33%
2025-02-01 18:38:53,181 - INFO - ####################Training epoch 93####################
2025-02-01 18:38:53,542 - INFO - Epoch 93: train_loss=0.9475
2025-02-01 18:38:53,700 - INFO - Epoch 93: train_loss=1.0710
2025-02-01 18:38:53,834 - INFO - Epoch 93: train_loss=1.0917
2025-02-01 18:38:54,211 - INFO - Epoch 93: val_loss=2.3659, val_acc=33.33%
2025-02-01 18:38:54,215 - INFO - ####################Training epoch 94####################
2025-02-01 18:38:54,579 - INFO - Epoch 94: train_loss=1.0275
2025-02-01 18:38:54,737 - INFO - Epoch 94: train_loss=0.9770
2025-02-01 18:38:54,871 - INFO - Epoch 94: train_loss=1.0226
2025-02-01 18:38:55,251 - INFO - Epoch 94: val_loss=2.3161, val_acc=33.33%
2025-02-01 18:38:55,255 - INFO - ####################Training epoch 95####################
2025-02-01 18:38:55,619 - INFO - Epoch 95: train_loss=1.0436
2025-02-01 18:38:55,777 - INFO - Epoch 95: train_loss=0.9949
2025-02-01 18:38:55,912 - INFO - Epoch 95: train_loss=1.1590
2025-02-01 18:38:56,292 - INFO - Epoch 95: val_loss=2.5267, val_acc=0.00%
2025-02-01 18:38:56,296 - INFO - ####################Training epoch 96####################
2025-02-01 18:38:56,657 - INFO - Epoch 96: train_loss=1.0923
2025-02-01 18:38:56,815 - INFO - Epoch 96: train_loss=0.9967
2025-02-01 18:38:56,950 - INFO - Epoch 96: train_loss=1.0688
2025-02-01 18:38:57,328 - INFO - Epoch 96: val_loss=2.3842, val_acc=0.00%
2025-02-01 18:38:57,332 - INFO - ####################Training epoch 97####################
2025-02-01 18:38:57,700 - INFO - Epoch 97: train_loss=1.1366
2025-02-01 18:38:57,858 - INFO - Epoch 97: train_loss=0.9543
2025-02-01 18:38:57,993 - INFO - Epoch 97: train_loss=0.9653
2025-02-01 18:38:58,374 - INFO - Epoch 97: val_loss=2.3302, val_acc=33.33%
2025-02-01 18:38:58,378 - INFO - ####################Training epoch 98####################
2025-02-01 18:38:58,742 - INFO - Epoch 98: train_loss=1.0602
2025-02-01 18:38:58,900 - INFO - Epoch 98: train_loss=1.0551
2025-02-01 18:38:59,035 - INFO - Epoch 98: train_loss=0.8987
2025-02-01 18:38:59,417 - INFO - Epoch 98: val_loss=2.3132, val_acc=33.33%
2025-02-01 18:38:59,421 - INFO - ####################Training epoch 99####################
2025-02-01 18:38:59,783 - INFO - Epoch 99: train_loss=1.0513
2025-02-01 18:38:59,941 - INFO - Epoch 99: train_loss=0.9444
2025-02-01 18:39:00,075 - INFO - Epoch 99: train_loss=1.1550
2025-02-01 18:39:00,452 - INFO - Epoch 99: val_loss=2.3643, val_acc=33.33%
2025-02-01 18:39:00,456 - INFO - ####################Training epoch 100####################
2025-02-01 18:39:00,821 - INFO - Epoch 100: train_loss=1.0288
2025-02-01 18:39:00,979 - INFO - Epoch 100: train_loss=1.0140
2025-02-01 18:39:01,113 - INFO - Epoch 100: train_loss=1.0188
2025-02-01 18:39:01,495 - INFO - Epoch 100: val_loss=2.3442, val_acc=33.33%
2025-02-01 18:39:01,498 - INFO - ####################Training epoch 101####################
2025-02-01 18:39:01,858 - INFO - Epoch 101: train_loss=1.0169
2025-02-01 18:39:02,016 - INFO - Epoch 101: train_loss=0.9891
2025-02-01 18:39:02,151 - INFO - Epoch 101: train_loss=1.1267
2025-02-01 18:39:02,525 - INFO - Epoch 101: val_loss=2.4169, val_acc=0.00%
2025-02-01 18:39:02,529 - INFO - ####################Training epoch 102####################
2025-02-01 18:39:02,893 - INFO - Epoch 102: train_loss=1.0134
2025-02-01 18:39:03,050 - INFO - Epoch 102: train_loss=1.0249
2025-02-01 18:39:03,184 - INFO - Epoch 102: train_loss=1.0025
2025-02-01 18:39:03,564 - INFO - Epoch 102: val_loss=2.3179, val_acc=33.33%
2025-02-01 18:39:03,568 - INFO - ####################Training epoch 103####################
2025-02-01 18:39:03,933 - INFO - Epoch 103: train_loss=1.0279
2025-02-01 18:39:04,091 - INFO - Epoch 103: train_loss=0.9894
2025-02-01 18:39:04,225 - INFO - Epoch 103: train_loss=1.1188
2025-02-01 18:39:04,606 - INFO - Epoch 103: val_loss=2.3462, val_acc=33.33%
2025-02-01 18:39:04,610 - INFO - ####################Training epoch 104####################
2025-02-01 18:39:04,970 - INFO - Epoch 104: train_loss=1.0968
2025-02-01 18:39:05,127 - INFO - Epoch 104: train_loss=0.9842
2025-02-01 18:39:05,262 - INFO - Epoch 104: train_loss=1.0006
2025-02-01 18:39:05,643 - INFO - Epoch 104: val_loss=2.4570, val_acc=0.00%
2025-02-01 18:39:05,646 - INFO - ####################Training epoch 105####################
2025-02-01 18:39:06,009 - INFO - Epoch 105: train_loss=1.0486
2025-02-01 18:39:06,166 - INFO - Epoch 105: train_loss=1.0607
2025-02-01 18:39:06,300 - INFO - Epoch 105: train_loss=0.8649
2025-02-01 18:39:06,680 - INFO - Epoch 105: val_loss=2.4596, val_acc=0.00%
2025-02-01 18:39:06,684 - INFO - ####################Training epoch 106####################
2025-02-01 18:39:07,048 - INFO - Epoch 106: train_loss=1.0068
2025-02-01 18:39:07,205 - INFO - Epoch 106: train_loss=1.0650
2025-02-01 18:39:07,339 - INFO - Epoch 106: train_loss=1.1139
2025-02-01 18:39:07,720 - INFO - Epoch 106: val_loss=2.3921, val_acc=0.00%
2025-02-01 18:39:07,724 - INFO - ####################Training epoch 107####################
2025-02-01 18:39:08,084 - INFO - Epoch 107: train_loss=1.0297
2025-02-01 18:39:08,241 - INFO - Epoch 107: train_loss=1.0784
2025-02-01 18:39:08,375 - INFO - Epoch 107: train_loss=0.9590
2025-02-01 18:39:08,754 - INFO - Epoch 107: val_loss=2.4090, val_acc=0.00%
2025-02-01 18:39:08,758 - INFO - ####################Training epoch 108####################
2025-02-01 18:39:09,117 - INFO - Epoch 108: train_loss=0.9945
2025-02-01 18:39:09,275 - INFO - Epoch 108: train_loss=1.0654
2025-02-01 18:39:09,409 - INFO - Epoch 108: train_loss=1.0586
2025-02-01 18:39:09,792 - INFO - Epoch 108: val_loss=2.3437, val_acc=33.33%
2025-02-01 18:39:09,796 - INFO - ####################Training epoch 109####################
2025-02-01 18:39:10,161 - INFO - Epoch 109: train_loss=1.0398
2025-02-01 18:39:10,319 - INFO - Epoch 109: train_loss=1.0188
2025-02-01 18:39:10,453 - INFO - Epoch 109: train_loss=0.9972
2025-02-01 18:39:10,837 - INFO - Epoch 109: val_loss=2.3634, val_acc=0.00%
2025-02-01 18:39:10,841 - INFO - ####################Training epoch 110####################
2025-02-01 18:39:11,201 - INFO - Epoch 110: train_loss=1.0767
2025-02-01 18:39:11,359 - INFO - Epoch 110: train_loss=0.9998
2025-02-01 18:39:11,494 - INFO - Epoch 110: train_loss=0.9207
2025-02-01 18:39:11,877 - INFO - Epoch 110: val_loss=2.4515, val_acc=0.00%
2025-02-01 18:39:11,880 - INFO - ####################Training epoch 111####################
2025-02-01 18:39:12,240 - INFO - Epoch 111: train_loss=1.0193
2025-02-01 18:39:12,398 - INFO - Epoch 111: train_loss=0.9803
2025-02-01 18:39:12,533 - INFO - Epoch 111: train_loss=1.1895
2025-02-01 18:39:12,914 - INFO - Epoch 111: val_loss=2.2612, val_acc=33.33%
2025-02-01 18:39:12,917 - INFO - ####################Training epoch 112####################
2025-02-01 18:39:13,283 - INFO - Epoch 112: train_loss=0.9860
2025-02-01 18:39:13,441 - INFO - Epoch 112: train_loss=1.0457
2025-02-01 18:39:13,576 - INFO - Epoch 112: train_loss=1.1313
2025-02-01 18:39:13,958 - INFO - Epoch 112: val_loss=2.4300, val_acc=0.00%
2025-02-01 18:39:13,962 - INFO - ####################Training epoch 113####################
2025-02-01 18:39:14,323 - INFO - Epoch 113: train_loss=1.0477
2025-02-01 18:39:14,481 - INFO - Epoch 113: train_loss=0.9914
2025-02-01 18:39:14,616 - INFO - Epoch 113: train_loss=1.1203
2025-02-01 18:39:15,000 - INFO - Epoch 113: val_loss=2.4753, val_acc=0.00%
2025-02-01 18:39:15,004 - INFO - ####################Training epoch 114####################
2025-02-01 18:39:15,366 - INFO - Epoch 114: train_loss=1.0103
2025-02-01 18:39:15,523 - INFO - Epoch 114: train_loss=1.0078
2025-02-01 18:39:15,657 - INFO - Epoch 114: train_loss=1.0753
2025-02-01 18:39:16,044 - INFO - Epoch 114: val_loss=2.3869, val_acc=0.00%
2025-02-01 18:39:16,047 - INFO - ####################Training epoch 115####################
2025-02-01 18:39:16,415 - INFO - Epoch 115: train_loss=1.1132
2025-02-01 18:39:16,574 - INFO - Epoch 115: train_loss=1.0495
2025-02-01 18:39:16,708 - INFO - Epoch 115: train_loss=0.9647
2025-02-01 18:39:17,085 - INFO - Epoch 115: val_loss=2.3410, val_acc=33.33%
2025-02-01 18:39:17,089 - INFO - ####################Training epoch 116####################
2025-02-01 18:39:17,448 - INFO - Epoch 116: train_loss=1.0419
2025-02-01 18:39:17,606 - INFO - Epoch 116: train_loss=1.0470
2025-02-01 18:39:17,741 - INFO - Epoch 116: train_loss=0.9896
2025-02-01 18:39:18,122 - INFO - Epoch 116: val_loss=2.5433, val_acc=0.00%
2025-02-01 18:39:18,125 - INFO - ####################Training epoch 117####################
2025-02-01 18:39:18,482 - INFO - Epoch 117: train_loss=0.9908
2025-02-01 18:39:18,639 - INFO - Epoch 117: train_loss=1.0450
2025-02-01 18:39:18,773 - INFO - Epoch 117: train_loss=1.0835
2025-02-01 18:39:19,152 - INFO - Epoch 117: val_loss=2.2828, val_acc=33.33%
2025-02-01 18:39:19,155 - INFO - ####################Training epoch 118####################
2025-02-01 18:39:19,518 - INFO - Epoch 118: train_loss=1.0074
2025-02-01 18:39:19,676 - INFO - Epoch 118: train_loss=1.0718
2025-02-01 18:39:19,811 - INFO - Epoch 118: train_loss=0.9649
2025-02-01 18:39:20,192 - INFO - Epoch 118: val_loss=2.3126, val_acc=33.33%
2025-02-01 18:39:20,196 - INFO - ####################Training epoch 119####################
2025-02-01 18:39:20,558 - INFO - Epoch 119: train_loss=1.0733
2025-02-01 18:39:20,716 - INFO - Epoch 119: train_loss=1.0209
2025-02-01 18:39:20,850 - INFO - Epoch 119: train_loss=0.9538
2025-02-01 18:39:21,230 - INFO - Epoch 119: val_loss=2.3167, val_acc=33.33%
2025-02-01 18:39:21,234 - INFO - ####################Training epoch 120####################
2025-02-01 18:39:21,593 - INFO - Epoch 120: train_loss=1.1342
2025-02-01 18:39:21,751 - INFO - Epoch 120: train_loss=0.9475
2025-02-01 18:39:21,885 - INFO - Epoch 120: train_loss=1.0072
2025-02-01 18:39:22,264 - INFO - Epoch 120: val_loss=2.3459, val_acc=33.33%
2025-02-01 18:39:22,267 - INFO - ####################Training epoch 121####################
2025-02-01 18:39:22,631 - INFO - Epoch 121: train_loss=0.9766
2025-02-01 18:39:22,790 - INFO - Epoch 121: train_loss=1.0754
2025-02-01 18:39:22,924 - INFO - Epoch 121: train_loss=1.0791
2025-02-01 18:39:23,305 - INFO - Epoch 121: val_loss=2.3220, val_acc=33.33%
2025-02-01 18:39:23,309 - INFO - ####################Training epoch 122####################
2025-02-01 18:39:23,671 - INFO - Epoch 122: train_loss=1.0498
2025-02-01 18:39:23,829 - INFO - Epoch 122: train_loss=0.9707
2025-02-01 18:39:23,964 - INFO - Epoch 122: train_loss=1.0568
2025-02-01 18:39:24,345 - INFO - Epoch 122: val_loss=2.3209, val_acc=33.33%
2025-02-01 18:39:24,349 - INFO - ####################Training epoch 123####################
2025-02-01 18:39:24,710 - INFO - Epoch 123: train_loss=0.9679
2025-02-01 18:39:24,868 - INFO - Epoch 123: train_loss=1.0458
2025-02-01 18:39:25,002 - INFO - Epoch 123: train_loss=1.0694
2025-02-01 18:39:25,380 - INFO - Epoch 123: val_loss=2.4543, val_acc=0.00%
2025-02-01 18:39:25,384 - INFO - ####################Training epoch 124####################
2025-02-01 18:39:25,743 - INFO - Epoch 124: train_loss=0.9777
2025-02-01 18:39:25,901 - INFO - Epoch 124: train_loss=1.0420
2025-02-01 18:39:26,035 - INFO - Epoch 124: train_loss=1.1101
2025-02-01 18:39:26,415 - INFO - Epoch 124: val_loss=2.6483, val_acc=0.00%
2025-02-01 18:39:26,419 - INFO - ####################Training epoch 125####################
2025-02-01 18:39:26,780 - INFO - Epoch 125: train_loss=1.0067
2025-02-01 18:39:26,937 - INFO - Epoch 125: train_loss=1.0680
2025-02-01 18:39:27,072 - INFO - Epoch 125: train_loss=1.0130
2025-02-01 18:39:27,453 - INFO - Epoch 125: val_loss=2.3121, val_acc=33.33%
2025-02-01 18:39:27,457 - INFO - ####################Training epoch 126####################
2025-02-01 18:39:27,820 - INFO - Epoch 126: train_loss=1.0540
2025-02-01 18:39:27,977 - INFO - Epoch 126: train_loss=1.0627
2025-02-01 18:39:28,112 - INFO - Epoch 126: train_loss=0.8470
2025-02-01 18:39:28,494 - INFO - Epoch 126: val_loss=2.4426, val_acc=0.00%
2025-02-01 18:39:28,497 - INFO - ####################Training epoch 127####################
2025-02-01 18:39:28,858 - INFO - Epoch 127: train_loss=0.9690
2025-02-01 18:39:29,016 - INFO - Epoch 127: train_loss=1.1222
2025-02-01 18:39:29,150 - INFO - Epoch 127: train_loss=0.9889
2025-02-01 18:39:29,533 - INFO - Epoch 127: val_loss=2.6016, val_acc=0.00%
2025-02-01 18:39:29,536 - INFO - ####################Training epoch 128####################
2025-02-01 18:39:29,894 - INFO - Epoch 128: train_loss=1.0132
2025-02-01 18:39:30,052 - INFO - Epoch 128: train_loss=0.9777
2025-02-01 18:39:30,186 - INFO - Epoch 128: train_loss=1.1931
2025-02-01 18:39:30,569 - INFO - Epoch 128: val_loss=2.4007, val_acc=0.00%
2025-02-01 18:39:30,573 - INFO - ####################Training epoch 129####################
2025-02-01 18:39:30,935 - INFO - Epoch 129: train_loss=1.0350
2025-02-01 18:39:31,093 - INFO - Epoch 129: train_loss=1.0479
2025-02-01 18:39:31,227 - INFO - Epoch 129: train_loss=0.9757
2025-02-01 18:39:31,606 - INFO - Epoch 129: val_loss=2.4520, val_acc=0.00%
2025-02-01 18:39:31,610 - INFO - ####################Training epoch 130####################
2025-02-01 18:39:31,974 - INFO - Epoch 130: train_loss=1.0427
2025-02-01 18:39:32,132 - INFO - Epoch 130: train_loss=0.9946
2025-02-01 18:39:32,266 - INFO - Epoch 130: train_loss=1.0169
2025-02-01 18:39:32,645 - INFO - Epoch 130: val_loss=2.3620, val_acc=33.33%
2025-02-01 18:39:32,648 - INFO - ####################Training epoch 131####################
2025-02-01 18:39:33,010 - INFO - Epoch 131: train_loss=0.9987
2025-02-01 18:39:33,168 - INFO - Epoch 131: train_loss=1.1346
2025-02-01 18:39:33,302 - INFO - Epoch 131: train_loss=0.9293
2025-02-01 18:39:33,683 - INFO - Epoch 131: val_loss=2.2644, val_acc=33.33%
2025-02-01 18:39:33,687 - INFO - ####################Training epoch 132####################
2025-02-01 18:39:34,051 - INFO - Epoch 132: train_loss=1.0417
2025-02-01 18:39:34,209 - INFO - Epoch 132: train_loss=1.0184
2025-02-01 18:39:34,343 - INFO - Epoch 132: train_loss=0.9773
2025-02-01 18:39:34,724 - INFO - Epoch 132: val_loss=2.3440, val_acc=33.33%
2025-02-01 18:39:34,727 - INFO - ####################Training epoch 133####################
2025-02-01 18:39:35,091 - INFO - Epoch 133: train_loss=1.0715
2025-02-01 18:39:35,249 - INFO - Epoch 133: train_loss=1.0479
2025-02-01 18:39:35,383 - INFO - Epoch 133: train_loss=0.7843
2025-02-01 18:39:35,763 - INFO - Epoch 133: val_loss=2.3945, val_acc=0.00%
2025-02-01 18:39:35,767 - INFO - ####################Training epoch 134####################
2025-02-01 18:39:36,132 - INFO - Epoch 134: train_loss=1.0418
2025-02-01 18:39:36,290 - INFO - Epoch 134: train_loss=1.0270
2025-02-01 18:39:36,424 - INFO - Epoch 134: train_loss=0.9911
2025-02-01 18:39:36,805 - INFO - Epoch 134: val_loss=2.3759, val_acc=0.00%
2025-02-01 18:39:36,809 - INFO - ####################Training epoch 135####################
2025-02-01 18:39:37,172 - INFO - Epoch 135: train_loss=0.9482
2025-02-01 18:39:37,330 - INFO - Epoch 135: train_loss=1.1106
2025-02-01 18:39:37,464 - INFO - Epoch 135: train_loss=1.0621
2025-02-01 18:39:37,844 - INFO - Epoch 135: val_loss=2.3638, val_acc=33.33%
2025-02-01 18:39:37,848 - INFO - ####################Training epoch 136####################
2025-02-01 18:39:38,210 - INFO - Epoch 136: train_loss=1.0600
2025-02-01 18:39:38,368 - INFO - Epoch 136: train_loss=0.9988
2025-02-01 18:39:38,502 - INFO - Epoch 136: train_loss=1.0435
2025-02-01 18:39:38,883 - INFO - Epoch 136: val_loss=2.4150, val_acc=0.00%
2025-02-01 18:39:38,887 - INFO - ####################Training epoch 137####################
2025-02-01 18:39:39,248 - INFO - Epoch 137: train_loss=1.0223
2025-02-01 18:39:39,407 - INFO - Epoch 137: train_loss=1.0595
2025-02-01 18:39:39,541 - INFO - Epoch 137: train_loss=0.9630
2025-02-01 18:39:39,923 - INFO - Epoch 137: val_loss=2.3183, val_acc=33.33%
2025-02-01 18:39:39,926 - INFO - ####################Training epoch 138####################
2025-02-01 18:39:40,290 - INFO - Epoch 138: train_loss=0.9748
2025-02-01 18:39:40,448 - INFO - Epoch 138: train_loss=1.1320
2025-02-01 18:39:40,582 - INFO - Epoch 138: train_loss=0.9675
2025-02-01 18:39:40,963 - INFO - Epoch 138: val_loss=2.4597, val_acc=0.00%
2025-02-01 18:39:40,966 - INFO - ####################Training epoch 139####################
2025-02-01 18:39:41,324 - INFO - Epoch 139: train_loss=1.0300
2025-02-01 18:39:41,482 - INFO - Epoch 139: train_loss=1.0627
2025-02-01 18:39:41,617 - INFO - Epoch 139: train_loss=1.0844
2025-02-01 18:39:42,000 - INFO - Epoch 139: val_loss=2.3808, val_acc=0.00%
2025-02-01 18:39:42,003 - INFO - ####################Training epoch 140####################
2025-02-01 18:39:42,369 - INFO - Epoch 140: train_loss=1.0182
2025-02-01 18:39:42,527 - INFO - Epoch 140: train_loss=0.9646
2025-02-01 18:39:42,661 - INFO - Epoch 140: train_loss=1.1329
2025-02-01 18:39:43,043 - INFO - Epoch 140: val_loss=2.3461, val_acc=33.33%
2025-02-01 18:39:43,047 - INFO - ####################Training epoch 141####################
2025-02-01 18:39:43,409 - INFO - Epoch 141: train_loss=0.9652
2025-02-01 18:39:43,567 - INFO - Epoch 141: train_loss=1.0329
2025-02-01 18:39:43,701 - INFO - Epoch 141: train_loss=1.1254
2025-02-01 18:39:44,083 - INFO - Epoch 141: val_loss=2.4570, val_acc=0.00%
2025-02-01 18:39:44,086 - INFO - ####################Training epoch 142####################
2025-02-01 18:39:44,449 - INFO - Epoch 142: train_loss=1.0912
2025-02-01 18:39:44,607 - INFO - Epoch 142: train_loss=1.0006
2025-02-01 18:39:44,741 - INFO - Epoch 142: train_loss=0.9928
2025-02-01 18:39:45,125 - INFO - Epoch 142: val_loss=2.3615, val_acc=0.00%
2025-02-01 18:39:45,129 - INFO - ####################Training epoch 143####################
2025-02-01 18:39:45,488 - INFO - Epoch 143: train_loss=1.0780
2025-02-01 18:39:45,647 - INFO - Epoch 143: train_loss=1.0148
2025-02-01 18:39:45,781 - INFO - Epoch 143: train_loss=0.9584
2025-02-01 18:39:46,165 - INFO - Epoch 143: val_loss=2.3554, val_acc=33.33%
2025-02-01 18:39:46,169 - INFO - ####################Training epoch 144####################
2025-02-01 18:39:46,532 - INFO - Epoch 144: train_loss=1.0413
2025-02-01 18:39:46,690 - INFO - Epoch 144: train_loss=0.9985
2025-02-01 18:39:46,824 - INFO - Epoch 144: train_loss=1.0735
2025-02-01 18:39:47,208 - INFO - Epoch 144: val_loss=2.3251, val_acc=33.33%
2025-02-01 18:39:47,212 - INFO - ####################Training epoch 145####################
2025-02-01 18:39:47,574 - INFO - Epoch 145: train_loss=0.9593
2025-02-01 18:39:47,731 - INFO - Epoch 145: train_loss=1.0657
2025-02-01 18:39:47,866 - INFO - Epoch 145: train_loss=1.1249
2025-02-01 18:39:48,246 - INFO - Epoch 145: val_loss=2.4380, val_acc=0.00%
2025-02-01 18:39:48,250 - INFO - ####################Training epoch 146####################
2025-02-01 18:39:48,612 - INFO - Epoch 146: train_loss=1.0047
2025-02-01 18:39:48,770 - INFO - Epoch 146: train_loss=1.1049
2025-02-01 18:39:48,905 - INFO - Epoch 146: train_loss=1.0839
2025-02-01 18:39:49,289 - INFO - Epoch 146: val_loss=2.2979, val_acc=33.33%
2025-02-01 18:39:49,293 - INFO - ####################Training epoch 147####################
2025-02-01 18:39:49,656 - INFO - Epoch 147: train_loss=1.0602
2025-02-01 18:39:49,814 - INFO - Epoch 147: train_loss=0.9872
2025-02-01 18:39:49,948 - INFO - Epoch 147: train_loss=0.9883
2025-02-01 18:39:50,333 - INFO - Epoch 147: val_loss=2.3347, val_acc=33.33%
2025-02-01 18:39:50,337 - INFO - ####################Training epoch 148####################
2025-02-01 18:39:50,699 - INFO - Epoch 148: train_loss=0.9545
2025-02-01 18:39:50,857 - INFO - Epoch 148: train_loss=1.1100
2025-02-01 18:39:50,992 - INFO - Epoch 148: train_loss=1.1773
2025-02-01 18:39:51,373 - INFO - Epoch 148: val_loss=2.2848, val_acc=33.33%
2025-02-01 18:39:51,376 - INFO - ####################Training epoch 149####################
2025-02-01 18:39:51,736 - INFO - Epoch 149: train_loss=1.0336
2025-02-01 18:39:51,893 - INFO - Epoch 149: train_loss=0.9636
2025-02-01 18:39:52,027 - INFO - Epoch 149: train_loss=1.1308
2025-02-01 18:39:52,409 - INFO - Epoch 149: val_loss=2.3321, val_acc=33.33%
2025-02-01 18:39:52,413 - INFO - ####################Training epoch 150####################
2025-02-01 18:39:52,773 - INFO - Epoch 150: train_loss=1.0057
2025-02-01 18:39:52,930 - INFO - Epoch 150: train_loss=1.0541
2025-02-01 18:39:53,065 - INFO - Epoch 150: train_loss=1.1451
2025-02-01 18:39:53,443 - INFO - Epoch 150: val_loss=2.5881, val_acc=0.00%
2025-02-01 18:39:53,446 - INFO - ####################Training epoch 151####################
2025-02-01 18:39:53,808 - INFO - Epoch 151: train_loss=1.0401
2025-02-01 18:39:53,965 - INFO - Epoch 151: train_loss=1.1074
2025-02-01 18:39:54,100 - INFO - Epoch 151: train_loss=0.9907
2025-02-01 18:39:54,480 - INFO - Epoch 151: val_loss=2.3689, val_acc=0.00%
2025-02-01 18:39:54,484 - INFO - ####################Training epoch 152####################
2025-02-01 18:39:54,845 - INFO - Epoch 152: train_loss=1.0162
2025-02-01 18:39:55,004 - INFO - Epoch 152: train_loss=1.0822
2025-02-01 18:39:55,138 - INFO - Epoch 152: train_loss=0.9284
2025-02-01 18:39:55,519 - INFO - Epoch 152: val_loss=2.3097, val_acc=33.33%
2025-02-01 18:39:55,523 - INFO - ####################Training epoch 153####################
2025-02-01 18:39:55,883 - INFO - Epoch 153: train_loss=1.0069
2025-02-01 18:39:56,041 - INFO - Epoch 153: train_loss=1.0639
2025-02-01 18:39:56,175 - INFO - Epoch 153: train_loss=0.9853
2025-02-01 18:39:56,556 - INFO - Epoch 153: val_loss=2.4296, val_acc=0.00%
2025-02-01 18:39:56,560 - INFO - ####################Training epoch 154####################
2025-02-01 18:39:56,925 - INFO - Epoch 154: train_loss=1.0596
2025-02-01 18:39:57,083 - INFO - Epoch 154: train_loss=1.0037
2025-02-01 18:39:57,217 - INFO - Epoch 154: train_loss=1.0420
2025-02-01 18:39:57,598 - INFO - Epoch 154: val_loss=2.5446, val_acc=0.00%
2025-02-01 18:39:57,602 - INFO - ####################Training epoch 155####################
2025-02-01 18:39:57,961 - INFO - Epoch 155: train_loss=0.9742
2025-02-01 18:39:58,119 - INFO - Epoch 155: train_loss=1.0803
2025-02-01 18:39:58,253 - INFO - Epoch 155: train_loss=1.0608
2025-02-01 18:39:58,631 - INFO - Epoch 155: val_loss=2.5031, val_acc=0.00%
2025-02-01 18:39:58,635 - INFO - ####################Training epoch 156####################
2025-02-01 18:39:58,996 - INFO - Epoch 156: train_loss=1.0762
2025-02-01 18:39:59,154 - INFO - Epoch 156: train_loss=1.0231
2025-02-01 18:39:59,288 - INFO - Epoch 156: train_loss=0.9760
2025-02-01 18:39:59,671 - INFO - Epoch 156: val_loss=2.3620, val_acc=33.33%
2025-02-01 18:39:59,675 - INFO - ####################Training epoch 157####################
2025-02-01 18:40:00,040 - INFO - Epoch 157: train_loss=1.0823
2025-02-01 18:40:00,198 - INFO - Epoch 157: train_loss=0.9694
2025-02-01 18:40:00,333 - INFO - Epoch 157: train_loss=1.0589
2025-02-01 18:40:00,717 - INFO - Epoch 157: val_loss=2.3132, val_acc=33.33%
2025-02-01 18:40:00,720 - INFO - ####################Training epoch 158####################
2025-02-01 18:40:01,085 - INFO - Epoch 158: train_loss=1.0108
2025-02-01 18:40:01,243 - INFO - Epoch 158: train_loss=1.0466
2025-02-01 18:40:01,378 - INFO - Epoch 158: train_loss=0.9856
2025-02-01 18:40:01,763 - INFO - Epoch 158: val_loss=2.4169, val_acc=0.00%
2025-02-01 18:40:01,767 - INFO - ####################Training epoch 159####################
2025-02-01 18:40:02,130 - INFO - Epoch 159: train_loss=0.9462
2025-02-01 18:40:02,287 - INFO - Epoch 159: train_loss=1.0511
2025-02-01 18:40:02,422 - INFO - Epoch 159: train_loss=1.2052
2025-02-01 18:40:02,802 - INFO - Epoch 159: val_loss=2.3647, val_acc=33.33%
2025-02-01 18:40:02,806 - INFO - ####################Training epoch 160####################
2025-02-01 18:40:03,172 - INFO - Epoch 160: train_loss=1.0924
2025-02-01 18:40:03,329 - INFO - Epoch 160: train_loss=0.9802
2025-02-01 18:40:03,464 - INFO - Epoch 160: train_loss=0.9899
2025-02-01 18:40:03,848 - INFO - Epoch 160: val_loss=2.3920, val_acc=0.00%
2025-02-01 18:40:03,852 - INFO - ####################Training epoch 161####################
2025-02-01 18:40:04,218 - INFO - Epoch 161: train_loss=0.9608
2025-02-01 18:40:04,376 - INFO - Epoch 161: train_loss=1.0182
2025-02-01 18:40:04,511 - INFO - Epoch 161: train_loss=1.1184
2025-02-01 18:40:04,893 - INFO - Epoch 161: val_loss=2.3194, val_acc=33.33%
2025-02-01 18:40:04,897 - INFO - ####################Training epoch 162####################
2025-02-01 18:40:05,264 - INFO - Epoch 162: train_loss=0.9511
2025-02-01 18:40:05,422 - INFO - Epoch 162: train_loss=1.0084
2025-02-01 18:40:05,557 - INFO - Epoch 162: train_loss=1.1318
2025-02-01 18:40:05,941 - INFO - Epoch 162: val_loss=2.3034, val_acc=33.33%
2025-02-01 18:40:05,945 - INFO - ####################Training epoch 163####################
2025-02-01 18:40:06,306 - INFO - Epoch 163: train_loss=1.0096
2025-02-01 18:40:06,464 - INFO - Epoch 163: train_loss=1.0258
2025-02-01 18:40:06,599 - INFO - Epoch 163: train_loss=1.0157
2025-02-01 18:40:06,978 - INFO - Epoch 163: val_loss=2.3905, val_acc=0.00%
2025-02-01 18:40:06,982 - INFO - ####################Training epoch 164####################
2025-02-01 18:40:07,345 - INFO - Epoch 164: train_loss=0.9381
2025-02-01 18:40:07,503 - INFO - Epoch 164: train_loss=1.1217
2025-02-01 18:40:07,638 - INFO - Epoch 164: train_loss=1.0564
2025-02-01 18:40:08,020 - INFO - Epoch 164: val_loss=2.3647, val_acc=33.33%
2025-02-01 18:40:08,023 - INFO - ####################Training epoch 165####################
2025-02-01 18:40:08,385 - INFO - Epoch 165: train_loss=0.9818
2025-02-01 18:40:08,543 - INFO - Epoch 165: train_loss=1.0698
2025-02-01 18:40:08,677 - INFO - Epoch 165: train_loss=1.0111
2025-02-01 18:40:09,058 - INFO - Epoch 165: val_loss=2.3338, val_acc=33.33%
2025-02-01 18:40:09,061 - INFO - ####################Training epoch 166####################
2025-02-01 18:40:09,423 - INFO - Epoch 166: train_loss=0.9467
2025-02-01 18:40:09,581 - INFO - Epoch 166: train_loss=1.0789
2025-02-01 18:40:09,716 - INFO - Epoch 166: train_loss=1.0304
2025-02-01 18:40:10,098 - INFO - Epoch 166: val_loss=2.5353, val_acc=0.00%
2025-02-01 18:40:10,102 - INFO - ####################Training epoch 167####################
2025-02-01 18:40:10,465 - INFO - Epoch 167: train_loss=1.0390
2025-02-01 18:40:10,623 - INFO - Epoch 167: train_loss=0.9980
2025-02-01 18:40:10,758 - INFO - Epoch 167: train_loss=1.0501
2025-02-01 18:40:11,142 - INFO - Epoch 167: val_loss=2.4201, val_acc=0.00%
2025-02-01 18:40:11,146 - INFO - ####################Training epoch 168####################
2025-02-01 18:40:11,507 - INFO - Epoch 168: train_loss=0.9678
2025-02-01 18:40:11,664 - INFO - Epoch 168: train_loss=1.1295
2025-02-01 18:40:11,799 - INFO - Epoch 168: train_loss=0.9103
2025-02-01 18:40:12,183 - INFO - Epoch 168: val_loss=2.6555, val_acc=0.00%
2025-02-01 18:40:12,187 - INFO - ####################Training epoch 169####################
2025-02-01 18:40:12,551 - INFO - Epoch 169: train_loss=1.0674
2025-02-01 18:40:12,709 - INFO - Epoch 169: train_loss=0.9585
2025-02-01 18:40:12,843 - INFO - Epoch 169: train_loss=1.1269
2025-02-01 18:40:13,226 - INFO - Epoch 169: val_loss=2.5171, val_acc=0.00%
2025-02-01 18:40:13,230 - INFO - ####################Training epoch 170####################
2025-02-01 18:40:13,595 - INFO - Epoch 170: train_loss=1.0535
2025-02-01 18:40:13,753 - INFO - Epoch 170: train_loss=1.0798
2025-02-01 18:40:13,888 - INFO - Epoch 170: train_loss=0.7728
2025-02-01 18:40:14,276 - INFO - Epoch 170: val_loss=2.3098, val_acc=33.33%
2025-02-01 18:40:14,280 - INFO - ####################Training epoch 171####################
2025-02-01 18:40:14,644 - INFO - Epoch 171: train_loss=0.9937
2025-02-01 18:40:14,801 - INFO - Epoch 171: train_loss=1.0267
2025-02-01 18:40:14,935 - INFO - Epoch 171: train_loss=1.1309
2025-02-01 18:40:15,321 - INFO - Epoch 171: val_loss=2.3532, val_acc=33.33%
2025-02-01 18:40:15,325 - INFO - ####################Training epoch 172####################
2025-02-01 18:40:15,685 - INFO - Epoch 172: train_loss=0.9977
2025-02-01 18:40:15,842 - INFO - Epoch 172: train_loss=1.0174
2025-02-01 18:40:15,977 - INFO - Epoch 172: train_loss=1.1079
2025-02-01 18:40:16,356 - INFO - Epoch 172: val_loss=2.3142, val_acc=33.33%
2025-02-01 18:40:16,363 - INFO - ####################Training epoch 173####################
2025-02-01 18:40:16,727 - INFO - Epoch 173: train_loss=1.0053
2025-02-01 18:40:16,885 - INFO - Epoch 173: train_loss=1.0540
2025-02-01 18:40:17,019 - INFO - Epoch 173: train_loss=1.0640
2025-02-01 18:40:17,405 - INFO - Epoch 173: val_loss=2.3952, val_acc=0.00%
2025-02-01 18:40:17,408 - INFO - ####################Training epoch 174####################
2025-02-01 18:40:17,773 - INFO - Epoch 174: train_loss=0.9869
2025-02-01 18:40:17,931 - INFO - Epoch 174: train_loss=1.0330
2025-02-01 18:40:18,065 - INFO - Epoch 174: train_loss=1.1272
2025-02-01 18:40:18,452 - INFO - Epoch 174: val_loss=2.3832, val_acc=0.00%
2025-02-01 18:40:18,456 - INFO - ####################Training epoch 175####################
2025-02-01 18:40:18,819 - INFO - Epoch 175: train_loss=1.0304
2025-02-01 18:40:18,977 - INFO - Epoch 175: train_loss=0.9769
2025-02-01 18:40:19,112 - INFO - Epoch 175: train_loss=1.0213
2025-02-01 18:40:19,491 - INFO - Epoch 175: val_loss=2.3681, val_acc=33.33%
2025-02-01 18:40:19,495 - INFO - ####################Training epoch 176####################
2025-02-01 18:40:19,857 - INFO - Epoch 176: train_loss=1.0230
2025-02-01 18:40:20,015 - INFO - Epoch 176: train_loss=0.9936
2025-02-01 18:40:20,149 - INFO - Epoch 176: train_loss=1.1595
2025-02-01 18:40:20,527 - INFO - Epoch 176: val_loss=2.3465, val_acc=33.33%
2025-02-01 18:40:20,531 - INFO - ####################Training epoch 177####################
2025-02-01 18:40:20,894 - INFO - Epoch 177: train_loss=1.0033
2025-02-01 18:40:21,052 - INFO - Epoch 177: train_loss=1.0804
2025-02-01 18:40:21,186 - INFO - Epoch 177: train_loss=1.0186
2025-02-01 18:40:21,569 - INFO - Epoch 177: val_loss=2.3124, val_acc=33.33%
2025-02-01 18:40:21,573 - INFO - ####################Training epoch 178####################
2025-02-01 18:40:21,935 - INFO - Epoch 178: train_loss=0.9568
2025-02-01 18:40:22,093 - INFO - Epoch 178: train_loss=1.0858
2025-02-01 18:40:22,227 - INFO - Epoch 178: train_loss=1.0240
2025-02-01 18:40:22,609 - INFO - Epoch 178: val_loss=2.4805, val_acc=0.00%
2025-02-01 18:40:22,613 - INFO - ####################Training epoch 179####################
2025-02-01 18:40:22,977 - INFO - Epoch 179: train_loss=1.1007
2025-02-01 18:40:23,136 - INFO - Epoch 179: train_loss=1.0094
2025-02-01 18:40:23,270 - INFO - Epoch 179: train_loss=1.0613
2025-02-01 18:40:23,649 - INFO - Epoch 179: val_loss=2.3292, val_acc=33.33%
2025-02-01 18:40:23,653 - INFO - ####################Training epoch 180####################
2025-02-01 18:40:24,016 - INFO - Epoch 180: train_loss=0.9910
2025-02-01 18:40:24,174 - INFO - Epoch 180: train_loss=1.0536
2025-02-01 18:40:24,309 - INFO - Epoch 180: train_loss=1.1281
2025-02-01 18:40:24,690 - INFO - Epoch 180: val_loss=2.3090, val_acc=33.33%
2025-02-01 18:40:24,694 - INFO - ####################Training epoch 181####################
2025-02-01 18:40:25,059 - INFO - Epoch 181: train_loss=1.0468
2025-02-01 18:40:25,217 - INFO - Epoch 181: train_loss=1.0014
2025-02-01 18:40:25,351 - INFO - Epoch 181: train_loss=1.0777
2025-02-01 18:40:25,732 - INFO - Epoch 181: val_loss=2.4229, val_acc=0.00%
2025-02-01 18:40:25,736 - INFO - ####################Training epoch 182####################
2025-02-01 18:40:26,098 - INFO - Epoch 182: train_loss=1.0241
2025-02-01 18:40:26,255 - INFO - Epoch 182: train_loss=1.0694
2025-02-01 18:40:26,390 - INFO - Epoch 182: train_loss=0.9040
2025-02-01 18:40:26,772 - INFO - Epoch 182: val_loss=2.3077, val_acc=33.33%
2025-02-01 18:40:26,776 - INFO - ####################Training epoch 183####################
2025-02-01 18:40:27,138 - INFO - Epoch 183: train_loss=1.0196
2025-02-01 18:40:27,296 - INFO - Epoch 183: train_loss=1.0338
2025-02-01 18:40:27,430 - INFO - Epoch 183: train_loss=1.0049
2025-02-01 18:40:27,811 - INFO - Epoch 183: val_loss=2.5115, val_acc=0.00%
2025-02-01 18:40:27,814 - INFO - ####################Training epoch 184####################
2025-02-01 18:40:28,176 - INFO - Epoch 184: train_loss=0.9882
2025-02-01 18:40:28,334 - INFO - Epoch 184: train_loss=1.0388
2025-02-01 18:40:28,469 - INFO - Epoch 184: train_loss=1.1943
2025-02-01 18:40:28,851 - INFO - Epoch 184: val_loss=2.3304, val_acc=33.33%
2025-02-01 18:40:28,855 - INFO - ####################Training epoch 185####################
2025-02-01 18:40:29,216 - INFO - Epoch 185: train_loss=0.9863
2025-02-01 18:40:29,374 - INFO - Epoch 185: train_loss=1.0379
2025-02-01 18:40:29,509 - INFO - Epoch 185: train_loss=1.0365
2025-02-01 18:40:29,890 - INFO - Epoch 185: val_loss=2.3054, val_acc=33.33%
2025-02-01 18:40:29,894 - INFO - ####################Training epoch 186####################
2025-02-01 18:40:30,255 - INFO - Epoch 186: train_loss=1.0586
2025-02-01 18:40:30,413 - INFO - Epoch 186: train_loss=1.0203
2025-02-01 18:40:30,547 - INFO - Epoch 186: train_loss=1.0838
2025-02-01 18:40:30,925 - INFO - Epoch 186: val_loss=2.6034, val_acc=0.00%
2025-02-01 18:40:30,929 - INFO - ####################Training epoch 187####################
2025-02-01 18:40:31,294 - INFO - Epoch 187: train_loss=1.0233
2025-02-01 18:40:31,452 - INFO - Epoch 187: train_loss=0.9660
2025-02-01 18:40:31,587 - INFO - Epoch 187: train_loss=1.2169
2025-02-01 18:40:31,968 - INFO - Epoch 187: val_loss=2.3217, val_acc=33.33%
2025-02-01 18:40:31,972 - INFO - ####################Training epoch 188####################
2025-02-01 18:40:32,338 - INFO - Epoch 188: train_loss=1.0270
2025-02-01 18:40:32,496 - INFO - Epoch 188: train_loss=1.0166
2025-02-01 18:40:32,630 - INFO - Epoch 188: train_loss=0.9879
2025-02-01 18:40:33,010 - INFO - Epoch 188: val_loss=2.3099, val_acc=33.33%
2025-02-01 18:40:33,013 - INFO - ####################Training epoch 189####################
2025-02-01 18:40:33,377 - INFO - Epoch 189: train_loss=1.0310
2025-02-01 18:40:33,535 - INFO - Epoch 189: train_loss=1.0093
2025-02-01 18:40:33,670 - INFO - Epoch 189: train_loss=1.0335
2025-02-01 18:40:34,051 - INFO - Epoch 189: val_loss=2.4149, val_acc=0.00%
2025-02-01 18:40:34,055 - INFO - ####################Training epoch 190####################
2025-02-01 18:40:34,420 - INFO - Epoch 190: train_loss=1.0148
2025-02-01 18:40:34,578 - INFO - Epoch 190: train_loss=0.9896
2025-02-01 18:40:34,712 - INFO - Epoch 190: train_loss=1.0835
2025-02-01 18:40:35,096 - INFO - Epoch 190: val_loss=2.3437, val_acc=33.33%
2025-02-01 18:40:35,099 - INFO - ####################Training epoch 191####################
2025-02-01 18:40:35,462 - INFO - Epoch 191: train_loss=0.9874
2025-02-01 18:40:35,619 - INFO - Epoch 191: train_loss=1.1116
2025-02-01 18:40:35,753 - INFO - Epoch 191: train_loss=0.9672
2025-02-01 18:40:36,134 - INFO - Epoch 191: val_loss=2.6574, val_acc=0.00%
2025-02-01 18:40:36,138 - INFO - ####################Training epoch 192####################
2025-02-01 18:40:36,503 - INFO - Epoch 192: train_loss=1.0066
2025-02-01 18:40:36,660 - INFO - Epoch 192: train_loss=1.1081
2025-02-01 18:40:36,794 - INFO - Epoch 192: train_loss=1.1049
2025-02-01 18:40:37,174 - INFO - Epoch 192: val_loss=2.3611, val_acc=0.00%
2025-02-01 18:40:37,178 - INFO - ####################Training epoch 193####################
2025-02-01 18:40:37,540 - INFO - Epoch 193: train_loss=1.0883
2025-02-01 18:40:37,696 - INFO - Epoch 193: train_loss=1.0089
2025-02-01 18:40:37,831 - INFO - Epoch 193: train_loss=0.9651
2025-02-01 18:40:38,212 - INFO - Epoch 193: val_loss=2.3345, val_acc=33.33%
2025-02-01 18:40:38,216 - INFO - ####################Training epoch 194####################
2025-02-01 18:40:38,581 - INFO - Epoch 194: train_loss=0.9550
2025-02-01 18:40:38,737 - INFO - Epoch 194: train_loss=1.0979
2025-02-01 18:40:38,872 - INFO - Epoch 194: train_loss=0.9483
2025-02-01 18:40:39,253 - INFO - Epoch 194: val_loss=2.3379, val_acc=33.33%
2025-02-01 18:40:39,256 - INFO - ####################Training epoch 195####################
2025-02-01 18:40:39,619 - INFO - Epoch 195: train_loss=1.0260
2025-02-01 18:40:39,776 - INFO - Epoch 195: train_loss=1.0981
2025-02-01 18:40:39,911 - INFO - Epoch 195: train_loss=0.9254
2025-02-01 18:40:40,296 - INFO - Epoch 195: val_loss=2.6145, val_acc=0.00%
2025-02-01 18:40:40,300 - INFO - ####################Training epoch 196####################
2025-02-01 18:40:40,661 - INFO - Epoch 196: train_loss=1.1172
2025-02-01 18:40:40,818 - INFO - Epoch 196: train_loss=1.0199
2025-02-01 18:40:40,952 - INFO - Epoch 196: train_loss=0.9843
2025-02-01 18:40:41,337 - INFO - Epoch 196: val_loss=2.3120, val_acc=33.33%
2025-02-01 18:40:41,340 - INFO - ####################Training epoch 197####################
2025-02-01 18:40:41,708 - INFO - Epoch 197: train_loss=0.9476
2025-02-01 18:40:41,866 - INFO - Epoch 197: train_loss=1.0524
2025-02-01 18:40:42,000 - INFO - Epoch 197: train_loss=1.0902
2025-02-01 18:40:42,386 - INFO - Epoch 197: val_loss=2.3734, val_acc=0.00%
2025-02-01 18:40:42,393 - INFO - ####################Training epoch 198####################
2025-02-01 18:40:42,755 - INFO - Epoch 198: train_loss=1.0978
2025-02-01 18:40:42,913 - INFO - Epoch 198: train_loss=0.9495
2025-02-01 18:40:43,047 - INFO - Epoch 198: train_loss=1.0150
2025-02-01 18:40:43,431 - INFO - Epoch 198: val_loss=2.3363, val_acc=33.33%
2025-02-01 18:40:43,435 - INFO - ####################Training epoch 199####################
2025-02-01 18:40:43,796 - INFO - Epoch 199: train_loss=1.0337
2025-02-01 18:40:43,953 - INFO - Epoch 199: train_loss=1.0371
2025-02-01 18:40:44,088 - INFO - Epoch 199: train_loss=1.0534
2025-02-01 18:40:44,474 - INFO - Epoch 199: val_loss=2.3350, val_acc=33.33%
2025-02-01 18:40:44,623 - INFO - Model saved.
