2025-02-04 09:37:07,217 - INFO - Starting training with the following parameters:
2025-02-04 09:37:07,218 - INFO - | Parameter       | Value               |
|-----------------|---------------------|
| attention       | Scaled Dot-Product|
| d_model         | 128            |
| n_heads         | 8              |
| d_f             | 128            |
| num_layers      | 3              |
| d_input         | 32             |
| num_classes     | 3              |
| dropout         | 0.1            |
| learning_rate   | 0.001          |
| epochs          | 100            |
| batch_size      | 64             |

2025-02-04 09:37:08,648 - INFO - Epoch 0: val_loss=0.9884, val_acc=66.67%
2025-02-04 09:37:08,773 - INFO - ####################Training epoch 0####################
2025-02-04 09:37:08,925 - INFO - Epoch 0: train_loss=1.1065
2025-02-04 09:37:09,734 - INFO - Epoch 0: val_loss=2.2726, val_acc=0.00%
2025-02-04 09:37:09,737 - INFO - Epoch 0: EPOCH_AVG_TRAIN_LOSS=1.1065
2025-02-04 09:37:09,801 - INFO - ####################Training epoch 1####################
2025-02-04 09:37:10,060 - INFO - Epoch 1: train_loss=1.3152
2025-02-04 09:37:10,507 - INFO - Epoch 1: val_loss=1.6622, val_acc=33.33%
2025-02-04 09:37:10,511 - INFO - Epoch 1: EPOCH_AVG_TRAIN_LOSS=1.3152
2025-02-04 09:37:10,536 - INFO - ####################Training epoch 2####################
2025-02-04 09:37:10,796 - INFO - Epoch 2: train_loss=1.0243
2025-02-04 09:37:11,246 - INFO - Epoch 2: val_loss=1.8822, val_acc=33.33%
2025-02-04 09:37:11,249 - INFO - Epoch 2: EPOCH_AVG_TRAIN_LOSS=1.0243
2025-02-04 09:37:11,274 - INFO - ####################Training epoch 3####################
2025-02-04 09:37:11,538 - INFO - Epoch 3: train_loss=0.9298
2025-02-04 09:37:11,987 - INFO - Epoch 3: val_loss=2.3615, val_acc=0.00%
2025-02-04 09:37:11,991 - INFO - Epoch 3: EPOCH_AVG_TRAIN_LOSS=0.9298
2025-02-04 09:37:11,993 - INFO - ####################Training epoch 4####################
2025-02-04 09:37:12,258 - INFO - Epoch 4: train_loss=0.8964
2025-02-04 09:37:12,705 - INFO - Epoch 4: val_loss=2.5073, val_acc=0.00%
2025-02-04 09:37:12,708 - INFO - Epoch 4: EPOCH_AVG_TRAIN_LOSS=0.8964
2025-02-04 09:37:12,711 - INFO - ####################Training epoch 5####################
2025-02-04 09:37:12,974 - INFO - Epoch 5: train_loss=0.8584
2025-02-04 09:37:13,425 - INFO - Epoch 5: val_loss=2.6047, val_acc=33.33%
2025-02-04 09:37:13,428 - INFO - Epoch 5: EPOCH_AVG_TRAIN_LOSS=0.8584
2025-02-04 09:37:13,431 - INFO - ####################Training epoch 6####################
2025-02-04 09:37:13,695 - INFO - Epoch 6: train_loss=0.7870
2025-02-04 09:37:14,144 - INFO - Epoch 6: val_loss=2.9833, val_acc=33.33%
2025-02-04 09:37:14,147 - INFO - Epoch 6: EPOCH_AVG_TRAIN_LOSS=0.7870
2025-02-04 09:37:14,149 - INFO - ####################Training epoch 7####################
2025-02-04 09:37:14,415 - INFO - Epoch 7: train_loss=0.8230
2025-02-04 09:37:14,864 - INFO - Epoch 7: val_loss=3.1783, val_acc=33.33%
2025-02-04 09:37:14,868 - INFO - Epoch 7: EPOCH_AVG_TRAIN_LOSS=0.8230
2025-02-04 09:37:14,870 - INFO - ####################Training epoch 8####################
2025-02-04 09:37:15,134 - INFO - Epoch 8: train_loss=0.7819
2025-02-04 09:37:15,586 - INFO - Epoch 8: val_loss=3.1563, val_acc=33.33%
2025-02-04 09:37:15,589 - INFO - Epoch 8: EPOCH_AVG_TRAIN_LOSS=0.7819
2025-02-04 09:37:15,592 - INFO - ####################Training epoch 9####################
2025-02-04 09:37:15,858 - INFO - Epoch 9: train_loss=0.7503
2025-02-04 09:37:16,308 - INFO - Epoch 9: val_loss=3.2104, val_acc=33.33%
2025-02-04 09:37:16,312 - INFO - Epoch 9: EPOCH_AVG_TRAIN_LOSS=0.7503
2025-02-04 09:37:16,314 - INFO - ####################Training epoch 10####################
2025-02-04 09:37:16,580 - INFO - Epoch 10: train_loss=0.7257
2025-02-04 09:37:17,030 - INFO - Epoch 10: val_loss=3.3530, val_acc=33.33%
2025-02-04 09:37:17,033 - INFO - Epoch 10: EPOCH_AVG_TRAIN_LOSS=0.7257
2025-02-04 09:37:17,036 - INFO - ####################Training epoch 11####################
2025-02-04 09:37:17,301 - INFO - Epoch 11: train_loss=0.6840
2025-02-04 09:37:17,751 - INFO - Epoch 11: val_loss=3.5691, val_acc=33.33%
2025-02-04 09:37:17,754 - INFO - Epoch 11: EPOCH_AVG_TRAIN_LOSS=0.6840
2025-02-04 09:37:17,757 - INFO - ####################Training epoch 12####################
2025-02-04 09:37:18,021 - INFO - Epoch 12: train_loss=0.6842
2025-02-04 09:37:18,471 - INFO - Epoch 12: val_loss=3.6636, val_acc=33.33%
2025-02-04 09:37:18,474 - INFO - Epoch 12: EPOCH_AVG_TRAIN_LOSS=0.6842
2025-02-04 09:37:18,477 - INFO - ####################Training epoch 13####################
2025-02-04 09:37:18,742 - INFO - Epoch 13: train_loss=0.6944
2025-02-04 09:37:19,189 - INFO - Epoch 13: val_loss=3.6757, val_acc=33.33%
2025-02-04 09:37:19,193 - INFO - Epoch 13: EPOCH_AVG_TRAIN_LOSS=0.6944
2025-02-04 09:37:19,195 - INFO - ####################Training epoch 14####################
2025-02-04 09:37:19,459 - INFO - Epoch 14: train_loss=0.6892
2025-02-04 09:37:19,907 - INFO - Epoch 14: val_loss=3.7039, val_acc=33.33%
2025-02-04 09:37:19,911 - INFO - Epoch 14: EPOCH_AVG_TRAIN_LOSS=0.6892
2025-02-04 09:37:19,913 - INFO - ####################Training epoch 15####################
2025-02-04 09:37:20,177 - INFO - Epoch 15: train_loss=0.6814
2025-02-04 09:37:20,625 - INFO - Epoch 15: val_loss=3.6687, val_acc=33.33%
2025-02-04 09:37:20,629 - INFO - Epoch 15: EPOCH_AVG_TRAIN_LOSS=0.6814
2025-02-04 09:37:20,631 - INFO - ####################Training epoch 16####################
2025-02-04 09:37:20,896 - INFO - Epoch 16: train_loss=0.6622
2025-02-04 09:37:21,346 - INFO - Epoch 16: val_loss=3.7057, val_acc=33.33%
2025-02-04 09:37:21,350 - INFO - Epoch 16: EPOCH_AVG_TRAIN_LOSS=0.6622
2025-02-04 09:37:21,352 - INFO - ####################Training epoch 17####################
2025-02-04 09:37:21,617 - INFO - Epoch 17: train_loss=0.6536
2025-02-04 09:37:22,065 - INFO - Epoch 17: val_loss=3.7372, val_acc=33.33%
2025-02-04 09:37:22,068 - INFO - Epoch 17: EPOCH_AVG_TRAIN_LOSS=0.6536
2025-02-04 09:37:22,071 - INFO - ####################Training epoch 18####################
2025-02-04 09:37:22,335 - INFO - Epoch 18: train_loss=0.6412
2025-02-04 09:37:22,786 - INFO - Epoch 18: val_loss=3.7964, val_acc=33.33%
2025-02-04 09:37:22,790 - INFO - Epoch 18: EPOCH_AVG_TRAIN_LOSS=0.6412
2025-02-04 09:37:22,792 - INFO - ####################Training epoch 19####################
2025-02-04 09:37:23,056 - INFO - Epoch 19: train_loss=0.6362
2025-02-04 09:37:23,628 - INFO - Epoch 19: val_loss=3.8063, val_acc=33.33%
2025-02-04 09:37:23,631 - INFO - Epoch 19: EPOCH_AVG_TRAIN_LOSS=0.6362
2025-02-04 09:37:23,633 - INFO - ####################Training epoch 20####################
2025-02-04 09:37:23,897 - INFO - Epoch 20: train_loss=0.6324
2025-02-04 09:37:24,353 - INFO - Epoch 20: val_loss=3.7889, val_acc=33.33%
2025-02-04 09:37:24,356 - INFO - Epoch 20: EPOCH_AVG_TRAIN_LOSS=0.6324
2025-02-04 09:37:24,358 - INFO - ####################Training epoch 21####################
2025-02-04 09:37:24,628 - INFO - Epoch 21: train_loss=0.6243
2025-02-04 09:37:25,079 - INFO - Epoch 21: val_loss=3.7526, val_acc=33.33%
2025-02-04 09:37:25,083 - INFO - Epoch 21: EPOCH_AVG_TRAIN_LOSS=0.6243
2025-02-04 09:37:25,085 - INFO - ####################Training epoch 22####################
2025-02-04 09:37:25,355 - INFO - Epoch 22: train_loss=0.6230
2025-02-04 09:37:25,809 - INFO - Epoch 22: val_loss=3.7228, val_acc=33.33%
2025-02-04 09:37:25,812 - INFO - Epoch 22: EPOCH_AVG_TRAIN_LOSS=0.6230
2025-02-04 09:37:25,814 - INFO - ####################Training epoch 23####################
2025-02-04 09:37:26,083 - INFO - Epoch 23: train_loss=0.6180
2025-02-04 09:37:26,535 - INFO - Epoch 23: val_loss=3.6860, val_acc=33.33%
2025-02-04 09:37:26,538 - INFO - Epoch 23: EPOCH_AVG_TRAIN_LOSS=0.6180
2025-02-04 09:37:26,541 - INFO - ####################Training epoch 24####################
2025-02-04 09:37:26,810 - INFO - Epoch 24: train_loss=0.6111
2025-02-04 09:37:27,265 - INFO - Epoch 24: val_loss=3.7040, val_acc=33.33%
2025-02-04 09:37:27,269 - INFO - Epoch 24: EPOCH_AVG_TRAIN_LOSS=0.6111
2025-02-04 09:37:27,271 - INFO - ####################Training epoch 25####################
2025-02-04 09:37:27,541 - INFO - Epoch 25: train_loss=0.6092
2025-02-04 09:37:27,995 - INFO - Epoch 25: val_loss=3.7199, val_acc=33.33%
2025-02-04 09:37:27,999 - INFO - Epoch 25: EPOCH_AVG_TRAIN_LOSS=0.6092
2025-02-04 09:37:28,001 - INFO - ####################Training epoch 26####################
2025-02-04 09:37:28,271 - INFO - Epoch 26: train_loss=0.6012
2025-02-04 09:37:28,725 - INFO - Epoch 26: val_loss=3.7609, val_acc=33.33%
2025-02-04 09:37:28,729 - INFO - Epoch 26: EPOCH_AVG_TRAIN_LOSS=0.6012
2025-02-04 09:37:28,731 - INFO - ####################Training epoch 27####################
2025-02-04 09:37:29,003 - INFO - Epoch 27: train_loss=0.6001
2025-02-04 09:37:29,456 - INFO - Epoch 27: val_loss=3.7792, val_acc=33.33%
2025-02-04 09:37:29,459 - INFO - Epoch 27: EPOCH_AVG_TRAIN_LOSS=0.6001
2025-02-04 09:37:29,462 - INFO - ####################Training epoch 28####################
2025-02-04 09:37:29,733 - INFO - Epoch 28: train_loss=0.6010
2025-02-04 09:37:30,187 - INFO - Epoch 28: val_loss=3.7958, val_acc=33.33%
2025-02-04 09:37:30,191 - INFO - Epoch 28: EPOCH_AVG_TRAIN_LOSS=0.6010
2025-02-04 09:37:30,193 - INFO - ####################Training epoch 29####################
2025-02-04 09:37:30,462 - INFO - Epoch 29: train_loss=0.5972
2025-02-04 09:37:30,915 - INFO - Epoch 29: val_loss=3.7841, val_acc=33.33%
2025-02-04 09:37:30,918 - INFO - Epoch 29: EPOCH_AVG_TRAIN_LOSS=0.5972
2025-02-04 09:37:30,921 - INFO - ####################Training epoch 30####################
2025-02-04 09:37:31,192 - INFO - Epoch 30: train_loss=0.5970
2025-02-04 09:37:31,647 - INFO - Epoch 30: val_loss=3.8265, val_acc=33.33%
2025-02-04 09:37:31,651 - INFO - Epoch 30: EPOCH_AVG_TRAIN_LOSS=0.5970
2025-02-04 09:37:31,653 - INFO - ####################Training epoch 31####################
2025-02-04 09:37:31,925 - INFO - Epoch 31: train_loss=0.5928
2025-02-04 09:37:32,381 - INFO - Epoch 31: val_loss=3.8045, val_acc=33.33%
2025-02-04 09:37:32,385 - INFO - Epoch 31: EPOCH_AVG_TRAIN_LOSS=0.5928
2025-02-04 09:37:32,387 - INFO - ####################Training epoch 32####################
2025-02-04 09:37:32,658 - INFO - Epoch 32: train_loss=0.5908
2025-02-04 09:37:33,111 - INFO - Epoch 32: val_loss=3.8017, val_acc=33.33%
2025-02-04 09:37:33,117 - INFO - Epoch 32: EPOCH_AVG_TRAIN_LOSS=0.5908
2025-02-04 09:37:33,119 - INFO - ####################Training epoch 33####################
2025-02-04 09:37:33,388 - INFO - Epoch 33: train_loss=0.5891
2025-02-04 09:37:33,841 - INFO - Epoch 33: val_loss=3.7920, val_acc=33.33%
2025-02-04 09:37:33,845 - INFO - Epoch 33: EPOCH_AVG_TRAIN_LOSS=0.5891
2025-02-04 09:37:33,847 - INFO - ####################Training epoch 34####################
2025-02-04 09:37:34,116 - INFO - Epoch 34: train_loss=0.5882
2025-02-04 09:37:34,567 - INFO - Epoch 34: val_loss=3.8140, val_acc=33.33%
2025-02-04 09:37:34,570 - INFO - Epoch 34: EPOCH_AVG_TRAIN_LOSS=0.5882
2025-02-04 09:37:34,573 - INFO - ####################Training epoch 35####################
2025-02-04 09:37:34,841 - INFO - Epoch 35: train_loss=0.5834
2025-02-04 09:37:35,294 - INFO - Epoch 35: val_loss=3.8550, val_acc=33.33%
2025-02-04 09:37:35,298 - INFO - Epoch 35: EPOCH_AVG_TRAIN_LOSS=0.5834
2025-02-04 09:37:35,300 - INFO - ####################Training epoch 36####################
2025-02-04 09:37:35,568 - INFO - Epoch 36: train_loss=0.5816
2025-02-04 09:37:36,022 - INFO - Epoch 36: val_loss=3.8419, val_acc=33.33%
2025-02-04 09:37:36,025 - INFO - Epoch 36: EPOCH_AVG_TRAIN_LOSS=0.5816
2025-02-04 09:37:36,028 - INFO - ####################Training epoch 37####################
2025-02-04 09:37:36,298 - INFO - Epoch 37: train_loss=0.5845
2025-02-04 09:37:36,748 - INFO - Epoch 37: val_loss=3.8708, val_acc=33.33%
2025-02-04 09:37:36,751 - INFO - Epoch 37: EPOCH_AVG_TRAIN_LOSS=0.5845
2025-02-04 09:37:36,753 - INFO - ####################Training epoch 38####################
2025-02-04 09:37:37,022 - INFO - Epoch 38: train_loss=0.5797
2025-02-04 09:37:37,474 - INFO - Epoch 38: val_loss=3.8713, val_acc=33.33%
2025-02-04 09:37:37,478 - INFO - Epoch 38: EPOCH_AVG_TRAIN_LOSS=0.5797
2025-02-04 09:37:37,480 - INFO - ####################Training epoch 39####################
2025-02-04 09:37:37,750 - INFO - Epoch 39: train_loss=0.5781
2025-02-04 09:37:38,204 - INFO - Epoch 39: val_loss=3.8923, val_acc=33.33%
2025-02-04 09:37:38,208 - INFO - Epoch 39: EPOCH_AVG_TRAIN_LOSS=0.5781
2025-02-04 09:37:38,210 - INFO - ####################Training epoch 40####################
2025-02-04 09:37:38,480 - INFO - Epoch 40: train_loss=0.5795
2025-02-04 09:37:38,932 - INFO - Epoch 40: val_loss=3.9148, val_acc=33.33%
2025-02-04 09:37:38,935 - INFO - Epoch 40: EPOCH_AVG_TRAIN_LOSS=0.5795
2025-02-04 09:37:38,937 - INFO - ####################Training epoch 41####################
2025-02-04 09:37:39,206 - INFO - Epoch 41: train_loss=0.5779
2025-02-04 09:37:39,657 - INFO - Epoch 41: val_loss=3.9340, val_acc=33.33%
2025-02-04 09:37:39,661 - INFO - Epoch 41: EPOCH_AVG_TRAIN_LOSS=0.5779
2025-02-04 09:37:39,663 - INFO - ####################Training epoch 42####################
2025-02-04 09:37:39,934 - INFO - Epoch 42: train_loss=0.5798
2025-02-04 09:37:40,388 - INFO - Epoch 42: val_loss=3.9386, val_acc=33.33%
2025-02-04 09:37:40,391 - INFO - Epoch 42: EPOCH_AVG_TRAIN_LOSS=0.5798
2025-02-04 09:37:40,393 - INFO - ####################Training epoch 43####################
2025-02-04 09:37:40,662 - INFO - Epoch 43: train_loss=0.5758
2025-02-04 09:37:41,113 - INFO - Epoch 43: val_loss=3.9028, val_acc=33.33%
2025-02-04 09:37:41,117 - INFO - Epoch 43: EPOCH_AVG_TRAIN_LOSS=0.5758
2025-02-04 09:37:41,119 - INFO - ####################Training epoch 44####################
2025-02-04 09:37:41,388 - INFO - Epoch 44: train_loss=0.5741
2025-02-04 09:37:41,842 - INFO - Epoch 44: val_loss=3.9283, val_acc=33.33%
2025-02-04 09:37:41,846 - INFO - Epoch 44: EPOCH_AVG_TRAIN_LOSS=0.5741
2025-02-04 09:37:41,848 - INFO - ####################Training epoch 45####################
2025-02-04 09:37:42,116 - INFO - Epoch 45: train_loss=0.5743
2025-02-04 09:37:42,568 - INFO - Epoch 45: val_loss=3.9108, val_acc=33.33%
2025-02-04 09:37:42,572 - INFO - Epoch 45: EPOCH_AVG_TRAIN_LOSS=0.5743
2025-02-04 09:37:42,574 - INFO - ####################Training epoch 46####################
2025-02-04 09:37:42,841 - INFO - Epoch 46: train_loss=0.5745
2025-02-04 09:37:43,293 - INFO - Epoch 46: val_loss=3.9242, val_acc=33.33%
2025-02-04 09:37:43,296 - INFO - Epoch 46: EPOCH_AVG_TRAIN_LOSS=0.5745
2025-02-04 09:37:43,299 - INFO - ####################Training epoch 47####################
2025-02-04 09:37:43,567 - INFO - Epoch 47: train_loss=0.5744
2025-02-04 09:37:44,022 - INFO - Epoch 47: val_loss=3.9253, val_acc=33.33%
2025-02-04 09:37:44,026 - INFO - Epoch 47: EPOCH_AVG_TRAIN_LOSS=0.5744
2025-02-04 09:37:44,028 - INFO - ####################Training epoch 48####################
2025-02-04 09:37:44,297 - INFO - Epoch 48: train_loss=0.5752
2025-02-04 09:37:44,752 - INFO - Epoch 48: val_loss=3.9251, val_acc=33.33%
2025-02-04 09:37:44,755 - INFO - Epoch 48: EPOCH_AVG_TRAIN_LOSS=0.5752
2025-02-04 09:37:44,758 - INFO - ####################Training epoch 49####################
2025-02-04 09:37:45,025 - INFO - Epoch 49: train_loss=0.5753
2025-02-04 09:37:45,478 - INFO - Epoch 49: val_loss=3.8946, val_acc=33.33%
2025-02-04 09:37:45,481 - INFO - Epoch 49: EPOCH_AVG_TRAIN_LOSS=0.5753
2025-02-04 09:37:45,483 - INFO - ####################Training epoch 50####################
2025-02-04 09:37:45,754 - INFO - Epoch 50: train_loss=0.5745
2025-02-04 09:37:46,206 - INFO - Epoch 50: val_loss=3.9008, val_acc=33.33%
2025-02-04 09:37:46,210 - INFO - Epoch 50: EPOCH_AVG_TRAIN_LOSS=0.5745
2025-02-04 09:37:46,212 - INFO - ####################Training epoch 51####################
2025-02-04 09:37:46,480 - INFO - Epoch 51: train_loss=0.5707
2025-02-04 09:37:46,933 - INFO - Epoch 51: val_loss=3.9780, val_acc=33.33%
2025-02-04 09:37:46,937 - INFO - Epoch 51: EPOCH_AVG_TRAIN_LOSS=0.5707
2025-02-04 09:37:46,939 - INFO - ####################Training epoch 52####################
2025-02-04 09:37:47,208 - INFO - Epoch 52: train_loss=0.5690
2025-02-04 09:37:47,661 - INFO - Epoch 52: val_loss=3.9473, val_acc=33.33%
2025-02-04 09:37:47,664 - INFO - Epoch 52: EPOCH_AVG_TRAIN_LOSS=0.5690
2025-02-04 09:37:47,667 - INFO - ####################Training epoch 53####################
2025-02-04 09:37:47,938 - INFO - Epoch 53: train_loss=0.5708
2025-02-04 09:37:48,390 - INFO - Epoch 53: val_loss=3.9320, val_acc=33.33%
2025-02-04 09:37:48,394 - INFO - Epoch 53: EPOCH_AVG_TRAIN_LOSS=0.5708
2025-02-04 09:37:48,396 - INFO - ####################Training epoch 54####################
2025-02-04 09:37:48,664 - INFO - Epoch 54: train_loss=0.5749
2025-02-04 09:37:49,116 - INFO - Epoch 54: val_loss=3.9625, val_acc=33.33%
2025-02-04 09:37:49,119 - INFO - Epoch 54: EPOCH_AVG_TRAIN_LOSS=0.5749
2025-02-04 09:37:49,122 - INFO - ####################Training epoch 55####################
2025-02-04 09:37:49,392 - INFO - Epoch 55: train_loss=0.5687
2025-02-04 09:37:49,845 - INFO - Epoch 55: val_loss=3.9191, val_acc=33.33%
2025-02-04 09:37:49,848 - INFO - Epoch 55: EPOCH_AVG_TRAIN_LOSS=0.5687
2025-02-04 09:37:49,851 - INFO - ####################Training epoch 56####################
2025-02-04 09:37:50,119 - INFO - Epoch 56: train_loss=0.5703
2025-02-04 09:37:50,570 - INFO - Epoch 56: val_loss=3.9689, val_acc=33.33%
2025-02-04 09:37:50,573 - INFO - Epoch 56: EPOCH_AVG_TRAIN_LOSS=0.5703
2025-02-04 09:37:50,576 - INFO - ####################Training epoch 57####################
2025-02-04 09:37:50,844 - INFO - Epoch 57: train_loss=0.5735
2025-02-04 09:37:51,297 - INFO - Epoch 57: val_loss=3.9228, val_acc=33.33%
2025-02-04 09:37:51,300 - INFO - Epoch 57: EPOCH_AVG_TRAIN_LOSS=0.5735
2025-02-04 09:37:51,302 - INFO - ####################Training epoch 58####################
2025-02-04 09:37:51,571 - INFO - Epoch 58: train_loss=0.5716
2025-02-04 09:37:52,026 - INFO - Epoch 58: val_loss=3.9259, val_acc=33.33%
2025-02-04 09:37:52,029 - INFO - Epoch 58: EPOCH_AVG_TRAIN_LOSS=0.5716
2025-02-04 09:37:52,032 - INFO - ####################Training epoch 59####################
2025-02-04 09:37:52,301 - INFO - Epoch 59: train_loss=0.5730
2025-02-04 09:37:52,755 - INFO - Epoch 59: val_loss=3.9382, val_acc=33.33%
2025-02-04 09:37:52,758 - INFO - Epoch 59: EPOCH_AVG_TRAIN_LOSS=0.5730
2025-02-04 09:37:52,761 - INFO - ####################Training epoch 60####################
2025-02-04 09:37:53,029 - INFO - Epoch 60: train_loss=0.5686
2025-02-04 09:37:53,483 - INFO - Epoch 60: val_loss=3.9609, val_acc=33.33%
2025-02-04 09:37:53,486 - INFO - Epoch 60: EPOCH_AVG_TRAIN_LOSS=0.5686
2025-02-04 09:37:53,488 - INFO - ####################Training epoch 61####################
2025-02-04 09:37:53,759 - INFO - Epoch 61: train_loss=0.5720
2025-02-04 09:37:54,213 - INFO - Epoch 61: val_loss=3.9685, val_acc=33.33%
2025-02-04 09:37:54,217 - INFO - Epoch 61: EPOCH_AVG_TRAIN_LOSS=0.5720
2025-02-04 09:37:54,219 - INFO - ####################Training epoch 62####################
2025-02-04 09:37:54,489 - INFO - Epoch 62: train_loss=0.5722
2025-02-04 09:37:54,942 - INFO - Epoch 62: val_loss=3.9422, val_acc=33.33%
2025-02-04 09:37:54,946 - INFO - Epoch 62: EPOCH_AVG_TRAIN_LOSS=0.5722
2025-02-04 09:37:54,948 - INFO - ####################Training epoch 63####################
2025-02-04 09:37:55,217 - INFO - Epoch 63: train_loss=0.5679
2025-02-04 09:37:55,672 - INFO - Epoch 63: val_loss=3.9345, val_acc=33.33%
2025-02-04 09:37:55,675 - INFO - Epoch 63: EPOCH_AVG_TRAIN_LOSS=0.5679
2025-02-04 09:37:55,678 - INFO - ####################Training epoch 64####################
2025-02-04 09:37:55,949 - INFO - Epoch 64: train_loss=0.5746
2025-02-04 09:37:56,404 - INFO - Epoch 64: val_loss=3.9124, val_acc=33.33%
2025-02-04 09:37:56,408 - INFO - Epoch 64: EPOCH_AVG_TRAIN_LOSS=0.5746
2025-02-04 09:37:56,410 - INFO - ####################Training epoch 65####################
2025-02-04 09:37:56,679 - INFO - Epoch 65: train_loss=0.5736
2025-02-04 09:37:57,130 - INFO - Epoch 65: val_loss=3.9576, val_acc=33.33%
2025-02-04 09:37:57,133 - INFO - Epoch 65: EPOCH_AVG_TRAIN_LOSS=0.5736
2025-02-04 09:37:57,136 - INFO - ####################Training epoch 66####################
2025-02-04 09:37:57,406 - INFO - Epoch 66: train_loss=0.5711
2025-02-04 09:37:57,860 - INFO - Epoch 66: val_loss=3.9738, val_acc=33.33%
2025-02-04 09:37:57,864 - INFO - Epoch 66: EPOCH_AVG_TRAIN_LOSS=0.5711
2025-02-04 09:37:57,866 - INFO - ####################Training epoch 67####################
2025-02-04 09:37:58,135 - INFO - Epoch 67: train_loss=0.5722
2025-02-04 09:37:58,588 - INFO - Epoch 67: val_loss=3.9482, val_acc=33.33%
2025-02-04 09:37:58,592 - INFO - Epoch 67: EPOCH_AVG_TRAIN_LOSS=0.5722
2025-02-04 09:37:58,594 - INFO - ####################Training epoch 68####################
2025-02-04 09:37:58,863 - INFO - Epoch 68: train_loss=0.5729
2025-02-04 09:37:59,319 - INFO - Epoch 68: val_loss=3.9252, val_acc=33.33%
2025-02-04 09:37:59,322 - INFO - Epoch 68: EPOCH_AVG_TRAIN_LOSS=0.5729
2025-02-04 09:37:59,325 - INFO - ####################Training epoch 69####################
2025-02-04 09:37:59,595 - INFO - Epoch 69: train_loss=0.5682
2025-02-04 09:38:00,050 - INFO - Epoch 69: val_loss=3.9491, val_acc=33.33%
2025-02-04 09:38:00,053 - INFO - Epoch 69: EPOCH_AVG_TRAIN_LOSS=0.5682
2025-02-04 09:38:00,055 - INFO - ####################Training epoch 70####################
2025-02-04 09:38:00,326 - INFO - Epoch 70: train_loss=0.5753
2025-02-04 09:38:00,780 - INFO - Epoch 70: val_loss=3.9550, val_acc=33.33%
2025-02-04 09:38:00,784 - INFO - Epoch 70: EPOCH_AVG_TRAIN_LOSS=0.5753
2025-02-04 09:38:00,786 - INFO - ####################Training epoch 71####################
2025-02-04 09:38:01,055 - INFO - Epoch 71: train_loss=0.5712
2025-02-04 09:38:01,506 - INFO - Epoch 71: val_loss=3.9518, val_acc=33.33%
2025-02-04 09:38:01,510 - INFO - Epoch 71: EPOCH_AVG_TRAIN_LOSS=0.5712
2025-02-04 09:38:01,512 - INFO - ####################Training epoch 72####################
2025-02-04 09:38:01,780 - INFO - Epoch 72: train_loss=0.5704
2025-02-04 09:38:02,234 - INFO - Epoch 72: val_loss=3.9498, val_acc=33.33%
2025-02-04 09:38:02,238 - INFO - Epoch 72: EPOCH_AVG_TRAIN_LOSS=0.5704
2025-02-04 09:38:02,240 - INFO - ####################Training epoch 73####################
2025-02-04 09:38:02,512 - INFO - Epoch 73: train_loss=0.5677
2025-02-04 09:38:02,967 - INFO - Epoch 73: val_loss=3.9498, val_acc=33.33%
2025-02-04 09:38:02,971 - INFO - Epoch 73: EPOCH_AVG_TRAIN_LOSS=0.5677
2025-02-04 09:38:02,973 - INFO - ####################Training epoch 74####################
2025-02-04 09:38:03,243 - INFO - Epoch 74: train_loss=0.5684
2025-02-04 09:38:03,695 - INFO - Epoch 74: val_loss=3.9316, val_acc=33.33%
2025-02-04 09:38:03,698 - INFO - Epoch 74: EPOCH_AVG_TRAIN_LOSS=0.5684
2025-02-04 09:38:03,700 - INFO - ####################Training epoch 75####################
2025-02-04 09:38:03,969 - INFO - Epoch 75: train_loss=0.5676
2025-02-04 09:38:04,421 - INFO - Epoch 75: val_loss=3.9233, val_acc=33.33%
2025-02-04 09:38:04,425 - INFO - Epoch 75: EPOCH_AVG_TRAIN_LOSS=0.5676
2025-02-04 09:38:04,427 - INFO - ####################Training epoch 76####################
2025-02-04 09:38:04,696 - INFO - Epoch 76: train_loss=0.5696
2025-02-04 09:38:05,148 - INFO - Epoch 76: val_loss=3.9476, val_acc=33.33%
2025-02-04 09:38:05,152 - INFO - Epoch 76: EPOCH_AVG_TRAIN_LOSS=0.5696
2025-02-04 09:38:05,154 - INFO - ####################Training epoch 77####################
2025-02-04 09:38:05,424 - INFO - Epoch 77: train_loss=0.5646
2025-02-04 09:38:05,875 - INFO - Epoch 77: val_loss=3.9391, val_acc=33.33%
2025-02-04 09:38:05,878 - INFO - Epoch 77: EPOCH_AVG_TRAIN_LOSS=0.5646
2025-02-04 09:38:05,881 - INFO - ####################Training epoch 78####################
2025-02-04 09:38:06,149 - INFO - Epoch 78: train_loss=0.5685
2025-02-04 09:38:06,602 - INFO - Epoch 78: val_loss=3.9390, val_acc=33.33%
2025-02-04 09:38:06,605 - INFO - Epoch 78: EPOCH_AVG_TRAIN_LOSS=0.5685
2025-02-04 09:38:06,607 - INFO - ####################Training epoch 79####################
2025-02-04 09:38:06,878 - INFO - Epoch 79: train_loss=0.5689
2025-02-04 09:38:07,333 - INFO - Epoch 79: val_loss=3.9435, val_acc=33.33%
2025-02-04 09:38:07,336 - INFO - Epoch 79: EPOCH_AVG_TRAIN_LOSS=0.5689
2025-02-04 09:38:07,338 - INFO - ####################Training epoch 80####################
2025-02-04 09:38:07,609 - INFO - Epoch 80: train_loss=0.5735
2025-02-04 09:38:08,063 - INFO - Epoch 80: val_loss=3.9518, val_acc=33.33%
2025-02-04 09:38:08,067 - INFO - Epoch 80: EPOCH_AVG_TRAIN_LOSS=0.5735
2025-02-04 09:38:08,069 - INFO - ####################Training epoch 81####################
2025-02-04 09:38:08,338 - INFO - Epoch 81: train_loss=0.5730
2025-02-04 09:38:08,793 - INFO - Epoch 81: val_loss=3.9451, val_acc=33.33%
2025-02-04 09:38:08,796 - INFO - Epoch 81: EPOCH_AVG_TRAIN_LOSS=0.5730
2025-02-04 09:38:08,798 - INFO - ####################Training epoch 82####################
2025-02-04 09:38:09,067 - INFO - Epoch 82: train_loss=0.5699
2025-02-04 09:38:09,521 - INFO - Epoch 82: val_loss=3.9817, val_acc=33.33%
2025-02-04 09:38:09,524 - INFO - Epoch 82: EPOCH_AVG_TRAIN_LOSS=0.5699
2025-02-04 09:38:09,527 - INFO - ####################Training epoch 83####################
2025-02-04 09:38:09,795 - INFO - Epoch 83: train_loss=0.5714
2025-02-04 09:38:10,246 - INFO - Epoch 83: val_loss=3.9262, val_acc=33.33%
2025-02-04 09:38:10,250 - INFO - Epoch 83: EPOCH_AVG_TRAIN_LOSS=0.5714
2025-02-04 09:38:10,252 - INFO - ####################Training epoch 84####################
2025-02-04 09:38:10,522 - INFO - Epoch 84: train_loss=0.5677
2025-02-04 09:38:10,975 - INFO - Epoch 84: val_loss=3.9678, val_acc=33.33%
2025-02-04 09:38:10,979 - INFO - Epoch 84: EPOCH_AVG_TRAIN_LOSS=0.5677
2025-02-04 09:38:10,981 - INFO - ####################Training epoch 85####################
2025-02-04 09:38:11,249 - INFO - Epoch 85: train_loss=0.5664
2025-02-04 09:38:11,702 - INFO - Epoch 85: val_loss=3.9699, val_acc=33.33%
2025-02-04 09:38:11,705 - INFO - Epoch 85: EPOCH_AVG_TRAIN_LOSS=0.5664
2025-02-04 09:38:11,708 - INFO - ####################Training epoch 86####################
2025-02-04 09:38:11,976 - INFO - Epoch 86: train_loss=0.5684
2025-02-04 09:38:12,430 - INFO - Epoch 86: val_loss=3.8942, val_acc=33.33%
2025-02-04 09:38:12,434 - INFO - Epoch 86: EPOCH_AVG_TRAIN_LOSS=0.5684
2025-02-04 09:38:12,436 - INFO - ####################Training epoch 87####################
2025-02-04 09:38:12,707 - INFO - Epoch 87: train_loss=0.5721
2025-02-04 09:38:13,157 - INFO - Epoch 87: val_loss=3.9649, val_acc=33.33%
2025-02-04 09:38:13,160 - INFO - Epoch 87: EPOCH_AVG_TRAIN_LOSS=0.5721
2025-02-04 09:38:13,163 - INFO - ####################Training epoch 88####################
2025-02-04 09:38:13,432 - INFO - Epoch 88: train_loss=0.5682
2025-02-04 09:38:13,886 - INFO - Epoch 88: val_loss=3.9367, val_acc=33.33%
2025-02-04 09:38:13,890 - INFO - Epoch 88: EPOCH_AVG_TRAIN_LOSS=0.5682
2025-02-04 09:38:13,892 - INFO - ####################Training epoch 89####################
2025-02-04 09:38:14,161 - INFO - Epoch 89: train_loss=0.5723
2025-02-04 09:38:14,614 - INFO - Epoch 89: val_loss=3.9382, val_acc=33.33%
2025-02-04 09:38:14,617 - INFO - Epoch 89: EPOCH_AVG_TRAIN_LOSS=0.5723
2025-02-04 09:38:14,619 - INFO - ####################Training epoch 90####################
2025-02-04 09:38:14,889 - INFO - Epoch 90: train_loss=0.5689
2025-02-04 09:38:15,339 - INFO - Epoch 90: val_loss=3.9527, val_acc=33.33%
2025-02-04 09:38:15,342 - INFO - Epoch 90: EPOCH_AVG_TRAIN_LOSS=0.5689
2025-02-04 09:38:15,344 - INFO - ####################Training epoch 91####################
2025-02-04 09:38:15,613 - INFO - Epoch 91: train_loss=0.5738
2025-02-04 09:38:16,066 - INFO - Epoch 91: val_loss=3.9536, val_acc=33.33%
2025-02-04 09:38:16,070 - INFO - Epoch 91: EPOCH_AVG_TRAIN_LOSS=0.5738
2025-02-04 09:38:16,072 - INFO - ####################Training epoch 92####################
2025-02-04 09:38:16,342 - INFO - Epoch 92: train_loss=0.5689
2025-02-04 09:38:16,792 - INFO - Epoch 92: val_loss=3.9229, val_acc=33.33%
2025-02-04 09:38:16,796 - INFO - Epoch 92: EPOCH_AVG_TRAIN_LOSS=0.5689
2025-02-04 09:38:16,798 - INFO - ####################Training epoch 93####################
2025-02-04 09:38:17,067 - INFO - Epoch 93: train_loss=0.5711
2025-02-04 09:38:17,519 - INFO - Epoch 93: val_loss=3.9398, val_acc=33.33%
2025-02-04 09:38:17,522 - INFO - Epoch 93: EPOCH_AVG_TRAIN_LOSS=0.5711
2025-02-04 09:38:17,525 - INFO - ####################Training epoch 94####################
2025-02-04 09:38:17,793 - INFO - Epoch 94: train_loss=0.5694
2025-02-04 09:38:18,246 - INFO - Epoch 94: val_loss=3.9587, val_acc=33.33%
2025-02-04 09:38:18,250 - INFO - Epoch 94: EPOCH_AVG_TRAIN_LOSS=0.5694
2025-02-04 09:38:18,252 - INFO - ####################Training epoch 95####################
2025-02-04 09:38:18,524 - INFO - Epoch 95: train_loss=0.5699
2025-02-04 09:38:18,976 - INFO - Epoch 95: val_loss=3.9376, val_acc=33.33%
2025-02-04 09:38:18,979 - INFO - Epoch 95: EPOCH_AVG_TRAIN_LOSS=0.5699
2025-02-04 09:38:18,982 - INFO - ####################Training epoch 96####################
2025-02-04 09:38:19,251 - INFO - Epoch 96: train_loss=0.5686
2025-02-04 09:38:19,703 - INFO - Epoch 96: val_loss=3.9399, val_acc=33.33%
2025-02-04 09:38:19,707 - INFO - Epoch 96: EPOCH_AVG_TRAIN_LOSS=0.5686
2025-02-04 09:38:19,709 - INFO - ####################Training epoch 97####################
2025-02-04 09:38:19,976 - INFO - Epoch 97: train_loss=0.5699
2025-02-04 09:38:20,430 - INFO - Epoch 97: val_loss=3.9469, val_acc=33.33%
2025-02-04 09:38:20,433 - INFO - Epoch 97: EPOCH_AVG_TRAIN_LOSS=0.5699
2025-02-04 09:38:20,436 - INFO - ####################Training epoch 98####################
2025-02-04 09:38:20,705 - INFO - Epoch 98: train_loss=0.5671
2025-02-04 09:38:21,158 - INFO - Epoch 98: val_loss=3.9406, val_acc=33.33%
2025-02-04 09:38:21,162 - INFO - Epoch 98: EPOCH_AVG_TRAIN_LOSS=0.5671
2025-02-04 09:38:21,164 - INFO - ####################Training epoch 99####################
2025-02-04 09:38:21,433 - INFO - Epoch 99: train_loss=0.5696
2025-02-04 09:38:21,883 - INFO - Epoch 99: val_loss=3.9194, val_acc=33.33%
2025-02-04 09:38:21,887 - INFO - Epoch 99: EPOCH_AVG_TRAIN_LOSS=0.5696
2025-02-04 09:38:22,073 - INFO - Model saved.
