2025-02-04 11:35:35,785 - INFO - Starting training with the following parameters:
2025-02-04 11:35:35,785 - INFO - | Parameter       | Value               |
|-----------------|---------------------|
| attention       | XFormers       |
| d_model         | 128            |
| n_heads         | 8              |
| d_f             | 128            |
| num_layers      | 3              |
| d_input         | 32             |
| num_classes     | 3              |
| dropout         | 0.1            |
| learning_rate   | 0.001          |
| epochs          | 100            |
| batch_size      | 32             |

2025-02-04 11:35:36,318 - INFO - Epoch 0: val_loss=0.9989, val_acc=66.67%
2025-02-04 11:35:36,446 - INFO - ####################Training epoch 0####################
2025-02-04 11:35:36,510 - INFO - Epoch 0: train_loss=1.1015
2025-02-04 11:35:36,801 - INFO - Epoch 0: val_loss=2.1654, val_acc=0.00%
2025-02-04 11:35:36,805 - INFO - Epoch 0: EPOCH_AVG_TRAIN_LOSS=1.1015
2025-02-04 11:35:36,832 - INFO - ####################Training epoch 1####################
2025-02-04 11:35:37,028 - INFO - Epoch 1: train_loss=1.4948
2025-02-04 11:35:37,257 - INFO - Epoch 1: val_loss=1.8993, val_acc=0.00%
2025-02-04 11:35:37,260 - INFO - Epoch 1: EPOCH_AVG_TRAIN_LOSS=1.4948
2025-02-04 11:35:37,283 - INFO - ####################Training epoch 2####################
2025-02-04 11:35:37,479 - INFO - Epoch 2: train_loss=1.3541
2025-02-04 11:35:37,713 - INFO - Epoch 2: val_loss=1.3577, val_acc=0.00%
2025-02-04 11:35:37,716 - INFO - Epoch 2: EPOCH_AVG_TRAIN_LOSS=1.3541
2025-02-04 11:35:37,740 - INFO - ####################Training epoch 3####################
2025-02-04 11:35:37,939 - INFO - Epoch 3: train_loss=1.1302
2025-02-04 11:35:38,174 - INFO - Epoch 3: val_loss=0.9445, val_acc=66.67%
2025-02-04 11:35:38,177 - INFO - Epoch 3: EPOCH_AVG_TRAIN_LOSS=1.1302
2025-02-04 11:35:38,203 - INFO - ####################Training epoch 4####################
2025-02-04 11:35:38,405 - INFO - Epoch 4: train_loss=1.1064
2025-02-04 11:35:38,639 - INFO - Epoch 4: val_loss=0.8364, val_acc=66.67%
2025-02-04 11:35:38,642 - INFO - Epoch 4: EPOCH_AVG_TRAIN_LOSS=1.1064
2025-02-04 11:35:38,669 - INFO - ####################Training epoch 5####################
2025-02-04 11:35:38,869 - INFO - Epoch 5: train_loss=1.1383
2025-02-04 11:35:39,105 - INFO - Epoch 5: val_loss=0.8784, val_acc=66.67%
2025-02-04 11:35:39,108 - INFO - Epoch 5: EPOCH_AVG_TRAIN_LOSS=1.1383
2025-02-04 11:35:39,134 - INFO - ####################Training epoch 6####################
2025-02-04 11:35:39,333 - INFO - Epoch 6: train_loss=1.1149
2025-02-04 11:35:39,566 - INFO - Epoch 6: val_loss=1.0186, val_acc=100.00%
2025-02-04 11:35:39,570 - INFO - Epoch 6: EPOCH_AVG_TRAIN_LOSS=1.1149
2025-02-04 11:35:39,572 - INFO - ####################Training epoch 7####################
2025-02-04 11:35:39,774 - INFO - Epoch 7: train_loss=1.0853
2025-02-04 11:35:40,011 - INFO - Epoch 7: val_loss=1.1995, val_acc=0.00%
2025-02-04 11:35:40,015 - INFO - Epoch 7: EPOCH_AVG_TRAIN_LOSS=1.0853
2025-02-04 11:35:40,017 - INFO - ####################Training epoch 8####################
2025-02-04 11:35:40,220 - INFO - Epoch 8: train_loss=1.0939
2025-02-04 11:35:40,458 - INFO - Epoch 8: val_loss=1.2362, val_acc=0.00%
2025-02-04 11:35:40,461 - INFO - Epoch 8: EPOCH_AVG_TRAIN_LOSS=1.0939
2025-02-04 11:35:40,464 - INFO - ####################Training epoch 9####################
2025-02-04 11:35:40,665 - INFO - Epoch 9: train_loss=1.1023
2025-02-04 11:35:40,902 - INFO - Epoch 9: val_loss=1.1681, val_acc=0.00%
2025-02-04 11:35:40,906 - INFO - Epoch 9: EPOCH_AVG_TRAIN_LOSS=1.1023
2025-02-04 11:35:40,908 - INFO - ####################Training epoch 10####################
2025-02-04 11:35:41,111 - INFO - Epoch 10: train_loss=1.0915
2025-02-04 11:35:41,347 - INFO - Epoch 10: val_loss=1.0543, val_acc=33.33%
2025-02-04 11:35:41,351 - INFO - Epoch 10: EPOCH_AVG_TRAIN_LOSS=1.0915
2025-02-04 11:35:41,353 - INFO - ####################Training epoch 11####################
2025-02-04 11:35:41,554 - INFO - Epoch 11: train_loss=1.0807
2025-02-04 11:35:41,789 - INFO - Epoch 11: val_loss=1.0129, val_acc=66.67%
2025-02-04 11:35:41,792 - INFO - Epoch 11: EPOCH_AVG_TRAIN_LOSS=1.0807
2025-02-04 11:35:41,795 - INFO - ####################Training epoch 12####################
2025-02-04 11:35:41,994 - INFO - Epoch 12: train_loss=1.0821
2025-02-04 11:35:42,231 - INFO - Epoch 12: val_loss=0.9916, val_acc=66.67%
2025-02-04 11:35:42,235 - INFO - Epoch 12: EPOCH_AVG_TRAIN_LOSS=1.0821
2025-02-04 11:35:42,237 - INFO - ####################Training epoch 13####################
2025-02-04 11:35:42,440 - INFO - Epoch 13: train_loss=1.0837
2025-02-04 11:35:42,675 - INFO - Epoch 13: val_loss=0.9880, val_acc=100.00%
2025-02-04 11:35:42,679 - INFO - Epoch 13: EPOCH_AVG_TRAIN_LOSS=1.0837
2025-02-04 11:35:42,681 - INFO - ####################Training epoch 14####################
2025-02-04 11:35:42,880 - INFO - Epoch 14: train_loss=1.0850
2025-02-04 11:35:43,119 - INFO - Epoch 14: val_loss=0.9982, val_acc=66.67%
2025-02-04 11:35:43,122 - INFO - Epoch 14: EPOCH_AVG_TRAIN_LOSS=1.0850
2025-02-04 11:35:43,124 - INFO - ####################Training epoch 15####################
2025-02-04 11:35:43,326 - INFO - Epoch 15: train_loss=1.0837
2025-02-04 11:35:43,564 - INFO - Epoch 15: val_loss=1.0194, val_acc=66.67%
2025-02-04 11:35:43,568 - INFO - Epoch 15: EPOCH_AVG_TRAIN_LOSS=1.0837
2025-02-04 11:35:43,570 - INFO - ####################Training epoch 16####################
2025-02-04 11:35:43,771 - INFO - Epoch 16: train_loss=1.0809
2025-02-04 11:35:44,004 - INFO - Epoch 16: val_loss=1.0485, val_acc=33.33%
2025-02-04 11:35:44,008 - INFO - Epoch 16: EPOCH_AVG_TRAIN_LOSS=1.0809
2025-02-04 11:35:44,010 - INFO - ####################Training epoch 17####################
2025-02-04 11:35:44,211 - INFO - Epoch 17: train_loss=1.0795
2025-02-04 11:35:44,448 - INFO - Epoch 17: val_loss=1.0626, val_acc=33.33%
2025-02-04 11:35:44,451 - INFO - Epoch 17: EPOCH_AVG_TRAIN_LOSS=1.0795
2025-02-04 11:35:44,454 - INFO - ####################Training epoch 18####################
2025-02-04 11:35:44,654 - INFO - Epoch 18: train_loss=1.0797
2025-02-04 11:35:44,891 - INFO - Epoch 18: val_loss=1.0758, val_acc=33.33%
2025-02-04 11:35:44,894 - INFO - Epoch 18: EPOCH_AVG_TRAIN_LOSS=1.0797
2025-02-04 11:35:44,896 - INFO - ####################Training epoch 19####################
2025-02-04 11:35:45,097 - INFO - Epoch 19: train_loss=1.0794
2025-02-04 11:35:45,333 - INFO - Epoch 19: val_loss=1.0873, val_acc=33.33%
2025-02-04 11:35:45,337 - INFO - Epoch 19: EPOCH_AVG_TRAIN_LOSS=1.0794
2025-02-04 11:35:45,339 - INFO - ####################Training epoch 20####################
2025-02-04 11:35:45,541 - INFO - Epoch 20: train_loss=1.0796
2025-02-04 11:35:45,781 - INFO - Epoch 20: val_loss=1.0947, val_acc=0.00%
2025-02-04 11:35:45,784 - INFO - Epoch 20: EPOCH_AVG_TRAIN_LOSS=1.0796
2025-02-04 11:35:45,787 - INFO - ####################Training epoch 21####################
2025-02-04 11:35:45,986 - INFO - Epoch 21: train_loss=1.0799
2025-02-04 11:35:46,222 - INFO - Epoch 21: val_loss=1.0968, val_acc=0.00%
2025-02-04 11:35:46,226 - INFO - Epoch 21: EPOCH_AVG_TRAIN_LOSS=1.0799
2025-02-04 11:35:46,228 - INFO - ####################Training epoch 22####################
2025-02-04 11:35:46,428 - INFO - Epoch 22: train_loss=1.0798
2025-02-04 11:35:46,666 - INFO - Epoch 22: val_loss=1.0937, val_acc=0.00%
2025-02-04 11:35:46,669 - INFO - Epoch 22: EPOCH_AVG_TRAIN_LOSS=1.0798
2025-02-04 11:35:46,672 - INFO - ####################Training epoch 23####################
2025-02-04 11:35:46,871 - INFO - Epoch 23: train_loss=1.0794
2025-02-04 11:35:47,108 - INFO - Epoch 23: val_loss=1.0898, val_acc=33.33%
2025-02-04 11:35:47,112 - INFO - Epoch 23: EPOCH_AVG_TRAIN_LOSS=1.0794
2025-02-04 11:35:47,114 - INFO - ####################Training epoch 24####################
2025-02-04 11:35:47,316 - INFO - Epoch 24: train_loss=1.0790
2025-02-04 11:35:47,552 - INFO - Epoch 24: val_loss=1.0839, val_acc=33.33%
2025-02-04 11:35:47,556 - INFO - Epoch 24: EPOCH_AVG_TRAIN_LOSS=1.0790
2025-02-04 11:35:47,558 - INFO - ####################Training epoch 25####################
2025-02-04 11:35:47,760 - INFO - Epoch 25: train_loss=1.0791
2025-02-04 11:35:47,998 - INFO - Epoch 25: val_loss=1.0770, val_acc=33.33%
2025-02-04 11:35:48,002 - INFO - Epoch 25: EPOCH_AVG_TRAIN_LOSS=1.0791
2025-02-04 11:35:48,004 - INFO - ####################Training epoch 26####################
2025-02-04 11:35:48,207 - INFO - Epoch 26: train_loss=1.0781
2025-02-04 11:35:48,442 - INFO - Epoch 26: val_loss=1.0691, val_acc=33.33%
2025-02-04 11:35:48,445 - INFO - Epoch 26: EPOCH_AVG_TRAIN_LOSS=1.0781
2025-02-04 11:35:48,448 - INFO - ####################Training epoch 27####################
2025-02-04 11:35:48,649 - INFO - Epoch 27: train_loss=1.0782
2025-02-04 11:35:48,885 - INFO - Epoch 27: val_loss=1.0612, val_acc=33.33%
2025-02-04 11:35:48,888 - INFO - Epoch 27: EPOCH_AVG_TRAIN_LOSS=1.0782
2025-02-04 11:35:48,891 - INFO - ####################Training epoch 28####################
2025-02-04 11:35:49,092 - INFO - Epoch 28: train_loss=1.0785
2025-02-04 11:35:49,329 - INFO - Epoch 28: val_loss=1.0541, val_acc=33.33%
2025-02-04 11:35:49,332 - INFO - Epoch 28: EPOCH_AVG_TRAIN_LOSS=1.0785
2025-02-04 11:35:49,334 - INFO - ####################Training epoch 29####################
2025-02-04 11:35:49,537 - INFO - Epoch 29: train_loss=1.0777
2025-02-04 11:35:49,776 - INFO - Epoch 29: val_loss=1.0510, val_acc=33.33%
2025-02-04 11:35:49,780 - INFO - Epoch 29: EPOCH_AVG_TRAIN_LOSS=1.0777
2025-02-04 11:35:49,782 - INFO - ####################Training epoch 30####################
2025-02-04 11:35:49,982 - INFO - Epoch 30: train_loss=1.0778
2025-02-04 11:35:50,219 - INFO - Epoch 30: val_loss=1.0484, val_acc=33.33%
2025-02-04 11:35:50,222 - INFO - Epoch 30: EPOCH_AVG_TRAIN_LOSS=1.0778
2025-02-04 11:35:50,224 - INFO - ####################Training epoch 31####################
2025-02-04 11:35:50,428 - INFO - Epoch 31: train_loss=1.0776
2025-02-04 11:35:50,665 - INFO - Epoch 31: val_loss=1.0466, val_acc=33.33%
2025-02-04 11:35:50,668 - INFO - Epoch 31: EPOCH_AVG_TRAIN_LOSS=1.0776
2025-02-04 11:35:50,671 - INFO - ####################Training epoch 32####################
2025-02-04 11:35:50,873 - INFO - Epoch 32: train_loss=1.0772
2025-02-04 11:35:51,110 - INFO - Epoch 32: val_loss=1.0454, val_acc=33.33%
2025-02-04 11:35:51,115 - INFO - Epoch 32: EPOCH_AVG_TRAIN_LOSS=1.0772
2025-02-04 11:35:51,117 - INFO - ####################Training epoch 33####################
2025-02-04 11:35:51,317 - INFO - Epoch 33: train_loss=1.0780
2025-02-04 11:35:51,552 - INFO - Epoch 33: val_loss=1.0449, val_acc=33.33%
2025-02-04 11:35:51,556 - INFO - Epoch 33: EPOCH_AVG_TRAIN_LOSS=1.0780
2025-02-04 11:35:51,558 - INFO - ####################Training epoch 34####################
2025-02-04 11:35:51,755 - INFO - Epoch 34: train_loss=1.0777
2025-02-04 11:35:51,990 - INFO - Epoch 34: val_loss=1.0450, val_acc=33.33%
2025-02-04 11:35:51,994 - INFO - Epoch 34: EPOCH_AVG_TRAIN_LOSS=1.0777
2025-02-04 11:35:51,996 - INFO - ####################Training epoch 35####################
2025-02-04 11:35:52,195 - INFO - Epoch 35: train_loss=1.0770
2025-02-04 11:35:52,432 - INFO - Epoch 35: val_loss=1.0453, val_acc=33.33%
2025-02-04 11:35:52,435 - INFO - Epoch 35: EPOCH_AVG_TRAIN_LOSS=1.0770
2025-02-04 11:35:52,438 - INFO - ####################Training epoch 36####################
2025-02-04 11:35:52,636 - INFO - Epoch 36: train_loss=1.0775
2025-02-04 11:35:52,872 - INFO - Epoch 36: val_loss=1.0459, val_acc=33.33%
2025-02-04 11:35:52,875 - INFO - Epoch 36: EPOCH_AVG_TRAIN_LOSS=1.0775
2025-02-04 11:35:52,878 - INFO - ####################Training epoch 37####################
2025-02-04 11:35:53,076 - INFO - Epoch 37: train_loss=1.0779
2025-02-04 11:35:53,313 - INFO - Epoch 37: val_loss=1.0467, val_acc=33.33%
2025-02-04 11:35:53,317 - INFO - Epoch 37: EPOCH_AVG_TRAIN_LOSS=1.0779
2025-02-04 11:35:53,319 - INFO - ####################Training epoch 38####################
2025-02-04 11:35:53,515 - INFO - Epoch 38: train_loss=1.0771
2025-02-04 11:35:53,750 - INFO - Epoch 38: val_loss=1.0476, val_acc=33.33%
2025-02-04 11:35:53,754 - INFO - Epoch 38: EPOCH_AVG_TRAIN_LOSS=1.0771
2025-02-04 11:35:53,756 - INFO - ####################Training epoch 39####################
2025-02-04 11:35:53,955 - INFO - Epoch 39: train_loss=1.0772
2025-02-04 11:35:54,190 - INFO - Epoch 39: val_loss=1.0488, val_acc=33.33%
2025-02-04 11:35:54,194 - INFO - Epoch 39: EPOCH_AVG_TRAIN_LOSS=1.0772
2025-02-04 11:35:54,196 - INFO - ####################Training epoch 40####################
2025-02-04 11:35:54,397 - INFO - Epoch 40: train_loss=1.0776
2025-02-04 11:35:54,632 - INFO - Epoch 40: val_loss=1.0500, val_acc=33.33%
2025-02-04 11:35:54,636 - INFO - Epoch 40: EPOCH_AVG_TRAIN_LOSS=1.0776
2025-02-04 11:35:54,638 - INFO - ####################Training epoch 41####################
2025-02-04 11:35:54,838 - INFO - Epoch 41: train_loss=1.0776
2025-02-04 11:35:55,074 - INFO - Epoch 41: val_loss=1.0507, val_acc=33.33%
2025-02-04 11:35:55,078 - INFO - Epoch 41: EPOCH_AVG_TRAIN_LOSS=1.0776
2025-02-04 11:35:55,080 - INFO - ####################Training epoch 42####################
2025-02-04 11:35:55,279 - INFO - Epoch 42: train_loss=1.0771
2025-02-04 11:35:55,513 - INFO - Epoch 42: val_loss=1.0514, val_acc=33.33%
2025-02-04 11:35:55,517 - INFO - Epoch 42: EPOCH_AVG_TRAIN_LOSS=1.0771
2025-02-04 11:35:55,519 - INFO - ####################Training epoch 43####################
2025-02-04 11:35:55,719 - INFO - Epoch 43: train_loss=1.0777
2025-02-04 11:35:55,957 - INFO - Epoch 43: val_loss=1.0521, val_acc=33.33%
2025-02-04 11:35:55,960 - INFO - Epoch 43: EPOCH_AVG_TRAIN_LOSS=1.0777
2025-02-04 11:35:55,963 - INFO - ####################Training epoch 44####################
2025-02-04 11:35:56,160 - INFO - Epoch 44: train_loss=1.0776
2025-02-04 11:35:56,396 - INFO - Epoch 44: val_loss=1.0527, val_acc=33.33%
2025-02-04 11:35:56,399 - INFO - Epoch 44: EPOCH_AVG_TRAIN_LOSS=1.0776
2025-02-04 11:35:56,402 - INFO - ####################Training epoch 45####################
2025-02-04 11:35:56,600 - INFO - Epoch 45: train_loss=1.0769
2025-02-04 11:35:56,836 - INFO - Epoch 45: val_loss=1.0535, val_acc=33.33%
2025-02-04 11:35:56,840 - INFO - Epoch 45: EPOCH_AVG_TRAIN_LOSS=1.0769
2025-02-04 11:35:56,842 - INFO - ####################Training epoch 46####################
2025-02-04 11:35:57,040 - INFO - Epoch 46: train_loss=1.0775
2025-02-04 11:35:57,276 - INFO - Epoch 46: val_loss=1.0542, val_acc=33.33%
2025-02-04 11:35:57,279 - INFO - Epoch 46: EPOCH_AVG_TRAIN_LOSS=1.0775
2025-02-04 11:35:57,282 - INFO - ####################Training epoch 47####################
2025-02-04 11:35:57,480 - INFO - Epoch 47: train_loss=1.0777
2025-02-04 11:35:57,716 - INFO - Epoch 47: val_loss=1.0545, val_acc=33.33%
2025-02-04 11:35:57,719 - INFO - Epoch 47: EPOCH_AVG_TRAIN_LOSS=1.0777
2025-02-04 11:35:57,722 - INFO - ####################Training epoch 48####################
2025-02-04 11:35:57,923 - INFO - Epoch 48: train_loss=1.0773
2025-02-04 11:35:58,159 - INFO - Epoch 48: val_loss=1.0549, val_acc=33.33%
2025-02-04 11:35:58,163 - INFO - Epoch 48: EPOCH_AVG_TRAIN_LOSS=1.0773
2025-02-04 11:35:58,165 - INFO - ####################Training epoch 49####################
2025-02-04 11:35:58,364 - INFO - Epoch 49: train_loss=1.0768
2025-02-04 11:35:58,601 - INFO - Epoch 49: val_loss=1.0551, val_acc=33.33%
2025-02-04 11:35:58,604 - INFO - Epoch 49: EPOCH_AVG_TRAIN_LOSS=1.0768
2025-02-04 11:35:58,607 - INFO - ####################Training epoch 50####################
2025-02-04 11:35:58,806 - INFO - Epoch 50: train_loss=1.0773
2025-02-04 11:35:59,041 - INFO - Epoch 50: val_loss=1.0554, val_acc=33.33%
2025-02-04 11:35:59,045 - INFO - Epoch 50: EPOCH_AVG_TRAIN_LOSS=1.0773
2025-02-04 11:35:59,047 - INFO - ####################Training epoch 51####################
2025-02-04 11:35:59,245 - INFO - Epoch 51: train_loss=1.0779
2025-02-04 11:35:59,480 - INFO - Epoch 51: val_loss=1.0558, val_acc=33.33%
2025-02-04 11:35:59,483 - INFO - Epoch 51: EPOCH_AVG_TRAIN_LOSS=1.0779
2025-02-04 11:35:59,486 - INFO - ####################Training epoch 52####################
2025-02-04 11:35:59,682 - INFO - Epoch 52: train_loss=1.0771
2025-02-04 11:35:59,918 - INFO - Epoch 52: val_loss=1.0560, val_acc=33.33%
2025-02-04 11:35:59,921 - INFO - Epoch 52: EPOCH_AVG_TRAIN_LOSS=1.0771
2025-02-04 11:35:59,924 - INFO - ####################Training epoch 53####################
2025-02-04 11:36:00,123 - INFO - Epoch 53: train_loss=1.0778
2025-02-04 11:36:00,359 - INFO - Epoch 53: val_loss=1.0562, val_acc=33.33%
2025-02-04 11:36:00,363 - INFO - Epoch 53: EPOCH_AVG_TRAIN_LOSS=1.0778
2025-02-04 11:36:00,365 - INFO - ####################Training epoch 54####################
2025-02-04 11:36:00,567 - INFO - Epoch 54: train_loss=1.0772
2025-02-04 11:36:00,804 - INFO - Epoch 54: val_loss=1.0563, val_acc=33.33%
2025-02-04 11:36:00,808 - INFO - Epoch 54: EPOCH_AVG_TRAIN_LOSS=1.0772
2025-02-04 11:36:00,810 - INFO - ####################Training epoch 55####################
2025-02-04 11:36:01,008 - INFO - Epoch 55: train_loss=1.0769
2025-02-04 11:36:01,244 - INFO - Epoch 55: val_loss=1.0564, val_acc=33.33%
2025-02-04 11:36:01,247 - INFO - Epoch 55: EPOCH_AVG_TRAIN_LOSS=1.0769
2025-02-04 11:36:01,250 - INFO - ####################Training epoch 56####################
2025-02-04 11:36:01,450 - INFO - Epoch 56: train_loss=1.0772
2025-02-04 11:36:01,685 - INFO - Epoch 56: val_loss=1.0566, val_acc=33.33%
2025-02-04 11:36:01,689 - INFO - Epoch 56: EPOCH_AVG_TRAIN_LOSS=1.0772
2025-02-04 11:36:01,691 - INFO - ####################Training epoch 57####################
2025-02-04 11:36:01,888 - INFO - Epoch 57: train_loss=1.0769
2025-02-04 11:36:02,124 - INFO - Epoch 57: val_loss=1.0567, val_acc=33.33%
2025-02-04 11:36:02,128 - INFO - Epoch 57: EPOCH_AVG_TRAIN_LOSS=1.0769
2025-02-04 11:36:02,130 - INFO - ####################Training epoch 58####################
2025-02-04 11:36:02,331 - INFO - Epoch 58: train_loss=1.0771
2025-02-04 11:36:02,566 - INFO - Epoch 58: val_loss=1.0568, val_acc=33.33%
2025-02-04 11:36:02,570 - INFO - Epoch 58: EPOCH_AVG_TRAIN_LOSS=1.0771
2025-02-04 11:36:02,572 - INFO - ####################Training epoch 59####################
2025-02-04 11:36:02,771 - INFO - Epoch 59: train_loss=1.0774
2025-02-04 11:36:03,007 - INFO - Epoch 59: val_loss=1.0569, val_acc=33.33%
2025-02-04 11:36:03,010 - INFO - Epoch 59: EPOCH_AVG_TRAIN_LOSS=1.0774
2025-02-04 11:36:03,013 - INFO - ####################Training epoch 60####################
2025-02-04 11:36:03,212 - INFO - Epoch 60: train_loss=1.0775
2025-02-04 11:36:03,448 - INFO - Epoch 60: val_loss=1.0569, val_acc=33.33%
2025-02-04 11:36:03,451 - INFO - Epoch 60: EPOCH_AVG_TRAIN_LOSS=1.0775
2025-02-04 11:36:03,454 - INFO - ####################Training epoch 61####################
2025-02-04 11:36:03,651 - INFO - Epoch 61: train_loss=1.0770
2025-02-04 11:36:03,888 - INFO - Epoch 61: val_loss=1.0570, val_acc=33.33%
2025-02-04 11:36:03,892 - INFO - Epoch 61: EPOCH_AVG_TRAIN_LOSS=1.0770
2025-02-04 11:36:03,894 - INFO - ####################Training epoch 62####################
2025-02-04 11:36:04,093 - INFO - Epoch 62: train_loss=1.0772
2025-02-04 11:36:04,329 - INFO - Epoch 62: val_loss=1.0570, val_acc=33.33%
2025-02-04 11:36:04,332 - INFO - Epoch 62: EPOCH_AVG_TRAIN_LOSS=1.0772
2025-02-04 11:36:04,335 - INFO - ####################Training epoch 63####################
2025-02-04 11:36:04,535 - INFO - Epoch 63: train_loss=1.0770
2025-02-04 11:36:04,770 - INFO - Epoch 63: val_loss=1.0571, val_acc=33.33%
2025-02-04 11:36:04,774 - INFO - Epoch 63: EPOCH_AVG_TRAIN_LOSS=1.0770
2025-02-04 11:36:04,776 - INFO - ####################Training epoch 64####################
2025-02-04 11:36:04,978 - INFO - Epoch 64: train_loss=1.0767
2025-02-04 11:36:05,216 - INFO - Epoch 64: val_loss=1.0571, val_acc=33.33%
2025-02-04 11:36:05,219 - INFO - Epoch 64: EPOCH_AVG_TRAIN_LOSS=1.0767
2025-02-04 11:36:05,222 - INFO - ####################Training epoch 65####################
2025-02-04 11:36:05,421 - INFO - Epoch 65: train_loss=1.0766
2025-02-04 11:36:05,656 - INFO - Epoch 65: val_loss=1.0572, val_acc=33.33%
2025-02-04 11:36:05,659 - INFO - Epoch 65: EPOCH_AVG_TRAIN_LOSS=1.0766
2025-02-04 11:36:05,661 - INFO - ####################Training epoch 66####################
2025-02-04 11:36:05,861 - INFO - Epoch 66: train_loss=1.0772
2025-02-04 11:36:06,098 - INFO - Epoch 66: val_loss=1.0572, val_acc=33.33%
2025-02-04 11:36:06,102 - INFO - Epoch 66: EPOCH_AVG_TRAIN_LOSS=1.0772
2025-02-04 11:36:06,104 - INFO - ####################Training epoch 67####################
2025-02-04 11:36:06,303 - INFO - Epoch 67: train_loss=1.0769
2025-02-04 11:36:06,540 - INFO - Epoch 67: val_loss=1.0572, val_acc=33.33%
2025-02-04 11:36:06,543 - INFO - Epoch 67: EPOCH_AVG_TRAIN_LOSS=1.0769
2025-02-04 11:36:06,546 - INFO - ####################Training epoch 68####################
2025-02-04 11:36:06,744 - INFO - Epoch 68: train_loss=1.0773
2025-02-04 11:36:06,978 - INFO - Epoch 68: val_loss=1.0572, val_acc=33.33%
2025-02-04 11:36:06,982 - INFO - Epoch 68: EPOCH_AVG_TRAIN_LOSS=1.0773
2025-02-04 11:36:06,984 - INFO - ####################Training epoch 69####################
2025-02-04 11:36:07,185 - INFO - Epoch 69: train_loss=1.0769
2025-02-04 11:36:07,421 - INFO - Epoch 69: val_loss=1.0572, val_acc=33.33%
2025-02-04 11:36:07,425 - INFO - Epoch 69: EPOCH_AVG_TRAIN_LOSS=1.0769
2025-02-04 11:36:07,427 - INFO - ####################Training epoch 70####################
2025-02-04 11:36:07,628 - INFO - Epoch 70: train_loss=1.0774
2025-02-04 11:36:07,862 - INFO - Epoch 70: val_loss=1.0573, val_acc=33.33%
2025-02-04 11:36:07,866 - INFO - Epoch 70: EPOCH_AVG_TRAIN_LOSS=1.0774
2025-02-04 11:36:07,868 - INFO - ####################Training epoch 71####################
2025-02-04 11:36:08,067 - INFO - Epoch 71: train_loss=1.0770
2025-02-04 11:36:08,304 - INFO - Epoch 71: val_loss=1.0573, val_acc=33.33%
2025-02-04 11:36:08,308 - INFO - Epoch 71: EPOCH_AVG_TRAIN_LOSS=1.0770
2025-02-04 11:36:08,310 - INFO - ####################Training epoch 72####################
2025-02-04 11:36:08,511 - INFO - Epoch 72: train_loss=1.0769
2025-02-04 11:36:08,744 - INFO - Epoch 72: val_loss=1.0573, val_acc=33.33%
2025-02-04 11:36:08,748 - INFO - Epoch 72: EPOCH_AVG_TRAIN_LOSS=1.0769
2025-02-04 11:36:08,750 - INFO - ####################Training epoch 73####################
2025-02-04 11:36:08,951 - INFO - Epoch 73: train_loss=1.0773
2025-02-04 11:36:09,186 - INFO - Epoch 73: val_loss=1.0573, val_acc=33.33%
2025-02-04 11:36:09,189 - INFO - Epoch 73: EPOCH_AVG_TRAIN_LOSS=1.0773
2025-02-04 11:36:09,192 - INFO - ####################Training epoch 74####################
2025-02-04 11:36:09,391 - INFO - Epoch 74: train_loss=1.0769
2025-02-04 11:36:09,627 - INFO - Epoch 74: val_loss=1.0573, val_acc=33.33%
2025-02-04 11:36:09,631 - INFO - Epoch 74: EPOCH_AVG_TRAIN_LOSS=1.0769
2025-02-04 11:36:09,633 - INFO - ####################Training epoch 75####################
2025-02-04 11:36:09,834 - INFO - Epoch 75: train_loss=1.0769
2025-02-04 11:36:10,073 - INFO - Epoch 75: val_loss=1.0573, val_acc=33.33%
2025-02-04 11:36:10,077 - INFO - Epoch 75: EPOCH_AVG_TRAIN_LOSS=1.0769
2025-02-04 11:36:10,079 - INFO - ####################Training epoch 76####################
2025-02-04 11:36:10,277 - INFO - Epoch 76: train_loss=1.0772
2025-02-04 11:36:10,515 - INFO - Epoch 76: val_loss=1.0573, val_acc=33.33%
2025-02-04 11:36:10,519 - INFO - Epoch 76: EPOCH_AVG_TRAIN_LOSS=1.0772
2025-02-04 11:36:10,521 - INFO - ####################Training epoch 77####################
2025-02-04 11:36:10,722 - INFO - Epoch 77: train_loss=1.0773
2025-02-04 11:36:10,956 - INFO - Epoch 77: val_loss=1.0573, val_acc=33.33%
2025-02-04 11:36:10,960 - INFO - Epoch 77: EPOCH_AVG_TRAIN_LOSS=1.0773
2025-02-04 11:36:10,962 - INFO - ####################Training epoch 78####################
2025-02-04 11:36:11,164 - INFO - Epoch 78: train_loss=1.0765
2025-02-04 11:36:11,401 - INFO - Epoch 78: val_loss=1.0573, val_acc=33.33%
2025-02-04 11:36:11,405 - INFO - Epoch 78: EPOCH_AVG_TRAIN_LOSS=1.0765
2025-02-04 11:36:11,407 - INFO - ####################Training epoch 79####################
2025-02-04 11:36:11,606 - INFO - Epoch 79: train_loss=1.0773
2025-02-04 11:36:11,842 - INFO - Epoch 79: val_loss=1.0573, val_acc=33.33%
2025-02-04 11:36:11,846 - INFO - Epoch 79: EPOCH_AVG_TRAIN_LOSS=1.0773
2025-02-04 11:36:11,848 - INFO - ####################Training epoch 80####################
2025-02-04 11:36:12,049 - INFO - Epoch 80: train_loss=1.0769
2025-02-04 11:36:12,284 - INFO - Epoch 80: val_loss=1.0573, val_acc=33.33%
2025-02-04 11:36:12,288 - INFO - Epoch 80: EPOCH_AVG_TRAIN_LOSS=1.0769
2025-02-04 11:36:12,290 - INFO - ####################Training epoch 81####################
2025-02-04 11:36:12,492 - INFO - Epoch 81: train_loss=1.0773
2025-02-04 11:36:12,729 - INFO - Epoch 81: val_loss=1.0573, val_acc=33.33%
2025-02-04 11:36:12,732 - INFO - Epoch 81: EPOCH_AVG_TRAIN_LOSS=1.0773
2025-02-04 11:36:12,735 - INFO - ####################Training epoch 82####################
2025-02-04 11:36:12,936 - INFO - Epoch 82: train_loss=1.0772
2025-02-04 11:36:13,170 - INFO - Epoch 82: val_loss=1.0573, val_acc=33.33%
2025-02-04 11:36:13,174 - INFO - Epoch 82: EPOCH_AVG_TRAIN_LOSS=1.0772
2025-02-04 11:36:13,176 - INFO - ####################Training epoch 83####################
2025-02-04 11:36:13,378 - INFO - Epoch 83: train_loss=1.0775
2025-02-04 11:36:13,615 - INFO - Epoch 83: val_loss=1.0574, val_acc=33.33%
2025-02-04 11:36:13,618 - INFO - Epoch 83: EPOCH_AVG_TRAIN_LOSS=1.0775
2025-02-04 11:36:13,621 - INFO - ####################Training epoch 84####################
2025-02-04 11:36:13,822 - INFO - Epoch 84: train_loss=1.0769
2025-02-04 11:36:14,060 - INFO - Epoch 84: val_loss=1.0574, val_acc=33.33%
2025-02-04 11:36:14,064 - INFO - Epoch 84: EPOCH_AVG_TRAIN_LOSS=1.0769
2025-02-04 11:36:14,066 - INFO - ####################Training epoch 85####################
2025-02-04 11:36:14,266 - INFO - Epoch 85: train_loss=1.0769
2025-02-04 11:36:14,501 - INFO - Epoch 85: val_loss=1.0574, val_acc=33.33%
2025-02-04 11:36:14,505 - INFO - Epoch 85: EPOCH_AVG_TRAIN_LOSS=1.0769
2025-02-04 11:36:14,507 - INFO - ####################Training epoch 86####################
2025-02-04 11:36:14,706 - INFO - Epoch 86: train_loss=1.0771
2025-02-04 11:36:14,943 - INFO - Epoch 86: val_loss=1.0574, val_acc=33.33%
2025-02-04 11:36:14,947 - INFO - Epoch 86: EPOCH_AVG_TRAIN_LOSS=1.0771
2025-02-04 11:36:14,949 - INFO - ####################Training epoch 87####################
2025-02-04 11:36:15,149 - INFO - Epoch 87: train_loss=1.0769
2025-02-04 11:36:15,385 - INFO - Epoch 87: val_loss=1.0574, val_acc=33.33%
2025-02-04 11:36:15,389 - INFO - Epoch 87: EPOCH_AVG_TRAIN_LOSS=1.0769
2025-02-04 11:36:15,391 - INFO - ####################Training epoch 88####################
2025-02-04 11:36:15,592 - INFO - Epoch 88: train_loss=1.0770
2025-02-04 11:36:15,829 - INFO - Epoch 88: val_loss=1.0574, val_acc=33.33%
2025-02-04 11:36:15,833 - INFO - Epoch 88: EPOCH_AVG_TRAIN_LOSS=1.0770
2025-02-04 11:36:15,835 - INFO - ####################Training epoch 89####################
2025-02-04 11:36:16,036 - INFO - Epoch 89: train_loss=1.0769
2025-02-04 11:36:16,274 - INFO - Epoch 89: val_loss=1.0574, val_acc=33.33%
2025-02-04 11:36:16,278 - INFO - Epoch 89: EPOCH_AVG_TRAIN_LOSS=1.0769
2025-02-04 11:36:16,280 - INFO - ####################Training epoch 90####################
2025-02-04 11:36:16,478 - INFO - Epoch 90: train_loss=1.0771
2025-02-04 11:36:16,715 - INFO - Epoch 90: val_loss=1.0574, val_acc=33.33%
2025-02-04 11:36:16,718 - INFO - Epoch 90: EPOCH_AVG_TRAIN_LOSS=1.0771
2025-02-04 11:36:16,720 - INFO - ####################Training epoch 91####################
2025-02-04 11:36:16,922 - INFO - Epoch 91: train_loss=1.0771
2025-02-04 11:36:17,158 - INFO - Epoch 91: val_loss=1.0574, val_acc=33.33%
2025-02-04 11:36:17,162 - INFO - Epoch 91: EPOCH_AVG_TRAIN_LOSS=1.0771
2025-02-04 11:36:17,164 - INFO - ####################Training epoch 92####################
2025-02-04 11:36:17,364 - INFO - Epoch 92: train_loss=1.0771
2025-02-04 11:36:17,600 - INFO - Epoch 92: val_loss=1.0574, val_acc=33.33%
2025-02-04 11:36:17,604 - INFO - Epoch 92: EPOCH_AVG_TRAIN_LOSS=1.0771
2025-02-04 11:36:17,606 - INFO - ####################Training epoch 93####################
2025-02-04 11:36:17,805 - INFO - Epoch 93: train_loss=1.0771
2025-02-04 11:36:18,042 - INFO - Epoch 93: val_loss=1.0573, val_acc=33.33%
2025-02-04 11:36:18,046 - INFO - Epoch 93: EPOCH_AVG_TRAIN_LOSS=1.0771
2025-02-04 11:36:18,048 - INFO - ####################Training epoch 94####################
2025-02-04 11:36:18,248 - INFO - Epoch 94: train_loss=1.0773
2025-02-04 11:36:18,484 - INFO - Epoch 94: val_loss=1.0574, val_acc=33.33%
2025-02-04 11:36:18,487 - INFO - Epoch 94: EPOCH_AVG_TRAIN_LOSS=1.0773
2025-02-04 11:36:18,489 - INFO - ####################Training epoch 95####################
2025-02-04 11:36:18,687 - INFO - Epoch 95: train_loss=1.0771
2025-02-04 11:36:18,924 - INFO - Epoch 95: val_loss=1.0574, val_acc=33.33%
2025-02-04 11:36:18,927 - INFO - Epoch 95: EPOCH_AVG_TRAIN_LOSS=1.0771
2025-02-04 11:36:18,930 - INFO - ####################Training epoch 96####################
2025-02-04 11:36:19,129 - INFO - Epoch 96: train_loss=1.0775
2025-02-04 11:36:19,365 - INFO - Epoch 96: val_loss=1.0574, val_acc=33.33%
2025-02-04 11:36:19,369 - INFO - Epoch 96: EPOCH_AVG_TRAIN_LOSS=1.0775
2025-02-04 11:36:19,371 - INFO - ####################Training epoch 97####################
2025-02-04 11:36:19,572 - INFO - Epoch 97: train_loss=1.0770
2025-02-04 11:36:19,806 - INFO - Epoch 97: val_loss=1.0574, val_acc=33.33%
2025-02-04 11:36:19,810 - INFO - Epoch 97: EPOCH_AVG_TRAIN_LOSS=1.0770
2025-02-04 11:36:19,812 - INFO - ####################Training epoch 98####################
2025-02-04 11:36:20,011 - INFO - Epoch 98: train_loss=1.0771
2025-02-04 11:36:20,246 - INFO - Epoch 98: val_loss=1.0574, val_acc=33.33%
2025-02-04 11:36:20,249 - INFO - Epoch 98: EPOCH_AVG_TRAIN_LOSS=1.0771
2025-02-04 11:36:20,252 - INFO - ####################Training epoch 99####################
2025-02-04 11:36:20,449 - INFO - Epoch 99: train_loss=1.0771
2025-02-04 11:36:20,684 - INFO - Epoch 99: val_loss=1.0574, val_acc=33.33%
2025-02-04 11:36:20,688 - INFO - Epoch 99: EPOCH_AVG_TRAIN_LOSS=1.0771
2025-02-04 11:36:20,890 - INFO - Model saved.
