2025-02-04 16:35:09,322 - INFO - Starting training with the following parameters:
2025-02-04 16:35:09,323 - INFO - | Parameter       | Value               |
|-----------------|---------------------|
| attention       | XFormers       |
| d_model         | 128            |
| n_heads         | 8              |
| d_f             | 128            |
| num_layers      | 3              |
| d_input         | 32             |
| num_classes     | 3              |
| dropout         | 0.1            |
| learning_rate   | 0.001          |
| epochs          | 100            |
| batch_size      | 32             |

2025-02-04 16:35:11,858 - INFO - Epoch 0: val_loss=0.7990, val_acc=66.67%
2025-02-04 16:35:12,000 - INFO - ####################Training epoch 0####################
2025-02-04 16:35:12,136 - INFO - Epoch 0: train_loss=1.3488
2025-02-04 16:35:13,813 - INFO - Epoch 0: val_loss=0.9952, val_acc=66.67%
2025-02-04 16:35:13,818 - INFO - Epoch 0: EPOCH_AVG_TRAIN_LOSS=1.3488
2025-02-04 16:35:13,891 - INFO - ####################Training epoch 1####################
2025-02-04 16:35:14,128 - INFO - Epoch 1: train_loss=1.0999
2025-02-04 16:35:14,423 - INFO - Epoch 1: val_loss=1.4923, val_acc=0.00%
2025-02-04 16:35:14,426 - INFO - Epoch 1: EPOCH_AVG_TRAIN_LOSS=1.0999
2025-02-04 16:35:14,465 - INFO - ####################Training epoch 2####################
2025-02-04 16:35:14,701 - INFO - Epoch 2: train_loss=1.1715
2025-02-04 16:35:14,988 - INFO - Epoch 2: val_loss=1.5260, val_acc=0.00%
2025-02-04 16:35:14,991 - INFO - Epoch 2: EPOCH_AVG_TRAIN_LOSS=1.1715
2025-02-04 16:35:15,015 - INFO - ####################Training epoch 3####################
2025-02-04 16:35:15,259 - INFO - Epoch 3: train_loss=1.1763
2025-02-04 16:35:15,545 - INFO - Epoch 3: val_loss=1.3428, val_acc=0.00%
2025-02-04 16:35:15,550 - INFO - Epoch 3: EPOCH_AVG_TRAIN_LOSS=1.1763
2025-02-04 16:35:15,575 - INFO - ####################Training epoch 4####################
2025-02-04 16:35:15,818 - INFO - Epoch 4: train_loss=1.1230
2025-02-04 16:35:16,106 - INFO - Epoch 4: val_loss=1.1150, val_acc=33.33%
2025-02-04 16:35:16,110 - INFO - Epoch 4: EPOCH_AVG_TRAIN_LOSS=1.1230
2025-02-04 16:35:16,136 - INFO - ####################Training epoch 5####################
2025-02-04 16:35:16,377 - INFO - Epoch 5: train_loss=1.0890
2025-02-04 16:35:16,664 - INFO - Epoch 5: val_loss=0.9670, val_acc=100.00%
2025-02-04 16:35:16,668 - INFO - Epoch 5: EPOCH_AVG_TRAIN_LOSS=1.0890
2025-02-04 16:35:16,695 - INFO - ####################Training epoch 6####################
2025-02-04 16:35:16,942 - INFO - Epoch 6: train_loss=1.0946
2025-02-04 16:35:17,234 - INFO - Epoch 6: val_loss=0.9342, val_acc=66.67%
2025-02-04 16:35:17,238 - INFO - Epoch 6: EPOCH_AVG_TRAIN_LOSS=1.0946
2025-02-04 16:35:17,265 - INFO - ####################Training epoch 7####################
2025-02-04 16:35:17,511 - INFO - Epoch 7: train_loss=1.0995
2025-02-04 16:35:17,801 - INFO - Epoch 7: val_loss=0.9679, val_acc=66.67%
2025-02-04 16:35:17,805 - INFO - Epoch 7: EPOCH_AVG_TRAIN_LOSS=1.0995
2025-02-04 16:35:17,837 - INFO - ####################Training epoch 8####################
2025-02-04 16:35:18,085 - INFO - Epoch 8: train_loss=1.0957
2025-02-04 16:35:18,373 - INFO - Epoch 8: val_loss=1.0279, val_acc=66.67%
2025-02-04 16:35:18,376 - INFO - Epoch 8: EPOCH_AVG_TRAIN_LOSS=1.0957
2025-02-04 16:35:18,379 - INFO - ####################Training epoch 9####################
2025-02-04 16:35:18,623 - INFO - Epoch 9: train_loss=1.0812
2025-02-04 16:35:18,913 - INFO - Epoch 9: val_loss=1.0999, val_acc=0.00%
2025-02-04 16:35:18,917 - INFO - Epoch 9: EPOCH_AVG_TRAIN_LOSS=1.0812
2025-02-04 16:35:18,920 - INFO - ####################Training epoch 10####################
2025-02-04 16:35:19,162 - INFO - Epoch 10: train_loss=1.0766
2025-02-04 16:35:19,453 - INFO - Epoch 10: val_loss=1.1549, val_acc=33.33%
2025-02-04 16:35:19,457 - INFO - Epoch 10: EPOCH_AVG_TRAIN_LOSS=1.0766
2025-02-04 16:35:19,460 - INFO - ####################Training epoch 11####################
2025-02-04 16:35:19,701 - INFO - Epoch 11: train_loss=1.0810
2025-02-04 16:35:19,990 - INFO - Epoch 11: val_loss=1.1622, val_acc=33.33%
2025-02-04 16:35:19,993 - INFO - Epoch 11: EPOCH_AVG_TRAIN_LOSS=1.0810
2025-02-04 16:35:19,997 - INFO - ####################Training epoch 12####################
2025-02-04 16:35:20,235 - INFO - Epoch 12: train_loss=1.0799
2025-02-04 16:35:20,522 - INFO - Epoch 12: val_loss=1.1246, val_acc=0.00%
2025-02-04 16:35:20,526 - INFO - Epoch 12: EPOCH_AVG_TRAIN_LOSS=1.0799
2025-02-04 16:35:20,529 - INFO - ####################Training epoch 13####################
2025-02-04 16:35:20,768 - INFO - Epoch 13: train_loss=1.0721
2025-02-04 16:35:21,057 - INFO - Epoch 13: val_loss=1.0960, val_acc=0.00%
2025-02-04 16:35:21,061 - INFO - Epoch 13: EPOCH_AVG_TRAIN_LOSS=1.0721
2025-02-04 16:35:21,064 - INFO - ####################Training epoch 14####################
2025-02-04 16:35:21,304 - INFO - Epoch 14: train_loss=1.0675
2025-02-04 16:35:21,589 - INFO - Epoch 14: val_loss=1.0615, val_acc=33.33%
2025-02-04 16:35:21,593 - INFO - Epoch 14: EPOCH_AVG_TRAIN_LOSS=1.0675
2025-02-04 16:35:21,596 - INFO - ####################Training epoch 15####################
2025-02-04 16:35:21,837 - INFO - Epoch 15: train_loss=1.0646
2025-02-04 16:35:22,122 - INFO - Epoch 15: val_loss=1.0287, val_acc=66.67%
2025-02-04 16:35:22,125 - INFO - Epoch 15: EPOCH_AVG_TRAIN_LOSS=1.0646
2025-02-04 16:35:22,128 - INFO - ####################Training epoch 16####################
2025-02-04 16:35:22,367 - INFO - Epoch 16: train_loss=1.0630
2025-02-04 16:35:22,656 - INFO - Epoch 16: val_loss=1.0029, val_acc=66.67%
2025-02-04 16:35:22,659 - INFO - Epoch 16: EPOCH_AVG_TRAIN_LOSS=1.0630
2025-02-04 16:35:22,662 - INFO - ####################Training epoch 17####################
2025-02-04 16:35:22,900 - INFO - Epoch 17: train_loss=1.0622
2025-02-04 16:35:23,188 - INFO - Epoch 17: val_loss=0.9887, val_acc=66.67%
2025-02-04 16:35:23,192 - INFO - Epoch 17: EPOCH_AVG_TRAIN_LOSS=1.0622
2025-02-04 16:35:23,195 - INFO - ####################Training epoch 18####################
2025-02-04 16:35:23,438 - INFO - Epoch 18: train_loss=1.0604
2025-02-04 16:35:23,723 - INFO - Epoch 18: val_loss=0.9872, val_acc=66.67%
2025-02-04 16:35:23,727 - INFO - Epoch 18: EPOCH_AVG_TRAIN_LOSS=1.0604
2025-02-04 16:35:23,730 - INFO - ####################Training epoch 19####################
2025-02-04 16:35:23,969 - INFO - Epoch 19: train_loss=1.0569
2025-02-04 16:35:24,256 - INFO - Epoch 19: val_loss=0.9927, val_acc=66.67%
2025-02-04 16:35:24,260 - INFO - Epoch 19: EPOCH_AVG_TRAIN_LOSS=1.0569
2025-02-04 16:35:24,263 - INFO - ####################Training epoch 20####################
2025-02-04 16:35:24,502 - INFO - Epoch 20: train_loss=1.0547
2025-02-04 16:35:24,790 - INFO - Epoch 20: val_loss=1.0031, val_acc=66.67%
2025-02-04 16:35:24,794 - INFO - Epoch 20: EPOCH_AVG_TRAIN_LOSS=1.0547
2025-02-04 16:35:24,797 - INFO - ####################Training epoch 21####################
2025-02-04 16:35:25,040 - INFO - Epoch 21: train_loss=1.0511
2025-02-04 16:35:25,326 - INFO - Epoch 21: val_loss=1.0173, val_acc=66.67%
2025-02-04 16:35:25,330 - INFO - Epoch 21: EPOCH_AVG_TRAIN_LOSS=1.0511
2025-02-04 16:35:25,334 - INFO - ####################Training epoch 22####################
2025-02-04 16:35:25,578 - INFO - Epoch 22: train_loss=1.0490
2025-02-04 16:35:25,868 - INFO - Epoch 22: val_loss=1.0327, val_acc=33.33%
2025-02-04 16:35:25,872 - INFO - Epoch 22: EPOCH_AVG_TRAIN_LOSS=1.0490
2025-02-04 16:35:25,875 - INFO - ####################Training epoch 23####################
2025-02-04 16:35:26,116 - INFO - Epoch 23: train_loss=1.0477
2025-02-04 16:35:26,405 - INFO - Epoch 23: val_loss=1.0490, val_acc=33.33%
2025-02-04 16:35:26,409 - INFO - Epoch 23: EPOCH_AVG_TRAIN_LOSS=1.0477
2025-02-04 16:35:26,412 - INFO - ####################Training epoch 24####################
2025-02-04 16:35:26,654 - INFO - Epoch 24: train_loss=1.0443
2025-02-04 16:35:26,946 - INFO - Epoch 24: val_loss=1.0627, val_acc=66.67%
2025-02-04 16:35:26,949 - INFO - Epoch 24: EPOCH_AVG_TRAIN_LOSS=1.0443
2025-02-04 16:35:26,953 - INFO - ####################Training epoch 25####################
2025-02-04 16:35:27,195 - INFO - Epoch 25: train_loss=1.0422
2025-02-04 16:35:27,486 - INFO - Epoch 25: val_loss=1.0676, val_acc=66.67%
2025-02-04 16:35:27,489 - INFO - Epoch 25: EPOCH_AVG_TRAIN_LOSS=1.0422
2025-02-04 16:35:27,493 - INFO - ####################Training epoch 26####################
2025-02-04 16:35:27,736 - INFO - Epoch 26: train_loss=1.0419
2025-02-04 16:35:28,029 - INFO - Epoch 26: val_loss=1.0702, val_acc=66.67%
2025-02-04 16:35:28,033 - INFO - Epoch 26: EPOCH_AVG_TRAIN_LOSS=1.0419
2025-02-04 16:35:28,036 - INFO - ####################Training epoch 27####################
2025-02-04 16:35:28,279 - INFO - Epoch 27: train_loss=1.0410
2025-02-04 16:35:28,565 - INFO - Epoch 27: val_loss=1.0706, val_acc=66.67%
2025-02-04 16:35:28,569 - INFO - Epoch 27: EPOCH_AVG_TRAIN_LOSS=1.0410
2025-02-04 16:35:28,572 - INFO - ####################Training epoch 28####################
2025-02-04 16:35:28,814 - INFO - Epoch 28: train_loss=1.0385
2025-02-04 16:35:29,102 - INFO - Epoch 28: val_loss=1.0690, val_acc=66.67%
2025-02-04 16:35:29,105 - INFO - Epoch 28: EPOCH_AVG_TRAIN_LOSS=1.0385
2025-02-04 16:35:29,109 - INFO - ####################Training epoch 29####################
2025-02-04 16:35:29,351 - INFO - Epoch 29: train_loss=1.0376
2025-02-04 16:35:29,640 - INFO - Epoch 29: val_loss=1.0660, val_acc=66.67%
2025-02-04 16:35:29,644 - INFO - Epoch 29: EPOCH_AVG_TRAIN_LOSS=1.0376
2025-02-04 16:35:29,647 - INFO - ####################Training epoch 30####################
2025-02-04 16:35:29,890 - INFO - Epoch 30: train_loss=1.0355
2025-02-04 16:35:30,179 - INFO - Epoch 30: val_loss=1.0626, val_acc=66.67%
2025-02-04 16:35:30,183 - INFO - Epoch 30: EPOCH_AVG_TRAIN_LOSS=1.0355
2025-02-04 16:35:30,186 - INFO - ####################Training epoch 31####################
2025-02-04 16:35:30,429 - INFO - Epoch 31: train_loss=1.0330
2025-02-04 16:35:30,715 - INFO - Epoch 31: val_loss=1.0636, val_acc=66.67%
2025-02-04 16:35:30,718 - INFO - Epoch 31: EPOCH_AVG_TRAIN_LOSS=1.0330
2025-02-04 16:35:30,721 - INFO - ####################Training epoch 32####################
2025-02-04 16:35:30,962 - INFO - Epoch 32: train_loss=1.0319
2025-02-04 16:35:31,253 - INFO - Epoch 32: val_loss=1.0608, val_acc=66.67%
2025-02-04 16:35:31,257 - INFO - Epoch 32: EPOCH_AVG_TRAIN_LOSS=1.0319
2025-02-04 16:35:31,260 - INFO - ####################Training epoch 33####################
2025-02-04 16:35:31,504 - INFO - Epoch 33: train_loss=1.0321
2025-02-04 16:35:31,791 - INFO - Epoch 33: val_loss=1.0577, val_acc=66.67%
2025-02-04 16:35:31,795 - INFO - Epoch 33: EPOCH_AVG_TRAIN_LOSS=1.0321
2025-02-04 16:35:31,798 - INFO - ####################Training epoch 34####################
2025-02-04 16:35:32,038 - INFO - Epoch 34: train_loss=1.0325
2025-02-04 16:35:32,324 - INFO - Epoch 34: val_loss=1.0544, val_acc=66.67%
2025-02-04 16:35:32,327 - INFO - Epoch 34: EPOCH_AVG_TRAIN_LOSS=1.0325
2025-02-04 16:35:32,330 - INFO - ####################Training epoch 35####################
2025-02-04 16:35:32,571 - INFO - Epoch 35: train_loss=1.0303
2025-02-04 16:35:32,857 - INFO - Epoch 35: val_loss=1.0510, val_acc=66.67%
2025-02-04 16:35:32,860 - INFO - Epoch 35: EPOCH_AVG_TRAIN_LOSS=1.0303
2025-02-04 16:35:32,864 - INFO - ####################Training epoch 36####################
2025-02-04 16:35:33,102 - INFO - Epoch 36: train_loss=1.0297
2025-02-04 16:35:33,391 - INFO - Epoch 36: val_loss=1.0476, val_acc=66.67%
2025-02-04 16:35:33,395 - INFO - Epoch 36: EPOCH_AVG_TRAIN_LOSS=1.0297
2025-02-04 16:35:33,398 - INFO - ####################Training epoch 37####################
2025-02-04 16:35:33,639 - INFO - Epoch 37: train_loss=1.0290
2025-02-04 16:35:33,927 - INFO - Epoch 37: val_loss=1.0460, val_acc=66.67%
2025-02-04 16:35:33,931 - INFO - Epoch 37: EPOCH_AVG_TRAIN_LOSS=1.0290
2025-02-04 16:35:33,934 - INFO - ####################Training epoch 38####################
2025-02-04 16:35:34,177 - INFO - Epoch 38: train_loss=1.0286
2025-02-04 16:35:34,463 - INFO - Epoch 38: val_loss=1.0446, val_acc=66.67%
2025-02-04 16:35:34,466 - INFO - Epoch 38: EPOCH_AVG_TRAIN_LOSS=1.0286
2025-02-04 16:35:34,470 - INFO - ####################Training epoch 39####################
2025-02-04 16:35:34,711 - INFO - Epoch 39: train_loss=1.0276
2025-02-04 16:35:34,999 - INFO - Epoch 39: val_loss=1.0433, val_acc=66.67%
2025-02-04 16:35:35,003 - INFO - Epoch 39: EPOCH_AVG_TRAIN_LOSS=1.0276
2025-02-04 16:35:35,006 - INFO - ####################Training epoch 40####################
2025-02-04 16:35:35,247 - INFO - Epoch 40: train_loss=1.0268
2025-02-04 16:35:35,532 - INFO - Epoch 40: val_loss=1.0421, val_acc=33.33%
2025-02-04 16:35:35,536 - INFO - Epoch 40: EPOCH_AVG_TRAIN_LOSS=1.0268
2025-02-04 16:35:35,539 - INFO - ####################Training epoch 41####################
2025-02-04 16:35:35,779 - INFO - Epoch 41: train_loss=1.0262
2025-02-04 16:35:36,067 - INFO - Epoch 41: val_loss=1.0411, val_acc=33.33%
2025-02-04 16:35:36,071 - INFO - Epoch 41: EPOCH_AVG_TRAIN_LOSS=1.0262
2025-02-04 16:35:36,074 - INFO - ####################Training epoch 42####################
2025-02-04 16:35:36,315 - INFO - Epoch 42: train_loss=1.0275
2025-02-04 16:35:36,602 - INFO - Epoch 42: val_loss=1.0401, val_acc=33.33%
2025-02-04 16:35:36,605 - INFO - Epoch 42: EPOCH_AVG_TRAIN_LOSS=1.0275
2025-02-04 16:35:36,609 - INFO - ####################Training epoch 43####################
2025-02-04 16:35:36,851 - INFO - Epoch 43: train_loss=1.0264
2025-02-04 16:35:37,138 - INFO - Epoch 43: val_loss=1.0397, val_acc=33.33%
2025-02-04 16:35:37,141 - INFO - Epoch 43: EPOCH_AVG_TRAIN_LOSS=1.0264
2025-02-04 16:35:37,145 - INFO - ####################Training epoch 44####################
2025-02-04 16:35:37,386 - INFO - Epoch 44: train_loss=1.0247
2025-02-04 16:35:37,674 - INFO - Epoch 44: val_loss=1.0394, val_acc=33.33%
2025-02-04 16:35:37,678 - INFO - Epoch 44: EPOCH_AVG_TRAIN_LOSS=1.0247
2025-02-04 16:35:37,681 - INFO - ####################Training epoch 45####################
2025-02-04 16:35:37,922 - INFO - Epoch 45: train_loss=1.0251
2025-02-04 16:35:38,212 - INFO - Epoch 45: val_loss=1.0391, val_acc=33.33%
2025-02-04 16:35:38,215 - INFO - Epoch 45: EPOCH_AVG_TRAIN_LOSS=1.0251
2025-02-04 16:35:38,219 - INFO - ####################Training epoch 46####################
2025-02-04 16:35:38,463 - INFO - Epoch 46: train_loss=1.0245
2025-02-04 16:35:38,753 - INFO - Epoch 46: val_loss=1.0389, val_acc=33.33%
2025-02-04 16:35:38,757 - INFO - Epoch 46: EPOCH_AVG_TRAIN_LOSS=1.0245
2025-02-04 16:35:38,760 - INFO - ####################Training epoch 47####################
2025-02-04 16:35:39,002 - INFO - Epoch 47: train_loss=1.0247
2025-02-04 16:35:39,297 - INFO - Epoch 47: val_loss=1.0387, val_acc=33.33%
2025-02-04 16:35:39,301 - INFO - Epoch 47: EPOCH_AVG_TRAIN_LOSS=1.0247
2025-02-04 16:35:39,304 - INFO - ####################Training epoch 48####################
2025-02-04 16:35:39,549 - INFO - Epoch 48: train_loss=1.0251
2025-02-04 16:35:39,837 - INFO - Epoch 48: val_loss=1.0386, val_acc=33.33%
2025-02-04 16:35:39,841 - INFO - Epoch 48: EPOCH_AVG_TRAIN_LOSS=1.0251
2025-02-04 16:35:39,844 - INFO - ####################Training epoch 49####################
2025-02-04 16:35:40,086 - INFO - Epoch 49: train_loss=1.0242
2025-02-04 16:35:40,370 - INFO - Epoch 49: val_loss=1.0385, val_acc=33.33%
2025-02-04 16:35:40,373 - INFO - Epoch 49: EPOCH_AVG_TRAIN_LOSS=1.0242
2025-02-04 16:35:40,377 - INFO - ####################Training epoch 50####################
2025-02-04 16:35:40,621 - INFO - Epoch 50: train_loss=1.0244
2025-02-04 16:35:40,908 - INFO - Epoch 50: val_loss=1.0385, val_acc=33.33%
2025-02-04 16:35:40,912 - INFO - Epoch 50: EPOCH_AVG_TRAIN_LOSS=1.0244
2025-02-04 16:35:40,915 - INFO - ####################Training epoch 51####################
2025-02-04 16:35:41,156 - INFO - Epoch 51: train_loss=1.0236
2025-02-04 16:35:41,445 - INFO - Epoch 51: val_loss=1.0385, val_acc=33.33%
2025-02-04 16:35:41,448 - INFO - Epoch 51: EPOCH_AVG_TRAIN_LOSS=1.0236
2025-02-04 16:35:41,452 - INFO - ####################Training epoch 52####################
2025-02-04 16:35:41,694 - INFO - Epoch 52: train_loss=1.0235
2025-02-04 16:35:41,981 - INFO - Epoch 52: val_loss=1.0384, val_acc=33.33%
2025-02-04 16:35:41,985 - INFO - Epoch 52: EPOCH_AVG_TRAIN_LOSS=1.0235
2025-02-04 16:35:41,988 - INFO - ####################Training epoch 53####################
2025-02-04 16:35:42,228 - INFO - Epoch 53: train_loss=1.0243
2025-02-04 16:35:42,518 - INFO - Epoch 53: val_loss=1.0385, val_acc=33.33%
2025-02-04 16:35:42,522 - INFO - Epoch 53: EPOCH_AVG_TRAIN_LOSS=1.0243
2025-02-04 16:35:42,525 - INFO - ####################Training epoch 54####################
2025-02-04 16:35:42,764 - INFO - Epoch 54: train_loss=1.0243
2025-02-04 16:35:43,056 - INFO - Epoch 54: val_loss=1.0385, val_acc=33.33%
2025-02-04 16:35:43,059 - INFO - Epoch 54: EPOCH_AVG_TRAIN_LOSS=1.0243
2025-02-04 16:35:43,062 - INFO - ####################Training epoch 55####################
2025-02-04 16:35:43,301 - INFO - Epoch 55: train_loss=1.0236
2025-02-04 16:35:43,588 - INFO - Epoch 55: val_loss=1.0385, val_acc=33.33%
2025-02-04 16:35:43,592 - INFO - Epoch 55: EPOCH_AVG_TRAIN_LOSS=1.0236
2025-02-04 16:35:43,595 - INFO - ####################Training epoch 56####################
2025-02-04 16:35:43,835 - INFO - Epoch 56: train_loss=1.0242
2025-02-04 16:35:44,124 - INFO - Epoch 56: val_loss=1.0385, val_acc=33.33%
2025-02-04 16:35:44,128 - INFO - Epoch 56: EPOCH_AVG_TRAIN_LOSS=1.0242
2025-02-04 16:35:44,132 - INFO - ####################Training epoch 57####################
2025-02-04 16:35:44,374 - INFO - Epoch 57: train_loss=1.0232
2025-02-04 16:35:44,658 - INFO - Epoch 57: val_loss=1.0385, val_acc=33.33%
2025-02-04 16:35:44,661 - INFO - Epoch 57: EPOCH_AVG_TRAIN_LOSS=1.0232
2025-02-04 16:35:44,665 - INFO - ####################Training epoch 58####################
2025-02-04 16:35:44,908 - INFO - Epoch 58: train_loss=1.0230
2025-02-04 16:35:45,196 - INFO - Epoch 58: val_loss=1.0385, val_acc=33.33%
2025-02-04 16:35:45,200 - INFO - Epoch 58: EPOCH_AVG_TRAIN_LOSS=1.0230
2025-02-04 16:35:45,203 - INFO - ####################Training epoch 59####################
2025-02-04 16:35:45,444 - INFO - Epoch 59: train_loss=1.0238
2025-02-04 16:35:45,731 - INFO - Epoch 59: val_loss=1.0386, val_acc=33.33%
2025-02-04 16:35:45,734 - INFO - Epoch 59: EPOCH_AVG_TRAIN_LOSS=1.0238
2025-02-04 16:35:45,737 - INFO - ####################Training epoch 60####################
2025-02-04 16:35:45,977 - INFO - Epoch 60: train_loss=1.0227
2025-02-04 16:35:46,266 - INFO - Epoch 60: val_loss=1.0386, val_acc=33.33%
2025-02-04 16:35:46,270 - INFO - Epoch 60: EPOCH_AVG_TRAIN_LOSS=1.0227
2025-02-04 16:35:46,273 - INFO - ####################Training epoch 61####################
2025-02-04 16:35:46,513 - INFO - Epoch 61: train_loss=1.0232
2025-02-04 16:35:46,801 - INFO - Epoch 61: val_loss=1.0386, val_acc=33.33%
2025-02-04 16:35:46,805 - INFO - Epoch 61: EPOCH_AVG_TRAIN_LOSS=1.0232
2025-02-04 16:35:46,808 - INFO - ####################Training epoch 62####################
2025-02-04 16:35:47,047 - INFO - Epoch 62: train_loss=1.0234
2025-02-04 16:35:47,335 - INFO - Epoch 62: val_loss=1.0386, val_acc=33.33%
2025-02-04 16:35:47,339 - INFO - Epoch 62: EPOCH_AVG_TRAIN_LOSS=1.0234
2025-02-04 16:35:47,342 - INFO - ####################Training epoch 63####################
2025-02-04 16:35:47,585 - INFO - Epoch 63: train_loss=1.0227
2025-02-04 16:35:47,870 - INFO - Epoch 63: val_loss=1.0386, val_acc=33.33%
2025-02-04 16:35:47,874 - INFO - Epoch 63: EPOCH_AVG_TRAIN_LOSS=1.0227
2025-02-04 16:35:47,877 - INFO - ####################Training epoch 64####################
2025-02-04 16:35:48,116 - INFO - Epoch 64: train_loss=1.0229
2025-02-04 16:35:48,403 - INFO - Epoch 64: val_loss=1.0386, val_acc=33.33%
2025-02-04 16:35:48,406 - INFO - Epoch 64: EPOCH_AVG_TRAIN_LOSS=1.0229
2025-02-04 16:35:48,409 - INFO - ####################Training epoch 65####################
2025-02-04 16:35:48,653 - INFO - Epoch 65: train_loss=1.0226
2025-02-04 16:35:48,946 - INFO - Epoch 65: val_loss=1.0386, val_acc=33.33%
2025-02-04 16:35:48,949 - INFO - Epoch 65: EPOCH_AVG_TRAIN_LOSS=1.0226
2025-02-04 16:35:48,952 - INFO - ####################Training epoch 66####################
2025-02-04 16:35:49,191 - INFO - Epoch 66: train_loss=1.0230
2025-02-04 16:35:49,483 - INFO - Epoch 66: val_loss=1.0386, val_acc=33.33%
2025-02-04 16:35:49,487 - INFO - Epoch 66: EPOCH_AVG_TRAIN_LOSS=1.0230
2025-02-04 16:35:49,490 - INFO - ####################Training epoch 67####################
2025-02-04 16:35:49,730 - INFO - Epoch 67: train_loss=1.0225
2025-02-04 16:35:50,020 - INFO - Epoch 67: val_loss=1.0386, val_acc=33.33%
2025-02-04 16:35:50,024 - INFO - Epoch 67: EPOCH_AVG_TRAIN_LOSS=1.0225
2025-02-04 16:35:50,027 - INFO - ####################Training epoch 68####################
2025-02-04 16:35:50,265 - INFO - Epoch 68: train_loss=1.0231
2025-02-04 16:35:50,553 - INFO - Epoch 68: val_loss=1.0386, val_acc=33.33%
2025-02-04 16:35:50,557 - INFO - Epoch 68: EPOCH_AVG_TRAIN_LOSS=1.0231
2025-02-04 16:35:50,560 - INFO - ####################Training epoch 69####################
2025-02-04 16:35:50,800 - INFO - Epoch 69: train_loss=1.0223
2025-02-04 16:35:51,090 - INFO - Epoch 69: val_loss=1.0386, val_acc=33.33%
2025-02-04 16:35:51,094 - INFO - Epoch 69: EPOCH_AVG_TRAIN_LOSS=1.0223
2025-02-04 16:35:51,097 - INFO - ####################Training epoch 70####################
2025-02-04 16:35:51,341 - INFO - Epoch 70: train_loss=1.0219
2025-02-04 16:35:51,626 - INFO - Epoch 70: val_loss=1.0386, val_acc=33.33%
2025-02-04 16:35:51,629 - INFO - Epoch 70: EPOCH_AVG_TRAIN_LOSS=1.0219
2025-02-04 16:35:51,632 - INFO - ####################Training epoch 71####################
2025-02-04 16:35:51,872 - INFO - Epoch 71: train_loss=1.0225
2025-02-04 16:35:52,161 - INFO - Epoch 71: val_loss=1.0387, val_acc=33.33%
2025-02-04 16:35:52,165 - INFO - Epoch 71: EPOCH_AVG_TRAIN_LOSS=1.0225
2025-02-04 16:35:52,168 - INFO - ####################Training epoch 72####################
2025-02-04 16:35:52,410 - INFO - Epoch 72: train_loss=1.0219
2025-02-04 16:35:52,694 - INFO - Epoch 72: val_loss=1.0387, val_acc=33.33%
2025-02-04 16:35:52,698 - INFO - Epoch 72: EPOCH_AVG_TRAIN_LOSS=1.0219
2025-02-04 16:35:52,701 - INFO - ####################Training epoch 73####################
2025-02-04 16:35:52,942 - INFO - Epoch 73: train_loss=1.0224
2025-02-04 16:35:53,230 - INFO - Epoch 73: val_loss=1.0387, val_acc=33.33%
2025-02-04 16:35:53,233 - INFO - Epoch 73: EPOCH_AVG_TRAIN_LOSS=1.0224
2025-02-04 16:35:53,236 - INFO - ####################Training epoch 74####################
2025-02-04 16:35:53,478 - INFO - Epoch 74: train_loss=1.0229
2025-02-04 16:35:53,764 - INFO - Epoch 74: val_loss=1.0387, val_acc=33.33%
2025-02-04 16:35:53,768 - INFO - Epoch 74: EPOCH_AVG_TRAIN_LOSS=1.0229
2025-02-04 16:35:53,771 - INFO - ####################Training epoch 75####################
2025-02-04 16:35:54,014 - INFO - Epoch 75: train_loss=1.0221
2025-02-04 16:35:54,300 - INFO - Epoch 75: val_loss=1.0387, val_acc=33.33%
2025-02-04 16:35:54,304 - INFO - Epoch 75: EPOCH_AVG_TRAIN_LOSS=1.0221
2025-02-04 16:35:54,307 - INFO - ####################Training epoch 76####################
2025-02-04 16:35:54,546 - INFO - Epoch 76: train_loss=1.0229
2025-02-04 16:35:54,828 - INFO - Epoch 76: val_loss=1.0387, val_acc=33.33%
2025-02-04 16:35:54,832 - INFO - Epoch 76: EPOCH_AVG_TRAIN_LOSS=1.0229
2025-02-04 16:35:54,835 - INFO - ####################Training epoch 77####################
2025-02-04 16:35:55,080 - INFO - Epoch 77: train_loss=1.0230
2025-02-04 16:35:55,362 - INFO - Epoch 77: val_loss=1.0387, val_acc=33.33%
2025-02-04 16:35:55,365 - INFO - Epoch 77: EPOCH_AVG_TRAIN_LOSS=1.0230
2025-02-04 16:35:55,368 - INFO - ####################Training epoch 78####################
2025-02-04 16:35:55,610 - INFO - Epoch 78: train_loss=1.0224
2025-02-04 16:35:55,900 - INFO - Epoch 78: val_loss=1.0387, val_acc=33.33%
2025-02-04 16:35:55,904 - INFO - Epoch 78: EPOCH_AVG_TRAIN_LOSS=1.0224
2025-02-04 16:35:55,907 - INFO - ####################Training epoch 79####################
2025-02-04 16:35:56,144 - INFO - Epoch 79: train_loss=1.0227
2025-02-04 16:35:56,434 - INFO - Epoch 79: val_loss=1.0387, val_acc=33.33%
2025-02-04 16:35:56,437 - INFO - Epoch 79: EPOCH_AVG_TRAIN_LOSS=1.0227
2025-02-04 16:35:56,441 - INFO - ####################Training epoch 80####################
2025-02-04 16:35:56,681 - INFO - Epoch 80: train_loss=1.0225
2025-02-04 16:35:56,971 - INFO - Epoch 80: val_loss=1.0387, val_acc=33.33%
2025-02-04 16:35:56,975 - INFO - Epoch 80: EPOCH_AVG_TRAIN_LOSS=1.0225
2025-02-04 16:35:56,978 - INFO - ####################Training epoch 81####################
2025-02-04 16:35:57,220 - INFO - Epoch 81: train_loss=1.0232
2025-02-04 16:35:57,508 - INFO - Epoch 81: val_loss=1.0387, val_acc=33.33%
2025-02-04 16:35:57,511 - INFO - Epoch 81: EPOCH_AVG_TRAIN_LOSS=1.0232
2025-02-04 16:35:57,515 - INFO - ####################Training epoch 82####################
2025-02-04 16:35:57,753 - INFO - Epoch 82: train_loss=1.0223
2025-02-04 16:35:58,042 - INFO - Epoch 82: val_loss=1.0387, val_acc=33.33%
2025-02-04 16:35:58,046 - INFO - Epoch 82: EPOCH_AVG_TRAIN_LOSS=1.0223
2025-02-04 16:35:58,049 - INFO - ####################Training epoch 83####################
2025-02-04 16:35:58,289 - INFO - Epoch 83: train_loss=1.0229
2025-02-04 16:35:58,579 - INFO - Epoch 83: val_loss=1.0387, val_acc=33.33%
2025-02-04 16:35:58,583 - INFO - Epoch 83: EPOCH_AVG_TRAIN_LOSS=1.0229
2025-02-04 16:35:58,586 - INFO - ####################Training epoch 84####################
2025-02-04 16:35:58,827 - INFO - Epoch 84: train_loss=1.0229
2025-02-04 16:35:59,112 - INFO - Epoch 84: val_loss=1.0387, val_acc=33.33%
2025-02-04 16:35:59,116 - INFO - Epoch 84: EPOCH_AVG_TRAIN_LOSS=1.0229
2025-02-04 16:35:59,119 - INFO - ####################Training epoch 85####################
2025-02-04 16:35:59,362 - INFO - Epoch 85: train_loss=1.0225
2025-02-04 16:35:59,651 - INFO - Epoch 85: val_loss=1.0387, val_acc=33.33%
2025-02-04 16:35:59,655 - INFO - Epoch 85: EPOCH_AVG_TRAIN_LOSS=1.0225
2025-02-04 16:35:59,658 - INFO - ####################Training epoch 86####################
2025-02-04 16:35:59,899 - INFO - Epoch 86: train_loss=1.0227
2025-02-04 16:36:00,190 - INFO - Epoch 86: val_loss=1.0387, val_acc=33.33%
2025-02-04 16:36:00,194 - INFO - Epoch 86: EPOCH_AVG_TRAIN_LOSS=1.0227
2025-02-04 16:36:00,197 - INFO - ####################Training epoch 87####################
2025-02-04 16:36:00,441 - INFO - Epoch 87: train_loss=1.0225
2025-02-04 16:36:00,726 - INFO - Epoch 87: val_loss=1.0387, val_acc=33.33%
2025-02-04 16:36:00,729 - INFO - Epoch 87: EPOCH_AVG_TRAIN_LOSS=1.0225
2025-02-04 16:36:00,733 - INFO - ####################Training epoch 88####################
2025-02-04 16:36:00,975 - INFO - Epoch 88: train_loss=1.0224
2025-02-04 16:36:01,262 - INFO - Epoch 88: val_loss=1.0387, val_acc=33.33%
2025-02-04 16:36:01,266 - INFO - Epoch 88: EPOCH_AVG_TRAIN_LOSS=1.0224
2025-02-04 16:36:01,269 - INFO - ####################Training epoch 89####################
2025-02-04 16:36:01,507 - INFO - Epoch 89: train_loss=1.0217
2025-02-04 16:36:01,797 - INFO - Epoch 89: val_loss=1.0387, val_acc=33.33%
2025-02-04 16:36:01,801 - INFO - Epoch 89: EPOCH_AVG_TRAIN_LOSS=1.0217
2025-02-04 16:36:01,804 - INFO - ####################Training epoch 90####################
2025-02-04 16:36:02,044 - INFO - Epoch 90: train_loss=1.0228
2025-02-04 16:36:02,337 - INFO - Epoch 90: val_loss=1.0387, val_acc=33.33%
2025-02-04 16:36:02,341 - INFO - Epoch 90: EPOCH_AVG_TRAIN_LOSS=1.0228
2025-02-04 16:36:02,345 - INFO - ####################Training epoch 91####################
2025-02-04 16:36:02,591 - INFO - Epoch 91: train_loss=1.0228
2025-02-04 16:36:02,877 - INFO - Epoch 91: val_loss=1.0387, val_acc=33.33%
2025-02-04 16:36:02,881 - INFO - Epoch 91: EPOCH_AVG_TRAIN_LOSS=1.0228
2025-02-04 16:36:02,884 - INFO - ####################Training epoch 92####################
2025-02-04 16:36:03,123 - INFO - Epoch 92: train_loss=1.0222
2025-02-04 16:36:03,411 - INFO - Epoch 92: val_loss=1.0387, val_acc=33.33%
2025-02-04 16:36:03,414 - INFO - Epoch 92: EPOCH_AVG_TRAIN_LOSS=1.0222
2025-02-04 16:36:03,418 - INFO - ####################Training epoch 93####################
2025-02-04 16:36:03,658 - INFO - Epoch 93: train_loss=1.0228
2025-02-04 16:36:03,947 - INFO - Epoch 93: val_loss=1.0387, val_acc=33.33%
2025-02-04 16:36:03,951 - INFO - Epoch 93: EPOCH_AVG_TRAIN_LOSS=1.0228
2025-02-04 16:36:03,954 - INFO - ####################Training epoch 94####################
2025-02-04 16:36:04,191 - INFO - Epoch 94: train_loss=1.0219
2025-02-04 16:36:04,477 - INFO - Epoch 94: val_loss=1.0387, val_acc=33.33%
2025-02-04 16:36:04,480 - INFO - Epoch 94: EPOCH_AVG_TRAIN_LOSS=1.0219
2025-02-04 16:36:04,483 - INFO - ####################Training epoch 95####################
2025-02-04 16:36:04,720 - INFO - Epoch 95: train_loss=1.0232
2025-02-04 16:36:05,004 - INFO - Epoch 95: val_loss=1.0387, val_acc=33.33%
2025-02-04 16:36:05,008 - INFO - Epoch 95: EPOCH_AVG_TRAIN_LOSS=1.0232
2025-02-04 16:36:05,012 - INFO - ####################Training epoch 96####################
2025-02-04 16:36:05,249 - INFO - Epoch 96: train_loss=1.0228
2025-02-04 16:36:05,534 - INFO - Epoch 96: val_loss=1.0387, val_acc=33.33%
2025-02-04 16:36:05,538 - INFO - Epoch 96: EPOCH_AVG_TRAIN_LOSS=1.0228
2025-02-04 16:36:05,541 - INFO - ####################Training epoch 97####################
2025-02-04 16:36:05,784 - INFO - Epoch 97: train_loss=1.0232
2025-02-04 16:36:06,070 - INFO - Epoch 97: val_loss=1.0387, val_acc=33.33%
2025-02-04 16:36:06,074 - INFO - Epoch 97: EPOCH_AVG_TRAIN_LOSS=1.0232
2025-02-04 16:36:06,077 - INFO - ####################Training epoch 98####################
2025-02-04 16:36:06,315 - INFO - Epoch 98: train_loss=1.0232
2025-02-04 16:36:06,603 - INFO - Epoch 98: val_loss=1.0387, val_acc=33.33%
2025-02-04 16:36:06,606 - INFO - Epoch 98: EPOCH_AVG_TRAIN_LOSS=1.0232
2025-02-04 16:36:06,609 - INFO - ####################Training epoch 99####################
2025-02-04 16:36:06,845 - INFO - Epoch 99: train_loss=1.0224
2025-02-04 16:36:07,132 - INFO - Epoch 99: val_loss=1.0387, val_acc=33.33%
2025-02-04 16:36:07,136 - INFO - Epoch 99: EPOCH_AVG_TRAIN_LOSS=1.0224
2025-02-04 16:36:07,330 - INFO - Model saved.
