2025-02-04 16:42:59,453 - INFO - Starting training with the following parameters:
2025-02-04 16:42:59,453 - INFO - | Parameter       | Value               |
|-----------------|---------------------|
| attention       | XFormers       |
| d_model         | 128            |
| n_heads         | 8              |
| d_f             | 128            |
| num_layers      | 3              |
| d_input         | 32             |
| num_classes     | 3              |
| dropout         | 0.1            |
| learning_rate   | 0.005          |
| epochs          | 200            |
| batch_size      | 32             |

2025-02-04 16:43:00,015 - INFO - Epoch 0: val_loss=1.2738, val_acc=0.00%
2025-02-04 16:43:00,152 - INFO - ####################Training epoch 0####################
2025-02-04 16:43:00,231 - INFO - Epoch 0: train_loss=1.1146
2025-02-04 16:43:00,558 - INFO - Epoch 0: val_loss=0.9047, val_acc=66.67%
2025-02-04 16:43:00,561 - INFO - Epoch 0: EPOCH_AVG_TRAIN_LOSS=1.1146
2025-02-04 16:43:00,589 - INFO - ####################Training epoch 1####################
2025-02-04 16:43:00,813 - INFO - Epoch 1: train_loss=2.8544
2025-02-04 16:43:01,090 - INFO - Epoch 1: val_loss=0.6709, val_acc=66.67%
2025-02-04 16:43:01,094 - INFO - Epoch 1: EPOCH_AVG_TRAIN_LOSS=2.8544
2025-02-04 16:43:01,137 - INFO - ####################Training epoch 2####################
2025-02-04 16:43:01,360 - INFO - Epoch 2: train_loss=2.2777
2025-02-04 16:43:01,642 - INFO - Epoch 2: val_loss=0.7454, val_acc=33.33%
2025-02-04 16:43:01,645 - INFO - Epoch 2: EPOCH_AVG_TRAIN_LOSS=2.2777
2025-02-04 16:43:01,670 - INFO - ####################Training epoch 3####################
2025-02-04 16:43:01,895 - INFO - Epoch 3: train_loss=1.7136
2025-02-04 16:43:02,179 - INFO - Epoch 3: val_loss=0.8042, val_acc=66.67%
2025-02-04 16:43:02,182 - INFO - Epoch 3: EPOCH_AVG_TRAIN_LOSS=1.7136
2025-02-04 16:43:02,226 - INFO - ####################Training epoch 4####################
2025-02-04 16:43:02,455 - INFO - Epoch 4: train_loss=1.2217
2025-02-04 16:43:02,736 - INFO - Epoch 4: val_loss=1.3772, val_acc=0.00%
2025-02-04 16:43:02,740 - INFO - Epoch 4: EPOCH_AVG_TRAIN_LOSS=1.2217
2025-02-04 16:43:02,743 - INFO - ####################Training epoch 5####################
2025-02-04 16:43:02,971 - INFO - Epoch 5: train_loss=1.1920
2025-02-04 16:43:03,253 - INFO - Epoch 5: val_loss=1.6066, val_acc=0.00%
2025-02-04 16:43:03,257 - INFO - Epoch 5: EPOCH_AVG_TRAIN_LOSS=1.1920
2025-02-04 16:43:03,260 - INFO - ####################Training epoch 6####################
2025-02-04 16:43:03,486 - INFO - Epoch 6: train_loss=1.2468
2025-02-04 16:43:03,769 - INFO - Epoch 6: val_loss=1.4545, val_acc=0.00%
2025-02-04 16:43:03,772 - INFO - Epoch 6: EPOCH_AVG_TRAIN_LOSS=1.2468
2025-02-04 16:43:03,775 - INFO - ####################Training epoch 7####################
2025-02-04 16:43:04,004 - INFO - Epoch 7: train_loss=1.1654
2025-02-04 16:43:04,286 - INFO - Epoch 7: val_loss=1.1778, val_acc=0.00%
2025-02-04 16:43:04,290 - INFO - Epoch 7: EPOCH_AVG_TRAIN_LOSS=1.1654
2025-02-04 16:43:04,293 - INFO - ####################Training epoch 8####################
2025-02-04 16:43:04,522 - INFO - Epoch 8: train_loss=1.0921
2025-02-04 16:43:04,807 - INFO - Epoch 8: val_loss=1.0513, val_acc=66.67%
2025-02-04 16:43:04,811 - INFO - Epoch 8: EPOCH_AVG_TRAIN_LOSS=1.0921
2025-02-04 16:43:04,814 - INFO - ####################Training epoch 9####################
2025-02-04 16:43:05,044 - INFO - Epoch 9: train_loss=1.0835
2025-02-04 16:43:05,327 - INFO - Epoch 9: val_loss=0.9828, val_acc=66.67%
2025-02-04 16:43:05,330 - INFO - Epoch 9: EPOCH_AVG_TRAIN_LOSS=1.0835
2025-02-04 16:43:05,334 - INFO - ####################Training epoch 10####################
2025-02-04 16:43:05,562 - INFO - Epoch 10: train_loss=1.0884
2025-02-04 16:43:05,843 - INFO - Epoch 10: val_loss=0.9689, val_acc=66.67%
2025-02-04 16:43:05,846 - INFO - Epoch 10: EPOCH_AVG_TRAIN_LOSS=1.0884
2025-02-04 16:43:05,850 - INFO - ####################Training epoch 11####################
2025-02-04 16:43:06,079 - INFO - Epoch 11: train_loss=1.0886
2025-02-04 16:43:06,363 - INFO - Epoch 11: val_loss=0.9890, val_acc=66.67%
2025-02-04 16:43:06,367 - INFO - Epoch 11: EPOCH_AVG_TRAIN_LOSS=1.0886
2025-02-04 16:43:06,370 - INFO - ####################Training epoch 12####################
2025-02-04 16:43:06,597 - INFO - Epoch 12: train_loss=1.0841
2025-02-04 16:43:06,879 - INFO - Epoch 12: val_loss=1.0251, val_acc=33.33%
2025-02-04 16:43:06,882 - INFO - Epoch 12: EPOCH_AVG_TRAIN_LOSS=1.0841
2025-02-04 16:43:06,885 - INFO - ####################Training epoch 13####################
2025-02-04 16:43:07,117 - INFO - Epoch 13: train_loss=1.0758
2025-02-04 16:43:07,404 - INFO - Epoch 13: val_loss=1.0678, val_acc=33.33%
2025-02-04 16:43:07,408 - INFO - Epoch 13: EPOCH_AVG_TRAIN_LOSS=1.0758
2025-02-04 16:43:07,411 - INFO - ####################Training epoch 14####################
2025-02-04 16:43:07,643 - INFO - Epoch 14: train_loss=1.0698
2025-02-04 16:43:07,926 - INFO - Epoch 14: val_loss=1.0894, val_acc=33.33%
2025-02-04 16:43:07,929 - INFO - Epoch 14: EPOCH_AVG_TRAIN_LOSS=1.0698
2025-02-04 16:43:07,933 - INFO - ####################Training epoch 15####################
2025-02-04 16:43:08,159 - INFO - Epoch 15: train_loss=1.0651
2025-02-04 16:43:08,442 - INFO - Epoch 15: val_loss=1.1101, val_acc=0.00%
2025-02-04 16:43:08,445 - INFO - Epoch 15: EPOCH_AVG_TRAIN_LOSS=1.0651
2025-02-04 16:43:08,449 - INFO - ####################Training epoch 16####################
2025-02-04 16:43:08,676 - INFO - Epoch 16: train_loss=1.0619
2025-02-04 16:43:08,957 - INFO - Epoch 16: val_loss=1.1178, val_acc=0.00%
2025-02-04 16:43:08,960 - INFO - Epoch 16: EPOCH_AVG_TRAIN_LOSS=1.0619
2025-02-04 16:43:08,964 - INFO - ####################Training epoch 17####################
2025-02-04 16:43:09,192 - INFO - Epoch 17: train_loss=1.0596
2025-02-04 16:43:09,476 - INFO - Epoch 17: val_loss=1.1233, val_acc=0.00%
2025-02-04 16:43:09,479 - INFO - Epoch 17: EPOCH_AVG_TRAIN_LOSS=1.0596
2025-02-04 16:43:09,483 - INFO - ####################Training epoch 18####################
2025-02-04 16:43:09,711 - INFO - Epoch 18: train_loss=1.0494
2025-02-04 16:43:09,991 - INFO - Epoch 18: val_loss=1.1272, val_acc=0.00%
2025-02-04 16:43:09,995 - INFO - Epoch 18: EPOCH_AVG_TRAIN_LOSS=1.0494
2025-02-04 16:43:09,998 - INFO - ####################Training epoch 19####################
2025-02-04 16:43:10,223 - INFO - Epoch 19: train_loss=1.0429
2025-02-04 16:43:10,504 - INFO - Epoch 19: val_loss=1.1229, val_acc=0.00%
2025-02-04 16:43:10,508 - INFO - Epoch 19: EPOCH_AVG_TRAIN_LOSS=1.0429
2025-02-04 16:43:10,511 - INFO - ####################Training epoch 20####################
2025-02-04 16:43:10,738 - INFO - Epoch 20: train_loss=1.0456
2025-02-04 16:43:11,021 - INFO - Epoch 20: val_loss=1.1184, val_acc=0.00%
2025-02-04 16:43:11,024 - INFO - Epoch 20: EPOCH_AVG_TRAIN_LOSS=1.0456
2025-02-04 16:43:11,027 - INFO - ####################Training epoch 21####################
2025-02-04 16:43:11,248 - INFO - Epoch 21: train_loss=1.0331
2025-02-04 16:43:11,527 - INFO - Epoch 21: val_loss=1.1091, val_acc=33.33%
2025-02-04 16:43:11,531 - INFO - Epoch 21: EPOCH_AVG_TRAIN_LOSS=1.0331
2025-02-04 16:43:11,534 - INFO - ####################Training epoch 22####################
2025-02-04 16:43:11,758 - INFO - Epoch 22: train_loss=1.0287
2025-02-04 16:43:12,039 - INFO - Epoch 22: val_loss=1.0946, val_acc=33.33%
2025-02-04 16:43:12,043 - INFO - Epoch 22: EPOCH_AVG_TRAIN_LOSS=1.0287
2025-02-04 16:43:12,046 - INFO - ####################Training epoch 23####################
2025-02-04 16:43:12,274 - INFO - Epoch 23: train_loss=1.0301
2025-02-04 16:43:12,558 - INFO - Epoch 23: val_loss=1.0901, val_acc=33.33%
2025-02-04 16:43:12,562 - INFO - Epoch 23: EPOCH_AVG_TRAIN_LOSS=1.0301
2025-02-04 16:43:12,565 - INFO - ####################Training epoch 24####################
2025-02-04 16:43:12,793 - INFO - Epoch 24: train_loss=1.0185
2025-02-04 16:43:13,075 - INFO - Epoch 24: val_loss=1.0915, val_acc=33.33%
2025-02-04 16:43:13,079 - INFO - Epoch 24: EPOCH_AVG_TRAIN_LOSS=1.0185
2025-02-04 16:43:13,082 - INFO - ####################Training epoch 25####################
2025-02-04 16:43:13,312 - INFO - Epoch 25: train_loss=1.0163
2025-02-04 16:43:13,594 - INFO - Epoch 25: val_loss=1.0963, val_acc=33.33%
2025-02-04 16:43:13,598 - INFO - Epoch 25: EPOCH_AVG_TRAIN_LOSS=1.0163
2025-02-04 16:43:13,601 - INFO - ####################Training epoch 26####################
2025-02-04 16:43:13,828 - INFO - Epoch 26: train_loss=1.0140
2025-02-04 16:43:14,111 - INFO - Epoch 26: val_loss=1.0967, val_acc=33.33%
2025-02-04 16:43:14,115 - INFO - Epoch 26: EPOCH_AVG_TRAIN_LOSS=1.0140
2025-02-04 16:43:14,118 - INFO - ####################Training epoch 27####################
2025-02-04 16:43:14,346 - INFO - Epoch 27: train_loss=1.0084
2025-02-04 16:43:14,630 - INFO - Epoch 27: val_loss=1.0941, val_acc=33.33%
2025-02-04 16:43:14,634 - INFO - Epoch 27: EPOCH_AVG_TRAIN_LOSS=1.0084
2025-02-04 16:43:14,637 - INFO - ####################Training epoch 28####################
2025-02-04 16:43:14,865 - INFO - Epoch 28: train_loss=1.0050
2025-02-04 16:43:15,146 - INFO - Epoch 28: val_loss=1.0910, val_acc=33.33%
2025-02-04 16:43:15,150 - INFO - Epoch 28: EPOCH_AVG_TRAIN_LOSS=1.0050
2025-02-04 16:43:15,153 - INFO - ####################Training epoch 29####################
2025-02-04 16:43:15,382 - INFO - Epoch 29: train_loss=1.0041
2025-02-04 16:43:15,665 - INFO - Epoch 29: val_loss=1.0896, val_acc=33.33%
2025-02-04 16:43:15,668 - INFO - Epoch 29: EPOCH_AVG_TRAIN_LOSS=1.0041
2025-02-04 16:43:15,672 - INFO - ####################Training epoch 30####################
2025-02-04 16:43:15,900 - INFO - Epoch 30: train_loss=1.0015
2025-02-04 16:43:16,181 - INFO - Epoch 30: val_loss=1.0861, val_acc=33.33%
2025-02-04 16:43:16,185 - INFO - Epoch 30: EPOCH_AVG_TRAIN_LOSS=1.0015
2025-02-04 16:43:16,188 - INFO - ####################Training epoch 31####################
2025-02-04 16:43:16,417 - INFO - Epoch 31: train_loss=0.9996
2025-02-04 16:43:16,696 - INFO - Epoch 31: val_loss=1.0811, val_acc=33.33%
2025-02-04 16:43:16,699 - INFO - Epoch 31: EPOCH_AVG_TRAIN_LOSS=0.9996
2025-02-04 16:43:16,703 - INFO - ####################Training epoch 32####################
2025-02-04 16:43:16,928 - INFO - Epoch 32: train_loss=0.9947
2025-02-04 16:43:17,208 - INFO - Epoch 32: val_loss=1.0793, val_acc=33.33%
2025-02-04 16:43:17,211 - INFO - Epoch 32: EPOCH_AVG_TRAIN_LOSS=0.9947
2025-02-04 16:43:17,215 - INFO - ####################Training epoch 33####################
2025-02-04 16:43:17,441 - INFO - Epoch 33: train_loss=0.9930
2025-02-04 16:43:17,719 - INFO - Epoch 33: val_loss=1.0781, val_acc=66.67%
2025-02-04 16:43:17,722 - INFO - Epoch 33: EPOCH_AVG_TRAIN_LOSS=0.9930
2025-02-04 16:43:17,725 - INFO - ####################Training epoch 34####################
2025-02-04 16:43:17,952 - INFO - Epoch 34: train_loss=0.9897
2025-02-04 16:43:18,236 - INFO - Epoch 34: val_loss=1.0778, val_acc=66.67%
2025-02-04 16:43:18,240 - INFO - Epoch 34: EPOCH_AVG_TRAIN_LOSS=0.9897
2025-02-04 16:43:18,243 - INFO - ####################Training epoch 35####################
2025-02-04 16:43:18,470 - INFO - Epoch 35: train_loss=0.9894
2025-02-04 16:43:18,752 - INFO - Epoch 35: val_loss=1.0787, val_acc=66.67%
2025-02-04 16:43:18,755 - INFO - Epoch 35: EPOCH_AVG_TRAIN_LOSS=0.9894
2025-02-04 16:43:18,759 - INFO - ####################Training epoch 36####################
2025-02-04 16:43:18,987 - INFO - Epoch 36: train_loss=0.9878
2025-02-04 16:43:19,270 - INFO - Epoch 36: val_loss=1.0809, val_acc=66.67%
2025-02-04 16:43:19,274 - INFO - Epoch 36: EPOCH_AVG_TRAIN_LOSS=0.9878
2025-02-04 16:43:19,277 - INFO - ####################Training epoch 37####################
2025-02-04 16:43:19,504 - INFO - Epoch 37: train_loss=0.9873
2025-02-04 16:43:19,786 - INFO - Epoch 37: val_loss=1.0837, val_acc=66.67%
2025-02-04 16:43:19,790 - INFO - Epoch 37: EPOCH_AVG_TRAIN_LOSS=0.9873
2025-02-04 16:43:19,793 - INFO - ####################Training epoch 38####################
2025-02-04 16:43:20,017 - INFO - Epoch 38: train_loss=0.9842
2025-02-04 16:43:20,298 - INFO - Epoch 38: val_loss=1.0853, val_acc=66.67%
2025-02-04 16:43:20,301 - INFO - Epoch 38: EPOCH_AVG_TRAIN_LOSS=0.9842
2025-02-04 16:43:20,305 - INFO - ####################Training epoch 39####################
2025-02-04 16:43:20,532 - INFO - Epoch 39: train_loss=0.9857
2025-02-04 16:43:20,812 - INFO - Epoch 39: val_loss=1.0871, val_acc=66.67%
2025-02-04 16:43:20,816 - INFO - Epoch 39: EPOCH_AVG_TRAIN_LOSS=0.9857
2025-02-04 16:43:20,819 - INFO - ####################Training epoch 40####################
2025-02-04 16:43:21,046 - INFO - Epoch 40: train_loss=0.9830
2025-02-04 16:43:21,327 - INFO - Epoch 40: val_loss=1.0890, val_acc=66.67%
2025-02-04 16:43:21,330 - INFO - Epoch 40: EPOCH_AVG_TRAIN_LOSS=0.9830
2025-02-04 16:43:21,333 - INFO - ####################Training epoch 41####################
2025-02-04 16:43:21,557 - INFO - Epoch 41: train_loss=0.9804
2025-02-04 16:43:21,836 - INFO - Epoch 41: val_loss=1.0908, val_acc=66.67%
2025-02-04 16:43:21,840 - INFO - Epoch 41: EPOCH_AVG_TRAIN_LOSS=0.9804
2025-02-04 16:43:21,843 - INFO - ####################Training epoch 42####################
2025-02-04 16:43:22,072 - INFO - Epoch 42: train_loss=0.9837
2025-02-04 16:43:22,356 - INFO - Epoch 42: val_loss=1.0927, val_acc=66.67%
2025-02-04 16:43:22,360 - INFO - Epoch 42: EPOCH_AVG_TRAIN_LOSS=0.9837
2025-02-04 16:43:22,363 - INFO - ####################Training epoch 43####################
2025-02-04 16:43:22,591 - INFO - Epoch 43: train_loss=0.9806
2025-02-04 16:43:22,872 - INFO - Epoch 43: val_loss=1.0944, val_acc=66.67%
2025-02-04 16:43:22,876 - INFO - Epoch 43: EPOCH_AVG_TRAIN_LOSS=0.9806
2025-02-04 16:43:22,879 - INFO - ####################Training epoch 44####################
2025-02-04 16:43:23,105 - INFO - Epoch 44: train_loss=0.9804
2025-02-04 16:43:23,388 - INFO - Epoch 44: val_loss=1.0955, val_acc=66.67%
2025-02-04 16:43:23,392 - INFO - Epoch 44: EPOCH_AVG_TRAIN_LOSS=0.9804
2025-02-04 16:43:23,395 - INFO - ####################Training epoch 45####################
2025-02-04 16:43:23,624 - INFO - Epoch 45: train_loss=0.9794
2025-02-04 16:43:23,908 - INFO - Epoch 45: val_loss=1.0967, val_acc=66.67%
2025-02-04 16:43:23,911 - INFO - Epoch 45: EPOCH_AVG_TRAIN_LOSS=0.9794
2025-02-04 16:43:23,915 - INFO - ####################Training epoch 46####################
2025-02-04 16:43:24,145 - INFO - Epoch 46: train_loss=0.9774
2025-02-04 16:43:24,427 - INFO - Epoch 46: val_loss=1.0978, val_acc=66.67%
2025-02-04 16:43:24,431 - INFO - Epoch 46: EPOCH_AVG_TRAIN_LOSS=0.9774
2025-02-04 16:43:24,435 - INFO - ####################Training epoch 47####################
2025-02-04 16:43:24,665 - INFO - Epoch 47: train_loss=0.9776
2025-02-04 16:43:24,950 - INFO - Epoch 47: val_loss=1.0990, val_acc=66.67%
2025-02-04 16:43:24,954 - INFO - Epoch 47: EPOCH_AVG_TRAIN_LOSS=0.9776
2025-02-04 16:43:24,957 - INFO - ####################Training epoch 48####################
2025-02-04 16:43:25,182 - INFO - Epoch 48: train_loss=0.9771
2025-02-04 16:43:25,465 - INFO - Epoch 48: val_loss=1.1005, val_acc=66.67%
2025-02-04 16:43:25,468 - INFO - Epoch 48: EPOCH_AVG_TRAIN_LOSS=0.9771
2025-02-04 16:43:25,472 - INFO - ####################Training epoch 49####################
2025-02-04 16:43:25,699 - INFO - Epoch 49: train_loss=0.9785
2025-02-04 16:43:25,982 - INFO - Epoch 49: val_loss=1.1022, val_acc=66.67%
2025-02-04 16:43:25,986 - INFO - Epoch 49: EPOCH_AVG_TRAIN_LOSS=0.9785
2025-02-04 16:43:25,989 - INFO - ####################Training epoch 50####################
2025-02-04 16:43:26,219 - INFO - Epoch 50: train_loss=0.9782
2025-02-04 16:43:26,500 - INFO - Epoch 50: val_loss=1.1030, val_acc=66.67%
2025-02-04 16:43:26,504 - INFO - Epoch 50: EPOCH_AVG_TRAIN_LOSS=0.9782
2025-02-04 16:43:26,507 - INFO - ####################Training epoch 51####################
2025-02-04 16:43:26,735 - INFO - Epoch 51: train_loss=0.9779
2025-02-04 16:43:27,021 - INFO - Epoch 51: val_loss=1.1037, val_acc=66.67%
2025-02-04 16:43:27,024 - INFO - Epoch 51: EPOCH_AVG_TRAIN_LOSS=0.9779
2025-02-04 16:43:27,027 - INFO - ####################Training epoch 52####################
2025-02-04 16:43:27,256 - INFO - Epoch 52: train_loss=0.9755
2025-02-04 16:43:27,538 - INFO - Epoch 52: val_loss=1.1045, val_acc=66.67%
2025-02-04 16:43:27,542 - INFO - Epoch 52: EPOCH_AVG_TRAIN_LOSS=0.9755
2025-02-04 16:43:27,545 - INFO - ####################Training epoch 53####################
2025-02-04 16:43:27,774 - INFO - Epoch 53: train_loss=0.9757
2025-02-04 16:43:28,056 - INFO - Epoch 53: val_loss=1.1054, val_acc=66.67%
2025-02-04 16:43:28,059 - INFO - Epoch 53: EPOCH_AVG_TRAIN_LOSS=0.9757
2025-02-04 16:43:28,063 - INFO - ####################Training epoch 54####################
2025-02-04 16:43:28,290 - INFO - Epoch 54: train_loss=0.9755
2025-02-04 16:43:28,574 - INFO - Epoch 54: val_loss=1.1061, val_acc=66.67%
2025-02-04 16:43:28,578 - INFO - Epoch 54: EPOCH_AVG_TRAIN_LOSS=0.9755
2025-02-04 16:43:28,582 - INFO - ####################Training epoch 55####################
2025-02-04 16:43:28,816 - INFO - Epoch 55: train_loss=0.9752
2025-02-04 16:43:29,100 - INFO - Epoch 55: val_loss=1.1067, val_acc=66.67%
2025-02-04 16:43:29,104 - INFO - Epoch 55: EPOCH_AVG_TRAIN_LOSS=0.9752
2025-02-04 16:43:29,107 - INFO - ####################Training epoch 56####################
2025-02-04 16:43:29,339 - INFO - Epoch 56: train_loss=0.9761
2025-02-04 16:43:29,625 - INFO - Epoch 56: val_loss=1.1069, val_acc=66.67%
2025-02-04 16:43:29,628 - INFO - Epoch 56: EPOCH_AVG_TRAIN_LOSS=0.9761
2025-02-04 16:43:29,632 - INFO - ####################Training epoch 57####################
2025-02-04 16:43:29,863 - INFO - Epoch 57: train_loss=0.9750
2025-02-04 16:43:30,149 - INFO - Epoch 57: val_loss=1.1071, val_acc=66.67%
2025-02-04 16:43:30,152 - INFO - Epoch 57: EPOCH_AVG_TRAIN_LOSS=0.9750
2025-02-04 16:43:30,156 - INFO - ####################Training epoch 58####################
2025-02-04 16:43:30,386 - INFO - Epoch 58: train_loss=0.9747
2025-02-04 16:43:30,669 - INFO - Epoch 58: val_loss=1.1073, val_acc=66.67%
2025-02-04 16:43:30,673 - INFO - Epoch 58: EPOCH_AVG_TRAIN_LOSS=0.9747
2025-02-04 16:43:30,676 - INFO - ####################Training epoch 59####################
2025-02-04 16:43:30,907 - INFO - Epoch 59: train_loss=0.9756
2025-02-04 16:43:31,186 - INFO - Epoch 59: val_loss=1.1073, val_acc=66.67%
2025-02-04 16:43:31,190 - INFO - Epoch 59: EPOCH_AVG_TRAIN_LOSS=0.9756
2025-02-04 16:43:31,193 - INFO - ####################Training epoch 60####################
2025-02-04 16:43:31,424 - INFO - Epoch 60: train_loss=0.9757
2025-02-04 16:43:31,708 - INFO - Epoch 60: val_loss=1.1073, val_acc=66.67%
2025-02-04 16:43:31,712 - INFO - Epoch 60: EPOCH_AVG_TRAIN_LOSS=0.9757
2025-02-04 16:43:31,715 - INFO - ####################Training epoch 61####################
2025-02-04 16:43:31,947 - INFO - Epoch 61: train_loss=0.9737
2025-02-04 16:43:32,232 - INFO - Epoch 61: val_loss=1.1073, val_acc=66.67%
2025-02-04 16:43:32,236 - INFO - Epoch 61: EPOCH_AVG_TRAIN_LOSS=0.9737
2025-02-04 16:43:32,239 - INFO - ####################Training epoch 62####################
2025-02-04 16:43:32,470 - INFO - Epoch 62: train_loss=0.9748
2025-02-04 16:43:32,750 - INFO - Epoch 62: val_loss=1.1073, val_acc=66.67%
2025-02-04 16:43:32,753 - INFO - Epoch 62: EPOCH_AVG_TRAIN_LOSS=0.9748
2025-02-04 16:43:32,756 - INFO - ####################Training epoch 63####################
2025-02-04 16:43:32,986 - INFO - Epoch 63: train_loss=0.9749
2025-02-04 16:43:33,269 - INFO - Epoch 63: val_loss=1.1072, val_acc=66.67%
2025-02-04 16:43:33,273 - INFO - Epoch 63: EPOCH_AVG_TRAIN_LOSS=0.9749
2025-02-04 16:43:33,276 - INFO - ####################Training epoch 64####################
2025-02-04 16:43:33,504 - INFO - Epoch 64: train_loss=0.9746
2025-02-04 16:43:33,788 - INFO - Epoch 64: val_loss=1.1072, val_acc=66.67%
2025-02-04 16:43:33,792 - INFO - Epoch 64: EPOCH_AVG_TRAIN_LOSS=0.9746
2025-02-04 16:43:33,795 - INFO - ####################Training epoch 65####################
2025-02-04 16:43:34,024 - INFO - Epoch 65: train_loss=0.9756
2025-02-04 16:43:34,305 - INFO - Epoch 65: val_loss=1.1072, val_acc=66.67%
2025-02-04 16:43:34,309 - INFO - Epoch 65: EPOCH_AVG_TRAIN_LOSS=0.9756
2025-02-04 16:43:34,312 - INFO - ####################Training epoch 66####################
2025-02-04 16:43:34,540 - INFO - Epoch 66: train_loss=0.9765
2025-02-04 16:43:34,820 - INFO - Epoch 66: val_loss=1.1072, val_acc=66.67%
2025-02-04 16:43:34,824 - INFO - Epoch 66: EPOCH_AVG_TRAIN_LOSS=0.9765
2025-02-04 16:43:34,827 - INFO - ####################Training epoch 67####################
2025-02-04 16:43:35,058 - INFO - Epoch 67: train_loss=0.9734
2025-02-04 16:43:35,339 - INFO - Epoch 67: val_loss=1.1073, val_acc=66.67%
2025-02-04 16:43:35,343 - INFO - Epoch 67: EPOCH_AVG_TRAIN_LOSS=0.9734
2025-02-04 16:43:35,346 - INFO - ####################Training epoch 68####################
2025-02-04 16:43:35,576 - INFO - Epoch 68: train_loss=0.9743
2025-02-04 16:43:35,861 - INFO - Epoch 68: val_loss=1.1073, val_acc=66.67%
2025-02-04 16:43:35,865 - INFO - Epoch 68: EPOCH_AVG_TRAIN_LOSS=0.9743
2025-02-04 16:43:35,868 - INFO - ####################Training epoch 69####################
2025-02-04 16:43:36,095 - INFO - Epoch 69: train_loss=0.9742
2025-02-04 16:43:36,376 - INFO - Epoch 69: val_loss=1.1074, val_acc=66.67%
2025-02-04 16:43:36,380 - INFO - Epoch 69: EPOCH_AVG_TRAIN_LOSS=0.9742
2025-02-04 16:43:36,383 - INFO - ####################Training epoch 70####################
2025-02-04 16:43:36,611 - INFO - Epoch 70: train_loss=0.9752
2025-02-04 16:43:36,892 - INFO - Epoch 70: val_loss=1.1074, val_acc=66.67%
2025-02-04 16:43:36,896 - INFO - Epoch 70: EPOCH_AVG_TRAIN_LOSS=0.9752
2025-02-04 16:43:36,899 - INFO - ####################Training epoch 71####################
2025-02-04 16:43:37,127 - INFO - Epoch 71: train_loss=0.9738
2025-02-04 16:43:37,411 - INFO - Epoch 71: val_loss=1.1075, val_acc=66.67%
2025-02-04 16:43:37,414 - INFO - Epoch 71: EPOCH_AVG_TRAIN_LOSS=0.9738
2025-02-04 16:43:37,418 - INFO - ####################Training epoch 72####################
2025-02-04 16:43:37,647 - INFO - Epoch 72: train_loss=0.9747
2025-02-04 16:43:37,933 - INFO - Epoch 72: val_loss=1.1075, val_acc=66.67%
2025-02-04 16:43:37,937 - INFO - Epoch 72: EPOCH_AVG_TRAIN_LOSS=0.9747
2025-02-04 16:43:37,940 - INFO - ####################Training epoch 73####################
2025-02-04 16:43:38,167 - INFO - Epoch 73: train_loss=0.9731
2025-02-04 16:43:38,448 - INFO - Epoch 73: val_loss=1.1075, val_acc=66.67%
2025-02-04 16:43:38,451 - INFO - Epoch 73: EPOCH_AVG_TRAIN_LOSS=0.9731
2025-02-04 16:43:38,455 - INFO - ####################Training epoch 74####################
2025-02-04 16:43:38,683 - INFO - Epoch 74: train_loss=0.9736
2025-02-04 16:43:38,968 - INFO - Epoch 74: val_loss=1.1075, val_acc=66.67%
2025-02-04 16:43:38,971 - INFO - Epoch 74: EPOCH_AVG_TRAIN_LOSS=0.9736
2025-02-04 16:43:38,975 - INFO - ####################Training epoch 75####################
2025-02-04 16:43:39,204 - INFO - Epoch 75: train_loss=0.9739
2025-02-04 16:43:39,488 - INFO - Epoch 75: val_loss=1.1075, val_acc=66.67%
2025-02-04 16:43:39,491 - INFO - Epoch 75: EPOCH_AVG_TRAIN_LOSS=0.9739
2025-02-04 16:43:39,494 - INFO - ####################Training epoch 76####################
2025-02-04 16:43:39,724 - INFO - Epoch 76: train_loss=0.9744
2025-02-04 16:43:40,009 - INFO - Epoch 76: val_loss=1.1075, val_acc=66.67%
2025-02-04 16:43:40,013 - INFO - Epoch 76: EPOCH_AVG_TRAIN_LOSS=0.9744
2025-02-04 16:43:40,016 - INFO - ####################Training epoch 77####################
2025-02-04 16:43:40,247 - INFO - Epoch 77: train_loss=0.9740
2025-02-04 16:43:40,531 - INFO - Epoch 77: val_loss=1.1075, val_acc=66.67%
2025-02-04 16:43:40,535 - INFO - Epoch 77: EPOCH_AVG_TRAIN_LOSS=0.9740
2025-02-04 16:43:40,538 - INFO - ####################Training epoch 78####################
2025-02-04 16:43:40,768 - INFO - Epoch 78: train_loss=0.9731
2025-02-04 16:43:41,049 - INFO - Epoch 78: val_loss=1.1075, val_acc=66.67%
2025-02-04 16:43:41,053 - INFO - Epoch 78: EPOCH_AVG_TRAIN_LOSS=0.9731
2025-02-04 16:43:41,056 - INFO - ####################Training epoch 79####################
2025-02-04 16:43:41,286 - INFO - Epoch 79: train_loss=0.9759
2025-02-04 16:43:41,570 - INFO - Epoch 79: val_loss=1.1075, val_acc=66.67%
2025-02-04 16:43:41,573 - INFO - Epoch 79: EPOCH_AVG_TRAIN_LOSS=0.9759
2025-02-04 16:43:41,577 - INFO - ####################Training epoch 80####################
2025-02-04 16:43:41,806 - INFO - Epoch 80: train_loss=0.9739
2025-02-04 16:43:42,091 - INFO - Epoch 80: val_loss=1.1075, val_acc=66.67%
2025-02-04 16:43:42,094 - INFO - Epoch 80: EPOCH_AVG_TRAIN_LOSS=0.9739
2025-02-04 16:43:42,098 - INFO - ####################Training epoch 81####################
2025-02-04 16:43:42,325 - INFO - Epoch 81: train_loss=0.9746
2025-02-04 16:43:42,610 - INFO - Epoch 81: val_loss=1.1075, val_acc=66.67%
2025-02-04 16:43:42,614 - INFO - Epoch 81: EPOCH_AVG_TRAIN_LOSS=0.9746
2025-02-04 16:43:42,617 - INFO - ####################Training epoch 82####################
2025-02-04 16:43:42,846 - INFO - Epoch 82: train_loss=0.9744
2025-02-04 16:43:43,131 - INFO - Epoch 82: val_loss=1.1076, val_acc=66.67%
2025-02-04 16:43:43,135 - INFO - Epoch 82: EPOCH_AVG_TRAIN_LOSS=0.9744
2025-02-04 16:43:43,138 - INFO - ####################Training epoch 83####################
2025-02-04 16:43:43,365 - INFO - Epoch 83: train_loss=0.9748
2025-02-04 16:43:43,647 - INFO - Epoch 83: val_loss=1.1075, val_acc=66.67%
2025-02-04 16:43:43,651 - INFO - Epoch 83: EPOCH_AVG_TRAIN_LOSS=0.9748
2025-02-04 16:43:43,654 - INFO - ####################Training epoch 84####################
2025-02-04 16:43:43,883 - INFO - Epoch 84: train_loss=0.9741
2025-02-04 16:43:44,166 - INFO - Epoch 84: val_loss=1.1075, val_acc=66.67%
2025-02-04 16:43:44,169 - INFO - Epoch 84: EPOCH_AVG_TRAIN_LOSS=0.9741
2025-02-04 16:43:44,172 - INFO - ####################Training epoch 85####################
2025-02-04 16:43:44,404 - INFO - Epoch 85: train_loss=0.9740
2025-02-04 16:43:44,690 - INFO - Epoch 85: val_loss=1.1075, val_acc=66.67%
2025-02-04 16:43:44,694 - INFO - Epoch 85: EPOCH_AVG_TRAIN_LOSS=0.9740
2025-02-04 16:43:44,697 - INFO - ####################Training epoch 86####################
2025-02-04 16:43:44,926 - INFO - Epoch 86: train_loss=0.9742
2025-02-04 16:43:45,211 - INFO - Epoch 86: val_loss=1.1075, val_acc=66.67%
2025-02-04 16:43:45,215 - INFO - Epoch 86: EPOCH_AVG_TRAIN_LOSS=0.9742
2025-02-04 16:43:45,218 - INFO - ####################Training epoch 87####################
2025-02-04 16:43:45,449 - INFO - Epoch 87: train_loss=0.9749
2025-02-04 16:43:45,732 - INFO - Epoch 87: val_loss=1.1075, val_acc=66.67%
2025-02-04 16:43:45,735 - INFO - Epoch 87: EPOCH_AVG_TRAIN_LOSS=0.9749
2025-02-04 16:43:45,738 - INFO - ####################Training epoch 88####################
2025-02-04 16:43:45,967 - INFO - Epoch 88: train_loss=0.9745
2025-02-04 16:43:46,249 - INFO - Epoch 88: val_loss=1.1076, val_acc=66.67%
2025-02-04 16:43:46,252 - INFO - Epoch 88: EPOCH_AVG_TRAIN_LOSS=0.9745
2025-02-04 16:43:46,255 - INFO - ####################Training epoch 89####################
2025-02-04 16:43:46,482 - INFO - Epoch 89: train_loss=0.9733
2025-02-04 16:43:46,767 - INFO - Epoch 89: val_loss=1.1076, val_acc=66.67%
2025-02-04 16:43:46,771 - INFO - Epoch 89: EPOCH_AVG_TRAIN_LOSS=0.9733
2025-02-04 16:43:46,774 - INFO - ####################Training epoch 90####################
2025-02-04 16:43:47,003 - INFO - Epoch 90: train_loss=0.9738
2025-02-04 16:43:47,284 - INFO - Epoch 90: val_loss=1.1076, val_acc=66.67%
2025-02-04 16:43:47,288 - INFO - Epoch 90: EPOCH_AVG_TRAIN_LOSS=0.9738
2025-02-04 16:43:47,291 - INFO - ####################Training epoch 91####################
2025-02-04 16:43:47,521 - INFO - Epoch 91: train_loss=0.9731
2025-02-04 16:43:47,801 - INFO - Epoch 91: val_loss=1.1076, val_acc=66.67%
2025-02-04 16:43:47,804 - INFO - Epoch 91: EPOCH_AVG_TRAIN_LOSS=0.9731
2025-02-04 16:43:47,808 - INFO - ####################Training epoch 92####################
2025-02-04 16:43:48,036 - INFO - Epoch 92: train_loss=0.9747
2025-02-04 16:43:48,317 - INFO - Epoch 92: val_loss=1.1076, val_acc=66.67%
2025-02-04 16:43:48,321 - INFO - Epoch 92: EPOCH_AVG_TRAIN_LOSS=0.9747
2025-02-04 16:43:48,324 - INFO - ####################Training epoch 93####################
2025-02-04 16:43:48,552 - INFO - Epoch 93: train_loss=0.9746
2025-02-04 16:43:48,834 - INFO - Epoch 93: val_loss=1.1076, val_acc=66.67%
2025-02-04 16:43:48,837 - INFO - Epoch 93: EPOCH_AVG_TRAIN_LOSS=0.9746
2025-02-04 16:43:48,841 - INFO - ####################Training epoch 94####################
2025-02-04 16:43:49,070 - INFO - Epoch 94: train_loss=0.9741
2025-02-04 16:43:49,357 - INFO - Epoch 94: val_loss=1.1076, val_acc=66.67%
2025-02-04 16:43:49,361 - INFO - Epoch 94: EPOCH_AVG_TRAIN_LOSS=0.9741
2025-02-04 16:43:49,364 - INFO - ####################Training epoch 95####################
2025-02-04 16:43:49,589 - INFO - Epoch 95: train_loss=0.9741
2025-02-04 16:43:49,872 - INFO - Epoch 95: val_loss=1.1076, val_acc=66.67%
2025-02-04 16:43:49,876 - INFO - Epoch 95: EPOCH_AVG_TRAIN_LOSS=0.9741
2025-02-04 16:43:49,879 - INFO - ####################Training epoch 96####################
2025-02-04 16:43:50,107 - INFO - Epoch 96: train_loss=0.9745
2025-02-04 16:43:50,388 - INFO - Epoch 96: val_loss=1.1076, val_acc=66.67%
2025-02-04 16:43:50,392 - INFO - Epoch 96: EPOCH_AVG_TRAIN_LOSS=0.9745
2025-02-04 16:43:50,395 - INFO - ####################Training epoch 97####################
2025-02-04 16:43:50,622 - INFO - Epoch 97: train_loss=0.9731
2025-02-04 16:43:50,904 - INFO - Epoch 97: val_loss=1.1076, val_acc=66.67%
2025-02-04 16:43:50,908 - INFO - Epoch 97: EPOCH_AVG_TRAIN_LOSS=0.9731
2025-02-04 16:43:50,911 - INFO - ####################Training epoch 98####################
2025-02-04 16:43:51,135 - INFO - Epoch 98: train_loss=0.9743
2025-02-04 16:43:51,417 - INFO - Epoch 98: val_loss=1.1076, val_acc=66.67%
2025-02-04 16:43:51,421 - INFO - Epoch 98: EPOCH_AVG_TRAIN_LOSS=0.9743
2025-02-04 16:43:51,424 - INFO - ####################Training epoch 99####################
2025-02-04 16:43:51,651 - INFO - Epoch 99: train_loss=0.9748
2025-02-04 16:43:51,933 - INFO - Epoch 99: val_loss=1.1076, val_acc=66.67%
2025-02-04 16:43:51,937 - INFO - Epoch 99: EPOCH_AVG_TRAIN_LOSS=0.9748
2025-02-04 16:43:51,940 - INFO - ####################Training epoch 100####################
2025-02-04 16:43:52,167 - INFO - Epoch 100: train_loss=0.9749
2025-02-04 16:43:52,451 - INFO - Epoch 100: val_loss=1.1076, val_acc=66.67%
2025-02-04 16:43:52,455 - INFO - Epoch 100: EPOCH_AVG_TRAIN_LOSS=0.9749
2025-02-04 16:43:52,458 - INFO - ####################Training epoch 101####################
2025-02-04 16:43:52,687 - INFO - Epoch 101: train_loss=0.9736
2025-02-04 16:43:52,967 - INFO - Epoch 101: val_loss=1.1076, val_acc=66.67%
2025-02-04 16:43:52,970 - INFO - Epoch 101: EPOCH_AVG_TRAIN_LOSS=0.9736
2025-02-04 16:43:52,974 - INFO - ####################Training epoch 102####################
2025-02-04 16:43:53,202 - INFO - Epoch 102: train_loss=0.9741
2025-02-04 16:43:53,485 - INFO - Epoch 102: val_loss=1.1076, val_acc=66.67%
2025-02-04 16:43:53,488 - INFO - Epoch 102: EPOCH_AVG_TRAIN_LOSS=0.9741
2025-02-04 16:43:53,491 - INFO - ####################Training epoch 103####################
2025-02-04 16:43:53,719 - INFO - Epoch 103: train_loss=0.9751
2025-02-04 16:43:54,002 - INFO - Epoch 103: val_loss=1.1076, val_acc=66.67%
2025-02-04 16:43:54,006 - INFO - Epoch 103: EPOCH_AVG_TRAIN_LOSS=0.9751
2025-02-04 16:43:54,009 - INFO - ####################Training epoch 104####################
2025-02-04 16:43:54,237 - INFO - Epoch 104: train_loss=0.9750
2025-02-04 16:43:54,520 - INFO - Epoch 104: val_loss=1.1076, val_acc=66.67%
2025-02-04 16:43:54,524 - INFO - Epoch 104: EPOCH_AVG_TRAIN_LOSS=0.9750
2025-02-04 16:43:54,527 - INFO - ####################Training epoch 105####################
2025-02-04 16:43:54,755 - INFO - Epoch 105: train_loss=0.9752
2025-02-04 16:43:55,041 - INFO - Epoch 105: val_loss=1.1076, val_acc=66.67%
2025-02-04 16:43:55,044 - INFO - Epoch 105: EPOCH_AVG_TRAIN_LOSS=0.9752
2025-02-04 16:43:55,048 - INFO - ####################Training epoch 106####################
2025-02-04 16:43:55,276 - INFO - Epoch 106: train_loss=0.9734
2025-02-04 16:43:55,559 - INFO - Epoch 106: val_loss=1.1076, val_acc=66.67%
2025-02-04 16:43:55,563 - INFO - Epoch 106: EPOCH_AVG_TRAIN_LOSS=0.9734
2025-02-04 16:43:55,566 - INFO - ####################Training epoch 107####################
2025-02-04 16:43:55,793 - INFO - Epoch 107: train_loss=0.9744
2025-02-04 16:43:56,077 - INFO - Epoch 107: val_loss=1.1076, val_acc=66.67%
2025-02-04 16:43:56,080 - INFO - Epoch 107: EPOCH_AVG_TRAIN_LOSS=0.9744
2025-02-04 16:43:56,084 - INFO - ####################Training epoch 108####################
2025-02-04 16:43:56,313 - INFO - Epoch 108: train_loss=0.9737
2025-02-04 16:43:56,592 - INFO - Epoch 108: val_loss=1.1076, val_acc=66.67%
2025-02-04 16:43:56,595 - INFO - Epoch 108: EPOCH_AVG_TRAIN_LOSS=0.9737
2025-02-04 16:43:56,599 - INFO - ####################Training epoch 109####################
2025-02-04 16:43:56,825 - INFO - Epoch 109: train_loss=0.9739
2025-02-04 16:43:57,110 - INFO - Epoch 109: val_loss=1.1076, val_acc=66.67%
2025-02-04 16:43:57,114 - INFO - Epoch 109: EPOCH_AVG_TRAIN_LOSS=0.9739
2025-02-04 16:43:57,117 - INFO - ####################Training epoch 110####################
2025-02-04 16:43:57,344 - INFO - Epoch 110: train_loss=0.9740
2025-02-04 16:43:57,625 - INFO - Epoch 110: val_loss=1.1076, val_acc=66.67%
2025-02-04 16:43:57,629 - INFO - Epoch 110: EPOCH_AVG_TRAIN_LOSS=0.9740
2025-02-04 16:43:57,632 - INFO - ####################Training epoch 111####################
2025-02-04 16:43:57,861 - INFO - Epoch 111: train_loss=0.9734
2025-02-04 16:43:58,144 - INFO - Epoch 111: val_loss=1.1076, val_acc=66.67%
2025-02-04 16:43:58,148 - INFO - Epoch 111: EPOCH_AVG_TRAIN_LOSS=0.9734
2025-02-04 16:43:58,151 - INFO - ####################Training epoch 112####################
2025-02-04 16:43:58,379 - INFO - Epoch 112: train_loss=0.9735
2025-02-04 16:43:58,662 - INFO - Epoch 112: val_loss=1.1076, val_acc=66.67%
2025-02-04 16:43:58,666 - INFO - Epoch 112: EPOCH_AVG_TRAIN_LOSS=0.9735
2025-02-04 16:43:58,669 - INFO - ####################Training epoch 113####################
2025-02-04 16:43:58,895 - INFO - Epoch 113: train_loss=0.9731
2025-02-04 16:43:59,178 - INFO - Epoch 113: val_loss=1.1076, val_acc=66.67%
2025-02-04 16:43:59,182 - INFO - Epoch 113: EPOCH_AVG_TRAIN_LOSS=0.9731
2025-02-04 16:43:59,185 - INFO - ####################Training epoch 114####################
2025-02-04 16:43:59,415 - INFO - Epoch 114: train_loss=0.9731
2025-02-04 16:43:59,701 - INFO - Epoch 114: val_loss=1.1076, val_acc=66.67%
2025-02-04 16:43:59,705 - INFO - Epoch 114: EPOCH_AVG_TRAIN_LOSS=0.9731
2025-02-04 16:43:59,708 - INFO - ####################Training epoch 115####################
2025-02-04 16:43:59,939 - INFO - Epoch 115: train_loss=0.9734
2025-02-04 16:44:00,222 - INFO - Epoch 115: val_loss=1.1076, val_acc=66.67%
2025-02-04 16:44:00,226 - INFO - Epoch 115: EPOCH_AVG_TRAIN_LOSS=0.9734
2025-02-04 16:44:00,229 - INFO - ####################Training epoch 116####################
2025-02-04 16:44:00,456 - INFO - Epoch 116: train_loss=0.9738
2025-02-04 16:44:00,740 - INFO - Epoch 116: val_loss=1.1076, val_acc=66.67%
2025-02-04 16:44:00,743 - INFO - Epoch 116: EPOCH_AVG_TRAIN_LOSS=0.9738
2025-02-04 16:44:00,747 - INFO - ####################Training epoch 117####################
2025-02-04 16:44:00,972 - INFO - Epoch 117: train_loss=0.9742
2025-02-04 16:44:01,256 - INFO - Epoch 117: val_loss=1.1076, val_acc=66.67%
2025-02-04 16:44:01,260 - INFO - Epoch 117: EPOCH_AVG_TRAIN_LOSS=0.9742
2025-02-04 16:44:01,263 - INFO - ####################Training epoch 118####################
2025-02-04 16:44:01,494 - INFO - Epoch 118: train_loss=0.9757
2025-02-04 16:44:01,780 - INFO - Epoch 118: val_loss=1.1076, val_acc=66.67%
2025-02-04 16:44:01,784 - INFO - Epoch 118: EPOCH_AVG_TRAIN_LOSS=0.9757
2025-02-04 16:44:01,787 - INFO - ####################Training epoch 119####################
2025-02-04 16:44:02,014 - INFO - Epoch 119: train_loss=0.9738
2025-02-04 16:44:02,299 - INFO - Epoch 119: val_loss=1.1076, val_acc=66.67%
2025-02-04 16:44:02,303 - INFO - Epoch 119: EPOCH_AVG_TRAIN_LOSS=0.9738
2025-02-04 16:44:02,306 - INFO - ####################Training epoch 120####################
2025-02-04 16:44:02,535 - INFO - Epoch 120: train_loss=0.9745
2025-02-04 16:44:02,819 - INFO - Epoch 120: val_loss=1.1076, val_acc=66.67%
2025-02-04 16:44:02,822 - INFO - Epoch 120: EPOCH_AVG_TRAIN_LOSS=0.9745
2025-02-04 16:44:02,825 - INFO - ####################Training epoch 121####################
2025-02-04 16:44:03,057 - INFO - Epoch 121: train_loss=0.9739
2025-02-04 16:44:03,336 - INFO - Epoch 121: val_loss=1.1076, val_acc=66.67%
2025-02-04 16:44:03,340 - INFO - Epoch 121: EPOCH_AVG_TRAIN_LOSS=0.9739
2025-02-04 16:44:03,343 - INFO - ####################Training epoch 122####################
2025-02-04 16:44:03,573 - INFO - Epoch 122: train_loss=0.9732
2025-02-04 16:44:03,857 - INFO - Epoch 122: val_loss=1.1077, val_acc=66.67%
2025-02-04 16:44:03,861 - INFO - Epoch 122: EPOCH_AVG_TRAIN_LOSS=0.9732
2025-02-04 16:44:03,864 - INFO - ####################Training epoch 123####################
2025-02-04 16:44:04,092 - INFO - Epoch 123: train_loss=0.9741
2025-02-04 16:44:04,376 - INFO - Epoch 123: val_loss=1.1076, val_acc=66.67%
2025-02-04 16:44:04,379 - INFO - Epoch 123: EPOCH_AVG_TRAIN_LOSS=0.9741
2025-02-04 16:44:04,383 - INFO - ####################Training epoch 124####################
2025-02-04 16:44:04,612 - INFO - Epoch 124: train_loss=0.9733
2025-02-04 16:44:04,895 - INFO - Epoch 124: val_loss=1.1076, val_acc=66.67%
2025-02-04 16:44:04,899 - INFO - Epoch 124: EPOCH_AVG_TRAIN_LOSS=0.9733
2025-02-04 16:44:04,902 - INFO - ####################Training epoch 125####################
2025-02-04 16:44:05,131 - INFO - Epoch 125: train_loss=0.9750
2025-02-04 16:44:05,410 - INFO - Epoch 125: val_loss=1.1076, val_acc=66.67%
2025-02-04 16:44:05,414 - INFO - Epoch 125: EPOCH_AVG_TRAIN_LOSS=0.9750
2025-02-04 16:44:05,417 - INFO - ####################Training epoch 126####################
2025-02-04 16:44:05,642 - INFO - Epoch 126: train_loss=0.9741
2025-02-04 16:44:05,927 - INFO - Epoch 126: val_loss=1.1076, val_acc=66.67%
2025-02-04 16:44:05,930 - INFO - Epoch 126: EPOCH_AVG_TRAIN_LOSS=0.9741
2025-02-04 16:44:05,933 - INFO - ####################Training epoch 127####################
2025-02-04 16:44:06,162 - INFO - Epoch 127: train_loss=0.9752
2025-02-04 16:44:06,447 - INFO - Epoch 127: val_loss=1.1076, val_acc=66.67%
2025-02-04 16:44:06,450 - INFO - Epoch 127: EPOCH_AVG_TRAIN_LOSS=0.9752
2025-02-04 16:44:06,454 - INFO - ####################Training epoch 128####################
2025-02-04 16:44:06,684 - INFO - Epoch 128: train_loss=0.9729
2025-02-04 16:44:06,965 - INFO - Epoch 128: val_loss=1.1076, val_acc=66.67%
2025-02-04 16:44:06,968 - INFO - Epoch 128: EPOCH_AVG_TRAIN_LOSS=0.9729
2025-02-04 16:44:06,972 - INFO - ####################Training epoch 129####################
2025-02-04 16:44:07,200 - INFO - Epoch 129: train_loss=0.9743
2025-02-04 16:44:07,485 - INFO - Epoch 129: val_loss=1.1076, val_acc=66.67%
2025-02-04 16:44:07,488 - INFO - Epoch 129: EPOCH_AVG_TRAIN_LOSS=0.9743
2025-02-04 16:44:07,491 - INFO - ####################Training epoch 130####################
2025-02-04 16:44:07,723 - INFO - Epoch 130: train_loss=0.9740
2025-02-04 16:44:08,001 - INFO - Epoch 130: val_loss=1.1076, val_acc=66.67%
2025-02-04 16:44:08,005 - INFO - Epoch 130: EPOCH_AVG_TRAIN_LOSS=0.9740
2025-02-04 16:44:08,008 - INFO - ####################Training epoch 131####################
2025-02-04 16:44:08,238 - INFO - Epoch 131: train_loss=0.9737
2025-02-04 16:44:08,522 - INFO - Epoch 131: val_loss=1.1076, val_acc=66.67%
2025-02-04 16:44:08,525 - INFO - Epoch 131: EPOCH_AVG_TRAIN_LOSS=0.9737
2025-02-04 16:44:08,528 - INFO - ####################Training epoch 132####################
2025-02-04 16:44:08,760 - INFO - Epoch 132: train_loss=0.9751
2025-02-04 16:44:09,040 - INFO - Epoch 132: val_loss=1.1076, val_acc=66.67%
2025-02-04 16:44:09,044 - INFO - Epoch 132: EPOCH_AVG_TRAIN_LOSS=0.9751
2025-02-04 16:44:09,047 - INFO - ####################Training epoch 133####################
2025-02-04 16:44:09,274 - INFO - Epoch 133: train_loss=0.9751
2025-02-04 16:44:09,558 - INFO - Epoch 133: val_loss=1.1076, val_acc=66.67%
2025-02-04 16:44:09,562 - INFO - Epoch 133: EPOCH_AVG_TRAIN_LOSS=0.9751
2025-02-04 16:44:09,565 - INFO - ####################Training epoch 134####################
2025-02-04 16:44:09,793 - INFO - Epoch 134: train_loss=0.9749
2025-02-04 16:44:10,079 - INFO - Epoch 134: val_loss=1.1076, val_acc=66.67%
2025-02-04 16:44:10,082 - INFO - Epoch 134: EPOCH_AVG_TRAIN_LOSS=0.9749
2025-02-04 16:44:10,085 - INFO - ####################Training epoch 135####################
2025-02-04 16:44:10,315 - INFO - Epoch 135: train_loss=0.9750
2025-02-04 16:44:10,599 - INFO - Epoch 135: val_loss=1.1076, val_acc=66.67%
2025-02-04 16:44:10,603 - INFO - Epoch 135: EPOCH_AVG_TRAIN_LOSS=0.9750
2025-02-04 16:44:10,606 - INFO - ####################Training epoch 136####################
2025-02-04 16:44:10,836 - INFO - Epoch 136: train_loss=0.9743
2025-02-04 16:44:11,118 - INFO - Epoch 136: val_loss=1.1076, val_acc=66.67%
2025-02-04 16:44:11,121 - INFO - Epoch 136: EPOCH_AVG_TRAIN_LOSS=0.9743
2025-02-04 16:44:11,125 - INFO - ####################Training epoch 137####################
2025-02-04 16:44:11,354 - INFO - Epoch 137: train_loss=0.9741
2025-02-04 16:44:11,638 - INFO - Epoch 137: val_loss=1.1076, val_acc=66.67%
2025-02-04 16:44:11,642 - INFO - Epoch 137: EPOCH_AVG_TRAIN_LOSS=0.9741
2025-02-04 16:44:11,645 - INFO - ####################Training epoch 138####################
2025-02-04 16:44:11,877 - INFO - Epoch 138: train_loss=0.9740
2025-02-04 16:44:12,163 - INFO - Epoch 138: val_loss=1.1076, val_acc=66.67%
2025-02-04 16:44:12,167 - INFO - Epoch 138: EPOCH_AVG_TRAIN_LOSS=0.9740
2025-02-04 16:44:12,170 - INFO - ####################Training epoch 139####################
2025-02-04 16:44:12,399 - INFO - Epoch 139: train_loss=0.9757
2025-02-04 16:44:12,678 - INFO - Epoch 139: val_loss=1.1076, val_acc=66.67%
2025-02-04 16:44:12,682 - INFO - Epoch 139: EPOCH_AVG_TRAIN_LOSS=0.9757
2025-02-04 16:44:12,685 - INFO - ####################Training epoch 140####################
2025-02-04 16:44:12,913 - INFO - Epoch 140: train_loss=0.9734
2025-02-04 16:44:13,196 - INFO - Epoch 140: val_loss=1.1076, val_acc=66.67%
2025-02-04 16:44:13,200 - INFO - Epoch 140: EPOCH_AVG_TRAIN_LOSS=0.9734
2025-02-04 16:44:13,203 - INFO - ####################Training epoch 141####################
2025-02-04 16:44:13,429 - INFO - Epoch 141: train_loss=0.9745
2025-02-04 16:44:13,711 - INFO - Epoch 141: val_loss=1.1077, val_acc=66.67%
2025-02-04 16:44:13,715 - INFO - Epoch 141: EPOCH_AVG_TRAIN_LOSS=0.9745
2025-02-04 16:44:13,718 - INFO - ####################Training epoch 142####################
2025-02-04 16:44:13,945 - INFO - Epoch 142: train_loss=0.9734
2025-02-04 16:44:14,227 - INFO - Epoch 142: val_loss=1.1077, val_acc=66.67%
2025-02-04 16:44:14,230 - INFO - Epoch 142: EPOCH_AVG_TRAIN_LOSS=0.9734
2025-02-04 16:44:14,233 - INFO - ####################Training epoch 143####################
2025-02-04 16:44:14,461 - INFO - Epoch 143: train_loss=0.9749
2025-02-04 16:44:14,745 - INFO - Epoch 143: val_loss=1.1076, val_acc=66.67%
2025-02-04 16:44:14,748 - INFO - Epoch 143: EPOCH_AVG_TRAIN_LOSS=0.9749
2025-02-04 16:44:14,751 - INFO - ####################Training epoch 144####################
2025-02-04 16:44:14,978 - INFO - Epoch 144: train_loss=0.9750
2025-02-04 16:44:15,263 - INFO - Epoch 144: val_loss=1.1077, val_acc=66.67%
2025-02-04 16:44:15,266 - INFO - Epoch 144: EPOCH_AVG_TRAIN_LOSS=0.9750
2025-02-04 16:44:15,270 - INFO - ####################Training epoch 145####################
2025-02-04 16:44:15,494 - INFO - Epoch 145: train_loss=0.9752
2025-02-04 16:44:15,775 - INFO - Epoch 145: val_loss=1.1076, val_acc=66.67%
2025-02-04 16:44:15,778 - INFO - Epoch 145: EPOCH_AVG_TRAIN_LOSS=0.9752
2025-02-04 16:44:15,782 - INFO - ####################Training epoch 146####################
2025-02-04 16:44:16,009 - INFO - Epoch 146: train_loss=0.9744
2025-02-04 16:44:16,291 - INFO - Epoch 146: val_loss=1.1076, val_acc=66.67%
2025-02-04 16:44:16,295 - INFO - Epoch 146: EPOCH_AVG_TRAIN_LOSS=0.9744
2025-02-04 16:44:16,298 - INFO - ####################Training epoch 147####################
2025-02-04 16:44:16,529 - INFO - Epoch 147: train_loss=0.9736
2025-02-04 16:44:16,811 - INFO - Epoch 147: val_loss=1.1076, val_acc=66.67%
2025-02-04 16:44:16,814 - INFO - Epoch 147: EPOCH_AVG_TRAIN_LOSS=0.9736
2025-02-04 16:44:16,817 - INFO - ####################Training epoch 148####################
2025-02-04 16:44:17,044 - INFO - Epoch 148: train_loss=0.9738
2025-02-04 16:44:17,323 - INFO - Epoch 148: val_loss=1.1076, val_acc=66.67%
2025-02-04 16:44:17,327 - INFO - Epoch 148: EPOCH_AVG_TRAIN_LOSS=0.9738
2025-02-04 16:44:17,330 - INFO - ####################Training epoch 149####################
2025-02-04 16:44:17,563 - INFO - Epoch 149: train_loss=0.9758
2025-02-04 16:44:17,846 - INFO - Epoch 149: val_loss=1.1076, val_acc=66.67%
2025-02-04 16:44:17,850 - INFO - Epoch 149: EPOCH_AVG_TRAIN_LOSS=0.9758
2025-02-04 16:44:17,853 - INFO - ####################Training epoch 150####################
2025-02-04 16:44:18,081 - INFO - Epoch 150: train_loss=0.9731
2025-02-04 16:44:18,365 - INFO - Epoch 150: val_loss=1.1076, val_acc=66.67%
2025-02-04 16:44:18,369 - INFO - Epoch 150: EPOCH_AVG_TRAIN_LOSS=0.9731
2025-02-04 16:44:18,372 - INFO - ####################Training epoch 151####################
2025-02-04 16:44:18,601 - INFO - Epoch 151: train_loss=0.9741
2025-02-04 16:44:18,885 - INFO - Epoch 151: val_loss=1.1076, val_acc=66.67%
2025-02-04 16:44:18,889 - INFO - Epoch 151: EPOCH_AVG_TRAIN_LOSS=0.9741
2025-02-04 16:44:18,892 - INFO - ####################Training epoch 152####################
2025-02-04 16:44:19,122 - INFO - Epoch 152: train_loss=0.9737
2025-02-04 16:44:19,405 - INFO - Epoch 152: val_loss=1.1076, val_acc=66.67%
2025-02-04 16:44:19,408 - INFO - Epoch 152: EPOCH_AVG_TRAIN_LOSS=0.9737
2025-02-04 16:44:19,412 - INFO - ####################Training epoch 153####################
2025-02-04 16:44:19,640 - INFO - Epoch 153: train_loss=0.9738
2025-02-04 16:44:19,924 - INFO - Epoch 153: val_loss=1.1076, val_acc=66.67%
2025-02-04 16:44:19,928 - INFO - Epoch 153: EPOCH_AVG_TRAIN_LOSS=0.9738
2025-02-04 16:44:19,931 - INFO - ####################Training epoch 154####################
2025-02-04 16:44:20,160 - INFO - Epoch 154: train_loss=0.9762
2025-02-04 16:44:20,444 - INFO - Epoch 154: val_loss=1.1076, val_acc=66.67%
2025-02-04 16:44:20,448 - INFO - Epoch 154: EPOCH_AVG_TRAIN_LOSS=0.9762
2025-02-04 16:44:20,451 - INFO - ####################Training epoch 155####################
2025-02-04 16:44:20,679 - INFO - Epoch 155: train_loss=0.9753
2025-02-04 16:44:20,963 - INFO - Epoch 155: val_loss=1.1076, val_acc=66.67%
2025-02-04 16:44:20,967 - INFO - Epoch 155: EPOCH_AVG_TRAIN_LOSS=0.9753
2025-02-04 16:44:20,970 - INFO - ####################Training epoch 156####################
2025-02-04 16:44:21,200 - INFO - Epoch 156: train_loss=0.9753
2025-02-04 16:44:21,484 - INFO - Epoch 156: val_loss=1.1076, val_acc=66.67%
2025-02-04 16:44:21,488 - INFO - Epoch 156: EPOCH_AVG_TRAIN_LOSS=0.9753
2025-02-04 16:44:21,491 - INFO - ####################Training epoch 157####################
2025-02-04 16:44:21,720 - INFO - Epoch 157: train_loss=0.9764
2025-02-04 16:44:21,999 - INFO - Epoch 157: val_loss=1.1076, val_acc=66.67%
2025-02-04 16:44:22,003 - INFO - Epoch 157: EPOCH_AVG_TRAIN_LOSS=0.9764
2025-02-04 16:44:22,006 - INFO - ####################Training epoch 158####################
2025-02-04 16:44:22,231 - INFO - Epoch 158: train_loss=0.9748
2025-02-04 16:44:22,512 - INFO - Epoch 158: val_loss=1.1076, val_acc=66.67%
2025-02-04 16:44:22,516 - INFO - Epoch 158: EPOCH_AVG_TRAIN_LOSS=0.9748
2025-02-04 16:44:22,519 - INFO - ####################Training epoch 159####################
2025-02-04 16:44:22,750 - INFO - Epoch 159: train_loss=0.9734
2025-02-04 16:44:23,029 - INFO - Epoch 159: val_loss=1.1076, val_acc=66.67%
2025-02-04 16:44:23,032 - INFO - Epoch 159: EPOCH_AVG_TRAIN_LOSS=0.9734
2025-02-04 16:44:23,035 - INFO - ####################Training epoch 160####################
2025-02-04 16:44:23,266 - INFO - Epoch 160: train_loss=0.9738
2025-02-04 16:44:23,552 - INFO - Epoch 160: val_loss=1.1076, val_acc=66.67%
2025-02-04 16:44:23,555 - INFO - Epoch 160: EPOCH_AVG_TRAIN_LOSS=0.9738
2025-02-04 16:44:23,559 - INFO - ####################Training epoch 161####################
2025-02-04 16:44:23,789 - INFO - Epoch 161: train_loss=0.9748
2025-02-04 16:44:24,075 - INFO - Epoch 161: val_loss=1.1076, val_acc=66.67%
2025-02-04 16:44:24,078 - INFO - Epoch 161: EPOCH_AVG_TRAIN_LOSS=0.9748
2025-02-04 16:44:24,081 - INFO - ####################Training epoch 162####################
2025-02-04 16:44:24,308 - INFO - Epoch 162: train_loss=0.9737
2025-02-04 16:44:24,589 - INFO - Epoch 162: val_loss=1.1076, val_acc=66.67%
2025-02-04 16:44:24,593 - INFO - Epoch 162: EPOCH_AVG_TRAIN_LOSS=0.9737
2025-02-04 16:44:24,596 - INFO - ####################Training epoch 163####################
2025-02-04 16:44:24,829 - INFO - Epoch 163: train_loss=0.9748
2025-02-04 16:44:25,109 - INFO - Epoch 163: val_loss=1.1076, val_acc=66.67%
2025-02-04 16:44:25,112 - INFO - Epoch 163: EPOCH_AVG_TRAIN_LOSS=0.9748
2025-02-04 16:44:25,115 - INFO - ####################Training epoch 164####################
2025-02-04 16:44:25,342 - INFO - Epoch 164: train_loss=0.9744
2025-02-04 16:44:25,625 - INFO - Epoch 164: val_loss=1.1076, val_acc=66.67%
2025-02-04 16:44:25,630 - INFO - Epoch 164: EPOCH_AVG_TRAIN_LOSS=0.9744
2025-02-04 16:44:25,633 - INFO - ####################Training epoch 165####################
2025-02-04 16:44:25,860 - INFO - Epoch 165: train_loss=0.9740
2025-02-04 16:44:26,143 - INFO - Epoch 165: val_loss=1.1076, val_acc=66.67%
2025-02-04 16:44:26,147 - INFO - Epoch 165: EPOCH_AVG_TRAIN_LOSS=0.9740
2025-02-04 16:44:26,150 - INFO - ####################Training epoch 166####################
2025-02-04 16:44:26,379 - INFO - Epoch 166: train_loss=0.9744
2025-02-04 16:44:26,664 - INFO - Epoch 166: val_loss=1.1076, val_acc=66.67%
2025-02-04 16:44:26,667 - INFO - Epoch 166: EPOCH_AVG_TRAIN_LOSS=0.9744
2025-02-04 16:44:26,670 - INFO - ####################Training epoch 167####################
2025-02-04 16:44:26,900 - INFO - Epoch 167: train_loss=0.9745
2025-02-04 16:44:27,184 - INFO - Epoch 167: val_loss=1.1076, val_acc=66.67%
2025-02-04 16:44:27,188 - INFO - Epoch 167: EPOCH_AVG_TRAIN_LOSS=0.9745
2025-02-04 16:44:27,191 - INFO - ####################Training epoch 168####################
2025-02-04 16:44:27,421 - INFO - Epoch 168: train_loss=0.9743
2025-02-04 16:44:27,701 - INFO - Epoch 168: val_loss=1.1076, val_acc=66.67%
2025-02-04 16:44:27,704 - INFO - Epoch 168: EPOCH_AVG_TRAIN_LOSS=0.9743
2025-02-04 16:44:27,708 - INFO - ####################Training epoch 169####################
2025-02-04 16:44:27,935 - INFO - Epoch 169: train_loss=0.9737
2025-02-04 16:44:28,218 - INFO - Epoch 169: val_loss=1.1076, val_acc=66.67%
2025-02-04 16:44:28,222 - INFO - Epoch 169: EPOCH_AVG_TRAIN_LOSS=0.9737
2025-02-04 16:44:28,225 - INFO - ####################Training epoch 170####################
2025-02-04 16:44:28,455 - INFO - Epoch 170: train_loss=0.9746
2025-02-04 16:44:28,746 - INFO - Epoch 170: val_loss=1.1076, val_acc=66.67%
2025-02-04 16:44:28,749 - INFO - Epoch 170: EPOCH_AVG_TRAIN_LOSS=0.9746
2025-02-04 16:44:28,753 - INFO - ####################Training epoch 171####################
2025-02-04 16:44:28,983 - INFO - Epoch 171: train_loss=0.9745
2025-02-04 16:44:29,413 - INFO - Epoch 171: val_loss=1.1076, val_acc=66.67%
2025-02-04 16:44:29,416 - INFO - Epoch 171: EPOCH_AVG_TRAIN_LOSS=0.9745
2025-02-04 16:44:29,419 - INFO - ####################Training epoch 172####################
2025-02-04 16:44:29,649 - INFO - Epoch 172: train_loss=0.9742
2025-02-04 16:44:29,939 - INFO - Epoch 172: val_loss=1.1076, val_acc=66.67%
2025-02-04 16:44:29,943 - INFO - Epoch 172: EPOCH_AVG_TRAIN_LOSS=0.9742
2025-02-04 16:44:29,946 - INFO - ####################Training epoch 173####################
2025-02-04 16:44:30,179 - INFO - Epoch 173: train_loss=0.9730
2025-02-04 16:44:30,462 - INFO - Epoch 173: val_loss=1.1076, val_acc=66.67%
2025-02-04 16:44:30,466 - INFO - Epoch 173: EPOCH_AVG_TRAIN_LOSS=0.9730
2025-02-04 16:44:30,469 - INFO - ####################Training epoch 174####################
2025-02-04 16:44:30,700 - INFO - Epoch 174: train_loss=0.9741
2025-02-04 16:44:30,985 - INFO - Epoch 174: val_loss=1.1076, val_acc=66.67%
2025-02-04 16:44:30,989 - INFO - Epoch 174: EPOCH_AVG_TRAIN_LOSS=0.9741
2025-02-04 16:44:30,992 - INFO - ####################Training epoch 175####################
2025-02-04 16:44:31,223 - INFO - Epoch 175: train_loss=0.9754
2025-02-04 16:44:31,508 - INFO - Epoch 175: val_loss=1.1076, val_acc=66.67%
2025-02-04 16:44:31,511 - INFO - Epoch 175: EPOCH_AVG_TRAIN_LOSS=0.9754
2025-02-04 16:44:31,515 - INFO - ####################Training epoch 176####################
2025-02-04 16:44:31,748 - INFO - Epoch 176: train_loss=0.9741
2025-02-04 16:44:32,033 - INFO - Epoch 176: val_loss=1.1076, val_acc=66.67%
2025-02-04 16:44:32,037 - INFO - Epoch 176: EPOCH_AVG_TRAIN_LOSS=0.9741
2025-02-04 16:44:32,040 - INFO - ####################Training epoch 177####################
2025-02-04 16:44:32,271 - INFO - Epoch 177: train_loss=0.9740
2025-02-04 16:44:32,556 - INFO - Epoch 177: val_loss=1.1076, val_acc=66.67%
2025-02-04 16:44:32,559 - INFO - Epoch 177: EPOCH_AVG_TRAIN_LOSS=0.9740
2025-02-04 16:44:32,563 - INFO - ####################Training epoch 178####################
2025-02-04 16:44:32,796 - INFO - Epoch 178: train_loss=0.9753
2025-02-04 16:44:33,079 - INFO - Epoch 178: val_loss=1.1076, val_acc=66.67%
2025-02-04 16:44:33,083 - INFO - Epoch 178: EPOCH_AVG_TRAIN_LOSS=0.9753
2025-02-04 16:44:33,086 - INFO - ####################Training epoch 179####################
2025-02-04 16:44:33,317 - INFO - Epoch 179: train_loss=0.9734
2025-02-04 16:44:33,601 - INFO - Epoch 179: val_loss=1.1076, val_acc=66.67%
2025-02-04 16:44:33,605 - INFO - Epoch 179: EPOCH_AVG_TRAIN_LOSS=0.9734
2025-02-04 16:44:33,608 - INFO - ####################Training epoch 180####################
2025-02-04 16:44:33,842 - INFO - Epoch 180: train_loss=0.9743
2025-02-04 16:44:34,125 - INFO - Epoch 180: val_loss=1.1076, val_acc=66.67%
2025-02-04 16:44:34,129 - INFO - Epoch 180: EPOCH_AVG_TRAIN_LOSS=0.9743
2025-02-04 16:44:34,132 - INFO - ####################Training epoch 181####################
2025-02-04 16:44:34,363 - INFO - Epoch 181: train_loss=0.9729
2025-02-04 16:44:34,647 - INFO - Epoch 181: val_loss=1.1076, val_acc=66.67%
2025-02-04 16:44:34,651 - INFO - Epoch 181: EPOCH_AVG_TRAIN_LOSS=0.9729
2025-02-04 16:44:34,654 - INFO - ####################Training epoch 182####################
2025-02-04 16:44:34,885 - INFO - Epoch 182: train_loss=0.9752
2025-02-04 16:44:35,171 - INFO - Epoch 182: val_loss=1.1077, val_acc=66.67%
2025-02-04 16:44:35,175 - INFO - Epoch 182: EPOCH_AVG_TRAIN_LOSS=0.9752
2025-02-04 16:44:35,178 - INFO - ####################Training epoch 183####################
2025-02-04 16:44:35,410 - INFO - Epoch 183: train_loss=0.9751
2025-02-04 16:44:35,695 - INFO - Epoch 183: val_loss=1.1076, val_acc=66.67%
2025-02-04 16:44:35,698 - INFO - Epoch 183: EPOCH_AVG_TRAIN_LOSS=0.9751
2025-02-04 16:44:35,701 - INFO - ####################Training epoch 184####################
2025-02-04 16:44:35,932 - INFO - Epoch 184: train_loss=0.9738
2025-02-04 16:44:36,219 - INFO - Epoch 184: val_loss=1.1076, val_acc=66.67%
2025-02-04 16:44:36,223 - INFO - Epoch 184: EPOCH_AVG_TRAIN_LOSS=0.9738
2025-02-04 16:44:36,226 - INFO - ####################Training epoch 185####################
2025-02-04 16:44:36,455 - INFO - Epoch 185: train_loss=0.9746
2025-02-04 16:44:36,740 - INFO - Epoch 185: val_loss=1.1077, val_acc=66.67%
2025-02-04 16:44:36,743 - INFO - Epoch 185: EPOCH_AVG_TRAIN_LOSS=0.9746
2025-02-04 16:44:36,746 - INFO - ####################Training epoch 186####################
2025-02-04 16:44:36,977 - INFO - Epoch 186: train_loss=0.9732
2025-02-04 16:44:37,264 - INFO - Epoch 186: val_loss=1.1077, val_acc=66.67%
2025-02-04 16:44:37,268 - INFO - Epoch 186: EPOCH_AVG_TRAIN_LOSS=0.9732
2025-02-04 16:44:37,271 - INFO - ####################Training epoch 187####################
2025-02-04 16:44:37,502 - INFO - Epoch 187: train_loss=0.9734
2025-02-04 16:44:37,786 - INFO - Epoch 187: val_loss=1.1077, val_acc=66.67%
2025-02-04 16:44:37,789 - INFO - Epoch 187: EPOCH_AVG_TRAIN_LOSS=0.9734
2025-02-04 16:44:37,793 - INFO - ####################Training epoch 188####################
2025-02-04 16:44:38,021 - INFO - Epoch 188: train_loss=0.9741
2025-02-04 16:44:38,307 - INFO - Epoch 188: val_loss=1.1077, val_acc=66.67%
2025-02-04 16:44:38,310 - INFO - Epoch 188: EPOCH_AVG_TRAIN_LOSS=0.9741
2025-02-04 16:44:38,314 - INFO - ####################Training epoch 189####################
2025-02-04 16:44:38,543 - INFO - Epoch 189: train_loss=0.9749
2025-02-04 16:44:38,830 - INFO - Epoch 189: val_loss=1.1077, val_acc=66.67%
2025-02-04 16:44:38,833 - INFO - Epoch 189: EPOCH_AVG_TRAIN_LOSS=0.9749
2025-02-04 16:44:38,837 - INFO - ####################Training epoch 190####################
2025-02-04 16:44:39,066 - INFO - Epoch 190: train_loss=0.9743
2025-02-04 16:44:39,351 - INFO - Epoch 190: val_loss=1.1077, val_acc=66.67%
2025-02-04 16:44:39,355 - INFO - Epoch 190: EPOCH_AVG_TRAIN_LOSS=0.9743
2025-02-04 16:44:39,358 - INFO - ####################Training epoch 191####################
2025-02-04 16:44:39,591 - INFO - Epoch 191: train_loss=0.9739
2025-02-04 16:44:39,879 - INFO - Epoch 191: val_loss=1.1077, val_acc=66.67%
2025-02-04 16:44:39,883 - INFO - Epoch 191: EPOCH_AVG_TRAIN_LOSS=0.9739
2025-02-04 16:44:39,886 - INFO - ####################Training epoch 192####################
2025-02-04 16:44:40,118 - INFO - Epoch 192: train_loss=0.9747
2025-02-04 16:44:40,404 - INFO - Epoch 192: val_loss=1.1077, val_acc=66.67%
2025-02-04 16:44:40,408 - INFO - Epoch 192: EPOCH_AVG_TRAIN_LOSS=0.9747
2025-02-04 16:44:40,411 - INFO - ####################Training epoch 193####################
2025-02-04 16:44:40,643 - INFO - Epoch 193: train_loss=0.9740
2025-02-04 16:44:40,933 - INFO - Epoch 193: val_loss=1.1077, val_acc=66.67%
2025-02-04 16:44:40,936 - INFO - Epoch 193: EPOCH_AVG_TRAIN_LOSS=0.9740
2025-02-04 16:44:40,940 - INFO - ####################Training epoch 194####################
2025-02-04 16:44:41,172 - INFO - Epoch 194: train_loss=0.9734
2025-02-04 16:44:41,461 - INFO - Epoch 194: val_loss=1.1077, val_acc=66.67%
2025-02-04 16:44:41,464 - INFO - Epoch 194: EPOCH_AVG_TRAIN_LOSS=0.9734
2025-02-04 16:44:41,468 - INFO - ####################Training epoch 195####################
2025-02-04 16:44:41,699 - INFO - Epoch 195: train_loss=0.9742
2025-02-04 16:44:41,985 - INFO - Epoch 195: val_loss=1.1077, val_acc=66.67%
2025-02-04 16:44:41,989 - INFO - Epoch 195: EPOCH_AVG_TRAIN_LOSS=0.9742
2025-02-04 16:44:41,992 - INFO - ####################Training epoch 196####################
2025-02-04 16:44:42,225 - INFO - Epoch 196: train_loss=0.9740
2025-02-04 16:44:42,514 - INFO - Epoch 196: val_loss=1.1077, val_acc=66.67%
2025-02-04 16:44:42,518 - INFO - Epoch 196: EPOCH_AVG_TRAIN_LOSS=0.9740
2025-02-04 16:44:42,521 - INFO - ####################Training epoch 197####################
2025-02-04 16:44:42,753 - INFO - Epoch 197: train_loss=0.9744
2025-02-04 16:44:43,043 - INFO - Epoch 197: val_loss=1.1077, val_acc=66.67%
2025-02-04 16:44:43,046 - INFO - Epoch 197: EPOCH_AVG_TRAIN_LOSS=0.9744
2025-02-04 16:44:43,050 - INFO - ####################Training epoch 198####################
2025-02-04 16:44:43,285 - INFO - Epoch 198: train_loss=0.9736
2025-02-04 16:44:43,574 - INFO - Epoch 198: val_loss=1.1077, val_acc=66.67%
2025-02-04 16:44:43,577 - INFO - Epoch 198: EPOCH_AVG_TRAIN_LOSS=0.9736
2025-02-04 16:44:43,581 - INFO - ####################Training epoch 199####################
2025-02-04 16:44:43,814 - INFO - Epoch 199: train_loss=0.9755
2025-02-04 16:44:44,102 - INFO - Epoch 199: val_loss=1.1077, val_acc=66.67%
2025-02-04 16:44:44,105 - INFO - Epoch 199: EPOCH_AVG_TRAIN_LOSS=0.9755
2025-02-04 16:44:44,297 - INFO - Model saved.
