2025-02-04 17:01:28,538 - INFO - ==============Entering Encoder Block 0==============
2025-02-04 17:01:28,578 - INFO - ---------- attention(scaled dot-product) ---------- 
2025-02-04 17:01:28,596 - INFO - attn_output hasn't nan: True
2025-02-04 17:01:28,632 - INFO - ---------Layer Normalisation-----------
2025-02-04 17:01:28,634 - INFO - x hasn't nan: True
2025-02-04 17:01:28,636 - INFO - mu hasn't nan: True
2025-02-04 17:01:28,639 - INFO - var hasn't nan: True
2025-02-04 17:01:28,639 - INFO - x_normalised hasn't nan: True
2025-02-04 17:01:28,639 - INFO - x_tilde hasn't nan: True
2025-02-04 17:01:28,639 - INFO - ---------FFN-----------
2025-02-04 17:01:28,640 - INFO - s_i hasn't nan : True
2025-02-04 17:01:28,640 - INFO - h_i hasm't nan : True
2025-02-04 17:01:28,641 - INFO - x_next hasn't nan : True
2025-02-04 17:01:28,641 - INFO - ---------Layer Normalisation-----------
2025-02-04 17:01:28,641 - INFO - x hasn't nan: True
2025-02-04 17:01:28,642 - INFO - mu hasn't nan: True
2025-02-04 17:01:28,642 - INFO - var hasn't nan: True
2025-02-04 17:01:28,642 - INFO - x_normalised hasn't nan: True
2025-02-04 17:01:28,643 - INFO - x_tilde hasn't nan: True
2025-02-04 17:01:28,644 - INFO - Encoder Block 0 output hasn't nan: True
2025-02-04 17:01:28,644 - INFO - ==============Entering Encoder Block 1==============
2025-02-04 17:01:28,644 - INFO - ---------- attention(scaled dot-product) ---------- 
2025-02-04 17:01:28,655 - INFO - attn_output hasn't nan: True
2025-02-04 17:01:28,655 - INFO - ---------Layer Normalisation-----------
2025-02-04 17:01:28,657 - INFO - x hasn't nan: True
2025-02-04 17:01:28,660 - INFO - mu hasn't nan: True
2025-02-04 17:01:28,662 - INFO - var hasn't nan: True
2025-02-04 17:01:28,665 - INFO - x_normalised hasn't nan: True
2025-02-04 17:01:28,667 - INFO - x_tilde hasn't nan: True
2025-02-04 17:01:28,667 - INFO - ---------FFN-----------
2025-02-04 17:01:28,670 - INFO - s_i hasn't nan : True
2025-02-04 17:01:28,672 - INFO - h_i hasm't nan : True
2025-02-04 17:01:28,675 - INFO - x_next hasn't nan : True
2025-02-04 17:01:28,675 - INFO - ---------Layer Normalisation-----------
2025-02-04 17:01:28,677 - INFO - x hasn't nan: True
2025-02-04 17:01:28,680 - INFO - mu hasn't nan: True
2025-02-04 17:01:28,682 - INFO - var hasn't nan: True
2025-02-04 17:01:28,684 - INFO - x_normalised hasn't nan: True
2025-02-04 17:01:28,687 - INFO - x_tilde hasn't nan: True
2025-02-04 17:01:28,689 - INFO - Encoder Block 1 output hasn't nan: True
2025-02-04 17:01:28,689 - INFO - ==============Entering Encoder Block 2==============
2025-02-04 17:01:28,690 - INFO - ---------- attention(scaled dot-product) ---------- 
2025-02-04 17:01:28,706 - INFO - attn_output hasn't nan: True
2025-02-04 17:01:28,707 - INFO - ---------Layer Normalisation-----------
2025-02-04 17:01:28,709 - INFO - x hasn't nan: True
2025-02-04 17:01:28,711 - INFO - mu hasn't nan: True
2025-02-04 17:01:28,714 - INFO - var hasn't nan: True
2025-02-04 17:01:28,717 - INFO - x_normalised hasn't nan: True
2025-02-04 17:01:28,719 - INFO - x_tilde hasn't nan: True
2025-02-04 17:01:28,719 - INFO - ---------FFN-----------
2025-02-04 17:01:28,722 - INFO - s_i hasn't nan : True
2025-02-04 17:01:28,724 - INFO - h_i hasm't nan : True
2025-02-04 17:01:28,726 - INFO - x_next hasn't nan : True
2025-02-04 17:01:28,727 - INFO - ---------Layer Normalisation-----------
2025-02-04 17:01:28,728 - INFO - x hasn't nan: True
2025-02-04 17:01:28,728 - INFO - mu hasn't nan: True
2025-02-04 17:01:28,729 - INFO - var hasn't nan: True
2025-02-04 17:01:28,730 - INFO - x_normalised hasn't nan: True
2025-02-04 17:01:28,730 - INFO - x_tilde hasn't nan: True
2025-02-04 17:01:28,731 - INFO - Encoder Block 2 output hasn't nan: True
2025-02-04 17:01:28,731 - INFO - ---------Classification Head-----------
2025-02-04 17:01:28,731 - INFO - logits hasn't nan: True
2025-02-04 17:01:28,921 - INFO - #################### Training epoch 0 ####################
2025-02-04 17:01:28,939 - INFO - ==============Entering Encoder Block 0==============
