2025-02-04 17:38:53,012 - INFO - ==============Entering Encoder Block 0==============
2025-02-04 17:38:53,034 - INFO - ---------- attention(scaled dot-product) ---------- 
2025-02-04 17:38:53,043 - INFO - attn_output hasn't nan: True
2025-02-04 17:38:53,068 - INFO - ---------Layer Normalisation-----------
2025-02-04 17:38:53,068 - INFO - x hasn't nan: True
2025-02-04 17:38:53,068 - INFO - mu hasn't nan: True
2025-02-04 17:38:53,068 - INFO - var hasn't nan: True
2025-02-04 17:38:53,069 - INFO - x_normalised hasn't nan: True
2025-02-04 17:38:53,069 - INFO - x_tilde hasn't nan: True
2025-02-04 17:38:53,069 - INFO - ---------FFN-----------
2025-02-04 17:38:53,069 - INFO - s_i hasn't nan : True
2025-02-04 17:38:53,069 - INFO - h_i hasm't nan : True
2025-02-04 17:38:53,069 - INFO - x_next hasn't nan : True
2025-02-04 17:38:53,070 - INFO - ---------Layer Normalisation-----------
2025-02-04 17:38:53,070 - INFO - x hasn't nan: True
2025-02-04 17:38:53,070 - INFO - mu hasn't nan: True
2025-02-04 17:38:53,070 - INFO - var hasn't nan: True
2025-02-04 17:38:53,070 - INFO - x_normalised hasn't nan: True
2025-02-04 17:38:53,070 - INFO - x_tilde hasn't nan: True
2025-02-04 17:38:53,070 - INFO - Encoder Block 0 output hasn't nan: True
2025-02-04 17:38:53,070 - INFO - ==============Entering Encoder Block 1==============
2025-02-04 17:38:53,071 - INFO - ---------- attention(scaled dot-product) ---------- 
2025-02-04 17:38:53,078 - INFO - attn_output hasn't nan: True
2025-02-04 17:38:53,078 - INFO - ---------Layer Normalisation-----------
2025-02-04 17:38:53,079 - INFO - x hasn't nan: True
2025-02-04 17:38:53,079 - INFO - mu hasn't nan: True
2025-02-04 17:38:53,079 - INFO - var hasn't nan: True
2025-02-04 17:38:53,079 - INFO - x_normalised hasn't nan: True
2025-02-04 17:38:53,079 - INFO - x_tilde hasn't nan: True
2025-02-04 17:38:53,079 - INFO - ---------FFN-----------
2025-02-04 17:38:53,079 - INFO - s_i hasn't nan : True
2025-02-04 17:38:53,079 - INFO - h_i hasm't nan : True
2025-02-04 17:38:53,079 - INFO - x_next hasn't nan : True
2025-02-04 17:38:53,080 - INFO - ---------Layer Normalisation-----------
2025-02-04 17:38:53,080 - INFO - x hasn't nan: True
2025-02-04 17:38:53,080 - INFO - mu hasn't nan: True
2025-02-04 17:38:53,080 - INFO - var hasn't nan: True
2025-02-04 17:38:53,080 - INFO - x_normalised hasn't nan: True
2025-02-04 17:38:53,080 - INFO - x_tilde hasn't nan: True
2025-02-04 17:38:53,080 - INFO - Encoder Block 1 output hasn't nan: True
2025-02-04 17:38:53,080 - INFO - ==============Entering Encoder Block 2==============
2025-02-04 17:38:53,081 - INFO - ---------- attention(scaled dot-product) ---------- 
2025-02-04 17:38:53,088 - INFO - attn_output hasn't nan: True
2025-02-04 17:38:53,088 - INFO - ---------Layer Normalisation-----------
2025-02-04 17:38:53,088 - INFO - x hasn't nan: True
2025-02-04 17:38:53,089 - INFO - mu hasn't nan: True
2025-02-04 17:38:53,089 - INFO - var hasn't nan: True
2025-02-04 17:38:53,089 - INFO - x_normalised hasn't nan: True
2025-02-04 17:38:53,089 - INFO - x_tilde hasn't nan: True
2025-02-04 17:38:53,089 - INFO - ---------FFN-----------
2025-02-04 17:38:53,089 - INFO - s_i hasn't nan : True
2025-02-04 17:38:53,089 - INFO - h_i hasm't nan : True
2025-02-04 17:38:53,089 - INFO - x_next hasn't nan : True
2025-02-04 17:38:53,090 - INFO - ---------Layer Normalisation-----------
2025-02-04 17:38:53,090 - INFO - x hasn't nan: True
2025-02-04 17:38:53,090 - INFO - mu hasn't nan: True
2025-02-04 17:38:53,090 - INFO - var hasn't nan: True
2025-02-04 17:38:53,090 - INFO - x_normalised hasn't nan: True
2025-02-04 17:38:53,090 - INFO - x_tilde hasn't nan: True
2025-02-04 17:38:53,090 - INFO - Encoder Block 2 output hasn't nan: True
2025-02-04 17:38:53,090 - INFO - ---------Classification Head-----------
2025-02-04 17:38:53,091 - INFO - logits hasn't nan: True
2025-02-04 17:38:53,248 - INFO - #################### Training epoch 0 ####################
2025-02-04 17:38:53,270 - INFO - ==============Entering Encoder Block 0==============
2025-02-04 17:38:53,272 - INFO - ---------- attention(scaled dot-product) ---------- 
2025-02-04 17:38:53,310 - INFO - attn_output hasn't nan: True
2025-02-04 17:38:53,316 - INFO - ---------Layer Normalisation-----------
2025-02-04 17:38:53,316 - INFO - x hasn't nan: True
2025-02-04 17:38:53,316 - INFO - mu hasn't nan: True
2025-02-04 17:38:53,316 - INFO - var hasn't nan: True
2025-02-04 17:38:53,316 - INFO - x_normalised hasn't nan: True
2025-02-04 17:38:53,316 - INFO - x_tilde hasn't nan: True
2025-02-04 17:38:53,317 - INFO - ---------FFN-----------
2025-02-04 17:38:53,317 - INFO - s_i hasn't nan : True
2025-02-04 17:38:53,317 - INFO - h_i hasm't nan : True
2025-02-04 17:38:53,317 - INFO - x_next hasn't nan : True
2025-02-04 17:38:53,317 - INFO - ---------Layer Normalisation-----------
2025-02-04 17:38:53,317 - INFO - x hasn't nan: True
2025-02-04 17:38:53,318 - INFO - mu hasn't nan: True
2025-02-04 17:38:53,318 - INFO - var hasn't nan: True
2025-02-04 17:38:53,318 - INFO - x_normalised hasn't nan: True
2025-02-04 17:38:53,318 - INFO - x_tilde hasn't nan: True
2025-02-04 17:38:53,318 - INFO - Encoder Block 0 output hasn't nan: True
2025-02-04 17:38:53,318 - INFO - ==============Entering Encoder Block 1==============
2025-02-04 17:38:53,319 - INFO - ---------- attention(scaled dot-product) ---------- 
2025-02-04 17:38:53,358 - INFO - attn_output hasn't nan: True
2025-02-04 17:38:53,358 - INFO - ---------Layer Normalisation-----------
2025-02-04 17:38:53,358 - INFO - x hasn't nan: True
2025-02-04 17:38:53,358 - INFO - mu hasn't nan: True
2025-02-04 17:38:53,358 - INFO - var hasn't nan: True
2025-02-04 17:38:53,359 - INFO - x_normalised hasn't nan: True
2025-02-04 17:38:53,359 - INFO - x_tilde hasn't nan: True
2025-02-04 17:38:53,359 - INFO - ---------FFN-----------
2025-02-04 17:38:53,359 - INFO - s_i hasn't nan : True
2025-02-04 17:38:53,359 - INFO - h_i hasm't nan : True
2025-02-04 17:38:53,359 - INFO - x_next hasn't nan : True
2025-02-04 17:38:53,360 - INFO - ---------Layer Normalisation-----------
2025-02-04 17:38:53,360 - INFO - x hasn't nan: True
2025-02-04 17:38:53,360 - INFO - mu hasn't nan: True
2025-02-04 17:38:53,360 - INFO - var hasn't nan: True
2025-02-04 17:38:53,360 - INFO - x_normalised hasn't nan: True
2025-02-04 17:38:53,360 - INFO - x_tilde hasn't nan: True
2025-02-04 17:38:53,360 - INFO - Encoder Block 1 output hasn't nan: True
2025-02-04 17:38:53,360 - INFO - ==============Entering Encoder Block 2==============
2025-02-04 17:38:53,361 - INFO - ---------- attention(scaled dot-product) ---------- 
2025-02-04 17:38:53,400 - INFO - attn_output hasn't nan: True
2025-02-04 17:38:53,400 - INFO - ---------Layer Normalisation-----------
2025-02-04 17:38:53,401 - INFO - x hasn't nan: True
2025-02-04 17:38:53,401 - INFO - mu hasn't nan: True
2025-02-04 17:38:53,401 - INFO - var hasn't nan: True
2025-02-04 17:38:53,401 - INFO - x_normalised hasn't nan: True
2025-02-04 17:38:53,401 - INFO - x_tilde hasn't nan: True
2025-02-04 17:38:53,401 - INFO - ---------FFN-----------
2025-02-04 17:38:53,402 - INFO - s_i hasn't nan : True
2025-02-04 17:38:53,402 - INFO - h_i hasm't nan : True
2025-02-04 17:38:53,402 - INFO - x_next hasn't nan : True
2025-02-04 17:38:53,402 - INFO - ---------Layer Normalisation-----------
2025-02-04 17:38:53,402 - INFO - x hasn't nan: True
2025-02-04 17:38:53,403 - INFO - mu hasn't nan: True
2025-02-04 17:38:53,403 - INFO - var hasn't nan: True
2025-02-04 17:38:53,403 - INFO - x_normalised hasn't nan: True
2025-02-04 17:38:53,403 - INFO - x_tilde hasn't nan: True
2025-02-04 17:38:53,403 - INFO - Encoder Block 2 output hasn't nan: True
2025-02-04 17:38:53,403 - INFO - ---------Classification Head-----------
2025-02-04 17:38:53,403 - INFO - logits hasn't nan: True
2025-02-04 17:38:53,870 - INFO - ==============Entering Encoder Block 0==============
2025-02-04 17:38:53,871 - INFO - ---------- attention(scaled dot-product) ---------- 
2025-02-04 17:38:53,889 - INFO - attn_output hasn't nan: True
2025-02-04 17:38:53,889 - INFO - ---------Layer Normalisation-----------
2025-02-04 17:38:53,889 - INFO - x hasn't nan: True
2025-02-04 17:38:53,889 - INFO - mu hasn't nan: True
2025-02-04 17:38:53,889 - INFO - var hasn't nan: True
2025-02-04 17:38:53,889 - INFO - x_normalised hasn't nan: True
2025-02-04 17:38:53,889 - INFO - x_tilde hasn't nan: True
2025-02-04 17:38:53,890 - INFO - ---------FFN-----------
2025-02-04 17:38:53,890 - INFO - s_i hasn't nan : True
2025-02-04 17:38:53,890 - INFO - h_i hasm't nan : True
2025-02-04 17:38:53,890 - INFO - x_next hasn't nan : True
2025-02-04 17:38:53,890 - INFO - ---------Layer Normalisation-----------
2025-02-04 17:38:53,890 - INFO - x hasn't nan: True
2025-02-04 17:38:53,890 - INFO - mu hasn't nan: True
2025-02-04 17:38:53,891 - INFO - var hasn't nan: True
2025-02-04 17:38:53,891 - INFO - x_normalised hasn't nan: True
2025-02-04 17:38:53,891 - INFO - x_tilde hasn't nan: True
2025-02-04 17:38:53,891 - INFO - Encoder Block 0 output hasn't nan: True
2025-02-04 17:38:53,891 - INFO - ==============Entering Encoder Block 1==============
2025-02-04 17:38:53,891 - INFO - ---------- attention(scaled dot-product) ---------- 
2025-02-04 17:38:53,909 - INFO - attn_output hasn't nan: True
2025-02-04 17:38:53,910 - INFO - ---------Layer Normalisation-----------
2025-02-04 17:38:53,910 - INFO - x hasn't nan: True
2025-02-04 17:38:53,910 - INFO - mu hasn't nan: True
2025-02-04 17:38:53,910 - INFO - var hasn't nan: True
2025-02-04 17:38:53,910 - INFO - x_normalised hasn't nan: True
2025-02-04 17:38:53,910 - INFO - x_tilde hasn't nan: True
2025-02-04 17:38:53,910 - INFO - ---------FFN-----------
2025-02-04 17:38:53,911 - INFO - s_i hasn't nan : True
2025-02-04 17:38:53,911 - INFO - h_i hasm't nan : True
2025-02-04 17:38:53,911 - INFO - x_next hasn't nan : True
2025-02-04 17:38:53,911 - INFO - ---------Layer Normalisation-----------
2025-02-04 17:38:53,911 - INFO - x hasn't nan: True
2025-02-04 17:38:53,911 - INFO - mu hasn't nan: True
2025-02-04 17:38:53,911 - INFO - var hasn't nan: True
2025-02-04 17:38:53,911 - INFO - x_normalised hasn't nan: True
2025-02-04 17:38:53,911 - INFO - x_tilde hasn't nan: True
2025-02-04 17:38:53,912 - INFO - Encoder Block 1 output hasn't nan: True
2025-02-04 17:38:53,912 - INFO - ==============Entering Encoder Block 2==============
2025-02-04 17:38:53,912 - INFO - ---------- attention(scaled dot-product) ---------- 
2025-02-04 17:38:53,930 - INFO - attn_output hasn't nan: True
2025-02-04 17:38:53,931 - INFO - ---------Layer Normalisation-----------
2025-02-04 17:38:53,931 - INFO - x hasn't nan: True
2025-02-04 17:38:53,931 - INFO - mu hasn't nan: True
2025-02-04 17:38:53,931 - INFO - var hasn't nan: True
2025-02-04 17:38:53,931 - INFO - x_normalised hasn't nan: True
2025-02-04 17:38:53,931 - INFO - x_tilde hasn't nan: True
2025-02-04 17:38:53,932 - INFO - ---------FFN-----------
2025-02-04 17:38:53,932 - INFO - s_i hasn't nan : True
2025-02-04 17:38:53,932 - INFO - h_i hasm't nan : True
2025-02-04 17:38:53,932 - INFO - x_next hasn't nan : True
2025-02-04 17:38:53,932 - INFO - ---------Layer Normalisation-----------
2025-02-04 17:38:53,932 - INFO - x hasn't nan: True
2025-02-04 17:38:53,932 - INFO - mu hasn't nan: True
2025-02-04 17:38:53,932 - INFO - var hasn't nan: True
2025-02-04 17:38:53,932 - INFO - x_normalised hasn't nan: True
2025-02-04 17:38:53,933 - INFO - x_tilde hasn't nan: True
2025-02-04 17:38:53,933 - INFO - Encoder Block 2 output hasn't nan: True
2025-02-04 17:38:53,933 - INFO - ---------Classification Head-----------
2025-02-04 17:38:53,933 - INFO - logits hasn't nan: True
2025-02-04 17:38:54,289 - INFO - ==============Entering Encoder Block 0==============
2025-02-04 17:38:54,290 - INFO - ---------- attention(scaled dot-product) ---------- 
2025-02-04 17:38:54,296 - INFO - attn_output hasn't nan: True
2025-02-04 17:38:54,297 - INFO - ---------Layer Normalisation-----------
2025-02-04 17:38:54,297 - INFO - x hasn't nan: True
2025-02-04 17:38:54,297 - INFO - mu hasn't nan: True
2025-02-04 17:38:54,297 - INFO - var hasn't nan: True
2025-02-04 17:38:54,297 - INFO - x_normalised hasn't nan: True
2025-02-04 17:38:54,297 - INFO - x_tilde hasn't nan: True
2025-02-04 17:38:54,298 - INFO - ---------FFN-----------
2025-02-04 17:38:54,298 - INFO - s_i hasn't nan : True
2025-02-04 17:38:54,298 - INFO - h_i hasm't nan : True
2025-02-04 17:38:54,298 - INFO - x_next hasn't nan : True
2025-02-04 17:38:54,298 - INFO - ---------Layer Normalisation-----------
2025-02-04 17:38:54,298 - INFO - x hasn't nan: True
2025-02-04 17:38:54,298 - INFO - mu hasn't nan: True
2025-02-04 17:38:54,298 - INFO - var hasn't nan: True
2025-02-04 17:38:54,299 - INFO - x_normalised hasn't nan: True
2025-02-04 17:38:54,299 - INFO - x_tilde hasn't nan: True
2025-02-04 17:38:54,299 - INFO - Encoder Block 0 output hasn't nan: True
2025-02-04 17:38:54,299 - INFO - ==============Entering Encoder Block 1==============
2025-02-04 17:38:54,299 - INFO - ---------- attention(scaled dot-product) ---------- 
2025-02-04 17:38:54,306 - INFO - attn_output hasn't nan: True
2025-02-04 17:38:54,306 - INFO - ---------Layer Normalisation-----------
2025-02-04 17:38:54,306 - INFO - x hasn't nan: True
2025-02-04 17:38:54,307 - INFO - mu hasn't nan: True
2025-02-04 17:38:54,307 - INFO - var hasn't nan: True
2025-02-04 17:38:54,307 - INFO - x_normalised hasn't nan: True
2025-02-04 17:38:54,307 - INFO - x_tilde hasn't nan: True
2025-02-04 17:38:54,307 - INFO - ---------FFN-----------
2025-02-04 17:38:54,307 - INFO - s_i hasn't nan : True
2025-02-04 17:38:54,307 - INFO - h_i hasm't nan : True
2025-02-04 17:38:54,307 - INFO - x_next hasn't nan : True
2025-02-04 17:38:54,307 - INFO - ---------Layer Normalisation-----------
2025-02-04 17:38:54,308 - INFO - x hasn't nan: True
2025-02-04 17:38:54,308 - INFO - mu hasn't nan: True
2025-02-04 17:38:54,308 - INFO - var hasn't nan: True
2025-02-04 17:38:54,308 - INFO - x_normalised hasn't nan: True
2025-02-04 17:38:54,308 - INFO - x_tilde hasn't nan: True
2025-02-04 17:38:54,308 - INFO - Encoder Block 1 output hasn't nan: True
2025-02-04 17:38:54,308 - INFO - ==============Entering Encoder Block 2==============
2025-02-04 17:38:54,309 - INFO - ---------- attention(scaled dot-product) ---------- 
2025-02-04 17:38:54,315 - INFO - attn_output hasn't nan: True
2025-02-04 17:38:54,316 - INFO - ---------Layer Normalisation-----------
2025-02-04 17:38:54,316 - INFO - x hasn't nan: True
2025-02-04 17:38:54,316 - INFO - mu hasn't nan: True
2025-02-04 17:38:54,316 - INFO - var hasn't nan: True
2025-02-04 17:38:54,316 - INFO - x_normalised hasn't nan: True
2025-02-04 17:38:54,316 - INFO - x_tilde hasn't nan: True
2025-02-04 17:38:54,316 - INFO - ---------FFN-----------
2025-02-04 17:38:54,316 - INFO - s_i hasn't nan : True
2025-02-04 17:38:54,317 - INFO - h_i hasm't nan : True
2025-02-04 17:38:54,317 - INFO - x_next hasn't nan : True
2025-02-04 17:38:54,317 - INFO - ---------Layer Normalisation-----------
2025-02-04 17:38:54,317 - INFO - x hasn't nan: True
2025-02-04 17:38:54,317 - INFO - mu hasn't nan: True
2025-02-04 17:38:54,317 - INFO - var hasn't nan: True
2025-02-04 17:38:54,317 - INFO - x_normalised hasn't nan: True
2025-02-04 17:38:54,317 - INFO - x_tilde hasn't nan: True
2025-02-04 17:38:54,317 - INFO - Encoder Block 2 output hasn't nan: True
2025-02-04 17:38:54,318 - INFO - ---------Classification Head-----------
2025-02-04 17:38:54,318 - INFO - logits hasn't nan: True
