2025-02-04 17:38:52,553 - INFO - Starting training with the following parameters:
2025-02-04 17:38:52,554 - INFO - | Parameter       | Value               |
|-----------------|---------------------|
| attention       | Scaled Dot-Product|
| d_model         | 128            |
| n_heads         | 8              |
| d_f             | 128            |
| num_layers      | 3              |
| d_input         | 32             |
| num_classes     | 3              |
| dropout         | 0.1            |
| learning_rate   | 0.001          |
| epochs          | 200            |
| batch_size      | 16             |

2025-02-04 17:38:53,106 - INFO - Epoch 0: val_loss=1.4227, val_acc=0.00%
2025-02-04 17:38:53,248 - INFO - #################### Training epoch 0 ####################
2025-02-04 17:38:53,248 - INFO - Current Learning Rate: 1.000000e-03
2025-02-04 17:38:53,404 - INFO - Epoch 0: train_loss=1.0596
2025-02-04 17:38:53,933 - INFO - Epoch 0: train_loss=1.6170
2025-02-04 17:38:54,318 - INFO - Epoch 0: val_loss=1.3946, val_acc=0.00%
