2025-02-02 17:50:40,615 - INFO - Starting training with the following parameters:
2025-02-02 17:50:40,616 - INFO - | Parameter       | Value               |
|-----------------|---------------------|
| attention       | Scaled Dot-Product |
| d_model         | 128            |
| n_heads         | 8              |
| d_f             | 128            |
| num_layers      | 3              |
| d_input         | 32             |
| num_classes     | 3              |
| dropout         | 0.1            |
| learning_rate   | 0.0001         |
| epochs          | 100            |

2025-02-02 17:50:41,889 - INFO - Epoch 0: val_loss=1.9198, val_acc=0.00%
2025-02-02 17:50:42,640 - INFO - ####################Training epoch 0####################
2025-02-02 17:50:42,717 - INFO - Epoch 0: train_loss=1.1278
2025-02-02 17:50:42,993 - INFO - Epoch 0: train_loss=1.1521
2025-02-02 17:50:43,126 - INFO - Epoch 0: train_loss=1.4251
2025-02-02 17:50:44,226 - INFO - Epoch 0: val_loss=1.5796, val_acc=0.00%
2025-02-02 17:50:44,313 - INFO - ####################Training epoch 1####################
2025-02-02 17:50:45,436 - INFO - Epoch 1: train_loss=0.9830
2025-02-02 17:50:45,609 - INFO - Epoch 1: train_loss=1.1787
2025-02-02 17:50:45,742 - INFO - Epoch 1: train_loss=1.3407
2025-02-02 17:50:46,968 - INFO - Epoch 1: val_loss=1.4834, val_acc=33.33%
2025-02-02 17:50:46,995 - INFO - ####################Training epoch 2####################
2025-02-02 17:50:48,141 - INFO - Epoch 2: train_loss=1.2103
2025-02-02 17:50:48,316 - INFO - Epoch 2: train_loss=1.0277
2025-02-02 17:50:48,457 - INFO - Epoch 2: train_loss=0.9616
2025-02-02 17:50:49,585 - INFO - Epoch 2: val_loss=1.4799, val_acc=33.33%
2025-02-02 17:50:49,653 - INFO - ####################Training epoch 3####################
2025-02-02 17:50:50,756 - INFO - Epoch 3: train_loss=0.9749
2025-02-02 17:50:50,932 - INFO - Epoch 3: train_loss=1.1338
2025-02-02 17:50:51,071 - INFO - Epoch 3: train_loss=1.0549
2025-02-02 17:50:52,266 - INFO - Epoch 3: val_loss=1.5084, val_acc=33.33%
2025-02-02 17:50:52,297 - INFO - ####################Training epoch 4####################
2025-02-02 17:50:53,510 - INFO - Epoch 4: train_loss=1.0283
2025-02-02 17:50:53,676 - INFO - Epoch 4: train_loss=1.0481
2025-02-02 17:50:53,811 - INFO - Epoch 4: train_loss=0.9222
2025-02-02 17:50:55,049 - INFO - Epoch 4: val_loss=1.5829, val_acc=33.33%
2025-02-02 17:50:55,053 - INFO - ####################Training epoch 5####################
2025-02-02 17:50:56,299 - INFO - Epoch 5: train_loss=0.9658
2025-02-02 17:50:56,466 - INFO - Epoch 5: train_loss=1.0354
2025-02-02 17:50:56,600 - INFO - Epoch 5: train_loss=0.9649
2025-02-02 17:50:57,872 - INFO - Epoch 5: val_loss=1.6652, val_acc=33.33%
2025-02-02 17:50:57,876 - INFO - ####################Training epoch 6####################
2025-02-02 17:50:59,102 - INFO - Epoch 6: train_loss=1.0040
2025-02-02 17:50:59,268 - INFO - Epoch 6: train_loss=0.9768
2025-02-02 17:50:59,403 - INFO - Epoch 6: train_loss=0.9922
2025-02-02 17:51:00,646 - INFO - Epoch 6: val_loss=1.7182, val_acc=33.33%
2025-02-02 17:51:00,650 - INFO - ####################Training epoch 7####################
2025-02-02 17:51:01,861 - INFO - Epoch 7: train_loss=1.0368
2025-02-02 17:51:02,032 - INFO - Epoch 7: train_loss=0.8749
2025-02-02 17:51:02,167 - INFO - Epoch 7: train_loss=1.0873
2025-02-02 17:51:03,460 - INFO - Epoch 7: val_loss=1.7506, val_acc=33.33%
2025-02-02 17:51:03,465 - INFO - ####################Training epoch 8####################
2025-02-02 17:51:04,718 - INFO - Epoch 8: train_loss=1.0486
2025-02-02 17:51:04,882 - INFO - Epoch 8: train_loss=0.8697
2025-02-02 17:51:05,018 - INFO - Epoch 8: train_loss=0.9365
2025-02-02 17:51:06,310 - INFO - Epoch 8: val_loss=1.7326, val_acc=33.33%
2025-02-02 17:51:06,314 - INFO - ####################Training epoch 9####################
2025-02-02 17:51:07,563 - INFO - Epoch 9: train_loss=0.9624
2025-02-02 17:51:07,739 - INFO - Epoch 9: train_loss=0.8952
2025-02-02 17:51:07,878 - INFO - Epoch 9: train_loss=0.8800
2025-02-02 17:51:09,148 - INFO - Epoch 9: val_loss=1.7331, val_acc=33.33%
2025-02-02 17:51:09,152 - INFO - ####################Training epoch 10####################
2025-02-02 17:51:10,394 - INFO - Epoch 10: train_loss=0.8669
2025-02-02 17:51:10,571 - INFO - Epoch 10: train_loss=0.8264
2025-02-02 17:51:10,707 - INFO - Epoch 10: train_loss=1.2425
2025-02-02 17:51:12,026 - INFO - Epoch 10: val_loss=1.7435, val_acc=33.33%
2025-02-02 17:51:12,030 - INFO - ####################Training epoch 11####################
2025-02-02 17:51:13,256 - INFO - Epoch 11: train_loss=0.8036
2025-02-02 17:51:13,426 - INFO - Epoch 11: train_loss=0.9623
2025-02-02 17:51:13,561 - INFO - Epoch 11: train_loss=0.9999
2025-02-02 17:51:14,793 - INFO - Epoch 11: val_loss=1.7488, val_acc=33.33%
2025-02-02 17:51:14,797 - INFO - ####################Training epoch 12####################
2025-02-02 17:51:16,002 - INFO - Epoch 12: train_loss=0.7138
2025-02-02 17:51:16,177 - INFO - Epoch 12: train_loss=0.9601
2025-02-02 17:51:16,312 - INFO - Epoch 12: train_loss=1.1721
2025-02-02 17:51:17,472 - INFO - Epoch 12: val_loss=1.7714, val_acc=33.33%
2025-02-02 17:51:17,476 - INFO - ####################Training epoch 13####################
2025-02-02 17:51:18,683 - INFO - Epoch 13: train_loss=0.8982
2025-02-02 17:51:18,850 - INFO - Epoch 13: train_loss=0.9717
2025-02-02 17:51:18,985 - INFO - Epoch 13: train_loss=0.6015
2025-02-02 17:51:20,228 - INFO - Epoch 13: val_loss=1.7904, val_acc=33.33%
2025-02-02 17:51:20,232 - INFO - ####################Training epoch 14####################
2025-02-02 17:51:21,395 - INFO - Epoch 14: train_loss=1.0007
2025-02-02 17:51:21,570 - INFO - Epoch 14: train_loss=0.8125
2025-02-02 17:51:21,705 - INFO - Epoch 14: train_loss=0.6980
2025-02-02 17:51:22,920 - INFO - Epoch 14: val_loss=1.7994, val_acc=33.33%
2025-02-02 17:51:22,924 - INFO - ####################Training epoch 15####################
2025-02-02 17:51:24,135 - INFO - Epoch 15: train_loss=0.7673
2025-02-02 17:51:24,310 - INFO - Epoch 15: train_loss=0.8654
2025-02-02 17:51:24,451 - INFO - Epoch 15: train_loss=1.0740
2025-02-02 17:51:25,624 - INFO - Epoch 15: val_loss=1.8036, val_acc=33.33%
2025-02-02 17:51:25,627 - INFO - ####################Training epoch 16####################
2025-02-02 17:51:26,787 - INFO - Epoch 16: train_loss=0.7845
2025-02-02 17:51:26,962 - INFO - Epoch 16: train_loss=0.9214
2025-02-02 17:51:27,098 - INFO - Epoch 16: train_loss=0.8537
2025-02-02 17:51:28,298 - INFO - Epoch 16: val_loss=1.8073, val_acc=33.33%
2025-02-02 17:51:28,303 - INFO - ####################Training epoch 17####################
2025-02-02 17:51:29,512 - INFO - Epoch 17: train_loss=0.7226
2025-02-02 17:51:29,675 - INFO - Epoch 17: train_loss=0.8285
2025-02-02 17:51:29,810 - INFO - Epoch 17: train_loss=1.2176
2025-02-02 17:51:31,005 - INFO - Epoch 17: val_loss=1.8176, val_acc=33.33%
2025-02-02 17:51:31,009 - INFO - ####################Training epoch 18####################
2025-02-02 17:51:32,225 - INFO - Epoch 18: train_loss=0.8675
2025-02-02 17:51:32,399 - INFO - Epoch 18: train_loss=0.9372
2025-02-02 17:51:32,535 - INFO - Epoch 18: train_loss=0.5437
2025-02-02 17:51:33,739 - INFO - Epoch 18: val_loss=1.8164, val_acc=33.33%
2025-02-02 17:51:33,743 - INFO - ####################Training epoch 19####################
2025-02-02 17:51:34,962 - INFO - Epoch 19: train_loss=0.9044
2025-02-02 17:51:35,138 - INFO - Epoch 19: train_loss=0.8027
2025-02-02 17:51:35,274 - INFO - Epoch 19: train_loss=0.7574
2025-02-02 17:51:36,474 - INFO - Epoch 19: val_loss=1.8269, val_acc=33.33%
2025-02-02 17:51:36,478 - INFO - ####################Training epoch 20####################
2025-02-02 17:51:37,647 - INFO - Epoch 20: train_loss=0.8182
2025-02-02 17:51:37,817 - INFO - Epoch 20: train_loss=0.7419
2025-02-02 17:51:37,951 - INFO - Epoch 20: train_loss=1.1177
2025-02-02 17:51:39,144 - INFO - Epoch 20: val_loss=1.8275, val_acc=33.33%
2025-02-02 17:51:39,147 - INFO - ####################Training epoch 21####################
2025-02-02 17:51:40,365 - INFO - Epoch 21: train_loss=0.8638
2025-02-02 17:51:40,540 - INFO - Epoch 21: train_loss=0.8093
2025-02-02 17:51:40,677 - INFO - Epoch 21: train_loss=0.8000
2025-02-02 17:51:41,914 - INFO - Epoch 21: val_loss=1.8384, val_acc=33.33%
2025-02-02 17:51:41,918 - INFO - ####################Training epoch 22####################
2025-02-02 17:51:43,049 - INFO - Epoch 22: train_loss=0.7697
2025-02-02 17:51:43,220 - INFO - Epoch 22: train_loss=0.8555
2025-02-02 17:51:43,354 - INFO - Epoch 22: train_loss=0.9105
2025-02-02 17:51:44,585 - INFO - Epoch 22: val_loss=1.8468, val_acc=33.33%
2025-02-02 17:51:44,589 - INFO - ####################Training epoch 23####################
2025-02-02 17:51:45,842 - INFO - Epoch 23: train_loss=0.6811
2025-02-02 17:51:46,014 - INFO - Epoch 23: train_loss=0.8749
2025-02-02 17:51:46,149 - INFO - Epoch 23: train_loss=1.0527
2025-02-02 17:51:47,350 - INFO - Epoch 23: val_loss=1.8542, val_acc=33.33%
2025-02-02 17:51:47,354 - INFO - ####################Training epoch 24####################
2025-02-02 17:51:48,755 - INFO - Epoch 24: train_loss=0.8264
2025-02-02 17:51:48,931 - INFO - Epoch 24: train_loss=0.8972
2025-02-02 17:51:49,069 - INFO - Epoch 24: train_loss=0.6294
2025-02-02 17:51:49,977 - INFO - Epoch 24: val_loss=1.8633, val_acc=33.33%
2025-02-02 17:51:49,981 - INFO - ####################Training epoch 25####################
2025-02-02 17:51:51,118 - INFO - Epoch 25: train_loss=0.8270
2025-02-02 17:51:51,287 - INFO - Epoch 25: train_loss=0.9636
2025-02-02 17:51:51,425 - INFO - Epoch 25: train_loss=0.4487
2025-02-02 17:51:52,079 - INFO - Epoch 25: val_loss=1.8600, val_acc=33.33%
2025-02-02 17:51:52,084 - INFO - ####################Training epoch 26####################
2025-02-02 17:51:52,746 - INFO - Epoch 26: train_loss=0.9988
2025-02-02 17:51:52,903 - INFO - Epoch 26: train_loss=0.7465
2025-02-02 17:51:53,047 - INFO - Epoch 26: train_loss=0.5376
2025-02-02 17:51:53,725 - INFO - Epoch 26: val_loss=1.8756, val_acc=33.33%
2025-02-02 17:51:53,728 - INFO - ####################Training epoch 27####################
2025-02-02 17:51:54,384 - INFO - Epoch 27: train_loss=0.8685
2025-02-02 17:51:54,541 - INFO - Epoch 27: train_loss=0.7998
2025-02-02 17:51:54,676 - INFO - Epoch 27: train_loss=0.7322
2025-02-02 17:51:55,335 - INFO - Epoch 27: val_loss=1.8717, val_acc=33.33%
2025-02-02 17:51:55,339 - INFO - ####################Training epoch 28####################
2025-02-02 17:51:56,010 - INFO - Epoch 28: train_loss=0.7731
2025-02-02 17:51:56,167 - INFO - Epoch 28: train_loss=0.7455
2025-02-02 17:51:56,301 - INFO - Epoch 28: train_loss=1.0953
2025-02-02 17:51:56,981 - INFO - Epoch 28: val_loss=1.8752, val_acc=33.33%
2025-02-02 17:51:56,985 - INFO - ####################Training epoch 29####################
2025-02-02 17:51:57,644 - INFO - Epoch 29: train_loss=0.8398
2025-02-02 17:51:57,801 - INFO - Epoch 29: train_loss=0.8493
2025-02-02 17:51:57,936 - INFO - Epoch 29: train_loss=0.6531
2025-02-02 17:51:58,631 - INFO - Epoch 29: val_loss=1.8715, val_acc=33.33%
2025-02-02 17:51:58,635 - INFO - ####################Training epoch 30####################
2025-02-02 17:51:59,309 - INFO - Epoch 30: train_loss=0.7003
2025-02-02 17:51:59,466 - INFO - Epoch 30: train_loss=0.9045
2025-02-02 17:51:59,599 - INFO - Epoch 30: train_loss=0.8621
2025-02-02 17:52:00,250 - INFO - Epoch 30: val_loss=1.8827, val_acc=33.33%
2025-02-02 17:52:00,254 - INFO - ####################Training epoch 31####################
2025-02-02 17:52:00,889 - INFO - Epoch 31: train_loss=0.8441
2025-02-02 17:52:01,046 - INFO - Epoch 31: train_loss=0.7466
2025-02-02 17:52:01,179 - INFO - Epoch 31: train_loss=0.8882
2025-02-02 17:52:01,874 - INFO - Epoch 31: val_loss=1.8807, val_acc=33.33%
2025-02-02 17:52:01,878 - INFO - ####################Training epoch 32####################
2025-02-02 17:52:02,544 - INFO - Epoch 32: train_loss=0.7751
2025-02-02 17:52:02,701 - INFO - Epoch 32: train_loss=0.8781
2025-02-02 17:52:02,835 - INFO - Epoch 32: train_loss=0.7222
2025-02-02 17:52:03,483 - INFO - Epoch 32: val_loss=1.8789, val_acc=33.33%
2025-02-02 17:52:03,487 - INFO - ####################Training epoch 33####################
2025-02-02 17:52:04,119 - INFO - Epoch 33: train_loss=0.6434
2025-02-02 17:52:04,276 - INFO - Epoch 33: train_loss=0.9411
2025-02-02 17:52:04,411 - INFO - Epoch 33: train_loss=0.8872
2025-02-02 17:52:05,075 - INFO - Epoch 33: val_loss=1.8867, val_acc=33.33%
2025-02-02 17:52:05,079 - INFO - ####################Training epoch 34####################
2025-02-02 17:52:05,738 - INFO - Epoch 34: train_loss=0.9232
2025-02-02 17:52:05,896 - INFO - Epoch 34: train_loss=0.6606
2025-02-02 17:52:06,030 - INFO - Epoch 34: train_loss=0.8829
2025-02-02 17:52:06,683 - INFO - Epoch 34: val_loss=1.8830, val_acc=33.33%
2025-02-02 17:52:06,687 - INFO - ####################Training epoch 35####################
2025-02-02 17:52:07,345 - INFO - Epoch 35: train_loss=0.6792
2025-02-02 17:52:07,502 - INFO - Epoch 35: train_loss=0.9911
2025-02-02 17:52:07,636 - INFO - Epoch 35: train_loss=0.6677
2025-02-02 17:52:08,329 - INFO - Epoch 35: val_loss=1.8896, val_acc=33.33%
2025-02-02 17:52:08,333 - INFO - ####################Training epoch 36####################
2025-02-02 17:52:08,962 - INFO - Epoch 36: train_loss=0.8856
2025-02-02 17:52:09,119 - INFO - Epoch 36: train_loss=0.7547
2025-02-02 17:52:09,254 - INFO - Epoch 36: train_loss=0.7584
2025-02-02 17:52:09,953 - INFO - Epoch 36: val_loss=1.8902, val_acc=33.33%
2025-02-02 17:52:09,957 - INFO - ####################Training epoch 37####################
2025-02-02 17:52:10,618 - INFO - Epoch 37: train_loss=0.7037
2025-02-02 17:52:10,775 - INFO - Epoch 37: train_loss=0.8506
2025-02-02 17:52:10,910 - INFO - Epoch 37: train_loss=0.9472
2025-02-02 17:52:11,590 - INFO - Epoch 37: val_loss=1.8863, val_acc=33.33%
2025-02-02 17:52:11,593 - INFO - ####################Training epoch 38####################
2025-02-02 17:52:12,264 - INFO - Epoch 38: train_loss=0.8815
2025-02-02 17:52:12,421 - INFO - Epoch 38: train_loss=0.8264
2025-02-02 17:52:12,555 - INFO - Epoch 38: train_loss=0.5673
2025-02-02 17:52:13,233 - INFO - Epoch 38: val_loss=1.8896, val_acc=33.33%
2025-02-02 17:52:13,237 - INFO - ####################Training epoch 39####################
2025-02-02 17:52:13,897 - INFO - Epoch 39: train_loss=0.7923
2025-02-02 17:52:14,054 - INFO - Epoch 39: train_loss=0.8221
2025-02-02 17:52:14,189 - INFO - Epoch 39: train_loss=0.8040
2025-02-02 17:52:14,845 - INFO - Epoch 39: val_loss=1.8901, val_acc=33.33%
2025-02-02 17:52:14,848 - INFO - ####################Training epoch 40####################
2025-02-02 17:52:15,510 - INFO - Epoch 40: train_loss=0.7175
2025-02-02 17:52:15,668 - INFO - Epoch 40: train_loss=0.9422
2025-02-02 17:52:15,802 - INFO - Epoch 40: train_loss=0.6737
2025-02-02 17:52:16,453 - INFO - Epoch 40: val_loss=1.8928, val_acc=33.33%
2025-02-02 17:52:16,457 - INFO - ####################Training epoch 41####################
2025-02-02 17:52:17,114 - INFO - Epoch 41: train_loss=0.8717
2025-02-02 17:52:17,272 - INFO - Epoch 41: train_loss=0.7779
2025-02-02 17:52:17,407 - INFO - Epoch 41: train_loss=0.7095
2025-02-02 17:52:18,096 - INFO - Epoch 41: val_loss=1.8898, val_acc=33.33%
2025-02-02 17:52:18,111 - INFO - ####################Training epoch 42####################
2025-02-02 17:52:18,802 - INFO - Epoch 42: train_loss=0.8485
2025-02-02 17:52:18,959 - INFO - Epoch 42: train_loss=0.7929
2025-02-02 17:52:19,093 - INFO - Epoch 42: train_loss=0.7193
2025-02-02 17:52:19,784 - INFO - Epoch 42: val_loss=1.8948, val_acc=33.33%
2025-02-02 17:52:19,788 - INFO - ####################Training epoch 43####################
2025-02-02 17:52:20,417 - INFO - Epoch 43: train_loss=0.8493
2025-02-02 17:52:20,574 - INFO - Epoch 43: train_loss=0.7457
2025-02-02 17:52:20,709 - INFO - Epoch 43: train_loss=0.8276
2025-02-02 17:52:21,383 - INFO - Epoch 43: val_loss=1.8962, val_acc=33.33%
2025-02-02 17:52:21,387 - INFO - ####################Training epoch 44####################
2025-02-02 17:52:22,052 - INFO - Epoch 44: train_loss=0.8469
2025-02-02 17:52:22,211 - INFO - Epoch 44: train_loss=0.7895
2025-02-02 17:52:22,346 - INFO - Epoch 44: train_loss=0.7238
2025-02-02 17:52:23,076 - INFO - Epoch 44: val_loss=1.8982, val_acc=33.33%
2025-02-02 17:52:23,080 - INFO - ####################Training epoch 45####################
2025-02-02 17:52:23,789 - INFO - Epoch 45: train_loss=0.8197
2025-02-02 17:52:23,947 - INFO - Epoch 45: train_loss=0.9002
2025-02-02 17:52:24,082 - INFO - Epoch 45: train_loss=0.5172
2025-02-02 17:52:24,820 - INFO - Epoch 45: val_loss=1.8975, val_acc=33.33%
2025-02-02 17:52:24,824 - INFO - ####################Training epoch 46####################
2025-02-02 17:52:25,538 - INFO - Epoch 46: train_loss=0.8327
2025-02-02 17:52:25,696 - INFO - Epoch 46: train_loss=0.8494
2025-02-02 17:52:25,831 - INFO - Epoch 46: train_loss=0.6053
2025-02-02 17:52:26,558 - INFO - Epoch 46: val_loss=1.8976, val_acc=33.33%
2025-02-02 17:52:26,563 - INFO - ####################Training epoch 47####################
2025-02-02 17:52:27,310 - INFO - Epoch 47: train_loss=0.7335
2025-02-02 17:52:27,468 - INFO - Epoch 47: train_loss=0.7624
2025-02-02 17:52:27,603 - INFO - Epoch 47: train_loss=1.0834
2025-02-02 17:52:28,354 - INFO - Epoch 47: val_loss=1.8880, val_acc=33.33%
2025-02-02 17:52:28,359 - INFO - ####################Training epoch 48####################
2025-02-02 17:52:29,080 - INFO - Epoch 48: train_loss=0.6566
2025-02-02 17:52:29,238 - INFO - Epoch 48: train_loss=0.8838
2025-02-02 17:52:29,373 - INFO - Epoch 48: train_loss=0.9660
2025-02-02 17:52:30,093 - INFO - Epoch 48: val_loss=1.8915, val_acc=33.33%
2025-02-02 17:52:30,097 - INFO - ####################Training epoch 49####################
2025-02-02 17:52:30,763 - INFO - Epoch 49: train_loss=0.9392
2025-02-02 17:52:30,920 - INFO - Epoch 49: train_loss=0.6983
2025-02-02 17:52:31,054 - INFO - Epoch 49: train_loss=0.7261
2025-02-02 17:52:31,739 - INFO - Epoch 49: val_loss=1.8907, val_acc=33.33%
2025-02-02 17:52:31,743 - INFO - ####################Training epoch 50####################
2025-02-02 17:52:32,406 - INFO - Epoch 50: train_loss=0.6866
2025-02-02 17:52:32,563 - INFO - Epoch 50: train_loss=0.9498
2025-02-02 17:52:32,698 - INFO - Epoch 50: train_loss=0.7205
2025-02-02 17:52:33,376 - INFO - Epoch 50: val_loss=1.8959, val_acc=33.33%
2025-02-02 17:52:33,379 - INFO - ####################Training epoch 51####################
2025-02-02 17:52:34,056 - INFO - Epoch 51: train_loss=0.8685
2025-02-02 17:52:34,213 - INFO - Epoch 51: train_loss=0.8545
2025-02-02 17:52:34,347 - INFO - Epoch 51: train_loss=0.5030
2025-02-02 17:52:35,079 - INFO - Epoch 51: val_loss=1.8897, val_acc=33.33%
2025-02-02 17:52:35,083 - INFO - ####################Training epoch 52####################
2025-02-02 17:52:35,752 - INFO - Epoch 52: train_loss=0.6975
2025-02-02 17:52:35,910 - INFO - Epoch 52: train_loss=0.8552
2025-02-02 17:52:36,044 - INFO - Epoch 52: train_loss=0.9381
2025-02-02 17:52:36,735 - INFO - Epoch 52: val_loss=1.8946, val_acc=33.33%
2025-02-02 17:52:36,739 - INFO - ####################Training epoch 53####################
2025-02-02 17:52:37,419 - INFO - Epoch 53: train_loss=0.7891
2025-02-02 17:52:37,576 - INFO - Epoch 53: train_loss=0.8465
2025-02-02 17:52:37,710 - INFO - Epoch 53: train_loss=0.7227
2025-02-02 17:52:38,419 - INFO - Epoch 53: val_loss=1.8905, val_acc=33.33%
2025-02-02 17:52:38,422 - INFO - ####################Training epoch 54####################
2025-02-02 17:52:39,103 - INFO - Epoch 54: train_loss=0.7719
2025-02-02 17:52:39,261 - INFO - Epoch 54: train_loss=0.8281
2025-02-02 17:52:39,395 - INFO - Epoch 54: train_loss=0.8198
2025-02-02 17:52:40,069 - INFO - Epoch 54: val_loss=1.8898, val_acc=33.33%
2025-02-02 17:52:40,073 - INFO - ####################Training epoch 55####################
2025-02-02 17:52:40,751 - INFO - Epoch 55: train_loss=0.9903
2025-02-02 17:52:40,909 - INFO - Epoch 55: train_loss=0.6485
2025-02-02 17:52:41,043 - INFO - Epoch 55: train_loss=0.7115
2025-02-02 17:52:41,742 - INFO - Epoch 55: val_loss=1.8883, val_acc=33.33%
2025-02-02 17:52:41,746 - INFO - ####################Training epoch 56####################
2025-02-02 17:52:42,426 - INFO - Epoch 56: train_loss=0.8746
2025-02-02 17:52:42,584 - INFO - Epoch 56: train_loss=0.7246
2025-02-02 17:52:42,718 - INFO - Epoch 56: train_loss=0.8137
2025-02-02 17:52:43,433 - INFO - Epoch 56: val_loss=1.8959, val_acc=33.33%
2025-02-02 17:52:43,438 - INFO - ####################Training epoch 57####################
2025-02-02 17:52:44,118 - INFO - Epoch 57: train_loss=0.8164
2025-02-02 17:52:44,275 - INFO - Epoch 57: train_loss=0.7433
2025-02-02 17:52:44,410 - INFO - Epoch 57: train_loss=0.9056
2025-02-02 17:52:45,083 - INFO - Epoch 57: val_loss=1.8896, val_acc=33.33%
2025-02-02 17:52:45,087 - INFO - ####################Training epoch 58####################
2025-02-02 17:52:45,751 - INFO - Epoch 58: train_loss=0.7587
2025-02-02 17:52:45,909 - INFO - Epoch 58: train_loss=0.9276
2025-02-02 17:52:46,043 - INFO - Epoch 58: train_loss=0.5990
2025-02-02 17:52:46,712 - INFO - Epoch 58: val_loss=1.8948, val_acc=33.33%
2025-02-02 17:52:46,716 - INFO - ####################Training epoch 59####################
2025-02-02 17:52:47,386 - INFO - Epoch 59: train_loss=0.7909
2025-02-02 17:52:47,544 - INFO - Epoch 59: train_loss=0.8353
2025-02-02 17:52:47,679 - INFO - Epoch 59: train_loss=0.7401
2025-02-02 17:52:48,361 - INFO - Epoch 59: val_loss=1.8833, val_acc=33.33%
2025-02-02 17:52:48,365 - INFO - ####################Training epoch 60####################
2025-02-02 17:52:49,013 - INFO - Epoch 60: train_loss=0.9208
2025-02-02 17:52:49,170 - INFO - Epoch 60: train_loss=0.7157
2025-02-02 17:52:49,305 - INFO - Epoch 60: train_loss=0.7319
2025-02-02 17:52:49,978 - INFO - Epoch 60: val_loss=1.8933, val_acc=33.33%
2025-02-02 17:52:49,982 - INFO - ####################Training epoch 61####################
2025-02-02 17:52:50,671 - INFO - Epoch 61: train_loss=0.8707
2025-02-02 17:52:50,828 - INFO - Epoch 61: train_loss=0.7713
2025-02-02 17:52:50,963 - INFO - Epoch 61: train_loss=0.7056
2025-02-02 17:52:51,669 - INFO - Epoch 61: val_loss=1.8951, val_acc=33.33%
2025-02-02 17:52:51,673 - INFO - ####################Training epoch 62####################
2025-02-02 17:52:52,319 - INFO - Epoch 62: train_loss=0.7998
2025-02-02 17:52:52,478 - INFO - Epoch 62: train_loss=0.9243
2025-02-02 17:52:52,613 - INFO - Epoch 62: train_loss=0.5015
2025-02-02 17:52:53,312 - INFO - Epoch 62: val_loss=1.8927, val_acc=33.33%
2025-02-02 17:52:53,316 - INFO - ####################Training epoch 63####################
2025-02-02 17:52:53,996 - INFO - Epoch 63: train_loss=0.6420
2025-02-02 17:52:54,153 - INFO - Epoch 63: train_loss=1.0739
2025-02-02 17:52:54,288 - INFO - Epoch 63: train_loss=0.5139
2025-02-02 17:52:54,979 - INFO - Epoch 63: val_loss=1.8892, val_acc=33.33%
2025-02-02 17:52:54,983 - INFO - ####################Training epoch 64####################
2025-02-02 17:52:55,628 - INFO - Epoch 64: train_loss=0.7010
2025-02-02 17:52:55,786 - INFO - Epoch 64: train_loss=0.9213
2025-02-02 17:52:55,921 - INFO - Epoch 64: train_loss=0.7571
2025-02-02 17:52:56,619 - INFO - Epoch 64: val_loss=1.8897, val_acc=33.33%
2025-02-02 17:52:56,623 - INFO - ####################Training epoch 65####################
2025-02-02 17:52:57,278 - INFO - Epoch 65: train_loss=0.7616
2025-02-02 17:52:57,436 - INFO - Epoch 65: train_loss=0.9500
2025-02-02 17:52:57,570 - INFO - Epoch 65: train_loss=0.5321
2025-02-02 17:52:58,274 - INFO - Epoch 65: val_loss=1.8953, val_acc=33.33%
2025-02-02 17:52:58,278 - INFO - ####################Training epoch 66####################
2025-02-02 17:52:58,937 - INFO - Epoch 66: train_loss=0.8040
2025-02-02 17:52:59,095 - INFO - Epoch 66: train_loss=0.7023
2025-02-02 17:52:59,229 - INFO - Epoch 66: train_loss=1.0331
2025-02-02 17:52:59,905 - INFO - Epoch 66: val_loss=1.8940, val_acc=33.33%
2025-02-02 17:52:59,909 - INFO - ####################Training epoch 67####################
2025-02-02 17:53:00,593 - INFO - Epoch 67: train_loss=0.8333
2025-02-02 17:53:00,751 - INFO - Epoch 67: train_loss=0.7672
2025-02-02 17:53:00,885 - INFO - Epoch 67: train_loss=0.8065
2025-02-02 17:53:01,576 - INFO - Epoch 67: val_loss=1.8985, val_acc=33.33%
2025-02-02 17:53:01,579 - INFO - ####################Training epoch 68####################
2025-02-02 17:53:02,286 - INFO - Epoch 68: train_loss=0.7704
2025-02-02 17:53:02,445 - INFO - Epoch 68: train_loss=0.8178
2025-02-02 17:53:02,580 - INFO - Epoch 68: train_loss=0.8406
2025-02-02 17:53:03,285 - INFO - Epoch 68: val_loss=1.8963, val_acc=33.33%
2025-02-02 17:53:03,289 - INFO - ####################Training epoch 69####################
2025-02-02 17:53:03,969 - INFO - Epoch 69: train_loss=0.8470
2025-02-02 17:53:04,126 - INFO - Epoch 69: train_loss=0.6926
2025-02-02 17:53:04,260 - INFO - Epoch 69: train_loss=0.9571
2025-02-02 17:53:04,956 - INFO - Epoch 69: val_loss=1.8934, val_acc=33.33%
2025-02-02 17:53:04,960 - INFO - ####################Training epoch 70####################
2025-02-02 17:53:05,641 - INFO - Epoch 70: train_loss=0.7716
2025-02-02 17:53:05,800 - INFO - Epoch 70: train_loss=0.7857
2025-02-02 17:53:05,935 - INFO - Epoch 70: train_loss=0.9142
2025-02-02 17:53:06,632 - INFO - Epoch 70: val_loss=1.8970, val_acc=33.33%
2025-02-02 17:53:06,635 - INFO - ####################Training epoch 71####################
2025-02-02 17:53:07,286 - INFO - Epoch 71: train_loss=0.6495
2025-02-02 17:53:07,443 - INFO - Epoch 71: train_loss=0.9634
2025-02-02 17:53:07,577 - INFO - Epoch 71: train_loss=0.7669
2025-02-02 17:53:08,263 - INFO - Epoch 71: val_loss=1.8948, val_acc=33.33%
2025-02-02 17:53:08,266 - INFO - ####################Training epoch 72####################
2025-02-02 17:53:09,003 - INFO - Epoch 72: train_loss=0.9658
2025-02-02 17:53:09,161 - INFO - Epoch 72: train_loss=0.7237
2025-02-02 17:53:09,295 - INFO - Epoch 72: train_loss=0.5774
2025-02-02 17:53:09,985 - INFO - Epoch 72: val_loss=1.8960, val_acc=33.33%
2025-02-02 17:53:09,989 - INFO - ####################Training epoch 73####################
2025-02-02 17:53:10,675 - INFO - Epoch 73: train_loss=0.7186
2025-02-02 17:53:10,833 - INFO - Epoch 73: train_loss=0.8954
2025-02-02 17:53:10,968 - INFO - Epoch 73: train_loss=0.7752
2025-02-02 17:53:11,640 - INFO - Epoch 73: val_loss=1.8874, val_acc=33.33%
2025-02-02 17:53:11,644 - INFO - ####################Training epoch 74####################
2025-02-02 17:53:12,328 - INFO - Epoch 74: train_loss=0.8132
2025-02-02 17:53:12,486 - INFO - Epoch 74: train_loss=0.8133
2025-02-02 17:53:12,620 - INFO - Epoch 74: train_loss=0.7538
2025-02-02 17:53:13,297 - INFO - Epoch 74: val_loss=1.8993, val_acc=33.33%
2025-02-02 17:53:13,301 - INFO - ####################Training epoch 75####################
2025-02-02 17:53:13,978 - INFO - Epoch 75: train_loss=0.9124
2025-02-02 17:53:14,136 - INFO - Epoch 75: train_loss=0.6463
2025-02-02 17:53:14,271 - INFO - Epoch 75: train_loss=0.9250
2025-02-02 17:53:14,947 - INFO - Epoch 75: val_loss=1.8968, val_acc=33.33%
2025-02-02 17:53:14,951 - INFO - ####################Training epoch 76####################
2025-02-02 17:53:15,642 - INFO - Epoch 76: train_loss=0.8493
2025-02-02 17:53:15,801 - INFO - Epoch 76: train_loss=0.7715
2025-02-02 17:53:15,936 - INFO - Epoch 76: train_loss=0.7699
2025-02-02 17:53:16,647 - INFO - Epoch 76: val_loss=1.8886, val_acc=33.33%
2025-02-02 17:53:16,660 - INFO - ####################Training epoch 77####################
2025-02-02 17:53:17,352 - INFO - Epoch 77: train_loss=0.7153
2025-02-02 17:53:17,510 - INFO - Epoch 77: train_loss=0.8398
2025-02-02 17:53:17,644 - INFO - Epoch 77: train_loss=0.9305
2025-02-02 17:53:18,314 - INFO - Epoch 77: val_loss=1.9040, val_acc=33.33%
2025-02-02 17:53:18,318 - INFO - ####################Training epoch 78####################
2025-02-02 17:53:18,982 - INFO - Epoch 78: train_loss=0.8067
2025-02-02 17:53:19,140 - INFO - Epoch 78: train_loss=0.8067
2025-02-02 17:53:19,274 - INFO - Epoch 78: train_loss=0.7779
2025-02-02 17:53:19,978 - INFO - Epoch 78: val_loss=1.8972, val_acc=33.33%
2025-02-02 17:53:19,982 - INFO - ####################Training epoch 79####################
2025-02-02 17:53:20,670 - INFO - Epoch 79: train_loss=0.8426
2025-02-02 17:53:20,828 - INFO - Epoch 79: train_loss=0.7469
2025-02-02 17:53:20,963 - INFO - Epoch 79: train_loss=0.8353
2025-02-02 17:53:21,670 - INFO - Epoch 79: val_loss=1.8970, val_acc=33.33%
2025-02-02 17:53:21,674 - INFO - ####################Training epoch 80####################
2025-02-02 17:53:22,335 - INFO - Epoch 80: train_loss=0.8273
2025-02-02 17:53:22,493 - INFO - Epoch 80: train_loss=0.8098
2025-02-02 17:53:22,628 - INFO - Epoch 80: train_loss=0.7166
2025-02-02 17:53:23,304 - INFO - Epoch 80: val_loss=1.8976, val_acc=33.33%
2025-02-02 17:53:23,308 - INFO - ####################Training epoch 81####################
2025-02-02 17:53:23,959 - INFO - Epoch 81: train_loss=0.8627
2025-02-02 17:53:24,117 - INFO - Epoch 81: train_loss=0.8151
2025-02-02 17:53:24,252 - INFO - Epoch 81: train_loss=0.6084
2025-02-02 17:53:24,947 - INFO - Epoch 81: val_loss=1.8940, val_acc=33.33%
2025-02-02 17:53:24,951 - INFO - ####################Training epoch 82####################
2025-02-02 17:53:25,668 - INFO - Epoch 82: train_loss=0.8706
2025-02-02 17:53:25,826 - INFO - Epoch 82: train_loss=0.6861
2025-02-02 17:53:25,961 - INFO - Epoch 82: train_loss=0.9052
2025-02-02 17:53:26,667 - INFO - Epoch 82: val_loss=1.8939, val_acc=33.33%
2025-02-02 17:53:26,671 - INFO - ####################Training epoch 83####################
2025-02-02 17:53:27,354 - INFO - Epoch 83: train_loss=0.8215
2025-02-02 17:53:27,511 - INFO - Epoch 83: train_loss=0.6295
2025-02-02 17:53:27,647 - INFO - Epoch 83: train_loss=1.1833
2025-02-02 17:53:28,320 - INFO - Epoch 83: val_loss=1.8955, val_acc=33.33%
2025-02-02 17:53:28,324 - INFO - ####################Training epoch 84####################
2025-02-02 17:53:28,996 - INFO - Epoch 84: train_loss=0.8377
2025-02-02 17:53:29,154 - INFO - Epoch 84: train_loss=0.7757
2025-02-02 17:53:29,289 - INFO - Epoch 84: train_loss=0.7765
2025-02-02 17:53:29,957 - INFO - Epoch 84: val_loss=1.8964, val_acc=33.33%
2025-02-02 17:53:29,961 - INFO - ####################Training epoch 85####################
2025-02-02 17:53:30,648 - INFO - Epoch 85: train_loss=0.7667
2025-02-02 17:53:30,806 - INFO - Epoch 85: train_loss=0.8546
2025-02-02 17:53:30,941 - INFO - Epoch 85: train_loss=0.7541
2025-02-02 17:53:31,628 - INFO - Epoch 85: val_loss=1.8896, val_acc=33.33%
2025-02-02 17:53:31,631 - INFO - ####################Training epoch 86####################
2025-02-02 17:53:32,315 - INFO - Epoch 86: train_loss=0.6823
2025-02-02 17:53:32,473 - INFO - Epoch 86: train_loss=0.7754
2025-02-02 17:53:32,608 - INFO - Epoch 86: train_loss=1.1569
2025-02-02 17:53:33,322 - INFO - Epoch 86: val_loss=1.8991, val_acc=33.33%
2025-02-02 17:53:33,326 - INFO - ####################Training epoch 87####################
2025-02-02 17:53:34,027 - INFO - Epoch 87: train_loss=0.9260
2025-02-02 17:53:34,185 - INFO - Epoch 87: train_loss=0.6093
2025-02-02 17:53:34,320 - INFO - Epoch 87: train_loss=0.9799
2025-02-02 17:53:35,003 - INFO - Epoch 87: val_loss=1.8913, val_acc=33.33%
2025-02-02 17:53:35,006 - INFO - ####################Training epoch 88####################
2025-02-02 17:53:35,658 - INFO - Epoch 88: train_loss=0.7893
2025-02-02 17:53:35,816 - INFO - Epoch 88: train_loss=0.8461
2025-02-02 17:53:35,951 - INFO - Epoch 88: train_loss=0.7218
2025-02-02 17:53:36,672 - INFO - Epoch 88: val_loss=1.8967, val_acc=33.33%
2025-02-02 17:53:36,676 - INFO - ####################Training epoch 89####################
2025-02-02 17:53:37,386 - INFO - Epoch 89: train_loss=0.8951
2025-02-02 17:53:37,545 - INFO - Epoch 89: train_loss=0.8262
2025-02-02 17:53:37,680 - INFO - Epoch 89: train_loss=0.5096
2025-02-02 17:53:38,351 - INFO - Epoch 89: val_loss=1.8948, val_acc=33.33%
2025-02-02 17:53:38,355 - INFO - ####################Training epoch 90####################
2025-02-02 17:53:39,041 - INFO - Epoch 90: train_loss=0.8487
2025-02-02 17:53:39,199 - INFO - Epoch 90: train_loss=0.6678
2025-02-02 17:53:39,333 - INFO - Epoch 90: train_loss=0.9986
2025-02-02 17:53:40,026 - INFO - Epoch 90: val_loss=1.8997, val_acc=33.33%
2025-02-02 17:53:40,029 - INFO - ####################Training epoch 91####################
2025-02-02 17:53:40,692 - INFO - Epoch 91: train_loss=0.7654
2025-02-02 17:53:40,850 - INFO - Epoch 91: train_loss=0.7682
2025-02-02 17:53:40,985 - INFO - Epoch 91: train_loss=0.9832
2025-02-02 17:53:41,656 - INFO - Epoch 91: val_loss=1.8969, val_acc=33.33%
2025-02-02 17:53:41,660 - INFO - ####################Training epoch 92####################
2025-02-02 17:53:42,398 - INFO - Epoch 92: train_loss=0.8694
2025-02-02 17:53:42,555 - INFO - Epoch 92: train_loss=0.8074
2025-02-02 17:53:42,690 - INFO - Epoch 92: train_loss=0.6223
2025-02-02 17:53:43,394 - INFO - Epoch 92: val_loss=1.8968, val_acc=33.33%
2025-02-02 17:53:43,398 - INFO - ####################Training epoch 93####################
2025-02-02 17:53:44,079 - INFO - Epoch 93: train_loss=0.8866
2025-02-02 17:53:44,236 - INFO - Epoch 93: train_loss=0.7860
2025-02-02 17:53:44,370 - INFO - Epoch 93: train_loss=0.6259
2025-02-02 17:53:45,073 - INFO - Epoch 93: val_loss=1.8977, val_acc=33.33%
2025-02-02 17:53:45,077 - INFO - ####################Training epoch 94####################
2025-02-02 17:53:45,727 - INFO - Epoch 94: train_loss=0.7472
2025-02-02 17:53:45,885 - INFO - Epoch 94: train_loss=0.8203
2025-02-02 17:53:46,020 - INFO - Epoch 94: train_loss=0.8820
2025-02-02 17:53:46,712 - INFO - Epoch 94: val_loss=1.8912, val_acc=33.33%
2025-02-02 17:53:46,715 - INFO - ####################Training epoch 95####################
2025-02-02 17:53:47,402 - INFO - Epoch 95: train_loss=0.6913
2025-02-02 17:53:47,559 - INFO - Epoch 95: train_loss=0.8633
2025-02-02 17:53:47,694 - INFO - Epoch 95: train_loss=0.9306
2025-02-02 17:53:48,383 - INFO - Epoch 95: val_loss=1.8972, val_acc=33.33%
2025-02-02 17:53:48,386 - INFO - ####################Training epoch 96####################
2025-02-02 17:53:49,075 - INFO - Epoch 96: train_loss=0.7643
2025-02-02 17:53:49,232 - INFO - Epoch 96: train_loss=0.9274
2025-02-02 17:53:49,367 - INFO - Epoch 96: train_loss=0.5710
2025-02-02 17:53:50,044 - INFO - Epoch 96: val_loss=1.8966, val_acc=33.33%
2025-02-02 17:53:50,048 - INFO - ####################Training epoch 97####################
2025-02-02 17:53:50,786 - INFO - Epoch 97: train_loss=0.7930
2025-02-02 17:53:50,945 - INFO - Epoch 97: train_loss=0.8663
2025-02-02 17:53:51,080 - INFO - Epoch 97: train_loss=0.6530
2025-02-02 17:53:51,793 - INFO - Epoch 97: val_loss=1.8916, val_acc=33.33%
2025-02-02 17:53:51,797 - INFO - ####################Training epoch 98####################
2025-02-02 17:53:52,487 - INFO - Epoch 98: train_loss=0.6944
2025-02-02 17:53:52,645 - INFO - Epoch 98: train_loss=0.9325
2025-02-02 17:53:52,780 - INFO - Epoch 98: train_loss=0.7346
2025-02-02 17:53:53,493 - INFO - Epoch 98: val_loss=1.8980, val_acc=33.33%
2025-02-02 17:53:53,496 - INFO - ####################Training epoch 99####################
2025-02-02 17:53:54,182 - INFO - Epoch 99: train_loss=0.7207
2025-02-02 17:53:54,341 - INFO - Epoch 99: train_loss=0.8532
2025-02-02 17:53:54,475 - INFO - Epoch 99: train_loss=0.8668
2025-02-02 17:53:55,144 - INFO - Epoch 99: val_loss=1.8924, val_acc=33.33%
2025-02-02 17:53:55,539 - INFO - Model saved.
